Using device: cuda:0

Training files: ['df_03.parquet', 'df_05.parquet', 'df_07.parquet', 'df_09.parquet', 'df_11.parquet', 'df_13.parquet', 'df_19.parquet', 'df_23.parquet', 'df_25.parquet', 'df_27.parquet', 'df_29.parquet']
Validation files: ['df_01.parquet', 'df_15.parquet', 'df_17.parquet']
Testing file: df_21.parquet

Training data shape: (203297, 7)
Validation data shape: (60224, 7)
Testing data shape: (23172, 7)

Features scaled using StandardScaler

Model architecture:
SOHLSTM(
  (lstm): LSTM(3, 128, num_layers=3, batch_first=True, dropout=0.5)
  (fc_layers): Sequential(
    (0): Linear(in_features=128, out_features=64, bias=True)
    (1): LeakyReLU(negative_slope=0.01)
    (2): Dropout(p=0.5, inplace=False)
    (3): Linear(in_features=64, out_features=1, bias=True)
  )
)
Total parameters: 340609

Start training...
Epoch 1/200 | Training Loss: 3.594e-01 | Validation Loss: 3.492e-01 | LR: 1.00e-04
Epoch 2/200 | Training Loss: 2.002e-01 | Validation Loss: 1.795e-01 | LR: 1.00e-04
Epoch 3/200 | Training Loss: 1.288e-01 | Validation Loss: 1.321e-01 | LR: 1.00e-04
Epoch 4/200 | Training Loss: 1.121e-01 | Validation Loss: 1.095e-01 | LR: 1.00e-04
Epoch 5/200 | Training Loss: 1.094e-01 | Validation Loss: 7.589e-02 | LR: 1.00e-04
Epoch 6/200 | Training Loss: 8.509e-02 | Validation Loss: 7.767e-02 | LR: 1.00e-04
Epoch 7/200 | Training Loss: 6.487e-02 | Validation Loss: 7.010e-02 | LR: 1.00e-04
Epoch 8/200 | Training Loss: 6.032e-02 | Validation Loss: 8.605e-02 | LR: 1.00e-04
Epoch 9/200 | Training Loss: 5.380e-02 | Validation Loss: 7.498e-02 | LR: 1.00e-04
Epoch 10/200 | Training Loss: 5.008e-02 | Validation Loss: 6.582e-02 | LR: 1.00e-04
Epoch 11/200 | Training Loss: 4.304e-02 | Validation Loss: 9.978e-02 | LR: 1.00e-04
Epoch 12/200 | Training Loss: 4.255e-02 | Validation Loss: 1.061e-01 | LR: 1.00e-04
Epoch 13/200 | Training Loss: 3.786e-02 | Validation Loss: 9.245e-02 | LR: 1.00e-04
Epoch 14/200 | Training Loss: 3.645e-02 | Validation Loss: 7.952e-02 | LR: 1.00e-04
Epoch 15/200 | Training Loss: 3.414e-02 | Validation Loss: 9.452e-02 | LR: 1.00e-04
Epoch 16/200 | Training Loss: 3.276e-02 | Validation Loss: 9.971e-02 | LR: 5.00e-05
Epoch 17/200 | Training Loss: 2.891e-02 | Validation Loss: 6.959e-02 | LR: 5.00e-05
Epoch 18/200 | Training Loss: 2.813e-02 | Validation Loss: 1.038e-01 | LR: 5.00e-05
Epoch 19/200 | Training Loss: 2.749e-02 | Validation Loss: 8.737e-02 | LR: 5.00e-05
Epoch 20/200 | Training Loss: 2.752e-02 | Validation Loss: 9.572e-02 | LR: 5.00e-05
Epoch 21/200 | Training Loss: 2.646e-02 | Validation Loss: 1.124e-01 | LR: 5.00e-05
Epoch 22/200 | Training Loss: 2.585e-02 | Validation Loss: 9.601e-02 | LR: 2.50e-05
Epoch 23/200 | Training Loss: 2.371e-02 | Validation Loss: 1.059e-01 | LR: 2.50e-05
Epoch 24/200 | Training Loss: 2.312e-02 | Validation Loss: 1.003e-01 | LR: 2.50e-05
Epoch 25/200 | Training Loss: 2.281e-02 | Validation Loss: 9.871e-02 | LR: 2.50e-05
Epoch 26/200 | Training Loss: 2.197e-02 | Validation Loss: 1.005e-01 | LR: 2.50e-05
Epoch 27/200 | Training Loss: 2.188e-02 | Validation Loss: 1.156e-01 | LR: 2.50e-05
Epoch 28/200 | Training Loss: 2.166e-02 | Validation Loss: 9.756e-02 | LR: 1.25e-05
Epoch 29/200 | Training Loss: 2.054e-02 | Validation Loss: 1.010e-01 | LR: 1.25e-05
Epoch 30/200 | Training Loss: 2.063e-02 | Validation Loss: 1.027e-01 | LR: 1.25e-05
Early stopping triggered after 30 epochs!

Evaluating the model on the testing set...
RMSE: 0.2051
MAE: 0.1851
R²: 0.8887
