2025-08-11 18:34:19,542 - INFO - ==== Incremental Training (Adapter + KL-dynamic schedules) ====
2025-08-11 18:35:47,833 - INFO - Incremental training - Task 0 Train IDs: ['03', '27', '05', '21', '11'], size: 107395
2025-08-11 18:35:47,837 - INFO - Incremental training - Task 0 Val IDs: ['01'], size: 20028
2025-08-11 18:35:47,841 - INFO - Incremental training - Test Task 0 size: 8584
2025-08-11 18:35:47,846 - INFO - Incremental training - Task 1 Train IDs: ['09', '29', '25'], size: 41175
2025-08-11 18:35:47,849 - INFO - Incremental training - Task 1 Val IDs: ['19'], size: 16183
2025-08-11 18:35:47,854 - INFO - Incremental training - Test Task 1 size: 6937
2025-08-11 18:35:47,858 - INFO - Incremental training - Task 2 Train IDs: ['15', '07', '23'], size: 57074
2025-08-11 18:35:47,862 - INFO - Incremental training - Task 2 Val IDs: ['13'], size: 4511
2025-08-11 18:35:47,863 - INFO - Incremental training - Test Task 2 size: 1934
2025-08-11 18:35:47,875 - INFO -   (Scaler) Scaler centers: [ 3.3374245   0.101279   27.50083333]
2025-08-11 18:35:47,916 - INFO -   (Scaler) Scaler scales: [0.18253608 1.77971742 1.05683333]
2025-08-11 18:35:48,517 - INFO - ========== Model Structure ==========
2025-08-11 18:35:48,518 - INFO - 
SOHLSTMAdapter(
  (lstm): LSTM(3, 128, num_layers=2, batch_first=True, dropout=0.3)
  (ln): LayerNorm((128,), eps=1e-05, elementwise_affine=True)
  (adapter): Adapter(
    (down): Linear(in_features=128, out_features=32, bias=False)
    (act): LeakyReLU(negative_slope=0.01)
    (drop): Dropout(p=0.1, inplace=False)
    (up): Linear(in_features=32, out_features=128, bias=False)
  )
  (head): Sequential(
    (0): Linear(in_features=128, out_features=64, bias=True)
    (1): LeakyReLU(negative_slope=0.01)
    (2): Dropout(p=0.3, inplace=False)
    (3): Linear(in_features=64, out_features=1, bias=True)
  )
)
2025-08-11 18:35:48,520 - INFO - =====================================
2025-08-11 18:35:48,521 - INFO - ====== Model Parameters Details ======
2025-08-11 18:35:48,522 - INFO - lstm.weight_ih_l0                                  | trainable |     1536 params
2025-08-11 18:35:48,523 - INFO - lstm.weight_hh_l0                                  | trainable |    65536 params
2025-08-11 18:35:48,524 - INFO - lstm.bias_ih_l0                                    | trainable |      512 params
2025-08-11 18:35:48,527 - INFO - lstm.bias_hh_l0                                    | trainable |      512 params
2025-08-11 18:35:48,529 - INFO - lstm.weight_ih_l1                                  | trainable |    65536 params
2025-08-11 18:35:48,533 - INFO - lstm.weight_hh_l1                                  | trainable |    65536 params
2025-08-11 18:35:48,536 - INFO - lstm.bias_ih_l1                                    | trainable |      512 params
2025-08-11 18:35:48,539 - INFO - lstm.bias_hh_l1                                    | trainable |      512 params
2025-08-11 18:35:48,543 - INFO - ln.weight                                          | trainable |      128 params
2025-08-11 18:35:48,545 - INFO - ln.bias                                            | trainable |      128 params
2025-08-11 18:35:48,546 - INFO - adapter.down.weight                                | trainable |     4096 params
2025-08-11 18:35:48,549 - INFO - adapter.up.weight                                  | trainable |     4096 params
2025-08-11 18:35:48,552 - INFO - head.0.weight                                      | trainable |     8192 params
2025-08-11 18:35:48,555 - INFO - head.0.bias                                        | trainable |       64 params
2025-08-11 18:35:48,559 - INFO - head.3.weight                                      | trainable |       64 params
2025-08-11 18:35:48,563 - INFO - head.3.bias                                        | trainable |        1 params
2025-08-11 18:35:48,566 - INFO - --------------------------------------------------------------------------------
2025-08-11 18:35:48,571 - INFO - Total params:                                          216961 params (only trainable)
2025-08-11 18:35:48,574 - INFO - =====================================
2025-08-11 18:35:48,576 - INFO - --- task0 ---
2025-08-11 18:38:26,130 - INFO - Task 0: skip KL calibration; KD/SI disabled; adapter_baseline=0.000
2025-08-11 18:38:26,134 - INFO - Task 0 | KL=0.000000 -> alpha=0.0000, lambda=0.0000, adapter=0.000
2025-08-11 18:40:10,449 - INFO - Ep 000 | train=2.8601e-02 val=1.4318e-03 | task=2.8601e-02 kd=0.0000e+00 si=0.0000e+00 | KL=0.0000 a=0.000 l=0.000 ad=0.000 | lr=1.00e-04 | 104.3s
2025-08-11 18:41:54,291 - INFO - Ep 001 | train=6.8514e-03 val=1.2918e-03 | task=6.8514e-03 kd=0.0000e+00 si=0.0000e+00 | KL=0.0000 a=0.000 l=0.000 ad=0.000 | lr=1.00e-04 | 103.8s
2025-08-11 18:43:43,488 - INFO - Ep 002 | train=5.2833e-03 val=1.1261e-03 | task=5.2833e-03 kd=0.0000e+00 si=0.0000e+00 | KL=0.0000 a=0.000 l=0.000 ad=0.000 | lr=1.00e-04 | 109.2s
2025-08-11 18:45:31,083 - INFO - Ep 003 | train=4.2833e-03 val=5.0089e-04 | task=4.2833e-03 kd=0.0000e+00 si=0.0000e+00 | KL=0.0000 a=0.000 l=0.000 ad=0.000 | lr=1.00e-04 | 107.6s
2025-08-11 18:47:19,770 - INFO - Ep 004 | train=2.9158e-03 val=2.8231e-04 | task=2.9158e-03 kd=0.0000e+00 si=0.0000e+00 | KL=0.0000 a=0.000 l=0.000 ad=0.000 | lr=1.00e-04 | 108.6s
2025-08-11 18:49:14,169 - INFO - Ep 005 | train=2.1275e-03 val=2.1855e-04 | task=2.1275e-03 kd=0.0000e+00 si=0.0000e+00 | KL=0.0000 a=0.000 l=0.000 ad=0.000 | lr=1.00e-04 | 114.3s
2025-08-11 18:51:03,212 - INFO - Ep 006 | train=1.5249e-03 val=3.1923e-04 | task=1.5249e-03 kd=0.0000e+00 si=0.0000e+00 | KL=0.0000 a=0.000 l=0.000 ad=0.000 | lr=1.00e-04 | 109.0s
2025-08-11 18:52:56,124 - INFO - Ep 007 | train=1.0934e-03 val=3.1499e-04 | task=1.0934e-03 kd=0.0000e+00 si=0.0000e+00 | KL=0.0000 a=0.000 l=0.000 ad=0.000 | lr=1.00e-04 | 112.9s
2025-08-11 18:54:44,506 - INFO - Ep 008 | train=8.2022e-04 val=2.1694e-04 | task=8.2022e-04 kd=0.0000e+00 si=0.0000e+00 | KL=0.0000 a=0.000 l=0.000 ad=0.000 | lr=1.00e-04 | 108.4s
2025-08-11 18:56:33,578 - INFO - Ep 009 | train=7.1865e-04 val=3.1428e-04 | task=7.1865e-04 kd=0.0000e+00 si=0.0000e+00 | KL=0.0000 a=0.000 l=0.000 ad=0.000 | lr=1.00e-04 | 109.0s
2025-08-11 18:58:22,959 - INFO - Ep 010 | train=6.6881e-04 val=2.4628e-04 | task=6.6881e-04 kd=0.0000e+00 si=0.0000e+00 | KL=0.0000 a=0.000 l=0.000 ad=0.000 | lr=1.00e-04 | 109.4s
2025-08-11 19:00:16,010 - INFO - Ep 011 | train=5.2107e-04 val=2.7020e-04 | task=5.2107e-04 kd=0.0000e+00 si=0.0000e+00 | KL=0.0000 a=0.000 l=0.000 ad=0.000 | lr=1.00e-04 | 113.1s
2025-08-11 19:02:04,295 - INFO - Ep 012 | train=4.7219e-04 val=2.4147e-04 | task=4.7219e-04 kd=0.0000e+00 si=0.0000e+00 | KL=0.0000 a=0.000 l=0.000 ad=0.000 | lr=1.00e-04 | 108.3s
2025-08-11 19:03:52,229 - INFO - Ep 013 | train=2.7875e-04 val=4.0440e-04 | task=2.7875e-04 kd=0.0000e+00 si=0.0000e+00 | KL=0.0000 a=0.000 l=0.000 ad=0.000 | lr=1.00e-04 | 107.9s
2025-08-11 19:05:45,058 - INFO - Ep 014 | train=2.2224e-04 val=2.9275e-04 | task=2.2224e-04 kd=0.0000e+00 si=0.0000e+00 | KL=0.0000 a=0.000 l=0.000 ad=0.000 | lr=1.00e-04 | 112.7s
2025-08-11 19:07:34,420 - INFO - Ep 015 | train=1.6809e-04 val=3.4157e-04 | task=1.6809e-04 kd=0.0000e+00 si=0.0000e+00 | KL=0.0000 a=0.000 l=0.000 ad=0.000 | lr=5.00e-05 | 109.4s
2025-08-11 19:09:22,757 - INFO - Ep 016 | train=1.5110e-04 val=5.3062e-04 | task=1.5110e-04 kd=0.0000e+00 si=0.0000e+00 | KL=0.0000 a=0.000 l=0.000 ad=0.000 | lr=5.00e-05 | 108.3s
2025-08-11 19:11:13,511 - INFO - Ep 017 | train=1.3847e-04 val=6.7201e-04 | task=1.3847e-04 kd=0.0000e+00 si=0.0000e+00 | KL=0.0000 a=0.000 l=0.000 ad=0.000 | lr=5.00e-05 | 110.7s
2025-08-11 19:13:01,628 - INFO - Ep 018 | train=1.2070e-04 val=8.9229e-04 | task=1.2070e-04 kd=0.0000e+00 si=0.0000e+00 | KL=0.0000 a=0.000 l=0.000 ad=0.000 | lr=5.00e-05 | 108.1s
2025-08-11 19:14:51,349 - INFO - Ep 019 | train=1.1339e-04 val=7.6506e-04 | task=1.1339e-04 kd=0.0000e+00 si=0.0000e+00 | KL=0.0000 a=0.000 l=0.000 ad=0.000 | lr=5.00e-05 | 109.7s
2025-08-11 19:16:39,879 - INFO - Ep 020 | train=1.0679e-04 val=8.7116e-04 | task=1.0679e-04 kd=0.0000e+00 si=0.0000e+00 | KL=0.0000 a=0.000 l=0.000 ad=0.000 | lr=5.00e-05 | 108.5s
2025-08-11 19:18:30,567 - INFO - Ep 021 | train=9.3330e-05 val=9.6013e-04 | task=9.3330e-05 kd=0.0000e+00 si=0.0000e+00 | KL=0.0000 a=0.000 l=0.000 ad=0.000 | lr=2.50e-05 | 110.7s
2025-08-11 19:20:26,482 - INFO - Ep 022 | train=9.0955e-05 val=1.0114e-03 | task=9.0955e-05 kd=0.0000e+00 si=0.0000e+00 | KL=0.0000 a=0.000 l=0.000 ad=0.000 | lr=2.50e-05 | 115.9s
2025-08-11 19:22:21,407 - INFO - Ep 023 | train=8.7879e-05 val=8.4020e-04 | task=8.7879e-05 kd=0.0000e+00 si=0.0000e+00 | KL=0.0000 a=0.000 l=0.000 ad=0.000 | lr=2.50e-05 | 114.9s
2025-08-11 19:24:15,534 - INFO - Ep 024 | train=8.5790e-05 val=1.0820e-03 | task=8.5790e-05 kd=0.0000e+00 si=0.0000e+00 | KL=0.0000 a=0.000 l=0.000 ad=0.000 | lr=2.50e-05 | 114.1s
2025-08-11 19:26:03,730 - INFO - Ep 025 | train=8.2942e-05 val=9.8463e-04 | task=8.2942e-05 kd=0.0000e+00 si=0.0000e+00 | KL=0.0000 a=0.000 l=0.000 ad=0.000 | lr=2.50e-05 | 108.2s
2025-08-11 19:27:52,485 - INFO - Ep 026 | train=8.4349e-05 val=1.0629e-03 | task=8.4349e-05 kd=0.0000e+00 si=0.0000e+00 | KL=0.0000 a=0.000 l=0.000 ad=0.000 | lr=2.50e-05 | 108.8s
2025-08-11 19:29:40,525 - INFO - Ep 027 | train=7.8022e-05 val=1.2929e-03 | task=7.8022e-05 kd=0.0000e+00 si=0.0000e+00 | KL=0.0000 a=0.000 l=0.000 ad=0.000 | lr=1.25e-05 | 108.0s
2025-08-11 19:31:33,531 - INFO - Ep 028 | train=7.5137e-05 val=1.2522e-03 | task=7.5137e-05 kd=0.0000e+00 si=0.0000e+00 | KL=0.0000 a=0.000 l=0.000 ad=0.000 | lr=1.25e-05 | 113.0s
2025-08-11 19:31:33,533 - INFO - Early stopping at epoch 28
2025-08-11 19:31:33,869 - INFO - Task 0 consolidated: teacher and KL reference updated.
2025-08-11 19:31:40,064 - INFO - Task 0 completed.
2025-08-11 19:31:40,067 - INFO - --- task1 ---
2025-08-11 19:35:11,470 - INFO - [Auto-Calibrate] KL50=51.3148 KL60=51.3148 KL75=51.3149 KL90=51.3149 | alpha_max=1.000 alpha_c=0.014 | lam_base=1.000 lam_c=0.014 | adapt_k=29090.37 adapt_tau=51.315
2025-08-11 19:35:53,599 - INFO - Task 1 | KL=51.314682 -> alpha=0.5000, lambda=0.5000, adapter=0.003
2025-08-11 19:36:48,324 - INFO - Ep 000 | train=5.9715e-03 val=8.1104e-03 | task=3.0814e-03 kd=2.7257e-03 si=3.0546e-03 | KL=51.3147 a=0.500 l=0.500 ad=0.003 | lr=1.00e-04 | 54.7s
2025-08-11 19:37:43,142 - INFO - Ep 001 | train=4.5676e-03 val=3.1862e-03 | task=2.2555e-03 kd=2.3844e-03 si=2.2398e-03 | KL=51.3147 a=0.500 l=0.500 ad=0.003 | lr=1.00e-04 | 54.8s
2025-08-11 19:38:37,910 - INFO - Ep 002 | train=4.4272e-03 val=1.9593e-03 | task=2.2720e-03 kd=2.3107e-03 si=1.9996e-03 | KL=51.3147 a=0.500 l=0.500 ad=0.003 | lr=1.00e-04 | 54.7s
2025-08-11 19:39:32,675 - INFO - Ep 003 | train=4.1839e-03 val=1.0387e-03 | task=2.2862e-03 kd=1.9575e-03 si=1.8378e-03 | KL=51.3147 a=0.500 l=0.500 ad=0.003 | lr=1.00e-04 | 54.7s
2025-08-11 19:40:27,421 - INFO - Ep 004 | train=3.8991e-03 val=2.0250e-03 | task=2.2182e-03 kd=1.6935e-03 si=1.6684e-03 | KL=51.3147 a=0.500 l=0.500 ad=0.003 | lr=1.00e-04 | 54.7s
2025-08-11 19:41:22,096 - INFO - Ep 005 | train=3.7648e-03 val=2.1672e-03 | task=2.1750e-03 kd=1.6846e-03 si=1.4950e-03 | KL=51.3147 a=0.500 l=0.500 ad=0.003 | lr=1.00e-04 | 54.7s
2025-08-11 19:42:16,774 - INFO - Ep 006 | train=3.7052e-03 val=2.3549e-03 | task=2.1439e-03 kd=1.7207e-03 si=1.4019e-03 | KL=51.3147 a=0.500 l=0.500 ad=0.003 | lr=1.00e-04 | 54.7s
2025-08-11 19:43:11,284 - INFO - Ep 007 | train=3.6400e-03 val=1.0293e-03 | task=2.1214e-03 kd=1.7304e-03 si=1.3068e-03 | KL=51.3147 a=0.500 l=0.500 ad=0.003 | lr=1.00e-04 | 54.5s
2025-08-11 19:44:05,840 - INFO - Ep 008 | train=3.5560e-03 val=1.2183e-03 | task=2.0969e-03 kd=1.7139e-03 si=1.2043e-03 | KL=51.3147 a=0.500 l=0.500 ad=0.003 | lr=1.00e-04 | 54.5s
2025-08-11 19:45:00,324 - INFO - Ep 009 | train=3.4791e-03 val=1.0493e-02 | task=2.0992e-03 kd=1.7106e-03 si=1.0492e-03 | KL=51.3147 a=0.500 l=0.500 ad=0.003 | lr=1.00e-04 | 54.5s
2025-08-11 19:45:54,847 - INFO - Ep 010 | train=3.4351e-03 val=6.5516e-03 | task=2.0922e-03 kd=1.7267e-03 si=9.5900e-04 | KL=51.3147 a=0.500 l=0.500 ad=0.003 | lr=1.00e-04 | 54.5s
2025-08-11 19:46:49,175 - INFO - Ep 011 | train=3.3161e-03 val=1.3041e-03 | task=2.0473e-03 kd=1.7001e-03 si=8.3765e-04 | KL=51.3147 a=0.500 l=0.500 ad=0.003 | lr=1.00e-04 | 54.3s
2025-08-11 19:47:43,763 - INFO - Ep 012 | train=3.2517e-03 val=5.1853e-03 | task=2.0295e-03 kd=1.7145e-03 si=7.2988e-04 | KL=51.3147 a=0.500 l=0.500 ad=0.003 | lr=1.00e-04 | 54.6s
2025-08-11 19:48:38,299 - INFO - Ep 013 | train=3.3303e-03 val=4.4562e-03 | task=2.0477e-03 kd=1.7656e-03 si=7.9970e-04 | KL=51.3147 a=0.500 l=0.500 ad=0.003 | lr=1.00e-04 | 54.5s
2025-08-11 19:49:32,802 - INFO - Ep 014 | train=3.1220e-03 val=3.3299e-03 | task=1.9536e-03 kd=1.7052e-03 si=6.3161e-04 | KL=51.3147 a=0.500 l=0.500 ad=0.003 | lr=5.00e-05 | 54.5s
2025-08-11 19:50:26,201 - INFO - Ep 015 | train=3.0998e-03 val=4.3055e-03 | task=1.9368e-03 kd=1.7060e-03 si=6.2005e-04 | KL=51.3147 a=0.500 l=0.500 ad=0.003 | lr=5.00e-05 | 53.4s
2025-08-11 19:51:20,606 - INFO - Ep 016 | train=3.1016e-03 val=4.1087e-03 | task=1.9465e-03 kd=1.7055e-03 si=6.0482e-04 | KL=51.3147 a=0.500 l=0.500 ad=0.003 | lr=5.00e-05 | 54.4s
2025-08-11 19:52:15,209 - INFO - Ep 017 | train=3.0859e-03 val=3.9768e-03 | task=1.9257e-03 kd=1.7173e-03 si=6.0291e-04 | KL=51.3147 a=0.500 l=0.500 ad=0.003 | lr=5.00e-05 | 54.6s
2025-08-11 19:53:09,475 - INFO - Ep 018 | train=3.0671e-03 val=4.0205e-03 | task=1.9159e-03 kd=1.7210e-03 si=5.8129e-04 | KL=51.3147 a=0.500 l=0.500 ad=0.003 | lr=5.00e-05 | 54.3s
2025-08-11 19:54:03,782 - INFO - Ep 019 | train=3.0654e-03 val=3.9386e-03 | task=1.9143e-03 kd=1.7168e-03 si=5.8539e-04 | KL=51.3147 a=0.500 l=0.500 ad=0.003 | lr=5.00e-05 | 54.3s
2025-08-11 19:54:58,064 - INFO - Ep 020 | train=3.0180e-03 val=4.0637e-03 | task=1.8887e-03 kd=1.7039e-03 si=5.5463e-04 | KL=51.3147 a=0.500 l=0.500 ad=0.003 | lr=2.50e-05 | 54.3s
2025-08-11 19:55:52,545 - INFO - Ep 021 | train=3.0019e-03 val=4.6034e-03 | task=1.8773e-03 kd=1.7121e-03 si=5.3725e-04 | KL=51.3147 a=0.500 l=0.500 ad=0.003 | lr=2.50e-05 | 54.5s
2025-08-11 19:56:46,663 - INFO - Ep 022 | train=3.0000e-03 val=5.0408e-03 | task=1.8761e-03 kd=1.7074e-03 si=5.4046e-04 | KL=51.3147 a=0.500 l=0.500 ad=0.003 | lr=2.50e-05 | 54.1s
2025-08-11 19:57:40,827 - INFO - Ep 023 | train=2.9964e-03 val=4.5003e-03 | task=1.8731e-03 kd=1.7057e-03 si=5.4079e-04 | KL=51.3147 a=0.500 l=0.500 ad=0.003 | lr=2.50e-05 | 54.2s
2025-08-11 19:58:34,877 - INFO - Ep 024 | train=3.0040e-03 val=3.4632e-03 | task=1.8838e-03 kd=1.7142e-03 si=5.2611e-04 | KL=51.3147 a=0.500 l=0.500 ad=0.003 | lr=2.50e-05 | 54.0s
2025-08-11 19:59:28,759 - INFO - Ep 025 | train=2.9899e-03 val=3.6773e-03 | task=1.8662e-03 kd=1.7143e-03 si=5.3300e-04 | KL=51.3147 a=0.500 l=0.500 ad=0.003 | lr=2.50e-05 | 53.9s
2025-08-11 20:00:22,580 - INFO - Ep 026 | train=2.9693e-03 val=4.1472e-03 | task=1.8598e-03 kd=1.7032e-03 si=5.1576e-04 | KL=51.3147 a=0.500 l=0.500 ad=0.003 | lr=1.25e-05 | 53.8s
2025-08-11 20:01:16,483 - INFO - Ep 027 | train=2.9591e-03 val=4.0504e-03 | task=1.8527e-03 kd=1.7025e-03 si=5.1024e-04 | KL=51.3147 a=0.500 l=0.500 ad=0.003 | lr=1.25e-05 | 53.9s
2025-08-11 20:01:16,487 - INFO - Early stopping at epoch 27
2025-08-11 20:01:16,497 - INFO - Task 1 consolidated: teacher and KL reference updated.
2025-08-11 20:01:18,286 - INFO - Task 1 completed.
2025-08-11 20:01:18,290 - INFO - --- task2 ---
2025-08-11 20:03:36,890 - INFO - [Auto-Calibrate] KL50=15.6083 KL60=15.6083 KL75=15.6083 KL90=15.6085 | alpha_max=1.000 alpha_c=0.044 | lam_base=1.000 lam_c=0.044 | adapt_k=13060.98 adapt_tau=15.608
2025-08-11 20:04:04,589 - INFO - Task 2 | KL=47.744033 -> alpha=0.1200, lambda=0.1200, adapter=1.000
2025-08-11 20:05:14,760 - INFO - Ep 000 | train=9.0945e+03 val=4.0173e+03 | task=8.1202e+03 kd=8.1185e+03 si=3.3882e-02 | KL=47.7440 a=0.120 l=0.120 ad=1.000 | lr=1.00e-04 | 70.2s
2025-08-11 20:06:24,614 - INFO - Ep 001 | train=6.8150e+01 val=3.4250e+03 | task=6.0851e+01 kd=6.0809e+01 si=2.2369e-02 | KL=47.7440 a=0.120 l=0.120 ad=1.000 | lr=1.00e-04 | 69.8s
2025-08-11 20:07:34,583 - INFO - Ep 002 | train=3.5105e+01 val=6.7773e+03 | task=3.1343e+01 kd=3.1330e+01 si=2.0423e-02 | KL=47.7440 a=0.120 l=0.120 ad=1.000 | lr=1.00e-04 | 69.9s
2025-08-11 20:08:44,760 - INFO - Ep 003 | train=1.2205e+01 val=9.0140e-01 | task=1.0896e+01 kd=1.0892e+01 si=1.8476e-02 | KL=47.7440 a=0.120 l=0.120 ad=1.000 | lr=1.00e-04 | 70.2s
2025-08-11 20:09:54,599 - INFO - Ep 004 | train=1.7680e+01 val=2.3071e+03 | task=1.5784e+01 kd=1.5781e+01 si=1.8698e-02 | KL=47.7440 a=0.120 l=0.120 ad=1.000 | lr=1.00e-04 | 69.8s
2025-08-11 20:11:04,531 - INFO - Ep 005 | train=1.3508e+01 val=1.1928e+00 | task=1.2059e+01 kd=1.2056e+01 si=1.8273e-02 | KL=47.7440 a=0.120 l=0.120 ad=1.000 | lr=1.00e-04 | 69.9s
2025-08-11 20:12:14,509 - INFO - Ep 006 | train=2.9783e+01 val=1.8964e+04 | task=2.6590e+01 kd=2.6583e+01 si=1.7303e-02 | KL=47.7440 a=0.120 l=0.120 ad=1.000 | lr=1.00e-04 | 70.0s
2025-08-11 20:13:24,492 - INFO - Ep 007 | train=4.1214e+00 val=2.4114e+03 | task=3.6782e+00 kd=3.6767e+00 si=1.6056e-02 | KL=47.7440 a=0.120 l=0.120 ad=1.000 | lr=1.00e-04 | 70.0s
2025-08-11 20:14:34,100 - INFO - Ep 008 | train=9.1999e+00 val=7.8289e+02 | task=8.2129e+00 kd=8.2089e+00 si=1.6239e-02 | KL=47.7440 a=0.120 l=0.120 ad=1.000 | lr=1.00e-04 | 69.6s
2025-08-11 20:15:43,320 - INFO - Ep 009 | train=1.0935e+01 val=1.1750e+03 | task=9.7616e+00 kd=9.7592e+00 si=1.5205e-02 | KL=47.7440 a=0.120 l=0.120 ad=1.000 | lr=1.00e-04 | 69.2s
2025-08-11 20:16:52,726 - INFO - Ep 010 | train=2.1029e+00 val=1.4324e+03 | task=1.8759e+00 kd=1.8788e+00 si=1.3516e-02 | KL=47.7440 a=0.120 l=0.120 ad=1.000 | lr=5.00e-05 | 69.4s
2025-08-11 20:18:01,672 - INFO - Ep 011 | train=1.3348e+01 val=6.4228e-03 | task=1.1916e+01 kd=1.1915e+01 si=1.4058e-02 | KL=47.7440 a=0.120 l=0.120 ad=1.000 | lr=5.00e-05 | 68.9s
2025-08-11 20:19:10,497 - INFO - Ep 012 | train=5.6331e+00 val=8.7968e-03 | task=5.0280e+00 kd=5.0293e+00 si=1.3383e-02 | KL=47.7440 a=0.120 l=0.120 ad=1.000 | lr=5.00e-05 | 68.8s
2025-08-11 20:20:19,183 - INFO - Ep 013 | train=3.8242e+00 val=9.0157e+02 | task=3.4129e+00 kd=3.4147e+00 si=1.2852e-02 | KL=47.7440 a=0.120 l=0.120 ad=1.000 | lr=5.00e-05 | 68.7s
2025-08-11 20:21:27,740 - INFO - Ep 014 | train=4.7926e-01 val=7.0327e+03 | task=4.2620e-01 kd=4.2993e-01 si=1.2203e-02 | KL=47.7440 a=0.120 l=0.120 ad=1.000 | lr=5.00e-05 | 68.6s
2025-08-11 20:22:35,957 - INFO - Ep 015 | train=1.4025e-01 val=2.7862e+03 | task=1.2350e-01 kd=1.2739e-01 si=1.2197e-02 | KL=47.7440 a=0.120 l=0.120 ad=1.000 | lr=5.00e-05 | 68.2s
2025-08-11 20:23:43,709 - INFO - Ep 016 | train=4.3634e-01 val=5.5662e+03 | task=3.8792e-01 kd=3.9160e-01 si=1.1896e-02 | KL=47.7440 a=0.120 l=0.120 ad=1.000 | lr=5.00e-05 | 67.7s
2025-08-11 20:24:51,696 - INFO - Ep 017 | train=7.6633e-01 val=4.0205e+03 | task=6.8265e-01 kd=6.8548e-01 si=1.1833e-02 | KL=47.7440 a=0.120 l=0.120 ad=1.000 | lr=5.00e-05 | 68.0s
2025-08-11 20:25:59,226 - INFO - Ep 018 | train=1.5966e-01 val=1.7966e+03 | task=1.4089e-01 kd=1.4524e-01 si=1.1188e-02 | KL=47.7440 a=0.120 l=0.120 ad=1.000 | lr=2.50e-05 | 67.5s
2025-08-11 20:27:06,250 - INFO - Ep 019 | train=3.8414e-01 val=6.7287e+03 | task=3.4135e-01 kd=3.4554e-01 si=1.1022e-02 | KL=47.7440 a=0.120 l=0.120 ad=1.000 | lr=2.50e-05 | 67.0s
2025-08-11 20:28:11,499 - INFO - Ep 020 | train=6.2746e-01 val=2.3700e+03 | task=5.5866e-01 kd=5.6246e-01 si=1.0916e-02 | KL=47.7440 a=0.120 l=0.120 ad=1.000 | lr=2.50e-05 | 65.2s
2025-08-11 20:29:20,494 - INFO - Ep 021 | train=1.2990e+00 val=1.6449e+03 | task=1.1583e+00 kd=1.1616e+00 si=1.1031e-02 | KL=47.7440 a=0.120 l=0.120 ad=1.000 | lr=2.50e-05 | 69.0s
2025-08-11 20:30:39,167 - INFO - Ep 022 | train=5.4375e-01 val=2.9056e+03 | task=4.8391e-01 kd=4.8784e-01 si=1.0796e-02 | KL=47.7440 a=0.120 l=0.120 ad=1.000 | lr=2.50e-05 | 78.7s
2025-08-11 20:31:53,970 - INFO - Ep 023 | train=8.8001e-01 val=3.8080e+03 | task=7.8418e-01 kd=7.8786e-01 si=1.0725e-02 | KL=47.7440 a=0.120 l=0.120 ad=1.000 | lr=2.50e-05 | 74.8s
2025-08-11 20:33:10,147 - INFO - Ep 024 | train=8.2989e-01 val=4.2438e+03 | task=7.3942e-01 kd=7.4343e-01 si=1.0475e-02 | KL=47.7440 a=0.120 l=0.120 ad=1.000 | lr=1.25e-05 | 76.2s
2025-08-11 20:34:24,778 - INFO - Ep 025 | train=2.8409e-01 val=3.7347e+03 | task=2.5208e-01 kd=2.5630e-01 si=1.0466e-02 | KL=47.7440 a=0.120 l=0.120 ad=1.000 | lr=1.25e-05 | 74.6s
