2025-08-14 14:05:29,359 - INFO - ==== Starting Joint Training ====
2025-08-14 14:07:05,149 - INFO - Joint training - Train IDs: ['03', '05', '07', '09', '11', '15', '21', '23', '25', '27', '29'], size: 205644
2025-08-14 14:07:05,151 - INFO - Joint training - Val IDs: ['01', '19', '13'], size: 58177
2025-08-14 14:07:05,152 - INFO - Joint training - Test ID: 17, size: 22872
2025-08-14 14:07:05,171 - INFO -   (Scaler) Scaler centers: [ 3.342422    0.17992967 27.75      ]
2025-08-14 14:07:05,177 - INFO -   (Scaler) Scaler scales: [0.18428363 1.77955483 1.81783333]
2025-08-14 14:07:06,146 - INFO - ========== Model Structure ==========
2025-08-14 14:07:06,147 - INFO - 
SOHLSTM(
  (lstm): LSTM(3, 128, num_layers=2, batch_first=True, dropout=0.3)
  (fc): Sequential(
    (0): Linear(in_features=128, out_features=64, bias=True)
    (1): LeakyReLU(negative_slope=0.01)
    (2): Dropout(p=0.3, inplace=False)
    (3): Linear(in_features=64, out_features=1, bias=True)
  )
)
2025-08-14 14:07:06,149 - INFO - =====================================
2025-08-14 14:07:06,150 - INFO - ====== Model Parameters Details ======
2025-08-14 14:07:06,151 - INFO - lstm.weight_ih_l0                                  | trainable |     1536 params
2025-08-14 14:07:06,153 - INFO - lstm.weight_hh_l0                                  | trainable |    65536 params
2025-08-14 14:07:06,154 - INFO - lstm.bias_ih_l0                                    | trainable |      512 params
2025-08-14 14:07:06,155 - INFO - lstm.bias_hh_l0                                    | trainable |      512 params
2025-08-14 14:07:06,156 - INFO - lstm.weight_ih_l1                                  | trainable |    65536 params
2025-08-14 14:07:06,157 - INFO - lstm.weight_hh_l1                                  | trainable |    65536 params
2025-08-14 14:07:06,158 - INFO - lstm.bias_ih_l1                                    | trainable |      512 params
2025-08-14 14:07:06,159 - INFO - lstm.bias_hh_l1                                    | trainable |      512 params
2025-08-14 14:07:06,160 - INFO - fc.0.weight                                        | trainable |     8192 params
2025-08-14 14:07:06,161 - INFO - fc.0.bias                                          | trainable |       64 params
2025-08-14 14:07:06,162 - INFO - fc.3.weight                                        | trainable |       64 params
2025-08-14 14:07:06,163 - INFO - fc.3.bias                                          | trainable |        1 params
2025-08-14 14:07:06,164 - INFO - --------------------------------------------------------------------------------
2025-08-14 14:07:06,165 - INFO - Total params:                                          208513 params (only trainable)
2025-08-14 14:07:06,166 - INFO - =====================================
2025-08-14 14:11:34,832 - INFO - Epoch 0 train=1.6675e-02 val=1.5204e-03 lr=1.00e-04 time=188.40s
2025-08-14 14:14:42,186 - INFO - Epoch 1 train=4.9464e-03 val=1.0715e-03 lr=1.00e-04 time=187.29s
2025-08-14 14:17:50,548 - INFO - Epoch 2 train=3.1118e-03 val=7.5782e-04 lr=1.00e-04 time=188.33s
2025-08-14 14:20:59,522 - INFO - Epoch 3 train=1.8221e-03 val=5.7608e-04 lr=1.00e-04 time=188.94s
2025-08-14 14:24:08,476 - INFO - Epoch 4 train=1.2118e-03 val=3.1144e-03 lr=1.00e-04 time=188.93s
2025-08-14 14:27:16,565 - INFO - Epoch 5 train=8.6323e-04 val=7.2447e-04 lr=1.00e-04 time=188.07s
2025-08-14 14:30:24,142 - INFO - Epoch 6 train=6.1165e-04 val=4.4085e-04 lr=1.00e-04 time=187.57s
2025-08-14 14:33:32,084 - INFO - Epoch 7 train=5.1488e-04 val=4.9850e-04 lr=1.00e-04 time=187.90s
2025-08-14 14:36:39,539 - INFO - Epoch 8 train=4.2771e-04 val=5.6599e-04 lr=1.00e-04 time=187.44s
2025-08-14 14:39:45,169 - INFO - Epoch 9 train=3.7858e-04 val=3.7598e-04 lr=1.00e-04 time=185.61s
