2025-07-08 11:59:50,157 - ==== Skipping joint LSTM Training Phase ====
2025-07-08 11:59:50,182 - ==== Incremental EWC Training Phase ====
2025-07-08 12:01:23,243 - Base train IDs: ['03', '05', '07', '27']
2025-07-08 12:01:23,263 - Base train size: 92079
2025-07-08 12:01:23,264 - Base val IDs: ['01']
2025-07-08 12:01:23,266 - Base val size: 28612
2025-07-08 12:01:23,267 - Update1 train IDs: ['21', '23', '25']
2025-07-08 12:01:23,268 - Update1 train size: 65674
2025-07-08 12:01:23,270 - Update1 val IDs: ['19']
2025-07-08 12:01:23,271 - Update1 val size: 23120
2025-07-08 12:01:23,272 - Update2 train IDs: ['09', '11', '15', '29']
2025-07-08 12:01:23,274 - Update2 train size: 47891
2025-07-08 12:01:23,275 - Update2 val IDs: ['13']
2025-07-08 12:01:23,277 - Update2 val size: 6445
2025-07-08 12:01:31,364 - Test cell ID: 17
2025-07-08 12:01:31,366 - Test size: 22872
2025-07-08 12:01:31,367 - Test base size: 11139
2025-07-08 12:01:31,368 - Test update1 size: 6312
2025-07-08 12:01:31,370 - Test update2 size: 5421
2025-07-08 12:01:31,410 - [Scaler after fit] center_=[ 3.31975183  0.         27.55116667]
2025-07-08 12:01:31,416 - [Scaler after fit] scale_ =[0.20016217 1.86108033 1.05333333]
2025-07-08 12:01:31,418 - Resampling and scaling complete with RobustScaler
2025-07-08 12:01:33,551 - [task0] Training...
2025-07-08 12:01:33,552 - [task0] EWC active: None (no previous tasks)
2025-07-08 12:01:33,553 - [task0] This task will be stored with λ = 1919.1667298329062 (not used)
2025-07-08 12:01:33,555 - [task0] Training with alpha LWF = 0.00
2025-07-08 12:03:39,605 - Epoch 001 | task 3.8182e-02 | kd 0.0000e+00 | ewc 0.0000e+00 | val 3.7162e-04 | lr 1.00e-04 | 84.12s
2025-07-08 12:04:57,033 - Epoch 002 | task 7.2867e-03 | kd 0.0000e+00 | ewc 0.0000e+00 | val 1.0398e-03 | lr 1.00e-04 | 77.31s
2025-07-08 12:06:13,684 - Epoch 003 | task 5.3097e-03 | kd 0.0000e+00 | ewc 0.0000e+00 | val 3.9763e-04 | lr 1.00e-04 | 76.59s
2025-07-08 12:07:30,989 - Epoch 004 | task 4.3294e-03 | kd 0.0000e+00 | ewc 0.0000e+00 | val 5.3001e-04 | lr 1.00e-04 | 77.24s
2025-07-08 12:08:48,044 - Epoch 005 | task 3.4420e-03 | kd 0.0000e+00 | ewc 0.0000e+00 | val 4.4389e-04 | lr 1.00e-04 | 77.00s
2025-07-08 12:10:06,189 - Epoch 006 | task 2.6740e-03 | kd 0.0000e+00 | ewc 0.0000e+00 | val 4.3592e-04 | lr 1.00e-04 | 78.09s
2025-07-08 12:11:23,558 - Epoch 007 | task 2.0609e-03 | kd 0.0000e+00 | ewc 0.0000e+00 | val 4.5443e-04 | lr 5.00e-05 | 77.27s
2025-07-08 12:12:40,045 - Epoch 008 | task 1.6517e-03 | kd 0.0000e+00 | ewc 0.0000e+00 | val 4.0441e-04 | lr 5.00e-05 | 76.41s
2025-07-08 12:13:56,659 - Epoch 009 | task 1.4034e-03 | kd 0.0000e+00 | ewc 0.0000e+00 | val 4.0720e-04 | lr 5.00e-05 | 76.55s
2025-07-08 12:15:13,086 - Epoch 010 | task 1.1964e-03 | kd 0.0000e+00 | ewc 0.0000e+00 | val 5.0908e-04 | lr 5.00e-05 | 76.34s
2025-07-08 12:16:29,569 - Epoch 011 | task 1.0292e-03 | kd 0.0000e+00 | ewc 0.0000e+00 | val 4.2328e-04 | lr 5.00e-05 | 76.42s
2025-07-08 12:17:45,939 - Epoch 012 | task 8.7673e-04 | kd 0.0000e+00 | ewc 0.0000e+00 | val 4.3260e-04 | lr 5.00e-05 | 76.22s
2025-07-08 12:19:03,951 - Epoch 013 | task 7.6261e-04 | kd 0.0000e+00 | ewc 0.0000e+00 | val 4.6050e-04 | lr 2.50e-05 | 77.93s
2025-07-08 12:20:20,653 - Epoch 014 | task 6.8891e-04 | kd 0.0000e+00 | ewc 0.0000e+00 | val 4.3581e-04 | lr 2.50e-05 | 76.63s
2025-07-08 12:21:37,293 - Epoch 015 | task 6.5224e-04 | kd 0.0000e+00 | ewc 0.0000e+00 | val 4.0288e-04 | lr 2.50e-05 | 76.58s
2025-07-08 12:22:53,608 - Epoch 016 | task 6.1891e-04 | kd 0.0000e+00 | ewc 0.0000e+00 | val 4.0849e-04 | lr 2.50e-05 | 76.25s
2025-07-08 12:24:09,865 - Epoch 017 | task 5.8846e-04 | kd 0.0000e+00 | ewc 0.0000e+00 | val 4.4307e-04 | lr 2.50e-05 | 76.20s
2025-07-08 12:25:26,175 - Epoch 018 | task 5.6076e-04 | kd 0.0000e+00 | ewc 0.0000e+00 | val 4.2150e-04 | lr 2.50e-05 | 76.21s
2025-07-08 12:26:42,324 - Epoch 019 | task 5.3125e-04 | kd 0.0000e+00 | ewc 0.0000e+00 | val 4.3309e-04 | lr 1.25e-05 | 76.06s
2025-07-08 12:27:58,421 - Epoch 020 | task 5.0491e-04 | kd 0.0000e+00 | ewc 0.0000e+00 | val 3.9249e-04 | lr 1.25e-05 | 76.02s
2025-07-08 12:29:14,269 - Epoch 021 | task 4.9213e-04 | kd 0.0000e+00 | ewc 0.0000e+00 | val 3.9523e-04 | lr 1.25e-05 | 75.73s
2025-07-08 12:29:14,321 - Early stopping at epoch 21
2025-07-08 12:29:19,904 - [task0] Training completed.
2025-07-08 12:29:19,906 - [task0] Consolidating EWC...
2025-07-08 12:30:23,889 - [task0] Consolidation done.
2025-07-08 12:30:23,898 - [task0] Baseline evaluation on own task task0 ...
2025-07-08 12:30:29,394 - [task0 Baseline on task0] RMSE: 5.1834e-02, MAE: 4.5294e-02
2025-07-08 12:30:29,396 - [task0] Baseline testing completed.
2025-07-08 12:30:29,397 - [task0] ACC (-MAE): -4.5294e-02
2025-07-08 12:30:29,399 - [task0] Evaluating BEST checkpoint...
2025-07-08 12:30:38,078 - [task0 Evaluation on full test set] RMSE: 8.5567e-02, MAE: 6.7164e-02, R2: -0.0342
2025-07-08 12:30:38,079 - [task0] Evaluation completed.
2025-07-08 12:30:38,082 - [task1] Loading best checkpoint from previous task task0...
2025-07-08 12:30:39,866 - [task1 Pre-FWT baseline] RMSE: 5.6626e-02, MAE: 4.3428e-02
2025-07-08 12:30:39,869 - [task1] Training...
2025-07-08 12:30:39,870 - [task1] EWC active: {"Task 0": 1919.2}
2025-07-08 12:30:39,871 - [task1] This task will be stored with λ = 0.18393944199331227
2025-07-08 12:30:39,872 - [task1] Training with alpha LWF = 0.00
2025-07-08 12:31:36,797 - Epoch 001 | task 7.7216e-03 | kd 0.0000e+00 | ewc 5.8761e-02 | val 1.8882e-03 | lr 1.00e-04 | 56.91s
2025-07-08 12:32:33,672 - Epoch 002 | task 5.0267e-03 | kd 0.0000e+00 | ewc 3.4556e-02 | val 1.7398e-03 | lr 1.00e-04 | 56.73s
2025-07-08 12:33:30,614 - Epoch 003 | task 3.4358e-03 | kd 0.0000e+00 | ewc 1.7737e-02 | val 1.6212e-03 | lr 1.00e-04 | 56.78s
2025-07-08 12:34:27,515 - Epoch 004 | task 2.3112e-03 | kd 0.0000e+00 | ewc 7.1925e-03 | val 1.6267e-03 | lr 1.00e-04 | 56.75s
2025-07-08 12:35:24,286 - Epoch 005 | task 1.5663e-03 | kd 0.0000e+00 | ewc 1.9755e-03 | val 3.4970e-03 | lr 1.00e-04 | 56.71s
2025-07-08 12:36:21,168 - Epoch 006 | task 1.2438e-03 | kd 0.0000e+00 | ewc 3.0588e-04 | val 7.4719e-04 | lr 1.00e-04 | 56.76s
2025-07-08 12:37:17,887 - Epoch 007 | task 1.0893e-03 | kd 0.0000e+00 | ewc 3.7304e-05 | val 1.5643e-03 | lr 1.00e-04 | 56.57s
2025-07-08 12:38:16,101 - Epoch 008 | task 1.0171e-03 | kd 0.0000e+00 | ewc 1.7474e-05 | val 2.4885e-03 | lr 1.00e-04 | 58.13s
2025-07-08 12:39:12,910 - Epoch 009 | task 8.4516e-04 | kd 0.0000e+00 | ewc 1.8303e-05 | val 2.2885e-03 | lr 1.00e-04 | 56.74s
2025-07-08 12:40:09,823 - Epoch 010 | task 7.2852e-04 | kd 0.0000e+00 | ewc 1.6080e-05 | val 2.5379e-03 | lr 1.00e-04 | 56.82s
2025-07-08 12:41:06,771 - Epoch 011 | task 5.3703e-04 | kd 0.0000e+00 | ewc 1.5042e-05 | val 3.0954e-03 | lr 1.00e-04 | 56.83s
2025-07-08 12:42:03,577 - Epoch 012 | task 6.2661e-04 | kd 0.0000e+00 | ewc 1.5743e-05 | val 2.6689e-03 | lr 5.00e-05 | 56.73s
2025-07-08 12:43:00,393 - Epoch 013 | task 4.4714e-04 | kd 0.0000e+00 | ewc 1.4860e-05 | val 3.0765e-03 | lr 5.00e-05 | 56.75s
2025-07-08 12:43:57,234 - Epoch 014 | task 4.0331e-04 | kd 0.0000e+00 | ewc 1.4863e-05 | val 2.9373e-03 | lr 5.00e-05 | 56.78s
2025-07-08 12:44:53,984 - Epoch 015 | task 3.7277e-04 | kd 0.0000e+00 | ewc 1.4929e-05 | val 3.0171e-03 | lr 5.00e-05 | 56.69s
2025-07-08 12:45:50,800 - Epoch 016 | task 3.3318e-04 | kd 0.0000e+00 | ewc 1.4928e-05 | val 2.7233e-03 | lr 5.00e-05 | 56.73s
2025-07-08 12:46:47,590 - Epoch 017 | task 2.9514e-04 | kd 0.0000e+00 | ewc 1.4909e-05 | val 3.5104e-03 | lr 5.00e-05 | 56.72s
2025-07-08 12:47:44,510 - Epoch 018 | task 2.7068e-04 | kd 0.0000e+00 | ewc 1.4761e-05 | val 3.5651e-03 | lr 2.50e-05 | 56.83s
2025-07-08 12:48:41,400 - Epoch 019 | task 2.4379e-04 | kd 0.0000e+00 | ewc 1.4637e-05 | val 4.0368e-03 | lr 2.50e-05 | 56.78s
2025-07-08 12:49:38,254 - Epoch 020 | task 2.3914e-04 | kd 0.0000e+00 | ewc 1.4557e-05 | val 3.9303e-03 | lr 2.50e-05 | 56.70s
2025-07-08 12:50:35,092 - Epoch 021 | task 2.2743e-04 | kd 0.0000e+00 | ewc 1.4461e-05 | val 4.1372e-03 | lr 2.50e-05 | 56.74s
2025-07-08 12:51:31,953 - Epoch 022 | task 2.2842e-04 | kd 0.0000e+00 | ewc 1.4431e-05 | val 4.3980e-03 | lr 2.50e-05 | 56.74s
2025-07-08 12:52:28,801 - Epoch 023 | task 2.1756e-04 | kd 0.0000e+00 | ewc 1.4361e-05 | val 4.5139e-03 | lr 2.50e-05 | 56.74s
2025-07-08 12:53:25,650 - Epoch 024 | task 2.1596e-04 | kd 0.0000e+00 | ewc 1.4311e-05 | val 5.0532e-03 | lr 1.25e-05 | 56.74s
2025-07-08 12:54:22,484 - Epoch 025 | task 1.9651e-04 | kd 0.0000e+00 | ewc 1.4270e-05 | val 5.5643e-03 | lr 1.25e-05 | 56.73s
2025-07-08 12:55:19,985 - Epoch 026 | task 1.9598e-04 | kd 0.0000e+00 | ewc 1.4217e-05 | val 5.7836e-03 | lr 1.25e-05 | 57.39s
2025-07-08 12:55:20,032 - Early stopping at epoch 26
2025-07-08 12:55:20,687 - [task1] Training completed.
2025-07-08 12:55:20,692 - [task1] Consolidating EWC...
2025-07-08 12:56:05,988 - [task1] Consolidation done.
2025-07-08 12:56:05,990 - [task1] Baseline evaluation on own task task1 ...
2025-07-08 12:56:09,680 - [task1 Baseline on task1] RMSE: 6.3650e-02, MAE: 5.8854e-02
2025-07-08 12:56:09,681 - [task1] Baseline testing completed.
2025-07-08 12:56:09,683 - [task1] Backward testing on previous task task0...
2025-07-08 12:56:14,661 - [task1 BACKWARD on task0] RMSE: 2.5077e-02, MAE: 2.1343e-02
2025-07-08 12:56:14,664 - [task1] ΔMAE on task0: -2.3951e-02
2025-07-08 12:56:14,668 - [task1] ACC (-MAE): -4.0099e-02
2025-07-08 12:56:14,670 - [task1] BWT: -2.3951e-02
2025-07-08 12:56:14,673 - [task1] FWT: -1.5426e-02
2025-07-08 12:56:14,679 - [task1] Evaluating BEST checkpoint...
2025-07-08 12:56:23,129 - [task1 Evaluation on full test set] RMSE: 6.7666e-02, MAE: 5.3592e-02, R2: 0.3532
2025-07-08 12:56:23,131 - [task1] Evaluation completed.
2025-07-08 12:56:23,133 - [task2] Loading best checkpoint from previous task task1...
2025-07-08 12:56:24,566 - [task2 Pre-FWT baseline] RMSE: 1.1917e-01, MAE: 1.1768e-01
2025-07-08 12:56:24,569 - [task2] Training...
2025-07-08 12:56:24,570 - [task2] EWC active: {"Task 0": 1919.2, "Task 1": 0.18394}
2025-07-08 12:56:24,571 - [task2] This task will be stored with λ = 1000.0
2025-07-08 12:56:24,572 - [task2] Training with alpha LWF = 0.00
2025-07-08 12:57:04,114 - Epoch 001 | task 3.3696e-03 | kd 0.0000e+00 | ewc 1.2242e-04 | val 3.2171e-03 | lr 1.00e-04 | 39.54s
2025-07-08 12:57:43,589 - Epoch 002 | task 2.1292e-03 | kd 0.0000e+00 | ewc 7.0895e-05 | val 1.6486e-03 | lr 1.00e-04 | 39.38s
2025-07-08 12:58:23,044 - Epoch 003 | task 1.6389e-03 | kd 0.0000e+00 | ewc 5.2422e-05 | val 2.6185e-03 | lr 1.00e-04 | 39.34s
2025-07-08 12:59:02,517 - Epoch 004 | task 1.4761e-03 | kd 0.0000e+00 | ewc 3.7374e-05 | val 1.3553e-03 | lr 1.00e-04 | 39.38s
2025-07-08 12:59:41,957 - Epoch 005 | task 1.3263e-03 | kd 0.0000e+00 | ewc 2.7100e-05 | val 1.6734e-03 | lr 1.00e-04 | 39.31s
2025-07-08 13:00:21,321 - Epoch 006 | task 1.1974e-03 | kd 0.0000e+00 | ewc 2.2407e-05 | val 1.4939e-03 | lr 1.00e-04 | 39.31s
2025-07-08 13:01:00,744 - Epoch 007 | task 9.6815e-04 | kd 0.0000e+00 | ewc 2.1704e-05 | val 1.3631e-03 | lr 1.00e-04 | 39.34s
2025-07-08 13:01:40,243 - Epoch 008 | task 9.2436e-04 | kd 0.0000e+00 | ewc 2.1073e-05 | val 1.3405e-03 | lr 1.00e-04 | 39.36s
2025-07-08 13:02:19,791 - Epoch 009 | task 8.3314e-04 | kd 0.0000e+00 | ewc 2.0692e-05 | val 1.6302e-03 | lr 1.00e-04 | 39.39s
2025-07-08 13:02:59,264 - Epoch 010 | task 7.8443e-04 | kd 0.0000e+00 | ewc 2.0287e-05 | val 1.3204e-03 | lr 1.00e-04 | 39.40s
2025-07-08 13:03:38,795 - Epoch 011 | task 7.3644e-04 | kd 0.0000e+00 | ewc 1.9719e-05 | val 1.3301e-03 | lr 1.00e-04 | 39.37s
2025-07-08 13:04:18,332 - Epoch 012 | task 7.2643e-04 | kd 0.0000e+00 | ewc 2.0301e-05 | val 1.2494e-03 | lr 1.00e-04 | 39.41s
2025-07-08 13:04:58,007 - Epoch 013 | task 6.8619e-04 | kd 0.0000e+00 | ewc 2.0457e-05 | val 1.4836e-03 | lr 1.00e-04 | 39.43s
2025-07-08 13:05:37,483 - Epoch 014 | task 6.4391e-04 | kd 0.0000e+00 | ewc 2.0397e-05 | val 1.7780e-03 | lr 1.00e-04 | 39.40s
2025-07-08 13:06:17,061 - Epoch 015 | task 6.1129e-04 | kd 0.0000e+00 | ewc 2.0825e-05 | val 1.3086e-03 | lr 1.00e-04 | 39.41s
2025-07-08 13:06:56,578 - Epoch 016 | task 5.7779e-04 | kd 0.0000e+00 | ewc 2.0747e-05 | val 9.5486e-04 | lr 1.00e-04 | 39.41s
2025-07-08 13:07:36,319 - Epoch 017 | task 5.4180e-04 | kd 0.0000e+00 | ewc 2.1264e-05 | val 9.8835e-04 | lr 1.00e-04 | 39.52s
2025-07-08 13:08:15,889 - Epoch 018 | task 6.5886e-04 | kd 0.0000e+00 | ewc 2.0731e-05 | val 1.0323e-03 | lr 1.00e-04 | 39.41s
2025-07-08 13:08:55,893 - Epoch 019 | task 4.9396e-04 | kd 0.0000e+00 | ewc 2.0940e-05 | val 1.1046e-03 | lr 1.00e-04 | 39.45s
2025-07-08 13:09:36,126 - Epoch 020 | task 5.0487e-04 | kd 0.0000e+00 | ewc 2.1409e-05 | val 9.1195e-04 | lr 1.00e-04 | 40.10s
2025-07-08 13:10:18,119 - Epoch 021 | task 4.7825e-04 | kd 0.0000e+00 | ewc 2.1980e-05 | val 9.3333e-04 | lr 1.00e-04 | 41.76s
2025-07-08 13:10:59,936 - Epoch 022 | task 4.5216e-04 | kd 0.0000e+00 | ewc 2.1790e-05 | val 1.0231e-03 | lr 1.00e-04 | 41.67s
2025-07-08 13:11:41,533 - Epoch 023 | task 4.2315e-04 | kd 0.0000e+00 | ewc 2.1582e-05 | val 7.6111e-04 | lr 1.00e-04 | 41.47s
2025-07-08 13:12:23,494 - Epoch 024 | task 4.6591e-04 | kd 0.0000e+00 | ewc 2.1507e-05 | val 8.9244e-04 | lr 1.00e-04 | 41.76s
2025-07-08 13:13:05,079 - Epoch 025 | task 5.0147e-04 | kd 0.0000e+00 | ewc 2.1808e-05 | val 6.2577e-04 | lr 1.00e-04 | 41.47s
2025-07-08 13:13:46,875 - Epoch 026 | task 4.8591e-04 | kd 0.0000e+00 | ewc 2.0862e-05 | val 6.1798e-04 | lr 1.00e-04 | 41.50s
2025-07-08 13:14:28,682 - Epoch 027 | task 4.0341e-04 | kd 0.0000e+00 | ewc 2.0979e-05 | val 6.2829e-04 | lr 1.00e-04 | 41.62s
2025-07-08 13:15:10,459 - Epoch 028 | task 3.7144e-04 | kd 0.0000e+00 | ewc 2.0767e-05 | val 7.1366e-04 | lr 1.00e-04 | 41.65s
2025-07-08 13:15:52,079 - Epoch 029 | task 4.2360e-04 | kd 0.0000e+00 | ewc 2.0623e-05 | val 5.7557e-04 | lr 1.00e-04 | 41.52s
2025-07-08 13:16:34,106 - Epoch 030 | task 3.3342e-04 | kd 0.0000e+00 | ewc 2.0868e-05 | val 6.0286e-04 | lr 1.00e-04 | 41.81s
2025-07-08 13:17:15,757 - Epoch 031 | task 3.2269e-04 | kd 0.0000e+00 | ewc 2.0791e-05 | val 4.5773e-04 | lr 1.00e-04 | 41.55s
2025-07-08 13:17:57,667 - Epoch 032 | task 7.5661e-04 | kd 0.0000e+00 | ewc 3.2210e-05 | val 7.3249e-04 | lr 1.00e-04 | 41.68s
2025-07-08 13:18:39,618 - Epoch 033 | task 3.6306e-04 | kd 0.0000e+00 | ewc 2.3771e-05 | val 6.3073e-04 | lr 1.00e-04 | 41.84s
2025-07-08 13:19:21,356 - Epoch 034 | task 3.6089e-04 | kd 0.0000e+00 | ewc 2.1262e-05 | val 6.9297e-04 | lr 1.00e-04 | 41.64s
2025-07-08 13:20:03,231 - Epoch 035 | task 2.9858e-04 | kd 0.0000e+00 | ewc 2.1764e-05 | val 3.8045e-04 | lr 1.00e-04 | 41.72s
2025-07-08 13:20:44,896 - Epoch 036 | task 3.7780e-04 | kd 0.0000e+00 | ewc 2.1993e-05 | val 4.0449e-04 | lr 1.00e-04 | 41.47s
2025-07-08 13:21:26,635 - Epoch 037 | task 2.9105e-04 | kd 0.0000e+00 | ewc 2.1826e-05 | val 4.1167e-04 | lr 1.00e-04 | 41.62s
2025-07-08 13:22:08,180 - Epoch 038 | task 3.2116e-04 | kd 0.0000e+00 | ewc 2.1610e-05 | val 6.3330e-04 | lr 1.00e-04 | 41.43s
2025-07-08 13:22:49,876 - Epoch 039 | task 2.7402e-04 | kd 0.0000e+00 | ewc 2.1182e-05 | val 5.6444e-04 | lr 1.00e-04 | 41.60s
2025-07-08 13:23:31,766 - Epoch 040 | task 3.1863e-04 | kd 0.0000e+00 | ewc 2.0869e-05 | val 3.7404e-04 | lr 1.00e-04 | 41.77s
2025-07-08 13:24:13,546 - Epoch 041 | task 3.2747e-04 | kd 0.0000e+00 | ewc 2.0884e-05 | val 6.4681e-04 | lr 1.00e-04 | 41.59s
2025-07-08 13:24:55,047 - Epoch 042 | task 3.3383e-04 | kd 0.0000e+00 | ewc 2.1714e-05 | val 6.0638e-04 | lr 1.00e-04 | 41.40s
2025-07-08 13:25:36,470 - Epoch 043 | task 3.5725e-04 | kd 0.0000e+00 | ewc 2.7026e-05 | val 7.3481e-04 | lr 1.00e-04 | 41.33s
2025-07-08 13:26:18,038 - Epoch 044 | task 3.1554e-04 | kd 0.0000e+00 | ewc 2.3375e-05 | val 2.3892e-03 | lr 1.00e-04 | 41.46s
2025-07-08 13:27:00,634 - Epoch 045 | task 5.3050e-04 | kd 0.0000e+00 | ewc 2.5496e-05 | val 2.4182e-04 | lr 1.00e-04 | 42.48s
2025-07-08 13:27:42,805 - Epoch 046 | task 4.6304e-04 | kd 0.0000e+00 | ewc 2.7992e-05 | val 4.3111e-04 | lr 1.00e-04 | 42.00s
2025-07-08 13:28:25,242 - Epoch 047 | task 3.5624e-04 | kd 0.0000e+00 | ewc 2.3443e-05 | val 3.6518e-04 | lr 1.00e-04 | 42.29s
2025-07-08 13:29:07,706 - Epoch 048 | task 3.1235e-04 | kd 0.0000e+00 | ewc 2.2319e-05 | val 4.2592e-04 | lr 1.00e-04 | 42.36s
2025-07-08 13:29:49,738 - Epoch 049 | task 3.0672e-04 | kd 0.0000e+00 | ewc 2.2030e-05 | val 3.5717e-04 | lr 1.00e-04 | 41.92s
2025-07-08 13:30:31,267 - Epoch 050 | task 2.7598e-04 | kd 0.0000e+00 | ewc 2.1781e-05 | val 6.6193e-04 | lr 1.00e-04 | 41.45s
2025-07-08 13:31:13,710 - Epoch 051 | task 2.9679e-04 | kd 0.0000e+00 | ewc 2.1460e-05 | val 4.5103e-04 | lr 5.00e-05 | 42.35s
2025-07-08 13:31:55,983 - Epoch 052 | task 2.5481e-04 | kd 0.0000e+00 | ewc 2.1383e-05 | val 3.4315e-04 | lr 5.00e-05 | 42.21s
2025-07-08 13:32:47,891 - Epoch 053 | task 2.2116e-04 | kd 0.0000e+00 | ewc 2.0979e-05 | val 4.3312e-04 | lr 5.00e-05 | 51.83s
2025-07-08 13:33:40,949 - Epoch 054 | task 2.2493e-04 | kd 0.0000e+00 | ewc 2.0962e-05 | val 3.3069e-04 | lr 5.00e-05 | 52.91s
2025-07-08 13:34:28,724 - Epoch 055 | task 2.2357e-04 | kd 0.0000e+00 | ewc 2.0751e-05 | val 3.1716e-04 | lr 5.00e-05 | 47.62s
2025-07-08 13:35:21,517 - Epoch 056 | task 2.1141e-04 | kd 0.0000e+00 | ewc 2.0604e-05 | val 3.5230e-04 | lr 5.00e-05 | 52.72s
2025-07-08 13:36:09,431 - Epoch 057 | task 2.2260e-04 | kd 0.0000e+00 | ewc 2.0309e-05 | val 1.9953e-04 | lr 5.00e-05 | 47.76s
2025-07-08 13:36:49,405 - Epoch 058 | task 2.1507e-04 | kd 0.0000e+00 | ewc 2.0076e-05 | val 2.3447e-04 | lr 5.00e-05 | 39.77s
2025-07-08 13:37:29,299 - Epoch 059 | task 2.0458e-04 | kd 0.0000e+00 | ewc 1.9844e-05 | val 2.5045e-04 | lr 5.00e-05 | 39.78s
2025-07-08 13:38:10,294 - Epoch 060 | task 1.9705e-04 | kd 0.0000e+00 | ewc 1.9678e-05 | val 2.5077e-04 | lr 5.00e-05 | 40.88s
2025-07-08 13:38:50,119 - Epoch 061 | task 1.9751e-04 | kd 0.0000e+00 | ewc 1.9501e-05 | val 4.7773e-04 | lr 5.00e-05 | 39.73s
2025-07-08 13:39:30,043 - Epoch 062 | task 1.9599e-04 | kd 0.0000e+00 | ewc 1.9319e-05 | val 3.8530e-04 | lr 5.00e-05 | 39.83s
2025-07-08 13:40:09,844 - Epoch 063 | task 2.0330e-04 | kd 0.0000e+00 | ewc 1.9213e-05 | val 5.0220e-04 | lr 2.50e-05 | 39.72s
2025-07-08 13:40:49,942 - Epoch 064 | task 1.7650e-04 | kd 0.0000e+00 | ewc 1.9028e-05 | val 2.5606e-04 | lr 2.50e-05 | 39.98s
2025-07-08 13:41:30,147 - Epoch 065 | task 1.7682e-04 | kd 0.0000e+00 | ewc 1.8865e-05 | val 2.9662e-04 | lr 2.50e-05 | 40.13s
2025-07-08 13:42:10,235 - Epoch 066 | task 1.7782e-04 | kd 0.0000e+00 | ewc 1.8755e-05 | val 2.8559e-04 | lr 2.50e-05 | 40.02s
2025-07-08 13:42:50,471 - Epoch 067 | task 1.7352e-04 | kd 0.0000e+00 | ewc 1.8630e-05 | val 3.5488e-04 | lr 2.50e-05 | 40.16s
2025-07-08 13:43:30,631 - Epoch 068 | task 1.7487e-04 | kd 0.0000e+00 | ewc 1.8505e-05 | val 3.1117e-04 | lr 2.50e-05 | 40.05s
2025-07-08 13:44:10,772 - Epoch 069 | task 1.7319e-04 | kd 0.0000e+00 | ewc 1.8397e-05 | val 3.6909e-04 | lr 1.25e-05 | 39.96s
2025-07-08 13:44:50,794 - Epoch 070 | task 1.5934e-04 | kd 0.0000e+00 | ewc 1.8343e-05 | val 3.4151e-04 | lr 1.25e-05 | 39.94s
2025-07-08 13:45:30,818 - Epoch 071 | task 1.6559e-04 | kd 0.0000e+00 | ewc 1.8293e-05 | val 3.5035e-04 | lr 1.25e-05 | 39.97s
2025-07-08 13:46:10,905 - Epoch 072 | task 1.6198e-04 | kd 0.0000e+00 | ewc 1.8227e-05 | val 3.3183e-04 | lr 1.25e-05 | 39.98s
2025-07-08 13:46:50,969 - Epoch 073 | task 1.6261e-04 | kd 0.0000e+00 | ewc 1.8151e-05 | val 3.6941e-04 | lr 1.25e-05 | 39.98s
2025-07-08 13:47:31,155 - Epoch 074 | task 1.6444e-04 | kd 0.0000e+00 | ewc 1.8094e-05 | val 3.4129e-04 | lr 1.25e-05 | 40.11s
2025-07-08 13:48:12,579 - Epoch 075 | task 1.6313e-04 | kd 0.0000e+00 | ewc 1.8020e-05 | val 3.7125e-04 | lr 6.25e-06 | 41.29s
2025-07-08 13:48:52,737 - Epoch 076 | task 1.5643e-04 | kd 0.0000e+00 | ewc 1.7984e-05 | val 3.5615e-04 | lr 6.25e-06 | 40.09s
2025-07-08 13:49:32,829 - Epoch 077 | task 1.5604e-04 | kd 0.0000e+00 | ewc 1.7950e-05 | val 3.7250e-04 | lr 6.25e-06 | 39.97s
2025-07-08 13:49:32,906 - Early stopping at epoch 77
2025-07-08 13:49:33,632 - [task2] Training completed.
2025-07-08 13:49:33,634 - [task2] Consolidating EWC...
2025-07-08 13:50:06,847 - [task2] Consolidation done.
2025-07-08 13:50:06,850 - [task2] Baseline evaluation on own task task2 ...
2025-07-08 13:50:10,717 - [task2 Baseline on task2] RMSE: 6.9333e-02, MAE: 6.6414e-02
2025-07-08 13:50:10,719 - [task2] Baseline testing completed.
2025-07-08 13:50:10,722 - [task2] Backward testing on previous task task0...
2025-07-08 13:50:15,778 - [task2 BACKWARD on task0] RMSE: 8.6841e-02, MAE: 8.4703e-02
2025-07-08 13:50:15,781 - [task2] Backward testing on previous task task1...
2025-07-08 13:50:19,558 - [task2 BACKWARD on task1] RMSE: 6.2055e-02, MAE: 5.8507e-02
2025-07-08 13:50:19,560 - [task2] ΔMAE on task0: +3.9409e-02
2025-07-08 13:50:19,562 - [task2] ΔMAE on task1: -3.4742e-04
2025-07-08 13:50:19,563 - [task2] ACC (-MAE): -6.9875e-02
2025-07-08 13:50:19,565 - [task2] BWT: +1.9531e-02
2025-07-08 13:50:19,566 - [task2] FWT: +5.1267e-02
2025-07-08 13:50:19,569 - [task2] Evaluating BEST checkpoint...
2025-07-08 13:50:28,411 - [task2 Evaluation on full test set] RMSE: 7.5584e-02, MAE: 7.1577e-02, R2: 0.1930
2025-07-08 13:50:28,413 - [task2] Evaluation completed.
2025-07-08 13:50:28,540 - Saved ACC/BWT/FWT history to /beegfs/home/users/z/zzhuqshun/Thesis/04_NNs/model/try_lambda/incremental/continual_metrics.csv
2025-07-08 13:50:29,314 - ==== All tasks completed ====
