2025-08-17 01:56:48,177 - INFO - ==== Incremental Training (SI + KD via IncTrainer) ====
2025-08-17 01:56:48,258 - INFO - Number of tasks: 3
2025-08-17 01:58:21,221 - INFO - Incremental training - Task 0 Train IDs: ['03', '27', '05', '21', '11'], size: 107395
2025-08-17 01:58:21,232 - INFO - Incremental training - Task 0 Val IDs: ['01'], size: 20028
2025-08-17 01:58:21,244 - INFO - Incremental training - Test Task 0 size: 8584
2025-08-17 01:58:21,255 - INFO - Incremental training - Task 1 Train IDs: ['09', '29', '25'], size: 41175
2025-08-17 01:58:21,266 - INFO - Incremental training - Task 1 Val IDs: ['19'], size: 16183
2025-08-17 01:58:21,280 - INFO - Incremental training - Test Task 1 size: 6937
2025-08-17 01:58:21,296 - INFO - Incremental training - Task 2 Train IDs: ['15', '07', '23'], size: 57074
2025-08-17 01:58:21,307 - INFO - Incremental training - Task 2 Val IDs: ['13'], size: 4511
2025-08-17 01:58:21,324 - INFO - Incremental training - Test Task 2 size: 1934
2025-08-17 01:58:21,365 - INFO -   (Scaler) Scaler centers: [ 3.3374245   0.101279   27.50083333]
2025-08-17 01:58:21,381 - INFO -   (Scaler) Scaler scales: [0.18253608 1.77971742 1.05683333]
2025-08-17 01:58:22,163 - INFO - ========== Model Structure ==========
2025-08-17 01:58:22,178 - INFO - 
SOHLSTM(
  (lstm): LSTM(3, 128, num_layers=2, batch_first=True, dropout=0.3)
  (fc): Sequential(
    (0): Linear(in_features=128, out_features=64, bias=True)
    (1): LeakyReLU(negative_slope=0.01)
    (2): Dropout(p=0.3, inplace=False)
    (3): Linear(in_features=64, out_features=1, bias=True)
  )
)
2025-08-17 01:58:22,195 - INFO - =====================================
2025-08-17 01:58:22,212 - INFO - ====== Model Parameters Details ======
2025-08-17 01:58:22,229 - INFO - lstm.weight_ih_l0                                  | trainable |     1536 params
2025-08-17 01:58:22,248 - INFO - lstm.weight_hh_l0                                  | trainable |    65536 params
2025-08-17 01:58:22,271 - INFO - lstm.bias_ih_l0                                    | trainable |      512 params
2025-08-17 01:58:22,284 - INFO - lstm.bias_hh_l0                                    | trainable |      512 params
2025-08-17 01:58:22,298 - INFO - lstm.weight_ih_l1                                  | trainable |    65536 params
2025-08-17 01:58:22,312 - INFO - lstm.weight_hh_l1                                  | trainable |    65536 params
2025-08-17 01:58:22,328 - INFO - lstm.bias_ih_l1                                    | trainable |      512 params
2025-08-17 01:58:22,341 - INFO - lstm.bias_hh_l1                                    | trainable |      512 params
2025-08-17 01:58:22,356 - INFO - fc.0.weight                                        | trainable |     8192 params
2025-08-17 01:58:22,368 - INFO - fc.0.bias                                          | trainable |       64 params
2025-08-17 01:58:22,390 - INFO - fc.3.weight                                        | trainable |       64 params
2025-08-17 01:58:22,463 - INFO - fc.3.bias                                          | trainable |        1 params
2025-08-17 01:58:22,481 - INFO - --------------------------------------------------------------------------------
2025-08-17 01:58:22,494 - INFO - Total params:                                          208513 params (only trainable)
2025-08-17 01:58:22,512 - INFO - =====================================
2025-08-17 02:10:52,266 - INFO - [Task 0][Epoch 0] train=3.4183e-02 val=1.8106e-03 | KL=0.000 s=0.000 | Lambda: KD=0.0000e+00 SI=0.0000e+00 | Ratio: KD=0.00% SI=0.00% | lr=1.00e-04 time=170.81s
2025-08-17 02:13:41,425 - INFO - [Task 0][Epoch 1] train=7.4524e-03 val=9.6827e-04 | KL=0.000 s=0.000 | Lambda: KD=0.0000e+00 SI=0.0000e+00 | Ratio: KD=0.00% SI=0.00% | lr=1.00e-04 time=169.02s
2025-08-17 02:16:32,107 - INFO - [Task 0][Epoch 2] train=5.6415e-03 val=1.1449e-03 | KL=0.000 s=0.000 | Lambda: KD=0.0000e+00 SI=0.0000e+00 | Ratio: KD=0.00% SI=0.00% | lr=1.00e-04 time=170.55s
2025-08-17 02:19:17,539 - INFO - [Task 0][Epoch 3] train=4.6389e-03 val=5.0094e-04 | KL=0.000 s=0.000 | Lambda: KD=0.0000e+00 SI=0.0000e+00 | Ratio: KD=0.00% SI=0.00% | lr=1.00e-04 time=165.42s
2025-08-17 02:22:01,867 - INFO - [Task 0][Epoch 4] train=3.7085e-03 val=1.0208e-03 | KL=0.000 s=0.000 | Lambda: KD=0.0000e+00 SI=0.0000e+00 | Ratio: KD=0.00% SI=0.00% | lr=1.00e-04 time=164.22s
2025-08-17 02:24:45,529 - INFO - [Task 0][Epoch 5] train=2.8454e-03 val=3.8385e-04 | KL=0.000 s=0.000 | Lambda: KD=0.0000e+00 SI=0.0000e+00 | Ratio: KD=0.00% SI=0.00% | lr=1.00e-04 time=163.64s
2025-08-17 02:27:29,305 - INFO - [Task 0][Epoch 6] train=1.9421e-03 val=3.4660e-04 | KL=0.000 s=0.000 | Lambda: KD=0.0000e+00 SI=0.0000e+00 | Ratio: KD=0.00% SI=0.00% | lr=1.00e-04 time=163.64s
2025-08-17 02:30:13,219 - INFO - [Task 0][Epoch 7] train=1.3745e-03 val=2.3536e-04 | KL=0.000 s=0.000 | Lambda: KD=0.0000e+00 SI=0.0000e+00 | Ratio: KD=0.00% SI=0.00% | lr=1.00e-04 time=163.80s
2025-08-17 02:32:52,358 - INFO - [Task 0][Epoch 8] train=1.1364e-03 val=2.8731e-04 | KL=0.000 s=0.000 | Lambda: KD=0.0000e+00 SI=0.0000e+00 | Ratio: KD=0.00% SI=0.00% | lr=1.00e-04 time=159.05s
2025-08-17 02:35:16,966 - INFO - [Task 0][Epoch 9] train=8.5875e-04 val=9.2570e-04 | KL=0.000 s=0.000 | Lambda: KD=0.0000e+00 SI=0.0000e+00 | Ratio: KD=0.00% SI=0.00% | lr=1.00e-04 time=144.59s
2025-08-17 02:37:28,906 - INFO - [Task 0][Epoch 10] train=6.4584e-04 val=9.1032e-04 | KL=0.000 s=0.000 | Lambda: KD=0.0000e+00 SI=0.0000e+00 | Ratio: KD=0.00% SI=0.00% | lr=1.00e-04 time=131.93s
2025-08-17 02:39:45,507 - INFO - [Task 0][Epoch 11] train=5.3215e-04 val=1.2565e-03 | KL=0.000 s=0.000 | Lambda: KD=0.0000e+00 SI=0.0000e+00 | Ratio: KD=0.00% SI=0.00% | lr=1.00e-04 time=136.57s
2025-08-17 02:41:56,198 - INFO - [Task 0][Epoch 12] train=4.7213e-04 val=8.5282e-03 | KL=0.000 s=0.000 | Lambda: KD=0.0000e+00 SI=0.0000e+00 | Ratio: KD=0.00% SI=0.00% | lr=1.00e-04 time=130.67s
2025-08-17 02:43:29,063 - INFO - [Task 0][Epoch 13] train=4.5206e-04 val=2.6870e-03 | KL=0.000 s=0.000 | Lambda: KD=0.0000e+00 SI=0.0000e+00 | Ratio: KD=0.00% SI=0.00% | lr=5.00e-05 time=92.85s
2025-08-17 02:45:04,266 - INFO - [Task 0][Epoch 14] train=3.1625e-04 val=1.1495e-02 | KL=0.000 s=0.000 | Lambda: KD=0.0000e+00 SI=0.0000e+00 | Ratio: KD=0.00% SI=0.00% | lr=5.00e-05 time=95.20s
2025-08-17 02:46:40,239 - INFO - [Task 0][Epoch 15] train=2.0442e-04 val=1.1450e-02 | KL=0.000 s=0.000 | Lambda: KD=0.0000e+00 SI=0.0000e+00 | Ratio: KD=0.00% SI=0.00% | lr=5.00e-05 time=95.96s
2025-08-17 02:48:17,464 - INFO - [Task 0][Epoch 16] train=2.8454e-04 val=5.0561e-03 | KL=0.000 s=0.000 | Lambda: KD=0.0000e+00 SI=0.0000e+00 | Ratio: KD=0.00% SI=0.00% | lr=5.00e-05 time=97.22s
2025-08-17 02:49:55,945 - INFO - [Task 0][Epoch 17] train=4.2232e-04 val=7.1749e-03 | KL=0.000 s=0.000 | Lambda: KD=0.0000e+00 SI=0.0000e+00 | Ratio: KD=0.00% SI=0.00% | lr=5.00e-05 time=98.47s
2025-08-17 02:51:33,444 - INFO - [Task 0][Epoch 18] train=2.4178e-04 val=7.7412e-03 | KL=0.000 s=0.000 | Lambda: KD=0.0000e+00 SI=0.0000e+00 | Ratio: KD=0.00% SI=0.00% | lr=5.00e-05 time=97.49s
2025-08-17 02:53:09,534 - INFO - [Task 0][Epoch 19] train=1.7374e-04 val=8.2510e-03 | KL=0.000 s=0.000 | Lambda: KD=0.0000e+00 SI=0.0000e+00 | Ratio: KD=0.00% SI=0.00% | lr=2.50e-05 time=96.09s
2025-08-17 02:54:44,506 - INFO - [Task 0][Epoch 20] train=1.1908e-04 val=7.0348e-03 | KL=0.000 s=0.000 | Lambda: KD=0.0000e+00 SI=0.0000e+00 | Ratio: KD=0.00% SI=0.00% | lr=2.50e-05 time=94.94s
2025-08-17 02:56:20,232 - INFO - [Task 0][Epoch 21] train=1.0881e-04 val=4.9684e-03 | KL=0.000 s=0.000 | Lambda: KD=0.0000e+00 SI=0.0000e+00 | Ratio: KD=0.00% SI=0.00% | lr=2.50e-05 time=95.72s
2025-08-17 02:57:55,335 - INFO - [Task 0][Epoch 22] train=9.9826e-05 val=5.4105e-03 | KL=0.000 s=0.000 | Lambda: KD=0.0000e+00 SI=0.0000e+00 | Ratio: KD=0.00% SI=0.00% | lr=2.50e-05 time=95.10s
2025-08-17 02:59:30,497 - INFO - [Task 0][Epoch 23] train=9.6723e-05 val=4.8673e-03 | KL=0.000 s=0.000 | Lambda: KD=0.0000e+00 SI=0.0000e+00 | Ratio: KD=0.00% SI=0.00% | lr=2.50e-05 time=95.16s
2025-08-17 03:01:05,222 - INFO - [Task 0][Epoch 24] train=9.0518e-05 val=4.2275e-03 | KL=0.000 s=0.000 | Lambda: KD=0.0000e+00 SI=0.0000e+00 | Ratio: KD=0.00% SI=0.00% | lr=2.50e-05 time=94.72s
2025-08-17 03:02:39,655 - INFO - [Task 0][Epoch 25] train=8.6469e-05 val=8.7125e-03 | KL=0.000 s=0.000 | Lambda: KD=0.0000e+00 SI=0.0000e+00 | Ratio: KD=0.00% SI=0.00% | lr=1.25e-05 time=94.43s
2025-08-17 03:04:14,135 - INFO - [Task 0][Epoch 26] train=8.0020e-05 val=4.1118e-03 | KL=0.000 s=0.000 | Lambda: KD=0.0000e+00 SI=0.0000e+00 | Ratio: KD=0.00% SI=0.00% | lr=1.25e-05 time=94.48s
2025-08-17 03:05:48,810 - INFO - [Task 0][Epoch 27] train=7.8008e-05 val=4.4624e-03 | KL=0.000 s=0.000 | Lambda: KD=0.0000e+00 SI=0.0000e+00 | Ratio: KD=0.00% SI=0.00% | lr=1.25e-05 time=94.67s
2025-08-17 03:05:48,812 - INFO - [Task 0] Early stopping at epoch 27
2025-08-17 03:07:24,324 - INFO - [Task 1][Epoch 0] train=2.0958e-03 val=8.7926e-04 | KL=1.963 s=0.088 | Lambda: KD=0.0000e+00 SI=0.0000e+00 | Ratio: KD=0.00% SI=0.00% | lr=1.00e-04 time=61.41s
2025-08-17 03:08:25,657 - INFO - [Task 1][Epoch 1] train=1.7774e-03 val=1.7981e-03 | KL=1.961 s=0.088 | Lambda: KD=8.7071e-04 SI=2.6294e-05 | Ratio: KD=1.05% SI=0.00% | lr=1.00e-04 time=61.26s
2025-08-17 03:09:26,920 - INFO - [Task 1][Epoch 2] train=1.7926e-03 val=1.8106e-03 | KL=1.963 s=0.088 | Lambda: KD=1.7413e-03 SI=5.2609e-05 | Ratio: KD=2.10% SI=0.00% | lr=1.00e-04 time=61.26s
2025-08-17 03:10:27,945 - INFO - [Task 1][Epoch 3] train=1.7051e-03 val=8.6582e-04 | KL=1.962 s=0.088 | Lambda: KD=2.6122e-03 SI=7.8859e-05 | Ratio: KD=3.29% SI=0.01% | lr=1.00e-04 time=61.02s
2025-08-17 03:11:28,767 - INFO - [Task 1][Epoch 4] train=1.4797e-03 val=7.4974e-04 | KL=1.963 s=0.088 | Lambda: KD=3.4829e-03 SI=1.0516e-04 | Ratio: KD=5.00% SI=0.02% | lr=1.00e-04 time=60.80s
2025-08-17 03:12:29,662 - INFO - [Task 1][Epoch 5] train=1.0955e-03 val=4.4092e-04 | KL=1.967 s=0.088 | Lambda: KD=4.3532e-03 SI=1.3157e-04 | Ratio: KD=8.49% SI=0.04% | lr=1.00e-04 time=60.87s
2025-08-17 03:13:30,632 - INFO - [Task 1][Epoch 6] train=1.0785e-03 val=6.2342e-04 | KL=1.958 s=0.088 | Lambda: KD=5.2241e-03 SI=1.5780e-04 | Ratio: KD=10.44% SI=0.05% | lr=1.00e-04 time=60.95s
2025-08-17 03:14:31,586 - INFO - [Task 1][Epoch 7] train=9.1299e-04 val=6.2973e-04 | KL=1.961 s=0.088 | Lambda: KD=6.0948e-03 SI=1.8410e-04 | Ratio: KD=14.40% SI=0.09% | lr=1.00e-04 time=60.95s
2025-08-17 03:15:32,563 - INFO - [Task 1][Epoch 8] train=7.7857e-04 val=1.4842e-04 | KL=1.964 s=0.088 | Lambda: KD=6.9655e-03 SI=2.1039e-04 | Ratio: KD=19.21% SI=0.14% | lr=1.00e-04 time=60.96s
2025-08-17 03:16:33,432 - INFO - [Task 1][Epoch 9] train=7.6161e-04 val=3.3097e-04 | KL=1.961 s=0.088 | Lambda: KD=7.8365e-03 SI=2.3661e-04 | Ratio: KD=22.07% SI=0.18% | lr=1.00e-04 time=60.85s
2025-08-17 03:17:34,178 - INFO - [Task 1][Epoch 10] train=7.2764e-04 val=1.7193e-04 | KL=1.963 s=0.088 | Lambda: KD=8.7062e-03 SI=2.6321e-04 | Ratio: KD=25.64% SI=0.23% | lr=1.00e-04 time=60.75s
2025-08-17 03:18:35,116 - INFO - [Task 1][Epoch 11] train=6.6246e-04 val=6.2729e-04 | KL=1.964 s=0.088 | Lambda: KD=8.7063e-03 SI=2.6319e-04 | Ratio: KD=28.10% SI=0.27% | lr=1.00e-04 time=60.92s
2025-08-17 03:19:35,960 - INFO - [Task 1][Epoch 12] train=6.2014e-04 val=3.1676e-04 | KL=1.964 s=0.088 | Lambda: KD=8.7073e-03 SI=2.6285e-04 | Ratio: KD=30.04% SI=0.31% | lr=1.00e-04 time=60.84s
2025-08-17 03:20:36,937 - INFO - [Task 1][Epoch 13] train=6.0738e-04 val=1.8846e-04 | KL=1.961 s=0.088 | Lambda: KD=8.7072e-03 SI=2.6288e-04 | Ratio: KD=30.70% SI=0.35% | lr=1.00e-04 time=60.98s
2025-08-17 03:21:37,716 - INFO - [Task 1][Epoch 14] train=5.7836e-04 val=2.2900e-04 | KL=1.961 s=0.088 | Lambda: KD=8.7068e-03 SI=2.6302e-04 | Ratio: KD=32.29% SI=0.39% | lr=5.00e-05 time=60.78s
2025-08-17 03:22:38,686 - INFO - [Task 1][Epoch 15] train=5.2426e-04 val=4.2691e-04 | KL=1.961 s=0.088 | Lambda: KD=8.7074e-03 SI=2.6284e-04 | Ratio: KD=35.60% SI=0.45% | lr=5.00e-05 time=60.97s
2025-08-17 03:23:39,490 - INFO - [Task 1][Epoch 16] train=5.1432e-04 val=5.5065e-04 | KL=1.963 s=0.088 | Lambda: KD=8.7073e-03 SI=2.6285e-04 | Ratio: KD=36.26% SI=0.48% | lr=5.00e-05 time=60.80s
2025-08-17 03:24:40,263 - INFO - [Task 1][Epoch 17] train=5.0665e-04 val=3.2839e-04 | KL=1.965 s=0.088 | Lambda: KD=8.7066e-03 SI=2.6307e-04 | Ratio: KD=36.82% SI=0.50% | lr=5.00e-05 time=60.77s
2025-08-17 03:25:41,122 - INFO - [Task 1][Epoch 18] train=5.0191e-04 val=2.2007e-04 | KL=1.964 s=0.088 | Lambda: KD=8.7072e-03 SI=2.6288e-04 | Ratio: KD=37.16% SI=0.52% | lr=5.00e-05 time=60.86s
2025-08-17 03:26:41,998 - INFO - [Task 1][Epoch 19] train=4.9495e-04 val=3.4934e-04 | KL=1.963 s=0.088 | Lambda: KD=8.7063e-03 SI=2.6316e-04 | Ratio: KD=37.73% SI=0.54% | lr=5.00e-05 time=60.87s
2025-08-17 03:27:42,839 - INFO - [Task 1][Epoch 20] train=4.8216e-04 val=5.8992e-04 | KL=1.962 s=0.088 | Lambda: KD=8.7072e-03 SI=2.6291e-04 | Ratio: KD=38.61% SI=0.56% | lr=2.50e-05 time=60.84s
2025-08-17 03:28:43,657 - INFO - [Task 1][Epoch 21] train=4.5689e-04 val=4.6077e-04 | KL=1.962 s=0.088 | Lambda: KD=8.7065e-03 SI=2.6310e-04 | Ratio: KD=40.95% SI=0.60% | lr=2.50e-05 time=60.82s
2025-08-17 03:29:44,443 - INFO - [Task 1][Epoch 22] train=4.5231e-04 val=3.2535e-04 | KL=1.963 s=0.088 | Lambda: KD=8.7072e-03 SI=2.6288e-04 | Ratio: KD=41.23% SI=0.62% | lr=2.50e-05 time=60.77s
2025-08-17 03:30:45,394 - INFO - [Task 1][Epoch 23] train=4.5179e-04 val=4.7498e-04 | KL=1.963 s=0.088 | Lambda: KD=8.7073e-03 SI=2.6288e-04 | Ratio: KD=41.23% SI=0.62% | lr=2.50e-05 time=60.95s
2025-08-17 03:31:46,461 - INFO - [Task 1][Epoch 24] train=4.4898e-04 val=3.3536e-04 | KL=1.962 s=0.088 | Lambda: KD=8.7069e-03 SI=2.6299e-04 | Ratio: KD=41.53% SI=0.64% | lr=2.50e-05 time=61.06s
2025-08-17 03:32:47,766 - INFO - [Task 1][Epoch 25] train=4.4552e-04 val=5.7711e-04 | KL=1.965 s=0.088 | Lambda: KD=8.7062e-03 SI=2.6322e-04 | Ratio: KD=41.82% SI=0.65% | lr=2.50e-05 time=61.30s
2025-08-17 03:33:49,068 - INFO - [Task 1][Epoch 26] train=4.4137e-04 val=4.2115e-04 | KL=1.966 s=0.088 | Lambda: KD=8.7064e-03 SI=2.6313e-04 | Ratio: KD=42.23% SI=0.66% | lr=1.25e-05 time=61.30s
2025-08-17 03:34:50,318 - INFO - [Task 1][Epoch 27] train=4.2611e-04 val=2.6151e-04 | KL=1.962 s=0.088 | Lambda: KD=8.7069e-03 SI=2.6299e-04 | Ratio: KD=43.73% SI=0.69% | lr=1.25e-05 time=61.25s
2025-08-17 03:35:51,851 - INFO - [Task 1][Epoch 28] train=4.2598e-04 val=1.8014e-04 | KL=1.960 s=0.088 | Lambda: KD=8.7073e-03 SI=2.6285e-04 | Ratio: KD=43.75% SI=0.69% | lr=1.25e-05 time=61.53s
2025-08-17 03:35:51,853 - INFO - [Task 1] Early stopping at epoch 28
2025-08-17 03:37:27,999 - INFO - [Task 2][Epoch 0] train=6.1237e-04 val=1.4472e-03 | KL=0.358 s=0.018 | Lambda: KD=0.0000e+00 SI=0.0000e+00 | Ratio: KD=0.00% SI=0.00% | lr=1.00e-04 time=81.52s
2025-08-17 03:38:48,637 - INFO - [Task 2][Epoch 1] train=4.5695e-04 val=5.9968e-04 | KL=0.358 s=0.018 | Lambda: KD=9.3756e-04 SI=5.2578e-06 | Ratio: KD=0.17% SI=0.00% | lr=1.00e-04 time=80.60s
2025-08-17 03:40:09,144 - INFO - [Task 2][Epoch 2] train=3.9243e-04 val=1.0301e-03 | KL=0.356 s=0.017 | Lambda: KD=1.8753e-03 SI=1.0461e-05 | Ratio: KD=0.38% SI=0.00% | lr=1.00e-04 time=80.48s
2025-08-17 03:41:29,730 - INFO - [Task 2][Epoch 3] train=3.3255e-04 val=3.4184e-04 | KL=0.357 s=0.017 | Lambda: KD=2.8128e-03 SI=1.5743e-05 | Ratio: KD=0.66% SI=0.01% | lr=1.00e-04 time=80.56s
2025-08-17 03:42:50,312 - INFO - [Task 2][Epoch 4] train=2.9167e-04 val=9.4858e-04 | KL=0.359 s=0.018 | Lambda: KD=3.7500e-03 SI=2.1098e-05 | Ratio: KD=1.00% SI=0.03% | lr=1.00e-04 time=80.56s
2025-08-17 03:44:10,801 - INFO - [Task 2][Epoch 5] train=2.5975e-04 val=9.1255e-04 | KL=0.357 s=0.017 | Lambda: KD=4.6879e-03 SI=2.6262e-05 | Ratio: KD=1.39% SI=0.05% | lr=1.00e-04 time=80.47s
2025-08-17 03:45:31,740 - INFO - [Task 2][Epoch 6] train=2.3646e-04 val=6.8680e-04 | KL=0.361 s=0.018 | Lambda: KD=5.6246e-03 SI=3.1800e-05 | Ratio: KD=1.82% SI=0.08% | lr=1.00e-04 time=80.94s
2025-08-17 03:46:52,224 - INFO - [Task 2][Epoch 7] train=2.7893e-04 val=2.9788e-04 | KL=0.355 s=0.017 | Lambda: KD=6.5638e-03 SI=3.6521e-05 | Ratio: KD=1.84% SI=0.09% | lr=1.00e-04 time=80.48s
2025-08-17 03:48:12,894 - INFO - [Task 2][Epoch 8] train=2.0260e-04 val=3.2564e-04 | KL=0.357 s=0.017 | Lambda: KD=7.5007e-03 SI=4.1986e-05 | Ratio: KD=2.81% SI=0.16% | lr=1.00e-04 time=80.65s
2025-08-17 03:49:33,464 - INFO - [Task 2][Epoch 9] train=1.8521e-04 val=4.1346e-04 | KL=0.358 s=0.018 | Lambda: KD=8.4378e-03 SI=4.7412e-05 | Ratio: KD=3.44% SI=0.23% | lr=1.00e-04 time=80.57s
2025-08-17 03:50:52,965 - INFO - [Task 2][Epoch 10] train=1.8016e-04 val=3.5678e-04 | KL=0.358 s=0.018 | Lambda: KD=9.3753e-03 SI=5.2670e-05 | Ratio: KD=3.96% SI=0.29% | lr=1.00e-04 time=79.50s
2025-08-17 03:52:12,965 - INFO - [Task 2][Epoch 11] train=1.6981e-04 val=1.9187e-04 | KL=0.356 s=0.017 | Lambda: KD=9.3763e-03 SI=5.2348e-05 | Ratio: KD=4.17% SI=0.35% | lr=1.00e-04 time=79.99s
2025-08-17 03:53:33,842 - INFO - [Task 2][Epoch 12] train=1.6795e-04 val=1.0534e-04 | KL=0.357 s=0.017 | Lambda: KD=9.3761e-03 SI=5.2421e-05 | Ratio: KD=4.21% SI=0.39% | lr=1.00e-04 time=80.85s
2025-08-17 03:55:21,692 - INFO - [Task 2][Epoch 13] train=1.6639e-04 val=2.4462e-04 | KL=0.357 s=0.017 | Lambda: KD=9.3760e-03 SI=5.2462e-05 | Ratio: KD=4.28% SI=0.43% | lr=1.00e-04 time=107.81s
2025-08-17 03:57:12,137 - INFO - [Task 2][Epoch 14] train=1.5330e-04 val=2.0343e-04 | KL=0.357 s=0.017 | Lambda: KD=9.3760e-03 SI=5.2455e-05 | Ratio: KD=4.64% SI=0.50% | lr=1.00e-04 time=110.43s
2025-08-17 03:58:38,438 - INFO - [Task 2][Epoch 15] train=1.5130e-04 val=1.0890e-04 | KL=0.357 s=0.017 | Lambda: KD=9.3760e-03 SI=5.2452e-05 | Ratio: KD=4.72% SI=0.54% | lr=1.00e-04 time=86.27s
2025-08-17 04:00:00,632 - INFO - [Task 2][Epoch 16] train=1.5365e-04 val=3.5591e-05 | KL=0.355 s=0.017 | Lambda: KD=9.3767e-03 SI=5.2246e-05 | Ratio: KD=4.64% SI=0.57% | lr=1.00e-04 time=82.19s
2025-08-17 04:01:45,905 - INFO - [Task 2][Epoch 17] train=1.4211e-04 val=9.7580e-05 | KL=0.357 s=0.018 | Lambda: KD=9.3757e-03 SI=5.2546e-05 | Ratio: KD=5.00% SI=0.66% | lr=1.00e-04 time=105.22s
2025-08-17 04:03:28,972 - INFO - [Task 2][Epoch 18] train=1.3612e-04 val=1.6504e-04 | KL=0.358 s=0.018 | Lambda: KD=9.3754e-03 SI=5.2643e-05 | Ratio: KD=5.22% SI=0.74% | lr=1.00e-04 time=103.05s
2025-08-17 04:05:01,589 - INFO - [Task 2][Epoch 19] train=1.2609e-04 val=5.1661e-05 | KL=0.357 s=0.017 | Lambda: KD=9.3760e-03 SI=5.2453e-05 | Ratio: KD=5.62% SI=0.84% | lr=1.00e-04 time=92.61s
2025-08-17 04:06:57,924 - INFO - [Task 2][Epoch 20] train=1.2771e-04 val=3.8719e-05 | KL=0.357 s=0.017 | Lambda: KD=9.3758e-03 SI=5.2510e-05 | Ratio: KD=5.55% SI=0.88% | lr=1.00e-04 time=116.31s
2025-08-17 04:09:01,959 - INFO - [Task 2][Epoch 21] train=1.2558e-04 val=4.9102e-05 | KL=0.358 s=0.018 | Lambda: KD=9.3757e-03 SI=5.2565e-05 | Ratio: KD=5.66% SI=0.95% | lr=1.00e-04 time=124.03s
2025-08-17 04:11:05,490 - INFO - [Task 2][Epoch 22] train=1.2453e-04 val=3.7175e-05 | KL=0.358 s=0.018 | Lambda: KD=9.3756e-03 SI=5.2584e-05 | Ratio: KD=5.71% SI=1.00% | lr=5.00e-05 time=123.50s
2025-08-17 04:13:06,666 - INFO - [Task 2][Epoch 23] train=1.0374e-04 val=6.0075e-05 | KL=0.359 s=0.018 | Lambda: KD=9.3749e-03 SI=5.2799e-05 | Ratio: KD=6.87% SI=1.25% | lr=5.00e-05 time=121.17s
2025-08-17 04:15:09,845 - INFO - [Task 2][Epoch 24] train=1.0180e-04 val=3.6003e-05 | KL=0.357 s=0.017 | Lambda: KD=9.3759e-03 SI=5.2474e-05 | Ratio: KD=6.96% SI=1.30% | lr=5.00e-05 time=123.17s
2025-08-17 04:17:15,268 - INFO - [Task 2][Epoch 25] train=1.0194e-04 val=3.0639e-05 | KL=0.357 s=0.017 | Lambda: KD=9.3761e-03 SI=5.2411e-05 | Ratio: KD=6.94% SI=1.32% | lr=5.00e-05 time=125.41s
2025-08-17 04:19:27,989 - INFO - [Task 2][Epoch 26] train=9.7894e-05 val=2.6584e-05 | KL=0.357 s=0.017 | Lambda: KD=9.3759e-03 SI=5.2497e-05 | Ratio: KD=7.22% SI=1.41% | lr=5.00e-05 time=132.56s
2025-08-17 04:21:39,667 - INFO - [Task 2][Epoch 27] train=9.8704e-05 val=5.8471e-05 | KL=0.355 s=0.017 | Lambda: KD=9.3766e-03 SI=5.2254e-05 | Ratio: KD=7.17% SI=1.42% | lr=5.00e-05 time=131.55s
2025-08-17 04:23:46,432 - INFO - [Task 2][Epoch 28] train=9.5589e-05 val=4.6809e-05 | KL=0.357 s=0.017 | Lambda: KD=9.3759e-03 SI=5.2493e-05 | Ratio: KD=7.40% SI=1.51% | lr=5.00e-05 time=126.74s
2025-08-17 04:25:54,523 - INFO - [Task 2][Epoch 29] train=9.6933e-05 val=3.2379e-05 | KL=0.357 s=0.017 | Lambda: KD=9.3759e-03 SI=5.2491e-05 | Ratio: KD=7.32% SI=1.51% | lr=5.00e-05 time=128.08s
2025-08-17 04:28:01,977 - INFO - [Task 2][Epoch 30] train=9.4824e-05 val=4.2354e-05 | KL=0.356 s=0.017 | Lambda: KD=9.3762e-03 SI=5.2395e-05 | Ratio: KD=7.49% SI=1.57% | lr=5.00e-05 time=127.41s
2025-08-17 04:30:12,643 - INFO - [Task 2][Epoch 31] train=9.5262e-05 val=4.2546e-05 | KL=0.359 s=0.018 | Lambda: KD=9.3752e-03 SI=5.2716e-05 | Ratio: KD=7.44% SI=1.60% | lr=5.00e-05 time=130.64s
2025-08-17 04:32:23,146 - INFO - [Task 2][Epoch 32] train=9.6053e-05 val=6.9354e-05 | KL=0.357 s=0.017 | Lambda: KD=9.3761e-03 SI=5.2419e-05 | Ratio: KD=7.38% SI=1.61% | lr=2.50e-05 time=130.47s
2025-08-17 04:34:34,773 - INFO - [Task 2][Epoch 33] train=8.4987e-05 val=2.9378e-05 | KL=0.356 s=0.017 | Lambda: KD=9.3764e-03 SI=5.2340e-05 | Ratio: KD=8.34% SI=1.84% | lr=2.50e-05 time=131.61s
2025-08-17 04:36:43,258 - INFO - [Task 2][Epoch 34] train=8.5902e-05 val=6.0552e-05 | KL=0.359 s=0.018 | Lambda: KD=9.3750e-03 SI=5.2767e-05 | Ratio: KD=8.24% SI=1.85% | lr=2.50e-05 time=128.46s
2025-08-17 04:38:53,752 - INFO - [Task 2][Epoch 35] train=8.2681e-05 val=7.6226e-05 | KL=0.358 s=0.018 | Lambda: KD=9.3753e-03 SI=5.2669e-05 | Ratio: KD=8.53% SI=1.93% | lr=2.50e-05 time=130.48s
2025-08-17 04:41:01,779 - INFO - [Task 2][Epoch 36] train=8.3124e-05 val=1.3403e-04 | KL=0.356 s=0.017 | Lambda: KD=9.3765e-03 SI=5.2313e-05 | Ratio: KD=8.47% SI=1.92% | lr=2.50e-05 time=128.01s
2025-08-17 04:43:04,828 - INFO - [Task 2][Epoch 37] train=8.2619e-05 val=1.1164e-04 | KL=0.356 s=0.017 | Lambda: KD=9.3762e-03 SI=5.2406e-05 | Ratio: KD=8.55% SI=1.95% | lr=2.50e-05 time=123.04s
2025-08-17 04:44:45,702 - INFO - [Task 2][Epoch 38] train=8.0580e-05 val=7.1282e-05 | KL=0.358 s=0.018 | Lambda: KD=9.3757e-03 SI=5.2556e-05 | Ratio: KD=8.74% SI=2.02% | lr=1.25e-05 time=100.84s
2025-08-17 04:46:27,882 - INFO - [Task 2][Epoch 39] train=7.7552e-05 val=5.1460e-05 | KL=0.357 s=0.017 | Lambda: KD=9.3759e-03 SI=5.2488e-05 | Ratio: KD=9.09% SI=2.11% | lr=1.25e-05 time=102.18s
2025-08-17 04:47:59,588 - INFO - [Task 2][Epoch 40] train=7.8476e-05 val=6.5058e-05 | KL=0.359 s=0.018 | Lambda: KD=9.3752e-03 SI=5.2703e-05 | Ratio: KD=8.97% SI=2.10% | lr=1.25e-05 time=91.68s
2025-08-17 04:49:31,697 - INFO - [Task 2][Epoch 41] train=7.5406e-05 val=4.9221e-05 | KL=0.357 s=0.017 | Lambda: KD=9.3761e-03 SI=5.2428e-05 | Ratio: KD=9.34% SI=2.18% | lr=1.25e-05 time=92.10s
2025-08-17 04:51:04,690 - INFO - [Task 2][Epoch 42] train=7.5480e-05 val=5.1663e-05 | KL=0.358 s=0.018 | Lambda: KD=9.3755e-03 SI=5.2627e-05 | Ratio: KD=9.30% SI=2.20% | lr=1.25e-05 time=92.99s
2025-08-17 04:52:38,339 - INFO - [Task 2][Epoch 43] train=7.3880e-05 val=4.3015e-05 | KL=0.359 s=0.018 | Lambda: KD=9.3750e-03 SI=5.2771e-05 | Ratio: KD=9.51% SI=2.26% | lr=1.25e-05 time=93.64s
2025-08-17 04:54:13,346 - INFO - [Task 2][Epoch 44] train=7.4595e-05 val=6.4602e-05 | KL=0.358 s=0.018 | Lambda: KD=9.3755e-03 SI=5.2627e-05 | Ratio: KD=9.45% SI=2.24% | lr=6.25e-06 time=95.00s
2025-08-17 04:55:49,818 - INFO - [Task 2][Epoch 45] train=7.2531e-05 val=6.2874e-05 | KL=0.356 s=0.017 | Lambda: KD=9.3763e-03 SI=5.2365e-05 | Ratio: KD=9.72% SI=2.30% | lr=6.25e-06 time=96.45s
2025-08-17 04:57:27,565 - INFO - [Task 2][Epoch 46] train=7.1908e-05 val=5.6918e-05 | KL=0.360 s=0.018 | Lambda: KD=9.3748e-03 SI=5.2848e-05 | Ratio: KD=9.78% SI=2.34% | lr=6.25e-06 time=97.74s
2025-08-17 04:57:27,579 - INFO - [Task 2] Early stopping at epoch 46
2025-08-17 04:57:46,925 - INFO - ==== Incremental Training Complete ====
2025-08-17 04:57:46,933 - INFO - Evaluating final model...
2025-08-17 04:57:46,942 - INFO - ==== Starting Comprehensive Evaluation ====
2025-08-17 04:57:46,988 - INFO - Evaluating model trained after task 0...
2025-08-17 04:57:53,476 - INFO - Full test set evaluation: MAE=5.6224e-02, R2=0.1693
2025-08-17 04:57:58,986 - INFO -   Task 0 -> Test Task 0: MAE=2.7923e-02, R2=-29.2707
2025-08-17 04:58:00,774 - INFO -   Task 0 -> Test Task 1: MAE=3.5453e-02, R2=-2.1284
2025-08-17 04:58:01,136 - INFO -   Task 0 -> Test Task 2: MAE=7.2164e-01, R2=-980.0900
2025-08-17 04:58:01,144 - INFO - Evaluating model trained after task 1...
2025-08-17 04:58:07,589 - INFO - Full test set evaluation: MAE=3.2915e-02, R2=0.8052
2025-08-17 04:58:13,227 - INFO -   Task 1 -> Test Task 0: MAE=3.2688e-02, R2=-70.4649
2025-08-17 04:58:15,018 - INFO -   Task 1 -> Test Task 1: MAE=1.7272e-02, R2=0.2065
2025-08-17 04:58:15,377 - INFO -   Task 1 -> Test Task 2: MAE=5.1657e-02, R2=-2.9167
2025-08-17 04:58:15,383 - INFO - Evaluating model trained after task 2...
2025-08-17 04:58:21,822 - INFO - Full test set evaluation: MAE=3.1723e-02, R2=0.8459
2025-08-17 04:58:27,409 - INFO -   Task 2 -> Test Task 0: MAE=2.6338e-02, R2=-29.9763
2025-08-17 04:58:29,202 - INFO -   Task 2 -> Test Task 1: MAE=3.3667e-02, R2=-1.4814
2025-08-17 04:58:29,561 - INFO -   Task 2 -> Test Task 2: MAE=1.1541e-02, R2=0.7515
2025-08-17 04:58:29,570 - INFO - ==== Computing Continual Learning Metrics ====
2025-08-17 04:58:29,580 - INFO - Computing random initialization baselines...
2025-08-17 04:58:31,988 - INFO -   Baseline Task 0: R=-0.9732
2025-08-17 04:58:33,763 - INFO -   Baseline Task 1: R=-0.9253
2025-08-17 04:58:34,119 - INFO -   Baseline Task 2: R=-0.6923
2025-08-17 04:58:34,126 - INFO - ==== Continual Learning Results ====
2025-08-17 04:58:34,135 - INFO - BWT (Backward Transfer): -0.0074 (negative = forgetting)
2025-08-17 04:58:34,142 - INFO - FWT (Forward Transfer): 0.7652 (positive = beneficial transfer)
2025-08-17 04:58:34,151 - INFO - ACC (Average Accuracy): -0.0238
2025-08-17 04:58:34,160 - INFO - ==== Performance Matrix R[i][j] ====
2025-08-17 04:58:34,165 - INFO - Rows: trained after task i, Columns: evaluated on task j
2025-08-17 04:58:34,172 - INFO -        Task 0 Task 1 Task 2
2025-08-17 04:58:34,177 - INFO - Task 0: -0.0279 -0.0355 -0.7216
2025-08-17 04:58:34,189 - INFO - Task 1: -0.0327 -0.0173 -0.0517
2025-08-17 04:58:34,196 - INFO - Task 2: -0.0263 -0.0337 -0.0115
2025-08-17 04:58:34,411 - INFO - ==== Evaluation Complete ====
2025-08-17 04:58:34,418 - INFO - All results saved to: /beegfs/home/users/z/zzhuqshun/Thesis/final/tryout_optuna_init_tau120/metrics
