2025-08-12 22:05:01,197 - INFO - ==== Incremental Training (SI + KD via SITrainer) ====
2025-08-12 22:05:01,208 - INFO - Number of tasks: 3
2025-08-12 22:06:37,986 - INFO - Incremental training - Task 0 Train IDs: ['03', '27', '05', '21', '11'], size: 107395
2025-08-12 22:06:37,990 - INFO - Incremental training - Task 0 Val IDs: ['01'], size: 20028
2025-08-12 22:06:37,992 - INFO - Incremental training - Test Task 0 size: 8584
2025-08-12 22:06:37,993 - INFO - Incremental training - Task 1 Train IDs: ['09', '29', '25'], size: 41175
2025-08-12 22:06:37,994 - INFO - Incremental training - Task 1 Val IDs: ['19'], size: 16183
2025-08-12 22:06:37,997 - INFO - Incremental training - Test Task 1 size: 6937
2025-08-12 22:06:38,001 - INFO - Incremental training - Task 2 Train IDs: ['15', '07', '23'], size: 57074
2025-08-12 22:06:38,005 - INFO - Incremental training - Task 2 Val IDs: ['13'], size: 4511
2025-08-12 22:06:38,008 - INFO - Incremental training - Test Task 2 size: 1934
2025-08-12 22:06:38,048 - INFO -   (Scaler) Scaler centers: [ 3.3374245   0.101279   27.50083333]
2025-08-12 22:06:38,076 - INFO -   (Scaler) Scaler scales: [0.18253608 1.77971742 1.05683333]
2025-08-12 22:09:15,913 - INFO - ========== Model Structure ==========
2025-08-12 22:09:15,914 - INFO - 
SOHLSTM(
  (lstm): LSTM(3, 128, num_layers=2, batch_first=True, dropout=0.3)
  (fc): Sequential(
    (0): Linear(in_features=128, out_features=64, bias=True)
    (1): LeakyReLU(negative_slope=0.01)
    (2): Dropout(p=0.3, inplace=False)
    (3): Linear(in_features=64, out_features=1, bias=True)
  )
)
2025-08-12 22:09:15,920 - INFO - =====================================
2025-08-12 22:09:15,921 - INFO - ====== Model Parameters Details ======
2025-08-12 22:09:15,922 - INFO - lstm.weight_ih_l0                                  | trainable |     1536 params
2025-08-12 22:09:15,924 - INFO - lstm.weight_hh_l0                                  | trainable |    65536 params
2025-08-12 22:09:15,925 - INFO - lstm.bias_ih_l0                                    | trainable |      512 params
2025-08-12 22:09:15,925 - INFO - lstm.bias_hh_l0                                    | trainable |      512 params
2025-08-12 22:09:15,926 - INFO - lstm.weight_ih_l1                                  | trainable |    65536 params
2025-08-12 22:09:15,927 - INFO - lstm.weight_hh_l1                                  | trainable |    65536 params
2025-08-12 22:09:15,930 - INFO - lstm.bias_ih_l1                                    | trainable |      512 params
2025-08-12 22:09:15,931 - INFO - lstm.bias_hh_l1                                    | trainable |      512 params
2025-08-12 22:09:15,932 - INFO - fc.0.weight                                        | trainable |     8192 params
2025-08-12 22:09:15,934 - INFO - fc.0.bias                                          | trainable |       64 params
2025-08-12 22:09:15,936 - INFO - fc.3.weight                                        | trainable |       64 params
2025-08-12 22:09:15,938 - INFO - fc.3.bias                                          | trainable |        1 params
2025-08-12 22:09:15,940 - INFO - --------------------------------------------------------------------------------
2025-08-12 22:09:15,941 - INFO - Total params:                                          208513 params (only trainable)
2025-08-12 22:09:15,943 - INFO - =====================================
2025-08-12 22:09:15,946 - INFO - --- task0 (KL-scheduled KD+SI, eps=0.001) ---
2025-08-12 22:11:10,309 - INFO - Epoch 0: task=3.4245e-02 kd%=0.00% si%=0.00% kl=0.000 val=4.0887e-02
2025-08-12 22:12:58,375 - INFO - Epoch 1: task=7.3882e-03 kd%=0.00% si%=0.00% kl=0.000 val=3.6148e-02
2025-08-12 22:14:46,598 - INFO - Epoch 2: task=5.5538e-03 kd%=0.00% si%=0.00% kl=0.000 val=1.5671e-02
2025-08-12 22:16:36,184 - INFO - Epoch 3: task=3.9574e-03 kd%=0.00% si%=0.00% kl=0.000 val=1.2478e-02
2025-08-12 22:18:27,009 - INFO - Epoch 4: task=2.9706e-03 kd%=0.00% si%=0.00% kl=0.000 val=1.4970e-02
2025-08-12 22:20:16,816 - INFO - Epoch 5: task=2.2706e-03 kd%=0.00% si%=0.00% kl=0.000 val=1.4074e-02
2025-08-12 22:22:15,592 - INFO - Epoch 6: task=1.6811e-03 kd%=0.00% si%=0.00% kl=0.000 val=1.4001e-02
2025-08-12 22:24:37,451 - INFO - Epoch 7: task=1.2226e-03 kd%=0.00% si%=0.00% kl=0.000 val=1.7101e-02
2025-08-12 22:26:51,725 - INFO - Epoch 8: task=9.0893e-04 kd%=0.00% si%=0.00% kl=0.000 val=1.2918e-02
2025-08-12 22:29:15,929 - INFO - Epoch 9: task=7.0184e-04 kd%=0.00% si%=0.00% kl=0.000 val=1.6901e-02
2025-08-12 22:31:44,670 - INFO - Epoch 10: task=5.6939e-04 kd%=0.00% si%=0.00% kl=0.000 val=1.3751e-02
2025-08-12 22:35:10,759 - INFO - Epoch 11: task=5.0023e-04 kd%=0.00% si%=0.00% kl=0.000 val=1.4116e-02
2025-08-12 22:38:56,165 - INFO - Epoch 12: task=4.6140e-04 kd%=0.00% si%=0.00% kl=0.000 val=1.3840e-02
2025-08-12 22:42:20,772 - INFO - Epoch 13: task=4.1976e-04 kd%=0.00% si%=0.00% kl=0.000 val=1.2331e-02
2025-08-12 22:45:04,008 - INFO - Epoch 14: task=2.6166e-04 kd%=0.00% si%=0.00% kl=0.000 val=1.3909e-02
2025-08-12 22:47:44,829 - INFO - Epoch 15: task=1.9763e-04 kd%=0.00% si%=0.00% kl=0.000 val=2.1143e-02
2025-08-12 22:50:25,376 - INFO - Epoch 16: task=1.5802e-04 kd%=0.00% si%=0.00% kl=0.000 val=2.2477e-02
2025-08-12 22:53:08,013 - INFO - Epoch 17: task=1.4238e-04 kd%=0.00% si%=0.00% kl=0.000 val=2.0643e-02
2025-08-12 22:55:51,736 - INFO - Epoch 18: task=1.3013e-04 kd%=0.00% si%=0.00% kl=0.000 val=2.1605e-02
2025-08-12 22:58:36,791 - INFO - Epoch 19: task=1.1888e-04 kd%=0.00% si%=0.00% kl=0.000 val=2.4164e-02
2025-08-12 23:01:24,963 - INFO - Epoch 20: task=1.1307e-04 kd%=0.00% si%=0.00% kl=0.000 val=2.5716e-02
2025-08-12 23:04:15,053 - INFO - Epoch 21: task=1.2111e-04 kd%=0.00% si%=0.00% kl=0.000 val=2.4165e-02
2025-08-12 23:07:37,491 - INFO - Epoch 22: task=1.2174e-04 kd%=0.00% si%=0.00% kl=0.000 val=2.3917e-02
2025-08-12 23:11:02,200 - INFO - Epoch 23: task=1.0746e-04 kd%=0.00% si%=0.00% kl=0.000 val=2.4580e-02
2025-08-12 23:14:50,256 - INFO - Epoch 24: task=1.0050e-04 kd%=0.00% si%=0.00% kl=0.000 val=1.9759e-02
2025-08-12 23:18:21,155 - INFO - Epoch 25: task=9.7107e-05 kd%=0.00% si%=0.00% kl=0.000 val=2.2578e-02
2025-08-12 23:21:25,237 - INFO - Epoch 26: task=2.4711e-04 kd%=0.00% si%=0.00% kl=0.000 val=1.5698e-02
2025-08-12 23:23:12,824 - INFO - Epoch 27: task=9.6642e-05 kd%=0.00% si%=0.00% kl=0.000 val=2.1928e-02
2025-08-12 23:25:00,914 - INFO - Epoch 28: task=8.8390e-05 kd%=0.00% si%=0.00% kl=0.000 val=2.3725e-02
2025-08-12 23:26:51,641 - INFO - Epoch 29: task=8.7959e-05 kd%=0.00% si%=0.00% kl=0.000 val=2.3297e-02
2025-08-12 23:28:43,797 - INFO - Epoch 30: task=8.6172e-05 kd%=0.00% si%=0.00% kl=0.000 val=2.4956e-02
2025-08-12 23:30:35,400 - INFO - Epoch 31: task=8.4747e-05 kd%=0.00% si%=0.00% kl=0.000 val=2.4741e-02
2025-08-12 23:32:31,845 - INFO - Epoch 32: task=8.0344e-05 kd%=0.00% si%=0.00% kl=0.000 val=2.7038e-02
2025-08-12 23:34:33,391 - INFO - Epoch 33: task=7.7603e-05 kd%=0.00% si%=0.00% kl=0.000 val=2.7225e-02
2025-08-12 23:34:33,397 - INFO - Early stopping at epoch 33
2025-08-12 23:34:33,711 - INFO - Saved best checkpoint: /beegfs/home/users/z/zzhuqshun/Thesis/final/inc_dynamical/task0/task0_best.pt
2025-08-12 23:34:42,502 - INFO - --- task1 (KL-scheduled KD+SI, eps=0.001) ---
2025-08-12 23:36:01,262 - INFO - Epoch 0: task=9.5097e-04 kd%=5.00% si%=2.01% kl=0.719 val=2.4583e-02
2025-08-12 23:37:18,006 - INFO - Epoch 1: task=5.4223e-04 kd%=5.22% si%=2.83% kl=0.718 val=1.6918e-02
2025-08-12 23:38:34,368 - INFO - Epoch 2: task=4.6666e-04 kd%=6.76% si%=4.21% kl=0.719 val=2.4530e-02
2025-08-12 23:39:51,121 - INFO - Epoch 3: task=4.3366e-04 kd%=9.00% si%=5.63% kl=0.719 val=1.8357e-02
2025-08-12 23:41:07,732 - INFO - Epoch 4: task=4.2292e-04 kd%=11.25% si%=7.03% kl=0.719 val=2.3530e-02
2025-08-12 23:42:24,159 - INFO - Epoch 5: task=3.8196e-04 kd%=11.25% si%=7.03% kl=0.719 val=2.6476e-02
2025-08-12 23:43:40,881 - INFO - Epoch 6: task=3.4614e-04 kd%=11.26% si%=7.04% kl=0.719 val=2.4654e-02
2025-08-12 23:44:57,297 - INFO - Epoch 7: task=3.6246e-04 kd%=11.24% si%=7.03% kl=0.719 val=2.4114e-02
2025-08-12 23:46:13,933 - INFO - Epoch 8: task=3.4333e-04 kd%=11.24% si%=7.03% kl=0.719 val=2.7439e-02
2025-08-12 23:47:30,458 - INFO - Epoch 9: task=3.1592e-04 kd%=11.23% si%=7.02% kl=0.719 val=2.4907e-02
2025-08-12 23:48:46,671 - INFO - Epoch 10: task=3.1645e-04 kd%=11.26% si%=7.04% kl=0.719 val=2.6480e-02
2025-08-12 23:50:03,391 - INFO - Epoch 11: task=2.9472e-04 kd%=11.24% si%=7.02% kl=0.719 val=2.5109e-02
2025-08-12 23:51:19,462 - INFO - Epoch 12: task=3.0309e-04 kd%=11.22% si%=7.01% kl=0.719 val=2.1054e-02
2025-08-12 23:52:35,368 - INFO - Epoch 13: task=2.8445e-04 kd%=11.24% si%=7.02% kl=0.719 val=2.5287e-02
2025-08-12 23:53:51,516 - INFO - Epoch 14: task=2.8160e-04 kd%=11.26% si%=7.04% kl=0.718 val=2.2842e-02
2025-08-12 23:55:07,750 - INFO - Epoch 15: task=3.2138e-04 kd%=11.27% si%=7.04% kl=0.718 val=1.8291e-02
2025-08-12 23:56:24,211 - INFO - Epoch 16: task=2.7050e-04 kd%=11.24% si%=7.03% kl=0.719 val=2.5701e-02
2025-08-12 23:57:40,744 - INFO - Epoch 17: task=2.5741e-04 kd%=11.26% si%=7.04% kl=0.718 val=1.6417e-02
2025-08-12 23:58:56,810 - INFO - Epoch 18: task=2.6434e-04 kd%=11.26% si%=7.04% kl=0.718 val=1.7981e-02
2025-08-13 00:00:12,793 - INFO - Epoch 19: task=2.6475e-04 kd%=11.25% si%=7.03% kl=0.719 val=2.1194e-02
2025-08-13 00:01:28,840 - INFO - Epoch 20: task=2.5295e-04 kd%=11.24% si%=7.02% kl=0.719 val=2.1751e-02
2025-08-13 00:02:44,928 - INFO - Epoch 21: task=2.4513e-04 kd%=11.25% si%=7.03% kl=0.719 val=1.7449e-02
2025-08-13 00:04:01,230 - INFO - Epoch 22: task=2.3887e-04 kd%=11.25% si%=7.03% kl=0.719 val=2.4024e-02
2025-08-13 00:05:17,483 - INFO - Epoch 23: task=2.4076e-04 kd%=11.25% si%=7.03% kl=0.719 val=1.9801e-02
2025-08-13 00:06:33,821 - INFO - Epoch 24: task=2.3387e-04 kd%=11.26% si%=7.04% kl=0.718 val=1.9497e-02
2025-08-13 00:07:50,021 - INFO - Epoch 25: task=2.3684e-04 kd%=11.27% si%=7.04% kl=0.718 val=1.3124e-02
2025-08-13 00:09:06,081 - INFO - Epoch 26: task=2.3321e-04 kd%=11.27% si%=7.04% kl=0.718 val=1.8244e-02
2025-08-13 00:10:24,783 - INFO - Epoch 27: task=2.3322e-04 kd%=11.25% si%=7.03% kl=0.719 val=1.9696e-02
2025-08-13 00:11:40,896 - INFO - Epoch 28: task=2.2120e-04 kd%=11.25% si%=7.03% kl=0.719 val=1.1844e-02
2025-08-13 00:12:56,767 - INFO - Epoch 29: task=2.3169e-04 kd%=11.25% si%=7.03% kl=0.719 val=1.5681e-02
2025-08-13 00:14:12,872 - INFO - Epoch 30: task=2.2827e-04 kd%=11.23% si%=7.02% kl=0.719 val=2.1057e-02
2025-08-13 00:15:29,120 - INFO - Epoch 31: task=2.2373e-04 kd%=11.27% si%=7.04% kl=0.718 val=8.9809e-03
2025-08-13 00:16:45,367 - INFO - Epoch 32: task=2.1483e-04 kd%=11.27% si%=7.04% kl=0.718 val=2.0418e-02
2025-08-13 00:18:01,598 - INFO - Epoch 33: task=2.1069e-04 kd%=11.22% si%=7.01% kl=0.719 val=1.1654e-02
2025-08-13 00:19:17,621 - INFO - Epoch 34: task=2.0999e-04 kd%=11.26% si%=7.04% kl=0.718 val=1.9989e-02
2025-08-13 00:20:33,779 - INFO - Epoch 35: task=2.1650e-04 kd%=11.24% si%=7.02% kl=0.719 val=1.4439e-02
2025-08-13 00:21:49,810 - INFO - Epoch 36: task=2.1012e-04 kd%=11.23% si%=7.02% kl=0.719 val=1.3134e-02
2025-08-13 00:23:06,104 - INFO - Epoch 37: task=2.0881e-04 kd%=11.23% si%=7.02% kl=0.719 val=1.2543e-02
2025-08-13 00:24:22,286 - INFO - Epoch 38: task=2.0625e-04 kd%=11.23% si%=7.02% kl=0.719 val=2.1474e-02
2025-08-13 00:25:38,429 - INFO - Epoch 39: task=2.1162e-04 kd%=11.22% si%=7.01% kl=0.719 val=1.6703e-02
2025-08-13 00:26:54,113 - INFO - Epoch 40: task=1.9574e-04 kd%=11.25% si%=7.03% kl=0.719 val=1.0123e-02
2025-08-13 00:28:10,133 - INFO - Epoch 41: task=2.0619e-04 kd%=11.24% si%=7.03% kl=0.719 val=6.9535e-03
2025-08-13 00:29:26,240 - INFO - Epoch 42: task=2.0166e-04 kd%=11.25% si%=7.03% kl=0.719 val=1.5873e-02
2025-08-13 00:30:43,336 - INFO - Epoch 43: task=2.0001e-04 kd%=11.23% si%=7.02% kl=0.719 val=7.5846e-03
2025-08-13 00:31:59,401 - INFO - Epoch 44: task=2.0989e-04 kd%=11.25% si%=7.03% kl=0.719 val=7.9654e-03
2025-08-13 00:33:15,470 - INFO - Epoch 45: task=1.9218e-04 kd%=11.26% si%=7.04% kl=0.719 val=7.6256e-03
2025-08-13 00:34:31,501 - INFO - Epoch 46: task=1.9390e-04 kd%=11.25% si%=7.03% kl=0.719 val=8.8896e-03
2025-08-13 00:35:47,550 - INFO - Epoch 47: task=1.9635e-04 kd%=11.24% si%=7.02% kl=0.719 val=5.9626e-03
2025-08-13 00:37:03,271 - INFO - Epoch 48: task=1.9467e-04 kd%=11.26% si%=7.04% kl=0.718 val=8.9571e-03
2025-08-13 00:38:18,973 - INFO - Epoch 49: task=1.9851e-04 kd%=11.23% si%=7.02% kl=0.719 val=8.4195e-03
2025-08-13 00:39:35,271 - INFO - Epoch 50: task=1.8887e-04 kd%=11.27% si%=7.04% kl=0.718 val=4.4656e-03
2025-08-13 00:40:51,134 - INFO - Epoch 51: task=1.9151e-04 kd%=11.25% si%=7.03% kl=0.719 val=1.6937e-02
2025-08-13 00:42:08,850 - INFO - Epoch 52: task=1.8798e-04 kd%=11.24% si%=7.02% kl=0.719 val=5.6259e-03
2025-08-13 00:43:28,029 - INFO - Epoch 53: task=1.8649e-04 kd%=11.27% si%=7.04% kl=0.718 val=7.5172e-03
2025-08-13 00:44:45,128 - INFO - Epoch 54: task=1.8681e-04 kd%=11.26% si%=7.03% kl=0.719 val=6.0261e-03
2025-08-13 00:46:02,788 - INFO - Epoch 55: task=1.8218e-04 kd%=11.23% si%=7.02% kl=0.719 val=6.3207e-03
2025-08-13 00:47:19,579 - INFO - Epoch 56: task=1.8677e-04 kd%=11.25% si%=7.03% kl=0.719 val=6.8455e-03
2025-08-13 00:48:36,123 - INFO - Epoch 57: task=1.8488e-04 kd%=11.20% si%=7.00% kl=0.720 val=6.9460e-03
2025-08-13 00:49:52,634 - INFO - Epoch 58: task=1.8219e-04 kd%=11.25% si%=7.03% kl=0.719 val=5.9940e-03
2025-08-13 00:51:09,157 - INFO - Epoch 59: task=1.9075e-04 kd%=11.25% si%=7.03% kl=0.719 val=7.0339e-03
2025-08-13 00:52:26,930 - INFO - Epoch 60: task=1.7974e-04 kd%=11.25% si%=7.03% kl=0.719 val=6.4103e-03
2025-08-13 00:53:43,506 - INFO - Epoch 61: task=1.7782e-04 kd%=11.26% si%=7.04% kl=0.718 val=7.5329e-03
2025-08-13 00:54:59,828 - INFO - Epoch 62: task=1.8213e-04 kd%=11.22% si%=7.01% kl=0.720 val=6.2040e-03
2025-08-13 00:56:16,450 - INFO - Epoch 63: task=1.7386e-04 kd%=11.24% si%=7.03% kl=0.719 val=6.9618e-03
2025-08-13 00:57:32,762 - INFO - Epoch 64: task=1.7127e-04 kd%=11.25% si%=7.03% kl=0.719 val=5.9914e-03
2025-08-13 00:58:49,253 - INFO - Epoch 65: task=1.7840e-04 kd%=11.27% si%=7.04% kl=0.718 val=9.3006e-03
2025-08-13 01:00:05,739 - INFO - Epoch 66: task=1.7707e-04 kd%=11.24% si%=7.03% kl=0.719 val=6.7639e-03
2025-08-13 01:01:22,370 - INFO - Epoch 67: task=1.6722e-04 kd%=11.25% si%=7.03% kl=0.719 val=6.7584e-03
2025-08-13 01:02:38,778 - INFO - Epoch 68: task=1.8389e-04 kd%=11.21% si%=7.01% kl=0.720 val=8.7847e-03
2025-08-13 01:03:54,994 - INFO - Epoch 69: task=1.6871e-04 kd%=11.24% si%=7.02% kl=0.719 val=7.2146e-03
2025-08-13 01:05:11,134 - INFO - Epoch 70: task=1.6959e-04 kd%=11.25% si%=7.03% kl=0.719 val=8.2052e-03
2025-08-13 01:05:11,135 - INFO - Early stopping at epoch 70
2025-08-13 01:05:11,200 - INFO - Saved best checkpoint: /beegfs/home/users/z/zzhuqshun/Thesis/final/inc_dynamical/task1/task1_best.pt
2025-08-13 01:05:13,841 - INFO - --- task2 (KL-scheduled KD+SI, eps=0.001) ---
2025-08-13 01:06:54,898 - INFO - Epoch 0: task=1.9257e-04 kd%=5.00% si%=2.00% kl=0.984 val=3.0181e-02
2025-08-13 01:08:35,704 - INFO - Epoch 1: task=1.3953e-04 kd%=5.00% si%=2.00% kl=0.984 val=2.2621e-02
2025-08-13 01:10:16,492 - INFO - Epoch 2: task=1.5158e-04 kd%=5.00% si%=2.00% kl=0.984 val=1.5995e-02
2025-08-13 01:11:56,777 - INFO - Epoch 3: task=1.1656e-04 kd%=5.00% si%=2.00% kl=0.984 val=1.6257e-02
2025-08-13 01:13:37,333 - INFO - Epoch 4: task=1.1141e-04 kd%=5.00% si%=2.00% kl=0.984 val=1.6067e-02
2025-08-13 01:15:17,863 - INFO - Epoch 5: task=1.0513e-04 kd%=5.00% si%=2.00% kl=0.984 val=1.1696e-02
2025-08-13 01:16:58,542 - INFO - Epoch 6: task=9.9683e-05 kd%=5.00% si%=2.00% kl=0.984 val=1.3506e-02
2025-08-13 01:18:38,930 - INFO - Epoch 7: task=9.4296e-05 kd%=5.00% si%=2.00% kl=0.984 val=1.6932e-02
2025-08-13 01:20:19,110 - INFO - Epoch 8: task=1.0136e-04 kd%=5.00% si%=2.00% kl=0.984 val=1.3932e-02
2025-08-13 01:21:59,222 - INFO - Epoch 9: task=9.4387e-05 kd%=5.00% si%=2.00% kl=0.984 val=2.1604e-02
2025-08-13 01:23:39,425 - INFO - Epoch 10: task=9.2955e-05 kd%=5.00% si%=2.00% kl=0.984 val=1.5575e-02
2025-08-13 01:25:19,162 - INFO - Epoch 11: task=9.6843e-05 kd%=5.00% si%=2.00% kl=0.984 val=1.8897e-02
2025-08-13 01:26:58,643 - INFO - Epoch 12: task=9.0009e-05 kd%=5.00% si%=2.00% kl=0.984 val=1.4705e-02
2025-08-13 01:28:38,534 - INFO - Epoch 13: task=8.5750e-05 kd%=5.00% si%=2.00% kl=0.984 val=1.3731e-02
2025-08-13 01:30:15,264 - INFO - Epoch 14: task=8.9519e-05 kd%=5.00% si%=2.00% kl=0.984 val=1.3924e-02
2025-08-13 01:31:51,977 - INFO - Epoch 15: task=8.7442e-05 kd%=5.00% si%=2.00% kl=0.984 val=1.3718e-02
2025-08-13 01:33:29,245 - INFO - Epoch 16: task=8.6093e-05 kd%=5.00% si%=2.00% kl=0.984 val=1.0532e-02
2025-08-13 01:35:06,984 - INFO - Epoch 17: task=8.7470e-05 kd%=5.00% si%=2.00% kl=0.984 val=1.4624e-02
2025-08-13 01:36:44,282 - INFO - Epoch 18: task=8.6828e-05 kd%=5.00% si%=2.00% kl=0.984 val=1.5302e-02
2025-08-13 01:38:22,477 - INFO - Epoch 19: task=8.3289e-05 kd%=5.00% si%=2.00% kl=0.984 val=1.3933e-02
2025-08-13 01:40:00,037 - INFO - Epoch 20: task=8.1376e-05 kd%=5.00% si%=2.00% kl=0.984 val=1.2946e-02
2025-08-13 01:41:36,762 - INFO - Epoch 21: task=8.1719e-05 kd%=5.00% si%=2.00% kl=0.984 val=1.4839e-02
2025-08-13 01:43:16,673 - INFO - Epoch 22: task=9.0232e-05 kd%=5.00% si%=2.00% kl=0.984 val=2.9126e-02
2025-08-13 01:45:02,263 - INFO - Epoch 23: task=7.9315e-05 kd%=5.00% si%=2.00% kl=0.984 val=1.1572e-02
2025-08-13 01:46:48,107 - INFO - Epoch 24: task=8.0292e-05 kd%=5.00% si%=2.00% kl=0.984 val=1.5593e-02
2025-08-13 01:48:34,027 - INFO - Epoch 25: task=8.0946e-05 kd%=5.00% si%=2.00% kl=0.984 val=1.1363e-02
2025-08-13 01:50:19,888 - INFO - Epoch 26: task=7.9769e-05 kd%=5.00% si%=2.00% kl=0.984 val=1.4713e-02
2025-08-13 01:52:15,212 - INFO - Epoch 27: task=8.1740e-05 kd%=5.00% si%=2.00% kl=0.984 val=1.2115e-02
2025-08-13 01:54:18,650 - INFO - Epoch 28: task=8.1336e-05 kd%=5.00% si%=2.00% kl=0.984 val=1.2165e-02
2025-08-13 01:56:16,525 - INFO - Epoch 29: task=7.7973e-05 kd%=5.00% si%=2.00% kl=0.984 val=1.0913e-02
2025-08-13 01:58:04,775 - INFO - Epoch 30: task=8.0475e-05 kd%=5.00% si%=2.00% kl=0.984 val=1.0360e-02
2025-08-13 01:59:52,439 - INFO - Epoch 31: task=7.7694e-05 kd%=5.00% si%=2.00% kl=0.984 val=1.0798e-02
2025-08-13 02:01:28,579 - INFO - Epoch 32: task=8.3330e-05 kd%=5.00% si%=2.00% kl=0.984 val=9.7531e-03
2025-08-13 02:03:05,381 - INFO - Epoch 33: task=1.1354e-04 kd%=5.00% si%=2.00% kl=0.984 val=1.2759e-02
2025-08-13 02:04:40,602 - INFO - Epoch 34: task=1.1475e-04 kd%=5.00% si%=2.00% kl=0.984 val=9.0199e-03
2025-08-13 02:06:15,805 - INFO - Epoch 35: task=7.9190e-05 kd%=5.00% si%=2.00% kl=0.984 val=1.0596e-02
2025-08-13 02:07:51,083 - INFO - Epoch 36: task=7.8647e-05 kd%=5.00% si%=2.00% kl=0.984 val=1.4865e-02
2025-08-13 02:09:26,313 - INFO - Epoch 37: task=9.6982e-05 kd%=5.00% si%=2.00% kl=0.984 val=9.3645e-03
2025-08-13 02:11:01,343 - INFO - Epoch 38: task=7.8260e-05 kd%=5.00% si%=2.00% kl=0.984 val=9.1201e-03
2025-08-13 02:12:36,423 - INFO - Epoch 39: task=7.5129e-05 kd%=5.00% si%=2.00% kl=0.984 val=7.2177e-03
2025-08-13 02:14:12,153 - INFO - Epoch 40: task=7.7915e-05 kd%=5.00% si%=2.00% kl=0.984 val=9.4918e-03
2025-08-13 02:15:47,994 - INFO - Epoch 41: task=7.3172e-05 kd%=5.00% si%=2.00% kl=0.984 val=8.5575e-03
2025-08-13 02:17:24,527 - INFO - Epoch 42: task=7.4177e-05 kd%=5.00% si%=2.00% kl=0.984 val=9.6874e-03
2025-08-13 02:19:00,754 - INFO - Epoch 43: task=7.4100e-05 kd%=5.00% si%=2.00% kl=0.984 val=1.2418e-02
2025-08-13 02:20:36,104 - INFO - Epoch 44: task=7.8491e-05 kd%=5.00% si%=2.00% kl=0.984 val=8.3737e-03
2025-08-13 02:22:11,798 - INFO - Epoch 45: task=7.4475e-05 kd%=5.00% si%=2.00% kl=0.984 val=9.8068e-03
2025-08-13 02:23:48,751 - INFO - Epoch 46: task=7.4461e-05 kd%=5.00% si%=2.00% kl=0.984 val=8.2673e-03
2025-08-13 02:25:25,489 - INFO - Epoch 47: task=7.1768e-05 kd%=5.00% si%=2.00% kl=0.984 val=1.0792e-02
2025-08-13 02:27:02,197 - INFO - Epoch 48: task=7.2514e-05 kd%=5.00% si%=2.00% kl=0.984 val=9.9646e-03
2025-08-13 02:28:39,045 - INFO - Epoch 49: task=7.5374e-05 kd%=5.00% si%=2.00% kl=0.984 val=1.0437e-02
2025-08-13 02:30:15,984 - INFO - Epoch 50: task=7.2612e-05 kd%=5.00% si%=2.00% kl=0.984 val=1.0156e-02
2025-08-13 02:31:52,983 - INFO - Epoch 51: task=7.4904e-05 kd%=5.00% si%=2.00% kl=0.984 val=1.4202e-02
2025-08-13 02:33:29,974 - INFO - Epoch 52: task=7.6360e-05 kd%=5.00% si%=2.00% kl=0.984 val=1.0433e-02
2025-08-13 02:35:06,741 - INFO - Epoch 53: task=7.4528e-05 kd%=5.00% si%=2.00% kl=0.984 val=9.0671e-03
2025-08-13 02:36:43,593 - INFO - Epoch 54: task=6.9397e-05 kd%=5.00% si%=2.00% kl=0.984 val=1.1913e-02
2025-08-13 02:38:20,521 - INFO - Epoch 55: task=7.1014e-05 kd%=5.00% si%=2.00% kl=0.984 val=9.9750e-03
2025-08-13 02:39:57,521 - INFO - Epoch 56: task=7.0636e-05 kd%=5.00% si%=2.00% kl=0.984 val=1.2170e-02
2025-08-13 02:41:36,679 - INFO - Epoch 57: task=6.9714e-05 kd%=5.00% si%=2.00% kl=0.984 val=9.4037e-03
2025-08-13 02:43:13,794 - INFO - Epoch 58: task=7.0284e-05 kd%=5.00% si%=2.00% kl=0.984 val=7.2026e-03
2025-08-13 02:44:51,589 - INFO - Epoch 59: task=7.5494e-05 kd%=5.00% si%=2.00% kl=0.984 val=1.1331e-02
2025-08-13 02:46:28,568 - INFO - Epoch 60: task=7.4829e-05 kd%=5.00% si%=2.00% kl=0.984 val=9.3887e-03
2025-08-13 02:48:05,502 - INFO - Epoch 61: task=7.3503e-05 kd%=5.00% si%=2.00% kl=0.984 val=1.2568e-02
2025-08-13 02:49:42,617 - INFO - Epoch 62: task=7.1426e-05 kd%=5.00% si%=2.00% kl=0.984 val=7.5670e-03
2025-08-13 02:51:19,744 - INFO - Epoch 63: task=7.3416e-05 kd%=5.00% si%=2.00% kl=0.984 val=9.7837e-03
2025-08-13 02:52:57,957 - INFO - Epoch 64: task=7.1477e-05 kd%=5.00% si%=2.00% kl=0.984 val=1.2874e-02
2025-08-13 02:54:36,431 - INFO - Epoch 65: task=6.9371e-05 kd%=5.00% si%=2.00% kl=0.984 val=9.9281e-03
2025-08-13 02:56:14,438 - INFO - Epoch 66: task=7.4041e-05 kd%=5.00% si%=2.00% kl=0.984 val=9.3647e-03
2025-08-13 02:57:52,680 - INFO - Epoch 67: task=6.9711e-05 kd%=5.00% si%=2.00% kl=0.984 val=9.5008e-03
2025-08-13 02:59:30,888 - INFO - Epoch 68: task=7.1646e-05 kd%=5.00% si%=2.00% kl=0.984 val=7.6336e-03
2025-08-13 03:01:09,320 - INFO - Epoch 69: task=7.1800e-05 kd%=5.00% si%=2.00% kl=0.984 val=1.2598e-02
2025-08-13 03:02:48,619 - INFO - Epoch 70: task=7.0519e-05 kd%=5.00% si%=2.00% kl=0.984 val=1.8550e-02
2025-08-13 03:04:30,542 - INFO - Epoch 71: task=7.1744e-05 kd%=5.00% si%=2.00% kl=0.984 val=1.1485e-02
2025-08-13 03:06:08,808 - INFO - Epoch 72: task=7.6585e-05 kd%=5.00% si%=2.00% kl=0.984 val=1.1532e-02
2025-08-13 03:07:46,029 - INFO - Epoch 73: task=7.3765e-05 kd%=5.00% si%=2.00% kl=0.984 val=6.2103e-03
2025-08-13 03:09:22,932 - INFO - Epoch 74: task=6.9326e-05 kd%=5.00% si%=2.00% kl=0.984 val=1.0592e-02
2025-08-13 03:10:59,667 - INFO - Epoch 75: task=6.7121e-05 kd%=5.00% si%=2.00% kl=0.984 val=1.3792e-02
2025-08-13 03:12:36,339 - INFO - Epoch 76: task=7.0812e-05 kd%=5.00% si%=2.00% kl=0.984 val=9.8127e-03
2025-08-13 03:14:13,143 - INFO - Epoch 77: task=6.8248e-05 kd%=5.00% si%=2.00% kl=0.984 val=1.1365e-02
2025-08-13 03:15:50,016 - INFO - Epoch 78: task=7.3695e-05 kd%=5.00% si%=2.00% kl=0.984 val=9.9026e-03
2025-08-13 03:17:26,955 - INFO - Epoch 79: task=6.9712e-05 kd%=5.00% si%=2.00% kl=0.984 val=1.2693e-02
2025-08-13 03:19:03,751 - INFO - Epoch 80: task=6.7337e-05 kd%=5.00% si%=2.00% kl=0.984 val=1.3725e-02
2025-08-13 03:20:40,468 - INFO - Epoch 81: task=6.8403e-05 kd%=5.00% si%=2.00% kl=0.984 val=1.2105e-02
2025-08-13 03:22:17,323 - INFO - Epoch 82: task=7.0092e-05 kd%=5.00% si%=2.00% kl=0.984 val=1.3610e-02
2025-08-13 03:23:54,074 - INFO - Epoch 83: task=6.9618e-05 kd%=5.00% si%=2.00% kl=0.984 val=1.0676e-02
2025-08-13 03:25:29,366 - INFO - Epoch 84: task=7.3402e-05 kd%=5.00% si%=2.00% kl=0.984 val=9.5860e-03
2025-08-13 03:27:14,495 - INFO - Epoch 85: task=6.7854e-05 kd%=5.00% si%=2.00% kl=0.984 val=1.3753e-02
2025-08-13 03:29:13,421 - INFO - Epoch 86: task=6.7827e-05 kd%=5.00% si%=2.00% kl=0.984 val=1.2185e-02
2025-08-13 03:30:48,922 - INFO - Epoch 87: task=6.7275e-05 kd%=5.00% si%=2.00% kl=0.984 val=1.5015e-02
2025-08-13 03:32:49,368 - INFO - Epoch 88: task=7.0512e-05 kd%=5.00% si%=2.00% kl=0.984 val=9.1069e-03
2025-08-13 03:34:48,545 - INFO - Epoch 89: task=6.7683e-05 kd%=5.00% si%=2.00% kl=0.984 val=1.4574e-02
2025-08-13 03:36:46,129 - INFO - Epoch 90: task=6.5630e-05 kd%=5.00% si%=2.00% kl=0.984 val=1.1780e-02
2025-08-13 03:38:26,996 - INFO - Epoch 91: task=6.9247e-05 kd%=5.00% si%=2.00% kl=0.984 val=1.0284e-02
2025-08-13 03:39:58,628 - INFO - Epoch 92: task=7.0740e-05 kd%=5.00% si%=2.00% kl=0.984 val=1.3375e-02
2025-08-13 03:41:29,631 - INFO - Epoch 93: task=7.1004e-05 kd%=5.00% si%=2.00% kl=0.984 val=1.0819e-02
2025-08-13 03:41:29,633 - INFO - Early stopping at epoch 93
2025-08-13 03:41:29,736 - INFO - Saved best checkpoint: /beegfs/home/users/z/zzhuqshun/Thesis/final/inc_dynamical/task2/task2_best.pt
2025-08-13 03:41:31,988 - INFO - ==== Incremental Training Complete ====
2025-08-13 03:41:31,989 - INFO - Evaluating final model...
2025-08-13 03:41:31,991 - INFO - ==== Starting Comprehensive Evaluation ====
2025-08-13 03:41:32,008 - INFO - Evaluating model trained after task 0...
2025-08-13 03:41:38,461 - INFO - Full test set evaluation: MAE=5.4979e-02, R2=0.4468
2025-08-13 03:41:43,868 - INFO -   Task 0 -> Test Task 0: MAE=3.2625e-02, R2=-41.0382
2025-08-13 03:41:45,667 - INFO -   Task 0 -> Test Task 1: MAE=9.3873e-02, R2=-18.6528
2025-08-13 03:41:46,021 - INFO -   Task 0 -> Test Task 2: MAE=6.2831e-02, R2=-5.6882
2025-08-13 03:41:46,022 - INFO - Evaluating model trained after task 1...
2025-08-13 03:41:52,450 - INFO - Full test set evaluation: MAE=2.0770e-02, R2=0.9059
2025-08-13 03:41:57,893 - INFO -   Task 1 -> Test Task 0: MAE=2.6358e-02, R2=-30.0487
2025-08-13 03:41:59,686 - INFO -   Task 1 -> Test Task 1: MAE=6.4206e-03, R2=0.8435
2025-08-13 03:42:00,040 - INFO -   Task 1 -> Test Task 2: MAE=4.7970e-02, R2=-2.3258
2025-08-13 03:42:00,041 - INFO - Evaluating model trained after task 2...
2025-08-13 03:42:06,436 - INFO - Full test set evaluation: MAE=5.4596e-02, R2=0.5377
2025-08-13 03:42:11,943 - INFO -   Task 2 -> Test Task 0: MAE=3.2343e-02, R2=-39.3620
2025-08-13 03:42:13,732 - INFO -   Task 2 -> Test Task 1: MAE=5.0683e-02, R2=-4.6252
2025-08-13 03:42:14,087 - INFO -   Task 2 -> Test Task 2: MAE=1.0539e-02, R2=0.7173
2025-08-13 03:42:14,088 - INFO - ==== Computing Continual Learning Metrics ====
2025-08-13 03:42:14,089 - INFO - Computing random initialization baselines...
2025-08-13 03:42:16,429 - INFO -   Baseline Task 0: R=-0.9732
2025-08-13 03:42:18,197 - INFO -   Baseline Task 1: R=-0.9253
2025-08-13 03:42:18,545 - INFO -   Baseline Task 2: R=-0.6923
2025-08-13 03:42:18,546 - INFO - ==== Continual Learning Results ====
2025-08-13 03:42:18,547 - INFO - BWT (Backward Transfer): -0.0220 (negative = forgetting)
2025-08-13 03:42:18,549 - INFO - FWT (Forward Transfer): 0.7378 (positive = beneficial transfer)
2025-08-13 03:42:18,550 - INFO - ACC (Average Accuracy): -0.0312
2025-08-13 03:42:18,551 - INFO - ==== Performance Matrix R[i][j] ====
2025-08-13 03:42:18,552 - INFO - Rows: trained after task i, Columns: evaluated on task j
2025-08-13 03:42:18,553 - INFO -        Task 0 Task 1 Task 2
2025-08-13 03:42:18,555 - INFO - Task 0: -0.0326 -0.0939 -0.0628
2025-08-13 03:42:18,556 - INFO - Task 1: -0.0264 -0.0064 -0.0480
2025-08-13 03:42:18,557 - INFO - Task 2: -0.0323 -0.0507 -0.0105
2025-08-13 03:42:18,583 - INFO - ==== Evaluation Complete ====
2025-08-13 03:42:18,584 - INFO - All results saved to: /beegfs/home/users/z/zzhuqshun/Thesis/final/inc_dynamical/metrics
