2025-08-15 21:05:06,328 - INFO - ==== Incremental Training (SI + KD via IncTrainer) ====
2025-08-15 21:05:06,349 - INFO - Number of tasks: 3
2025-08-15 21:06:42,330 - INFO - Incremental training - Task 0 Train IDs: ['03', '27', '05', '21', '11'], size: 107395
2025-08-15 21:06:42,352 - INFO - Incremental training - Task 0 Val IDs: ['01'], size: 20028
2025-08-15 21:06:42,361 - INFO - Incremental training - Test Task 0 size: 8584
2025-08-15 21:06:42,366 - INFO - Incremental training - Task 1 Train IDs: ['23', '25', '07'], size: 66660
2025-08-15 21:06:42,376 - INFO - Incremental training - Task 1 Val IDs: ['19'], size: 16183
2025-08-15 21:06:42,384 - INFO - Incremental training - Test Task 1 size: 6937
2025-08-15 21:06:42,389 - INFO - Incremental training - Task 2 Train IDs: ['09', '15', '29'], size: 31589
2025-08-15 21:06:42,394 - INFO - Incremental training - Task 2 Val IDs: ['13'], size: 4511
2025-08-15 21:06:42,399 - INFO - Incremental training - Test Task 2 size: 1934
2025-08-15 21:06:42,427 - INFO -   (Scaler) Scaler centers: [ 3.3374245   0.101279   27.50083333]
2025-08-15 21:06:42,439 - INFO -   (Scaler) Scaler scales: [0.18253608 1.77971742 1.05683333]
2025-08-15 21:06:43,712 - INFO - ========== Model Structure ==========
2025-08-15 21:06:43,718 - INFO - 
SOHLSTM(
  (lstm): LSTM(3, 128, num_layers=2, batch_first=True, dropout=0.3)
  (fc): Sequential(
    (0): Linear(in_features=128, out_features=64, bias=True)
    (1): LeakyReLU(negative_slope=0.01)
    (2): Dropout(p=0.3, inplace=False)
    (3): Linear(in_features=64, out_features=1, bias=True)
  )
)
2025-08-15 21:06:43,725 - INFO - =====================================
2025-08-15 21:06:43,733 - INFO - ====== Model Parameters Details ======
2025-08-15 21:06:43,741 - INFO - lstm.weight_ih_l0                                  | trainable |     1536 params
2025-08-15 21:06:43,749 - INFO - lstm.weight_hh_l0                                  | trainable |    65536 params
2025-08-15 21:06:43,756 - INFO - lstm.bias_ih_l0                                    | trainable |      512 params
2025-08-15 21:06:43,767 - INFO - lstm.bias_hh_l0                                    | trainable |      512 params
2025-08-15 21:06:43,776 - INFO - lstm.weight_ih_l1                                  | trainable |    65536 params
2025-08-15 21:06:43,785 - INFO - lstm.weight_hh_l1                                  | trainable |    65536 params
2025-08-15 21:06:43,796 - INFO - lstm.bias_ih_l1                                    | trainable |      512 params
2025-08-15 21:06:43,803 - INFO - lstm.bias_hh_l1                                    | trainable |      512 params
2025-08-15 21:06:43,809 - INFO - fc.0.weight                                        | trainable |     8192 params
2025-08-15 21:06:43,816 - INFO - fc.0.bias                                          | trainable |       64 params
2025-08-15 21:06:43,826 - INFO - fc.3.weight                                        | trainable |       64 params
2025-08-15 21:06:43,836 - INFO - fc.3.bias                                          | trainable |        1 params
2025-08-15 21:06:43,846 - INFO - --------------------------------------------------------------------------------
2025-08-15 21:06:43,854 - INFO - Total params:                                          208513 params (only trainable)
2025-08-15 21:06:43,864 - INFO - =====================================
2025-08-15 21:16:00,296 - INFO - [Task 0][Epoch 0] train=3.4183e-02 val=1.8106e-03 | KL=0.000 | Lambda: KD=0.0000 SI=0.0000 | Ratio: KD=0.00% SI=0.00% | lr=1.00e-04 time=164.10s
2025-08-15 21:18:45,505 - INFO - [Task 0][Epoch 1] train=7.4524e-03 val=9.6827e-04 | KL=0.000 | Lambda: KD=0.0000 SI=0.0000 | Ratio: KD=0.00% SI=0.00% | lr=1.00e-04 time=165.06s
2025-08-15 21:21:28,009 - INFO - [Task 0][Epoch 2] train=5.6415e-03 val=1.1449e-03 | KL=0.000 | Lambda: KD=0.0000 SI=0.0000 | Ratio: KD=0.00% SI=0.00% | lr=1.00e-04 time=162.38s
2025-08-15 21:23:57,854 - INFO - [Task 0][Epoch 3] train=4.6389e-03 val=5.0094e-04 | KL=0.000 | Lambda: KD=0.0000 SI=0.0000 | Ratio: KD=0.00% SI=0.00% | lr=1.00e-04 time=149.82s
2025-08-15 21:26:48,425 - INFO - [Task 0][Epoch 4] train=3.7085e-03 val=1.0208e-03 | KL=0.000 | Lambda: KD=0.0000 SI=0.0000 | Ratio: KD=0.00% SI=0.00% | lr=1.00e-04 time=170.47s
2025-08-15 21:29:32,360 - INFO - [Task 0][Epoch 5] train=2.8454e-03 val=3.8385e-04 | KL=0.000 | Lambda: KD=0.0000 SI=0.0000 | Ratio: KD=0.00% SI=0.00% | lr=1.00e-04 time=163.92s
2025-08-15 21:31:50,931 - INFO - [Task 0][Epoch 6] train=1.9421e-03 val=3.4660e-04 | KL=0.000 | Lambda: KD=0.0000 SI=0.0000 | Ratio: KD=0.00% SI=0.00% | lr=1.00e-04 time=138.48s
2025-08-15 21:34:02,622 - INFO - [Task 0][Epoch 7] train=1.3745e-03 val=2.3536e-04 | KL=0.000 | Lambda: KD=0.0000 SI=0.0000 | Ratio: KD=0.00% SI=0.00% | lr=1.00e-04 time=131.61s
2025-08-15 21:36:38,766 - INFO - [Task 0][Epoch 8] train=1.1364e-03 val=2.8731e-04 | KL=0.000 | Lambda: KD=0.0000 SI=0.0000 | Ratio: KD=0.00% SI=0.00% | lr=1.00e-04 time=156.08s
2025-08-15 21:39:27,998 - INFO - [Task 0][Epoch 9] train=8.5875e-04 val=9.2570e-04 | KL=0.000 | Lambda: KD=0.0000 SI=0.0000 | Ratio: KD=0.00% SI=0.00% | lr=1.00e-04 time=169.20s
2025-08-15 21:42:19,441 - INFO - [Task 0][Epoch 10] train=6.4584e-04 val=9.1032e-04 | KL=0.000 | Lambda: KD=0.0000 SI=0.0000 | Ratio: KD=0.00% SI=0.00% | lr=1.00e-04 time=171.43s
2025-08-15 21:45:10,505 - INFO - [Task 0][Epoch 11] train=5.3215e-04 val=1.2565e-03 | KL=0.000 | Lambda: KD=0.0000 SI=0.0000 | Ratio: KD=0.00% SI=0.00% | lr=1.00e-04 time=171.03s
2025-08-15 21:48:02,207 - INFO - [Task 0][Epoch 12] train=4.7213e-04 val=8.5282e-03 | KL=0.000 | Lambda: KD=0.0000 SI=0.0000 | Ratio: KD=0.00% SI=0.00% | lr=1.00e-04 time=171.68s
2025-08-15 21:50:54,279 - INFO - [Task 0][Epoch 13] train=4.5206e-04 val=2.6870e-03 | KL=0.000 | Lambda: KD=0.0000 SI=0.0000 | Ratio: KD=0.00% SI=0.00% | lr=5.00e-05 time=172.04s
2025-08-15 21:53:47,702 - INFO - [Task 0][Epoch 14] train=3.1625e-04 val=1.1495e-02 | KL=0.000 | Lambda: KD=0.0000 SI=0.0000 | Ratio: KD=0.00% SI=0.00% | lr=5.00e-05 time=173.40s
2025-08-15 21:56:37,239 - INFO - [Task 0][Epoch 15] train=2.0442e-04 val=1.1450e-02 | KL=0.000 | Lambda: KD=0.0000 SI=0.0000 | Ratio: KD=0.00% SI=0.00% | lr=5.00e-05 time=169.51s
2025-08-15 21:59:24,941 - INFO - [Task 0][Epoch 16] train=2.8454e-04 val=5.0561e-03 | KL=0.000 | Lambda: KD=0.0000 SI=0.0000 | Ratio: KD=0.00% SI=0.00% | lr=5.00e-05 time=167.67s
2025-08-15 22:02:06,928 - INFO - [Task 0][Epoch 17] train=4.2232e-04 val=7.1749e-03 | KL=0.000 | Lambda: KD=0.0000 SI=0.0000 | Ratio: KD=0.00% SI=0.00% | lr=5.00e-05 time=161.97s
2025-08-15 22:04:48,908 - INFO - [Task 0][Epoch 18] train=2.4178e-04 val=7.7412e-03 | KL=0.000 | Lambda: KD=0.0000 SI=0.0000 | Ratio: KD=0.00% SI=0.00% | lr=5.00e-05 time=161.95s
2025-08-15 22:07:36,617 - INFO - [Task 0][Epoch 19] train=1.7374e-04 val=8.2510e-03 | KL=0.000 | Lambda: KD=0.0000 SI=0.0000 | Ratio: KD=0.00% SI=0.00% | lr=2.50e-05 time=167.69s
2025-08-15 22:10:21,766 - INFO - [Task 0][Epoch 20] train=1.1908e-04 val=7.0348e-03 | KL=0.000 | Lambda: KD=0.0000 SI=0.0000 | Ratio: KD=0.00% SI=0.00% | lr=2.50e-05 time=165.13s
2025-08-15 22:12:50,462 - INFO - [Task 0][Epoch 21] train=1.0881e-04 val=4.9684e-03 | KL=0.000 | Lambda: KD=0.0000 SI=0.0000 | Ratio: KD=0.00% SI=0.00% | lr=2.50e-05 time=148.67s
2025-08-15 22:15:17,880 - INFO - [Task 0][Epoch 22] train=9.9826e-05 val=5.4105e-03 | KL=0.000 | Lambda: KD=0.0000 SI=0.0000 | Ratio: KD=0.00% SI=0.00% | lr=2.50e-05 time=147.41s
2025-08-15 22:17:50,020 - INFO - [Task 0][Epoch 23] train=9.6723e-05 val=4.8673e-03 | KL=0.000 | Lambda: KD=0.0000 SI=0.0000 | Ratio: KD=0.00% SI=0.00% | lr=2.50e-05 time=152.11s
2025-08-15 22:19:39,887 - INFO - [Task 0][Epoch 24] train=9.0518e-05 val=4.2275e-03 | KL=0.000 | Lambda: KD=0.0000 SI=0.0000 | Ratio: KD=0.00% SI=0.00% | lr=2.50e-05 time=109.86s
2025-08-15 22:21:16,804 - INFO - [Task 0][Epoch 25] train=8.6469e-05 val=8.7125e-03 | KL=0.000 | Lambda: KD=0.0000 SI=0.0000 | Ratio: KD=0.00% SI=0.00% | lr=1.25e-05 time=96.91s
2025-08-15 22:22:58,479 - INFO - [Task 0][Epoch 26] train=8.0020e-05 val=4.1118e-03 | KL=0.000 | Lambda: KD=0.0000 SI=0.0000 | Ratio: KD=0.00% SI=0.00% | lr=1.25e-05 time=101.67s
2025-08-15 22:24:37,800 - INFO - [Task 0][Epoch 27] train=7.8008e-05 val=4.4624e-03 | KL=0.000 | Lambda: KD=0.0000 SI=0.0000 | Ratio: KD=0.00% SI=0.00% | lr=1.25e-05 time=99.31s
2025-08-15 22:24:37,803 - INFO - [Task 0] Early stopping at epoch 27
2025-08-15 22:25:08,117 - INFO - [Task 0] Saved model + SI state at /beegfs/home/users/z/zzhuqshun/Thesis/final/tryout_ft_decay/task0/task0_best.pt
2025-08-15 22:26:11,485 - INFO - [Task 1][Epoch 0] train=1.4131e-03 val=7.1453e-04 | KL=0.000 | Lambda: KD=0.0000 SI=0.0000 | Ratio: KD=0.00% SI=0.00% | lr=1.00e-04 time=58.54s
2025-08-15 22:27:10,847 - INFO - [Task 1][Epoch 1] train=8.0901e-04 val=1.0189e-03 | KL=0.000 | Lambda: KD=0.0000 SI=0.0000 | Ratio: KD=0.00% SI=0.00% | lr=1.00e-04 time=59.28s
2025-08-15 22:28:09,721 - INFO - [Task 1][Epoch 2] train=6.5823e-04 val=1.7648e-03 | KL=0.000 | Lambda: KD=0.0000 SI=0.0000 | Ratio: KD=0.00% SI=0.00% | lr=1.00e-04 time=58.86s
2025-08-15 22:29:08,631 - INFO - [Task 1][Epoch 3] train=5.3313e-04 val=1.8742e-03 | KL=0.000 | Lambda: KD=0.0000 SI=0.0000 | Ratio: KD=0.00% SI=0.00% | lr=1.00e-04 time=58.91s
2025-08-15 22:30:07,282 - INFO - [Task 1][Epoch 4] train=4.8913e-04 val=1.7796e-03 | KL=0.000 | Lambda: KD=0.0000 SI=0.0000 | Ratio: KD=0.00% SI=0.00% | lr=1.00e-04 time=58.62s
2025-08-15 22:31:05,970 - INFO - [Task 1][Epoch 5] train=4.2264e-04 val=2.2605e-03 | KL=0.000 | Lambda: KD=0.0000 SI=0.0000 | Ratio: KD=0.00% SI=0.00% | lr=1.00e-04 time=58.69s
2025-08-15 22:32:05,156 - INFO - [Task 1][Epoch 6] train=6.7863e-04 val=3.2513e-03 | KL=0.000 | Lambda: KD=0.0000 SI=0.0000 | Ratio: KD=0.00% SI=0.00% | lr=5.00e-05 time=59.18s
2025-08-15 22:33:04,109 - INFO - [Task 1][Epoch 7] train=1.9530e-03 val=8.6539e-04 | KL=0.000 | Lambda: KD=0.0000 SI=0.0000 | Ratio: KD=0.00% SI=0.00% | lr=5.00e-05 time=58.95s
2025-08-15 22:34:02,257 - INFO - [Task 1][Epoch 8] train=1.7245e-03 val=1.0410e-03 | KL=0.000 | Lambda: KD=0.0000 SI=0.0000 | Ratio: KD=0.00% SI=0.00% | lr=5.00e-05 time=58.15s
2025-08-15 22:35:00,796 - INFO - [Task 1][Epoch 9] train=1.2618e-03 val=4.7569e-04 | KL=0.000 | Lambda: KD=0.0000 SI=0.0000 | Ratio: KD=0.00% SI=0.00% | lr=5.00e-05 time=58.52s
2025-08-15 22:36:02,150 - INFO - [Task 1][Epoch 10] train=8.3997e-04 val=5.3657e-04 | KL=0.000 | Lambda: KD=0.0000 SI=0.0000 | Ratio: KD=0.00% SI=0.00% | lr=5.00e-05 time=61.34s
2025-08-15 22:37:01,708 - INFO - [Task 1][Epoch 11] train=7.7398e-04 val=5.1306e-04 | KL=0.000 | Lambda: KD=0.0000 SI=0.0000 | Ratio: KD=0.00% SI=0.00% | lr=5.00e-05 time=59.56s
2025-08-15 22:38:01,026 - INFO - [Task 1][Epoch 12] train=7.0079e-04 val=4.5395e-04 | KL=0.000 | Lambda: KD=0.0000 SI=0.0000 | Ratio: KD=0.00% SI=0.00% | lr=5.00e-05 time=59.31s
2025-08-15 22:39:01,558 - INFO - [Task 1][Epoch 13] train=6.3342e-04 val=5.8596e-04 | KL=0.000 | Lambda: KD=0.0000 SI=0.0000 | Ratio: KD=0.00% SI=0.00% | lr=5.00e-05 time=60.51s
2025-08-15 22:40:16,327 - INFO - [Task 1][Epoch 14] train=6.8052e-04 val=3.6013e-04 | KL=0.000 | Lambda: KD=0.0000 SI=0.0000 | Ratio: KD=0.00% SI=0.00% | lr=5.00e-05 time=74.77s
2025-08-15 22:41:50,657 - INFO - [Task 1][Epoch 15] train=5.9929e-04 val=4.3917e-04 | KL=0.000 | Lambda: KD=0.0000 SI=0.0000 | Ratio: KD=0.00% SI=0.00% | lr=5.00e-05 time=94.23s
2025-08-15 22:43:25,713 - INFO - [Task 1][Epoch 16] train=5.3913e-04 val=3.5215e-04 | KL=0.000 | Lambda: KD=0.0000 SI=0.0000 | Ratio: KD=0.00% SI=0.00% | lr=5.00e-05 time=95.04s
2025-08-15 22:45:01,530 - INFO - [Task 1][Epoch 17] train=5.3781e-04 val=6.5102e-04 | KL=0.000 | Lambda: KD=0.0000 SI=0.0000 | Ratio: KD=0.00% SI=0.00% | lr=5.00e-05 time=95.73s
2025-08-15 22:47:02,982 - INFO - [Task 1][Epoch 18] train=5.7519e-04 val=5.9038e-04 | KL=0.000 | Lambda: KD=0.0000 SI=0.0000 | Ratio: KD=0.00% SI=0.00% | lr=5.00e-05 time=121.44s
2025-08-15 22:49:22,647 - INFO - [Task 1][Epoch 19] train=4.7655e-04 val=5.2022e-04 | KL=0.000 | Lambda: KD=0.0000 SI=0.0000 | Ratio: KD=0.00% SI=0.00% | lr=5.00e-05 time=139.62s
2025-08-15 22:51:32,999 - INFO - [Task 1][Epoch 20] train=4.6336e-04 val=7.6724e-04 | KL=0.000 | Lambda: KD=0.0000 SI=0.0000 | Ratio: KD=0.00% SI=0.00% | lr=5.00e-05 time=130.32s
2025-08-15 22:53:42,069 - INFO - [Task 1][Epoch 21] train=4.3615e-04 val=1.4584e-03 | KL=0.000 | Lambda: KD=0.0000 SI=0.0000 | Ratio: KD=0.00% SI=0.00% | lr=5.00e-05 time=129.04s
2025-08-15 22:55:49,422 - INFO - [Task 1][Epoch 22] train=7.2417e-04 val=4.3476e-04 | KL=0.000 | Lambda: KD=0.0000 SI=0.0000 | Ratio: KD=0.00% SI=0.00% | lr=2.50e-05 time=127.32s
2025-08-15 22:57:53,214 - INFO - [Task 1][Epoch 23] train=4.5857e-04 val=3.6627e-04 | KL=0.000 | Lambda: KD=0.0000 SI=0.0000 | Ratio: KD=0.00% SI=0.00% | lr=2.50e-05 time=123.76s
2025-08-15 23:00:00,086 - INFO - [Task 1][Epoch 24] train=3.8200e-04 val=7.2325e-04 | KL=0.000 | Lambda: KD=0.0000 SI=0.0000 | Ratio: KD=0.00% SI=0.00% | lr=2.50e-05 time=126.85s
2025-08-15 23:02:06,287 - INFO - [Task 1][Epoch 25] train=3.4480e-04 val=5.7436e-04 | KL=0.000 | Lambda: KD=0.0000 SI=0.0000 | Ratio: KD=0.00% SI=0.00% | lr=2.50e-05 time=126.17s
2025-08-15 23:04:17,940 - INFO - [Task 1][Epoch 26] train=3.1172e-04 val=7.2302e-04 | KL=0.000 | Lambda: KD=0.0000 SI=0.0000 | Ratio: KD=0.00% SI=0.00% | lr=2.50e-05 time=131.64s
2025-08-15 23:06:29,810 - INFO - [Task 1][Epoch 27] train=3.1396e-04 val=6.4647e-04 | KL=0.000 | Lambda: KD=0.0000 SI=0.0000 | Ratio: KD=0.00% SI=0.00% | lr=2.50e-05 time=131.84s
2025-08-15 23:08:43,615 - INFO - [Task 1][Epoch 28] train=3.0845e-04 val=5.1732e-04 | KL=0.000 | Lambda: KD=0.0000 SI=0.0000 | Ratio: KD=0.00% SI=0.00% | lr=1.25e-05 time=133.78s
2025-08-15 23:10:58,861 - INFO - [Task 1][Epoch 29] train=2.4816e-04 val=8.3822e-04 | KL=0.000 | Lambda: KD=0.0000 SI=0.0000 | Ratio: KD=0.00% SI=0.00% | lr=1.25e-05 time=135.22s
2025-08-15 23:13:11,241 - INFO - [Task 1][Epoch 30] train=2.4050e-04 val=1.0267e-03 | KL=0.000 | Lambda: KD=0.0000 SI=0.0000 | Ratio: KD=0.00% SI=0.00% | lr=1.25e-05 time=132.34s
2025-08-15 23:15:24,930 - INFO - [Task 1][Epoch 31] train=2.2813e-04 val=1.0162e-03 | KL=0.000 | Lambda: KD=0.0000 SI=0.0000 | Ratio: KD=0.00% SI=0.00% | lr=1.25e-05 time=133.66s
2025-08-15 23:17:38,826 - INFO - [Task 1][Epoch 32] train=2.2109e-04 val=9.0824e-04 | KL=0.000 | Lambda: KD=0.0000 SI=0.0000 | Ratio: KD=0.00% SI=0.00% | lr=1.25e-05 time=133.83s
2025-08-15 23:19:49,595 - INFO - [Task 1][Epoch 33] train=2.2369e-04 val=1.3712e-03 | KL=0.000 | Lambda: KD=0.0000 SI=0.0000 | Ratio: KD=0.00% SI=0.00% | lr=1.25e-05 time=130.74s
2025-08-15 23:22:05,199 - INFO - [Task 1][Epoch 34] train=2.1395e-04 val=1.5343e-03 | KL=0.000 | Lambda: KD=0.0000 SI=0.0000 | Ratio: KD=0.00% SI=0.00% | lr=6.25e-06 time=135.57s
2025-08-15 23:24:12,206 - INFO - [Task 1][Epoch 35] train=1.9795e-04 val=1.4644e-03 | KL=0.000 | Lambda: KD=0.0000 SI=0.0000 | Ratio: KD=0.00% SI=0.00% | lr=6.25e-06 time=126.97s
2025-08-15 23:26:15,640 - INFO - [Task 1][Epoch 36] train=1.9315e-04 val=1.3083e-03 | KL=0.000 | Lambda: KD=0.0000 SI=0.0000 | Ratio: KD=0.00% SI=0.00% | lr=6.25e-06 time=123.42s
2025-08-15 23:26:15,676 - INFO - [Task 1] Early stopping at epoch 36
2025-08-15 23:27:43,135 - INFO - [Task 2][Epoch 0] train=3.1430e-03 val=6.3182e-04 | KL=0.000 | Lambda: KD=0.0000 SI=0.0000 | Ratio: KD=0.00% SI=0.00% | lr=1.00e-04 time=64.76s
2025-08-15 23:28:43,980 - INFO - [Task 2][Epoch 1] train=2.0207e-03 val=1.1848e-03 | KL=0.000 | Lambda: KD=0.0000 SI=0.0000 | Ratio: KD=0.00% SI=0.00% | lr=1.00e-04 time=60.67s
2025-08-15 23:29:47,288 - INFO - [Task 2][Epoch 2] train=1.7675e-03 val=1.7250e-03 | KL=0.000 | Lambda: KD=0.0000 SI=0.0000 | Ratio: KD=0.00% SI=0.00% | lr=1.00e-04 time=63.28s
2025-08-15 23:30:44,227 - INFO - [Task 2][Epoch 3] train=1.5003e-03 val=1.7695e-03 | KL=0.000 | Lambda: KD=0.0000 SI=0.0000 | Ratio: KD=0.00% SI=0.00% | lr=1.00e-04 time=56.91s
2025-08-15 23:31:38,121 - INFO - [Task 2][Epoch 4] train=1.5358e-03 val=1.3786e-03 | KL=0.000 | Lambda: KD=0.0000 SI=0.0000 | Ratio: KD=0.00% SI=0.00% | lr=1.00e-04 time=53.88s
2025-08-15 23:32:31,778 - INFO - [Task 2][Epoch 5] train=1.3800e-03 val=3.0466e-03 | KL=0.000 | Lambda: KD=0.0000 SI=0.0000 | Ratio: KD=0.00% SI=0.00% | lr=1.00e-04 time=53.63s
2025-08-15 23:33:24,441 - INFO - [Task 2][Epoch 6] train=1.3158e-03 val=1.6163e-03 | KL=0.000 | Lambda: KD=0.0000 SI=0.0000 | Ratio: KD=0.00% SI=0.00% | lr=5.00e-05 time=52.64s
2025-08-15 23:34:15,687 - INFO - [Task 2][Epoch 7] train=7.8464e-04 val=2.2470e-03 | KL=0.000 | Lambda: KD=0.0000 SI=0.0000 | Ratio: KD=0.00% SI=0.00% | lr=5.00e-05 time=51.23s
2025-08-15 23:35:10,508 - INFO - [Task 2][Epoch 8] train=6.6724e-04 val=1.8984e-03 | KL=0.000 | Lambda: KD=0.0000 SI=0.0000 | Ratio: KD=0.00% SI=0.00% | lr=5.00e-05 time=54.80s
2025-08-15 23:36:05,537 - INFO - [Task 2][Epoch 9] train=6.3947e-04 val=1.9491e-03 | KL=0.000 | Lambda: KD=0.0000 SI=0.0000 | Ratio: KD=0.00% SI=0.00% | lr=5.00e-05 time=55.01s
2025-08-15 23:37:00,125 - INFO - [Task 2][Epoch 10] train=5.8406e-04 val=2.1766e-03 | KL=0.000 | Lambda: KD=0.0000 SI=0.0000 | Ratio: KD=0.00% SI=0.00% | lr=5.00e-05 time=54.57s
2025-08-15 23:37:54,491 - INFO - [Task 2][Epoch 11] train=6.1871e-04 val=2.1752e-03 | KL=0.000 | Lambda: KD=0.0000 SI=0.0000 | Ratio: KD=0.00% SI=0.00% | lr=5.00e-05 time=54.35s
2025-08-15 23:38:48,963 - INFO - [Task 2][Epoch 12] train=6.7045e-04 val=2.2280e-03 | KL=0.000 | Lambda: KD=0.0000 SI=0.0000 | Ratio: KD=0.00% SI=0.00% | lr=2.50e-05 time=54.45s
2025-08-15 23:39:43,190 - INFO - [Task 2][Epoch 13] train=4.6994e-04 val=1.9810e-03 | KL=0.000 | Lambda: KD=0.0000 SI=0.0000 | Ratio: KD=0.00% SI=0.00% | lr=2.50e-05 time=54.20s
2025-08-15 23:40:34,593 - INFO - [Task 2][Epoch 14] train=4.5476e-04 val=2.2026e-03 | KL=0.000 | Lambda: KD=0.0000 SI=0.0000 | Ratio: KD=0.00% SI=0.00% | lr=2.50e-05 time=51.38s
2025-08-15 23:41:28,643 - INFO - [Task 2][Epoch 15] train=4.4983e-04 val=1.9641e-03 | KL=0.000 | Lambda: KD=0.0000 SI=0.0000 | Ratio: KD=0.00% SI=0.00% | lr=2.50e-05 time=54.03s
2025-08-15 23:42:23,718 - INFO - [Task 2][Epoch 16] train=4.2875e-04 val=1.9735e-03 | KL=0.000 | Lambda: KD=0.0000 SI=0.0000 | Ratio: KD=0.00% SI=0.00% | lr=2.50e-05 time=55.06s
2025-08-15 23:43:00,516 - INFO - [Task 2][Epoch 17] train=4.2248e-04 val=2.4161e-03 | KL=0.000 | Lambda: KD=0.0000 SI=0.0000 | Ratio: KD=0.00% SI=0.00% | lr=2.50e-05 time=36.79s
2025-08-15 23:43:53,183 - INFO - [Task 2][Epoch 18] train=4.0766e-04 val=2.4987e-03 | KL=0.000 | Lambda: KD=0.0000 SI=0.0000 | Ratio: KD=0.00% SI=0.00% | lr=1.25e-05 time=52.66s
2025-08-15 23:44:42,351 - INFO - [Task 2][Epoch 19] train=3.8527e-04 val=2.3106e-03 | KL=0.000 | Lambda: KD=0.0000 SI=0.0000 | Ratio: KD=0.00% SI=0.00% | lr=1.25e-05 time=49.15s
2025-08-15 23:45:20,586 - INFO - [Task 2][Epoch 20] train=3.8038e-04 val=2.3057e-03 | KL=0.000 | Lambda: KD=0.0000 SI=0.0000 | Ratio: KD=0.00% SI=0.00% | lr=1.25e-05 time=38.22s
2025-08-15 23:45:20,593 - INFO - [Task 2] Early stopping at epoch 20
2025-08-15 23:45:32,323 - INFO - ==== Incremental Training Complete ====
2025-08-15 23:45:32,332 - INFO - Evaluating final model...
2025-08-15 23:45:32,338 - INFO - ==== Starting Comprehensive Evaluation ====
2025-08-15 23:45:32,380 - INFO - Evaluating model trained after task 0...
2025-08-15 23:45:38,944 - INFO - Full test set evaluation: MAE=5.6224e-02, R2=0.1693
2025-08-15 23:45:44,771 - INFO -   Task 0 -> Test Task 0: MAE=2.7923e-02, R2=-29.2707
2025-08-15 23:45:46,596 - INFO -   Task 0 -> Test Task 1: MAE=3.5453e-02, R2=-2.1284
2025-08-15 23:45:46,977 - INFO -   Task 0 -> Test Task 2: MAE=7.2164e-01, R2=-980.0900
2025-08-15 23:45:46,996 - INFO - Evaluating model trained after task 1...
2025-08-15 23:45:53,693 - INFO - Full test set evaluation: MAE=3.5946e-02, R2=0.7218
2025-08-15 23:45:59,400 - INFO -   Task 1 -> Test Task 0: MAE=2.5189e-02, R2=-25.5632
2025-08-15 23:46:01,235 - INFO -   Task 1 -> Test Task 1: MAE=5.5114e-02, R2=-5.9305
2025-08-15 23:46:01,613 - INFO -   Task 1 -> Test Task 2: MAE=4.1857e-02, R2=-2.4919
2025-08-15 23:46:01,633 - INFO - Evaluating model trained after task 2...
2025-08-15 23:46:08,356 - INFO - Full test set evaluation: MAE=6.5806e-02, R2=0.0335
2025-08-15 23:46:14,449 - INFO -   Task 2 -> Test Task 0: MAE=3.3366e-02, R2=-83.9051
2025-08-15 23:46:16,296 - INFO -   Task 2 -> Test Task 1: MAE=7.7042e-02, R2=-12.5435
2025-08-15 23:46:16,673 - INFO -   Task 2 -> Test Task 2: MAE=1.6840e-01, R2=-43.0307
2025-08-15 23:46:16,690 - INFO - ==== Computing Continual Learning Metrics ====
2025-08-15 23:46:16,711 - INFO - Computing random initialization baselines...
2025-08-15 23:46:19,365 - INFO -   Baseline Task 0: R=-0.9732
2025-08-15 23:46:21,181 - INFO -   Baseline Task 1: R=-0.9253
2025-08-15 23:46:21,553 - INFO -   Baseline Task 2: R=-0.6923
2025-08-15 23:46:21,573 - INFO - ==== Continual Learning Results ====
2025-08-15 23:46:21,598 - INFO - BWT (Backward Transfer): -0.0137 (negative = forgetting)
2025-08-15 23:46:21,622 - INFO - FWT (Forward Transfer): 0.7701 (positive = beneficial transfer)
2025-08-15 23:46:21,641 - INFO - ACC (Average Accuracy): -0.0929
2025-08-15 23:46:21,662 - INFO - ==== Performance Matrix R[i][j] ====
2025-08-15 23:46:21,686 - INFO - Rows: trained after task i, Columns: evaluated on task j
2025-08-15 23:46:21,707 - INFO -        Task 0 Task 1 Task 2
2025-08-15 23:46:21,722 - INFO - Task 0: -0.0279 -0.0355 -0.7216
2025-08-15 23:46:21,744 - INFO - Task 1: -0.0252 -0.0551 -0.0419
2025-08-15 23:46:21,763 - INFO - Task 2: -0.0334 -0.0770 -0.1684
2025-08-15 23:46:22,273 - INFO - ==== Evaluation Complete ====
2025-08-15 23:46:22,288 - INFO - All results saved to: /beegfs/home/users/z/zzhuqshun/Thesis/final/tryout_ft_decay/metrics
