2025-07-09 12:41:20,274 - ==== Regular LSTM Training Phase ====
2025-07-09 12:42:53,241 - Base train IDs: ['03', '05', '07', '09', '11', '15', '21', '23', '25', '27', '29']
2025-07-09 12:42:53,242 - Base train size: 205644
2025-07-09 12:42:53,243 - Base val IDs: ['01', '19', '13']
2025-07-09 12:42:53,244 - Base val size: 58177
2025-07-09 12:42:53,245 - Update1 train IDs: []
2025-07-09 12:42:53,246 - Update1 train size: 0
2025-07-09 12:42:53,246 - Update1 val IDs: []
2025-07-09 12:42:53,247 - Update1 val size: 0
2025-07-09 12:42:53,248 - Update2 train IDs: []
2025-07-09 12:42:53,249 - Update2 train size: 0
2025-07-09 12:42:53,250 - Update2 val IDs: []
2025-07-09 12:42:53,251 - Update2 val size: 0
2025-07-09 12:43:00,745 - Test cell ID: 17
2025-07-09 12:43:00,746 - Test size: 22872
2025-07-09 12:43:00,747 - Test base size: 11139
2025-07-09 12:43:00,748 - Test update1 size: 6312
2025-07-09 12:43:00,749 - Test update2 size: 5421
2025-07-09 12:43:00,787 - [Scaler after fit] center_=[ 3.342422    0.17992967 27.75      ]
2025-07-09 12:43:00,806 - [Scaler after fit] scale_ =[0.18428363 1.77955483 1.81783333]
2025-07-09 12:43:00,808 - Resampling and scaling complete with RobustScaler
2025-07-09 12:44:00,762 - Epoch 001 | task 1.1745e-01 | kd 0.0000e+00 | ewc 0.0000e+00 | val 5.2568e-02
2025-07-09 12:44:10,896 - Epoch 002 | task 5.2909e-03 | kd 0.0000e+00 | ewc 0.0000e+00 | val 4.5059e-02
2025-07-09 12:44:21,043 - Epoch 003 | task 5.2533e-03 | kd 0.0000e+00 | ewc 0.0000e+00 | val 3.8818e-02
2025-07-09 12:44:31,079 - Epoch 004 | task 5.2058e-03 | kd 0.0000e+00 | ewc 0.0000e+00 | val 3.3527e-02
2025-07-09 12:44:41,063 - Epoch 005 | task 5.1132e-03 | kd 0.0000e+00 | ewc 0.0000e+00 | val 2.9281e-02
2025-07-09 12:44:51,457 - Epoch 006 | task 4.9744e-03 | kd 0.0000e+00 | ewc 0.0000e+00 | val 2.5792e-02
2025-07-09 12:45:01,421 - Epoch 007 | task 4.8043e-03 | kd 0.0000e+00 | ewc 0.0000e+00 | val 2.3019e-02
2025-07-09 12:45:11,643 - Epoch 008 | task 4.6425e-03 | kd 0.0000e+00 | ewc 0.0000e+00 | val 2.0923e-02
2025-07-09 12:45:22,305 - Epoch 009 | task 4.5185e-03 | kd 0.0000e+00 | ewc 0.0000e+00 | val 1.9465e-02
2025-07-09 12:45:32,895 - Epoch 010 | task 4.4113e-03 | kd 0.0000e+00 | ewc 0.0000e+00 | val 1.7927e-02
2025-07-09 12:45:43,702 - Epoch 011 | task 4.3091e-03 | kd 0.0000e+00 | ewc 0.0000e+00 | val 1.7204e-02
2025-07-09 12:45:54,207 - Epoch 012 | task 4.2406e-03 | kd 0.0000e+00 | ewc 0.0000e+00 | val 1.6440e-02
2025-07-09 12:46:05,028 - Epoch 013 | task 4.1788e-03 | kd 0.0000e+00 | ewc 0.0000e+00 | val 1.5982e-02
2025-07-09 12:46:15,831 - Epoch 014 | task 4.1311e-03 | kd 0.0000e+00 | ewc 0.0000e+00 | val 1.5099e-02
2025-07-09 12:46:26,221 - Epoch 015 | task 4.0709e-03 | kd 0.0000e+00 | ewc 0.0000e+00 | val 1.4550e-02
2025-07-09 12:46:36,787 - Epoch 016 | task 4.0296e-03 | kd 0.0000e+00 | ewc 0.0000e+00 | val 1.4179e-02
2025-07-09 12:46:47,444 - Epoch 017 | task 3.9805e-03 | kd 0.0000e+00 | ewc 0.0000e+00 | val 1.3822e-02
2025-07-09 12:46:58,214 - Epoch 018 | task 3.9379e-03 | kd 0.0000e+00 | ewc 0.0000e+00 | val 1.3581e-02
2025-07-09 12:47:08,954 - Epoch 019 | task 3.8983e-03 | kd 0.0000e+00 | ewc 0.0000e+00 | val 1.3468e-02
2025-07-09 12:47:19,813 - Epoch 020 | task 3.8512e-03 | kd 0.0000e+00 | ewc 0.0000e+00 | val 1.3241e-02
2025-07-09 12:47:30,412 - Epoch 021 | task 3.8107e-03 | kd 0.0000e+00 | ewc 0.0000e+00 | val 1.3096e-02
2025-07-09 12:47:41,309 - Epoch 022 | task 3.7642e-03 | kd 0.0000e+00 | ewc 0.0000e+00 | val 1.2955e-02
2025-07-09 12:47:52,312 - Epoch 023 | task 3.7078e-03 | kd 0.0000e+00 | ewc 0.0000e+00 | val 1.2855e-02
2025-07-09 12:48:02,943 - Epoch 024 | task 3.6440e-03 | kd 0.0000e+00 | ewc 0.0000e+00 | val 1.2911e-02
2025-07-09 12:48:13,968 - Epoch 025 | task 3.6078e-03 | kd 0.0000e+00 | ewc 0.0000e+00 | val 1.2794e-02
2025-07-09 12:48:24,818 - Epoch 026 | task 3.5683e-03 | kd 0.0000e+00 | ewc 0.0000e+00 | val 1.2668e-02
2025-07-09 12:48:35,800 - Epoch 027 | task 3.5415e-03 | kd 0.0000e+00 | ewc 0.0000e+00 | val 1.2396e-02
2025-07-09 12:48:46,723 - Epoch 028 | task 3.5149e-03 | kd 0.0000e+00 | ewc 0.0000e+00 | val 1.2698e-02
2025-07-09 12:48:57,994 - Epoch 029 | task 3.4948e-03 | kd 0.0000e+00 | ewc 0.0000e+00 | val 1.2074e-02
2025-07-09 12:49:08,905 - Epoch 030 | task 3.4432e-03 | kd 0.0000e+00 | ewc 0.0000e+00 | val 1.1823e-02
2025-07-09 12:49:19,667 - Epoch 031 | task 3.4226e-03 | kd 0.0000e+00 | ewc 0.0000e+00 | val 1.1925e-02
2025-07-09 12:49:30,436 - Epoch 032 | task 3.3771e-03 | kd 0.0000e+00 | ewc 0.0000e+00 | val 1.1576e-02
2025-07-09 12:49:41,195 - Epoch 033 | task 3.3358e-03 | kd 0.0000e+00 | ewc 0.0000e+00 | val 1.1641e-02
2025-07-09 12:49:52,208 - Epoch 034 | task 3.2881e-03 | kd 0.0000e+00 | ewc 0.0000e+00 | val 1.1136e-02
2025-07-09 12:50:02,907 - Epoch 035 | task 3.2354e-03 | kd 0.0000e+00 | ewc 0.0000e+00 | val 1.0941e-02
2025-07-09 12:50:14,398 - Epoch 036 | task 3.1879e-03 | kd 0.0000e+00 | ewc 0.0000e+00 | val 1.0776e-02
2025-07-09 12:50:26,055 - Epoch 037 | task 3.1394e-03 | kd 0.0000e+00 | ewc 0.0000e+00 | val 1.0394e-02
2025-07-09 12:50:37,457 - Epoch 038 | task 3.0744e-03 | kd 0.0000e+00 | ewc 0.0000e+00 | val 1.0155e-02
2025-07-09 12:50:48,896 - Epoch 039 | task 3.0265e-03 | kd 0.0000e+00 | ewc 0.0000e+00 | val 9.7761e-03
2025-07-09 12:51:00,738 - Epoch 040 | task 2.9650e-03 | kd 0.0000e+00 | ewc 0.0000e+00 | val 9.5332e-03
2025-07-09 12:51:12,385 - Epoch 041 | task 2.9377e-03 | kd 0.0000e+00 | ewc 0.0000e+00 | val 9.1946e-03
2025-07-09 12:51:24,042 - Epoch 042 | task 2.8909e-03 | kd 0.0000e+00 | ewc 0.0000e+00 | val 8.9122e-03
2025-07-09 12:51:36,527 - Epoch 043 | task 2.8590e-03 | kd 0.0000e+00 | ewc 0.0000e+00 | val 8.5780e-03
2025-07-09 12:51:48,990 - Epoch 044 | task 2.8222e-03 | kd 0.0000e+00 | ewc 0.0000e+00 | val 8.6007e-03
2025-07-09 12:52:01,497 - Epoch 045 | task 2.8033e-03 | kd 0.0000e+00 | ewc 0.0000e+00 | val 8.1287e-03
2025-07-09 12:52:13,726 - Epoch 046 | task 2.7597e-03 | kd 0.0000e+00 | ewc 0.0000e+00 | val 8.1684e-03
2025-07-09 12:52:25,800 - Epoch 047 | task 2.7503e-03 | kd 0.0000e+00 | ewc 0.0000e+00 | val 7.7945e-03
2025-07-09 12:52:38,060 - Epoch 048 | task 2.7127e-03 | kd 0.0000e+00 | ewc 0.0000e+00 | val 7.8369e-03
2025-07-09 12:52:50,678 - Epoch 049 | task 2.6972e-03 | kd 0.0000e+00 | ewc 0.0000e+00 | val 7.5068e-03
2025-07-09 12:53:03,212 - Epoch 050 | task 2.6663e-03 | kd 0.0000e+00 | ewc 0.0000e+00 | val 7.3523e-03
2025-07-09 12:53:15,690 - Epoch 051 | task 2.6677e-03 | kd 0.0000e+00 | ewc 0.0000e+00 | val 7.0773e-03
2025-07-09 12:53:28,296 - Epoch 052 | task 2.6220e-03 | kd 0.0000e+00 | ewc 0.0000e+00 | val 6.9598e-03
2025-07-09 12:53:40,669 - Epoch 053 | task 2.5981e-03 | kd 0.0000e+00 | ewc 0.0000e+00 | val 6.9322e-03
2025-07-09 12:53:52,821 - Epoch 054 | task 2.5645e-03 | kd 0.0000e+00 | ewc 0.0000e+00 | val 6.9426e-03
2025-07-09 12:54:05,038 - Epoch 055 | task 2.5171e-03 | kd 0.0000e+00 | ewc 0.0000e+00 | val 6.9484e-03
2025-07-09 12:54:17,228 - Epoch 056 | task 2.3040e-03 | kd 0.0000e+00 | ewc 0.0000e+00 | val 6.5948e-03
2025-07-09 12:54:29,573 - Epoch 057 | task 2.2132e-03 | kd 0.0000e+00 | ewc 0.0000e+00 | val 5.2245e-03
2025-07-09 12:54:41,639 - Epoch 058 | task 2.1266e-03 | kd 0.0000e+00 | ewc 0.0000e+00 | val 5.0079e-03
2025-07-09 12:54:54,049 - Epoch 059 | task 1.8800e-03 | kd 0.0000e+00 | ewc 0.0000e+00 | val 5.5958e-03
2025-07-09 12:55:06,390 - Epoch 060 | task 2.4356e-03 | kd 0.0000e+00 | ewc 0.0000e+00 | val 4.3899e-03
2025-07-09 12:55:19,791 - Epoch 061 | task 1.8253e-03 | kd 0.0000e+00 | ewc 0.0000e+00 | val 2.5738e-03
2025-07-09 12:55:33,072 - Epoch 062 | task 1.7908e-03 | kd 0.0000e+00 | ewc 0.0000e+00 | val 2.9275e-03
2025-07-09 12:55:44,911 - Epoch 063 | task 1.5336e-03 | kd 0.0000e+00 | ewc 0.0000e+00 | val 1.4051e-03
2025-07-09 12:55:56,778 - Epoch 064 | task 1.5323e-03 | kd 0.0000e+00 | ewc 0.0000e+00 | val 1.4236e-03
2025-07-09 12:56:09,657 - Epoch 065 | task 1.6464e-03 | kd 0.0000e+00 | ewc 0.0000e+00 | val 1.4752e-03
2025-07-09 12:56:23,265 - Epoch 066 | task 1.6563e-03 | kd 0.0000e+00 | ewc 0.0000e+00 | val 1.5099e-03
2025-07-09 12:56:36,899 - Epoch 067 | task 1.7678e-03 | kd 0.0000e+00 | ewc 0.0000e+00 | val 2.0049e-03
2025-07-09 12:56:49,697 - Epoch 068 | task 1.5803e-03 | kd 0.0000e+00 | ewc 0.0000e+00 | val 1.5386e-03
2025-07-09 12:57:01,986 - Epoch 069 | task 1.5969e-03 | kd 0.0000e+00 | ewc 0.0000e+00 | val 2.3152e-03
2025-07-09 12:57:13,980 - Epoch 070 | task 1.5343e-03 | kd 0.0000e+00 | ewc 0.0000e+00 | val 1.0779e-03
2025-07-09 12:57:26,140 - Epoch 071 | task 1.4900e-03 | kd 0.0000e+00 | ewc 0.0000e+00 | val 1.1512e-03
2025-07-09 12:57:38,272 - Epoch 072 | task 1.4694e-03 | kd 0.0000e+00 | ewc 0.0000e+00 | val 1.2404e-03
2025-07-09 12:57:52,399 - Epoch 073 | task 1.5251e-03 | kd 0.0000e+00 | ewc 0.0000e+00 | val 1.4063e-03
2025-07-09 12:58:04,528 - Epoch 074 | task 1.4662e-03 | kd 0.0000e+00 | ewc 0.0000e+00 | val 1.5837e-03
2025-07-09 12:58:15,851 - Epoch 075 | task 1.3875e-03 | kd 0.0000e+00 | ewc 0.0000e+00 | val 1.4311e-03
2025-07-09 12:58:27,582 - Epoch 076 | task 1.3958e-03 | kd 0.0000e+00 | ewc 0.0000e+00 | val 1.3693e-03
2025-07-09 12:58:38,840 - Epoch 077 | task 1.3964e-03 | kd 0.0000e+00 | ewc 0.0000e+00 | val 1.4139e-03
2025-07-09 12:58:49,510 - Epoch 078 | task 1.4157e-03 | kd 0.0000e+00 | ewc 0.0000e+00 | val 1.4786e-03
2025-07-09 12:59:01,176 - Epoch 079 | task 1.3906e-03 | kd 0.0000e+00 | ewc 0.0000e+00 | val 1.4641e-03
2025-07-09 12:59:11,848 - Epoch 080 | task 1.3662e-03 | kd 0.0000e+00 | ewc 0.0000e+00 | val 1.5074e-03
2025-07-09 12:59:22,742 - Epoch 081 | task 1.3934e-03 | kd 0.0000e+00 | ewc 0.0000e+00 | val 1.5017e-03
2025-07-09 12:59:34,335 - Epoch 082 | task 1.3506e-03 | kd 0.0000e+00 | ewc 0.0000e+00 | val 1.4748e-03
2025-07-09 12:59:45,899 - Epoch 083 | task 1.2803e-03 | kd 0.0000e+00 | ewc 0.0000e+00 | val 1.4599e-03
2025-07-09 12:59:57,694 - Epoch 084 | task 1.2456e-03 | kd 0.0000e+00 | ewc 0.0000e+00 | val 1.4933e-03
2025-07-09 13:00:09,294 - Epoch 085 | task 1.2245e-03 | kd 0.0000e+00 | ewc 0.0000e+00 | val 1.6153e-03
2025-07-09 13:00:20,922 - Epoch 086 | task 1.2132e-03 | kd 0.0000e+00 | ewc 0.0000e+00 | val 1.6041e-03
2025-07-09 13:00:32,600 - Epoch 087 | task 1.2118e-03 | kd 0.0000e+00 | ewc 0.0000e+00 | val 1.7826e-03
2025-07-09 13:00:43,999 - Epoch 088 | task 1.2200e-03 | kd 0.0000e+00 | ewc 0.0000e+00 | val 1.7790e-03
2025-07-09 13:00:55,682 - Epoch 089 | task 1.2109e-03 | kd 0.0000e+00 | ewc 0.0000e+00 | val 1.7286e-03
2025-07-09 13:01:07,379 - Epoch 090 | task 1.2046e-03 | kd 0.0000e+00 | ewc 0.0000e+00 | val 1.4383e-03
2025-07-09 13:01:07,393 - Early stopping @ epoch 90
2025-07-09 13:01:12,711 - [Joint training best model predictions] RMSE: 5.6833e-02, MAE: 4.6143e-02, R2: 0.5607
