Using device: cuda:0

Degradation categories and rates:
    cell_id      rate category
0       01  0.000391   normal
1       03  0.000518   normal
2       05  0.000499   normal
3       07  0.000750   normal
4       09  0.003106   faster
5       11  0.003046   faster
6       13  0.008297   faster
7       15  0.006153   faster
8       17  0.001771     fast
9       19  0.001001     fast
10      21  0.001098     fast
11      23  0.000973     fast
12      25  0.002719     fast
13      27  0.000463   normal
14      29  0.006876   faster 

Train IDs: ['03', '05', '07', '09', '11', '15', '21', '23', '25', '27', '29'], Val IDs: ['01', '19', '13'], Test IDs: ['17']
Shapes -> Train: (34250, 7), Val: (9687, 7), Test: (3808, 7)

Features scaled with StandardScaler
Model architecture:
SOHLSTM(
  (lstm): LSTM(3, 256, num_layers=2, batch_first=True, dropout=0.4)
  (fc_layers): Sequential(
    (0): Linear(in_features=256, out_features=128, bias=True)
    (1): LeakyReLU(negative_slope=0.01)
    (2): Dropout(p=0.4, inplace=False)
    (3): Linear(in_features=128, out_features=1, bias=True)
  )
)
Total trainable parameters: 826,625

Start training...
Epoch 1/100 | Train Loss: 4.947e-02 | Val Loss: 3.934e-03 | LR: 1.00e-04
Epoch 2/100 | Train Loss: 1.249e-02 | Val Loss: 1.644e-03 | LR: 1.00e-04
Epoch 3/100 | Train Loss: 8.768e-03 | Val Loss: 1.538e-03 | LR: 1.00e-04
Epoch 4/100 | Train Loss: 7.235e-03 | Val Loss: 1.350e-03 | LR: 1.00e-04
Epoch 5/100 | Train Loss: 6.407e-03 | Val Loss: 1.433e-03 | LR: 1.00e-04
Epoch 6/100 | Train Loss: 5.868e-03 | Val Loss: 1.360e-03 | LR: 1.00e-04
Epoch 7/100 | Train Loss: 5.254e-03 | Val Loss: 1.235e-03 | LR: 1.00e-04
Epoch 8/100 | Train Loss: 4.995e-03 | Val Loss: 1.311e-03 | LR: 1.00e-04
Epoch 9/100 | Train Loss: 4.569e-03 | Val Loss: 1.382e-03 | LR: 1.00e-04
Epoch 10/100 | Train Loss: 4.378e-03 | Val Loss: 1.250e-03 | LR: 1.00e-04
Epoch 11/100 | Train Loss: 4.111e-03 | Val Loss: 2.310e-03 | LR: 1.00e-04
Epoch 12/100 | Train Loss: 3.875e-03 | Val Loss: 1.211e-03 | LR: 1.00e-04
Epoch 13/100 | Train Loss: 3.598e-03 | Val Loss: 1.419e-03 | LR: 1.00e-04
Epoch 14/100 | Train Loss: 3.280e-03 | Val Loss: 1.312e-03 | LR: 1.00e-04
Epoch 15/100 | Train Loss: 3.086e-03 | Val Loss: 1.203e-03 | LR: 1.00e-04
Epoch 16/100 | Train Loss: 2.823e-03 | Val Loss: 1.284e-03 | LR: 1.00e-04
Epoch 17/100 | Train Loss: 2.601e-03 | Val Loss: 1.276e-03 | LR: 1.00e-04
Epoch 18/100 | Train Loss: 2.415e-03 | Val Loss: 1.354e-03 | LR: 1.00e-04
Epoch 19/100 | Train Loss: 2.241e-03 | Val Loss: 9.949e-04 | LR: 1.00e-04
Epoch 20/100 | Train Loss: 2.063e-03 | Val Loss: 1.542e-03 | LR: 1.00e-04
Epoch 21/100 | Train Loss: 1.857e-03 | Val Loss: 1.859e-03 | LR: 1.00e-04
Epoch 22/100 | Train Loss: 1.713e-03 | Val Loss: 7.458e-04 | LR: 1.00e-04
Epoch 23/100 | Train Loss: 1.575e-03 | Val Loss: 9.196e-04 | LR: 1.00e-04
Epoch 24/100 | Train Loss: 1.396e-03 | Val Loss: 7.352e-04 | LR: 1.00e-04
Epoch 25/100 | Train Loss: 1.242e-03 | Val Loss: 1.421e-03 | LR: 1.00e-04
Epoch 26/100 | Train Loss: 1.174e-03 | Val Loss: 1.622e-03 | LR: 1.00e-04
Epoch 27/100 | Train Loss: 9.884e-04 | Val Loss: 1.015e-03 | LR: 1.00e-04
Epoch 28/100 | Train Loss: 1.132e-03 | Val Loss: 2.821e-03 | LR: 1.00e-04
Epoch 29/100 | Train Loss: 8.536e-04 | Val Loss: 1.390e-03 | LR: 1.00e-04
Epoch 30/100 | Train Loss: 8.400e-04 | Val Loss: 1.028e-03 | LR: 5.00e-05
Epoch 31/100 | Train Loss: 6.862e-04 | Val Loss: 1.380e-03 | LR: 5.00e-05
Epoch 32/100 | Train Loss: 6.184e-04 | Val Loss: 1.091e-03 | LR: 5.00e-05
Epoch 33/100 | Train Loss: 5.680e-04 | Val Loss: 1.320e-03 | LR: 5.00e-05
Epoch 34/100 | Train Loss: 5.317e-04 | Val Loss: 1.382e-03 | LR: 5.00e-05
Early stopping at epoch 34
Best model loaded from /beegfs/home/users/z/zzhuqshun/Thesis/04_NNs/models/LSTM/resample-h/seq6days/best_soh_model.pth

Training complete. Best validation loss: 0.000735

Evaluating the model on the testing set...
RMSE: 0.0484
MAE: 0.0438
R²: 0.5908
Prediction plot saved for cell 17
Prediction scatter plot saved for cell 17
