2025-07-17 13:30:04,664 - ==== Skipping joint LSTM Training Phase ====
2025-07-17 13:30:04,666 - ==== Incremental EWC Training Phase ====
2025-07-17 13:31:40,383 - Base train IDs: ['03', '05', '07', '27']
2025-07-17 13:31:40,385 - Base train size: 92079
2025-07-17 13:31:40,386 - Base val IDs: ['01']
2025-07-17 13:31:40,387 - Base val size: 28612
2025-07-17 13:31:40,388 - Update1 train IDs: ['21', '23', '25']
2025-07-17 13:31:40,390 - Update1 train size: 65674
2025-07-17 13:31:40,390 - Update1 val IDs: ['19']
2025-07-17 13:31:40,391 - Update1 val size: 23120
2025-07-17 13:31:40,392 - Update2 train IDs: ['09', '11', '15', '29']
2025-07-17 13:31:40,394 - Update2 train size: 47891
2025-07-17 13:31:40,395 - Update2 val IDs: ['13']
2025-07-17 13:31:40,396 - Update2 val size: 6445
2025-07-17 13:31:48,435 - Test cell ID: 17
2025-07-17 13:31:48,436 - Test size: 22872
2025-07-17 13:31:48,437 - Test base size: 11139
2025-07-17 13:31:48,439 - Test update1 size: 6312
2025-07-17 13:31:48,440 - Test update2 size: 5421
2025-07-17 13:31:48,454 - Fitted RobustScaler on VC: center=[3.31975183 0.        ], scale=[0.20016217 1.86108033]
2025-07-17 13:31:48,536 - Fitted StandardScaler on T: mean=[27.56291197], var=[0.53804197]
2025-07-17 13:31:48,596 - Resampling and scaling complete
2025-07-17 13:31:49,886 - [task0] Training...
2025-07-17 13:31:49,888 - [task0] EWC active: None (no previous tasks)
2025-07-17 13:31:49,889 - [task0] This task will be stored with λ = 668.578401267148 (not used)
2025-07-17 13:31:49,890 - [task0] Training with alpha LWF = 0.00
2025-07-17 13:33:44,899 - Epoch 001 | task 3.8344e-02 | kd 0.0000e+00 | ewc 0.0000e+00 | val 3.9598e-04 | lr 1.00e-04 | 83.63s
2025-07-17 13:35:04,466 - Epoch 002 | task 7.2847e-03 | kd 0.0000e+00 | ewc 0.0000e+00 | val 1.0158e-03 | lr 1.00e-04 | 79.49s
2025-07-17 13:36:23,966 - Epoch 003 | task 5.3367e-03 | kd 0.0000e+00 | ewc 0.0000e+00 | val 4.0900e-04 | lr 1.00e-04 | 79.47s
2025-07-17 13:37:42,943 - Epoch 004 | task 4.3303e-03 | kd 0.0000e+00 | ewc 0.0000e+00 | val 5.4043e-04 | lr 1.00e-04 | 78.95s
2025-07-17 13:39:02,085 - Epoch 005 | task 3.4352e-03 | kd 0.0000e+00 | ewc 0.0000e+00 | val 4.7471e-04 | lr 1.00e-04 | 79.10s
2025-07-17 13:40:21,199 - Epoch 006 | task 2.6752e-03 | kd 0.0000e+00 | ewc 0.0000e+00 | val 4.4316e-04 | lr 1.00e-04 | 79.05s
2025-07-17 13:41:40,157 - Epoch 007 | task 2.0604e-03 | kd 0.0000e+00 | ewc 0.0000e+00 | val 4.5338e-04 | lr 5.00e-05 | 78.92s
2025-07-17 13:42:59,082 - Epoch 008 | task 1.6513e-03 | kd 0.0000e+00 | ewc 0.0000e+00 | val 4.0633e-04 | lr 5.00e-05 | 78.89s
2025-07-17 13:44:20,073 - Epoch 009 | task 1.4039e-03 | kd 0.0000e+00 | ewc 0.0000e+00 | val 4.1082e-04 | lr 5.00e-05 | 80.95s
2025-07-17 13:45:39,282 - Epoch 010 | task 1.1964e-03 | kd 0.0000e+00 | ewc 0.0000e+00 | val 5.2502e-04 | lr 5.00e-05 | 79.17s
2025-07-17 13:46:58,204 - Epoch 011 | task 1.0288e-03 | kd 0.0000e+00 | ewc 0.0000e+00 | val 4.1878e-04 | lr 5.00e-05 | 78.89s
2025-07-17 13:48:17,276 - Epoch 012 | task 8.7700e-04 | kd 0.0000e+00 | ewc 0.0000e+00 | val 4.3731e-04 | lr 5.00e-05 | 79.03s
2025-07-17 13:49:37,118 - Epoch 013 | task 7.6237e-04 | kd 0.0000e+00 | ewc 0.0000e+00 | val 4.6315e-04 | lr 2.50e-05 | 79.81s
2025-07-17 13:50:56,382 - Epoch 014 | task 6.8948e-04 | kd 0.0000e+00 | ewc 0.0000e+00 | val 4.3701e-04 | lr 2.50e-05 | 79.22s
2025-07-17 13:52:15,713 - Epoch 015 | task 6.5348e-04 | kd 0.0000e+00 | ewc 0.0000e+00 | val 4.0601e-04 | lr 2.50e-05 | 79.30s
2025-07-17 13:53:34,740 - Epoch 016 | task 6.2056e-04 | kd 0.0000e+00 | ewc 0.0000e+00 | val 4.1083e-04 | lr 2.50e-05 | 78.98s
2025-07-17 13:54:53,861 - Epoch 017 | task 5.9121e-04 | kd 0.0000e+00 | ewc 0.0000e+00 | val 4.5809e-04 | lr 2.50e-05 | 79.08s
2025-07-17 13:56:19,184 - Epoch 018 | task 5.6618e-04 | kd 0.0000e+00 | ewc 0.0000e+00 | val 4.3035e-04 | lr 2.50e-05 | 85.29s
2025-07-17 13:57:48,832 - Epoch 019 | task 5.4691e-04 | kd 0.0000e+00 | ewc 0.0000e+00 | val 4.2749e-04 | lr 1.25e-05 | 89.58s
2025-07-17 13:59:18,576 - Epoch 020 | task 5.2977e-04 | kd 0.0000e+00 | ewc 0.0000e+00 | val 3.9897e-04 | lr 1.25e-05 | 89.66s
2025-07-17 14:00:48,931 - Epoch 021 | task 5.2190e-04 | kd 0.0000e+00 | ewc 0.0000e+00 | val 4.0792e-04 | lr 1.25e-05 | 90.28s
2025-07-17 14:00:49,026 - Early stopping at epoch 21
2025-07-17 14:00:52,829 - [task0] Training completed.
2025-07-17 14:00:52,838 - [task0] Consolidating EWC...
2025-07-17 14:01:58,337 - [task0] Consolidation done.
2025-07-17 14:01:58,344 - [task0] Baseline evaluation on own task task0 ...
2025-07-17 14:02:05,087 - [task0 Baseline on task0] RMSE: 7.0710e-02, MAE: 6.3111e-02
2025-07-17 14:02:05,090 - [task0] Baseline testing completed.
2025-07-17 14:02:05,094 - [task0] ACC (-MAE): -6.3111e-02
2025-07-17 14:02:05,102 - [task0] Evaluating BEST checkpoint...
2025-07-17 14:02:14,491 - [task0 Evaluation on full test set] RMSE: 8.4632e-02, MAE: 6.8944e-02, R2: -0.0118
2025-07-17 14:02:14,495 - [task0] Evaluation completed.
2025-07-17 14:02:14,503 - [task1] Loading best checkpoint from previous task task0...
2025-07-17 14:02:16,336 - [task1 Pre-FWT baseline] RMSE: 5.2020e-02, MAE: 3.8374e-02
2025-07-17 14:02:16,358 - [task1] Training...
2025-07-17 14:02:16,361 - [task1] EWC active: {"Task 0": 668.58}
2025-07-17 14:02:16,365 - [task1] This task will be stored with λ = 135.50539567718891
2025-07-17 14:02:16,367 - [task1] Training with alpha LWF = 0.00
2025-07-17 14:03:22,322 - Epoch 001 | task 7.7941e-03 | kd 0.0000e+00 | ewc 2.3387e-02 | val 1.8744e-03 | lr 1.00e-04 | 65.93s
2025-07-17 14:04:21,763 - Epoch 002 | task 5.2099e-03 | kd 0.0000e+00 | ewc 1.4638e-02 | val 1.7764e-03 | lr 1.00e-04 | 59.37s
2025-07-17 14:05:21,214 - Epoch 003 | task 3.7523e-03 | kd 0.0000e+00 | ewc 8.3040e-03 | val 4.4072e-03 | lr 1.00e-04 | 59.38s
2025-07-17 14:06:22,268 - Epoch 004 | task 2.7639e-03 | kd 0.0000e+00 | ewc 4.0489e-03 | val 1.5759e-03 | lr 1.00e-04 | 61.02s
2025-07-17 14:07:22,987 - Epoch 005 | task 1.7100e-03 | kd 0.0000e+00 | ewc 1.5889e-03 | val 1.5390e-03 | lr 1.00e-04 | 60.57s
2025-07-17 14:08:27,192 - Epoch 006 | task 1.4095e-03 | kd 0.0000e+00 | ewc 4.8407e-04 | val 2.9442e-03 | lr 1.00e-04 | 64.13s
2025-07-17 14:09:35,250 - Epoch 007 | task 1.1687e-03 | kd 0.0000e+00 | ewc 1.1649e-04 | val 9.2297e-04 | lr 1.00e-04 | 67.97s
2025-07-17 14:10:39,222 - Epoch 008 | task 9.5668e-04 | kd 0.0000e+00 | ewc 2.9193e-05 | val 1.7317e-03 | lr 1.00e-04 | 63.87s
2025-07-17 14:11:42,933 - Epoch 009 | task 9.8767e-04 | kd 0.0000e+00 | ewc 8.4458e-06 | val 1.2443e-03 | lr 1.00e-04 | 63.64s
2025-07-17 14:12:46,699 - Epoch 010 | task 8.3233e-04 | kd 0.0000e+00 | ewc 5.8102e-06 | val 1.3867e-03 | lr 1.00e-04 | 63.72s
2025-07-17 14:13:49,785 - Epoch 011 | task 7.9166e-04 | kd 0.0000e+00 | ewc 3.6848e-06 | val 1.9002e-03 | lr 1.00e-04 | 63.04s
2025-07-17 14:14:49,705 - Epoch 012 | task 6.7924e-04 | kd 0.0000e+00 | ewc 2.5867e-06 | val 2.4962e-03 | lr 1.00e-04 | 59.88s
2025-07-17 14:15:49,228 - Epoch 013 | task 6.7648e-04 | kd 0.0000e+00 | ewc 2.4079e-06 | val 2.8345e-03 | lr 5.00e-05 | 59.48s
2025-07-17 14:16:47,396 - Epoch 014 | task 5.0837e-04 | kd 0.0000e+00 | ewc 2.4961e-06 | val 2.4270e-03 | lr 5.00e-05 | 58.11s
2025-07-17 14:17:44,563 - Epoch 015 | task 4.6143e-04 | kd 0.0000e+00 | ewc 2.4860e-06 | val 2.8212e-03 | lr 5.00e-05 | 57.13s
2025-07-17 14:18:41,666 - Epoch 016 | task 3.9454e-04 | kd 0.0000e+00 | ewc 2.4407e-06 | val 2.2668e-03 | lr 5.00e-05 | 57.07s
2025-07-17 14:19:38,590 - Epoch 017 | task 3.8523e-04 | kd 0.0000e+00 | ewc 2.9148e-06 | val 2.9568e-03 | lr 5.00e-05 | 56.89s
2025-07-17 14:20:35,540 - Epoch 018 | task 3.5767e-04 | kd 0.0000e+00 | ewc 2.7004e-06 | val 3.5760e-03 | lr 5.00e-05 | 56.90s
2025-07-17 14:21:33,043 - Epoch 019 | task 4.2975e-04 | kd 0.0000e+00 | ewc 3.0916e-06 | val 4.2096e-03 | lr 2.50e-05 | 57.47s
2025-07-17 14:22:55,680 - Epoch 020 | task 3.0279e-04 | kd 0.0000e+00 | ewc 2.8436e-06 | val 4.0090e-03 | lr 2.50e-05 | 82.49s
2025-07-17 14:23:58,570 - Epoch 021 | task 3.0807e-04 | kd 0.0000e+00 | ewc 2.7655e-06 | val 3.3658e-03 | lr 2.50e-05 | 62.79s
2025-07-17 14:24:56,772 - Epoch 022 | task 2.9963e-04 | kd 0.0000e+00 | ewc 2.7675e-06 | val 3.5345e-03 | lr 2.50e-05 | 58.15s
2025-07-17 14:25:55,548 - Epoch 023 | task 3.0943e-04 | kd 0.0000e+00 | ewc 2.8135e-06 | val 2.9177e-03 | lr 2.50e-05 | 58.72s
2025-07-17 14:26:53,748 - Epoch 024 | task 2.7836e-04 | kd 0.0000e+00 | ewc 2.7795e-06 | val 3.6208e-03 | lr 2.50e-05 | 58.14s
2025-07-17 14:27:51,023 - Epoch 025 | task 2.8779e-04 | kd 0.0000e+00 | ewc 2.9110e-06 | val 4.5463e-03 | lr 1.25e-05 | 57.22s
2025-07-17 14:28:48,355 - Epoch 026 | task 2.4947e-04 | kd 0.0000e+00 | ewc 2.9418e-06 | val 3.6719e-03 | lr 1.25e-05 | 57.30s
2025-07-17 14:29:45,849 - Epoch 027 | task 2.3138e-04 | kd 0.0000e+00 | ewc 2.9055e-06 | val 4.9490e-03 | lr 1.25e-05 | 57.44s
2025-07-17 14:29:45,884 - Early stopping at epoch 27
2025-07-17 14:29:46,591 - [task1] Training completed.
2025-07-17 14:29:46,593 - [task1] Consolidating EWC...
2025-07-17 14:30:32,392 - [task1] Consolidation done.
2025-07-17 14:30:32,394 - [task1] Baseline evaluation on own task task1 ...
2025-07-17 14:30:36,572 - [task1 Baseline on task1] RMSE: 5.9690e-02, MAE: 5.4953e-02
2025-07-17 14:30:36,574 - [task1] Baseline testing completed.
2025-07-17 14:30:36,577 - [task1] Backward testing on previous task task0...
2025-07-17 14:30:41,627 - [task1 BACKWARD on task0] RMSE: 2.4442e-02, MAE: 2.1172e-02
2025-07-17 14:30:41,629 - [task1] ΔMAE on task0: -4.1939e-02
2025-07-17 14:30:41,631 - [task1] ACC (-MAE): -3.8063e-02
2025-07-17 14:30:41,633 - [task1] BWT: -4.1939e-02
2025-07-17 14:30:41,634 - [task1] FWT: -1.6580e-02
2025-07-17 14:30:41,637 - [task1] Evaluating BEST checkpoint...
2025-07-17 14:30:50,251 - [task1 Evaluation on full test set] RMSE: 6.7617e-02, MAE: 5.1954e-02, R2: 0.3542
2025-07-17 14:30:50,253 - [task1] Evaluation completed.
2025-07-17 14:30:50,255 - [task2] Loading best checkpoint from previous task task1...
2025-07-17 14:30:51,707 - [task2 Pre-FWT baseline] RMSE: 1.2205e-01, MAE: 1.1687e-01
2025-07-17 14:30:51,711 - [task2] Training...
2025-07-17 14:30:51,712 - [task2] EWC active: {"Task 0": 668.58, "Task 1": 135.51}
2025-07-17 14:30:51,713 - [task2] This task will be stored with λ = 1000
2025-07-17 14:30:51,715 - [task2] Training with alpha LWF = 0.00
2025-07-17 14:31:31,524 - Epoch 001 | task 3.3394e-03 | kd 0.0000e+00 | ewc 8.4583e-05 | val 3.0406e-03 | lr 1.00e-04 | 39.80s
2025-07-17 14:32:11,441 - Epoch 002 | task 1.9937e-03 | kd 0.0000e+00 | ewc 8.3350e-05 | val 4.4444e-03 | lr 1.00e-04 | 39.82s
2025-07-17 14:32:51,325 - Epoch 003 | task 1.7461e-03 | kd 0.0000e+00 | ewc 7.1820e-05 | val 2.2621e-03 | lr 1.00e-04 | 39.84s
2025-07-17 14:33:31,228 - Epoch 004 | task 1.6122e-03 | kd 0.0000e+00 | ewc 5.9903e-05 | val 2.9254e-03 | lr 1.00e-04 | 39.80s
2025-07-17 14:34:11,103 - Epoch 005 | task 1.4627e-03 | kd 0.0000e+00 | ewc 5.4237e-05 | val 1.6907e-03 | lr 1.00e-04 | 39.83s
2025-07-17 14:34:52,077 - Epoch 006 | task 1.1183e-03 | kd 0.0000e+00 | ewc 5.7477e-05 | val 1.7280e-03 | lr 1.00e-04 | 40.89s
2025-07-17 14:35:31,949 - Epoch 007 | task 9.1339e-04 | kd 0.0000e+00 | ewc 4.9783e-05 | val 1.7260e-03 | lr 1.00e-04 | 39.82s
2025-07-17 14:36:11,766 - Epoch 008 | task 1.1067e-03 | kd 0.0000e+00 | ewc 4.3473e-05 | val 2.2321e-03 | lr 1.00e-04 | 39.77s
2025-07-17 14:36:53,820 - Epoch 009 | task 1.0046e-03 | kd 0.0000e+00 | ewc 4.2087e-05 | val 1.4951e-03 | lr 1.00e-04 | 42.00s
2025-07-17 14:37:36,270 - Epoch 010 | task 9.2634e-04 | kd 0.0000e+00 | ewc 3.1818e-05 | val 1.6009e-03 | lr 1.00e-04 | 42.30s
2025-07-17 14:38:18,929 - Epoch 011 | task 7.8679e-04 | kd 0.0000e+00 | ewc 3.0995e-05 | val 1.9464e-03 | lr 1.00e-04 | 42.61s
2025-07-17 14:39:01,435 - Epoch 012 | task 7.7127e-04 | kd 0.0000e+00 | ewc 2.5798e-05 | val 1.6150e-03 | lr 1.00e-04 | 42.44s
2025-07-17 14:39:44,024 - Epoch 013 | task 7.5110e-04 | kd 0.0000e+00 | ewc 2.2763e-05 | val 1.8457e-03 | lr 1.00e-04 | 42.51s
2025-07-17 14:40:26,736 - Epoch 014 | task 7.7707e-04 | kd 0.0000e+00 | ewc 2.0426e-05 | val 1.4195e-03 | lr 1.00e-04 | 42.64s
2025-07-17 14:41:08,846 - Epoch 015 | task 6.0699e-04 | kd 0.0000e+00 | ewc 2.2375e-05 | val 1.7136e-03 | lr 1.00e-04 | 41.96s
2025-07-17 14:41:51,512 - Epoch 016 | task 6.6102e-04 | kd 0.0000e+00 | ewc 2.5618e-05 | val 1.4025e-03 | lr 1.00e-04 | 42.60s
2025-07-17 14:42:31,549 - Epoch 017 | task 7.6608e-04 | kd 0.0000e+00 | ewc 3.5082e-05 | val 1.3080e-03 | lr 1.00e-04 | 39.88s
2025-07-17 14:43:11,901 - Epoch 018 | task 6.0215e-04 | kd 0.0000e+00 | ewc 3.0344e-05 | val 1.3519e-03 | lr 1.00e-04 | 40.27s
2025-07-17 14:43:51,956 - Epoch 019 | task 5.8338e-04 | kd 0.0000e+00 | ewc 2.3348e-05 | val 1.3771e-03 | lr 1.00e-04 | 40.01s
2025-07-17 14:44:32,339 - Epoch 020 | task 5.6074e-04 | kd 0.0000e+00 | ewc 2.2904e-05 | val 1.0394e-03 | lr 1.00e-04 | 40.33s
2025-07-17 14:45:12,629 - Epoch 021 | task 5.7256e-04 | kd 0.0000e+00 | ewc 2.1039e-05 | val 1.7267e-03 | lr 1.00e-04 | 40.19s
2025-07-17 14:45:56,186 - Epoch 022 | task 4.7762e-04 | kd 0.0000e+00 | ewc 1.9270e-05 | val 1.1448e-03 | lr 1.00e-04 | 43.51s
2025-07-17 14:46:46,664 - Epoch 023 | task 8.1510e-04 | kd 0.0000e+00 | ewc 2.7418e-05 | val 1.0235e-03 | lr 1.00e-04 | 50.41s
2025-07-17 14:47:36,806 - Epoch 024 | task 8.0806e-04 | kd 0.0000e+00 | ewc 3.7137e-05 | val 8.8714e-04 | lr 1.00e-04 | 49.99s
2025-07-17 14:48:28,681 - Epoch 025 | task 6.0291e-04 | kd 0.0000e+00 | ewc 2.7144e-05 | val 1.0025e-03 | lr 1.00e-04 | 51.75s
2025-07-17 14:49:20,268 - Epoch 026 | task 4.8734e-04 | kd 0.0000e+00 | ewc 2.3890e-05 | val 6.1530e-04 | lr 1.00e-04 | 51.48s
2025-07-17 14:50:12,655 - Epoch 027 | task 4.0552e-04 | kd 0.0000e+00 | ewc 2.2841e-05 | val 7.1067e-04 | lr 1.00e-04 | 52.27s
2025-07-17 14:51:05,048 - Epoch 028 | task 3.8066e-04 | kd 0.0000e+00 | ewc 2.0528e-05 | val 5.5459e-04 | lr 1.00e-04 | 52.32s
2025-07-17 14:51:55,470 - Epoch 029 | task 3.5986e-04 | kd 0.0000e+00 | ewc 1.9966e-05 | val 4.9785e-04 | lr 1.00e-04 | 50.24s
2025-07-17 14:52:47,807 - Epoch 030 | task 3.0990e-04 | kd 0.0000e+00 | ewc 1.9520e-05 | val 7.8410e-04 | lr 1.00e-04 | 52.01s
2025-07-17 14:53:40,740 - Epoch 031 | task 3.2236e-04 | kd 0.0000e+00 | ewc 1.9257e-05 | val 5.2802e-04 | lr 1.00e-04 | 52.78s
2025-07-17 14:54:28,530 - Epoch 032 | task 2.8262e-04 | kd 0.0000e+00 | ewc 1.9004e-05 | val 3.4577e-04 | lr 1.00e-04 | 47.73s
2025-07-17 14:55:17,526 - Epoch 033 | task 2.8427e-04 | kd 0.0000e+00 | ewc 1.8681e-05 | val 5.3016e-04 | lr 1.00e-04 | 48.83s
2025-07-17 14:56:09,342 - Epoch 034 | task 2.7063e-04 | kd 0.0000e+00 | ewc 1.8584e-05 | val 4.4885e-04 | lr 1.00e-04 | 51.71s
2025-07-17 14:57:01,034 - Epoch 035 | task 2.6607e-04 | kd 0.0000e+00 | ewc 1.8328e-05 | val 3.5783e-04 | lr 1.00e-04 | 51.61s
2025-07-17 14:57:53,115 - Epoch 036 | task 2.6084e-04 | kd 0.0000e+00 | ewc 1.8153e-05 | val 3.5485e-04 | lr 1.00e-04 | 51.95s
2025-07-17 14:58:44,026 - Epoch 037 | task 2.7014e-04 | kd 0.0000e+00 | ewc 1.8335e-05 | val 3.9168e-04 | lr 1.00e-04 | 50.83s
2025-07-17 14:59:36,875 - Epoch 038 | task 2.4243e-04 | kd 0.0000e+00 | ewc 1.8201e-05 | val 5.3336e-04 | lr 5.00e-05 | 52.76s
2025-07-17 15:00:29,988 - Epoch 039 | task 2.1566e-04 | kd 0.0000e+00 | ewc 1.7917e-05 | val 2.2954e-04 | lr 5.00e-05 | 53.03s
2025-07-17 15:01:20,664 - Epoch 040 | task 2.1308e-04 | kd 0.0000e+00 | ewc 1.7688e-05 | val 3.1084e-04 | lr 5.00e-05 | 50.50s
2025-07-17 15:02:12,693 - Epoch 041 | task 2.1094e-04 | kd 0.0000e+00 | ewc 1.7577e-05 | val 2.6833e-04 | lr 5.00e-05 | 51.93s
2025-07-17 15:03:05,190 - Epoch 042 | task 2.0423e-04 | kd 0.0000e+00 | ewc 1.7426e-05 | val 3.2837e-04 | lr 5.00e-05 | 52.39s
2025-07-17 15:03:57,052 - Epoch 043 | task 2.0152e-04 | kd 0.0000e+00 | ewc 1.7236e-05 | val 4.9719e-04 | lr 5.00e-05 | 51.76s
2025-07-17 15:04:49,146 - Epoch 044 | task 2.0135e-04 | kd 0.0000e+00 | ewc 1.7101e-05 | val 2.8625e-04 | lr 5.00e-05 | 51.99s
2025-07-17 15:05:42,345 - Epoch 045 | task 1.9647e-04 | kd 0.0000e+00 | ewc 1.6980e-05 | val 3.0086e-04 | lr 2.50e-05 | 53.10s
2025-07-17 15:06:35,007 - Epoch 046 | task 1.8239e-04 | kd 0.0000e+00 | ewc 1.6915e-05 | val 3.2708e-04 | lr 2.50e-05 | 52.56s
2025-07-17 15:07:28,080 - Epoch 047 | task 1.7721e-04 | kd 0.0000e+00 | ewc 1.6831e-05 | val 3.1194e-04 | lr 2.50e-05 | 52.94s
2025-07-17 15:08:20,710 - Epoch 048 | task 1.7593e-04 | kd 0.0000e+00 | ewc 1.6740e-05 | val 2.3214e-04 | lr 2.50e-05 | 52.55s
2025-07-17 15:09:13,970 - Epoch 049 | task 1.7242e-04 | kd 0.0000e+00 | ewc 1.6650e-05 | val 2.4660e-04 | lr 2.50e-05 | 53.16s
2025-07-17 15:10:07,451 - Epoch 050 | task 1.7322e-04 | kd 0.0000e+00 | ewc 1.6558e-05 | val 2.4841e-04 | lr 2.50e-05 | 53.36s
2025-07-17 15:11:02,496 - Epoch 051 | task 1.7352e-04 | kd 0.0000e+00 | ewc 1.6523e-05 | val 2.7979e-04 | lr 1.25e-05 | 54.93s
2025-07-17 15:11:57,933 - Epoch 052 | task 1.5909e-04 | kd 0.0000e+00 | ewc 1.6453e-05 | val 2.8304e-04 | lr 1.25e-05 | 55.35s
2025-07-17 15:12:53,243 - Epoch 053 | task 1.5963e-04 | kd 0.0000e+00 | ewc 1.6394e-05 | val 2.7607e-04 | lr 1.25e-05 | 55.18s
2025-07-17 15:13:47,853 - Epoch 054 | task 1.6082e-04 | kd 0.0000e+00 | ewc 1.6352e-05 | val 2.9474e-04 | lr 1.25e-05 | 54.50s
2025-07-17 15:14:42,395 - Epoch 055 | task 1.5949e-04 | kd 0.0000e+00 | ewc 1.6316e-05 | val 3.0228e-04 | lr 1.25e-05 | 54.46s
2025-07-17 15:15:38,040 - Epoch 056 | task 1.5703e-04 | kd 0.0000e+00 | ewc 1.6260e-05 | val 2.8035e-04 | lr 1.25e-05 | 55.53s
2025-07-17 15:16:33,436 - Epoch 057 | task 1.5871e-04 | kd 0.0000e+00 | ewc 1.6200e-05 | val 2.7338e-04 | lr 6.25e-06 | 55.28s
2025-07-17 15:17:29,431 - Epoch 058 | task 1.5014e-04 | kd 0.0000e+00 | ewc 1.6163e-05 | val 3.3205e-04 | lr 6.25e-06 | 55.90s
2025-07-17 15:18:24,805 - Epoch 059 | task 1.4803e-04 | kd 0.0000e+00 | ewc 1.6136e-05 | val 3.2749e-04 | lr 6.25e-06 | 55.28s
2025-07-17 15:18:24,916 - Early stopping at epoch 59
2025-07-17 15:18:25,681 - [task2] Training completed.
2025-07-17 15:18:25,691 - [task2] Consolidating EWC...
2025-07-17 15:18:59,527 - [task2] Consolidation done.
2025-07-17 15:18:59,539 - [task2] Baseline evaluation on own task task2 ...
2025-07-17 15:19:03,777 - [task2 Baseline on task2] RMSE: 1.1850e-01, MAE: 1.1798e-01
2025-07-17 15:19:03,779 - [task2] Baseline testing completed.
2025-07-17 15:19:03,790 - [task2] Backward testing on previous task task0...
2025-07-17 15:19:09,058 - [task2 BACKWARD on task0] RMSE: 1.1195e-01, MAE: 1.1111e-01
2025-07-17 15:19:09,068 - [task2] Backward testing on previous task task1...
2025-07-17 15:19:12,803 - [task2 BACKWARD on task1] RMSE: 1.1132e-01, MAE: 1.1004e-01
2025-07-17 15:19:12,806 - [task2] ΔMAE on task0: +4.7996e-02
2025-07-17 15:19:12,808 - [task2] ΔMAE on task1: +5.5089e-02
2025-07-17 15:19:12,811 - [task2] ACC (-MAE): -1.1304e-01
2025-07-17 15:19:12,814 - [task2] BWT: +5.1542e-02
2025-07-17 15:19:12,816 - [task2] FWT: -1.1108e-03
2025-07-17 15:19:12,827 - [task2] Evaluating BEST checkpoint...
2025-07-17 15:19:21,970 - [task2 Evaluation on full test set] RMSE: 1.1316e-01, MAE: 1.1222e-01, R2: -0.8088
2025-07-17 15:19:21,975 - [task2] Evaluation completed.
2025-07-17 15:19:22,017 - Saved ACC/BWT/FWT history to /beegfs/home/users/z/zzhuqshun/Thesis/05_Final/3inputs/model/incl_trial42/incremental/continual_metrics.csv
2025-07-17 15:19:22,635 - ==== All tasks completed ====
