2025-08-04 20:37:43,651 - ==== Experiment Setup ====
2025-08-04 20:37:43,678 - Mode: joint
2025-08-04 20:37:43,684 - Number of tasks: 3
2025-08-04 20:37:43,690 - Random seed: 42
2025-08-04 20:37:43,697 - Base directory: /beegfs/home/users/z/zzhuqshun/Thesis/06_adapter/joint_gate
2025-08-04 20:37:43,704 - ==== Joint Training (Baseline) ====
2025-08-04 20:39:13,795 - Joint training - Train IDs: ['03', '05', '07', '09', '11', '15', '21', '23', '25', '27', '29'], size: 205644
2025-08-04 20:39:13,797 - Joint training - Val IDs: ['01', '19', '13'], size: 58177
2025-08-04 20:39:13,798 - Joint training - Test ID: 17, size: 22872
2025-08-04 20:39:13,817 -   (Scaler) Scaler centers: [ 3.342422    0.17992967 27.75      ]
2025-08-04 20:39:13,825 -   (Scaler) Scaler scales: [0.18428363 1.77955483 1.81783333]
2025-08-04 20:46:56,609 - Epoch 0 train=1.5105e-02 val=1.9760e-03 lr=1.00e-04 time=223.36s
2025-08-04 20:50:54,904 - Epoch 1 train=3.7325e-03 val=6.6675e-04 lr=1.00e-04 time=221.57s
2025-08-04 20:54:53,070 - Epoch 2 train=1.9975e-03 val=8.3071e-04 lr=1.00e-04 time=221.43s
2025-08-04 20:58:51,017 - Epoch 3 train=1.0528e-03 val=9.7945e-04 lr=1.00e-04 time=221.27s
2025-08-04 21:02:49,324 - Epoch 4 train=6.1495e-04 val=9.6498e-04 lr=1.00e-04 time=221.58s
2025-08-04 21:06:47,527 - Epoch 5 train=4.0737e-04 val=8.3334e-04 lr=1.00e-04 time=221.48s
2025-08-04 21:10:46,339 - Epoch 6 train=3.1426e-04 val=8.4231e-04 lr=1.00e-04 time=222.06s
2025-08-04 21:14:44,876 - Epoch 7 train=2.5017e-04 val=9.6618e-04 lr=1.00e-04 time=221.74s
2025-08-04 21:18:44,354 - Epoch 8 train=1.9693e-04 val=8.7547e-04 lr=5.00e-05 time=222.73s
2025-08-04 21:22:29,765 - Epoch 9 train=1.8144e-04 val=6.1148e-04 lr=5.00e-05 time=208.67s
2025-08-04 21:25:55,966 - Epoch 10 train=1.6240e-04 val=6.5325e-04 lr=5.00e-05 time=189.41s
2025-08-04 21:29:52,735 - Epoch 11 train=1.5891e-04 val=4.8026e-04 lr=5.00e-05 time=220.03s
2025-08-04 21:33:48,992 - Epoch 12 train=1.4700e-04 val=4.3339e-04 lr=5.00e-05 time=219.50s
2025-08-04 21:37:38,058 - Epoch 13 train=1.4119e-04 val=6.1604e-04 lr=5.00e-05 time=212.27s
2025-08-04 21:41:36,036 - Epoch 14 train=1.3700e-04 val=6.2733e-04 lr=5.00e-05 time=221.15s
2025-08-04 21:45:55,661 - Epoch 15 train=1.6560e-04 val=4.5677e-04 lr=5.00e-05 time=242.94s
2025-08-04 21:49:51,446 - Epoch 16 train=1.3173e-04 val=6.4138e-04 lr=5.00e-05 time=219.10s
2025-08-04 21:53:48,397 - Epoch 17 train=1.3027e-04 val=8.2537e-04 lr=5.00e-05 time=220.15s
2025-08-04 21:57:44,348 - Epoch 18 train=1.5860e-04 val=7.3251e-04 lr=5.00e-05 time=219.19s
2025-08-04 22:01:51,178 - Epoch 19 train=1.1694e-04 val=6.9649e-04 lr=2.50e-05 time=230.12s
2025-08-04 22:06:12,180 - Epoch 20 train=1.1588e-04 val=6.6355e-04 lr=2.50e-05 time=244.28s
2025-08-04 22:10:30,518 - Epoch 21 train=1.1706e-04 val=6.8817e-04 lr=2.50e-05 time=241.67s
2025-08-04 22:14:40,818 - Epoch 22 train=1.1670e-04 val=7.0350e-04 lr=2.50e-05 time=233.54s
2025-08-04 22:18:52,134 - Epoch 23 train=1.1342e-04 val=6.1056e-04 lr=2.50e-05 time=234.65s
2025-08-04 22:23:12,938 - Epoch 24 train=1.1468e-04 val=5.6802e-04 lr=2.50e-05 time=244.10s
2025-08-04 22:27:35,758 - Epoch 25 train=1.0847e-04 val=6.5930e-04 lr=1.25e-05 time=246.08s
2025-08-04 22:31:55,023 - Epoch 26 train=1.0708e-04 val=6.2407e-04 lr=1.25e-05 time=242.54s
2025-08-04 22:36:27,655 - Epoch 27 train=1.0650e-04 val=5.9904e-04 lr=1.25e-05 time=255.87s
2025-08-04 22:40:28,871 - Epoch 28 train=1.0695e-04 val=5.9861e-04 lr=1.25e-05 time=224.50s
2025-08-04 22:44:21,358 - Epoch 29 train=1.0673e-04 val=5.8575e-04 lr=1.25e-05 time=215.77s
2025-08-04 22:48:20,228 - Epoch 30 train=1.0630e-04 val=5.4462e-04 lr=1.25e-05 time=222.11s
2025-08-04 22:52:20,926 - Epoch 31 train=1.0381e-04 val=5.7911e-04 lr=6.25e-06 time=223.97s
2025-08-04 22:56:26,848 - Epoch 32 train=1.0242e-04 val=6.1502e-04 lr=6.25e-06 time=229.18s
2025-08-04 22:56:26,869 - Early stopping at epoch 32
2025-08-04 22:56:41,537 - Eval RMSE 1.8057e-02 MAE 1.4797e-02 R2 0.9539
2025-08-04 22:56:48,280 - ==== Joint Training Complete ====
2025-08-04 22:56:48,283 - ==== Experiment Complete ====
