2025-07-30 10:31:08,588 - ==== Experiment Setup ====
2025-07-30 10:31:08,590 - Mode: joint
2025-07-30 10:31:08,591 - Number of tasks: 3
2025-07-30 10:31:08,593 - EWC lambdas: [0.0, 0.0, 0.0]
2025-07-30 10:31:08,593 - LWF alphas: [0.0, 0.0, 0.0]
2025-07-30 10:31:08,595 - Base directory: /beegfs/home/users/z/zzhuqshun/Thesis/05_Final/ewc/strategies/joint-tryout1
2025-07-30 10:31:08,596 - ==== Joint Training (Baseline) ====
2025-07-30 10:32:47,193 - Joint training - Train IDs: ['03', '05', '07', '09', '11', '15', '21', '23', '25', '27', '29'], size: 205644
2025-07-30 10:32:47,216 - Joint training - Val IDs: ['01', '19', '13'], size: 58177
2025-07-30 10:32:47,221 - Joint training - Test ID: 17, size: 22872
2025-07-30 10:32:47,242 -   (Scaler) Scaler centers: [ 3.342422    0.17992967 27.75      ]
2025-07-30 10:32:47,269 -   (Scaler) Scaler scales: [0.18428363 1.77955483 1.81783333]
2025-07-30 10:40:11,652 - Epoch 0 task=3.7254e-02 kd=0.0000e+00 ewc=0.0000e+00 val=2.4008e-03 lr=4.00e-05 time=214.29s
2025-07-30 10:44:04,784 - Epoch 1 task=8.1036e-03 kd=0.0000e+00 ewc=0.0000e+00 val=2.0012e-03 lr=4.00e-05 time=216.33s
2025-07-30 10:47:55,786 - Epoch 2 task=6.3810e-03 kd=0.0000e+00 ewc=0.0000e+00 val=1.1442e-03 lr=4.00e-05 time=214.22s
2025-07-30 10:51:44,189 - Epoch 3 task=5.3419e-03 kd=0.0000e+00 ewc=0.0000e+00 val=1.4387e-03 lr=4.00e-05 time=211.61s
2025-07-30 10:55:39,123 - Epoch 4 task=4.4166e-03 kd=0.0000e+00 ewc=0.0000e+00 val=1.0276e-03 lr=4.00e-05 time=218.42s
2025-07-30 10:59:32,707 - Epoch 5 task=3.3800e-03 kd=0.0000e+00 ewc=0.0000e+00 val=1.6521e-03 lr=4.00e-05 time=216.93s
2025-07-30 11:03:03,430 - Epoch 6 task=2.6326e-03 kd=0.0000e+00 ewc=0.0000e+00 val=1.9071e-03 lr=4.00e-05 time=194.15s
2025-07-30 11:06:33,746 - Epoch 7 task=2.0464e-03 kd=0.0000e+00 ewc=0.0000e+00 val=8.3996e-04 lr=4.00e-05 time=192.90s
2025-07-30 11:10:13,614 - Epoch 8 task=1.5880e-03 kd=0.0000e+00 ewc=0.0000e+00 val=8.6025e-04 lr=4.00e-05 time=202.42s
2025-07-30 11:13:48,772 - Epoch 9 task=1.2309e-03 kd=0.0000e+00 ewc=0.0000e+00 val=1.0784e-03 lr=4.00e-05 time=197.76s
2025-07-30 11:17:19,275 - Epoch 10 task=9.4463e-04 kd=0.0000e+00 ewc=0.0000e+00 val=8.4174e-04 lr=4.00e-05 time=193.11s
2025-07-30 11:20:49,116 - Epoch 11 task=7.7670e-04 kd=0.0000e+00 ewc=0.0000e+00 val=4.7210e-04 lr=4.00e-05 time=192.46s
2025-07-30 11:24:17,845 - Epoch 12 task=6.6526e-04 kd=0.0000e+00 ewc=0.0000e+00 val=5.5876e-04 lr=4.00e-05 time=191.32s
2025-07-30 11:27:47,872 - Epoch 13 task=5.5888e-04 kd=0.0000e+00 ewc=0.0000e+00 val=4.8219e-04 lr=4.00e-05 time=192.61s
2025-07-30 11:31:13,227 - Epoch 14 task=4.6910e-04 kd=0.0000e+00 ewc=0.0000e+00 val=6.3466e-04 lr=4.00e-05 time=188.02s
2025-07-30 11:34:35,354 - Epoch 15 task=4.0422e-04 kd=0.0000e+00 ewc=0.0000e+00 val=4.1032e-04 lr=4.00e-05 time=184.69s
2025-07-30 11:38:20,871 - Epoch 16 task=3.4465e-04 kd=0.0000e+00 ewc=0.0000e+00 val=4.9560e-04 lr=4.00e-05 time=208.09s
2025-07-30 11:42:13,120 - Epoch 17 task=3.1446e-04 kd=0.0000e+00 ewc=0.0000e+00 val=4.6935e-04 lr=4.00e-05 time=214.83s
2025-07-30 11:46:22,039 - Epoch 18 task=3.1801e-04 kd=0.0000e+00 ewc=0.0000e+00 val=5.1713e-04 lr=4.00e-05 time=231.59s
2025-07-30 11:50:38,377 - Epoch 19 task=2.6503e-04 kd=0.0000e+00 ewc=0.0000e+00 val=5.3020e-04 lr=4.00e-05 time=238.93s
2025-07-30 11:55:15,254 - Epoch 20 task=2.4774e-04 kd=0.0000e+00 ewc=0.0000e+00 val=4.2799e-04 lr=4.00e-05 time=259.51s
2025-07-30 11:59:46,655 - Epoch 21 task=2.2090e-04 kd=0.0000e+00 ewc=0.0000e+00 val=3.3155e-04 lr=4.00e-05 time=253.98s
2025-07-30 12:03:52,335 - Epoch 22 task=2.0344e-04 kd=0.0000e+00 ewc=0.0000e+00 val=5.8037e-04 lr=4.00e-05 time=228.21s
2025-07-30 12:08:10,181 - Epoch 23 task=1.8529e-04 kd=0.0000e+00 ewc=0.0000e+00 val=2.9948e-04 lr=4.00e-05 time=240.49s
2025-07-30 12:11:26,034 - Epoch 24 task=1.6291e-04 kd=0.0000e+00 ewc=0.0000e+00 val=4.5773e-04 lr=4.00e-05 time=178.48s
2025-07-30 12:14:46,957 - Epoch 25 task=1.6361e-04 kd=0.0000e+00 ewc=0.0000e+00 val=5.3403e-04 lr=4.00e-05 time=183.55s
2025-07-30 12:18:09,098 - Epoch 26 task=1.4582e-04 kd=0.0000e+00 ewc=0.0000e+00 val=3.2664e-04 lr=4.00e-05 time=184.73s
2025-07-30 12:21:29,561 - Epoch 27 task=1.3986e-04 kd=0.0000e+00 ewc=0.0000e+00 val=3.3322e-04 lr=4.00e-05 time=183.06s
2025-07-30 12:24:51,379 - Epoch 28 task=1.3356e-04 kd=0.0000e+00 ewc=0.0000e+00 val=5.9418e-04 lr=4.00e-05 time=184.44s
2025-07-30 12:28:13,294 - Epoch 29 task=1.2982e-04 kd=0.0000e+00 ewc=0.0000e+00 val=7.2979e-04 lr=4.00e-05 time=184.57s
2025-07-30 12:31:37,458 - Epoch 30 task=1.1509e-04 kd=0.0000e+00 ewc=0.0000e+00 val=6.7233e-04 lr=2.00e-05 time=186.79s
2025-07-30 12:35:01,757 - Epoch 31 task=1.1373e-04 kd=0.0000e+00 ewc=0.0000e+00 val=7.9405e-04 lr=2.00e-05 time=186.89s
2025-07-30 12:38:26,801 - Epoch 32 task=1.1193e-04 kd=0.0000e+00 ewc=0.0000e+00 val=7.9608e-04 lr=2.00e-05 time=187.63s
2025-07-30 12:41:52,736 - Epoch 33 task=1.1005e-04 kd=0.0000e+00 ewc=0.0000e+00 val=7.9156e-04 lr=2.00e-05 time=188.57s
2025-07-30 12:45:23,596 - Epoch 34 task=1.1045e-04 kd=0.0000e+00 ewc=0.0000e+00 val=6.9905e-04 lr=2.00e-05 time=193.46s
2025-07-30 12:48:45,404 - Epoch 35 task=1.0891e-04 kd=0.0000e+00 ewc=0.0000e+00 val=7.8354e-04 lr=2.00e-05 time=184.43s
2025-07-30 12:52:06,704 - Epoch 36 task=1.0146e-04 kd=0.0000e+00 ewc=0.0000e+00 val=8.8270e-04 lr=1.00e-05 time=183.88s
2025-07-30 12:55:26,504 - Epoch 37 task=1.0054e-04 kd=0.0000e+00 ewc=0.0000e+00 val=8.9752e-04 lr=1.00e-05 time=182.42s
2025-07-30 12:58:46,044 - Epoch 38 task=1.0048e-04 kd=0.0000e+00 ewc=0.0000e+00 val=9.5894e-04 lr=1.00e-05 time=182.15s
2025-07-30 13:02:05,940 - Epoch 39 task=1.0025e-04 kd=0.0000e+00 ewc=0.0000e+00 val=9.0814e-04 lr=1.00e-05 time=182.55s
2025-07-30 13:05:27,645 - Epoch 40 task=9.8298e-05 kd=0.0000e+00 ewc=0.0000e+00 val=9.2316e-04 lr=1.00e-05 time=184.35s
2025-07-30 13:08:48,358 - Epoch 41 task=9.9224e-05 kd=0.0000e+00 ewc=0.0000e+00 val=8.9451e-04 lr=1.00e-05 time=183.31s
2025-07-30 13:12:08,826 - Epoch 42 task=9.5076e-05 kd=0.0000e+00 ewc=0.0000e+00 val=9.1613e-04 lr=5.00e-06 time=183.00s
2025-07-30 13:15:39,862 - Epoch 43 task=9.5010e-05 kd=0.0000e+00 ewc=0.0000e+00 val=9.7581e-04 lr=5.00e-06 time=193.84s
2025-07-30 13:15:40,134 - Early stopping at epoch 43
2025-07-30 13:15:55,230 - Eval RMSE 7.8350e-03 MAE 6.3815e-03 R2 0.9913
2025-07-30 13:16:04,860 - ==== Joint Training Complete ====
2025-07-30 13:16:05,361 - ==== Experiment Complete ====
