2025-08-03 21:44:02,886 - ==== Experiment Setup ====
2025-08-03 21:44:02,889 - Mode: joint
2025-08-03 21:44:02,893 - Method: Adapter Fine-tuning
2025-08-03 21:44:02,894 - Number of tasks: 3
2025-08-03 21:44:02,901 - Random seed: 42
2025-08-03 21:44:02,903 - Adapter size: 32
2025-08-03 21:44:02,905 - Freeze backbone: True
2025-08-03 21:44:02,908 - Base directory: /beegfs/home/users/z/zzhuqshun/Thesis/06_adapter/joint_GELU
2025-08-03 21:44:02,911 - ==== Joint Training (Baseline) ====
2025-08-03 21:45:27,817 - Joint training - Train IDs: ['03', '05', '07', '09', '11', '15', '21', '23', '25', '27', '29'], size: 205644
2025-08-03 21:45:27,821 - Joint training - Val IDs: ['01', '19', '13'], size: 58177
2025-08-03 21:45:27,823 - Joint training - Test ID: 17, size: 22872
2025-08-03 21:45:27,844 -   (Scaler) Scaler centers: [ 3.342422    0.17992967 27.75      ]
2025-08-03 21:45:27,851 -   (Scaler) Scaler scales: [0.18428363 1.77955483 1.81783333]
2025-08-03 21:45:28,432 - Training full model with 208513 parameters
2025-08-03 21:50:15,027 - Epoch 0 train=1.8123e-02 val=2.1358e-03 lr=1.00e-04 time=176.10s
2025-08-03 21:53:27,575 - Epoch 1 train=6.4084e-03 val=1.5509e-03 lr=1.00e-04 time=175.83s
2025-08-03 21:56:39,857 - Epoch 2 train=4.1348e-03 val=9.4796e-04 lr=1.00e-04 time=175.60s
2025-08-03 22:00:00,789 - Epoch 3 train=2.0848e-03 val=1.2056e-03 lr=1.00e-04 time=184.25s
2025-08-03 22:03:15,691 - Epoch 4 train=1.0438e-03 val=6.7718e-04 lr=1.00e-04 time=178.26s
2025-08-03 22:06:29,065 - Epoch 5 train=5.1882e-04 val=9.4539e-04 lr=1.00e-04 time=176.38s
2025-08-03 22:09:37,621 - Epoch 6 train=2.8230e-04 val=3.9760e-04 lr=1.00e-04 time=171.58s
2025-08-03 22:12:51,740 - Epoch 7 train=2.1609e-04 val=5.2815e-04 lr=1.00e-04 time=177.15s
2025-08-03 22:16:38,381 - Epoch 8 train=1.3876e-04 val=4.8218e-04 lr=1.00e-04 time=209.59s
2025-08-03 22:20:02,401 - Epoch 9 train=1.2216e-04 val=5.6676e-04 lr=1.00e-04 time=187.06s
2025-08-03 22:23:44,136 - Epoch 10 train=1.1581e-04 val=4.4922e-04 lr=1.00e-04 time=205.09s
2025-08-03 22:26:55,911 - Epoch 11 train=1.1023e-04 val=4.9369e-04 lr=1.00e-04 time=175.12s
2025-08-03 22:29:59,617 - Epoch 12 train=1.0546e-04 val=5.0790e-04 lr=1.00e-04 time=167.06s
2025-08-03 22:33:21,400 - Epoch 13 train=9.1851e-05 val=5.4270e-04 lr=5.00e-05 time=185.13s
2025-08-03 22:36:27,262 - Epoch 14 train=8.9095e-05 val=5.2333e-04 lr=5.00e-05 time=169.21s
2025-08-03 22:39:43,042 - Epoch 15 train=8.9862e-05 val=5.6772e-04 lr=5.00e-05 time=179.13s
2025-08-03 22:44:08,437 - Epoch 16 train=8.5965e-05 val=4.4938e-04 lr=5.00e-05 time=248.68s
2025-08-03 22:49:34,936 - Epoch 17 train=8.6575e-05 val=4.5989e-04 lr=5.00e-05 time=309.82s
2025-08-03 22:54:23,808 - Epoch 18 train=8.7920e-05 val=3.3742e-04 lr=5.00e-05 time=272.20s
2025-08-03 22:58:44,910 - Epoch 19 train=8.4346e-05 val=4.6368e-04 lr=5.00e-05 time=244.37s
2025-08-03 23:03:08,679 - Epoch 20 train=8.3849e-05 val=4.5369e-04 lr=5.00e-05 time=247.04s
2025-08-03 23:07:37,772 - Epoch 21 train=8.3917e-05 val=3.5596e-04 lr=5.00e-05 time=252.42s
2025-08-03 23:12:05,253 - Epoch 22 train=8.3925e-05 val=5.2006e-04 lr=5.00e-05 time=250.82s
2025-08-03 23:16:57,099 - Epoch 23 train=8.2827e-05 val=4.7743e-04 lr=5.00e-05 time=275.18s
2025-08-03 23:22:41,553 - Epoch 24 train=8.4194e-05 val=3.9994e-04 lr=5.00e-05 time=327.78s
2025-08-03 23:27:38,657 - Epoch 25 train=7.6696e-05 val=4.4077e-04 lr=2.50e-05 time=280.42s
2025-08-03 23:33:25,495 - Epoch 26 train=7.5665e-05 val=4.3225e-04 lr=2.50e-05 time=330.18s
2025-08-03 23:40:14,972 - Epoch 27 train=7.4342e-05 val=4.3885e-04 lr=2.50e-05 time=392.78s
2025-08-03 23:46:58,657 - Epoch 28 train=7.4716e-05 val=4.0264e-04 lr=2.50e-05 time=386.99s
2025-08-03 23:51:15,106 - Epoch 29 train=7.4058e-05 val=4.8853e-04 lr=2.50e-05 time=239.75s
2025-08-03 23:54:40,505 - Epoch 30 train=7.5488e-05 val=4.6836e-04 lr=2.50e-05 time=188.75s
2025-08-03 23:58:22,907 - Epoch 31 train=7.0400e-05 val=4.9645e-04 lr=1.25e-05 time=205.76s
2025-08-04 00:02:12,633 - Epoch 32 train=7.0505e-05 val=4.9752e-04 lr=1.25e-05 time=213.05s
2025-08-04 00:06:11,554 - Epoch 33 train=6.9858e-05 val=4.5806e-04 lr=1.25e-05 time=222.27s
2025-08-04 00:09:50,814 - Epoch 34 train=7.0346e-05 val=4.5732e-04 lr=1.25e-05 time=202.61s
2025-08-04 00:13:25,021 - Epoch 35 train=6.9896e-05 val=4.7696e-04 lr=1.25e-05 time=197.56s
2025-08-04 00:17:08,811 - Epoch 36 train=7.0136e-05 val=4.4411e-04 lr=1.25e-05 time=207.12s
2025-08-04 00:20:53,580 - Epoch 37 train=6.7141e-05 val=4.6648e-04 lr=6.25e-06 time=208.08s
2025-08-04 00:24:35,352 - Epoch 38 train=6.6571e-05 val=5.3804e-04 lr=6.25e-06 time=205.13s
2025-08-04 00:24:35,356 - Early stopping at epoch 38
2025-08-04 00:24:49,237 - Eval RMSE 1.2343e-02 MAE 8.1466e-03 R2 0.9785
2025-08-04 00:24:56,696 - ==== Joint Training Complete ====
2025-08-04 00:24:56,701 - ==== Experiment Complete ====
