2025-07-27 11:33:55,509 - ==== Incremental Training Phase ====
2025-07-27 11:35:25,319 - Incremental training - Task 0 Train IDs: ['03', '05', '07', '27'], size: 92079
2025-07-27 11:35:25,321 - Incremental training - Task 0 Val IDs: ['01'], size: 28612
2025-07-27 11:35:25,322 - Incremental training - Task 1 Train IDs: ['21', '23', '25'], size: 65674
2025-07-27 11:35:25,323 - Incremental training - Task 1 Val IDs: ['19'], size: 23120
2025-07-27 11:35:25,324 - Incremental training - Task 2 Train IDs: ['09', '11', '15', '29'], size: 47891
2025-07-27 11:35:25,325 - Incremental training - Task 2 Val IDs: ['13'], size: 6445
2025-07-27 11:35:25,326 - Incremental training - Test ID: 17, size: 22872
2025-07-27 11:35:25,327 - Incremental training - Test Task 0 size: 11139
2025-07-27 11:35:25,328 - Incremental training - Test Task 1 size: 6312
2025-07-27 11:35:25,329 - Incremental training - Test Task 2 size: 5421
2025-07-27 11:35:25,341 -   (Scaler) Scaler centers: [ 3.31975183  0.         27.55116667]
2025-07-27 11:35:25,348 -   (Scaler) Scaler scales: [0.20016217 1.86108033 1.05333333]
2025-07-27 11:35:26,127 - == Training task0 (MAS λ=215.95) ==
2025-07-27 11:38:39,685 - Epoch 000 | task 3.8185e-02 | kd 0.0000e+00 | mas 0.0000e+00 | val 3.9701e-04 | lr 1.00e-04 | 90.79s
2025-07-27 11:40:06,097 - Epoch 001 | task 7.2809e-03 | kd 0.0000e+00 | mas 0.0000e+00 | val 1.2390e-03 | lr 1.00e-04 | 86.36s
2025-07-27 11:41:31,911 - Epoch 002 | task 5.3336e-03 | kd 0.0000e+00 | mas 0.0000e+00 | val 4.1007e-04 | lr 1.00e-04 | 85.81s
2025-07-27 11:42:59,289 - Epoch 003 | task 4.3114e-03 | kd 0.0000e+00 | mas 0.0000e+00 | val 5.2683e-04 | lr 1.00e-04 | 87.36s
2025-07-27 11:44:21,987 - Epoch 004 | task 3.4078e-03 | kd 0.0000e+00 | mas 0.0000e+00 | val 4.0077e-04 | lr 1.00e-04 | 82.69s
2025-07-27 11:45:44,917 - Epoch 005 | task 2.6546e-03 | kd 0.0000e+00 | mas 0.0000e+00 | val 4.2909e-04 | lr 1.00e-04 | 82.91s
2025-07-27 11:47:08,573 - Epoch 006 | task 2.0628e-03 | kd 0.0000e+00 | mas 0.0000e+00 | val 4.1929e-04 | lr 5.00e-05 | 83.62s
2025-07-27 11:48:32,343 - Epoch 007 | task 1.6437e-03 | kd 0.0000e+00 | mas 0.0000e+00 | val 4.1027e-04 | lr 5.00e-05 | 83.77s
2025-07-27 11:49:57,328 - Epoch 008 | task 1.3989e-03 | kd 0.0000e+00 | mas 0.0000e+00 | val 4.0465e-04 | lr 5.00e-05 | 84.94s
2025-07-27 11:51:21,623 - Epoch 009 | task 1.1847e-03 | kd 0.0000e+00 | mas 0.0000e+00 | val 5.2821e-04 | lr 5.00e-05 | 84.29s
2025-07-27 11:52:44,670 - Epoch 010 | task 1.0242e-03 | kd 0.0000e+00 | mas 0.0000e+00 | val 4.1433e-04 | lr 5.00e-05 | 83.04s
2025-07-27 11:54:08,115 - Epoch 011 | task 8.8463e-04 | kd 0.0000e+00 | mas 0.0000e+00 | val 4.8046e-04 | lr 5.00e-05 | 83.44s
2025-07-27 11:55:32,199 - Epoch 012 | task 7.6670e-04 | kd 0.0000e+00 | mas 0.0000e+00 | val 4.4364e-04 | lr 2.50e-05 | 84.08s
2025-07-27 11:56:57,583 - Epoch 013 | task 6.8916e-04 | kd 0.0000e+00 | mas 0.0000e+00 | val 4.5429e-04 | lr 2.50e-05 | 85.36s
2025-07-27 11:58:21,960 - Epoch 014 | task 6.5441e-04 | kd 0.0000e+00 | mas 0.0000e+00 | val 4.0813e-04 | lr 2.50e-05 | 84.36s
2025-07-27 11:59:46,680 - Epoch 015 | task 6.1887e-04 | kd 0.0000e+00 | mas 0.0000e+00 | val 4.5552e-04 | lr 2.50e-05 | 84.72s
2025-07-27 12:01:12,751 - Epoch 016 | task 5.8771e-04 | kd 0.0000e+00 | mas 0.0000e+00 | val 4.4893e-04 | lr 2.50e-05 | 86.07s
2025-07-27 12:02:38,869 - Epoch 017 | task 5.6182e-04 | kd 0.0000e+00 | mas 0.0000e+00 | val 4.4863e-04 | lr 2.50e-05 | 86.12s
2025-07-27 12:04:04,529 - Epoch 018 | task 5.3662e-04 | kd 0.0000e+00 | mas 0.0000e+00 | val 4.3634e-04 | lr 1.25e-05 | 85.66s
2025-07-27 12:05:30,328 - Epoch 019 | task 5.0902e-04 | kd 0.0000e+00 | mas 0.0000e+00 | val 4.3794e-04 | lr 1.25e-05 | 85.80s
2025-07-27 12:06:55,814 - Epoch 020 | task 4.9672e-04 | kd 0.0000e+00 | mas 0.0000e+00 | val 3.9440e-04 | lr 1.25e-05 | 85.48s
2025-07-27 12:08:21,314 - Epoch 021 | task 4.8163e-04 | kd 0.0000e+00 | mas 0.0000e+00 | val 3.8731e-04 | lr 1.25e-05 | 85.47s
2025-07-27 12:09:46,917 - Epoch 022 | task 4.6823e-04 | kd 0.0000e+00 | mas 0.0000e+00 | val 4.1554e-04 | lr 1.25e-05 | 85.56s
2025-07-27 12:11:12,070 - Epoch 023 | task 4.0172e-04 | kd 0.0000e+00 | mas 0.0000e+00 | val 1.0952e-03 | lr 1.25e-05 | 85.15s
2025-07-27 12:12:37,463 - Epoch 024 | task 3.2500e-04 | kd 0.0000e+00 | mas 0.0000e+00 | val 6.6763e-04 | lr 1.25e-05 | 85.39s
2025-07-27 12:14:02,825 - Epoch 025 | task 2.9481e-04 | kd 0.0000e+00 | mas 0.0000e+00 | val 6.9162e-04 | lr 1.25e-05 | 85.36s
2025-07-27 12:15:28,177 - Epoch 026 | task 2.7917e-04 | kd 0.0000e+00 | mas 0.0000e+00 | val 6.5801e-04 | lr 1.25e-05 | 85.35s
2025-07-27 12:16:54,218 - Epoch 027 | task 2.6036e-04 | kd 0.0000e+00 | mas 0.0000e+00 | val 5.1247e-04 | lr 6.25e-06 | 86.04s
2025-07-27 12:18:19,902 - Epoch 028 | task 2.3755e-04 | kd 0.0000e+00 | mas 0.0000e+00 | val 4.9484e-04 | lr 6.25e-06 | 85.68s
2025-07-27 12:19:45,528 - Epoch 029 | task 2.2858e-04 | kd 0.0000e+00 | mas 0.0000e+00 | val 4.9019e-04 | lr 6.25e-06 | 85.62s
2025-07-27 12:21:11,148 - Epoch 030 | task 2.1826e-04 | kd 0.0000e+00 | mas 0.0000e+00 | val 4.7769e-04 | lr 6.25e-06 | 85.62s
2025-07-27 12:22:36,959 - Epoch 031 | task 2.1277e-04 | kd 0.0000e+00 | mas 0.0000e+00 | val 4.6255e-04 | lr 6.25e-06 | 85.81s
2025-07-27 12:24:02,498 - Epoch 032 | task 2.0780e-04 | kd 0.0000e+00 | mas 0.0000e+00 | val 5.2453e-04 | lr 6.25e-06 | 85.46s
2025-07-27 12:25:28,100 - Epoch 033 | task 2.0206e-04 | kd 0.0000e+00 | mas 0.0000e+00 | val 6.0088e-04 | lr 3.13e-06 | 85.60s
2025-07-27 12:26:58,613 - Epoch 034 | task 1.9538e-04 | kd 0.0000e+00 | mas 0.0000e+00 | val 5.9399e-04 | lr 3.13e-06 | 90.49s
2025-07-27 12:28:25,588 - Epoch 035 | task 1.9295e-04 | kd 0.0000e+00 | mas 0.0000e+00 | val 5.4762e-04 | lr 3.13e-06 | 86.97s
2025-07-27 12:29:50,748 - Epoch 036 | task 1.9009e-04 | kd 0.0000e+00 | mas 0.0000e+00 | val 6.5012e-04 | lr 3.13e-06 | 85.15s
2025-07-27 12:31:15,951 - Epoch 037 | task 1.8772e-04 | kd 0.0000e+00 | mas 0.0000e+00 | val 6.8606e-04 | lr 3.13e-06 | 85.20s
2025-07-27 12:32:41,626 - Epoch 038 | task 1.8481e-04 | kd 0.0000e+00 | mas 0.0000e+00 | val 6.5710e-04 | lr 3.13e-06 | 85.67s
2025-07-27 12:34:06,706 - Epoch 039 | task 1.8222e-04 | kd 0.0000e+00 | mas 0.0000e+00 | val 6.4095e-04 | lr 1.56e-06 | 85.08s
2025-07-27 12:35:31,768 - Epoch 040 | task 1.7913e-04 | kd 0.0000e+00 | mas 0.0000e+00 | val 6.6573e-04 | lr 1.56e-06 | 85.04s
2025-07-27 12:36:58,107 - Epoch 041 | task 1.7879e-04 | kd 0.0000e+00 | mas 0.0000e+00 | val 6.4861e-04 | lr 1.56e-06 | 86.33s
2025-07-27 12:36:58,109 - Early stopping at epoch 42
2025-07-27 12:38:08,434 - == Training task1 (MAS λ=588.67) ==
2025-07-27 12:39:12,545 - Epoch 000 | task 5.1415e-03 | kd 0.0000e+00 | mas 5.4564e-05 | val 2.8211e-03 | lr 1.00e-04 | 64.10s
2025-07-27 12:40:15,870 - Epoch 001 | task 5.1381e-03 | kd 0.0000e+00 | mas 4.3771e-05 | val 2.8345e-03 | lr 1.00e-04 | 63.29s
2025-07-27 12:41:18,194 - Epoch 002 | task 5.1327e-03 | kd 0.0000e+00 | mas 4.7118e-05 | val 2.8233e-03 | lr 1.00e-04 | 62.32s
2025-07-27 12:42:19,926 - Epoch 003 | task 5.1361e-03 | kd 0.0000e+00 | mas 4.5905e-05 | val 2.8388e-03 | lr 1.00e-04 | 61.73s
2025-07-27 12:43:51,593 - Epoch 004 | task 5.1347e-03 | kd 0.0000e+00 | mas 4.4644e-05 | val 2.8480e-03 | lr 1.00e-04 | 91.65s
2025-07-27 12:45:38,096 - Epoch 005 | task 5.1376e-03 | kd 0.0000e+00 | mas 4.4928e-05 | val 2.8515e-03 | lr 1.00e-04 | 106.49s
2025-07-27 12:47:24,493 - Epoch 006 | task 5.1287e-03 | kd 0.0000e+00 | mas 4.4715e-05 | val 2.8309e-03 | lr 5.00e-05 | 106.38s
2025-07-27 12:49:13,611 - Epoch 007 | task 5.1373e-03 | kd 0.0000e+00 | mas 2.3028e-05 | val 2.8277e-03 | lr 5.00e-05 | 109.10s
2025-07-27 12:50:54,025 - Epoch 008 | task 5.1386e-03 | kd 0.0000e+00 | mas 2.5666e-05 | val 2.8331e-03 | lr 5.00e-05 | 100.40s
2025-07-27 12:52:45,018 - Epoch 009 | task 5.1363e-03 | kd 0.0000e+00 | mas 2.5298e-05 | val 2.8338e-03 | lr 5.00e-05 | 110.97s
2025-07-27 12:54:32,886 - Epoch 010 | task 5.1366e-03 | kd 0.0000e+00 | mas 2.4249e-05 | val 2.8254e-03 | lr 5.00e-05 | 107.85s
2025-07-27 12:56:10,378 - Epoch 011 | task 5.1351e-03 | kd 0.0000e+00 | mas 2.6235e-05 | val 2.8337e-03 | lr 5.00e-05 | 97.48s
2025-07-27 12:57:36,410 - Epoch 012 | task 5.1331e-03 | kd 0.0000e+00 | mas 2.6563e-05 | val 2.8211e-03 | lr 2.50e-05 | 85.99s
2025-07-27 12:59:00,477 - Epoch 013 | task 5.1415e-03 | kd 0.0000e+00 | mas 1.5165e-05 | val 2.8240e-03 | lr 2.50e-05 | 83.98s
2025-07-27 13:00:24,510 - Epoch 014 | task 5.1335e-03 | kd 0.0000e+00 | mas 1.5874e-05 | val 2.8217e-03 | lr 2.50e-05 | 84.02s
2025-07-27 13:01:48,298 - Epoch 015 | task 5.1384e-03 | kd 0.0000e+00 | mas 1.6293e-05 | val 2.8397e-03 | lr 2.50e-05 | 83.78s
2025-07-27 13:03:11,053 - Epoch 016 | task 5.1390e-03 | kd 0.0000e+00 | mas 1.6611e-05 | val 2.8331e-03 | lr 2.50e-05 | 82.72s
2025-07-27 13:04:32,799 - Epoch 017 | task 5.1373e-03 | kd 0.0000e+00 | mas 1.6422e-05 | val 2.8302e-03 | lr 2.50e-05 | 81.74s
2025-07-27 13:05:53,408 - Epoch 018 | task 5.1378e-03 | kd 0.0000e+00 | mas 1.5631e-05 | val 2.8483e-03 | lr 1.25e-05 | 80.59s
2025-07-27 13:07:16,843 - Epoch 019 | task 5.1352e-03 | kd 0.0000e+00 | mas 1.0021e-05 | val 2.8306e-03 | lr 1.25e-05 | 83.42s
2025-07-27 13:08:54,710 - Epoch 020 | task 5.1342e-03 | kd 0.0000e+00 | mas 1.0399e-05 | val 2.8281e-03 | lr 1.25e-05 | 97.86s
2025-07-27 13:10:29,810 - Epoch 021 | task 5.1366e-03 | kd 0.0000e+00 | mas 1.0913e-05 | val 2.8372e-03 | lr 1.25e-05 | 95.08s
2025-07-27 13:11:49,866 - Epoch 022 | task 5.1401e-03 | kd 0.0000e+00 | mas 1.0363e-05 | val 2.8360e-03 | lr 1.25e-05 | 80.05s
2025-07-27 13:13:01,677 - Epoch 023 | task 5.1341e-03 | kd 0.0000e+00 | mas 1.0666e-05 | val 2.8300e-03 | lr 1.25e-05 | 71.80s
2025-07-27 13:14:12,530 - Epoch 024 | task 5.1349e-03 | kd 0.0000e+00 | mas 1.0316e-05 | val 2.8277e-03 | lr 6.25e-06 | 70.85s
2025-07-27 13:15:28,518 - Epoch 025 | task 5.1447e-03 | kd 0.0000e+00 | mas 7.3892e-06 | val 2.8293e-03 | lr 6.25e-06 | 75.97s
2025-07-27 13:16:50,770 - Epoch 026 | task 5.1316e-03 | kd 0.0000e+00 | mas 7.3425e-06 | val 2.8294e-03 | lr 6.25e-06 | 82.25s
2025-07-27 13:18:12,512 - Epoch 027 | task 5.1402e-03 | kd 0.0000e+00 | mas 7.6157e-06 | val 2.8319e-03 | lr 6.25e-06 | 81.73s
2025-07-27 13:19:46,780 - Epoch 028 | task 5.1373e-03 | kd 0.0000e+00 | mas 7.2875e-06 | val 2.8352e-03 | lr 6.25e-06 | 94.26s
2025-07-27 13:21:17,791 - Epoch 029 | task 5.1364e-03 | kd 0.0000e+00 | mas 7.6402e-06 | val 2.8261e-03 | lr 6.25e-06 | 91.00s
2025-07-27 13:22:56,745 - Epoch 030 | task 5.1338e-03 | kd 0.0000e+00 | mas 7.2476e-06 | val 2.8292e-03 | lr 3.13e-06 | 98.94s
2025-07-27 13:24:39,162 - Epoch 031 | task 5.1332e-03 | kd 0.0000e+00 | mas 5.4677e-06 | val 2.8354e-03 | lr 3.13e-06 | 102.40s
2025-07-27 13:26:07,607 - Epoch 032 | task 5.1384e-03 | kd 0.0000e+00 | mas 5.7717e-06 | val 2.8335e-03 | lr 3.13e-06 | 88.43s
2025-07-27 13:26:07,624 - Early stopping at epoch 33
2025-07-27 13:26:57,091 - == Training task2 (MAS λ=0.00) ==
2025-07-27 13:27:56,627 - Epoch 000 | task 1.5739e-02 | kd 0.0000e+00 | mas 1.3245e-04 | val 2.3329e-02 | lr 1.00e-04 | 59.50s
2025-07-27 13:28:49,052 - Epoch 001 | task 1.5738e-02 | kd 0.0000e+00 | mas 7.7202e-05 | val 2.3427e-02 | lr 1.00e-04 | 52.38s
2025-07-27 13:29:42,751 - Epoch 002 | task 1.5726e-02 | kd 0.0000e+00 | mas 7.4272e-05 | val 2.3416e-02 | lr 1.00e-04 | 53.69s
2025-07-27 13:30:36,832 - Epoch 003 | task 1.5746e-02 | kd 0.0000e+00 | mas 7.5611e-05 | val 2.3390e-02 | lr 1.00e-04 | 54.07s
2025-07-27 13:31:30,794 - Epoch 004 | task 1.5745e-02 | kd 0.0000e+00 | mas 7.5736e-05 | val 2.3365e-02 | lr 1.00e-04 | 53.96s
2025-07-27 13:32:24,941 - Epoch 005 | task 1.5748e-02 | kd 0.0000e+00 | mas 7.7062e-05 | val 2.3356e-02 | lr 1.00e-04 | 54.14s
2025-07-27 13:33:19,075 - Epoch 006 | task 1.5741e-02 | kd 0.0000e+00 | mas 7.6342e-05 | val 2.3395e-02 | lr 5.00e-05 | 54.09s
2025-07-27 13:34:13,166 - Epoch 007 | task 1.5733e-02 | kd 0.0000e+00 | mas 4.2371e-05 | val 2.3420e-02 | lr 5.00e-05 | 54.09s
2025-07-27 13:35:07,295 - Epoch 008 | task 1.5742e-02 | kd 0.0000e+00 | mas 4.6448e-05 | val 2.3457e-02 | lr 5.00e-05 | 54.12s
2025-07-27 13:36:01,230 - Epoch 009 | task 1.5748e-02 | kd 0.0000e+00 | mas 4.7999e-05 | val 2.3302e-02 | lr 5.00e-05 | 53.91s
2025-07-27 13:36:55,184 - Epoch 010 | task 1.5737e-02 | kd 0.0000e+00 | mas 4.8882e-05 | val 2.3454e-02 | lr 5.00e-05 | 53.92s
2025-07-27 13:37:39,169 - Epoch 011 | task 1.5746e-02 | kd 0.0000e+00 | mas 4.7561e-05 | val 2.3403e-02 | lr 5.00e-05 | 43.98s
2025-07-27 13:38:22,239 - Epoch 012 | task 1.5741e-02 | kd 0.0000e+00 | mas 4.6949e-05 | val 2.3376e-02 | lr 5.00e-05 | 43.07s
2025-07-27 13:39:05,591 - Epoch 013 | task 1.5745e-02 | kd 0.0000e+00 | mas 4.7556e-05 | val 2.3378e-02 | lr 5.00e-05 | 43.35s
2025-07-27 13:39:49,884 - Epoch 014 | task 1.5748e-02 | kd 0.0000e+00 | mas 4.9063e-05 | val 2.3445e-02 | lr 5.00e-05 | 44.29s
2025-07-27 13:40:34,214 - Epoch 015 | task 1.5738e-02 | kd 0.0000e+00 | mas 4.8571e-05 | val 2.3434e-02 | lr 2.50e-05 | 44.33s
2025-07-27 13:41:22,773 - Epoch 016 | task 1.5738e-02 | kd 0.0000e+00 | mas 3.2507e-05 | val 2.3433e-02 | lr 2.50e-05 | 48.55s
2025-07-27 13:42:08,006 - Epoch 017 | task 1.5731e-02 | kd 0.0000e+00 | mas 3.4732e-05 | val 2.3427e-02 | lr 2.50e-05 | 45.23s
2025-07-27 13:42:52,252 - Epoch 018 | task 1.5741e-02 | kd 0.0000e+00 | mas 3.4456e-05 | val 2.3421e-02 | lr 2.50e-05 | 44.24s
2025-07-27 13:43:36,548 - Epoch 019 | task 1.5735e-02 | kd 0.0000e+00 | mas 3.6308e-05 | val 2.3401e-02 | lr 2.50e-05 | 44.29s
2025-07-27 13:44:20,741 - Epoch 020 | task 1.5737e-02 | kd 0.0000e+00 | mas 3.5203e-05 | val 2.3390e-02 | lr 2.50e-05 | 44.19s
2025-07-27 13:45:05,160 - Epoch 021 | task 1.5745e-02 | kd 0.0000e+00 | mas 3.6051e-05 | val 2.3416e-02 | lr 1.25e-05 | 44.41s
2025-07-27 13:45:49,302 - Epoch 022 | task 1.5729e-02 | kd 0.0000e+00 | mas 2.8149e-05 | val 2.3425e-02 | lr 1.25e-05 | 44.14s
2025-07-27 13:46:36,137 - Epoch 023 | task 1.5735e-02 | kd 0.0000e+00 | mas 2.8674e-05 | val 2.3415e-02 | lr 1.25e-05 | 46.83s
2025-07-27 13:47:24,004 - Epoch 024 | task 1.5736e-02 | kd 0.0000e+00 | mas 2.8327e-05 | val 2.3438e-02 | lr 1.25e-05 | 47.86s
2025-07-27 13:48:08,772 - Epoch 025 | task 1.5742e-02 | kd 0.0000e+00 | mas 2.8823e-05 | val 2.3389e-02 | lr 1.25e-05 | 44.76s
2025-07-27 13:48:58,231 - Epoch 026 | task 1.5726e-02 | kd 0.0000e+00 | mas 2.9148e-05 | val 2.3444e-02 | lr 1.25e-05 | 49.45s
2025-07-27 13:49:45,509 - Epoch 027 | task 1.5749e-02 | kd 0.0000e+00 | mas 2.8759e-05 | val 2.3409e-02 | lr 6.25e-06 | 47.27s
2025-07-27 13:50:35,087 - Epoch 028 | task 1.5736e-02 | kd 0.0000e+00 | mas 2.4610e-05 | val 2.3403e-02 | lr 6.25e-06 | 49.57s
2025-07-27 13:51:24,158 - Epoch 029 | task 1.5748e-02 | kd 0.0000e+00 | mas 2.5254e-05 | val 2.3414e-02 | lr 6.25e-06 | 49.07s
2025-07-27 13:51:24,161 - Early stopping at epoch 30
2025-07-27 13:51:59,922 - ==== Incremental Training Completed ====
2025-07-27 13:51:59,923 - ==== Starting Comprehensive Evaluation ====
2025-07-27 20:30:01,773 - ==== Incremental Training Phase ====
2025-07-27 20:31:35,575 - Incremental training - Task 0 Train IDs: ['03', '05', '07', '27'], size: 92079
2025-07-27 20:31:35,583 - Incremental training - Task 0 Val IDs: ['01'], size: 28612
2025-07-27 20:31:35,591 - Incremental training - Task 1 Train IDs: ['21', '23', '25'], size: 65674
2025-07-27 20:31:35,597 - Incremental training - Task 1 Val IDs: ['19'], size: 23120
2025-07-27 20:31:35,604 - Incremental training - Task 2 Train IDs: ['09', '11', '15', '29'], size: 47891
2025-07-27 20:31:35,611 - Incremental training - Task 2 Val IDs: ['13'], size: 6445
2025-07-27 20:31:35,618 - Incremental training - Test ID: 17, size: 22872
2025-07-27 20:31:35,625 - Incremental training - Test Task 0 size: 11139
2025-07-27 20:31:35,632 - Incremental training - Test Task 1 size: 6312
2025-07-27 20:31:35,639 - Incremental training - Test Task 2 size: 5421
2025-07-27 20:31:35,667 -   (Scaler) Scaler centers: [ 3.31975183  0.         27.55116667]
2025-07-27 20:31:35,693 -   (Scaler) Scaler scales: [0.20016217 1.86108033 1.05333333]
