2025-08-14 13:53:34,622 - INFO - ==== Incremental Training (SI + KD via SITrainer) ====
2025-08-14 13:53:34,629 - INFO - Number of tasks: 3
2025-08-14 13:55:07,405 - INFO - Incremental training - Task 0 Train IDs: ['03', '27', '05', '21', '11'], size: 107395
2025-08-14 13:55:07,420 - INFO - Incremental training - Task 0 Val IDs: ['01'], size: 20028
2025-08-14 13:55:07,422 - INFO - Incremental training - Test Task 0 size: 8584
2025-08-14 13:55:07,424 - INFO - Incremental training - Task 1 Train IDs: ['09', '29', '25'], size: 41175
2025-08-14 13:55:07,425 - INFO - Incremental training - Task 1 Val IDs: ['19'], size: 16183
2025-08-14 13:55:07,427 - INFO - Incremental training - Test Task 1 size: 6937
2025-08-14 13:55:07,429 - INFO - Incremental training - Task 2 Train IDs: ['15', '07', '23'], size: 57074
2025-08-14 13:55:07,431 - INFO - Incremental training - Task 2 Val IDs: ['13'], size: 4511
2025-08-14 13:55:07,433 - INFO - Incremental training - Test Task 2 size: 1934
2025-08-14 13:55:07,443 - INFO -   (Scaler) Scaler centers: [ 3.3374245   0.101279   27.50083333]
2025-08-14 13:55:07,444 - INFO -   (Scaler) Scaler scales: [0.18253608 1.77971742 1.05683333]
2025-08-14 13:56:18,280 - INFO - ========== Model Structure ==========
2025-08-14 13:56:18,281 - INFO - 
SOHLSTM(
  (lstm): LSTM(3, 128, num_layers=2, batch_first=True, dropout=0.3)
  (fc): Sequential(
    (0): Linear(in_features=128, out_features=64, bias=True)
    (1): LeakyReLU(negative_slope=0.01)
    (2): Dropout(p=0.3, inplace=False)
    (3): Linear(in_features=64, out_features=1, bias=True)
  )
)
2025-08-14 13:56:18,282 - INFO - =====================================
2025-08-14 13:56:18,283 - INFO - ====== Model Parameters Details ======
2025-08-14 13:56:18,283 - INFO - lstm.weight_ih_l0                                  | trainable |     1536 params
2025-08-14 13:56:18,284 - INFO - lstm.weight_hh_l0                                  | trainable |    65536 params
2025-08-14 13:56:18,285 - INFO - lstm.bias_ih_l0                                    | trainable |      512 params
2025-08-14 13:56:18,286 - INFO - lstm.bias_hh_l0                                    | trainable |      512 params
2025-08-14 13:56:18,286 - INFO - lstm.weight_ih_l1                                  | trainable |    65536 params
2025-08-14 13:56:18,287 - INFO - lstm.weight_hh_l1                                  | trainable |    65536 params
2025-08-14 13:56:18,288 - INFO - lstm.bias_ih_l1                                    | trainable |      512 params
2025-08-14 13:56:18,289 - INFO - lstm.bias_hh_l1                                    | trainable |      512 params
2025-08-14 13:56:18,290 - INFO - fc.0.weight                                        | trainable |     8192 params
2025-08-14 13:56:18,291 - INFO - fc.0.bias                                          | trainable |       64 params
2025-08-14 13:56:18,291 - INFO - fc.3.weight                                        | trainable |       64 params
2025-08-14 13:56:18,292 - INFO - fc.3.bias                                          | trainable |        1 params
2025-08-14 13:56:18,293 - INFO - --------------------------------------------------------------------------------
2025-08-14 13:56:18,294 - INFO - Total params:                                          208513 params (only trainable)
2025-08-14 13:56:18,295 - INFO - =====================================
2025-08-14 13:56:18,450 - INFO - === Train task 0 in mode: SI+KD ===
2025-08-14 13:58:00,293 - INFO - Epoch 0: task=3.4180e-02 kd%=0.00% si%=0.00% kl=0.000 val_mse=1.8106e-03
2025-08-14 13:59:40,540 - INFO - Epoch 1: task=7.4519e-03 kd%=0.00% si%=0.00% kl=0.000 val_mse=9.6827e-04
2025-08-14 14:01:20,884 - INFO - Epoch 2: task=5.6411e-03 kd%=0.00% si%=0.00% kl=0.000 val_mse=1.1449e-03
2025-08-14 14:03:01,276 - INFO - Epoch 3: task=4.6387e-03 kd%=0.00% si%=0.00% kl=0.000 val_mse=5.0094e-04
2025-08-14 14:04:42,778 - INFO - Epoch 4: task=3.7086e-03 kd%=0.00% si%=0.00% kl=0.000 val_mse=1.0208e-03
2025-08-14 14:06:29,242 - INFO - Epoch 5: task=2.8452e-03 kd%=0.00% si%=0.00% kl=0.000 val_mse=3.8385e-04
2025-08-14 14:08:12,085 - INFO - Epoch 6: task=1.9421e-03 kd%=0.00% si%=0.00% kl=0.000 val_mse=3.4660e-04
2025-08-14 14:09:52,288 - INFO - Epoch 7: task=1.3745e-03 kd%=0.00% si%=0.00% kl=0.000 val_mse=2.3536e-04
2025-08-14 14:11:32,174 - INFO - Epoch 8: task=1.1364e-03 kd%=0.00% si%=0.00% kl=0.000 val_mse=2.8731e-04
2025-08-14 14:13:12,332 - INFO - Epoch 9: task=8.5870e-04 kd%=0.00% si%=0.00% kl=0.000 val_mse=9.2570e-04
2025-08-14 14:14:53,163 - INFO - Epoch 10: task=6.4581e-04 kd%=0.00% si%=0.00% kl=0.000 val_mse=9.1032e-04
2025-08-14 14:16:34,448 - INFO - Epoch 11: task=5.3212e-04 kd%=0.00% si%=0.00% kl=0.000 val_mse=1.2565e-03
2025-08-14 14:18:15,100 - INFO - Epoch 12: task=4.7212e-04 kd%=0.00% si%=0.00% kl=0.000 val_mse=8.5282e-03
2025-08-14 14:19:55,714 - INFO - Epoch 13: task=4.5203e-04 kd%=0.00% si%=0.00% kl=0.000 val_mse=2.6870e-03
2025-08-14 14:21:36,735 - INFO - Epoch 14: task=3.3810e-04 kd%=0.00% si%=0.00% kl=0.000 val_mse=8.8346e-03
2025-08-14 14:23:17,333 - INFO - Epoch 15: task=2.4410e-04 kd%=0.00% si%=0.00% kl=0.000 val_mse=3.2509e-03
2025-08-14 14:24:58,636 - INFO - Epoch 16: task=1.8534e-04 kd%=0.00% si%=0.00% kl=0.000 val_mse=1.7877e-03
2025-08-14 14:26:40,015 - INFO - Epoch 17: task=1.6709e-04 kd%=0.00% si%=0.00% kl=0.000 val_mse=1.4942e-03
2025-08-14 14:28:21,446 - INFO - Epoch 18: task=2.0490e-04 kd%=0.00% si%=0.00% kl=0.000 val_mse=5.7224e-03
2025-08-14 14:30:03,612 - INFO - Epoch 19: task=1.2737e-04 kd%=0.00% si%=0.00% kl=0.000 val_mse=9.8971e-04
2025-08-14 14:31:45,610 - INFO - Epoch 20: task=1.1671e-04 kd%=0.00% si%=0.00% kl=0.000 val_mse=1.1320e-03
2025-08-14 14:33:27,990 - INFO - Epoch 21: task=1.0792e-04 kd%=0.00% si%=0.00% kl=0.000 val_mse=4.0022e-03
2025-08-14 14:35:09,877 - INFO - Epoch 22: task=1.0172e-04 kd%=0.00% si%=0.00% kl=0.000 val_mse=6.9070e-03
2025-08-14 14:36:51,847 - INFO - Epoch 23: task=9.6846e-05 kd%=0.00% si%=0.00% kl=0.000 val_mse=1.1130e-02
2025-08-14 14:38:33,301 - INFO - Epoch 24: task=2.2406e-04 kd%=0.00% si%=0.00% kl=0.000 val_mse=8.6479e-04
2025-08-14 14:40:13,847 - INFO - Epoch 25: task=9.7281e-05 kd%=0.00% si%=0.00% kl=0.000 val_mse=5.2411e-03
