2025-07-07 10:24:24,846 - ==== Skipping joint LSTM Training Phase ====
2025-07-07 10:24:24,849 - ==== Incremental EWC Training Phase ====
2025-07-07 10:25:54,580 - Base train IDs: ['03', '05', '07', '27']
2025-07-07 10:25:54,595 - Base train size: 92079
2025-07-07 10:25:54,596 - Base val IDs: ['01']
2025-07-07 10:25:54,597 - Base val size: 28612
2025-07-07 10:25:54,598 - Update1 train IDs: ['21', '23', '25']
2025-07-07 10:25:54,599 - Update1 train size: 65674
2025-07-07 10:25:54,600 - Update1 val IDs: ['19']
2025-07-07 10:25:54,601 - Update1 val size: 23120
2025-07-07 10:25:54,602 - Update2 train IDs: ['09', '11', '15', '29']
2025-07-07 10:25:54,603 - Update2 train size: 47891
2025-07-07 10:25:54,604 - Update2 val IDs: ['13']
2025-07-07 10:25:54,605 - Update2 val size: 6445
2025-07-07 10:26:02,403 - Test cell ID: 17
2025-07-07 10:26:02,404 - Test size: 22872
2025-07-07 10:26:02,405 - Test base size: 11139
2025-07-07 10:26:02,406 - Test update1 size: 6312
2025-07-07 10:26:02,407 - Test update2 size: 5421
2025-07-07 10:26:02,446 - [Scaler after fit] center_=[ 3.31975183  0.         27.55116667]
2025-07-07 10:26:02,451 - [Scaler after fit] scale_ =[0.20016217 1.86108033 1.05333333]
2025-07-07 10:26:02,452 - Resampling and scaling complete with RobustScaler
2025-07-07 10:26:04,262 - [task0] Training...
2025-07-07 10:26:04,263 - [task0] EWC active: None (no previous tasks)
2025-07-07 10:26:04,263 - [task0] This task will be stored with λ = 48.11094460982542 (not used)
2025-07-07 10:26:04,265 - [task0] Training with alpha LWF = 0.00
2025-07-07 10:28:03,984 - Epoch 001 | task 3.8182e-02 | kd 0.0000e+00 | ewc 0.0000e+00 | val 3.7162e-04 | lr 1.00e-04 | 81.85s
2025-07-07 10:29:21,008 - Epoch 002 | task 7.2867e-03 | kd 0.0000e+00 | ewc 0.0000e+00 | val 1.0398e-03 | lr 1.00e-04 | 76.98s
2025-07-07 10:30:37,546 - Epoch 003 | task 5.3097e-03 | kd 0.0000e+00 | ewc 0.0000e+00 | val 3.9763e-04 | lr 1.00e-04 | 76.50s
2025-07-07 10:31:54,026 - Epoch 004 | task 4.3294e-03 | kd 0.0000e+00 | ewc 0.0000e+00 | val 5.3001e-04 | lr 1.00e-04 | 76.42s
2025-07-07 10:33:10,584 - Epoch 005 | task 3.4420e-03 | kd 0.0000e+00 | ewc 0.0000e+00 | val 4.4389e-04 | lr 1.00e-04 | 76.53s
2025-07-07 10:34:27,107 - Epoch 006 | task 2.6740e-03 | kd 0.0000e+00 | ewc 0.0000e+00 | val 4.3592e-04 | lr 1.00e-04 | 76.50s
2025-07-07 10:35:44,052 - Epoch 007 | task 2.0609e-03 | kd 0.0000e+00 | ewc 0.0000e+00 | val 4.5443e-04 | lr 5.00e-05 | 76.85s
2025-07-07 10:37:00,198 - Epoch 008 | task 1.6517e-03 | kd 0.0000e+00 | ewc 0.0000e+00 | val 4.0441e-04 | lr 5.00e-05 | 76.12s
2025-07-07 10:38:16,908 - Epoch 009 | task 1.4034e-03 | kd 0.0000e+00 | ewc 0.0000e+00 | val 4.0720e-04 | lr 5.00e-05 | 76.65s
2025-07-07 10:39:41,615 - Epoch 010 | task 1.1964e-03 | kd 0.0000e+00 | ewc 0.0000e+00 | val 5.0908e-04 | lr 5.00e-05 | 84.68s
2025-07-07 10:41:37,219 - Epoch 011 | task 1.0292e-03 | kd 0.0000e+00 | ewc 0.0000e+00 | val 4.2328e-04 | lr 5.00e-05 | 115.45s
2025-07-07 10:43:44,011 - Epoch 012 | task 8.7673e-04 | kd 0.0000e+00 | ewc 0.0000e+00 | val 4.3260e-04 | lr 5.00e-05 | 126.63s
2025-07-07 10:45:52,736 - Epoch 013 | task 7.6261e-04 | kd 0.0000e+00 | ewc 0.0000e+00 | val 4.6050e-04 | lr 2.50e-05 | 128.53s
2025-07-07 10:48:01,483 - Epoch 014 | task 6.8891e-04 | kd 0.0000e+00 | ewc 0.0000e+00 | val 4.3581e-04 | lr 2.50e-05 | 128.60s
2025-07-07 10:50:03,963 - Epoch 015 | task 6.5224e-04 | kd 0.0000e+00 | ewc 0.0000e+00 | val 4.0288e-04 | lr 2.50e-05 | 122.29s
2025-07-07 10:51:45,485 - Epoch 016 | task 6.1891e-04 | kd 0.0000e+00 | ewc 0.0000e+00 | val 4.0849e-04 | lr 2.50e-05 | 101.38s
2025-07-07 10:53:04,377 - Epoch 017 | task 5.8846e-04 | kd 0.0000e+00 | ewc 0.0000e+00 | val 4.4307e-04 | lr 2.50e-05 | 78.78s
2025-07-07 10:54:21,614 - Epoch 018 | task 5.6076e-04 | kd 0.0000e+00 | ewc 0.0000e+00 | val 4.2150e-04 | lr 2.50e-05 | 77.18s
2025-07-07 10:55:40,611 - Epoch 019 | task 5.3125e-04 | kd 0.0000e+00 | ewc 0.0000e+00 | val 4.3309e-04 | lr 1.25e-05 | 78.97s
2025-07-07 10:57:01,827 - Epoch 020 | task 5.0491e-04 | kd 0.0000e+00 | ewc 0.0000e+00 | val 3.9249e-04 | lr 1.25e-05 | 81.19s
2025-07-07 10:58:19,052 - Epoch 021 | task 4.9213e-04 | kd 0.0000e+00 | ewc 0.0000e+00 | val 3.9523e-04 | lr 1.25e-05 | 77.19s
2025-07-07 10:58:19,078 - Early stopping at epoch 21
2025-07-07 10:58:21,667 - [task0] Training completed.
2025-07-07 10:58:21,669 - [task0] Consolidating EWC...
2025-07-07 10:59:25,425 - [task0] Consolidation done.
2025-07-07 10:59:25,427 - [task0] Baseline evaluation on own task task0 ...
2025-07-07 10:59:30,670 - [task0 Baseline on task0] RMSE: 5.1834e-02, MAE: 4.5294e-02
2025-07-07 10:59:30,672 - [task0] Baseline testing completed.
2025-07-07 10:59:30,673 - [task0] ACC (-MAE): -4.5294e-02
2025-07-07 10:59:30,675 - [task0] Evaluating BEST checkpoint...
2025-07-07 10:59:39,300 - [task0 Evaluation on full test set] RMSE: 8.5567e-02, MAE: 6.7164e-02, R2: -0.0342
2025-07-07 10:59:39,302 - [task0] Evaluation completed.
2025-07-07 10:59:39,305 - [task1] Loading best checkpoint from previous task task0...
2025-07-07 10:59:41,011 - [task1 Pre-FWT baseline] RMSE: 5.6626e-02, MAE: 4.3428e-02
2025-07-07 10:59:41,016 - [task1] Training...
2025-07-07 10:59:41,017 - [task1] EWC active: {"Task 0": 48.111}
2025-07-07 10:59:41,018 - [task1] This task will be stored with λ = 57.95213566496779
2025-07-07 10:59:41,020 - [task1] Training with alpha LWF = 0.07
2025-07-07 11:00:55,256 - Epoch 001 | task 8.4546e-03 | kd 8.9321e-03 | ewc 1.6900e-03 | val 1.7693e-03 | lr 1.00e-04 | 74.23s
2025-07-07 11:02:08,906 - Epoch 002 | task 6.6915e-03 | kd 7.5609e-03 | ewc 1.4009e-03 | val 1.6599e-03 | lr 1.00e-04 | 73.59s
2025-07-07 11:03:23,183 - Epoch 003 | task 5.6894e-03 | kd 6.7960e-03 | ewc 1.1516e-03 | val 1.8761e-03 | lr 1.00e-04 | 74.22s
2025-07-07 11:04:37,362 - Epoch 004 | task 4.9682e-03 | kd 6.1329e-03 | ewc 9.3188e-04 | val 1.6214e-03 | lr 1.00e-04 | 74.14s
2025-07-07 11:05:51,620 - Epoch 005 | task 4.2549e-03 | kd 5.7509e-03 | ewc 7.3616e-04 | val 1.6196e-03 | lr 1.00e-04 | 74.19s
2025-07-07 11:07:05,923 - Epoch 006 | task 3.6003e-03 | kd 5.3490e-03 | ewc 5.7497e-04 | val 1.3141e-03 | lr 1.00e-04 | 74.24s
2025-07-07 11:08:19,862 - Epoch 007 | task 3.1047e-03 | kd 4.9579e-03 | ewc 4.3322e-04 | val 1.7328e-03 | lr 1.00e-04 | 73.87s
2025-07-07 11:09:33,812 - Epoch 008 | task 2.6194e-03 | kd 4.8693e-03 | ewc 3.1262e-04 | val 2.1137e-03 | lr 1.00e-04 | 73.91s
2025-07-07 11:10:47,260 - Epoch 009 | task 2.0781e-03 | kd 4.6976e-03 | ewc 2.2127e-04 | val 1.7169e-03 | lr 1.00e-04 | 73.41s
2025-07-07 11:12:00,729 - Epoch 010 | task 1.6936e-03 | kd 4.4802e-03 | ewc 1.4933e-04 | val 1.8708e-03 | lr 1.00e-04 | 73.43s
2025-07-07 11:13:16,566 - Epoch 011 | task 1.5633e-03 | kd 4.1317e-03 | ewc 1.0465e-04 | val 1.7463e-03 | lr 1.00e-04 | 75.70s
2025-07-07 11:14:31,024 - Epoch 012 | task 1.0881e-03 | kd 4.2934e-03 | ewc 6.4200e-05 | val 1.3532e-03 | lr 5.00e-05 | 74.38s
2025-07-07 11:15:44,331 - Epoch 013 | task 7.6126e-04 | kd 4.1879e-03 | ewc 4.6010e-05 | val 1.6512e-03 | lr 5.00e-05 | 73.26s
2025-07-07 11:16:58,008 - Epoch 014 | task 7.0808e-04 | kd 4.1652e-03 | ewc 3.7065e-05 | val 3.7350e-03 | lr 5.00e-05 | 73.63s
2025-07-07 11:18:11,518 - Epoch 015 | task 6.6233e-04 | kd 4.1182e-03 | ewc 3.0364e-05 | val 1.7561e-03 | lr 5.00e-05 | 73.48s
2025-07-07 11:19:24,803 - Epoch 016 | task 5.9668e-04 | kd 4.1711e-03 | ewc 2.5047e-05 | val 3.6967e-03 | lr 5.00e-05 | 73.25s
2025-07-07 11:20:38,093 - Epoch 017 | task 5.8659e-04 | kd 4.1698e-03 | ewc 2.0268e-05 | val 4.0702e-03 | lr 5.00e-05 | 73.26s
2025-07-07 11:21:51,243 - Epoch 018 | task 5.1233e-04 | kd 4.2162e-03 | ewc 1.5758e-05 | val 3.4660e-03 | lr 2.50e-05 | 73.12s
2025-07-07 11:23:05,088 - Epoch 019 | task 4.6699e-04 | kd 4.1789e-03 | ewc 1.3134e-05 | val 3.6828e-03 | lr 2.50e-05 | 73.81s
2025-07-07 11:24:18,711 - Epoch 020 | task 4.2692e-04 | kd 4.2602e-03 | ewc 1.1755e-05 | val 2.8765e-03 | lr 2.50e-05 | 73.59s
2025-07-07 11:25:32,356 - Epoch 021 | task 4.3973e-04 | kd 4.2204e-03 | ewc 1.0038e-05 | val 2.6131e-03 | lr 2.50e-05 | 73.60s
2025-07-07 11:26:45,959 - Epoch 022 | task 4.2348e-04 | kd 4.2302e-03 | ewc 9.0210e-06 | val 3.2240e-03 | lr 2.50e-05 | 73.55s
2025-07-07 11:27:59,432 - Epoch 023 | task 3.8678e-04 | kd 4.2543e-03 | ewc 7.9334e-06 | val 3.8709e-03 | lr 2.50e-05 | 73.44s
2025-07-07 11:29:12,887 - Epoch 024 | task 3.7023e-04 | kd 4.2912e-03 | ewc 6.6069e-06 | val 3.3987e-03 | lr 1.25e-05 | 73.42s
2025-07-07 11:30:26,286 - Epoch 025 | task 3.3667e-04 | kd 4.2705e-03 | ewc 5.7676e-06 | val 3.7360e-03 | lr 1.25e-05 | 73.36s
2025-07-07 11:31:39,647 - Epoch 026 | task 3.3621e-04 | kd 4.2832e-03 | ewc 5.2898e-06 | val 3.4619e-03 | lr 1.25e-05 | 73.32s
2025-07-07 11:31:39,738 - Early stopping at epoch 26
2025-07-07 11:31:40,463 - [task1] Training completed.
2025-07-07 11:31:40,469 - [task1] Consolidating EWC...
2025-07-07 11:32:26,067 - [task1] Consolidation done.
2025-07-07 11:32:26,069 - [task1] Baseline evaluation on own task task1 ...
2025-07-07 11:32:29,951 - [task1 Baseline on task1] RMSE: 7.9037e-02, MAE: 7.3765e-02
2025-07-07 11:32:29,952 - [task1] Baseline testing completed.
2025-07-07 11:32:29,954 - [task1] Backward testing on previous task task0...
2025-07-07 11:32:34,970 - [task1 BACKWARD on task0] RMSE: 2.8823e-02, MAE: 2.4361e-02
2025-07-07 11:32:34,972 - [task1] ΔMAE on task0: -2.0934e-02
2025-07-07 11:32:34,973 - [task1] ACC (-MAE): -4.9063e-02
2025-07-07 11:32:34,974 - [task1] BWT: -2.0934e-02
2025-07-07 11:32:34,975 - [task1] FWT: -3.0338e-02
2025-07-07 11:32:34,977 - [task1] Evaluating BEST checkpoint...
2025-07-07 11:32:43,556 - [task1 Evaluation on full test set] RMSE: 7.4509e-02, MAE: 5.9939e-02, R2: 0.2158
2025-07-07 11:32:43,557 - [task1] Evaluation completed.
2025-07-07 11:32:43,559 - [task2] Loading best checkpoint from previous task task1...
2025-07-07 11:32:44,995 - [task2 Pre-FWT baseline] RMSE: 1.2409e-01, MAE: 1.2222e-01
2025-07-07 11:32:44,997 - [task2] Training...
2025-07-07 11:32:44,998 - [task2] EWC active: {"Task 0": 48.111, "Task 1": 57.952}
2025-07-07 11:32:44,999 - [task2] This task will be stored with λ = 1000.0
2025-07-07 11:32:45,000 - [task2] Training with alpha LWF = 0.37
2025-07-07 11:33:36,856 - Epoch 001 | task 6.5386e-03 | kd 4.4325e-03 | ewc 7.3429e-04 | val 7.7960e-03 | lr 1.00e-04 | 51.84s
2025-07-07 11:34:31,798 - Epoch 002 | task 3.5987e-03 | kd 4.7293e-03 | ewc 6.0637e-04 | val 2.5577e-03 | lr 1.00e-04 | 54.86s
2025-07-07 11:35:25,390 - Epoch 003 | task 2.7224e-03 | kd 4.2662e-03 | ewc 4.9463e-04 | val 1.9903e-03 | lr 1.00e-04 | 53.42s
2025-07-07 11:36:18,525 - Epoch 004 | task 2.4877e-03 | kd 4.0722e-03 | ewc 3.9050e-04 | val 2.1490e-03 | lr 1.00e-04 | 52.99s
2025-07-07 11:37:11,414 - Epoch 005 | task 2.1098e-03 | kd 4.0016e-03 | ewc 3.0074e-04 | val 1.5450e-03 | lr 1.00e-04 | 52.74s
2025-07-07 11:38:04,428 - Epoch 006 | task 2.0102e-03 | kd 3.8131e-03 | ewc 2.3008e-04 | val 1.9660e-03 | lr 1.00e-04 | 52.73s
2025-07-07 11:38:56,966 - Epoch 007 | task 1.8798e-03 | kd 3.7113e-03 | ewc 1.7257e-04 | val 2.0083e-03 | lr 1.00e-04 | 52.49s
2025-07-07 11:39:48,520 - Epoch 008 | task 1.6940e-03 | kd 3.6288e-03 | ewc 1.3126e-04 | val 1.8905e-03 | lr 1.00e-04 | 51.51s
2025-07-07 11:40:40,309 - Epoch 009 | task 1.6078e-03 | kd 3.5755e-03 | ewc 1.0223e-04 | val 2.3022e-03 | lr 1.00e-04 | 51.74s
2025-07-07 11:41:31,919 - Epoch 010 | task 1.5966e-03 | kd 3.5525e-03 | ewc 8.1544e-05 | val 3.1252e-03 | lr 1.00e-04 | 51.56s
2025-07-07 11:42:23,591 - Epoch 011 | task 1.6041e-03 | kd 3.5535e-03 | ewc 6.7562e-05 | val 1.8812e-03 | lr 5.00e-05 | 51.61s
2025-07-07 11:43:15,376 - Epoch 012 | task 1.3652e-03 | kd 3.5210e-03 | ewc 6.1523e-05 | val 1.9067e-03 | lr 5.00e-05 | 51.74s
2025-07-07 11:44:07,057 - Epoch 013 | task 1.3025e-03 | kd 3.4658e-03 | ewc 5.6371e-05 | val 2.1648e-03 | lr 5.00e-05 | 51.64s
2025-07-07 11:44:58,652 - Epoch 014 | task 1.3084e-03 | kd 3.4552e-03 | ewc 5.1858e-05 | val 1.6496e-03 | lr 5.00e-05 | 51.55s
2025-07-07 11:45:50,435 - Epoch 015 | task 1.2468e-03 | kd 3.4486e-03 | ewc 4.9143e-05 | val 2.1921e-03 | lr 5.00e-05 | 51.74s
2025-07-07 11:46:42,056 - Epoch 016 | task 1.2745e-03 | kd 3.4175e-03 | ewc 4.5880e-05 | val 1.8548e-03 | lr 5.00e-05 | 51.58s
2025-07-07 11:47:35,310 - Epoch 017 | task 1.2116e-03 | kd 3.4416e-03 | ewc 4.2552e-05 | val 1.9099e-03 | lr 2.50e-05 | 53.19s
2025-07-07 11:48:27,182 - Epoch 018 | task 1.1131e-03 | kd 3.5375e-03 | ewc 3.9951e-05 | val 2.0983e-03 | lr 2.50e-05 | 51.83s
2025-07-07 11:49:18,968 - Epoch 019 | task 1.0957e-03 | kd 3.4700e-03 | ewc 3.8881e-05 | val 1.9502e-03 | lr 2.50e-05 | 51.67s
2025-07-07 11:50:10,471 - Epoch 020 | task 1.0518e-03 | kd 3.4621e-03 | ewc 3.7265e-05 | val 1.7185e-03 | lr 2.50e-05 | 51.46s
2025-07-07 11:51:02,302 - Epoch 021 | task 1.1136e-03 | kd 3.5109e-03 | ewc 3.4915e-05 | val 1.5994e-03 | lr 2.50e-05 | 51.79s
2025-07-07 11:51:54,139 - Epoch 022 | task 1.0457e-03 | kd 3.4946e-03 | ewc 3.3254e-05 | val 1.7607e-03 | lr 2.50e-05 | 51.79s
2025-07-07 11:52:45,724 - Epoch 023 | task 1.0612e-03 | kd 3.4937e-03 | ewc 3.1682e-05 | val 1.4282e-03 | lr 2.50e-05 | 51.52s
2025-07-07 11:53:39,643 - Epoch 024 | task 1.0204e-03 | kd 3.4666e-03 | ewc 3.0312e-05 | val 1.7249e-03 | lr 2.50e-05 | 53.80s
2025-07-07 11:54:34,699 - Epoch 025 | task 1.0333e-03 | kd 3.4442e-03 | ewc 2.9386e-05 | val 1.7185e-03 | lr 2.50e-05 | 55.01s
2025-07-07 11:55:26,434 - Epoch 026 | task 9.9263e-04 | kd 3.4629e-03 | ewc 2.8367e-05 | val 1.2248e-03 | lr 2.50e-05 | 51.69s
2025-07-07 11:56:18,327 - Epoch 027 | task 9.9723e-04 | kd 3.4542e-03 | ewc 2.7523e-05 | val 1.4792e-03 | lr 2.50e-05 | 51.81s
2025-07-07 11:57:10,311 - Epoch 028 | task 1.0026e-03 | kd 3.4925e-03 | ewc 2.6290e-05 | val 1.7171e-03 | lr 2.50e-05 | 51.92s
2025-07-07 11:58:02,683 - Epoch 029 | task 1.0489e-03 | kd 3.4867e-03 | ewc 2.4757e-05 | val 1.5429e-03 | lr 2.50e-05 | 52.33s
2025-07-07 11:58:54,476 - Epoch 030 | task 1.0112e-03 | kd 3.4921e-03 | ewc 2.3854e-05 | val 1.5728e-03 | lr 2.50e-05 | 51.75s
2025-07-07 11:59:46,250 - Epoch 031 | task 9.9023e-04 | kd 3.4933e-03 | ewc 2.3362e-05 | val 1.3264e-03 | lr 2.50e-05 | 51.73s
2025-07-07 12:00:37,923 - Epoch 032 | task 9.4925e-04 | kd 3.4823e-03 | ewc 2.3045e-05 | val 1.5169e-03 | lr 1.25e-05 | 51.63s
2025-07-07 12:01:29,658 - Epoch 033 | task 9.0858e-04 | kd 3.4561e-03 | ewc 2.2914e-05 | val 1.4814e-03 | lr 1.25e-05 | 51.69s
2025-07-07 12:02:21,415 - Epoch 034 | task 9.1423e-04 | kd 3.4525e-03 | ewc 2.2749e-05 | val 1.3681e-03 | lr 1.25e-05 | 51.71s
2025-07-07 12:03:13,170 - Epoch 035 | task 9.0694e-04 | kd 3.4465e-03 | ewc 2.2655e-05 | val 1.3002e-03 | lr 1.25e-05 | 51.71s
2025-07-07 12:04:04,913 - Epoch 036 | task 8.9289e-04 | kd 3.4630e-03 | ewc 2.2288e-05 | val 1.4678e-03 | lr 1.25e-05 | 51.70s
2025-07-07 12:04:56,679 - Epoch 037 | task 8.9193e-04 | kd 3.4564e-03 | ewc 2.2105e-05 | val 1.3632e-03 | lr 1.25e-05 | 51.70s
2025-07-07 12:05:52,009 - Epoch 038 | task 9.0091e-04 | kd 3.4667e-03 | ewc 2.1717e-05 | val 1.1841e-03 | lr 1.25e-05 | 55.28s
2025-07-07 12:06:47,762 - Epoch 039 | task 8.8287e-04 | kd 3.4516e-03 | ewc 2.1388e-05 | val 1.4720e-03 | lr 1.25e-05 | 55.64s
2025-07-07 12:07:42,258 - Epoch 040 | task 8.8012e-04 | kd 3.4475e-03 | ewc 2.1205e-05 | val 1.2261e-03 | lr 1.25e-05 | 54.45s
2025-07-07 12:08:34,962 - Epoch 041 | task 8.7296e-04 | kd 3.4603e-03 | ewc 2.0999e-05 | val 1.4103e-03 | lr 1.25e-05 | 52.66s
2025-07-07 12:09:27,657 - Epoch 042 | task 8.7273e-04 | kd 3.4604e-03 | ewc 2.0879e-05 | val 1.2299e-03 | lr 1.25e-05 | 52.65s
2025-07-07 12:10:19,550 - Epoch 043 | task 8.6990e-04 | kd 3.4723e-03 | ewc 2.0527e-05 | val 1.4404e-03 | lr 1.25e-05 | 51.85s
2025-07-07 12:11:11,464 - Epoch 044 | task 8.6547e-04 | kd 3.4725e-03 | ewc 2.0103e-05 | val 1.2190e-03 | lr 6.25e-06 | 51.87s
2025-07-07 12:12:03,569 - Epoch 045 | task 8.5554e-04 | kd 3.4514e-03 | ewc 1.9840e-05 | val 1.2576e-03 | lr 6.25e-06 | 52.04s
2025-07-07 12:12:55,772 - Epoch 046 | task 8.5195e-04 | kd 3.4449e-03 | ewc 1.9712e-05 | val 1.2199e-03 | lr 6.25e-06 | 52.15s
2025-07-07 12:13:47,724 - Epoch 047 | task 8.4638e-04 | kd 3.4654e-03 | ewc 1.9598e-05 | val 1.1626e-03 | lr 6.25e-06 | 51.91s
2025-07-07 12:14:39,808 - Epoch 048 | task 8.4385e-04 | kd 3.4705e-03 | ewc 1.9421e-05 | val 1.2169e-03 | lr 6.25e-06 | 51.97s
2025-07-07 12:15:31,728 - Epoch 049 | task 8.4242e-04 | kd 3.4692e-03 | ewc 1.9184e-05 | val 1.2547e-03 | lr 6.25e-06 | 51.88s
2025-07-07 12:16:23,717 - Epoch 050 | task 8.4574e-04 | kd 3.4683e-03 | ewc 1.8971e-05 | val 1.2644e-03 | lr 6.25e-06 | 51.94s
2025-07-07 12:17:15,695 - Epoch 051 | task 8.4494e-04 | kd 3.4691e-03 | ewc 1.8767e-05 | val 1.1370e-03 | lr 6.25e-06 | 51.93s
2025-07-07 12:18:07,668 - Epoch 052 | task 8.3975e-04 | kd 3.4772e-03 | ewc 1.8656e-05 | val 1.2107e-03 | lr 6.25e-06 | 51.89s
2025-07-07 12:18:59,649 - Epoch 053 | task 8.4083e-04 | kd 3.4793e-03 | ewc 1.8460e-05 | val 1.2009e-03 | lr 6.25e-06 | 51.92s
2025-07-07 12:19:51,593 - Epoch 054 | task 8.4702e-04 | kd 3.4556e-03 | ewc 1.8349e-05 | val 1.2739e-03 | lr 6.25e-06 | 51.88s
2025-07-07 12:20:43,663 - Epoch 055 | task 8.3697e-04 | kd 3.4572e-03 | ewc 1.8258e-05 | val 1.2228e-03 | lr 6.25e-06 | 52.02s
2025-07-07 12:21:35,595 - Epoch 056 | task 8.3667e-04 | kd 3.4492e-03 | ewc 1.8204e-05 | val 1.2530e-03 | lr 6.25e-06 | 51.88s
2025-07-07 12:22:27,534 - Epoch 057 | task 8.2411e-04 | kd 3.4659e-03 | ewc 1.8124e-05 | val 1.4443e-03 | lr 3.13e-06 | 51.89s
2025-07-07 12:23:19,461 - Epoch 058 | task 8.2556e-04 | kd 3.4648e-03 | ewc 1.7988e-05 | val 1.2398e-03 | lr 3.13e-06 | 51.88s
2025-07-07 12:24:11,408 - Epoch 059 | task 8.2454e-04 | kd 3.4547e-03 | ewc 1.7940e-05 | val 1.2027e-03 | lr 3.13e-06 | 51.90s
2025-07-07 12:25:03,344 - Epoch 060 | task 8.2195e-04 | kd 3.4624e-03 | ewc 1.7865e-05 | val 1.2225e-03 | lr 3.13e-06 | 51.89s
2025-07-07 12:25:55,295 - Epoch 061 | task 8.2403e-04 | kd 3.4566e-03 | ewc 1.7770e-05 | val 1.2238e-03 | lr 3.13e-06 | 51.91s
2025-07-07 12:26:47,229 - Epoch 062 | task 8.1722e-04 | kd 3.4667e-03 | ewc 1.7701e-05 | val 1.2554e-03 | lr 3.13e-06 | 51.89s
2025-07-07 12:27:39,317 - Epoch 063 | task 8.1834e-04 | kd 3.4627e-03 | ewc 1.7633e-05 | val 1.2928e-03 | lr 1.56e-06 | 52.03s
2025-07-07 12:28:31,288 - Epoch 064 | task 8.1880e-04 | kd 3.4577e-03 | ewc 1.7597e-05 | val 1.2306e-03 | lr 1.56e-06 | 51.92s
2025-07-07 12:29:23,259 - Epoch 065 | task 8.1777e-04 | kd 3.4562e-03 | ewc 1.7564e-05 | val 1.2619e-03 | lr 1.56e-06 | 51.92s
2025-07-07 12:30:15,224 - Epoch 066 | task 8.1759e-04 | kd 3.4581e-03 | ewc 1.7537e-05 | val 1.2364e-03 | lr 1.56e-06 | 51.92s
2025-07-07 12:31:07,188 - Epoch 067 | task 8.1038e-04 | kd 3.4701e-03 | ewc 1.7502e-05 | val 1.2714e-03 | lr 1.56e-06 | 51.92s
2025-07-07 12:31:59,164 - Epoch 068 | task 8.1690e-04 | kd 3.4544e-03 | ewc 1.7488e-05 | val 1.1880e-03 | lr 1.56e-06 | 51.90s
2025-07-07 12:32:51,151 - Epoch 069 | task 8.1427e-04 | kd 3.4674e-03 | ewc 1.7473e-05 | val 1.2710e-03 | lr 7.81e-07 | 51.94s
2025-07-07 12:33:43,097 - Epoch 070 | task 8.0985e-04 | kd 3.4654e-03 | ewc 1.7438e-05 | val 1.2328e-03 | lr 7.81e-07 | 51.90s
2025-07-07 12:34:35,640 - Epoch 071 | task 8.1431e-04 | kd 3.4605e-03 | ewc 1.7411e-05 | val 1.2243e-03 | lr 7.81e-07 | 52.50s
2025-07-07 12:34:35,694 - Early stopping at epoch 71
2025-07-07 12:34:36,729 - [task2] Training completed.
2025-07-07 12:34:36,731 - [task2] Consolidating EWC...
2025-07-07 12:35:09,868 - [task2] Consolidation done.
2025-07-07 12:35:09,871 - [task2] Baseline evaluation on own task task2 ...
2025-07-07 12:35:13,555 - [task2 Baseline on task2] RMSE: 7.3046e-02, MAE: 6.5788e-02
2025-07-07 12:35:13,557 - [task2] Baseline testing completed.
2025-07-07 12:35:13,560 - [task2] Backward testing on previous task task0...
2025-07-07 12:35:18,613 - [task2 BACKWARD on task0] RMSE: 3.8924e-02, MAE: 3.1878e-02
2025-07-07 12:35:18,616 - [task2] Backward testing on previous task task1...
2025-07-07 12:35:22,501 - [task2 BACKWARD on task1] RMSE: 1.0755e-01, MAE: 1.0587e-01
2025-07-07 12:35:22,503 - [task2] ΔMAE on task0: -1.3416e-02
2025-07-07 12:35:22,505 - [task2] ΔMAE on task1: +3.2100e-02
2025-07-07 12:35:22,506 - [task2] ACC (-MAE): -6.7844e-02
2025-07-07 12:35:22,507 - [task2] BWT: +9.3417e-03
2025-07-07 12:35:22,508 - [task2] FWT: +5.6431e-02
2025-07-07 12:35:22,510 - [task2] Evaluating BEST checkpoint...
2025-07-07 12:35:31,367 - [task2 Evaluation on full test set] RMSE: 7.3829e-02, MAE: 6.2137e-02, R2: 0.2300
2025-07-07 12:35:31,369 - [task2] Evaluation completed.
2025-07-07 12:35:31,459 - Saved ACC/BWT/FWT history to /beegfs/home/users/z/zzhuqshun/Thesis/04_NNs/model/ewc_trial49/incremental/continual_metrics.csv
2025-07-07 12:35:32,127 - ==== All tasks completed ====
