2025-08-15 12:56:10,960 - INFO - ==== Incremental Training (SI + KD via IncTrainer) ====
2025-08-15 12:56:10,972 - INFO - Number of tasks: 3
2025-08-15 12:57:42,921 - INFO - Incremental training - Task 0 Train IDs: ['03', '27', '05', '21', '11'], size: 107395
2025-08-15 12:57:42,935 - INFO - Incremental training - Task 0 Val IDs: ['01'], size: 20028
2025-08-15 12:57:42,937 - INFO - Incremental training - Test Task 0 size: 8584
2025-08-15 12:57:42,940 - INFO - Incremental training - Task 1 Train IDs: ['09', '29', '25'], size: 41175
2025-08-15 12:57:42,944 - INFO - Incremental training - Task 1 Val IDs: ['19'], size: 16183
2025-08-15 12:57:42,949 - INFO - Incremental training - Test Task 1 size: 6937
2025-08-15 12:57:42,953 - INFO - Incremental training - Task 2 Train IDs: ['15', '07', '23'], size: 57074
2025-08-15 12:57:42,956 - INFO - Incremental training - Task 2 Val IDs: ['13'], size: 4511
2025-08-15 12:57:42,959 - INFO - Incremental training - Test Task 2 size: 1934
2025-08-15 12:57:42,977 - INFO -   (Scaler) Scaler centers: [ 3.3374245   0.101279   27.50083333]
2025-08-15 12:57:42,982 - INFO -   (Scaler) Scaler scales: [0.18253608 1.77971742 1.05683333]
2025-08-15 12:57:43,931 - INFO - ========== Model Structure ==========
2025-08-15 12:57:43,932 - INFO - 
SOHLSTM(
  (lstm): LSTM(3, 128, num_layers=2, batch_first=True, dropout=0.3)
  (fc): Sequential(
    (0): Linear(in_features=128, out_features=64, bias=True)
    (1): LeakyReLU(negative_slope=0.01)
    (2): Dropout(p=0.3, inplace=False)
    (3): Linear(in_features=64, out_features=1, bias=True)
  )
)
2025-08-15 12:57:43,934 - INFO - =====================================
2025-08-15 12:57:43,935 - INFO - ====== Model Parameters Details ======
2025-08-15 12:57:43,937 - INFO - lstm.weight_ih_l0                                  | trainable |     1536 params
2025-08-15 12:57:43,938 - INFO - lstm.weight_hh_l0                                  | trainable |    65536 params
2025-08-15 12:57:43,940 - INFO - lstm.bias_ih_l0                                    | trainable |      512 params
2025-08-15 12:57:43,942 - INFO - lstm.bias_hh_l0                                    | trainable |      512 params
2025-08-15 12:57:43,944 - INFO - lstm.weight_ih_l1                                  | trainable |    65536 params
2025-08-15 12:57:43,946 - INFO - lstm.weight_hh_l1                                  | trainable |    65536 params
2025-08-15 12:57:43,948 - INFO - lstm.bias_ih_l1                                    | trainable |      512 params
2025-08-15 12:57:43,949 - INFO - lstm.bias_hh_l1                                    | trainable |      512 params
2025-08-15 12:57:43,951 - INFO - fc.0.weight                                        | trainable |     8192 params
2025-08-15 12:57:43,953 - INFO - fc.0.bias                                          | trainable |       64 params
2025-08-15 12:57:43,954 - INFO - fc.3.weight                                        | trainable |       64 params
2025-08-15 12:57:43,957 - INFO - fc.3.bias                                          | trainable |        1 params
2025-08-15 12:57:43,960 - INFO - --------------------------------------------------------------------------------
2025-08-15 12:57:43,962 - INFO - Total params:                                          208513 params (only trainable)
2025-08-15 12:57:43,965 - INFO - =====================================
2025-08-15 13:02:24,245 - INFO - [Task 0][Ep 0] train=3.4183e-02 val=1.8106e-03 | KL=0.000 | Lambda: KD=0.0000 SI=0.0000 | Ratio: KD=0.00% SI=0.00% | lr=1.00e-04 time=116.82s
2025-08-15 13:04:15,507 - INFO - [Task 0][Ep 1] train=7.4524e-03 val=9.6827e-04 | KL=0.000 | Lambda: KD=0.0000 SI=0.0000 | Ratio: KD=0.00% SI=0.00% | lr=1.00e-04 time=111.21s
2025-08-15 13:06:04,153 - INFO - [Task 0][Ep 2] train=5.6415e-03 val=1.1449e-03 | KL=0.000 | Lambda: KD=0.0000 SI=0.0000 | Ratio: KD=0.00% SI=0.00% | lr=1.00e-04 time=108.62s
2025-08-15 13:07:51,740 - INFO - [Task 0][Ep 3] train=4.6389e-03 val=5.0094e-04 | KL=0.000 | Lambda: KD=0.0000 SI=0.0000 | Ratio: KD=0.00% SI=0.00% | lr=1.00e-04 time=107.57s
2025-08-15 13:09:40,663 - INFO - [Task 0][Ep 4] train=3.7085e-03 val=1.0208e-03 | KL=0.000 | Lambda: KD=0.0000 SI=0.0000 | Ratio: KD=0.00% SI=0.00% | lr=1.00e-04 time=108.90s
2025-08-15 13:11:30,043 - INFO - [Task 0][Ep 5] train=2.8454e-03 val=3.8385e-04 | KL=0.000 | Lambda: KD=0.0000 SI=0.0000 | Ratio: KD=0.00% SI=0.00% | lr=1.00e-04 time=109.37s
2025-08-15 13:13:15,307 - INFO - [Task 0][Ep 6] train=1.9421e-03 val=3.4660e-04 | KL=0.000 | Lambda: KD=0.0000 SI=0.0000 | Ratio: KD=0.00% SI=0.00% | lr=1.00e-04 time=105.24s
2025-08-15 13:14:57,086 - INFO - [Task 0][Ep 7] train=1.3745e-03 val=2.3536e-04 | KL=0.000 | Lambda: KD=0.0000 SI=0.0000 | Ratio: KD=0.00% SI=0.00% | lr=1.00e-04 time=101.75s
2025-08-15 13:16:38,654 - INFO - [Task 0][Ep 8] train=1.1364e-03 val=2.8731e-04 | KL=0.000 | Lambda: KD=0.0000 SI=0.0000 | Ratio: KD=0.00% SI=0.00% | lr=1.00e-04 time=101.51s
2025-08-15 13:18:20,562 - INFO - [Task 0][Ep 9] train=8.5875e-04 val=9.2570e-04 | KL=0.000 | Lambda: KD=0.0000 SI=0.0000 | Ratio: KD=0.00% SI=0.00% | lr=1.00e-04 time=101.90s
2025-08-15 13:20:01,769 - INFO - [Task 0][Ep 10] train=6.4584e-04 val=9.1032e-04 | KL=0.000 | Lambda: KD=0.0000 SI=0.0000 | Ratio: KD=0.00% SI=0.00% | lr=1.00e-04 time=101.20s
2025-08-15 13:21:42,099 - INFO - [Task 0][Ep 11] train=5.3215e-04 val=1.2565e-03 | KL=0.000 | Lambda: KD=0.0000 SI=0.0000 | Ratio: KD=0.00% SI=0.00% | lr=1.00e-04 time=100.33s
2025-08-15 13:23:22,451 - INFO - [Task 0][Ep 12] train=4.7213e-04 val=8.5282e-03 | KL=0.000 | Lambda: KD=0.0000 SI=0.0000 | Ratio: KD=0.00% SI=0.00% | lr=1.00e-04 time=100.22s
2025-08-15 13:25:02,934 - INFO - [Task 0][Ep 13] train=4.5206e-04 val=2.6870e-03 | KL=0.000 | Lambda: KD=0.0000 SI=0.0000 | Ratio: KD=0.00% SI=0.00% | lr=5.00e-05 time=100.48s
2025-08-15 13:26:43,732 - INFO - [Task 0][Ep 14] train=3.1625e-04 val=1.1495e-02 | KL=0.000 | Lambda: KD=0.0000 SI=0.0000 | Ratio: KD=0.00% SI=0.00% | lr=5.00e-05 time=100.79s
2025-08-15 13:28:23,219 - INFO - [Task 0][Ep 15] train=2.0442e-04 val=1.1450e-02 | KL=0.000 | Lambda: KD=0.0000 SI=0.0000 | Ratio: KD=0.00% SI=0.00% | lr=5.00e-05 time=99.48s
2025-08-15 13:30:03,215 - INFO - [Task 0][Ep 16] train=2.8454e-04 val=5.0561e-03 | KL=0.000 | Lambda: KD=0.0000 SI=0.0000 | Ratio: KD=0.00% SI=0.00% | lr=5.00e-05 time=99.99s
2025-08-15 13:31:42,648 - INFO - [Task 0][Ep 17] train=4.2232e-04 val=7.1749e-03 | KL=0.000 | Lambda: KD=0.0000 SI=0.0000 | Ratio: KD=0.00% SI=0.00% | lr=5.00e-05 time=99.43s
2025-08-15 13:33:20,906 - INFO - [Task 0][Ep 18] train=2.4178e-04 val=7.7412e-03 | KL=0.000 | Lambda: KD=0.0000 SI=0.0000 | Ratio: KD=0.00% SI=0.00% | lr=5.00e-05 time=98.24s
2025-08-15 13:34:57,822 - INFO - [Task 0][Ep 19] train=1.7374e-04 val=8.2510e-03 | KL=0.000 | Lambda: KD=0.0000 SI=0.0000 | Ratio: KD=0.00% SI=0.00% | lr=2.50e-05 time=96.89s
2025-08-15 13:36:37,325 - INFO - [Task 0][Ep 20] train=1.1908e-04 val=7.0348e-03 | KL=0.000 | Lambda: KD=0.0000 SI=0.0000 | Ratio: KD=0.00% SI=0.00% | lr=2.50e-05 time=99.50s
2025-08-15 13:38:19,970 - INFO - [Task 0][Ep 21] train=1.0881e-04 val=4.9684e-03 | KL=0.000 | Lambda: KD=0.0000 SI=0.0000 | Ratio: KD=0.00% SI=0.00% | lr=2.50e-05 time=102.64s
2025-08-15 13:40:18,181 - INFO - [Task 0][Ep 22] train=9.9826e-05 val=5.4105e-03 | KL=0.000 | Lambda: KD=0.0000 SI=0.0000 | Ratio: KD=0.00% SI=0.00% | lr=2.50e-05 time=118.20s
2025-08-15 13:42:29,106 - INFO - [Task 0][Ep 23] train=9.6723e-05 val=4.8673e-03 | KL=0.000 | Lambda: KD=0.0000 SI=0.0000 | Ratio: KD=0.00% SI=0.00% | lr=2.50e-05 time=130.89s
2025-08-15 13:44:18,210 - INFO - [Task 0][Ep 24] train=9.0518e-05 val=4.2275e-03 | KL=0.000 | Lambda: KD=0.0000 SI=0.0000 | Ratio: KD=0.00% SI=0.00% | lr=2.50e-05 time=109.09s
2025-08-15 13:46:18,399 - INFO - [Task 0][Ep 25] train=8.6469e-05 val=8.7125e-03 | KL=0.000 | Lambda: KD=0.0000 SI=0.0000 | Ratio: KD=0.00% SI=0.00% | lr=1.25e-05 time=120.18s
2025-08-15 13:48:18,585 - INFO - [Task 0][Ep 26] train=8.0020e-05 val=4.1118e-03 | KL=0.000 | Lambda: KD=0.0000 SI=0.0000 | Ratio: KD=0.00% SI=0.00% | lr=1.25e-05 time=120.16s
2025-08-15 13:50:19,533 - INFO - [Task 0][Ep 27] train=7.8008e-05 val=4.4624e-03 | KL=0.000 | Lambda: KD=0.0000 SI=0.0000 | Ratio: KD=0.00% SI=0.00% | lr=1.25e-05 time=120.93s
2025-08-15 13:50:19,540 - INFO - [Task 0] Early stopping at epoch 27
2025-08-15 13:52:06,979 - INFO - [Task 1][Ep 0] train=9.8343e-03 val=4.9205e-04 | KL=1.963 | Lambda: KD=0.4874 SI=0.0869 | Ratio: KD=52.68% SI=2.19% | lr=1.00e-04 time=70.03s
2025-08-15 13:53:18,473 - INFO - [Task 1][Ep 1] train=9.6005e-03 val=5.8833e-04 | KL=1.961 | Lambda: KD=0.4874 SI=0.0869 | Ratio: KD=53.35% SI=2.94% | lr=1.00e-04 time=71.41s
2025-08-15 13:54:34,524 - INFO - [Task 1][Ep 2] train=9.6837e-03 val=5.5401e-04 | KL=1.963 | Lambda: KD=0.4874 SI=0.0869 | Ratio: KD=54.45% SI=3.35% | lr=1.00e-04 time=76.05s
2025-08-15 13:55:48,509 - INFO - [Task 1][Ep 3] train=9.6235e-03 val=5.7791e-04 | KL=1.962 | Lambda: KD=0.4874 SI=0.0869 | Ratio: KD=52.98% SI=3.06% | lr=1.00e-04 time=73.95s
2025-08-15 13:57:00,402 - INFO - [Task 1][Ep 4] train=9.5838e-03 val=5.4927e-04 | KL=1.963 | Lambda: KD=0.4874 SI=0.0869 | Ratio: KD=53.71% SI=3.33% | lr=1.00e-04 time=71.89s
2025-08-15 13:58:11,970 - INFO - [Task 1][Ep 5] train=9.7007e-03 val=5.9244e-04 | KL=1.967 | Lambda: KD=0.4874 SI=0.0869 | Ratio: KD=52.42% SI=3.35% | lr=1.00e-04 time=71.56s
2025-08-15 13:59:23,494 - INFO - [Task 1][Ep 6] train=9.7351e-03 val=5.1085e-04 | KL=1.958 | Lambda: KD=0.4874 SI=0.0869 | Ratio: KD=53.04% SI=3.76% | lr=5.00e-05 time=71.37s
2025-08-15 14:00:36,064 - INFO - [Task 1][Ep 7] train=9.3681e-03 val=5.8548e-04 | KL=1.961 | Lambda: KD=0.4874 SI=0.0869 | Ratio: KD=52.88% SI=3.29% | lr=5.00e-05 time=72.56s
2025-08-15 14:02:01,208 - INFO - [Task 1][Ep 8] train=9.3753e-03 val=7.4724e-04 | KL=1.964 | Lambda: KD=0.4874 SI=0.0869 | Ratio: KD=52.45% SI=2.93% | lr=5.00e-05 time=85.14s
2025-08-15 14:03:32,915 - INFO - [Task 1][Ep 9] train=9.4190e-03 val=6.0838e-04 | KL=1.961 | Lambda: KD=0.4874 SI=0.0869 | Ratio: KD=52.39% SI=3.14% | lr=5.00e-05 time=91.67s
2025-08-15 14:05:05,323 - INFO - [Task 1][Ep 10] train=9.3795e-03 val=5.5348e-04 | KL=1.963 | Lambda: KD=0.4874 SI=0.0869 | Ratio: KD=52.91% SI=3.47% | lr=5.00e-05 time=92.39s
2025-08-15 14:06:37,518 - INFO - [Task 1][Ep 11] train=9.3978e-03 val=6.1971e-04 | KL=1.964 | Lambda: KD=0.4874 SI=0.0869 | Ratio: KD=52.93% SI=3.24% | lr=5.00e-05 time=92.18s
2025-08-15 14:08:09,403 - INFO - [Task 1][Ep 12] train=9.3635e-03 val=5.5286e-04 | KL=1.964 | Lambda: KD=0.4874 SI=0.0869 | Ratio: KD=52.60% SI=2.92% | lr=2.50e-05 time=91.88s
2025-08-15 14:09:35,890 - INFO - [Task 1][Ep 13] train=9.3336e-03 val=6.3657e-04 | KL=1.961 | Lambda: KD=0.4874 SI=0.0869 | Ratio: KD=52.58% SI=2.83% | lr=2.50e-05 time=86.44s
2025-08-15 14:11:00,712 - INFO - [Task 1][Ep 14] train=9.3264e-03 val=7.2458e-04 | KL=1.961 | Lambda: KD=0.4874 SI=0.0869 | Ratio: KD=52.80% SI=2.86% | lr=2.50e-05 time=84.81s
2025-08-15 14:12:28,566 - INFO - [Task 1][Ep 15] train=9.3019e-03 val=7.5767e-04 | KL=1.961 | Lambda: KD=0.4874 SI=0.0869 | Ratio: KD=52.91% SI=2.83% | lr=2.50e-05 time=87.84s
2025-08-15 14:13:54,667 - INFO - [Task 1][Ep 16] train=9.3349e-03 val=6.0949e-04 | KL=1.963 | Lambda: KD=0.4874 SI=0.0869 | Ratio: KD=52.86% SI=2.87% | lr=2.50e-05 time=86.08s
2025-08-15 14:15:21,392 - INFO - [Task 1][Ep 17] train=9.2830e-03 val=5.6878e-04 | KL=1.965 | Lambda: KD=0.4874 SI=0.0869 | Ratio: KD=52.73% SI=2.88% | lr=2.50e-05 time=86.71s
2025-08-15 14:16:42,113 - INFO - [Task 1][Ep 18] train=9.3176e-03 val=6.8648e-04 | KL=1.964 | Lambda: KD=0.4874 SI=0.0869 | Ratio: KD=52.65% SI=2.85% | lr=1.25e-05 time=80.70s
2025-08-15 14:18:01,775 - INFO - [Task 1][Ep 19] train=9.2333e-03 val=8.3731e-04 | KL=1.963 | Lambda: KD=0.4874 SI=0.0869 | Ratio: KD=52.62% SI=2.85% | lr=1.25e-05 time=79.65s
2025-08-15 14:19:26,074 - INFO - [Task 1][Ep 20] train=9.2528e-03 val=6.2171e-04 | KL=1.962 | Lambda: KD=0.4874 SI=0.0869 | Ratio: KD=52.53% SI=2.85% | lr=1.25e-05 time=84.27s
2025-08-15 14:19:26,085 - INFO - [Task 1] Early stopping at epoch 20
2025-08-15 14:21:10,721 - INFO - [Task 2][Ep 0] train=6.1746e-03 val=1.0259e-02 | KL=0.273 | Lambda: KD=0.4982 SI=0.0810 | Ratio: KD=45.96% SI=4.06% | lr=1.00e-04 time=89.73s
2025-08-15 14:22:41,373 - INFO - [Task 2][Ep 1] train=6.1512e-03 val=7.8037e-03 | KL=0.271 | Lambda: KD=0.4982 SI=0.0810 | Ratio: KD=47.70% SI=4.52% | lr=1.00e-04 time=90.60s
2025-08-15 14:24:06,265 - INFO - [Task 2][Ep 2] train=6.0476e-03 val=7.3792e-03 | KL=0.267 | Lambda: KD=0.4982 SI=0.0810 | Ratio: KD=47.07% SI=4.27% | lr=1.00e-04 time=84.85s
2025-08-15 14:25:26,051 - INFO - [Task 2][Ep 3] train=6.0287e-03 val=7.9384e-03 | KL=0.272 | Lambda: KD=0.4982 SI=0.0810 | Ratio: KD=46.82% SI=4.04% | lr=1.00e-04 time=79.77s
2025-08-15 14:26:46,622 - INFO - [Task 2][Ep 4] train=6.0174e-03 val=6.8217e-03 | KL=0.274 | Lambda: KD=0.4982 SI=0.0810 | Ratio: KD=46.81% SI=4.33% | lr=1.00e-04 time=80.56s
2025-08-15 14:28:08,661 - INFO - [Task 2][Ep 5] train=6.0574e-03 val=7.7516e-03 | KL=0.273 | Lambda: KD=0.4982 SI=0.0810 | Ratio: KD=46.80% SI=4.44% | lr=1.00e-04 time=82.02s
2025-08-15 14:29:29,540 - INFO - [Task 2][Ep 6] train=6.0579e-03 val=8.8689e-03 | KL=0.276 | Lambda: KD=0.4982 SI=0.0810 | Ratio: KD=46.61% SI=4.28% | lr=1.00e-04 time=80.87s
2025-08-15 14:30:50,357 - INFO - [Task 2][Ep 7] train=6.1548e-03 val=1.0736e-02 | KL=0.270 | Lambda: KD=0.4982 SI=0.0810 | Ratio: KD=46.38% SI=4.46% | lr=1.00e-04 time=80.82s
2025-08-15 14:32:11,133 - INFO - [Task 2][Ep 8] train=6.0483e-03 val=1.1604e-02 | KL=0.276 | Lambda: KD=0.4982 SI=0.0810 | Ratio: KD=46.51% SI=4.27% | lr=1.00e-04 time=80.76s
2025-08-15 14:33:31,595 - INFO - [Task 2][Ep 9] train=6.0874e-03 val=5.3513e-03 | KL=0.275 | Lambda: KD=0.4982 SI=0.0810 | Ratio: KD=46.06% SI=4.26% | lr=1.00e-04 time=80.46s
2025-08-15 14:34:52,356 - INFO - [Task 2][Ep 10] train=6.1393e-03 val=8.6712e-03 | KL=0.276 | Lambda: KD=0.4982 SI=0.0810 | Ratio: KD=45.96% SI=4.36% | lr=1.00e-04 time=80.74s
2025-08-15 14:36:14,828 - INFO - [Task 2][Ep 11] train=6.0541e-03 val=8.6750e-03 | KL=0.268 | Lambda: KD=0.4982 SI=0.0810 | Ratio: KD=46.86% SI=4.28% | lr=1.00e-04 time=82.47s
2025-08-15 14:37:38,245 - INFO - [Task 2][Ep 12] train=6.0373e-03 val=7.6306e-03 | KL=0.273 | Lambda: KD=0.4982 SI=0.0810 | Ratio: KD=45.94% SI=4.15% | lr=1.00e-04 time=83.41s
2025-08-15 14:39:01,727 - INFO - [Task 2][Ep 13] train=6.2316e-03 val=8.2310e-03 | KL=0.274 | Lambda: KD=0.4982 SI=0.0810 | Ratio: KD=47.45% SI=4.55% | lr=1.00e-04 time=82.20s
2025-08-15 14:40:23,281 - INFO - [Task 2][Ep 14] train=6.0271e-03 val=8.5083e-03 | KL=0.268 | Lambda: KD=0.4982 SI=0.0810 | Ratio: KD=46.50% SI=4.17% | lr=1.00e-04 time=81.55s
2025-08-15 14:41:44,790 - INFO - [Task 2][Ep 15] train=6.0903e-03 val=7.3619e-03 | KL=0.278 | Lambda: KD=0.4982 SI=0.0810 | Ratio: KD=46.81% SI=4.30% | lr=5.00e-05 time=81.50s
2025-08-15 14:43:06,271 - INFO - [Task 2][Ep 16] train=5.9010e-03 val=8.6704e-03 | KL=0.274 | Lambda: KD=0.4982 SI=0.0810 | Ratio: KD=46.70% SI=4.04% | lr=5.00e-05 time=81.47s
2025-08-15 14:44:27,676 - INFO - [Task 2][Ep 17] train=5.9260e-03 val=7.1670e-03 | KL=0.274 | Lambda: KD=0.4982 SI=0.0810 | Ratio: KD=47.05% SI=4.12% | lr=5.00e-05 time=81.40s
2025-08-15 14:45:49,111 - INFO - [Task 2][Ep 18] train=5.9035e-03 val=7.1632e-03 | KL=0.278 | Lambda: KD=0.4982 SI=0.0810 | Ratio: KD=46.42% SI=4.14% | lr=5.00e-05 time=81.43s
2025-08-15 14:47:10,407 - INFO - [Task 2][Ep 19] train=5.8547e-03 val=8.2075e-03 | KL=0.271 | Lambda: KD=0.4982 SI=0.0810 | Ratio: KD=46.79% SI=3.95% | lr=5.00e-05 time=81.29s
2025-08-15 14:48:31,791 - INFO - [Task 2][Ep 20] train=6.0362e-03 val=7.4311e-03 | KL=0.272 | Lambda: KD=0.4982 SI=0.0810 | Ratio: KD=45.59% SI=4.14% | lr=5.00e-05 time=81.38s
2025-08-15 14:49:53,165 - INFO - [Task 2][Ep 21] train=5.8915e-03 val=8.3900e-03 | KL=0.275 | Lambda: KD=0.4982 SI=0.0810 | Ratio: KD=46.11% SI=4.13% | lr=2.50e-05 time=81.37s
2025-08-15 14:51:13,473 - INFO - [Task 2][Ep 22] train=5.7815e-03 val=7.1048e-03 | KL=0.273 | Lambda: KD=0.4982 SI=0.0810 | Ratio: KD=46.57% SI=4.09% | lr=2.50e-05 time=80.30s
2025-08-15 14:52:33,481 - INFO - [Task 2][Ep 23] train=5.7743e-03 val=7.3546e-03 | KL=0.274 | Lambda: KD=0.4982 SI=0.0810 | Ratio: KD=46.66% SI=4.07% | lr=2.50e-05 time=79.99s
2025-08-15 14:53:54,013 - INFO - [Task 2][Ep 24] train=5.7970e-03 val=8.5559e-03 | KL=0.273 | Lambda: KD=0.4982 SI=0.0810 | Ratio: KD=46.89% SI=4.15% | lr=2.50e-05 time=80.53s
2025-08-15 14:55:14,596 - INFO - [Task 2][Ep 25] train=5.7898e-03 val=7.1058e-03 | KL=0.273 | Lambda: KD=0.4982 SI=0.0810 | Ratio: KD=46.57% SI=4.07% | lr=2.50e-05 time=80.58s
2025-08-15 14:56:35,053 - INFO - [Task 2][Ep 26] train=5.8050e-03 val=8.5062e-03 | KL=0.268 | Lambda: KD=0.4982 SI=0.0810 | Ratio: KD=46.65% SI=4.13% | lr=2.50e-05 time=80.46s
2025-08-15 14:57:55,942 - INFO - [Task 2][Ep 27] train=5.7859e-03 val=6.9770e-03 | KL=0.272 | Lambda: KD=0.4982 SI=0.0810 | Ratio: KD=46.73% SI=4.15% | lr=1.25e-05 time=80.87s
2025-08-15 14:59:20,713 - INFO - [Task 2][Ep 28] train=5.7589e-03 val=7.6332e-03 | KL=0.272 | Lambda: KD=0.4982 SI=0.0810 | Ratio: KD=46.57% SI=4.09% | lr=1.25e-05 time=84.77s
2025-08-15 15:00:45,811 - INFO - [Task 2][Ep 29] train=5.7566e-03 val=8.5060e-03 | KL=0.271 | Lambda: KD=0.4982 SI=0.0810 | Ratio: KD=46.69% SI=4.11% | lr=1.25e-05 time=85.09s
2025-08-15 15:00:45,831 - INFO - [Task 2] Early stopping at epoch 29
2025-08-15 15:01:04,534 - INFO - ==== Incremental Training Complete ====
2025-08-15 15:01:04,538 - INFO - Evaluating final model...
2025-08-15 15:01:04,541 - INFO - ==== Starting Comprehensive Evaluation ====
2025-08-15 15:01:04,561 - INFO - Evaluating model trained after task 0...
2025-08-15 15:01:11,071 - INFO - Full test set evaluation: MAE=5.6224e-02, R2=0.1693
2025-08-15 15:01:16,486 - INFO -   Task 0 -> Test Task 0: MAE=2.7923e-02, R2=-29.2707
2025-08-15 15:01:18,301 - INFO -   Task 0 -> Test Task 1: MAE=3.5453e-02, R2=-2.1284
2025-08-15 15:01:18,663 - INFO -   Task 0 -> Test Task 2: MAE=7.2164e-01, R2=-980.0900
2025-08-15 15:01:18,666 - INFO - Evaluating model trained after task 1...
2025-08-15 15:01:25,194 - INFO - Full test set evaluation: MAE=4.0681e-02, R2=0.6083
2025-08-15 15:01:30,355 - INFO -   Task 1 -> Test Task 0: MAE=6.6024e-03, R2=-1.4505
2025-08-15 15:01:32,157 - INFO -   Task 1 -> Test Task 1: MAE=3.0816e-02, R2=-1.4815
2025-08-15 15:01:32,518 - INFO -   Task 1 -> Test Task 2: MAE=2.1143e-01, R2=-87.6094
2025-08-15 15:01:32,521 - INFO - Evaluating model trained after task 2...
2025-08-15 15:01:39,024 - INFO - Full test set evaluation: MAE=6.4141e-02, R2=0.0226
2025-08-15 15:01:44,102 - INFO -   Task 2 -> Test Task 0: MAE=2.2816e-02, R2=-19.6618
2025-08-15 15:01:45,904 - INFO -   Task 2 -> Test Task 1: MAE=3.3982e-02, R2=-2.0794
2025-08-15 15:01:46,265 - INFO -   Task 2 -> Test Task 2: MAE=7.7001e-02, R2=-9.5395
2025-08-15 15:01:46,268 - INFO - ==== Computing Continual Learning Metrics ====
2025-08-15 15:01:46,271 - INFO - Computing random initialization baselines...
2025-08-15 15:01:48,662 - INFO -   Baseline Task 0: R=-0.9732
2025-08-15 15:01:50,450 - INFO -   Baseline Task 1: R=-0.9253
2025-08-15 15:01:50,804 - INFO -   Baseline Task 2: R=-0.6923
2025-08-15 15:01:50,806 - INFO - ==== Continual Learning Results ====
2025-08-15 15:01:50,808 - INFO - BWT (Backward Transfer): 0.0010 (positive = backward gain)
2025-08-15 15:01:50,812 - INFO - FWT (Forward Transfer): 0.6853 (positive = beneficial transfer)
2025-08-15 15:01:50,815 - INFO - ACC (Average Accuracy): -0.0446
2025-08-15 15:01:50,817 - INFO - ==== Performance Matrix R[i][j] ====
2025-08-15 15:01:50,819 - INFO - Rows: trained after task i, Columns: evaluated on task j
2025-08-15 15:01:50,822 - INFO -        Task 0 Task 1 Task 2
2025-08-15 15:01:50,825 - INFO - Task 0: -0.0279 -0.0355 -0.7216
2025-08-15 15:01:50,828 - INFO - Task 1: -0.0066 -0.0308 -0.2114
2025-08-15 15:01:50,832 - INFO - Task 2: -0.0228 -0.0340 -0.0770
2025-08-15 15:01:50,925 - INFO - ==== Evaluation Complete ====
2025-08-15 15:01:50,927 - INFO - All results saved to: /beegfs/home/users/z/zzhuqshun/Thesis/final/tryout_train_both_kd_reverse/metrics
