2025-07-26 21:42:35,697 - ==== Incremental Training Phase ====
2025-07-26 21:44:19,520 - Incremental training - Task 0 Train IDs: ['03', '05', '07', '27'], size: 92079
2025-07-26 21:44:19,523 - Incremental training - Task 0 Val IDs: ['01'], size: 28612
2025-07-26 21:44:19,527 - Incremental training - Task 1 Train IDs: ['21', '23', '25'], size: 65674
2025-07-26 21:44:19,530 - Incremental training - Task 1 Val IDs: ['19'], size: 23120
2025-07-26 21:44:19,533 - Incremental training - Task 2 Train IDs: ['09', '11', '15', '29'], size: 47891
2025-07-26 21:44:19,536 - Incremental training - Task 2 Val IDs: ['13'], size: 6445
2025-07-26 21:44:19,539 - Incremental training - Test ID: 17, size: 22872
2025-07-26 21:44:19,543 - Incremental training - Test Task 0 size: 11139
2025-07-26 21:44:19,546 - Incremental training - Test Task 1 size: 6312
2025-07-26 21:44:19,548 - Incremental training - Test Task 2 size: 5421
2025-07-26 21:44:19,566 -   (Scaler) Scaler centers: [ 3.31975183  0.         27.55116667]
2025-07-26 21:44:19,574 -   (Scaler) Scaler scales: [0.20016217 1.86108033 1.05333333]
2025-07-26 21:44:20,508 - ==== Training task task0 ====
2025-07-26 21:44:20,511 - Applying LWF alpha: 0.0000
2025-07-26 21:48:23,063 - Epoch 000 | task 4.8488e-02 | kd 0.0000e+00 | ewc 0.0000e+00 | val 4.5722e-04 | lr 1.00e-04 | 108.06s
2025-07-26 21:50:13,004 - Epoch 001 | task 1.8645e-02 | kd 0.0000e+00 | ewc 0.0000e+00 | val 2.4081e-03 | lr 1.00e-04 | 109.89s
2025-07-26 21:52:18,186 - Epoch 002 | task 1.2441e-02 | kd 0.0000e+00 | ewc 0.0000e+00 | val 8.2497e-04 | lr 1.00e-04 | 125.13s
2025-07-26 21:54:17,687 - Epoch 003 | task 7.5739e-03 | kd 0.0000e+00 | ewc 0.0000e+00 | val 4.9043e-04 | lr 1.00e-04 | 119.49s
2025-07-26 21:56:12,574 - Epoch 004 | task 3.9881e-03 | kd 0.0000e+00 | ewc 0.0000e+00 | val 4.3876e-04 | lr 1.00e-04 | 114.83s
2025-07-26 21:58:10,888 - Epoch 005 | task 1.8379e-03 | kd 0.0000e+00 | ewc 0.0000e+00 | val 5.6357e-04 | lr 1.00e-04 | 118.23s
2025-07-26 22:00:09,869 - Epoch 006 | task 8.0667e-04 | kd 0.0000e+00 | ewc 0.0000e+00 | val 4.4164e-04 | lr 1.00e-04 | 118.97s
2025-07-26 22:02:03,694 - Epoch 007 | task 5.1183e-04 | kd 0.0000e+00 | ewc 0.0000e+00 | val 4.2750e-04 | lr 1.00e-04 | 113.81s
2025-07-26 22:04:02,004 - Epoch 008 | task 4.7655e-04 | kd 0.0000e+00 | ewc 0.0000e+00 | val 4.3377e-04 | lr 1.00e-04 | 118.20s
2025-07-26 22:06:01,430 - Epoch 009 | task 4.6595e-04 | kd 0.0000e+00 | ewc 0.0000e+00 | val 4.5643e-04 | lr 1.00e-04 | 119.38s
2025-07-26 22:08:00,150 - Epoch 010 | task 4.5433e-04 | kd 0.0000e+00 | ewc 0.0000e+00 | val 5.1107e-04 | lr 1.00e-04 | 118.70s
2025-07-26 22:09:57,357 - Epoch 011 | task 4.3639e-04 | kd 0.0000e+00 | ewc 0.0000e+00 | val 5.5239e-04 | lr 1.00e-04 | 117.18s
2025-07-26 22:11:53,983 - Epoch 012 | task 4.2717e-04 | kd 0.0000e+00 | ewc 0.0000e+00 | val 5.7536e-04 | lr 1.00e-04 | 116.61s
2025-07-26 22:13:53,248 - Epoch 013 | task 4.0401e-04 | kd 0.0000e+00 | ewc 0.0000e+00 | val 5.6258e-04 | lr 5.00e-05 | 119.24s
2025-07-26 22:15:50,394 - Epoch 014 | task 3.3536e-04 | kd 0.0000e+00 | ewc 0.0000e+00 | val 4.7758e-04 | lr 5.00e-05 | 117.13s
2025-07-26 22:17:47,807 - Epoch 015 | task 3.2815e-04 | kd 0.0000e+00 | ewc 0.0000e+00 | val 4.9237e-04 | lr 5.00e-05 | 117.37s
2025-07-26 22:19:46,535 - Epoch 016 | task 3.0510e-04 | kd 0.0000e+00 | ewc 0.0000e+00 | val 6.1790e-04 | lr 5.00e-05 | 118.71s
2025-07-26 22:21:46,779 - Epoch 017 | task 2.9327e-04 | kd 0.0000e+00 | ewc 0.0000e+00 | val 5.3593e-04 | lr 5.00e-05 | 120.22s
2025-07-26 22:23:52,043 - Epoch 018 | task 2.7027e-04 | kd 0.0000e+00 | ewc 0.0000e+00 | val 4.8942e-04 | lr 5.00e-05 | 125.24s
2025-07-26 22:25:50,526 - Epoch 019 | task 2.6097e-04 | kd 0.0000e+00 | ewc 0.0000e+00 | val 4.9424e-04 | lr 2.50e-05 | 118.46s
2025-07-26 22:27:48,044 - Epoch 020 | task 2.4819e-04 | kd 0.0000e+00 | ewc 0.0000e+00 | val 4.6923e-04 | lr 2.50e-05 | 117.50s
2025-07-26 22:29:42,796 - Epoch 021 | task 2.4674e-04 | kd 0.0000e+00 | ewc 0.0000e+00 | val 5.3763e-04 | lr 2.50e-05 | 114.74s
2025-07-26 22:31:40,813 - Epoch 022 | task 2.4393e-04 | kd 0.0000e+00 | ewc 0.0000e+00 | val 4.8528e-04 | lr 2.50e-05 | 117.97s
2025-07-26 22:33:37,006 - Epoch 023 | task 2.4126e-04 | kd 0.0000e+00 | ewc 0.0000e+00 | val 5.8206e-04 | lr 2.50e-05 | 116.18s
2025-07-26 22:35:31,996 - Epoch 024 | task 2.4436e-04 | kd 0.0000e+00 | ewc 0.0000e+00 | val 5.2021e-04 | lr 2.50e-05 | 114.97s
2025-07-26 22:37:21,855 - Epoch 025 | task 2.4139e-04 | kd 0.0000e+00 | ewc 0.0000e+00 | val 4.9281e-04 | lr 1.25e-05 | 109.85s
2025-07-26 22:39:13,918 - Epoch 026 | task 2.3259e-04 | kd 0.0000e+00 | ewc 0.0000e+00 | val 4.8455e-04 | lr 1.25e-05 | 112.04s
2025-07-26 22:41:07,492 - Epoch 027 | task 2.3163e-04 | kd 0.0000e+00 | ewc 0.0000e+00 | val 5.0736e-04 | lr 1.25e-05 | 113.55s
2025-07-26 22:41:07,499 - Early stopping at epoch 28
2025-07-26 22:41:14,933 - Consolidate lambda: 215.9545
2025-07-26 22:42:19,396 - ==== Training task task0 completed ====
2025-07-26 22:42:19,402 - ==== Training task task1 ====
2025-07-26 22:42:19,407 - Applying LWF alpha: 0.0000
2025-07-26 22:43:38,475 - Epoch 000 | task 1.9822e-03 | kd 0.0000e+00 | ewc 1.1381e-06 | val 1.7732e-03 | lr 1.00e-04 | 78.84s
2025-07-26 22:45:07,907 - Epoch 001 | task 1.1359e-03 | kd 0.0000e+00 | ewc 3.8291e-06 | val 1.6430e-03 | lr 1.00e-04 | 89.25s
2025-07-26 22:46:23,798 - Epoch 002 | task 1.2892e-03 | kd 0.0000e+00 | ewc 2.1586e-06 | val 1.5593e-03 | lr 1.00e-04 | 75.83s
2025-07-26 22:47:34,413 - Epoch 003 | task 7.0819e-04 | kd 0.0000e+00 | ewc 2.8544e-07 | val 1.9201e-03 | lr 1.00e-04 | 70.56s
2025-07-26 22:49:05,335 - Epoch 004 | task 5.4530e-04 | kd 0.0000e+00 | ewc 6.9869e-07 | val 2.4063e-03 | lr 1.00e-04 | 90.91s
2025-07-26 22:50:24,879 - Epoch 005 | task 3.9817e-04 | kd 0.0000e+00 | ewc 1.0549e-06 | val 3.2585e-03 | lr 1.00e-04 | 79.51s
2025-07-26 22:51:47,097 - Epoch 006 | task 4.2545e-04 | kd 0.0000e+00 | ewc 1.2726e-06 | val 4.2219e-03 | lr 1.00e-04 | 82.15s
2025-07-26 22:53:07,453 - Epoch 007 | task 4.9754e-04 | kd 0.0000e+00 | ewc 1.0722e-06 | val 1.8932e-03 | lr 1.00e-04 | 80.30s
2025-07-26 22:54:36,314 - Epoch 008 | task 3.0460e-04 | kd 0.0000e+00 | ewc 1.0926e-06 | val 2.3312e-03 | lr 5.00e-05 | 88.84s
2025-07-26 22:55:51,208 - Epoch 009 | task 2.5519e-04 | kd 0.0000e+00 | ewc 1.5167e-06 | val 4.6547e-03 | lr 5.00e-05 | 74.85s
2025-07-26 22:57:18,562 - Epoch 010 | task 2.3170e-04 | kd 0.0000e+00 | ewc 1.8194e-06 | val 3.0848e-03 | lr 5.00e-05 | 87.31s
2025-07-26 22:58:27,000 - Epoch 011 | task 2.3664e-04 | kd 0.0000e+00 | ewc 1.9137e-06 | val 2.6334e-03 | lr 5.00e-05 | 68.43s
2025-07-26 22:59:49,455 - Epoch 012 | task 2.2118e-04 | kd 0.0000e+00 | ewc 2.0261e-06 | val 2.7554e-03 | lr 5.00e-05 | 82.43s
2025-07-26 23:01:42,971 - Epoch 013 | task 2.1234e-04 | kd 0.0000e+00 | ewc 2.1294e-06 | val 2.6191e-03 | lr 5.00e-05 | 113.51s
2025-07-26 23:03:24,983 - Epoch 014 | task 2.0329e-04 | kd 0.0000e+00 | ewc 2.1062e-06 | val 2.9951e-03 | lr 2.50e-05 | 102.00s
2025-07-26 23:05:24,241 - Epoch 015 | task 1.9285e-04 | kd 0.0000e+00 | ewc 2.0633e-06 | val 3.1297e-03 | lr 2.50e-05 | 119.19s
2025-07-26 23:07:10,109 - Epoch 016 | task 1.8888e-04 | kd 0.0000e+00 | ewc 2.0456e-06 | val 3.2800e-03 | lr 2.50e-05 | 105.85s
2025-07-26 23:08:44,197 - Epoch 017 | task 1.9163e-04 | kd 0.0000e+00 | ewc 2.0656e-06 | val 3.7461e-03 | lr 2.50e-05 | 94.08s
2025-07-26 23:10:26,297 - Epoch 018 | task 1.8629e-04 | kd 0.0000e+00 | ewc 2.0610e-06 | val 3.6673e-03 | lr 2.50e-05 | 102.10s
2025-07-26 23:11:50,801 - Epoch 019 | task 1.8308e-04 | kd 0.0000e+00 | ewc 2.2304e-06 | val 3.8243e-03 | lr 2.50e-05 | 84.47s
2025-07-26 23:13:25,357 - Epoch 020 | task 1.6977e-04 | kd 0.0000e+00 | ewc 2.8378e-06 | val 3.5957e-03 | lr 1.25e-05 | 94.55s
2025-07-26 23:14:50,532 - Epoch 021 | task 1.6609e-04 | kd 0.0000e+00 | ewc 3.2072e-06 | val 3.9824e-03 | lr 1.25e-05 | 85.17s
2025-07-26 23:16:26,198 - Epoch 022 | task 1.6634e-04 | kd 0.0000e+00 | ewc 3.3785e-06 | val 3.7687e-03 | lr 1.25e-05 | 95.64s
2025-07-26 23:16:26,205 - Early stopping at epoch 23
2025-07-26 23:16:29,729 - Consolidate lambda: 588.6713
2025-07-26 23:17:16,141 - ==== Training task task1 completed ====
2025-07-26 23:17:16,144 - ==== Training task task2 ====
2025-07-26 23:17:16,146 - Applying LWF alpha: 0.0000
2025-07-26 23:18:22,198 - Epoch 000 | task 2.8909e-03 | kd 0.0000e+00 | ewc 1.2023e-05 | val 1.9362e-03 | lr 1.00e-04 | 65.98s
2025-07-26 23:19:24,837 - Epoch 001 | task 1.3283e-03 | kd 0.0000e+00 | ewc 1.5491e-05 | val 1.8702e-03 | lr 1.00e-04 | 62.60s
2025-07-26 23:20:25,166 - Epoch 002 | task 9.6595e-04 | kd 0.0000e+00 | ewc 1.6948e-05 | val 8.7861e-04 | lr 1.00e-04 | 60.31s
2025-07-26 23:21:31,504 - Epoch 003 | task 8.4203e-04 | kd 0.0000e+00 | ewc 2.1238e-05 | val 9.1728e-04 | lr 1.00e-04 | 66.27s
2025-07-26 23:22:35,820 - Epoch 004 | task 7.7902e-04 | kd 0.0000e+00 | ewc 2.4796e-05 | val 1.3725e-03 | lr 1.00e-04 | 64.30s
2025-07-26 23:23:44,790 - Epoch 005 | task 7.1705e-04 | kd 0.0000e+00 | ewc 2.7371e-05 | val 6.2989e-04 | lr 1.00e-04 | 68.92s
2025-07-26 23:24:52,862 - Epoch 006 | task 7.0968e-04 | kd 0.0000e+00 | ewc 2.9618e-05 | val 1.3571e-03 | lr 1.00e-04 | 67.95s
2025-07-26 23:25:59,892 - Epoch 007 | task 7.1669e-04 | kd 0.0000e+00 | ewc 3.2297e-05 | val 1.5981e-03 | lr 1.00e-04 | 67.02s
2025-07-26 23:26:58,425 - Epoch 008 | task 6.6391e-04 | kd 0.0000e+00 | ewc 3.6177e-05 | val 1.5565e-03 | lr 1.00e-04 | 58.53s
2025-07-26 23:28:05,432 - Epoch 009 | task 6.2207e-04 | kd 0.0000e+00 | ewc 3.9923e-05 | val 8.3992e-04 | lr 1.00e-04 | 66.91s
2025-07-26 23:29:04,685 - Epoch 010 | task 5.9386e-04 | kd 0.0000e+00 | ewc 4.1991e-05 | val 9.2971e-04 | lr 1.00e-04 | 59.23s
2025-07-26 23:30:01,833 - Epoch 011 | task 5.8315e-04 | kd 0.0000e+00 | ewc 4.3394e-05 | val 4.2627e-04 | lr 1.00e-04 | 57.14s
2025-07-26 23:30:59,068 - Epoch 012 | task 5.6185e-04 | kd 0.0000e+00 | ewc 4.4604e-05 | val 1.2668e-03 | lr 1.00e-04 | 57.18s
2025-07-26 23:31:54,511 - Epoch 013 | task 5.5446e-04 | kd 0.0000e+00 | ewc 4.5234e-05 | val 1.0272e-03 | lr 1.00e-04 | 55.44s
2025-07-26 23:32:47,629 - Epoch 014 | task 5.4967e-04 | kd 0.0000e+00 | ewc 4.5189e-05 | val 6.4787e-04 | lr 1.00e-04 | 53.10s
2025-07-26 23:33:41,880 - Epoch 015 | task 5.3874e-04 | kd 0.0000e+00 | ewc 4.7030e-05 | val 7.7715e-04 | lr 1.00e-04 | 54.25s
2025-07-26 23:34:37,395 - Epoch 016 | task 5.2488e-04 | kd 0.0000e+00 | ewc 4.6293e-05 | val 4.3618e-04 | lr 1.00e-04 | 55.51s
2025-07-26 23:35:28,878 - Epoch 017 | task 5.4429e-04 | kd 0.0000e+00 | ewc 4.7713e-05 | val 1.5743e-03 | lr 5.00e-05 | 51.48s
2025-07-26 23:36:19,036 - Epoch 018 | task 5.8800e-04 | kd 0.0000e+00 | ewc 4.2635e-05 | val 6.3529e-04 | lr 5.00e-05 | 50.15s
2025-07-26 23:37:04,235 - Epoch 019 | task 4.6961e-04 | kd 0.0000e+00 | ewc 4.1035e-05 | val 6.6760e-04 | lr 5.00e-05 | 45.20s
2025-07-26 23:37:52,968 - Epoch 020 | task 4.6171e-04 | kd 0.0000e+00 | ewc 4.2821e-05 | val 5.5426e-04 | lr 5.00e-05 | 48.73s
2025-07-26 23:38:50,235 - Epoch 021 | task 4.5250e-04 | kd 0.0000e+00 | ewc 4.3402e-05 | val 7.0035e-04 | lr 5.00e-05 | 57.26s
2025-07-26 23:39:42,171 - Epoch 022 | task 4.5878e-04 | kd 0.0000e+00 | ewc 4.4120e-05 | val 5.7817e-04 | lr 5.00e-05 | 51.92s
2025-07-26 23:40:33,266 - Epoch 023 | task 4.4351e-04 | kd 0.0000e+00 | ewc 4.4784e-05 | val 7.3966e-04 | lr 2.50e-05 | 51.06s
2025-07-26 23:41:19,256 - Epoch 024 | task 4.1774e-04 | kd 0.0000e+00 | ewc 4.4473e-05 | val 3.2263e-04 | lr 2.50e-05 | 45.98s
2025-07-26 23:42:07,730 - Epoch 025 | task 4.1708e-04 | kd 0.0000e+00 | ewc 4.4426e-05 | val 4.9025e-04 | lr 2.50e-05 | 48.43s
2025-07-26 23:42:53,862 - Epoch 026 | task 4.1500e-04 | kd 0.0000e+00 | ewc 4.4410e-05 | val 4.3476e-04 | lr 2.50e-05 | 46.13s
2025-07-26 23:43:40,169 - Epoch 027 | task 4.0531e-04 | kd 0.0000e+00 | ewc 4.4405e-05 | val 4.8395e-04 | lr 2.50e-05 | 46.30s
2025-07-26 23:44:26,570 - Epoch 028 | task 4.0838e-04 | kd 0.0000e+00 | ewc 4.4882e-05 | val 3.8226e-04 | lr 2.50e-05 | 46.39s
2025-07-26 23:45:12,890 - Epoch 029 | task 4.0990e-04 | kd 0.0000e+00 | ewc 4.5121e-05 | val 2.9305e-04 | lr 2.50e-05 | 46.31s
2025-07-26 23:45:59,057 - Epoch 030 | task 4.0409e-04 | kd 0.0000e+00 | ewc 4.5537e-05 | val 5.2325e-04 | lr 2.50e-05 | 46.13s
2025-07-26 23:46:47,461 - Epoch 031 | task 4.0204e-04 | kd 0.0000e+00 | ewc 4.5788e-05 | val 3.7972e-04 | lr 2.50e-05 | 48.40s
2025-07-26 23:47:33,725 - Epoch 032 | task 4.0112e-04 | kd 0.0000e+00 | ewc 4.5710e-05 | val 5.0837e-04 | lr 2.50e-05 | 46.26s
2025-07-26 23:48:22,245 - Epoch 033 | task 3.9929e-04 | kd 0.0000e+00 | ewc 4.5842e-05 | val 3.4056e-04 | lr 2.50e-05 | 48.51s
2025-07-26 23:49:08,584 - Epoch 034 | task 4.0331e-04 | kd 0.0000e+00 | ewc 4.5515e-05 | val 2.8776e-04 | lr 2.50e-05 | 46.34s
2025-07-26 23:49:59,857 - Epoch 035 | task 4.0606e-04 | kd 0.0000e+00 | ewc 4.5840e-05 | val 4.1379e-04 | lr 2.50e-05 | 51.24s
2025-07-26 23:50:50,774 - Epoch 036 | task 3.9958e-04 | kd 0.0000e+00 | ewc 4.5792e-05 | val 3.1977e-04 | lr 2.50e-05 | 50.91s
2025-07-26 23:51:41,934 - Epoch 037 | task 4.0282e-04 | kd 0.0000e+00 | ewc 4.5758e-05 | val 2.2169e-04 | lr 2.50e-05 | 51.15s
2025-07-26 23:52:28,162 - Epoch 038 | task 3.9961e-04 | kd 0.0000e+00 | ewc 4.5771e-05 | val 3.0420e-04 | lr 2.50e-05 | 46.19s
2025-07-26 23:53:14,565 - Epoch 039 | task 3.8981e-04 | kd 0.0000e+00 | ewc 4.5591e-05 | val 4.3547e-04 | lr 2.50e-05 | 46.40s
2025-07-26 23:54:00,870 - Epoch 040 | task 3.9865e-04 | kd 0.0000e+00 | ewc 4.5698e-05 | val 4.3708e-04 | lr 2.50e-05 | 46.30s
2025-07-26 23:54:46,937 - Epoch 041 | task 3.9623e-04 | kd 0.0000e+00 | ewc 4.5196e-05 | val 2.3167e-04 | lr 2.50e-05 | 46.06s
2025-07-26 23:55:33,237 - Epoch 042 | task 3.9857e-04 | kd 0.0000e+00 | ewc 4.5155e-05 | val 4.1630e-04 | lr 2.50e-05 | 46.29s
2025-07-26 23:56:20,938 - Epoch 043 | task 3.9323e-04 | kd 0.0000e+00 | ewc 4.4964e-05 | val 3.6850e-04 | lr 1.25e-05 | 47.69s
2025-07-26 23:57:07,359 - Epoch 044 | task 3.8485e-04 | kd 0.0000e+00 | ewc 4.4778e-05 | val 2.9599e-04 | lr 1.25e-05 | 46.41s
2025-07-26 23:57:54,430 - Epoch 045 | task 3.9496e-04 | kd 0.0000e+00 | ewc 4.5053e-05 | val 2.7620e-04 | lr 1.25e-05 | 47.07s
2025-07-26 23:58:40,806 - Epoch 046 | task 3.7405e-04 | kd 0.0000e+00 | ewc 4.5198e-05 | val 4.6302e-04 | lr 1.25e-05 | 46.37s
2025-07-26 23:59:27,086 - Epoch 047 | task 3.8474e-04 | kd 0.0000e+00 | ewc 4.4928e-05 | val 2.8305e-04 | lr 1.25e-05 | 46.28s
2025-07-27 00:00:28,883 - Epoch 048 | task 3.7377e-04 | kd 0.0000e+00 | ewc 4.4521e-05 | val 3.9094e-04 | lr 1.25e-05 | 61.77s
2025-07-27 00:01:25,062 - Epoch 049 | task 3.8522e-04 | kd 0.0000e+00 | ewc 4.4301e-05 | val 3.3661e-04 | lr 6.25e-06 | 56.18s
2025-07-27 00:02:16,735 - Epoch 050 | task 3.7643e-04 | kd 0.0000e+00 | ewc 4.4323e-05 | val 3.1474e-04 | lr 6.25e-06 | 51.67s
2025-07-27 00:03:07,048 - Epoch 051 | task 3.7447e-04 | kd 0.0000e+00 | ewc 4.4356e-05 | val 2.6041e-04 | lr 6.25e-06 | 50.31s
2025-07-27 00:03:56,151 - Epoch 052 | task 3.7654e-04 | kd 0.0000e+00 | ewc 4.4392e-05 | val 3.2543e-04 | lr 6.25e-06 | 49.10s
2025-07-27 00:04:46,532 - Epoch 053 | task 3.6904e-04 | kd 0.0000e+00 | ewc 4.4541e-05 | val 2.8211e-04 | lr 6.25e-06 | 50.37s
2025-07-27 00:05:37,696 - Epoch 054 | task 3.7660e-04 | kd 0.0000e+00 | ewc 4.4455e-05 | val 2.6886e-04 | lr 6.25e-06 | 51.16s
2025-07-27 00:06:27,870 - Epoch 055 | task 3.6950e-04 | kd 0.0000e+00 | ewc 4.4403e-05 | val 3.4852e-04 | lr 3.13e-06 | 50.17s
2025-07-27 00:07:14,612 - Epoch 056 | task 3.7083e-04 | kd 0.0000e+00 | ewc 4.4249e-05 | val 3.2080e-04 | lr 3.13e-06 | 46.74s
2025-07-27 00:08:01,331 - Epoch 057 | task 3.7011e-04 | kd 0.0000e+00 | ewc 4.4206e-05 | val 2.9683e-04 | lr 3.13e-06 | 46.71s
2025-07-27 00:08:01,357 - Early stopping at epoch 58
2025-07-27 00:08:04,498 - Consolidate lambda: 0.0000
2025-07-27 00:08:38,348 - ==== Training task task2 completed ====
2025-07-27 00:08:38,351 - ==== Incremental Training Completed ====
2025-07-27 00:08:38,354 - ==== Starting Comprehensive Evaluation ====
2025-07-27 00:09:37,399 - ==== Computing BWT, FWT, ACC Metrics ====
2025-07-27 00:09:37,401 - Computing random initialization baselines for FWT calculation...
2025-07-27 00:09:43,746 - ==== Continual Learning Metrics ====
2025-07-27 00:09:43,765 - BWT: -0.0150
2025-07-27 00:09:43,766 - FWT: 0.6355
2025-07-27 00:09:43,767 - ACC: -0.0942
2025-07-27 00:09:43,770 - ==== R Matrix (Performance Matrix) ====
2025-07-27 00:09:43,772 - Task 0: [-0.0417 -0.0571 -0.1636]
2025-07-27 00:09:43,776 - Task 1: [-0.0238 -0.0835 -0.1561]
2025-07-27 00:09:43,779 - Task 2: [-0.0488 -0.1064 -0.1275]
2025-07-27 00:09:43,842 - ==== Incremental Training and Evaluation Completed ====
2025-07-27 00:09:43,846 - All evaluation results saved to: /beegfs/home/users/z/zzhuqshun/Thesis/05_Final/3inputs/strategies/79185/incremental/evaluation

=== Job Start: Sat Jul 26 21:39:36 CEST 2025 ===
Job ID:           79185
Job Name:         ewc
Partition:        gpu_short
Node List:        gpu003
Requested GPUs:   1
CUDA Devices:     0
Running on host:  gpu003

=== GPU Details via nvidia-smi ===
0, Tesla P100-PCIE-16GB, 16384 MiB, 0 %, 40
===================================
2025-07-27 11:26:03,883 - Incremental training - Task 0 Train IDs: ['03', '05', '07', '27'], size: 92079
2025-07-27 11:26:03,886 - Incremental training - Task 0 Val IDs: ['01'], size: 28612
2025-07-27 11:26:03,888 - Incremental training - Task 1 Train IDs: ['21', '23', '25'], size: 65674
2025-07-27 11:26:03,890 - Incremental training - Task 1 Val IDs: ['19'], size: 23120
2025-07-27 11:26:03,892 - Incremental training - Task 2 Train IDs: ['09', '11', '15', '29'], size: 47891
2025-07-27 11:26:03,895 - Incremental training - Task 2 Val IDs: ['13'], size: 6445
2025-07-27 11:26:03,896 - Incremental training - Test ID: 17, size: 22872
2025-07-27 11:26:03,898 - Incremental training - Test Task 0 size: 11139
2025-07-27 11:26:03,899 - Incremental training - Test Task 1 size: 6312
2025-07-27 11:26:03,900 - Incremental training - Test Task 2 size: 5421
2025-07-27 11:26:03,914 -   (Scaler) Scaler centers: [ 3.31975183  0.         27.55116667]
2025-07-27 11:26:03,938 -   (Scaler) Scaler scales: [0.20016217 1.86108033 1.05333333]
2025-07-27 11:26:05,089 - ==== Training task task0 ====
2025-07-27 11:26:05,091 - Applying LWF alpha: 0.0000
