2025-06-30 09:07:35,391 - ==== Skipping joint LSTM Training Phase ====
2025-06-30 09:07:35,398 - ==== Incremental EWC Training Phase ====
2025-06-30 09:09:07,454 - Base train IDs: ['03', '05', '07', '27']
2025-06-30 09:09:07,521 - Base train size: 92079
2025-06-30 09:09:07,548 - Base val IDs: ['01']
2025-06-30 09:09:07,574 - Base val size: 28612
2025-06-30 09:09:07,587 - Update1 train IDs: ['21', '23', '25']
2025-06-30 09:09:07,611 - Update1 train size: 65674
2025-06-30 09:09:07,636 - Update1 val IDs: ['19']
2025-06-30 09:09:07,644 - Update1 val size: 23120
2025-06-30 09:09:07,664 - Update2 train IDs: ['09', '11', '15', '29']
2025-06-30 09:09:07,685 - Update2 train size: 47891
2025-06-30 09:09:07,721 - Update2 val IDs: ['13']
2025-06-30 09:09:07,728 - Update2 val size: 6445
2025-06-30 09:09:15,067 - Test cell ID: 17
2025-06-30 09:09:15,072 - Test size: 22872
2025-06-30 09:09:15,077 - Test base size: 11139
2025-06-30 09:09:15,081 - Test update1 size: 6312
2025-06-30 09:09:15,086 - Test update2 size: 5421
2025-06-30 09:09:15,128 - [Scaler after fit] center_=[ 3.31975183  0.         27.55116667]
2025-06-30 09:09:15,161 - [Scaler after fit] scale_ =[0.20016217 1.86108033 1.05333333]
2025-06-30 09:09:15,165 - Resampling and scaling complete with RobustScaler
2025-06-30 09:09:16,159 - [task0] Training...
2025-06-30 09:09:16,163 - [task0] EWC active: None (no previous tasks)
2025-06-30 09:09:16,168 - [task0] This task will be stored with λ = 7780.1555769014285 (not used)
2025-06-30 09:09:16,173 - [task0] Training with alpha LWF = 0.00
2025-06-30 09:14:11,601 - Epoch 001 | task 3.8182e-02 | kd 0.0000e+00 | ewc 0.0000e+00 | val 3.7162e-04 | lr 1.00e-04 | 93.38s
2025-06-30 09:15:30,290 - Epoch 002 | task 7.2867e-03 | kd 0.0000e+00 | ewc 0.0000e+00 | val 1.0398e-03 | lr 1.00e-04 | 78.59s
2025-06-30 09:16:48,142 - Epoch 003 | task 5.3097e-03 | kd 0.0000e+00 | ewc 0.0000e+00 | val 3.9763e-04 | lr 1.00e-04 | 77.82s
2025-06-30 09:18:07,140 - Epoch 004 | task 4.3294e-03 | kd 0.0000e+00 | ewc 0.0000e+00 | val 5.3001e-04 | lr 1.00e-04 | 78.94s
2025-06-30 09:19:26,514 - Epoch 005 | task 3.4420e-03 | kd 0.0000e+00 | ewc 0.0000e+00 | val 4.4389e-04 | lr 1.00e-04 | 79.29s
2025-06-30 09:20:46,123 - Epoch 006 | task 2.6740e-03 | kd 0.0000e+00 | ewc 0.0000e+00 | val 4.3592e-04 | lr 1.00e-04 | 79.53s
2025-06-30 09:22:07,166 - Epoch 007 | task 2.0609e-03 | kd 0.0000e+00 | ewc 0.0000e+00 | val 4.5443e-04 | lr 5.00e-05 | 80.96s
2025-06-30 09:23:27,390 - Epoch 008 | task 1.6517e-03 | kd 0.0000e+00 | ewc 0.0000e+00 | val 4.0441e-04 | lr 5.00e-05 | 80.18s
2025-06-30 09:24:47,101 - Epoch 009 | task 1.4034e-03 | kd 0.0000e+00 | ewc 0.0000e+00 | val 4.0720e-04 | lr 5.00e-05 | 79.66s
2025-06-30 09:26:09,537 - Epoch 010 | task 1.1964e-03 | kd 0.0000e+00 | ewc 0.0000e+00 | val 5.0908e-04 | lr 5.00e-05 | 82.40s
2025-06-30 09:27:28,931 - Epoch 011 | task 1.0292e-03 | kd 0.0000e+00 | ewc 0.0000e+00 | val 4.2328e-04 | lr 5.00e-05 | 79.34s
2025-06-30 09:28:49,139 - Epoch 012 | task 8.7673e-04 | kd 0.0000e+00 | ewc 0.0000e+00 | val 4.3260e-04 | lr 5.00e-05 | 80.15s
2025-06-30 09:30:08,894 - Epoch 013 | task 7.6261e-04 | kd 0.0000e+00 | ewc 0.0000e+00 | val 4.6050e-04 | lr 2.50e-05 | 79.57s
2025-06-30 09:31:28,408 - Epoch 014 | task 6.8891e-04 | kd 0.0000e+00 | ewc 0.0000e+00 | val 4.3581e-04 | lr 2.50e-05 | 79.47s
2025-06-30 09:32:50,040 - Epoch 015 | task 6.5224e-04 | kd 0.0000e+00 | ewc 0.0000e+00 | val 4.0288e-04 | lr 2.50e-05 | 80.12s
2025-06-30 09:34:10,255 - Epoch 016 | task 6.1891e-04 | kd 0.0000e+00 | ewc 0.0000e+00 | val 4.0849e-04 | lr 2.50e-05 | 80.12s
2025-06-30 09:35:31,786 - Epoch 017 | task 5.8846e-04 | kd 0.0000e+00 | ewc 0.0000e+00 | val 4.4307e-04 | lr 2.50e-05 | 81.30s
2025-06-30 09:36:56,113 - Epoch 018 | task 5.6076e-04 | kd 0.0000e+00 | ewc 0.0000e+00 | val 4.2150e-04 | lr 2.50e-05 | 84.27s
2025-06-30 09:38:19,054 - Epoch 019 | task 5.3125e-04 | kd 0.0000e+00 | ewc 0.0000e+00 | val 4.3309e-04 | lr 1.25e-05 | 82.51s
2025-06-30 09:39:38,928 - Epoch 020 | task 5.0491e-04 | kd 0.0000e+00 | ewc 0.0000e+00 | val 3.9249e-04 | lr 1.25e-05 | 79.83s
2025-06-30 09:40:59,991 - Epoch 021 | task 4.9213e-04 | kd 0.0000e+00 | ewc 0.0000e+00 | val 3.9523e-04 | lr 1.25e-05 | 81.01s
2025-06-30 09:41:00,076 - Early stopping at epoch 21
2025-06-30 09:41:02,599 - [task0] Training completed.
2025-06-30 09:41:02,602 - [task0] Consolidating EWC...
2025-06-30 09:42:05,967 - [task0] Consolidation done.
2025-06-30 09:42:05,990 - [task0] Baseline evaluation on own task task0 ...
2025-06-30 09:42:11,204 - [task0 Baseline on task0] RMSE: 5.1834e-02, MAE: 4.5294e-02
2025-06-30 09:42:11,206 - [task0] Baseline testing completed.
2025-06-30 09:42:11,208 - [task0] ACC (-MAE): -4.5294e-02
2025-06-30 09:42:11,215 - [task0] Evaluating BEST checkpoint...
2025-06-30 09:42:19,843 - [task0 Evaluation on full test set] RMSE: 8.5567e-02, MAE: 6.7164e-02, R2: -0.0342
2025-06-30 09:42:19,845 - [task0] Evaluation completed.
2025-06-30 09:42:19,848 - [task1] Loading best checkpoint from previous task task0...
2025-06-30 09:42:21,742 - [task1 Pre-FWT baseline] RMSE: 5.6626e-02, MAE: 4.3428e-02
2025-06-30 09:42:21,745 - [task1] Training...
2025-06-30 09:42:21,747 - [task1] EWC active: {"Task 0": 7780.2}
2025-06-30 09:42:21,748 - [task1] This task will be stored with λ = 141.35935551752303
2025-06-30 09:42:21,749 - [task1] Training with alpha LWF = 1.92
2025-06-30 09:43:37,950 - Epoch 001 | task 9.0102e-03 | kd 5.8889e-03 | ewc 2.3662e-01 | val 1.4019e-03 | lr 1.00e-04 | 76.20s
2025-06-30 09:44:53,263 - Epoch 002 | task 6.4276e-03 | kd 3.3910e-03 | ewc 1.3694e-01 | val 1.3521e-03 | lr 1.00e-04 | 75.19s
2025-06-30 09:46:08,230 - Epoch 003 | task 4.9770e-03 | kd 2.0393e-03 | ewc 6.8606e-02 | val 8.9567e-04 | lr 1.00e-04 | 74.88s
2025-06-30 09:47:23,157 - Epoch 004 | task 4.0006e-03 | kd 1.1672e-03 | ewc 2.6404e-02 | val 7.4362e-04 | lr 1.00e-04 | 74.82s
2025-06-30 09:48:38,606 - Epoch 005 | task 3.3363e-03 | kd 6.8117e-04 | ewc 6.0397e-03 | val 6.8314e-04 | lr 1.00e-04 | 75.37s
2025-06-30 09:49:58,358 - Epoch 006 | task 3.0554e-03 | kd 5.2879e-04 | ewc 4.6211e-04 | val 5.8741e-04 | lr 1.00e-04 | 79.65s
2025-06-30 09:51:26,098 - Epoch 007 | task 2.9093e-03 | kd 5.1419e-04 | ewc 3.3410e-05 | val 5.8968e-04 | lr 1.00e-04 | 87.59s
2025-06-30 09:52:53,239 - Epoch 008 | task 2.8517e-03 | kd 5.2738e-04 | ewc 2.7155e-05 | val 5.9420e-04 | lr 1.00e-04 | 87.06s
2025-06-30 09:54:32,622 - Epoch 009 | task 2.9112e-03 | kd 5.1762e-04 | ewc 2.6734e-05 | val 7.0183e-04 | lr 1.00e-04 | 99.26s
2025-06-30 09:56:06,506 - Epoch 010 | task 2.6114e-03 | kd 5.8090e-04 | ewc 2.6295e-05 | val 6.5448e-04 | lr 1.00e-04 | 93.68s
2025-06-30 09:57:43,850 - Epoch 011 | task 2.5524e-03 | kd 5.8750e-04 | ewc 2.4912e-05 | val 7.5197e-04 | lr 1.00e-04 | 97.20s
2025-06-30 09:59:17,344 - Epoch 012 | task 2.5141e-03 | kd 5.8832e-04 | ewc 2.4102e-05 | val 7.0503e-04 | lr 5.00e-05 | 93.42s
2025-06-30 10:00:47,488 - Epoch 013 | task 2.4602e-03 | kd 5.9153e-04 | ewc 2.3685e-05 | val 7.6848e-04 | lr 5.00e-05 | 89.98s
2025-06-30 10:02:09,936 - Epoch 014 | task 2.4381e-03 | kd 5.9574e-04 | ewc 2.3295e-05 | val 7.9760e-04 | lr 5.00e-05 | 82.14s
2025-06-30 10:03:27,891 - Epoch 015 | task 2.4301e-03 | kd 5.9644e-04 | ewc 2.2776e-05 | val 8.5939e-04 | lr 5.00e-05 | 77.88s
2025-06-30 10:04:43,150 - Epoch 016 | task 2.4276e-03 | kd 5.9633e-04 | ewc 2.2329e-05 | val 6.5359e-04 | lr 5.00e-05 | 75.22s
2025-06-30 10:05:58,907 - Epoch 017 | task 2.4184e-03 | kd 5.9569e-04 | ewc 2.1965e-05 | val 1.0833e-03 | lr 5.00e-05 | 75.70s
2025-06-30 10:07:15,570 - Epoch 018 | task 2.4120e-03 | kd 5.9699e-04 | ewc 2.1824e-05 | val 9.2840e-04 | lr 2.50e-05 | 76.61s
2025-06-30 10:08:32,403 - Epoch 019 | task 2.3839e-03 | kd 5.9921e-04 | ewc 2.1694e-05 | val 1.4288e-03 | lr 2.50e-05 | 76.78s
2025-06-30 10:09:49,456 - Epoch 020 | task 2.3826e-03 | kd 5.9921e-04 | ewc 2.1478e-05 | val 1.3370e-03 | lr 2.50e-05 | 76.99s
2025-06-30 10:11:06,684 - Epoch 021 | task 2.3801e-03 | kd 5.9917e-04 | ewc 2.1287e-05 | val 1.3423e-03 | lr 2.50e-05 | 77.17s
2025-06-30 10:12:23,735 - Epoch 022 | task 2.3759e-03 | kd 6.0001e-04 | ewc 2.1151e-05 | val 1.7929e-03 | lr 2.50e-05 | 76.99s
2025-06-30 10:13:40,032 - Epoch 023 | task 2.3710e-03 | kd 6.0039e-04 | ewc 2.0800e-05 | val 1.6350e-03 | lr 2.50e-05 | 76.23s
2025-06-30 10:14:56,685 - Epoch 024 | task 2.3705e-03 | kd 6.0055e-04 | ewc 2.0776e-05 | val 1.7198e-03 | lr 1.25e-05 | 76.55s
2025-06-30 10:16:12,932 - Epoch 025 | task 2.3592e-03 | kd 6.0137e-04 | ewc 2.0623e-05 | val 1.9356e-03 | lr 1.25e-05 | 76.16s
2025-06-30 10:17:29,551 - Epoch 026 | task 2.3584e-03 | kd 6.0143e-04 | ewc 2.0524e-05 | val 1.9627e-03 | lr 1.25e-05 | 76.55s
2025-06-30 10:17:29,607 - Early stopping at epoch 26
2025-06-30 10:17:30,335 - [task1] Training completed.
2025-06-30 10:17:30,338 - [task1] Consolidating EWC...
2025-06-30 10:18:15,728 - [task1] Consolidation done.
2025-06-30 10:18:15,741 - [task1] Baseline evaluation on own task task1 ...
2025-06-30 10:18:19,578 - [task1 Baseline on task1] RMSE: 6.1407e-02, MAE: 5.5782e-02
2025-06-30 10:18:19,581 - [task1] Baseline testing completed.
2025-06-30 10:18:19,586 - [task1] Backward testing on previous task task0...
2025-06-30 10:18:24,511 - [task1 BACKWARD on task0] RMSE: 3.2856e-02, MAE: 2.7396e-02
2025-06-30 10:18:24,514 - [task1] ΔMAE on task0: -1.7899e-02
2025-06-30 10:18:24,515 - [task1] ACC (-MAE): -4.1589e-02
2025-06-30 10:18:24,517 - [task1] BWT: -1.7899e-02
2025-06-30 10:18:24,519 - [task1] FWT: -1.2355e-02
2025-06-30 10:18:24,524 - [task1] Evaluating BEST checkpoint...
2025-06-30 10:18:32,915 - [task1 Evaluation on full test set] RMSE: 8.4859e-02, MAE: 6.4598e-02, R2: -0.0172
2025-06-30 10:18:32,917 - [task1] Evaluation completed.
2025-06-30 10:18:32,920 - [task2] Loading best checkpoint from previous task task1...
2025-06-30 10:18:34,411 - [task2 Pre-FWT baseline] RMSE: 1.5680e-01, MAE: 1.5453e-01
2025-06-30 10:18:34,416 - [task2] Training...
2025-06-30 10:18:34,417 - [task2] EWC active: {"Task 0": 7780.2, "Task 1": 141.36}
2025-06-30 10:18:34,418 - [task2] This task will be stored with λ = 1000
2025-06-30 10:18:34,419 - [task2] Training with alpha LWF = 0.57
2025-06-30 10:19:28,663 - Epoch 001 | task 5.5908e-03 | kd 2.4583e-03 | ewc 1.2616e-04 | val 6.6629e-03 | lr 1.00e-04 | 54.24s
2025-06-30 10:20:23,391 - Epoch 002 | task 3.4854e-03 | kd 3.1252e-03 | ewc 1.0311e-04 | val 4.4460e-03 | lr 1.00e-04 | 54.62s
2025-06-30 10:21:18,464 - Epoch 003 | task 3.1014e-03 | kd 3.3651e-03 | ewc 8.9863e-05 | val 5.1229e-03 | lr 1.00e-04 | 54.92s
2025-06-30 10:22:11,995 - Epoch 004 | task 2.9196e-03 | kd 3.4105e-03 | ewc 8.4979e-05 | val 4.8023e-03 | lr 1.00e-04 | 53.46s
2025-06-30 10:23:05,872 - Epoch 005 | task 2.7900e-03 | kd 3.4512e-03 | ewc 8.5325e-05 | val 4.2404e-03 | lr 1.00e-04 | 53.79s
2025-06-30 10:23:59,783 - Epoch 006 | task 2.4651e-03 | kd 3.5469e-03 | ewc 8.0359e-05 | val 3.2006e-03 | lr 1.00e-04 | 53.77s
2025-06-30 10:24:53,576 - Epoch 007 | task 2.2750e-03 | kd 3.6159e-03 | ewc 7.5336e-05 | val 4.2515e-03 | lr 1.00e-04 | 53.68s
2025-06-30 10:25:47,125 - Epoch 008 | task 2.1877e-03 | kd 3.6451e-03 | ewc 7.2022e-05 | val 3.8847e-03 | lr 1.00e-04 | 53.50s
2025-06-30 10:26:40,927 - Epoch 009 | task 2.1370e-03 | kd 3.6615e-03 | ewc 6.9473e-05 | val 3.5713e-03 | lr 1.00e-04 | 53.75s
2025-06-30 10:27:34,862 - Epoch 010 | task 2.0847e-03 | kd 3.6763e-03 | ewc 6.7798e-05 | val 3.0280e-03 | lr 1.00e-04 | 53.88s
2025-06-30 10:28:30,031 - Epoch 011 | task 2.0503e-03 | kd 3.6709e-03 | ewc 6.6318e-05 | val 4.2130e-03 | lr 1.00e-04 | 55.02s
2025-06-30 10:29:24,336 - Epoch 012 | task 1.9719e-03 | kd 3.7090e-03 | ewc 6.4736e-05 | val 2.9272e-03 | lr 1.00e-04 | 54.25s
2025-06-30 10:30:19,520 - Epoch 013 | task 1.9723e-03 | kd 3.7086e-03 | ewc 6.3324e-05 | val 2.9171e-03 | lr 1.00e-04 | 55.02s
2025-06-30 10:31:13,956 - Epoch 014 | task 1.9114e-03 | kd 3.7369e-03 | ewc 6.2054e-05 | val 3.2437e-03 | lr 1.00e-04 | 54.31s
2025-06-30 10:32:08,619 - Epoch 015 | task 1.8890e-03 | kd 3.7497e-03 | ewc 6.1149e-05 | val 3.9528e-03 | lr 1.00e-04 | 54.52s
2025-06-30 10:33:02,430 - Epoch 016 | task 1.8768e-03 | kd 3.7484e-03 | ewc 6.0132e-05 | val 2.7133e-03 | lr 1.00e-04 | 53.76s
2025-06-30 10:33:56,684 - Epoch 017 | task 1.8470e-03 | kd 3.7553e-03 | ewc 5.9772e-05 | val 2.5304e-03 | lr 1.00e-04 | 54.14s
2025-06-30 10:34:53,485 - Epoch 018 | task 1.8216e-03 | kd 3.7786e-03 | ewc 5.8977e-05 | val 3.6721e-03 | lr 1.00e-04 | 53.90s
2025-06-30 10:35:47,540 - Epoch 019 | task 1.8423e-03 | kd 3.7724e-03 | ewc 5.8657e-05 | val 3.3292e-03 | lr 1.00e-04 | 54.00s
2025-06-30 10:36:43,753 - Epoch 020 | task 1.7659e-03 | kd 3.7949e-03 | ewc 5.8882e-05 | val 4.3142e-03 | lr 1.00e-04 | 56.16s
2025-06-30 10:37:37,782 - Epoch 021 | task 1.8387e-03 | kd 3.7838e-03 | ewc 5.8918e-05 | val 2.6612e-03 | lr 1.00e-04 | 53.98s
2025-06-30 10:38:32,394 - Epoch 022 | task 1.8298e-03 | kd 3.8027e-03 | ewc 5.9531e-05 | val 2.3445e-03 | lr 1.00e-04 | 54.54s
2025-06-30 10:39:27,006 - Epoch 023 | task 1.7704e-03 | kd 3.8082e-03 | ewc 5.9318e-05 | val 2.7714e-03 | lr 1.00e-04 | 54.44s
2025-06-30 10:40:21,209 - Epoch 024 | task 1.8038e-03 | kd 3.8123e-03 | ewc 5.9519e-05 | val 4.6190e-03 | lr 1.00e-04 | 54.15s
2025-06-30 10:41:15,122 - Epoch 025 | task 1.9657e-03 | kd 3.8272e-03 | ewc 6.0855e-05 | val 3.1428e-03 | lr 1.00e-04 | 53.86s
2025-06-30 10:42:08,855 - Epoch 026 | task 1.8380e-03 | kd 3.8094e-03 | ewc 6.1573e-05 | val 2.3597e-03 | lr 1.00e-04 | 53.66s
2025-06-30 10:43:03,046 - Epoch 027 | task 1.6993e-03 | kd 3.8469e-03 | ewc 5.8403e-05 | val 2.1677e-03 | lr 1.00e-04 | 54.14s
2025-06-30 10:43:56,841 - Epoch 028 | task 1.7426e-03 | kd 3.8411e-03 | ewc 5.7959e-05 | val 2.8171e-03 | lr 1.00e-04 | 53.66s
2025-06-30 10:44:48,865 - Epoch 029 | task 1.6676e-03 | kd 3.8387e-03 | ewc 5.8157e-05 | val 2.2653e-03 | lr 1.00e-04 | 51.98s
2025-06-30 10:45:41,808 - Epoch 030 | task 1.7494e-03 | kd 3.8416e-03 | ewc 5.8038e-05 | val 2.1522e-03 | lr 1.00e-04 | 52.89s
2025-06-30 10:46:35,878 - Epoch 031 | task 1.6685e-03 | kd 3.8532e-03 | ewc 5.7365e-05 | val 2.3630e-03 | lr 1.00e-04 | 53.96s
2025-06-30 10:47:31,385 - Epoch 032 | task 1.6566e-03 | kd 3.8622e-03 | ewc 5.6825e-05 | val 2.5260e-03 | lr 1.00e-04 | 54.15s
2025-06-30 10:48:34,923 - Epoch 033 | task 1.6129e-03 | kd 3.8654e-03 | ewc 5.5793e-05 | val 2.1158e-03 | lr 1.00e-04 | 63.44s
2025-06-30 10:49:43,640 - Epoch 034 | task 1.6162e-03 | kd 3.8670e-03 | ewc 5.5111e-05 | val 2.5297e-03 | lr 1.00e-04 | 68.54s
2025-06-30 10:50:49,976 - Epoch 035 | task 1.6042e-03 | kd 3.8759e-03 | ewc 5.4388e-05 | val 2.1922e-03 | lr 1.00e-04 | 66.15s
2025-06-30 10:52:01,316 - Epoch 036 | task 1.7153e-03 | kd 3.8620e-03 | ewc 5.5199e-05 | val 2.2767e-03 | lr 1.00e-04 | 71.20s
2025-06-30 10:53:15,975 - Epoch 037 | task 1.6819e-03 | kd 3.8802e-03 | ewc 5.5799e-05 | val 2.0741e-03 | lr 1.00e-04 | 74.44s
2025-06-30 10:54:27,546 - Epoch 038 | task 1.6041e-03 | kd 3.8794e-03 | ewc 5.4516e-05 | val 1.9589e-03 | lr 1.00e-04 | 71.24s
2025-06-30 10:55:40,488 - Epoch 039 | task 1.6194e-03 | kd 3.8624e-03 | ewc 5.3782e-05 | val 2.3194e-03 | lr 1.00e-04 | 72.73s
2025-06-30 10:56:51,114 - Epoch 040 | task 1.5642e-03 | kd 3.8793e-03 | ewc 5.3195e-05 | val 1.8013e-03 | lr 1.00e-04 | 70.41s
2025-06-30 10:58:01,423 - Epoch 041 | task 1.5928e-03 | kd 3.8859e-03 | ewc 5.3254e-05 | val 1.7876e-03 | lr 1.00e-04 | 69.97s
2025-06-30 10:59:12,642 - Epoch 042 | task 1.7519e-03 | kd 3.8822e-03 | ewc 5.7176e-05 | val 2.0358e-03 | lr 1.00e-04 | 70.99s
2025-06-30 11:00:25,758 - Epoch 043 | task 1.8363e-03 | kd 3.8334e-03 | ewc 5.4626e-05 | val 2.1079e-03 | lr 1.00e-04 | 72.89s
2025-06-30 11:01:39,819 - Epoch 044 | task 1.5472e-03 | kd 3.8918e-03 | ewc 5.2028e-05 | val 1.8620e-03 | lr 1.00e-04 | 73.83s
2025-06-30 11:02:41,662 - Epoch 045 | task 1.6086e-03 | kd 3.8787e-03 | ewc 5.1795e-05 | val 1.8465e-03 | lr 1.00e-04 | 61.61s
2025-06-30 11:03:38,573 - Epoch 046 | task 1.5964e-03 | kd 3.8812e-03 | ewc 5.1587e-05 | val 1.7290e-03 | lr 1.00e-04 | 56.84s
2025-06-30 11:04:32,347 - Epoch 047 | task 1.5558e-03 | kd 3.8899e-03 | ewc 5.1223e-05 | val 1.4804e-03 | lr 1.00e-04 | 53.62s
2025-06-30 11:05:25,255 - Epoch 048 | task 1.5769e-03 | kd 3.8879e-03 | ewc 5.1042e-05 | val 1.7635e-03 | lr 1.00e-04 | 52.79s
2025-06-30 11:06:18,169 - Epoch 049 | task 2.8394e-03 | kd 3.4871e-03 | ewc 5.8474e-05 | val 2.4468e-03 | lr 1.00e-04 | 52.86s
2025-06-30 11:07:14,030 - Epoch 050 | task 1.7741e-03 | kd 3.7927e-03 | ewc 5.7036e-05 | val 2.5913e-03 | lr 1.00e-04 | 55.81s
2025-06-30 11:08:08,893 - Epoch 051 | task 1.6159e-03 | kd 3.8617e-03 | ewc 5.4680e-05 | val 2.0243e-03 | lr 1.00e-04 | 54.80s
2025-06-30 11:09:03,712 - Epoch 052 | task 1.5783e-03 | kd 3.8740e-03 | ewc 5.3949e-05 | val 1.8367e-03 | lr 1.00e-04 | 54.75s
2025-06-30 11:09:58,606 - Epoch 053 | task 1.5901e-03 | kd 3.8800e-03 | ewc 5.3428e-05 | val 2.8709e-03 | lr 5.00e-05 | 54.83s
2025-06-30 11:10:53,006 - Epoch 054 | task 1.5621e-03 | kd 3.9016e-03 | ewc 5.4458e-05 | val 1.8034e-03 | lr 5.00e-05 | 54.34s
2025-06-30 11:11:47,518 - Epoch 055 | task 1.4893e-03 | kd 3.8973e-03 | ewc 5.2485e-05 | val 2.5276e-03 | lr 5.00e-05 | 54.44s
2025-06-30 11:12:42,080 - Epoch 056 | task 1.5005e-03 | kd 3.8935e-03 | ewc 5.1650e-05 | val 1.9801e-03 | lr 5.00e-05 | 54.49s
2025-06-30 11:13:36,656 - Epoch 057 | task 1.4842e-03 | kd 3.9007e-03 | ewc 5.0715e-05 | val 2.1126e-03 | lr 5.00e-05 | 54.52s
2025-06-30 11:14:31,189 - Epoch 058 | task 1.5018e-03 | kd 3.8967e-03 | ewc 5.0134e-05 | val 1.8318e-03 | lr 5.00e-05 | 54.46s
2025-06-30 11:15:26,165 - Epoch 059 | task 1.5129e-03 | kd 3.8867e-03 | ewc 4.9709e-05 | val 2.1175e-03 | lr 2.50e-05 | 54.56s
2025-06-30 11:16:21,135 - Epoch 060 | task 1.4542e-03 | kd 3.9034e-03 | ewc 4.9188e-05 | val 1.7529e-03 | lr 2.50e-05 | 54.89s
2025-06-30 11:17:16,157 - Epoch 061 | task 1.4503e-03 | kd 3.9109e-03 | ewc 4.8775e-05 | val 1.9778e-03 | lr 2.50e-05 | 54.96s
2025-06-30 11:18:10,963 - Epoch 062 | task 1.4574e-03 | kd 3.9049e-03 | ewc 4.8293e-05 | val 2.0743e-03 | lr 2.50e-05 | 54.62s
2025-06-30 11:19:05,276 - Epoch 063 | task 1.4545e-03 | kd 3.9099e-03 | ewc 4.7974e-05 | val 1.8763e-03 | lr 2.50e-05 | 54.25s
2025-06-30 11:19:59,871 - Epoch 064 | task 1.4474e-03 | kd 3.9117e-03 | ewc 4.7619e-05 | val 1.9190e-03 | lr 2.50e-05 | 54.54s
2025-06-30 11:20:54,413 - Epoch 065 | task 1.4468e-03 | kd 3.9096e-03 | ewc 4.7255e-05 | val 1.8404e-03 | lr 1.25e-05 | 54.45s
2025-06-30 11:21:49,058 - Epoch 066 | task 1.4435e-03 | kd 3.9100e-03 | ewc 4.6948e-05 | val 1.9781e-03 | lr 1.25e-05 | 54.59s
2025-06-30 11:22:43,955 - Epoch 067 | task 1.4321e-03 | kd 3.9174e-03 | ewc 4.6797e-05 | val 2.1385e-03 | lr 1.25e-05 | 54.82s
2025-06-30 11:22:44,056 - Early stopping at epoch 67
2025-06-30 11:22:45,008 - [task2] Training completed.
2025-06-30 11:22:45,018 - [task2] Consolidating EWC...
2025-06-30 11:23:18,202 - [task2] Consolidation done.
2025-06-30 11:23:18,206 - [task2] Baseline evaluation on own task task2 ...
2025-06-30 11:23:22,141 - [task2 Baseline on task2] RMSE: 1.1000e-02, MAE: 7.4977e-03
2025-06-30 11:23:22,143 - [task2] Baseline testing completed.
2025-06-30 11:23:22,147 - [task2] Backward testing on previous task task0...
2025-06-30 11:23:27,350 - [task2 BACKWARD on task0] RMSE: 2.9275e-02, MAE: 2.5918e-02
2025-06-30 11:23:27,357 - [task2] Backward testing on previous task task1...
2025-06-30 11:23:31,163 - [task2 BACKWARD on task1] RMSE: 2.2559e-02, MAE: 1.8300e-02
2025-06-30 11:23:31,165 - [task2] ΔMAE on task0: -1.9376e-02
2025-06-30 11:23:31,166 - [task2] ΔMAE on task1: -3.7483e-02
2025-06-30 11:23:31,168 - [task2] ACC (-MAE): -1.7239e-02
2025-06-30 11:23:31,169 - [task2] BWT: -2.8429e-02
2025-06-30 11:23:31,172 - [task2] FWT: +1.4703e-01
2025-06-30 11:23:31,176 - [task2] Evaluating BEST checkpoint...
2025-06-30 11:23:39,778 - [task2 Evaluation on full test set] RMSE: 2.4093e-02, MAE: 1.9422e-02, R2: 0.9180
2025-06-30 11:23:39,780 - [task2] Evaluation completed.
2025-06-30 11:23:39,817 - Saved ACC/BWT/FWT history to /beegfs/home/users/z/zzhuqshun/Thesis/04_NNs/model/ewc_trial2/incremental/continual_metrics.csv
2025-06-30 11:23:40,504 - ==== All tasks completed ====
