2025-07-22 16:54:40,780 - Using device: cuda
2025-07-22 16:56:12,735 - Incremental training - Task 0 Train IDs: ['03', '05', '07', '27'], size: 92079
2025-07-22 16:56:12,737 - Incremental training - Task 0 Val IDs: ['01'], size: 28612
2025-07-22 16:56:12,738 - Incremental training - Task 1 Train IDs: ['21', '23', '25'], size: 65674
2025-07-22 16:56:12,739 - Incremental training - Task 1 Val IDs: ['19'], size: 23120
2025-07-22 16:56:12,740 - Incremental training - Task 2 Train IDs: ['09', '11', '15', '29'], size: 47891
2025-07-22 16:56:12,741 - Incremental training - Task 2 Val IDs: ['13'], size: 6445
2025-07-22 16:56:12,742 - Incremental training - Test ID: 17, size: 22872
2025-07-22 16:56:12,743 - Incremental training - Test Task 0 size: 11139
2025-07-22 16:56:12,745 - Incremental training - Test Task 1 size: 6312
2025-07-22 16:56:12,746 - Incremental training - Test Task 2 size: 5421
2025-07-22 16:56:12,758 -   (Scaler) Scaler centers: [ 3.31975183  0.         27.55116667]
2025-07-22 16:56:12,763 -   (Scaler) Scaler scales: [0.20016217 1.86108033 1.05333333]
2025-07-22 16:56:12,817 - 
==================================================
2025-07-22 16:56:12,818 - Starting task0
2025-07-22 16:56:12,819 - ==================================================
2025-07-22 16:56:12,849 - Training task0
2025-07-22 16:59:22,461 - Epoch 000 | Train Loss: 3.8185e-02 | Val Loss: 3.9701e-04 | LR: 1.00e-04
2025-07-22 17:00:47,385 - Epoch 001 | Train Loss: 7.2809e-03 | Val Loss: 1.2390e-03 | LR: 1.00e-04
2025-07-22 17:02:11,480 - Epoch 002 | Train Loss: 5.3336e-03 | Val Loss: 4.1007e-04 | LR: 1.00e-04
2025-07-22 17:03:35,962 - Epoch 003 | Train Loss: 4.3114e-03 | Val Loss: 5.2683e-04 | LR: 1.00e-04
2025-07-22 17:05:00,623 - Epoch 004 | Train Loss: 3.4078e-03 | Val Loss: 4.0077e-04 | LR: 1.00e-04
2025-07-22 17:06:25,251 - Epoch 005 | Train Loss: 2.6546e-03 | Val Loss: 4.2909e-04 | LR: 1.00e-04
2025-07-22 17:07:50,368 - Epoch 006 | Train Loss: 2.0628e-03 | Val Loss: 4.1929e-04 | LR: 5.00e-05
2025-07-22 17:09:14,846 - Epoch 007 | Train Loss: 1.6437e-03 | Val Loss: 4.1027e-04 | LR: 5.00e-05
2025-07-22 17:10:39,002 - Epoch 008 | Train Loss: 1.3989e-03 | Val Loss: 4.0465e-04 | LR: 5.00e-05
2025-07-22 17:12:03,394 - Epoch 009 | Train Loss: 1.1847e-03 | Val Loss: 5.2821e-04 | LR: 5.00e-05
2025-07-22 17:13:29,151 - Epoch 010 | Train Loss: 1.0242e-03 | Val Loss: 4.1433e-04 | LR: 5.00e-05
2025-07-22 17:14:55,438 - Epoch 011 | Train Loss: 8.8463e-04 | Val Loss: 4.8046e-04 | LR: 5.00e-05
2025-07-22 17:16:23,378 - Epoch 012 | Train Loss: 7.6670e-04 | Val Loss: 4.4364e-04 | LR: 2.50e-05
2025-07-22 17:17:50,538 - Epoch 013 | Train Loss: 6.8916e-04 | Val Loss: 4.5429e-04 | LR: 2.50e-05
2025-07-22 17:19:16,753 - Epoch 014 | Train Loss: 6.5441e-04 | Val Loss: 4.0813e-04 | LR: 2.50e-05
2025-07-22 17:20:42,255 - Epoch 015 | Train Loss: 6.1887e-04 | Val Loss: 4.5552e-04 | LR: 2.50e-05
2025-07-22 17:22:07,381 - Epoch 016 | Train Loss: 5.8771e-04 | Val Loss: 4.4893e-04 | LR: 2.50e-05
2025-07-22 17:23:32,002 - Epoch 017 | Train Loss: 5.6182e-04 | Val Loss: 4.4863e-04 | LR: 2.50e-05
2025-07-22 17:24:56,942 - Epoch 018 | Train Loss: 5.3662e-04 | Val Loss: 4.3634e-04 | LR: 1.25e-05
2025-07-22 17:26:25,078 - Epoch 019 | Train Loss: 5.0902e-04 | Val Loss: 4.3794e-04 | LR: 1.25e-05
2025-07-22 17:27:49,744 - Epoch 020 | Train Loss: 4.9672e-04 | Val Loss: 3.9440e-04 | LR: 1.25e-05
2025-07-22 17:29:14,655 - Epoch 021 | Train Loss: 4.8163e-04 | Val Loss: 3.8731e-04 | LR: 1.25e-05
2025-07-22 17:30:51,381 - Epoch 022 | Train Loss: 4.6823e-04 | Val Loss: 4.1554e-04 | LR: 1.25e-05
2025-07-22 17:32:17,619 - Epoch 023 | Train Loss: 4.0172e-04 | Val Loss: 1.0952e-03 | LR: 1.25e-05
2025-07-22 17:33:44,527 - Epoch 024 | Train Loss: 3.2500e-04 | Val Loss: 6.6763e-04 | LR: 1.25e-05
2025-07-22 17:35:09,823 - Epoch 025 | Train Loss: 2.9481e-04 | Val Loss: 6.9162e-04 | LR: 1.25e-05
2025-07-22 17:36:35,346 - Epoch 026 | Train Loss: 2.7917e-04 | Val Loss: 6.5801e-04 | LR: 1.25e-05
2025-07-22 17:38:01,393 - Epoch 027 | Train Loss: 2.6036e-04 | Val Loss: 5.1247e-04 | LR: 6.25e-06
2025-07-22 17:39:28,550 - Epoch 028 | Train Loss: 2.3755e-04 | Val Loss: 4.9484e-04 | LR: 6.25e-06
2025-07-22 17:40:56,254 - Epoch 029 | Train Loss: 2.2858e-04 | Val Loss: 4.9019e-04 | LR: 6.25e-06
2025-07-22 17:42:23,404 - Epoch 030 | Train Loss: 2.1826e-04 | Val Loss: 4.7769e-04 | LR: 6.25e-06
2025-07-22 17:43:49,667 - Epoch 031 | Train Loss: 2.1277e-04 | Val Loss: 4.6255e-04 | LR: 6.25e-06
2025-07-22 17:45:14,654 - Epoch 032 | Train Loss: 2.0780e-04 | Val Loss: 5.2453e-04 | LR: 6.25e-06
2025-07-22 17:46:38,650 - Epoch 033 | Train Loss: 2.0206e-04 | Val Loss: 6.0088e-04 | LR: 3.13e-06
2025-07-22 17:48:01,873 - Epoch 034 | Train Loss: 1.9538e-04 | Val Loss: 5.9399e-04 | LR: 3.13e-06
2025-07-22 17:49:25,614 - Epoch 035 | Train Loss: 1.9295e-04 | Val Loss: 5.4762e-04 | LR: 3.13e-06
2025-07-22 17:50:49,188 - Epoch 036 | Train Loss: 1.9009e-04 | Val Loss: 6.5012e-04 | LR: 3.13e-06
2025-07-22 17:52:13,118 - Epoch 037 | Train Loss: 1.8772e-04 | Val Loss: 6.8606e-04 | LR: 3.13e-06
2025-07-22 17:53:37,741 - Epoch 038 | Train Loss: 1.8481e-04 | Val Loss: 6.5710e-04 | LR: 3.13e-06
2025-07-22 17:55:01,891 - Epoch 039 | Train Loss: 1.8222e-04 | Val Loss: 6.4095e-04 | LR: 1.56e-06
2025-07-22 17:56:26,127 - Epoch 040 | Train Loss: 1.7913e-04 | Val Loss: 6.6573e-04 | LR: 1.56e-06
2025-07-22 17:57:49,721 - Epoch 041 | Train Loss: 1.7879e-04 | Val Loss: 6.4861e-04 | LR: 1.56e-06
2025-07-22 17:57:49,726 - Early stopping at epoch 41
2025-07-22 17:57:49,778 - task0 training completed
2025-07-22 17:57:49,781 - 
==================================================
2025-07-22 17:57:49,785 - Starting task1
2025-07-22 17:57:49,789 - ==================================================
2025-07-22 17:57:49,884 - Training task1
2025-07-22 17:58:51,830 - Epoch 000 | Train Loss: 2.1148e-03 | Val Loss: 1.3391e-03 | LR: 1.00e-04
2025-07-22 17:59:52,896 - Epoch 001 | Train Loss: 1.0077e-03 | Val Loss: 1.6039e-03 | LR: 1.00e-04
2025-07-22 18:00:53,219 - Epoch 002 | Train Loss: 8.7839e-04 | Val Loss: 2.2958e-03 | LR: 1.00e-04
2025-07-22 18:01:54,137 - Epoch 003 | Train Loss: 6.5359e-04 | Val Loss: 2.4718e-03 | LR: 1.00e-04
2025-07-22 18:02:55,475 - Epoch 004 | Train Loss: 6.0254e-04 | Val Loss: 2.6636e-03 | LR: 1.00e-04
2025-07-22 18:03:56,619 - Epoch 005 | Train Loss: 5.5803e-04 | Val Loss: 2.6428e-03 | LR: 1.00e-04
2025-07-22 18:04:57,834 - Epoch 006 | Train Loss: 5.3686e-04 | Val Loss: 2.3301e-03 | LR: 5.00e-05
2025-07-22 18:05:59,484 - Epoch 007 | Train Loss: 3.6043e-04 | Val Loss: 2.8174e-03 | LR: 5.00e-05
2025-07-22 18:07:00,272 - Epoch 008 | Train Loss: 3.4668e-04 | Val Loss: 3.2241e-03 | LR: 5.00e-05
2025-07-22 18:08:00,782 - Epoch 009 | Train Loss: 3.2532e-04 | Val Loss: 3.1660e-03 | LR: 5.00e-05
2025-07-22 18:09:01,905 - Epoch 010 | Train Loss: 3.1700e-04 | Val Loss: 3.3476e-03 | LR: 5.00e-05
2025-07-22 18:10:02,544 - Epoch 011 | Train Loss: 2.9251e-04 | Val Loss: 2.5506e-03 | LR: 5.00e-05
2025-07-22 18:11:03,187 - Epoch 012 | Train Loss: 2.9237e-04 | Val Loss: 3.3794e-03 | LR: 2.50e-05
2025-07-22 18:12:03,796 - Epoch 013 | Train Loss: 2.4577e-04 | Val Loss: 3.2137e-03 | LR: 2.50e-05
2025-07-22 18:13:04,868 - Epoch 014 | Train Loss: 2.3658e-04 | Val Loss: 3.9300e-03 | LR: 2.50e-05
2025-07-22 18:14:05,453 - Epoch 015 | Train Loss: 2.4021e-04 | Val Loss: 3.7906e-03 | LR: 2.50e-05
2025-07-22 18:15:06,857 - Epoch 016 | Train Loss: 2.3049e-04 | Val Loss: 3.5945e-03 | LR: 2.50e-05
2025-07-22 18:16:07,126 - Epoch 017 | Train Loss: 2.3187e-04 | Val Loss: 4.1813e-03 | LR: 2.50e-05
2025-07-22 18:17:06,767 - Epoch 018 | Train Loss: 2.2395e-04 | Val Loss: 3.9660e-03 | LR: 1.25e-05
2025-07-22 18:18:07,731 - Epoch 019 | Train Loss: 2.1006e-04 | Val Loss: 3.9197e-03 | LR: 1.25e-05
2025-07-22 18:19:12,458 - Epoch 020 | Train Loss: 1.9994e-04 | Val Loss: 4.0839e-03 | LR: 1.25e-05
2025-07-22 18:19:12,462 - Early stopping at epoch 20
2025-07-22 18:19:12,528 - task1 training completed
2025-07-22 18:19:12,532 - 
==================================================
2025-07-22 18:19:12,536 - Starting task2
2025-07-22 18:19:12,541 - ==================================================
2025-07-22 18:19:12,587 - Training task2
2025-07-22 18:19:58,123 - Epoch 000 | Train Loss: 2.6156e-03 | Val Loss: 1.6297e-03 | LR: 1.00e-04
2025-07-22 18:20:43,608 - Epoch 001 | Train Loss: 1.4957e-03 | Val Loss: 1.3098e-03 | LR: 1.00e-04
2025-07-22 18:21:31,211 - Epoch 002 | Train Loss: 1.3157e-03 | Val Loss: 1.2676e-03 | LR: 1.00e-04
2025-07-22 18:22:22,475 - Epoch 003 | Train Loss: 1.2399e-03 | Val Loss: 1.8980e-03 | LR: 1.00e-04
2025-07-22 18:23:15,208 - Epoch 004 | Train Loss: 1.1581e-03 | Val Loss: 1.1663e-03 | LR: 1.00e-04
2025-07-22 18:24:10,028 - Epoch 005 | Train Loss: 1.0640e-03 | Val Loss: 1.1528e-03 | LR: 1.00e-04
2025-07-22 18:25:04,303 - Epoch 006 | Train Loss: 1.1180e-03 | Val Loss: 1.7454e-03 | LR: 1.00e-04
2025-07-22 18:26:01,679 - Epoch 007 | Train Loss: 9.6202e-04 | Val Loss: 1.7891e-03 | LR: 1.00e-04
2025-07-22 18:27:01,337 - Epoch 008 | Train Loss: 9.9951e-04 | Val Loss: 1.2381e-03 | LR: 1.00e-04
2025-07-22 18:28:06,318 - Epoch 009 | Train Loss: 8.7619e-04 | Val Loss: 1.6939e-03 | LR: 1.00e-04
2025-07-22 18:29:06,440 - Epoch 010 | Train Loss: 8.7166e-04 | Val Loss: 1.5406e-03 | LR: 1.00e-04
2025-07-22 18:30:03,274 - Epoch 011 | Train Loss: 8.8653e-04 | Val Loss: 1.5418e-03 | LR: 5.00e-05
2025-07-22 18:30:58,216 - Epoch 012 | Train Loss: 6.6027e-04 | Val Loss: 1.1302e-03 | LR: 5.00e-05
2025-07-22 18:31:54,658 - Epoch 013 | Train Loss: 6.5692e-04 | Val Loss: 1.2787e-03 | LR: 5.00e-05
2025-07-22 18:32:48,664 - Epoch 014 | Train Loss: 6.4640e-04 | Val Loss: 1.1374e-03 | LR: 5.00e-05
2025-07-22 18:33:41,697 - Epoch 015 | Train Loss: 6.2822e-04 | Val Loss: 1.2389e-03 | LR: 5.00e-05
2025-07-22 18:34:36,627 - Epoch 016 | Train Loss: 6.0073e-04 | Val Loss: 1.1606e-03 | LR: 5.00e-05
2025-07-22 18:35:31,004 - Epoch 017 | Train Loss: 5.8988e-04 | Val Loss: 1.3604e-03 | LR: 5.00e-05
2025-07-22 18:36:25,749 - Epoch 018 | Train Loss: 6.0001e-04 | Val Loss: 1.1834e-03 | LR: 2.50e-05
2025-07-22 18:37:19,650 - Epoch 019 | Train Loss: 5.3789e-04 | Val Loss: 1.1515e-03 | LR: 2.50e-05
2025-07-22 18:38:14,234 - Epoch 020 | Train Loss: 5.2581e-04 | Val Loss: 1.0609e-03 | LR: 2.50e-05
2025-07-22 18:39:07,408 - Epoch 021 | Train Loss: 5.2421e-04 | Val Loss: 1.2955e-03 | LR: 2.50e-05
2025-07-22 18:40:00,660 - Epoch 022 | Train Loss: 5.1044e-04 | Val Loss: 1.1603e-03 | LR: 2.50e-05
2025-07-22 18:40:56,510 - Epoch 023 | Train Loss: 5.0655e-04 | Val Loss: 9.9446e-04 | LR: 2.50e-05
2025-07-22 18:41:52,063 - Epoch 024 | Train Loss: 4.9535e-04 | Val Loss: 1.0211e-03 | LR: 2.50e-05
2025-07-22 18:42:45,192 - Epoch 025 | Train Loss: 4.9537e-04 | Val Loss: 1.5868e-03 | LR: 2.50e-05
2025-07-22 18:43:43,192 - Epoch 026 | Train Loss: 4.9848e-04 | Val Loss: 1.1865e-03 | LR: 2.50e-05
2025-07-22 18:44:37,484 - Epoch 027 | Train Loss: 4.8224e-04 | Val Loss: 1.2031e-03 | LR: 2.50e-05
2025-07-22 18:45:27,691 - Epoch 028 | Train Loss: 4.6192e-04 | Val Loss: 1.0148e-03 | LR: 2.50e-05
2025-07-22 18:46:18,020 - Epoch 029 | Train Loss: 4.7122e-04 | Val Loss: 1.2691e-03 | LR: 1.25e-05
2025-07-22 18:47:11,596 - Epoch 030 | Train Loss: 4.4741e-04 | Val Loss: 1.1552e-03 | LR: 1.25e-05
2025-07-22 18:48:04,846 - Epoch 031 | Train Loss: 4.3775e-04 | Val Loss: 9.6245e-04 | LR: 1.25e-05
2025-07-22 18:48:57,124 - Epoch 032 | Train Loss: 4.3508e-04 | Val Loss: 1.0464e-03 | LR: 1.25e-05
2025-07-22 18:49:48,941 - Epoch 033 | Train Loss: 4.2837e-04 | Val Loss: 9.8337e-04 | LR: 1.25e-05
2025-07-22 18:50:41,874 - Epoch 034 | Train Loss: 4.2875e-04 | Val Loss: 1.0709e-03 | LR: 1.25e-05
2025-07-22 18:51:35,028 - Epoch 035 | Train Loss: 4.2246e-04 | Val Loss: 1.1031e-03 | LR: 1.25e-05
2025-07-22 18:52:27,731 - Epoch 036 | Train Loss: 4.1967e-04 | Val Loss: 9.8145e-04 | LR: 1.25e-05
2025-07-22 18:53:30,605 - Epoch 037 | Train Loss: 4.1214e-04 | Val Loss: 1.0377e-03 | LR: 6.25e-06
2025-07-22 18:54:39,008 - Epoch 038 | Train Loss: 4.0135e-04 | Val Loss: 1.0318e-03 | LR: 6.25e-06
2025-07-22 18:55:32,165 - Epoch 039 | Train Loss: 3.9782e-04 | Val Loss: 9.7469e-04 | LR: 6.25e-06
2025-07-22 18:56:32,290 - Epoch 040 | Train Loss: 3.9906e-04 | Val Loss: 1.0366e-03 | LR: 6.25e-06
2025-07-22 18:57:19,445 - Epoch 041 | Train Loss: 3.9410e-04 | Val Loss: 1.0147e-03 | LR: 6.25e-06
2025-07-22 18:58:06,823 - Epoch 042 | Train Loss: 3.9538e-04 | Val Loss: 9.6546e-04 | LR: 6.25e-06
2025-07-22 18:58:53,751 - Epoch 043 | Train Loss: 3.9314e-04 | Val Loss: 9.9429e-04 | LR: 3.13e-06
2025-07-22 18:59:40,747 - Epoch 044 | Train Loss: 3.8593e-04 | Val Loss: 9.3836e-04 | LR: 3.13e-06
2025-07-22 19:00:27,879 - Epoch 045 | Train Loss: 3.8687e-04 | Val Loss: 9.6430e-04 | LR: 3.13e-06
2025-07-22 19:01:17,398 - Epoch 046 | Train Loss: 3.8008e-04 | Val Loss: 9.8993e-04 | LR: 3.13e-06
2025-07-22 19:01:59,722 - Epoch 047 | Train Loss: 3.8210e-04 | Val Loss: 9.2623e-04 | LR: 3.13e-06
2025-07-22 19:02:41,829 - Epoch 048 | Train Loss: 3.7921e-04 | Val Loss: 9.8204e-04 | LR: 3.13e-06
2025-07-22 19:03:23,905 - Epoch 049 | Train Loss: 3.7942e-04 | Val Loss: 9.8021e-04 | LR: 3.13e-06
2025-07-22 19:04:06,567 - Epoch 050 | Train Loss: 3.7818e-04 | Val Loss: 9.1876e-04 | LR: 3.13e-06
2025-07-22 19:04:47,860 - Epoch 051 | Train Loss: 3.7777e-04 | Val Loss: 9.6263e-04 | LR: 3.13e-06
2025-07-22 19:05:28,173 - Epoch 052 | Train Loss: 3.7670e-04 | Val Loss: 9.8338e-04 | LR: 3.13e-06
2025-07-22 19:06:08,646 - Epoch 053 | Train Loss: 3.7518e-04 | Val Loss: 9.3286e-04 | LR: 3.13e-06
2025-07-22 19:06:49,621 - Epoch 054 | Train Loss: 3.7687e-04 | Val Loss: 9.9359e-04 | LR: 3.13e-06
2025-07-22 19:07:30,708 - Epoch 055 | Train Loss: 3.7360e-04 | Val Loss: 9.5760e-04 | LR: 3.13e-06
2025-07-22 19:08:11,823 - Epoch 056 | Train Loss: 3.7369e-04 | Val Loss: 9.2257e-04 | LR: 1.56e-06
2025-07-22 19:08:52,611 - Epoch 057 | Train Loss: 3.6778e-04 | Val Loss: 9.4991e-04 | LR: 1.56e-06
2025-07-22 19:09:33,627 - Epoch 058 | Train Loss: 3.6801e-04 | Val Loss: 9.1469e-04 | LR: 1.56e-06
2025-07-22 19:10:14,672 - Epoch 059 | Train Loss: 3.6929e-04 | Val Loss: 9.1315e-04 | LR: 1.56e-06
2025-07-22 19:10:55,810 - Epoch 060 | Train Loss: 3.6571e-04 | Val Loss: 9.2684e-04 | LR: 1.56e-06
2025-07-22 19:11:36,896 - Epoch 061 | Train Loss: 3.6880e-04 | Val Loss: 9.3783e-04 | LR: 1.56e-06
2025-07-22 19:12:17,841 - Epoch 062 | Train Loss: 3.6895e-04 | Val Loss: 9.3043e-04 | LR: 1.56e-06
2025-07-22 19:12:58,819 - Epoch 063 | Train Loss: 3.6401e-04 | Val Loss: 9.1199e-04 | LR: 1.56e-06
2025-07-22 19:13:39,849 - Epoch 064 | Train Loss: 3.6262e-04 | Val Loss: 9.1520e-04 | LR: 1.56e-06
2025-07-22 19:14:20,814 - Epoch 065 | Train Loss: 3.6474e-04 | Val Loss: 9.3721e-04 | LR: 1.56e-06
2025-07-22 19:15:01,770 - Epoch 066 | Train Loss: 3.6619e-04 | Val Loss: 9.6628e-04 | LR: 1.56e-06
2025-07-22 19:15:42,647 - Epoch 067 | Train Loss: 3.6495e-04 | Val Loss: 8.9559e-04 | LR: 1.56e-06
2025-07-22 19:16:23,764 - Epoch 068 | Train Loss: 3.6502e-04 | Val Loss: 9.3809e-04 | LR: 1.56e-06
2025-07-22 19:17:04,652 - Epoch 069 | Train Loss: 3.6478e-04 | Val Loss: 8.9511e-04 | LR: 1.56e-06
2025-07-22 19:17:45,594 - Epoch 070 | Train Loss: 3.6518e-04 | Val Loss: 9.1424e-04 | LR: 1.56e-06
2025-07-22 19:18:26,528 - Epoch 071 | Train Loss: 3.6302e-04 | Val Loss: 9.2897e-04 | LR: 1.56e-06
2025-07-22 19:19:07,513 - Epoch 072 | Train Loss: 3.5974e-04 | Val Loss: 9.5738e-04 | LR: 1.56e-06
2025-07-22 19:19:48,418 - Epoch 073 | Train Loss: 3.5966e-04 | Val Loss: 9.4884e-04 | LR: 1.56e-06
2025-07-22 19:20:29,394 - Epoch 074 | Train Loss: 3.6524e-04 | Val Loss: 9.2213e-04 | LR: 1.56e-06
2025-07-22 19:21:10,552 - Epoch 075 | Train Loss: 3.6234e-04 | Val Loss: 9.5050e-04 | LR: 7.81e-07
2025-07-22 19:21:51,584 - Epoch 076 | Train Loss: 3.6125e-04 | Val Loss: 9.2398e-04 | LR: 7.81e-07
2025-07-22 19:22:32,793 - Epoch 077 | Train Loss: 3.6045e-04 | Val Loss: 9.1840e-04 | LR: 7.81e-07
2025-07-22 19:23:13,654 - Epoch 078 | Train Loss: 3.5671e-04 | Val Loss: 9.0096e-04 | LR: 7.81e-07
2025-07-22 19:23:54,617 - Epoch 079 | Train Loss: 3.5981e-04 | Val Loss: 9.2191e-04 | LR: 7.81e-07
2025-07-22 19:24:35,628 - Epoch 080 | Train Loss: 3.5619e-04 | Val Loss: 9.4603e-04 | LR: 7.81e-07
2025-07-22 19:25:16,691 - Epoch 081 | Train Loss: 3.5973e-04 | Val Loss: 9.3711e-04 | LR: 3.91e-07
2025-07-22 19:25:58,501 - Epoch 082 | Train Loss: 3.5896e-04 | Val Loss: 9.3457e-04 | LR: 3.91e-07
2025-07-22 19:26:41,440 - Epoch 083 | Train Loss: 3.5816e-04 | Val Loss: 9.3215e-04 | LR: 3.91e-07
2025-07-22 19:27:22,378 - Epoch 084 | Train Loss: 3.5617e-04 | Val Loss: 9.2807e-04 | LR: 3.91e-07
2025-07-22 19:28:03,353 - Epoch 085 | Train Loss: 3.5726e-04 | Val Loss: 9.1225e-04 | LR: 3.91e-07
2025-07-22 19:28:44,308 - Epoch 086 | Train Loss: 3.5653e-04 | Val Loss: 9.3528e-04 | LR: 3.91e-07
2025-07-22 19:29:25,280 - Epoch 087 | Train Loss: 3.5629e-04 | Val Loss: 9.1778e-04 | LR: 1.95e-07
2025-07-22 19:30:06,181 - Epoch 088 | Train Loss: 3.5807e-04 | Val Loss: 9.1593e-04 | LR: 1.95e-07
2025-07-22 19:30:47,195 - Epoch 089 | Train Loss: 3.5625e-04 | Val Loss: 9.3775e-04 | LR: 1.95e-07
2025-07-22 19:30:47,198 - Early stopping at epoch 89
2025-07-22 19:30:47,231 - task2 training completed
2025-07-22 19:30:47,233 - 
All tasks completed!
=== Job Start: Tue Jul 22 16:52:26 CEST 2025 ===
Job ID:           72810
Job Name:         fine-tuning
Partition:        gpu_short
Node List:        gpu003
Requested GPUs:   
CUDA Devices:     0
Running on host:  gpu003

=== GPU Details via nvidia-smi ===
0, Tesla P100-PCIE-16GB, 16384 MiB, 0 %, 33
===================================