2025-07-11 11:03:35,033 - ==== Regular LSTM Training Phase ====
2025-07-11 11:05:11,541 - Base train IDs: ['03', '05', '07', '09', '11', '15', '21', '23', '25', '27', '29']
2025-07-11 11:05:11,542 - Base val IDs: ['01', '19', '13']
2025-07-11 11:05:11,543 - Update1 train IDs: []
2025-07-11 11:05:11,544 - Update1 val IDs: []
2025-07-11 11:05:11,545 - Update2 train IDs: []
2025-07-11 11:05:11,546 - Update2 val IDs: []
2025-07-11 11:05:18,974 - Test cell ID: 17
2025-07-11 11:05:19,013 - [Scaler after fit] center_=[ 3.342422    0.17992967 27.75      ]
2025-07-11 11:05:19,019 - [Scaler after fit] scale_ =[0.18428363 1.77955483 1.81783333]
2025-07-11 11:05:19,020 - Resampling and scaling complete with RobustScaler
2025-07-11 11:05:19,022 - 
Creating dataset for base_train...
2025-07-11 11:05:36,204 - 
=== Dataset Statistics ===
2025-07-11 11:05:36,205 - Grouping mode: Ungrouped (Cross-Cell)
2025-07-11 11:05:36,206 - Total cells: 11
2025-07-11 11:05:36,208 - Total samples created: 204924
2025-07-11 11:05:36,208 - Sequence length: 720
2025-07-11 11:05:36,210 - 
Cross-cell analysis:
2025-07-11 11:05:36,211 -   Total data points: 205644
2025-07-11 11:05:36,212 -   Cross-cell samples: 7200 (3.5%)
2025-07-11 11:05:36,213 -   Within-cell samples: 197724 (96.5%)
2025-07-11 11:05:36,214 -   Overall efficiency: 99.6% (204924/205644 points used)
2025-07-11 11:05:36,220 - Cell IDs: ['03', '05', '07', '09', '11', '15', '21', '23', '25', '27', '29']
2025-07-11 11:05:36,221 - ==============================
2025-07-11 11:05:36,222 - DataLoader for base_train: 204924 samples, 6404 batches (shuffle=True)
2025-07-11 11:05:36,223 - 
Creating dataset for base_val...
2025-07-11 11:05:40,973 - 
=== Dataset Statistics ===
2025-07-11 11:05:40,974 - Grouping mode: Ungrouped (Cross-Cell)
2025-07-11 11:05:40,975 - Total cells: 3
2025-07-11 11:05:40,975 - Total samples created: 57457
2025-07-11 11:05:40,976 - Sequence length: 720
2025-07-11 11:05:40,977 - 
Cross-cell analysis:
2025-07-11 11:05:40,978 -   Total data points: 58177
2025-07-11 11:05:40,979 -   Cross-cell samples: 1440 (2.5%)
2025-07-11 11:05:40,980 -   Within-cell samples: 56017 (97.5%)
2025-07-11 11:05:40,981 -   Overall efficiency: 98.8% (57457/58177 points used)
2025-07-11 11:05:40,983 - Cell IDs: ['01', '13', '19']
2025-07-11 11:05:40,984 - ==============================
2025-07-11 11:05:40,986 - DataLoader for base_val: 57457 samples, 1796 batches (shuffle=False)
2025-07-11 11:05:40,986 - 
Creating dataset for test_full...
2025-07-11 11:05:42,732 - 
=== Dataset Statistics ===
2025-07-11 11:05:42,733 - Grouping mode: Ungrouped (Cross-Cell)
2025-07-11 11:05:42,734 - Total cells: 1
2025-07-11 11:05:42,735 - Total samples created: 22152
2025-07-11 11:05:42,736 - Sequence length: 720
2025-07-11 11:05:42,737 - 
Cross-cell analysis:
2025-07-11 11:05:42,738 -   Total data points: 22872
2025-07-11 11:05:42,739 -   Cross-cell samples: 0 (0.0%)
2025-07-11 11:05:42,740 -   Within-cell samples: 22152 (100.0%)
2025-07-11 11:05:42,741 -   Overall efficiency: 96.9% (22152/22872 points used)
2025-07-11 11:05:42,742 - Cell IDs: ['17']
2025-07-11 11:05:42,743 - ==============================
2025-07-11 11:05:42,744 - DataLoader for test_full: 22152 samples, 693 batches (shuffle=False)
2025-07-11 11:05:42,745 - 
Creating dataset for test_base...
2025-07-11 11:05:43,565 - 
=== Dataset Statistics ===
2025-07-11 11:05:43,566 - Grouping mode: Ungrouped (Cross-Cell)
2025-07-11 11:05:43,567 - Total cells: 1
2025-07-11 11:05:43,568 - Total samples created: 10419
2025-07-11 11:05:43,569 - Sequence length: 720
2025-07-11 11:05:43,571 - 
Cross-cell analysis:
2025-07-11 11:05:43,572 -   Total data points: 11139
2025-07-11 11:05:43,573 -   Cross-cell samples: 0 (0.0%)
2025-07-11 11:05:43,574 -   Within-cell samples: 10419 (100.0%)
2025-07-11 11:05:43,575 -   Overall efficiency: 93.5% (10419/11139 points used)
2025-07-11 11:05:43,576 - Cell IDs: ['17']
2025-07-11 11:05:43,577 - ==============================
2025-07-11 11:05:43,579 - DataLoader for test_base: 10419 samples, 326 batches (shuffle=False)
2025-07-11 11:05:43,579 - 
Creating dataset for test_update1...
2025-07-11 11:05:44,026 - 
=== Dataset Statistics ===
2025-07-11 11:05:44,027 - Grouping mode: Ungrouped (Cross-Cell)
2025-07-11 11:05:44,028 - Total cells: 1
2025-07-11 11:05:44,029 - Total samples created: 5592
2025-07-11 11:05:44,031 - Sequence length: 720
2025-07-11 11:05:44,032 - 
Cross-cell analysis:
2025-07-11 11:05:44,033 -   Total data points: 6312
2025-07-11 11:05:44,034 -   Cross-cell samples: 0 (0.0%)
2025-07-11 11:05:44,035 -   Within-cell samples: 5592 (100.0%)
2025-07-11 11:05:44,036 -   Overall efficiency: 88.6% (5592/6312 points used)
2025-07-11 11:05:44,037 - Cell IDs: ['17']
2025-07-11 11:05:44,038 - ==============================
2025-07-11 11:05:44,039 - DataLoader for test_update1: 5592 samples, 175 batches (shuffle=False)
2025-07-11 11:05:44,040 - 
Creating dataset for test_update2...
2025-07-11 11:05:44,412 - 
=== Dataset Statistics ===
2025-07-11 11:05:44,413 - Grouping mode: Ungrouped (Cross-Cell)
2025-07-11 11:05:44,414 - Total cells: 1
2025-07-11 11:05:44,415 - Total samples created: 4701
2025-07-11 11:05:44,416 - Sequence length: 720
2025-07-11 11:05:44,417 - 
Cross-cell analysis:
2025-07-11 11:05:44,419 -   Total data points: 5421
2025-07-11 11:05:44,420 -   Cross-cell samples: 0 (0.0%)
2025-07-11 11:05:44,421 -   Within-cell samples: 4701 (100.0%)
2025-07-11 11:05:44,423 -   Overall efficiency: 86.7% (4701/5421 points used)
2025-07-11 11:05:44,423 - Cell IDs: ['17']
2025-07-11 11:05:44,425 - ==============================
2025-07-11 11:05:44,426 - DataLoader for test_update2: 4701 samples, 147 batches (shuffle=False)
2025-07-11 11:09:31,067 - Epoch 001 | task 2.2723e-02 | kd 0.0000e+00 | ewc 0.0000e+00 | val 2.2427e-03 | lr 1.00e-04 | 180.05s
2025-07-11 11:12:22,434 - Epoch 002 | task 6.2867e-03 | kd 0.0000e+00 | ewc 0.0000e+00 | val 1.1379e-03 | lr 1.00e-04 | 171.25s
2025-07-11 11:15:15,313 - Epoch 003 | task 3.6614e-03 | kd 0.0000e+00 | ewc 0.0000e+00 | val 1.2391e-03 | lr 1.00e-04 | 172.79s
2025-07-11 11:18:19,485 - Epoch 004 | task 2.0000e-03 | kd 0.0000e+00 | ewc 0.0000e+00 | val 1.2032e-03 | lr 1.00e-04 | 184.06s
2025-07-11 11:21:11,533 - Epoch 005 | task 1.1192e-03 | kd 0.0000e+00 | ewc 0.0000e+00 | val 5.6654e-04 | lr 1.00e-04 | 171.99s
2025-07-11 11:24:05,608 - Epoch 006 | task 5.9559e-04 | kd 0.0000e+00 | ewc 0.0000e+00 | val 8.9163e-04 | lr 1.00e-04 | 173.95s
2025-07-11 11:26:57,877 - Epoch 007 | task 4.0951e-04 | kd 0.0000e+00 | ewc 0.0000e+00 | val 5.7827e-04 | lr 1.00e-04 | 172.16s
2025-07-11 11:29:49,870 - Epoch 008 | task 3.1060e-04 | kd 0.0000e+00 | ewc 0.0000e+00 | val 3.5550e-04 | lr 1.00e-04 | 171.91s
2025-07-11 11:32:43,992 - Epoch 009 | task 2.3761e-04 | kd 0.0000e+00 | ewc 0.0000e+00 | val 4.8509e-04 | lr 1.00e-04 | 173.89s
2025-07-11 11:35:37,933 - Epoch 010 | task 2.0217e-04 | kd 0.0000e+00 | ewc 0.0000e+00 | val 3.0042e-04 | lr 1.00e-04 | 173.85s
2025-07-11 11:38:28,912 - Epoch 011 | task 1.8876e-04 | kd 0.0000e+00 | ewc 0.0000e+00 | val 3.5375e-04 | lr 1.00e-04 | 170.83s
2025-07-11 11:41:18,649 - Epoch 012 | task 1.6527e-04 | kd 0.0000e+00 | ewc 0.0000e+00 | val 2.6464e-04 | lr 1.00e-04 | 169.63s
2025-07-11 11:44:11,863 - Epoch 013 | task 1.4900e-04 | kd 0.0000e+00 | ewc 0.0000e+00 | val 2.8292e-04 | lr 1.00e-04 | 173.02s
2025-07-11 11:47:06,581 - Epoch 014 | task 2.1938e-04 | kd 0.0000e+00 | ewc 0.0000e+00 | val 3.0634e-04 | lr 1.00e-04 | 174.63s
2025-07-11 11:49:58,413 - Epoch 015 | task 1.3704e-04 | kd 0.0000e+00 | ewc 0.0000e+00 | val 3.6347e-04 | lr 1.00e-04 | 171.74s
2025-07-11 11:52:51,040 - Epoch 016 | task 1.3580e-04 | kd 0.0000e+00 | ewc 0.0000e+00 | val 3.0101e-04 | lr 1.00e-04 | 172.53s
2025-07-11 11:55:42,803 - Epoch 017 | task 1.3260e-04 | kd 0.0000e+00 | ewc 0.0000e+00 | val 3.0864e-04 | lr 1.00e-04 | 171.69s
2025-07-11 11:58:34,071 - Epoch 018 | task 1.2779e-04 | kd 0.0000e+00 | ewc 0.0000e+00 | val 2.7150e-04 | lr 5.00e-05 | 171.18s
2025-07-11 12:01:25,071 - Epoch 019 | task 1.0744e-04 | kd 0.0000e+00 | ewc 0.0000e+00 | val 3.5201e-04 | lr 5.00e-05 | 170.94s
2025-07-11 12:04:15,712 - Epoch 020 | task 1.0336e-04 | kd 0.0000e+00 | ewc 0.0000e+00 | val 3.4272e-04 | lr 5.00e-05 | 170.53s
2025-07-11 12:07:05,878 - Epoch 021 | task 1.0237e-04 | kd 0.0000e+00 | ewc 0.0000e+00 | val 3.9322e-04 | lr 5.00e-05 | 170.09s
2025-07-11 12:10:01,182 - Epoch 022 | task 1.0328e-04 | kd 0.0000e+00 | ewc 0.0000e+00 | val 3.8363e-04 | lr 5.00e-05 | 175.22s
2025-07-11 12:12:52,388 - Epoch 023 | task 9.9646e-05 | kd 0.0000e+00 | ewc 0.0000e+00 | val 4.8348e-04 | lr 5.00e-05 | 171.11s
2025-07-11 12:15:43,948 - Epoch 024 | task 9.8422e-05 | kd 0.0000e+00 | ewc 0.0000e+00 | val 4.9786e-04 | lr 2.50e-05 | 171.47s
2025-07-11 12:18:36,070 - Epoch 025 | task 9.1085e-05 | kd 0.0000e+00 | ewc 0.0000e+00 | val 4.0165e-04 | lr 2.50e-05 | 171.96s
2025-07-11 12:21:27,841 - Epoch 026 | task 9.0751e-05 | kd 0.0000e+00 | ewc 0.0000e+00 | val 4.5738e-04 | lr 2.50e-05 | 171.70s
2025-07-11 12:24:21,142 - Epoch 027 | task 8.9891e-05 | kd 0.0000e+00 | ewc 0.0000e+00 | val 4.5964e-04 | lr 2.50e-05 | 173.23s
2025-07-11 12:27:12,753 - Epoch 028 | task 9.0781e-05 | kd 0.0000e+00 | ewc 0.0000e+00 | val 4.7109e-04 | lr 2.50e-05 | 171.55s
2025-07-11 12:30:04,205 - Epoch 029 | task 8.7675e-05 | kd 0.0000e+00 | ewc 0.0000e+00 | val 5.2180e-04 | lr 2.50e-05 | 171.33s
2025-07-11 12:32:53,814 - Epoch 030 | task 8.7188e-05 | kd 0.0000e+00 | ewc 0.0000e+00 | val 4.4292e-04 | lr 1.25e-05 | 169.49s
2025-07-11 12:35:44,001 - Epoch 031 | task 8.4346e-05 | kd 0.0000e+00 | ewc 0.0000e+00 | val 5.1190e-04 | lr 1.25e-05 | 170.08s
2025-07-11 12:38:34,190 - Epoch 032 | task 8.3343e-05 | kd 0.0000e+00 | ewc 0.0000e+00 | val 4.7098e-04 | lr 1.25e-05 | 170.13s
2025-07-11 12:38:34,239 - Early stopping at epoch 32
2025-07-11 12:38:46,157 - [Joint training best model predictions] RMSE: 7.2272e-03, MAE: 5.6535e-03, R2: 0.9926
