2025-08-16 15:34:03,808 - INFO - ==== Incremental Training (SI + KD via IncTrainer) ====
2025-08-16 15:34:03,819 - INFO - Number of tasks: 3
2025-08-16 15:35:33,391 - INFO - Incremental training - Task 0 Train IDs: ['03', '27', '05', '21', '11'], size: 107395
2025-08-16 15:35:33,406 - INFO - Incremental training - Task 0 Val IDs: ['01'], size: 20028
2025-08-16 15:35:33,407 - INFO - Incremental training - Test Task 0 size: 8584
2025-08-16 15:35:33,408 - INFO - Incremental training - Task 1 Train IDs: ['09', '29', '25'], size: 41175
2025-08-16 15:35:33,409 - INFO - Incremental training - Task 1 Val IDs: ['19'], size: 16183
2025-08-16 15:35:33,410 - INFO - Incremental training - Test Task 1 size: 6937
2025-08-16 15:35:33,411 - INFO - Incremental training - Task 2 Train IDs: ['15', '07', '23'], size: 57074
2025-08-16 15:35:33,413 - INFO - Incremental training - Task 2 Val IDs: ['13'], size: 4511
2025-08-16 15:35:33,414 - INFO - Incremental training - Test Task 2 size: 1934
2025-08-16 15:35:33,426 - INFO -   (Scaler) Scaler centers: [ 3.3374245   0.101279   27.50083333]
2025-08-16 15:35:33,431 - INFO -   (Scaler) Scaler scales: [0.18253608 1.77971742 1.05683333]
2025-08-16 15:35:34,029 - INFO - ========== Model Structure ==========
2025-08-16 15:35:34,030 - INFO - 
SOHLSTM(
  (lstm): LSTM(3, 128, num_layers=2, batch_first=True, dropout=0.3)
  (fc): Sequential(
    (0): Linear(in_features=128, out_features=64, bias=True)
    (1): LeakyReLU(negative_slope=0.01)
    (2): Dropout(p=0.3, inplace=False)
    (3): Linear(in_features=64, out_features=1, bias=True)
  )
)
2025-08-16 15:35:34,032 - INFO - =====================================
2025-08-16 15:35:34,033 - INFO - ====== Model Parameters Details ======
2025-08-16 15:35:34,034 - INFO - lstm.weight_ih_l0                                  | trainable |     1536 params
2025-08-16 15:35:34,035 - INFO - lstm.weight_hh_l0                                  | trainable |    65536 params
2025-08-16 15:35:34,036 - INFO - lstm.bias_ih_l0                                    | trainable |      512 params
2025-08-16 15:35:34,038 - INFO - lstm.bias_hh_l0                                    | trainable |      512 params
2025-08-16 15:35:34,039 - INFO - lstm.weight_ih_l1                                  | trainable |    65536 params
2025-08-16 15:35:34,040 - INFO - lstm.weight_hh_l1                                  | trainable |    65536 params
2025-08-16 15:35:34,041 - INFO - lstm.bias_ih_l1                                    | trainable |      512 params
2025-08-16 15:35:34,042 - INFO - lstm.bias_hh_l1                                    | trainable |      512 params
2025-08-16 15:35:34,044 - INFO - fc.0.weight                                        | trainable |     8192 params
2025-08-16 15:35:34,045 - INFO - fc.0.bias                                          | trainable |       64 params
2025-08-16 15:35:34,047 - INFO - fc.3.weight                                        | trainable |       64 params
2025-08-16 15:35:34,048 - INFO - fc.3.bias                                          | trainable |        1 params
2025-08-16 15:35:34,049 - INFO - --------------------------------------------------------------------------------
2025-08-16 15:35:34,050 - INFO - Total params:                                          208513 params (only trainable)
2025-08-16 15:35:34,052 - INFO - =====================================
2025-08-16 15:39:37,278 - INFO - [Task 0][Epoch 0] train=5.2254e-02 val=1.6397e-03 | KL=0.000 | Lambda: KD=0.0000e+00 SI=0.0000e+00 | Ratio: KD=0.00% SI=0.00% | lr=5.00e-05 time=103.04s
2025-08-16 15:41:19,949 - INFO - [Task 0][Epoch 1] train=9.7881e-03 val=5.4201e-04 | KL=0.000 | Lambda: KD=0.0000e+00 SI=0.0000e+00 | Ratio: KD=0.00% SI=0.00% | lr=5.00e-05 time=102.64s
2025-08-16 15:43:01,200 - INFO - [Task 0][Epoch 2] train=6.9406e-03 val=3.7465e-04 | KL=0.000 | Lambda: KD=0.0000e+00 SI=0.0000e+00 | Ratio: KD=0.00% SI=0.00% | lr=5.00e-05 time=101.22s
2025-08-16 15:44:42,503 - INFO - [Task 0][Epoch 3] train=6.0860e-03 val=7.1794e-04 | KL=0.000 | Lambda: KD=0.0000e+00 SI=0.0000e+00 | Ratio: KD=0.00% SI=0.00% | lr=5.00e-05 time=101.27s
2025-08-16 15:46:27,877 - INFO - [Task 0][Epoch 4] train=5.3302e-03 val=1.0879e-03 | KL=0.000 | Lambda: KD=0.0000e+00 SI=0.0000e+00 | Ratio: KD=0.00% SI=0.00% | lr=5.00e-05 time=105.37s
2025-08-16 15:48:14,641 - INFO - [Task 0][Epoch 5] train=4.7500e-03 val=2.4038e-04 | KL=0.000 | Lambda: KD=0.0000e+00 SI=0.0000e+00 | Ratio: KD=0.00% SI=0.00% | lr=5.00e-05 time=106.76s
2025-08-16 15:49:58,789 - INFO - [Task 0][Epoch 6] train=3.9479e-03 val=2.7289e-04 | KL=0.000 | Lambda: KD=0.0000e+00 SI=0.0000e+00 | Ratio: KD=0.00% SI=0.00% | lr=5.00e-05 time=104.12s
2025-08-16 15:51:48,144 - INFO - [Task 0][Epoch 7] train=3.3024e-03 val=2.8707e-04 | KL=0.000 | Lambda: KD=0.0000e+00 SI=0.0000e+00 | Ratio: KD=0.00% SI=0.00% | lr=5.00e-05 time=109.34s
2025-08-16 15:53:48,807 - INFO - [Task 0][Epoch 8] train=2.8989e-03 val=3.8603e-04 | KL=0.000 | Lambda: KD=0.0000e+00 SI=0.0000e+00 | Ratio: KD=0.00% SI=0.00% | lr=5.00e-05 time=120.66s
2025-08-16 15:55:53,462 - INFO - [Task 0][Epoch 9] train=2.4792e-03 val=4.7059e-04 | KL=0.000 | Lambda: KD=0.0000e+00 SI=0.0000e+00 | Ratio: KD=0.00% SI=0.00% | lr=5.00e-05 time=124.64s
2025-08-16 15:58:49,254 - INFO - [Task 0][Epoch 10] train=2.1016e-03 val=3.2091e-04 | KL=0.000 | Lambda: KD=0.0000e+00 SI=0.0000e+00 | Ratio: KD=0.00% SI=0.00% | lr=5.00e-05 time=175.78s
2025-08-16 16:02:30,352 - INFO - [Task 0][Epoch 11] train=1.7586e-03 val=5.7318e-04 | KL=0.000 | Lambda: KD=0.0000e+00 SI=0.0000e+00 | Ratio: KD=0.00% SI=0.00% | lr=2.50e-05 time=221.06s
2025-08-16 16:06:10,442 - INFO - [Task 0][Epoch 12] train=1.4904e-03 val=4.3886e-04 | KL=0.000 | Lambda: KD=0.0000e+00 SI=0.0000e+00 | Ratio: KD=0.00% SI=0.00% | lr=2.50e-05 time=220.07s
2025-08-16 16:09:50,757 - INFO - [Task 0][Epoch 13] train=1.3589e-03 val=3.9898e-04 | KL=0.000 | Lambda: KD=0.0000e+00 SI=0.0000e+00 | Ratio: KD=0.00% SI=0.00% | lr=2.50e-05 time=220.29s
2025-08-16 16:13:22,917 - INFO - [Task 0][Epoch 14] train=1.2419e-03 val=3.1853e-04 | KL=0.000 | Lambda: KD=0.0000e+00 SI=0.0000e+00 | Ratio: KD=0.00% SI=0.00% | lr=2.50e-05 time=212.11s
2025-08-16 16:16:57,017 - INFO - [Task 0][Epoch 15] train=1.1449e-03 val=6.5294e-04 | KL=0.000 | Lambda: KD=0.0000e+00 SI=0.0000e+00 | Ratio: KD=0.00% SI=0.00% | lr=2.50e-05 time=214.07s
2025-08-16 16:20:28,890 - INFO - [Task 0][Epoch 16] train=1.0387e-03 val=4.7285e-04 | KL=0.000 | Lambda: KD=0.0000e+00 SI=0.0000e+00 | Ratio: KD=0.00% SI=0.00% | lr=2.50e-05 time=211.83s
2025-08-16 16:23:50,950 - INFO - [Task 0][Epoch 17] train=9.6082e-04 val=7.2000e-04 | KL=0.000 | Lambda: KD=0.0000e+00 SI=0.0000e+00 | Ratio: KD=0.00% SI=0.00% | lr=1.25e-05 time=202.04s
2025-08-16 16:27:06,362 - INFO - [Task 0][Epoch 18] train=8.8064e-04 val=1.3992e-03 | KL=0.000 | Lambda: KD=0.0000e+00 SI=0.0000e+00 | Ratio: KD=0.00% SI=0.00% | lr=1.25e-05 time=195.39s
2025-08-16 16:29:03,343 - INFO - [Task 0][Epoch 19] train=8.4158e-04 val=1.7387e-03 | KL=0.000 | Lambda: KD=0.0000e+00 SI=0.0000e+00 | Ratio: KD=0.00% SI=0.00% | lr=1.25e-05 time=116.96s
2025-08-16 16:30:56,543 - INFO - [Task 0][Epoch 20] train=8.1698e-04 val=3.4222e-04 | KL=0.000 | Lambda: KD=0.0000e+00 SI=0.0000e+00 | Ratio: KD=0.00% SI=0.00% | lr=1.25e-05 time=113.19s
2025-08-16 16:32:40,903 - INFO - [Task 0][Epoch 21] train=7.7204e-04 val=2.7500e-03 | KL=0.000 | Lambda: KD=0.0000e+00 SI=0.0000e+00 | Ratio: KD=0.00% SI=0.00% | lr=1.25e-05 time=104.36s
2025-08-16 16:34:22,381 - INFO - [Task 0][Epoch 22] train=7.4549e-04 val=1.6092e-03 | KL=0.000 | Lambda: KD=0.0000e+00 SI=0.0000e+00 | Ratio: KD=0.00% SI=0.00% | lr=1.25e-05 time=101.47s
2025-08-16 16:36:03,967 - INFO - [Task 0][Epoch 23] train=7.2313e-04 val=1.6191e-03 | KL=0.000 | Lambda: KD=0.0000e+00 SI=0.0000e+00 | Ratio: KD=0.00% SI=0.00% | lr=6.25e-06 time=101.58s
2025-08-16 16:37:45,950 - INFO - [Task 0][Epoch 24] train=6.9636e-04 val=1.6526e-03 | KL=0.000 | Lambda: KD=0.0000e+00 SI=0.0000e+00 | Ratio: KD=0.00% SI=0.00% | lr=6.25e-06 time=101.98s
2025-08-16 16:39:29,734 - INFO - [Task 0][Epoch 25] train=6.9114e-04 val=1.6169e-03 | KL=0.000 | Lambda: KD=0.0000e+00 SI=0.0000e+00 | Ratio: KD=0.00% SI=0.00% | lr=6.25e-06 time=103.78s
2025-08-16 16:39:29,735 - INFO - [Task 0] Early stopping at epoch 25
2025-08-16 16:40:48,754 - INFO - [Task 1][Epoch 0] train=4.8850e-03 val=7.5357e-04 | KL=0.000 | Lambda: KD=0.0000e+00 SI=0.0000e+00 | Ratio: KD=0.00% SI=0.00% | lr=5.00e-05 time=42.73s
2025-08-16 16:41:31,282 - INFO - [Task 1][Epoch 1] train=4.3468e-03 val=2.0270e-03 | KL=0.000 | Lambda: KD=0.0000e+00 SI=8.3010e-04 | Ratio: KD=0.00% SI=0.00% | lr=5.00e-05 time=42.50s
2025-08-16 16:42:13,298 - INFO - [Task 1][Epoch 2] train=3.9992e-03 val=8.6298e-04 | KL=0.000 | Lambda: KD=0.0000e+00 SI=1.6602e-03 | Ratio: KD=0.00% SI=0.01% | lr=5.00e-05 time=42.01s
2025-08-16 16:42:55,661 - INFO - [Task 1][Epoch 3] train=3.9319e-03 val=8.9132e-04 | KL=0.000 | Lambda: KD=0.0000e+00 SI=2.4903e-03 | Ratio: KD=0.00% SI=0.02% | lr=5.00e-05 time=42.36s
2025-08-16 16:43:43,401 - INFO - [Task 1][Epoch 4] train=3.6606e-03 val=9.0967e-04 | KL=0.000 | Lambda: KD=0.0000e+00 SI=3.3204e-03 | Ratio: KD=0.00% SI=0.04% | lr=5.00e-05 time=47.74s
2025-08-16 16:44:42,897 - INFO - [Task 1][Epoch 5] train=3.5514e-03 val=6.8179e-04 | KL=0.000 | Lambda: KD=0.0000e+00 SI=4.1505e-03 | Ratio: KD=0.00% SI=0.07% | lr=5.00e-05 time=59.49s
2025-08-16 16:45:49,825 - INFO - [Task 1][Epoch 6] train=3.4232e-03 val=9.0231e-04 | KL=0.000 | Lambda: KD=0.0000e+00 SI=4.9806e-03 | Ratio: KD=0.00% SI=0.12% | lr=5.00e-05 time=66.82s
2025-08-16 16:47:06,892 - INFO - [Task 1][Epoch 7] train=3.2300e-03 val=7.7606e-04 | KL=0.000 | Lambda: KD=0.0000e+00 SI=5.8107e-03 | Ratio: KD=0.00% SI=0.19% | lr=5.00e-05 time=77.05s
2025-08-16 16:48:24,054 - INFO - [Task 1][Epoch 8] train=3.0300e-03 val=5.1810e-04 | KL=0.000 | Lambda: KD=0.0000e+00 SI=6.6408e-03 | Ratio: KD=0.00% SI=0.29% | lr=5.00e-05 time=77.14s
2025-08-16 16:49:42,369 - INFO - [Task 1][Epoch 9] train=3.0243e-03 val=5.4296e-04 | KL=0.000 | Lambda: KD=0.0000e+00 SI=7.4709e-03 | Ratio: KD=0.00% SI=0.40% | lr=5.00e-05 time=78.15s
2025-08-16 16:51:02,859 - INFO - [Task 1][Epoch 10] train=2.9568e-03 val=7.9033e-04 | KL=0.000 | Lambda: KD=0.0000e+00 SI=8.3010e-03 | Ratio: KD=0.00% SI=0.54% | lr=5.00e-05 time=80.47s
2025-08-16 16:52:24,705 - INFO - [Task 1][Epoch 11] train=2.5208e-03 val=4.7545e-04 | KL=0.000 | Lambda: KD=0.0000e+00 SI=8.3010e-03 | Ratio: KD=0.00% SI=0.74% | lr=5.00e-05 time=81.83s
2025-08-16 16:53:44,567 - INFO - [Task 1][Epoch 12] train=2.4969e-03 val=4.6176e-04 | KL=0.000 | Lambda: KD=0.0000e+00 SI=8.3010e-03 | Ratio: KD=0.00% SI=0.86% | lr=5.00e-05 time=79.71s
2025-08-16 16:54:59,724 - INFO - [Task 1][Epoch 13] train=2.1969e-03 val=3.7596e-04 | KL=0.000 | Lambda: KD=0.0000e+00 SI=8.3010e-03 | Ratio: KD=0.00% SI=1.11% | lr=5.00e-05 time=74.96s
2025-08-16 16:56:16,234 - INFO - [Task 1][Epoch 14] train=2.1025e-03 val=4.6330e-04 | KL=0.000 | Lambda: KD=0.0000e+00 SI=8.3010e-03 | Ratio: KD=0.00% SI=1.32% | lr=5.00e-05 time=76.33s
2025-08-16 16:57:34,240 - INFO - [Task 1][Epoch 15] train=1.9242e-03 val=2.9840e-04 | KL=0.000 | Lambda: KD=0.0000e+00 SI=8.3010e-03 | Ratio: KD=0.00% SI=1.62% | lr=5.00e-05 time=77.99s
2025-08-16 16:58:49,237 - INFO - [Task 1][Epoch 16] train=1.8642e-03 val=5.2036e-04 | KL=0.000 | Lambda: KD=0.0000e+00 SI=8.3010e-03 | Ratio: KD=0.00% SI=1.87% | lr=5.00e-05 time=74.81s
2025-08-16 17:00:07,575 - INFO - [Task 1][Epoch 17] train=1.8898e-03 val=1.3988e-04 | KL=0.000 | Lambda: KD=0.0000e+00 SI=8.3010e-03 | Ratio: KD=0.00% SI=2.05% | lr=5.00e-05 time=78.32s
2025-08-16 17:01:27,670 - INFO - [Task 1][Epoch 18] train=1.6064e-03 val=8.0012e-04 | KL=0.000 | Lambda: KD=0.0000e+00 SI=8.3010e-03 | Ratio: KD=0.00% SI=2.63% | lr=5.00e-05 time=79.89s
2025-08-16 17:02:48,109 - INFO - [Task 1][Epoch 19] train=1.5759e-03 val=3.9338e-04 | KL=0.000 | Lambda: KD=0.0000e+00 SI=8.3010e-03 | Ratio: KD=0.00% SI=2.93% | lr=5.00e-05 time=80.42s
2025-08-16 17:04:05,853 - INFO - [Task 1][Epoch 20] train=1.4293e-03 val=3.7419e-04 | KL=0.000 | Lambda: KD=0.0000e+00 SI=8.3010e-03 | Ratio: KD=0.00% SI=3.52% | lr=5.00e-05 time=77.71s
2025-08-16 17:05:22,618 - INFO - [Task 1][Epoch 21] train=1.3566e-03 val=1.8518e-04 | KL=0.000 | Lambda: KD=0.0000e+00 SI=8.3010e-03 | Ratio: KD=0.00% SI=4.02% | lr=5.00e-05 time=76.74s
2025-08-16 17:06:47,948 - INFO - [Task 1][Epoch 22] train=1.2524e-03 val=2.8478e-04 | KL=0.000 | Lambda: KD=0.0000e+00 SI=8.3010e-03 | Ratio: KD=0.00% SI=4.70% | lr=5.00e-05 time=85.30s
2025-08-16 17:08:09,182 - INFO - [Task 1][Epoch 23] train=1.2544e-03 val=1.3783e-04 | KL=0.000 | Lambda: KD=0.0000e+00 SI=8.3010e-03 | Ratio: KD=0.00% SI=5.06% | lr=5.00e-05 time=81.21s
2025-08-16 17:09:31,497 - INFO - [Task 1][Epoch 24] train=1.1418e-03 val=1.0188e-03 | KL=0.000 | Lambda: KD=0.0000e+00 SI=8.3010e-03 | Ratio: KD=0.00% SI=5.95% | lr=5.00e-05 time=82.12s
2025-08-16 17:10:54,976 - INFO - [Task 1][Epoch 25] train=1.0596e-03 val=4.3499e-04 | KL=0.000 | Lambda: KD=0.0000e+00 SI=8.3010e-03 | Ratio: KD=0.00% SI=6.84% | lr=5.00e-05 time=83.45s
2025-08-16 17:12:16,764 - INFO - [Task 1][Epoch 26] train=1.0187e-03 val=6.2875e-04 | KL=0.000 | Lambda: KD=0.0000e+00 SI=8.3010e-03 | Ratio: KD=0.00% SI=7.57% | lr=5.00e-05 time=81.77s
2025-08-16 17:13:35,929 - INFO - [Task 1][Epoch 27] train=9.6958e-04 val=3.4014e-04 | KL=0.000 | Lambda: KD=0.0000e+00 SI=8.3010e-03 | Ratio: KD=0.00% SI=8.43% | lr=5.00e-05 time=79.13s
2025-08-16 17:14:38,842 - INFO - [Task 1][Epoch 28] train=1.0315e-03 val=1.9961e-04 | KL=0.000 | Lambda: KD=0.0000e+00 SI=8.3010e-03 | Ratio: KD=0.00% SI=8.38% | lr=5.00e-05 time=62.88s
2025-08-16 17:16:01,955 - INFO - [Task 1][Epoch 29] train=8.6108e-04 val=2.7471e-04 | KL=0.000 | Lambda: KD=0.0000e+00 SI=8.3010e-03 | Ratio: KD=0.00% SI=10.50% | lr=2.50e-05 time=83.09s
2025-08-16 17:17:12,038 - INFO - [Task 1][Epoch 30] train=8.1967e-04 val=3.4929e-04 | KL=0.000 | Lambda: KD=0.0000e+00 SI=8.3010e-03 | Ratio: KD=0.00% SI=11.45% | lr=2.50e-05 time=70.06s
2025-08-16 17:18:22,291 - INFO - [Task 1][Epoch 31] train=7.8839e-04 val=1.3549e-04 | KL=0.000 | Lambda: KD=0.0000e+00 SI=8.3010e-03 | Ratio: KD=0.00% SI=12.21% | lr=2.50e-05 time=70.24s
2025-08-16 17:19:46,169 - INFO - [Task 1][Epoch 32] train=7.4813e-04 val=2.5685e-04 | KL=0.000 | Lambda: KD=0.0000e+00 SI=8.3010e-03 | Ratio: KD=0.00% SI=13.19% | lr=2.50e-05 time=83.70s
2025-08-16 17:21:11,349 - INFO - [Task 1][Epoch 33] train=7.3105e-04 val=2.6529e-04 | KL=0.000 | Lambda: KD=0.0000e+00 SI=8.3010e-03 | Ratio: KD=0.00% SI=13.83% | lr=2.50e-05 time=85.14s
2025-08-16 17:22:35,465 - INFO - [Task 1][Epoch 34] train=7.2087e-04 val=1.2009e-04 | KL=0.000 | Lambda: KD=0.0000e+00 SI=8.3010e-03 | Ratio: KD=0.00% SI=14.36% | lr=2.50e-05 time=84.07s
2025-08-16 17:23:59,648 - INFO - [Task 1][Epoch 35] train=6.9232e-04 val=2.1185e-04 | KL=0.000 | Lambda: KD=0.0000e+00 SI=8.3010e-03 | Ratio: KD=0.00% SI=15.29% | lr=2.50e-05 time=83.97s
2025-08-16 17:25:22,919 - INFO - [Task 1][Epoch 36] train=6.7880e-04 val=2.1781e-04 | KL=0.000 | Lambda: KD=0.0000e+00 SI=8.3010e-03 | Ratio: KD=0.00% SI=15.97% | lr=2.50e-05 time=83.25s
2025-08-16 17:26:46,979 - INFO - [Task 1][Epoch 37] train=6.5657e-04 val=5.8760e-04 | KL=0.000 | Lambda: KD=0.0000e+00 SI=8.3010e-03 | Ratio: KD=0.00% SI=16.88% | lr=2.50e-05 time=84.04s
2025-08-16 17:28:12,481 - INFO - [Task 1][Epoch 38] train=6.4352e-04 val=4.0153e-04 | KL=0.000 | Lambda: KD=0.0000e+00 SI=8.3010e-03 | Ratio: KD=0.00% SI=17.57% | lr=2.50e-05 time=85.46s
2025-08-16 17:29:37,550 - INFO - [Task 1][Epoch 39] train=6.4715e-04 val=4.2204e-04 | KL=0.000 | Lambda: KD=0.0000e+00 SI=8.3010e-03 | Ratio: KD=0.00% SI=17.80% | lr=2.50e-05 time=84.99s
2025-08-16 17:31:02,015 - INFO - [Task 1][Epoch 40] train=6.1655e-04 val=1.6808e-04 | KL=0.000 | Lambda: KD=0.0000e+00 SI=8.3010e-03 | Ratio: KD=0.00% SI=19.01% | lr=1.25e-05 time=84.44s
2025-08-16 17:32:26,351 - INFO - [Task 1][Epoch 41] train=5.8537e-04 val=2.1846e-04 | KL=0.000 | Lambda: KD=0.0000e+00 SI=8.3010e-03 | Ratio: KD=0.00% SI=20.26% | lr=1.25e-05 time=84.32s
2025-08-16 17:33:48,301 - INFO - [Task 1][Epoch 42] train=5.7986e-04 val=1.8818e-04 | KL=0.000 | Lambda: KD=0.0000e+00 SI=8.3010e-03 | Ratio: KD=0.00% SI=20.61% | lr=1.25e-05 time=81.91s
2025-08-16 17:35:08,732 - INFO - [Task 1][Epoch 43] train=5.6894e-04 val=9.0587e-05 | KL=0.000 | Lambda: KD=0.0000e+00 SI=8.3010e-03 | Ratio: KD=0.00% SI=21.17% | lr=1.25e-05 time=80.39s
2025-08-16 17:36:32,836 - INFO - [Task 1][Epoch 44] train=5.8720e-04 val=2.2136e-04 | KL=0.000 | Lambda: KD=0.0000e+00 SI=8.3010e-03 | Ratio: KD=0.00% SI=20.67% | lr=1.25e-05 time=83.90s
2025-08-16 17:37:56,072 - INFO - [Task 1][Epoch 45] train=5.5878e-04 val=2.1933e-04 | KL=0.000 | Lambda: KD=0.0000e+00 SI=8.3010e-03 | Ratio: KD=0.00% SI=21.85% | lr=1.25e-05 time=83.18s
2025-08-16 17:39:18,839 - INFO - [Task 1][Epoch 46] train=5.5894e-04 val=1.2975e-04 | KL=0.000 | Lambda: KD=0.0000e+00 SI=8.3010e-03 | Ratio: KD=0.00% SI=22.00% | lr=1.25e-05 time=82.75s
2025-08-16 17:40:41,453 - INFO - [Task 1][Epoch 47] train=5.5010e-04 val=1.0609e-04 | KL=0.000 | Lambda: KD=0.0000e+00 SI=8.3010e-03 | Ratio: KD=0.00% SI=22.51% | lr=1.25e-05 time=82.59s
2025-08-16 17:42:02,154 - INFO - [Task 1][Epoch 48] train=5.5085e-04 val=1.6949e-04 | KL=0.000 | Lambda: KD=0.0000e+00 SI=8.3010e-03 | Ratio: KD=0.00% SI=22.63% | lr=1.25e-05 time=80.67s
2025-08-16 17:42:59,420 - INFO - [Task 1][Epoch 49] train=5.5022e-04 val=2.7087e-04 | KL=0.000 | Lambda: KD=0.0000e+00 SI=8.3010e-03 | Ratio: KD=0.00% SI=22.80% | lr=6.25e-06 time=57.26s
2025-08-16 17:44:11,286 - INFO - [Task 1][Epoch 50] train=5.2659e-04 val=7.2376e-05 | KL=0.000 | Lambda: KD=0.0000e+00 SI=8.3010e-03 | Ratio: KD=0.00% SI=23.93% | lr=6.25e-06 time=71.86s
2025-08-16 17:45:32,217 - INFO - [Task 1][Epoch 51] train=5.3334e-04 val=1.6022e-04 | KL=0.000 | Lambda: KD=0.0000e+00 SI=8.3010e-03 | Ratio: KD=0.00% SI=23.70% | lr=6.25e-06 time=80.73s
2025-08-16 17:46:53,046 - INFO - [Task 1][Epoch 52] train=5.2999e-04 val=1.7624e-04 | KL=0.000 | Lambda: KD=0.0000e+00 SI=8.3010e-03 | Ratio: KD=0.00% SI=23.93% | lr=6.25e-06 time=80.80s
2025-08-16 17:48:14,051 - INFO - [Task 1][Epoch 53] train=5.2859e-04 val=2.2532e-04 | KL=0.000 | Lambda: KD=0.0000e+00 SI=8.3010e-03 | Ratio: KD=0.00% SI=24.06% | lr=6.25e-06 time=80.98s
2025-08-16 17:49:35,334 - INFO - [Task 1][Epoch 54] train=5.2226e-04 val=1.5404e-04 | KL=0.000 | Lambda: KD=0.0000e+00 SI=8.3010e-03 | Ratio: KD=0.00% SI=24.42% | lr=6.25e-06 time=81.26s
2025-08-16 17:50:57,373 - INFO - [Task 1][Epoch 55] train=5.2097e-04 val=2.6669e-04 | KL=0.000 | Lambda: KD=0.0000e+00 SI=8.3010e-03 | Ratio: KD=0.00% SI=24.56% | lr=6.25e-06 time=82.02s
2025-08-16 17:52:18,460 - INFO - [Task 1][Epoch 56] train=5.2460e-04 val=2.2058e-04 | KL=0.000 | Lambda: KD=0.0000e+00 SI=8.3010e-03 | Ratio: KD=0.00% SI=24.46% | lr=3.13e-06 time=81.05s
2025-08-16 17:53:39,635 - INFO - [Task 1][Epoch 57] train=5.1653e-04 val=1.6825e-04 | KL=0.000 | Lambda: KD=0.0000e+00 SI=8.3010e-03 | Ratio: KD=0.00% SI=24.91% | lr=3.13e-06 time=81.15s
2025-08-16 17:55:00,944 - INFO - [Task 1][Epoch 58] train=5.1731e-04 val=1.3282e-04 | KL=0.000 | Lambda: KD=0.0000e+00 SI=8.3010e-03 | Ratio: KD=0.00% SI=24.90% | lr=3.13e-06 time=81.29s
2025-08-16 17:56:22,977 - INFO - [Task 1][Epoch 59] train=5.1204e-04 val=1.9489e-04 | KL=0.000 | Lambda: KD=0.0000e+00 SI=8.3010e-03 | Ratio: KD=0.00% SI=25.19% | lr=3.13e-06 time=82.01s
2025-08-16 17:57:43,189 - INFO - [Task 1][Epoch 60] train=5.1187e-04 val=1.0541e-04 | KL=0.000 | Lambda: KD=0.0000e+00 SI=8.3010e-03 | Ratio: KD=0.00% SI=25.23% | lr=3.13e-06 time=80.19s
2025-08-16 17:59:03,126 - INFO - [Task 1][Epoch 61] train=5.1456e-04 val=1.7554e-04 | KL=0.000 | Lambda: KD=0.0000e+00 SI=8.3010e-03 | Ratio: KD=0.00% SI=25.13% | lr=3.13e-06 time=79.91s
2025-08-16 18:00:22,203 - INFO - [Task 1][Epoch 62] train=5.1110e-04 val=2.7407e-04 | KL=0.000 | Lambda: KD=0.0000e+00 SI=8.3010e-03 | Ratio: KD=0.00% SI=25.34% | lr=1.56e-06 time=79.04s
2025-08-16 18:01:41,006 - INFO - [Task 1][Epoch 63] train=5.0470e-04 val=1.9042e-04 | KL=0.000 | Lambda: KD=0.0000e+00 SI=8.3010e-03 | Ratio: KD=0.00% SI=25.68% | lr=1.56e-06 time=78.78s
2025-08-16 18:03:00,476 - INFO - [Task 1][Epoch 64] train=5.0622e-04 val=2.2551e-04 | KL=0.000 | Lambda: KD=0.0000e+00 SI=8.3010e-03 | Ratio: KD=0.00% SI=25.62% | lr=1.56e-06 time=79.45s
2025-08-16 18:04:19,468 - INFO - [Task 1][Epoch 65] train=4.9994e-04 val=1.8389e-04 | KL=0.000 | Lambda: KD=0.0000e+00 SI=8.3010e-03 | Ratio: KD=0.00% SI=25.96% | lr=1.56e-06 time=78.93s
2025-08-16 18:05:38,615 - INFO - [Task 1][Epoch 66] train=5.0144e-04 val=2.1547e-04 | KL=0.000 | Lambda: KD=0.0000e+00 SI=8.3010e-03 | Ratio: KD=0.00% SI=25.90% | lr=1.56e-06 time=79.12s
2025-08-16 18:06:54,766 - INFO - [Task 1][Epoch 67] train=5.0260e-04 val=1.9019e-04 | KL=0.000 | Lambda: KD=0.0000e+00 SI=8.3010e-03 | Ratio: KD=0.00% SI=25.86% | lr=1.56e-06 time=76.13s
2025-08-16 18:08:10,419 - INFO - [Task 1][Epoch 68] train=5.0429e-04 val=1.0618e-04 | KL=0.000 | Lambda: KD=0.0000e+00 SI=8.3010e-03 | Ratio: KD=0.00% SI=25.79% | lr=7.81e-07 time=75.64s
2025-08-16 18:09:28,294 - INFO - [Task 1][Epoch 69] train=5.0017e-04 val=1.6519e-04 | KL=0.000 | Lambda: KD=0.0000e+00 SI=8.3010e-03 | Ratio: KD=0.00% SI=26.02% | lr=7.81e-07 time=77.86s
2025-08-16 18:10:47,535 - INFO - [Task 1][Epoch 70] train=4.9802e-04 val=1.7351e-04 | KL=0.000 | Lambda: KD=0.0000e+00 SI=8.3010e-03 | Ratio: KD=0.00% SI=26.14% | lr=7.81e-07 time=79.22s
2025-08-16 18:10:47,555 - INFO - [Task 1] Early stopping at epoch 70
2025-08-16 18:12:47,962 - INFO - [Task 2][Epoch 0] train=6.9150e-04 val=7.6806e-04 | KL=0.000 | Lambda: KD=0.0000e+00 SI=0.0000e+00 | Ratio: KD=0.00% SI=0.00% | lr=5.00e-05 time=104.24s
2025-08-16 18:14:30,472 - INFO - [Task 2][Epoch 1] train=5.5619e-04 val=5.0675e-04 | KL=0.000 | Lambda: KD=0.0000e+00 SI=8.3010e-04 | Ratio: KD=0.00% SI=0.02% | lr=5.00e-05 time=102.36s
2025-08-16 18:16:14,592 - INFO - [Task 2][Epoch 2] train=5.6376e-04 val=7.0845e-04 | KL=0.000 | Lambda: KD=0.0000e+00 SI=1.6602e-03 | Ratio: KD=0.00% SI=0.07% | lr=5.00e-05 time=103.90s
2025-08-16 18:17:55,518 - INFO - [Task 2][Epoch 3] train=5.1655e-04 val=1.3922e-04 | KL=0.000 | Lambda: KD=0.0000e+00 SI=2.4903e-03 | Ratio: KD=0.00% SI=0.18% | lr=5.00e-05 time=100.91s
2025-08-16 18:19:38,302 - INFO - [Task 2][Epoch 4] train=4.6456e-04 val=3.8065e-04 | KL=0.000 | Lambda: KD=0.0000e+00 SI=3.3204e-03 | Ratio: KD=0.00% SI=0.39% | lr=5.00e-05 time=102.65s
2025-08-16 18:20:49,577 - INFO - [Task 2][Epoch 5] train=4.0568e-04 val=1.2300e-04 | KL=0.000 | Lambda: KD=0.0000e+00 SI=4.1505e-03 | Ratio: KD=0.00% SI=0.75% | lr=5.00e-05 time=71.05s
2025-08-16 18:21:42,625 - INFO - [Task 2][Epoch 6] train=3.7376e-04 val=2.0939e-04 | KL=0.000 | Lambda: KD=0.0000e+00 SI=4.9806e-03 | Ratio: KD=0.00% SI=1.25% | lr=5.00e-05 time=53.01s
2025-08-16 18:22:35,115 - INFO - [Task 2][Epoch 7] train=3.8598e-04 val=1.7912e-04 | KL=0.000 | Lambda: KD=0.0000e+00 SI=5.8107e-03 | Ratio: KD=0.00% SI=1.76% | lr=5.00e-05 time=52.47s
2025-08-16 18:23:27,895 - INFO - [Task 2][Epoch 8] train=3.6616e-04 val=1.3946e-04 | KL=0.000 | Lambda: KD=0.0000e+00 SI=6.6408e-03 | Ratio: KD=0.00% SI=2.50% | lr=5.00e-05 time=52.78s
2025-08-16 18:24:22,643 - INFO - [Task 2][Epoch 9] train=3.3930e-04 val=1.3710e-04 | KL=0.000 | Lambda: KD=0.0000e+00 SI=7.4709e-03 | Ratio: KD=0.00% SI=3.51% | lr=5.00e-05 time=54.74s
2025-08-16 18:25:15,008 - INFO - [Task 2][Epoch 10] train=3.1000e-04 val=1.9968e-04 | KL=0.000 | Lambda: KD=0.0000e+00 SI=8.3010e-03 | Ratio: KD=0.00% SI=4.89% | lr=5.00e-05 time=52.36s
2025-08-16 18:26:08,502 - INFO - [Task 2][Epoch 11] train=3.0847e-04 val=2.6974e-04 | KL=0.000 | Lambda: KD=0.0000e+00 SI=8.3010e-03 | Ratio: KD=0.00% SI=5.45% | lr=2.50e-05 time=53.49s
2025-08-16 18:27:01,273 - INFO - [Task 2][Epoch 12] train=2.5185e-04 val=3.1905e-04 | KL=0.000 | Lambda: KD=0.0000e+00 SI=8.3010e-03 | Ratio: KD=0.00% SI=7.22% | lr=2.50e-05 time=52.77s
2025-08-16 18:27:54,223 - INFO - [Task 2][Epoch 13] train=2.3317e-04 val=4.0533e-04 | KL=0.000 | Lambda: KD=0.0000e+00 SI=8.3010e-03 | Ratio: KD=0.00% SI=8.29% | lr=2.50e-05 time=52.95s
2025-08-16 18:28:46,690 - INFO - [Task 2][Epoch 14] train=2.3105e-04 val=3.0588e-04 | KL=0.000 | Lambda: KD=0.0000e+00 SI=8.3010e-03 | Ratio: KD=0.00% SI=8.86% | lr=2.50e-05 time=52.46s
2025-08-16 18:29:39,471 - INFO - [Task 2][Epoch 15] train=2.2887e-04 val=1.7722e-04 | KL=0.000 | Lambda: KD=0.0000e+00 SI=8.3010e-03 | Ratio: KD=0.00% SI=9.39% | lr=2.50e-05 time=52.77s
2025-08-16 18:30:32,173 - INFO - [Task 2][Epoch 16] train=2.2866e-04 val=3.0926e-04 | KL=0.000 | Lambda: KD=0.0000e+00 SI=8.3010e-03 | Ratio: KD=0.00% SI=9.79% | lr=2.50e-05 time=52.70s
2025-08-16 18:31:24,822 - INFO - [Task 2][Epoch 17] train=2.0708e-04 val=2.6929e-04 | KL=0.000 | Lambda: KD=0.0000e+00 SI=8.3010e-03 | Ratio: KD=0.00% SI=11.22% | lr=1.25e-05 time=52.65s
2025-08-16 18:32:17,488 - INFO - [Task 2][Epoch 18] train=1.9537e-04 val=2.9436e-04 | KL=0.000 | Lambda: KD=0.0000e+00 SI=8.3010e-03 | Ratio: KD=0.00% SI=12.26% | lr=1.25e-05 time=52.66s
2025-08-16 18:33:10,069 - INFO - [Task 2][Epoch 19] train=1.9992e-04 val=2.9638e-04 | KL=0.000 | Lambda: KD=0.0000e+00 SI=8.3010e-03 | Ratio: KD=0.00% SI=12.23% | lr=1.25e-05 time=52.57s
2025-08-16 18:34:02,985 - INFO - [Task 2][Epoch 20] train=1.9303e-04 val=3.0799e-04 | KL=0.000 | Lambda: KD=0.0000e+00 SI=8.3010e-03 | Ratio: KD=0.00% SI=12.91% | lr=1.25e-05 time=52.91s
2025-08-16 18:34:57,739 - INFO - [Task 2][Epoch 21] train=1.8686e-04 val=2.3039e-04 | KL=0.000 | Lambda: KD=0.0000e+00 SI=8.3010e-03 | Ratio: KD=0.00% SI=13.59% | lr=1.25e-05 time=54.75s
2025-08-16 18:35:50,801 - INFO - [Task 2][Epoch 22] train=1.8693e-04 val=3.4265e-04 | KL=0.000 | Lambda: KD=0.0000e+00 SI=8.3010e-03 | Ratio: KD=0.00% SI=13.84% | lr=1.25e-05 time=53.06s
2025-08-16 18:36:43,806 - INFO - [Task 2][Epoch 23] train=1.8320e-04 val=3.3441e-04 | KL=0.000 | Lambda: KD=0.0000e+00 SI=8.3010e-03 | Ratio: KD=0.00% SI=14.38% | lr=6.25e-06 time=53.00s
2025-08-16 18:37:39,533 - INFO - [Task 2][Epoch 24] train=1.7702e-04 val=3.1098e-04 | KL=0.000 | Lambda: KD=0.0000e+00 SI=8.3010e-03 | Ratio: KD=0.00% SI=15.04% | lr=6.25e-06 time=55.72s
2025-08-16 18:38:34,693 - INFO - [Task 2][Epoch 25] train=1.7331e-04 val=2.6869e-04 | KL=0.000 | Lambda: KD=0.0000e+00 SI=8.3010e-03 | Ratio: KD=0.00% SI=15.47% | lr=6.25e-06 time=55.16s
2025-08-16 18:38:34,697 - INFO - [Task 2] Early stopping at epoch 25
2025-08-16 18:38:53,111 - INFO - ==== Incremental Training Complete ====
2025-08-16 18:38:53,115 - INFO - Evaluating final model...
2025-08-16 18:38:53,119 - INFO - ==== Starting Comprehensive Evaluation ====
2025-08-16 18:38:53,152 - INFO - Evaluating model trained after task 0...
2025-08-16 18:38:59,660 - INFO - Full test set evaluation: MAE=8.2612e-02, R2=-0.5691
2025-08-16 18:39:04,595 - INFO -   Task 0 -> Test Task 0: MAE=2.9096e-02, R2=-32.1953
2025-08-16 18:39:06,393 - INFO -   Task 0 -> Test Task 1: MAE=7.7732e-02, R2=-12.4907
2025-08-16 18:39:06,929 - INFO -   Task 0 -> Test Task 2: MAE=2.6696e-01, R2=-103.0353
2025-08-16 18:39:07,294 - INFO - Evaluating model trained after task 1...
2025-08-16 18:39:13,733 - INFO - Full test set evaluation: MAE=3.7652e-02, R2=0.7451
2025-08-16 18:39:19,486 - INFO -   Task 1 -> Test Task 0: MAE=8.4041e-02, R2=-376.7237
2025-08-16 18:39:21,277 - INFO -   Task 1 -> Test Task 1: MAE=3.8191e-02, R2=-2.3952
2025-08-16 18:39:21,632 - INFO -   Task 1 -> Test Task 2: MAE=5.4673e-02, R2=-5.6213
2025-08-16 18:39:21,633 - INFO - Evaluating model trained after task 2...
2025-08-16 18:39:28,024 - INFO - Full test set evaluation: MAE=4.2806e-02, R2=0.6656
2025-08-16 18:39:33,174 - INFO -   Task 2 -> Test Task 0: MAE=9.6371e-02, R2=-449.1596
2025-08-16 18:39:34,959 - INFO -   Task 2 -> Test Task 1: MAE=1.2486e-02, R2=0.5377
2025-08-16 18:39:35,314 - INFO -   Task 2 -> Test Task 2: MAE=3.8926e-02, R2=-1.9229
2025-08-16 18:39:35,317 - INFO - ==== Computing Continual Learning Metrics ====
2025-08-16 18:39:35,320 - INFO - Computing random initialization baselines...
2025-08-16 18:39:37,629 - INFO -   Baseline Task 0: R=-0.9732
2025-08-16 18:39:39,400 - INFO -   Baseline Task 1: R=-0.9253
2025-08-16 18:39:39,752 - INFO -   Baseline Task 2: R=-0.6923
2025-08-16 18:39:39,753 - INFO - ==== Continual Learning Results ====
2025-08-16 18:39:39,755 - INFO - BWT (Backward Transfer): -0.0208 (negative = forgetting)
2025-08-16 18:39:39,756 - INFO - FWT (Forward Transfer): 0.7426 (positive = beneficial transfer)
2025-08-16 18:39:39,757 - INFO - ACC (Average Accuracy): -0.0493
2025-08-16 18:39:39,758 - INFO - ==== Performance Matrix R[i][j] ====
2025-08-16 18:39:39,760 - INFO - Rows: trained after task i, Columns: evaluated on task j
2025-08-16 18:39:39,761 - INFO -        Task 0 Task 1 Task 2
2025-08-16 18:39:39,762 - INFO - Task 0: -0.0291 -0.0777 -0.2670
2025-08-16 18:39:39,763 - INFO - Task 1: -0.0840 -0.0382 -0.0547
2025-08-16 18:39:39,765 - INFO - Task 2: -0.0964 -0.0125 -0.0389
2025-08-16 18:39:39,851 - INFO - ==== Evaluation Complete ====
2025-08-16 18:39:39,854 - INFO - All results saved to: /beegfs/home/users/z/zzhuqshun/Thesis/final/108995/tryout_trial25_si_lr5e-5/metrics
