2025-08-11 18:40:50,275 - INFO - ==== Incremental Training (Adapter + fixed weights) ====
2025-08-11 18:42:14,370 - INFO - Incremental training - Task 0 Train IDs: ['03', '27', '05', '21', '11'], size: 107395
2025-08-11 18:42:14,375 - INFO - Incremental training - Task 0 Val IDs: ['01'], size: 20028
2025-08-11 18:42:14,379 - INFO - Incremental training - Test Task 0 size: 8584
2025-08-11 18:42:14,383 - INFO - Incremental training - Task 1 Train IDs: ['09', '29', '25'], size: 41175
2025-08-11 18:42:14,387 - INFO - Incremental training - Task 1 Val IDs: ['19'], size: 16183
2025-08-11 18:42:14,389 - INFO - Incremental training - Test Task 1 size: 6937
2025-08-11 18:42:14,393 - INFO - Incremental training - Task 2 Train IDs: ['15', '07', '23'], size: 57074
2025-08-11 18:42:14,397 - INFO - Incremental training - Task 2 Val IDs: ['13'], size: 4511
2025-08-11 18:42:14,403 - INFO - Incremental training - Test Task 2 size: 1934
2025-08-11 18:42:14,421 - INFO -   (Scaler) Scaler centers: [ 3.3374245   0.101279   27.50083333]
2025-08-11 18:42:14,430 - INFO -   (Scaler) Scaler scales: [0.18253608 1.77971742 1.05683333]
2025-08-11 18:42:14,923 - INFO - ========== Model Structure ==========
2025-08-11 18:42:14,927 - INFO - 
SOHLSTMAdapter(
  (lstm): LSTM(3, 128, num_layers=2, batch_first=True, dropout=0.3)
  (ln): LayerNorm((128,), eps=1e-05, elementwise_affine=True)
  (adapter): Adapter(
    (down): Linear(in_features=128, out_features=32, bias=False)
    (act): LeakyReLU(negative_slope=0.01)
    (drop): Dropout(p=0.1, inplace=False)
    (up): Linear(in_features=32, out_features=128, bias=False)
  )
  (head): Sequential(
    (0): Linear(in_features=128, out_features=64, bias=True)
    (1): LeakyReLU(negative_slope=0.01)
    (2): Dropout(p=0.3, inplace=False)
    (3): Linear(in_features=64, out_features=1, bias=True)
  )
)
2025-08-11 18:42:14,932 - INFO - =====================================
2025-08-11 18:42:14,937 - INFO - ====== Model Parameters Details ======
2025-08-11 18:42:14,941 - INFO - lstm.weight_ih_l0                                  | trainable |     1536 params
2025-08-11 18:42:14,945 - INFO - lstm.weight_hh_l0                                  | trainable |    65536 params
2025-08-11 18:42:14,948 - INFO - lstm.bias_ih_l0                                    | trainable |      512 params
2025-08-11 18:42:14,953 - INFO - lstm.bias_hh_l0                                    | trainable |      512 params
2025-08-11 18:42:14,957 - INFO - lstm.weight_ih_l1                                  | trainable |    65536 params
2025-08-11 18:42:14,962 - INFO - lstm.weight_hh_l1                                  | trainable |    65536 params
2025-08-11 18:42:14,966 - INFO - lstm.bias_ih_l1                                    | trainable |      512 params
2025-08-11 18:42:14,969 - INFO - lstm.bias_hh_l1                                    | trainable |      512 params
2025-08-11 18:42:14,972 - INFO - ln.weight                                          | trainable |      128 params
2025-08-11 18:42:14,976 - INFO - ln.bias                                            | trainable |      128 params
2025-08-11 18:42:14,980 - INFO - adapter.down.weight                                | trainable |     4096 params
2025-08-11 18:42:14,983 - INFO - adapter.up.weight                                  | trainable |     4096 params
2025-08-11 18:42:14,985 - INFO - head.0.weight                                      | trainable |     8192 params
2025-08-11 18:42:14,991 - INFO - head.0.bias                                        | trainable |       64 params
2025-08-11 18:42:14,995 - INFO - head.3.weight                                      | trainable |       64 params
2025-08-11 18:42:14,999 - INFO - head.3.bias                                        | trainable |        1 params
2025-08-11 18:42:15,002 - INFO - --------------------------------------------------------------------------------
2025-08-11 18:42:15,007 - INFO - Total params:                                          216961 params (only trainable)
2025-08-11 18:42:15,012 - INFO - =====================================
2025-08-11 18:42:15,019 - INFO - --- task0 ---
2025-08-11 18:45:02,888 - INFO - Task 0: skip KL calibration; KD/SI disabled; adapter_baseline=0.000
2025-08-11 18:45:02,892 - INFO - Task 0 | KL=0.000000 -> alpha=0.0000, lambda=0.0000, adapter=0.000
2025-08-11 18:46:51,696 - INFO - Epoch 000 | train=2.8601e-02 val=1.4318e-03 | task=2.8601e-02 kd=0.0000e+00 si=0.0000e+00 | KL=0.0000 a=0.000 l=0.000 ad=0.000 | lr=1.00e-04 | 108.8s
2025-08-11 18:48:40,484 - INFO - Epoch 001 | train=6.8514e-03 val=1.2918e-03 | task=6.8514e-03 kd=0.0000e+00 si=0.0000e+00 | KL=0.0000 a=0.000 l=0.000 ad=0.000 | lr=1.00e-04 | 108.7s
2025-08-11 18:50:28,846 - INFO - Epoch 002 | train=5.2833e-03 val=1.1261e-03 | task=5.2833e-03 kd=0.0000e+00 si=0.0000e+00 | KL=0.0000 a=0.000 l=0.000 ad=0.000 | lr=1.00e-04 | 108.3s
2025-08-11 18:52:17,173 - INFO - Epoch 003 | train=4.2833e-03 val=5.0089e-04 | task=4.2833e-03 kd=0.0000e+00 si=0.0000e+00 | KL=0.0000 a=0.000 l=0.000 ad=0.000 | lr=1.00e-04 | 108.3s
2025-08-11 18:54:05,276 - INFO - Epoch 004 | train=2.9158e-03 val=2.8231e-04 | task=2.9158e-03 kd=0.0000e+00 si=0.0000e+00 | KL=0.0000 a=0.000 l=0.000 ad=0.000 | lr=1.00e-04 | 108.1s
2025-08-11 18:55:54,756 - INFO - Epoch 005 | train=2.1275e-03 val=2.1855e-04 | task=2.1275e-03 kd=0.0000e+00 si=0.0000e+00 | KL=0.0000 a=0.000 l=0.000 ad=0.000 | lr=1.00e-04 | 109.4s
2025-08-11 18:57:42,697 - INFO - Epoch 006 | train=1.5249e-03 val=3.1923e-04 | task=1.5249e-03 kd=0.0000e+00 si=0.0000e+00 | KL=0.0000 a=0.000 l=0.000 ad=0.000 | lr=1.00e-04 | 107.9s
2025-08-11 18:59:34,111 - INFO - Epoch 007 | train=1.0934e-03 val=3.1499e-04 | task=1.0934e-03 kd=0.0000e+00 si=0.0000e+00 | KL=0.0000 a=0.000 l=0.000 ad=0.000 | lr=1.00e-04 | 111.4s
2025-08-11 19:01:22,176 - INFO - Epoch 008 | train=8.2022e-04 val=2.1694e-04 | task=8.2022e-04 kd=0.0000e+00 si=0.0000e+00 | KL=0.0000 a=0.000 l=0.000 ad=0.000 | lr=1.00e-04 | 108.1s
2025-08-11 19:03:09,704 - INFO - Epoch 009 | train=7.1865e-04 val=3.1428e-04 | task=7.1865e-04 kd=0.0000e+00 si=0.0000e+00 | KL=0.0000 a=0.000 l=0.000 ad=0.000 | lr=1.00e-04 | 107.5s
2025-08-11 19:04:57,716 - INFO - Epoch 010 | train=6.6881e-04 val=2.4628e-04 | task=6.6881e-04 kd=0.0000e+00 si=0.0000e+00 | KL=0.0000 a=0.000 l=0.000 ad=0.000 | lr=1.00e-04 | 108.0s
2025-08-11 19:06:46,897 - INFO - Epoch 011 | train=5.2107e-04 val=2.7020e-04 | task=5.2107e-04 kd=0.0000e+00 si=0.0000e+00 | KL=0.0000 a=0.000 l=0.000 ad=0.000 | lr=1.00e-04 | 109.2s
2025-08-11 19:08:34,477 - INFO - Epoch 012 | train=4.7219e-04 val=2.4147e-04 | task=4.7219e-04 kd=0.0000e+00 si=0.0000e+00 | KL=0.0000 a=0.000 l=0.000 ad=0.000 | lr=1.00e-04 | 107.6s
2025-08-11 19:10:22,463 - INFO - Epoch 013 | train=2.7875e-04 val=4.0440e-04 | task=2.7875e-04 kd=0.0000e+00 si=0.0000e+00 | KL=0.0000 a=0.000 l=0.000 ad=0.000 | lr=1.00e-04 | 108.0s
2025-08-11 19:12:10,788 - INFO - Epoch 014 | train=2.2224e-04 val=2.9275e-04 | task=2.2224e-04 kd=0.0000e+00 si=0.0000e+00 | KL=0.0000 a=0.000 l=0.000 ad=0.000 | lr=1.00e-04 | 108.3s
2025-08-11 19:13:57,941 - INFO - Epoch 015 | train=1.6809e-04 val=3.4157e-04 | task=1.6809e-04 kd=0.0000e+00 si=0.0000e+00 | KL=0.0000 a=0.000 l=0.000 ad=0.000 | lr=5.00e-05 | 107.2s
2025-08-11 19:15:46,352 - INFO - Epoch 016 | train=1.5110e-04 val=5.3062e-04 | task=1.5110e-04 kd=0.0000e+00 si=0.0000e+00 | KL=0.0000 a=0.000 l=0.000 ad=0.000 | lr=5.00e-05 | 108.4s
2025-08-11 19:17:34,690 - INFO - Epoch 017 | train=1.3847e-04 val=6.7201e-04 | task=1.3847e-04 kd=0.0000e+00 si=0.0000e+00 | KL=0.0000 a=0.000 l=0.000 ad=0.000 | lr=5.00e-05 | 108.3s
2025-08-11 19:19:23,879 - INFO - Epoch 018 | train=1.2070e-04 val=8.9229e-04 | task=1.2070e-04 kd=0.0000e+00 si=0.0000e+00 | KL=0.0000 a=0.000 l=0.000 ad=0.000 | lr=5.00e-05 | 109.2s
2025-08-11 19:21:15,842 - INFO - Epoch 019 | train=1.1339e-04 val=7.6506e-04 | task=1.1339e-04 kd=0.0000e+00 si=0.0000e+00 | KL=0.0000 a=0.000 l=0.000 ad=0.000 | lr=5.00e-05 | 112.0s
2025-08-11 19:23:06,592 - INFO - Epoch 020 | train=1.0679e-04 val=8.7116e-04 | task=1.0679e-04 kd=0.0000e+00 si=0.0000e+00 | KL=0.0000 a=0.000 l=0.000 ad=0.000 | lr=5.00e-05 | 110.7s
2025-08-11 19:24:54,314 - INFO - Epoch 021 | train=9.3330e-05 val=9.6013e-04 | task=9.3330e-05 kd=0.0000e+00 si=0.0000e+00 | KL=0.0000 a=0.000 l=0.000 ad=0.000 | lr=2.50e-05 | 107.7s
2025-08-11 19:26:41,100 - INFO - Epoch 022 | train=9.0955e-05 val=1.0114e-03 | task=9.0955e-05 kd=0.0000e+00 si=0.0000e+00 | KL=0.0000 a=0.000 l=0.000 ad=0.000 | lr=2.50e-05 | 106.8s
2025-08-11 19:28:28,314 - INFO - Epoch 023 | train=8.7879e-05 val=8.4020e-04 | task=8.7879e-05 kd=0.0000e+00 si=0.0000e+00 | KL=0.0000 a=0.000 l=0.000 ad=0.000 | lr=2.50e-05 | 107.2s
2025-08-11 19:30:16,223 - INFO - Epoch 024 | train=8.5790e-05 val=1.0820e-03 | task=8.5790e-05 kd=0.0000e+00 si=0.0000e+00 | KL=0.0000 a=0.000 l=0.000 ad=0.000 | lr=2.50e-05 | 107.9s
2025-08-11 19:32:10,187 - INFO - Epoch 025 | train=8.2942e-05 val=9.8463e-04 | task=8.2942e-05 kd=0.0000e+00 si=0.0000e+00 | KL=0.0000 a=0.000 l=0.000 ad=0.000 | lr=2.50e-05 | 113.9s
2025-08-11 19:34:02,489 - INFO - Epoch 026 | train=8.4349e-05 val=1.0629e-03 | task=8.4349e-05 kd=0.0000e+00 si=0.0000e+00 | KL=0.0000 a=0.000 l=0.000 ad=0.000 | lr=2.50e-05 | 112.3s
2025-08-11 19:35:50,939 - INFO - Epoch 027 | train=7.8022e-05 val=1.2929e-03 | task=7.8022e-05 kd=0.0000e+00 si=0.0000e+00 | KL=0.0000 a=0.000 l=0.000 ad=0.000 | lr=1.25e-05 | 108.4s
2025-08-11 19:37:36,638 - INFO - Epoch 028 | train=7.5137e-05 val=1.2522e-03 | task=7.5137e-05 kd=0.0000e+00 si=0.0000e+00 | KL=0.0000 a=0.000 l=0.000 ad=0.000 | lr=1.25e-05 | 105.7s
2025-08-11 19:37:36,652 - INFO - Early stopping at epoch 28
2025-08-11 19:37:36,729 - INFO - Task 0 consolidated: teacher and KL reference updated.
2025-08-11 19:37:41,700 - INFO - Task 0 completed.
2025-08-11 19:37:41,704 - INFO - --- task1 ---
2025-08-11 19:38:23,532 - INFO - Task 1 | KL=51.314865 -> alpha=0.0000, lambda=0.0000, adapter=0.000
2025-08-11 19:39:06,807 - INFO - Epoch 000 | train=1.5014e-03 val=1.5072e-03 | task=1.5014e-03 kd=0.0000e+00 si=1.4268e-02 | KL=51.3149 a=0.000 l=0.000 ad=0.000 | lr=1.00e-04 | 43.3s
2025-08-11 19:39:50,119 - INFO - Epoch 001 | train=1.1553e-03 val=1.0504e-03 | task=1.1553e-03 kd=0.0000e+00 si=4.0442e-02 | KL=51.3149 a=0.000 l=0.000 ad=0.000 | lr=1.00e-04 | 43.3s
2025-08-11 19:40:33,589 - INFO - Epoch 002 | train=9.7064e-04 val=1.3575e-03 | task=9.7064e-04 kd=0.0000e+00 si=7.2854e-02 | KL=51.3149 a=0.000 l=0.000 ad=0.000 | lr=1.00e-04 | 43.4s
2025-08-11 19:41:16,827 - INFO - Epoch 003 | train=7.7772e-04 val=1.5510e-03 | task=7.7772e-04 kd=0.0000e+00 si=1.0098e-01 | KL=51.3149 a=0.000 l=0.000 ad=0.000 | lr=1.00e-04 | 43.2s
2025-08-11 19:42:00,132 - INFO - Epoch 004 | train=7.5574e-04 val=1.2273e-03 | task=7.5574e-04 kd=0.0000e+00 si=1.2136e-01 | KL=51.3149 a=0.000 l=0.000 ad=0.000 | lr=1.00e-04 | 43.3s
2025-08-11 19:42:43,337 - INFO - Epoch 005 | train=7.7308e-04 val=1.2585e-03 | task=7.7308e-04 kd=0.0000e+00 si=1.4162e-01 | KL=51.3149 a=0.000 l=0.000 ad=0.000 | lr=1.00e-04 | 43.2s
2025-08-11 19:43:26,252 - INFO - Epoch 006 | train=6.2439e-04 val=1.2365e-03 | task=6.2439e-04 kd=0.0000e+00 si=1.6973e-01 | KL=51.3149 a=0.000 l=0.000 ad=0.000 | lr=1.00e-04 | 42.9s
2025-08-11 19:44:09,457 - INFO - Epoch 007 | train=6.1581e-04 val=1.0064e-03 | task=6.1581e-04 kd=0.0000e+00 si=1.9326e-01 | KL=51.3149 a=0.000 l=0.000 ad=0.000 | lr=1.00e-04 | 43.2s
2025-08-11 19:44:52,653 - INFO - Epoch 008 | train=5.1121e-04 val=7.7529e-04 | task=5.1121e-04 kd=0.0000e+00 si=2.1990e-01 | KL=51.3149 a=0.000 l=0.000 ad=0.000 | lr=1.00e-04 | 43.2s
2025-08-11 19:45:35,857 - INFO - Epoch 009 | train=4.5981e-04 val=6.8945e-04 | task=4.5981e-04 kd=0.0000e+00 si=2.4587e-01 | KL=51.3149 a=0.000 l=0.000 ad=0.000 | lr=1.00e-04 | 43.2s
2025-08-11 19:46:19,258 - INFO - Epoch 010 | train=4.1872e-04 val=7.0558e-04 | task=4.1872e-04 kd=0.0000e+00 si=2.7084e-01 | KL=51.3149 a=0.000 l=0.000 ad=0.000 | lr=1.00e-04 | 43.4s
2025-08-11 19:47:02,205 - INFO - Epoch 011 | train=4.4169e-04 val=8.0381e-04 | task=4.4169e-04 kd=0.0000e+00 si=3.0549e-01 | KL=51.3149 a=0.000 l=0.000 ad=0.000 | lr=1.00e-04 | 42.9s
2025-08-11 19:47:45,472 - INFO - Epoch 012 | train=3.8936e-04 val=7.6097e-04 | task=3.8936e-04 kd=0.0000e+00 si=3.2892e-01 | KL=51.3149 a=0.000 l=0.000 ad=0.000 | lr=1.00e-04 | 43.3s
2025-08-11 19:48:28,682 - INFO - Epoch 013 | train=3.7003e-04 val=7.1392e-04 | task=3.7003e-04 kd=0.0000e+00 si=3.5360e-01 | KL=51.3149 a=0.000 l=0.000 ad=0.000 | lr=1.00e-04 | 43.2s
2025-08-11 19:49:11,841 - INFO - Epoch 014 | train=3.5112e-04 val=5.9483e-04 | task=3.5112e-04 kd=0.0000e+00 si=3.8074e-01 | KL=51.3149 a=0.000 l=0.000 ad=0.000 | lr=1.00e-04 | 43.2s
2025-08-11 19:49:54,779 - INFO - Epoch 015 | train=3.3419e-04 val=9.8310e-04 | task=3.3419e-04 kd=0.0000e+00 si=4.0532e-01 | KL=51.3149 a=0.000 l=0.000 ad=0.000 | lr=1.00e-04 | 42.9s
2025-08-11 19:50:37,142 - INFO - Epoch 016 | train=3.2736e-04 val=4.6113e-04 | task=3.2736e-04 kd=0.0000e+00 si=4.3229e-01 | KL=51.3149 a=0.000 l=0.000 ad=0.000 | lr=1.00e-04 | 42.4s
2025-08-11 19:51:22,048 - INFO - Epoch 017 | train=3.2036e-04 val=4.8157e-04 | task=3.2036e-04 kd=0.0000e+00 si=4.5766e-01 | KL=51.3149 a=0.000 l=0.000 ad=0.000 | lr=1.00e-04 | 44.9s
2025-08-11 19:52:05,369 - INFO - Epoch 018 | train=3.0247e-04 val=4.2990e-04 | task=3.0247e-04 kd=0.0000e+00 si=4.8624e-01 | KL=51.3149 a=0.000 l=0.000 ad=0.000 | lr=1.00e-04 | 43.3s
2025-08-11 19:52:48,638 - INFO - Epoch 019 | train=2.9597e-04 val=2.4255e-04 | task=2.9597e-04 kd=0.0000e+00 si=5.1459e-01 | KL=51.3149 a=0.000 l=0.000 ad=0.000 | lr=1.00e-04 | 43.2s
2025-08-11 19:53:31,497 - INFO - Epoch 020 | train=2.9427e-04 val=9.3349e-05 | task=2.9427e-04 kd=0.0000e+00 si=5.3996e-01 | KL=51.3149 a=0.000 l=0.000 ad=0.000 | lr=1.00e-04 | 42.8s
2025-08-11 19:54:14,613 - INFO - Epoch 021 | train=2.8236e-04 val=3.5473e-04 | task=2.8236e-04 kd=0.0000e+00 si=5.6929e-01 | KL=51.3149 a=0.000 l=0.000 ad=0.000 | lr=1.00e-04 | 43.1s
2025-08-11 19:54:57,745 - INFO - Epoch 022 | train=2.8635e-04 val=2.2660e-04 | task=2.8635e-04 kd=0.0000e+00 si=6.0167e-01 | KL=51.3149 a=0.000 l=0.000 ad=0.000 | lr=1.00e-04 | 43.1s
2025-08-11 19:55:41,006 - INFO - Epoch 023 | train=2.7709e-04 val=3.2767e-05 | task=2.7709e-04 kd=0.0000e+00 si=6.3378e-01 | KL=51.3149 a=0.000 l=0.000 ad=0.000 | lr=1.00e-04 | 43.3s
2025-08-11 19:56:23,843 - INFO - Epoch 024 | train=2.6618e-04 val=3.5835e-04 | task=2.6618e-04 kd=0.0000e+00 si=6.5817e-01 | KL=51.3149 a=0.000 l=0.000 ad=0.000 | lr=1.00e-04 | 42.8s
2025-08-11 19:57:07,001 - INFO - Epoch 025 | train=3.2100e-04 val=2.3224e-04 | task=3.2100e-04 kd=0.0000e+00 si=6.9129e-01 | KL=51.3149 a=0.000 l=0.000 ad=0.000 | lr=1.00e-04 | 43.2s
2025-08-11 19:57:49,906 - INFO - Epoch 026 | train=2.7501e-04 val=1.9549e-04 | task=2.7501e-04 kd=0.0000e+00 si=7.2169e-01 | KL=51.3149 a=0.000 l=0.000 ad=0.000 | lr=1.00e-04 | 42.9s
2025-08-11 19:58:32,799 - INFO - Epoch 027 | train=2.6565e-04 val=9.7467e-05 | task=2.6565e-04 kd=0.0000e+00 si=7.4947e-01 | KL=51.3149 a=0.000 l=0.000 ad=0.000 | lr=1.00e-04 | 42.9s
2025-08-11 19:59:15,429 - INFO - Epoch 028 | train=2.5388e-04 val=3.3581e-04 | task=2.5388e-04 kd=0.0000e+00 si=7.7737e-01 | KL=51.3149 a=0.000 l=0.000 ad=0.000 | lr=1.00e-04 | 42.6s
2025-08-11 19:59:57,583 - INFO - Epoch 029 | train=2.4799e-04 val=2.0897e-05 | task=2.4799e-04 kd=0.0000e+00 si=8.0797e-01 | KL=51.3149 a=0.000 l=0.000 ad=0.000 | lr=1.00e-04 | 42.2s
2025-08-11 20:00:40,185 - INFO - Epoch 030 | train=7.3183e-04 val=3.9529e-04 | task=7.3183e-04 kd=0.0000e+00 si=8.5429e-01 | KL=51.3149 a=0.000 l=0.000 ad=0.000 | lr=1.00e-04 | 42.6s
2025-08-11 20:01:22,984 - INFO - Epoch 031 | train=4.7269e-04 val=1.8492e-04 | task=4.7269e-04 kd=0.0000e+00 si=8.9456e-01 | KL=51.3149 a=0.000 l=0.000 ad=0.000 | lr=1.00e-04 | 42.8s
2025-08-11 20:02:05,674 - INFO - Epoch 032 | train=3.5041e-04 val=4.2895e-05 | task=3.5041e-04 kd=0.0000e+00 si=9.1786e-01 | KL=51.3149 a=0.000 l=0.000 ad=0.000 | lr=1.00e-04 | 42.7s
2025-08-11 20:02:48,043 - INFO - Epoch 033 | train=2.6139e-04 val=5.2535e-05 | task=2.6139e-04 kd=0.0000e+00 si=9.3474e-01 | KL=51.3149 a=0.000 l=0.000 ad=0.000 | lr=1.00e-04 | 42.4s
2025-08-11 20:03:30,537 - INFO - Epoch 034 | train=2.4735e-04 val=8.5440e-05 | task=2.4735e-04 kd=0.0000e+00 si=9.5616e-01 | KL=51.3149 a=0.000 l=0.000 ad=0.000 | lr=1.00e-04 | 42.5s
2025-08-11 20:04:14,934 - INFO - Epoch 035 | train=2.3980e-04 val=7.5419e-05 | task=2.3980e-04 kd=0.0000e+00 si=9.8511e-01 | KL=51.3149 a=0.000 l=0.000 ad=0.000 | lr=1.00e-04 | 44.4s
2025-08-11 20:04:57,790 - INFO - Epoch 036 | train=2.1750e-04 val=3.3035e-05 | task=2.1750e-04 kd=0.0000e+00 si=1.0062e+00 | KL=51.3149 a=0.000 l=0.000 ad=0.000 | lr=5.00e-05 | 42.9s
2025-08-11 20:05:40,460 - INFO - Epoch 037 | train=2.1234e-04 val=3.0645e-05 | task=2.1234e-04 kd=0.0000e+00 si=1.0206e+00 | KL=51.3149 a=0.000 l=0.000 ad=0.000 | lr=5.00e-05 | 42.7s
2025-08-11 20:06:22,853 - INFO - Epoch 038 | train=2.0541e-04 val=1.0727e-04 | task=2.0541e-04 kd=0.0000e+00 si=1.0318e+00 | KL=51.3149 a=0.000 l=0.000 ad=0.000 | lr=5.00e-05 | 42.4s
2025-08-11 20:07:05,445 - INFO - Epoch 039 | train=2.0057e-04 val=4.1619e-05 | task=2.0057e-04 kd=0.0000e+00 si=1.0457e+00 | KL=51.3149 a=0.000 l=0.000 ad=0.000 | lr=5.00e-05 | 42.6s
2025-08-11 20:07:48,053 - INFO - Epoch 040 | train=1.9831e-04 val=5.3706e-05 | task=1.9831e-04 kd=0.0000e+00 si=1.0626e+00 | KL=51.3149 a=0.000 l=0.000 ad=0.000 | lr=5.00e-05 | 42.6s
2025-08-11 20:08:30,921 - INFO - Epoch 041 | train=1.9792e-04 val=2.4978e-05 | task=1.9792e-04 kd=0.0000e+00 si=1.0771e+00 | KL=51.3149 a=0.000 l=0.000 ad=0.000 | lr=5.00e-05 | 42.9s
2025-08-11 20:09:13,420 - INFO - Epoch 042 | train=1.8272e-04 val=4.2947e-05 | task=1.8272e-04 kd=0.0000e+00 si=1.0895e+00 | KL=51.3149 a=0.000 l=0.000 ad=0.000 | lr=2.50e-05 | 42.5s
2025-08-11 20:09:55,915 - INFO - Epoch 043 | train=1.8177e-04 val=2.1922e-05 | task=1.8177e-04 kd=0.0000e+00 si=1.0970e+00 | KL=51.3149 a=0.000 l=0.000 ad=0.000 | lr=2.50e-05 | 42.5s
2025-08-11 20:10:38,407 - INFO - Epoch 044 | train=1.8359e-04 val=4.4640e-05 | task=1.8359e-04 kd=0.0000e+00 si=1.1038e+00 | KL=51.3149 a=0.000 l=0.000 ad=0.000 | lr=2.50e-05 | 42.5s
2025-08-11 20:11:21,032 - INFO - Epoch 045 | train=1.7795e-04 val=3.6403e-05 | task=1.7795e-04 kd=0.0000e+00 si=1.1113e+00 | KL=51.3149 a=0.000 l=0.000 ad=0.000 | lr=2.50e-05 | 42.6s
2025-08-11 20:12:03,514 - INFO - Epoch 046 | train=1.7653e-04 val=5.0928e-05 | task=1.7653e-04 kd=0.0000e+00 si=1.1176e+00 | KL=51.3149 a=0.000 l=0.000 ad=0.000 | lr=2.50e-05 | 42.5s
2025-08-11 20:12:45,685 - INFO - Epoch 047 | train=1.7239e-04 val=5.2734e-05 | task=1.7239e-04 kd=0.0000e+00 si=1.1238e+00 | KL=51.3149 a=0.000 l=0.000 ad=0.000 | lr=2.50e-05 | 42.2s
2025-08-11 20:13:29,404 - INFO - Epoch 048 | train=1.6326e-04 val=4.0166e-05 | task=1.6326e-04 kd=0.0000e+00 si=1.1295e+00 | KL=51.3149 a=0.000 l=0.000 ad=0.000 | lr=1.25e-05 | 43.7s
2025-08-11 20:14:11,688 - INFO - Epoch 049 | train=1.6523e-04 val=2.8995e-05 | task=1.6523e-04 kd=0.0000e+00 si=1.1326e+00 | KL=51.3149 a=0.000 l=0.000 ad=0.000 | lr=1.25e-05 | 42.3s
2025-08-11 20:14:11,691 - INFO - Early stopping at epoch 49
2025-08-11 20:14:11,702 - INFO - Task 1 consolidated: teacher and KL reference updated.
2025-08-11 20:14:13,722 - INFO - Task 1 completed.
2025-08-11 20:14:13,723 - INFO - --- task2 ---
2025-08-11 20:14:41,214 - INFO - Task 2 | KL=46.183379 -> alpha=0.0000, lambda=0.0000, adapter=0.000
2025-08-11 20:15:34,635 - INFO - Epoch 000 | train=3.1902e-04 val=9.8470e-04 | task=3.1902e-04 kd=0.0000e+00 si=1.5636e-02 | KL=46.1834 a=0.000 l=0.000 ad=0.000 | lr=1.00e-04 | 53.4s
2025-08-11 20:16:28,415 - INFO - Epoch 001 | train=2.2246e-04 val=3.1487e-04 | task=2.2246e-04 kd=0.0000e+00 si=4.7294e-02 | KL=46.1834 a=0.000 l=0.000 ad=0.000 | lr=1.00e-04 | 53.7s
2025-08-11 20:17:21,900 - INFO - Epoch 002 | train=1.8721e-04 val=6.8027e-04 | task=1.8721e-04 kd=0.0000e+00 si=7.4586e-02 | KL=46.1834 a=0.000 l=0.000 ad=0.000 | lr=1.00e-04 | 53.5s
2025-08-11 20:18:15,088 - INFO - Epoch 003 | train=1.6160e-04 val=1.3369e-04 | task=1.6160e-04 kd=0.0000e+00 si=1.0027e-01 | KL=46.1834 a=0.000 l=0.000 ad=0.000 | lr=1.00e-04 | 53.2s
2025-08-11 20:19:08,220 - INFO - Epoch 004 | train=1.4857e-04 val=1.7150e-04 | task=1.4857e-04 kd=0.0000e+00 si=1.3327e-01 | KL=46.1834 a=0.000 l=0.000 ad=0.000 | lr=1.00e-04 | 53.1s
2025-08-11 20:20:01,538 - INFO - Epoch 005 | train=1.3300e-04 val=2.4882e-04 | task=1.3300e-04 kd=0.0000e+00 si=1.7105e-01 | KL=46.1834 a=0.000 l=0.000 ad=0.000 | lr=1.00e-04 | 53.3s
2025-08-11 20:20:54,410 - INFO - Epoch 006 | train=1.2937e-04 val=9.2209e-05 | task=1.2937e-04 kd=0.0000e+00 si=2.1292e-01 | KL=46.1834 a=0.000 l=0.000 ad=0.000 | lr=1.00e-04 | 52.9s
2025-08-11 20:21:47,656 - INFO - Epoch 007 | train=1.2054e-04 val=1.6504e-04 | task=1.2054e-04 kd=0.0000e+00 si=2.5803e-01 | KL=46.1834 a=0.000 l=0.000 ad=0.000 | lr=1.00e-04 | 53.2s
2025-08-11 20:22:40,689 - INFO - Epoch 008 | train=1.1868e-04 val=6.5096e-05 | task=1.1868e-04 kd=0.0000e+00 si=3.0763e-01 | KL=46.1834 a=0.000 l=0.000 ad=0.000 | lr=1.00e-04 | 53.0s
2025-08-11 20:23:32,572 - INFO - Epoch 009 | train=1.1270e-04 val=1.7050e-04 | task=1.1270e-04 kd=0.0000e+00 si=3.6247e-01 | KL=46.1834 a=0.000 l=0.000 ad=0.000 | lr=1.00e-04 | 51.9s
2025-08-11 20:24:26,676 - INFO - Epoch 010 | train=1.1036e-04 val=7.8308e-05 | task=1.1036e-04 kd=0.0000e+00 si=4.2185e-01 | KL=46.1834 a=0.000 l=0.000 ad=0.000 | lr=1.00e-04 | 54.1s
2025-08-11 20:25:18,543 - INFO - Epoch 011 | train=1.0884e-04 val=6.3207e-05 | task=1.0884e-04 kd=0.0000e+00 si=4.8280e-01 | KL=46.1834 a=0.000 l=0.000 ad=0.000 | lr=1.00e-04 | 51.9s
2025-08-11 20:26:10,352 - INFO - Epoch 012 | train=1.0260e-04 val=7.1811e-05 | task=1.0260e-04 kd=0.0000e+00 si=5.4397e-01 | KL=46.1834 a=0.000 l=0.000 ad=0.000 | lr=1.00e-04 | 51.8s
2025-08-11 20:27:01,639 - INFO - Epoch 013 | train=1.0453e-04 val=8.2410e-05 | task=1.0453e-04 kd=0.0000e+00 si=6.0596e-01 | KL=46.1834 a=0.000 l=0.000 ad=0.000 | lr=1.00e-04 | 51.3s
2025-08-11 20:27:51,296 - INFO - Epoch 014 | train=1.0288e-04 val=4.1098e-05 | task=1.0288e-04 kd=0.0000e+00 si=6.7127e-01 | KL=46.1834 a=0.000 l=0.000 ad=0.000 | lr=1.00e-04 | 49.7s
2025-08-11 20:28:39,963 - INFO - Epoch 015 | train=1.0331e-04 val=4.9527e-05 | task=1.0331e-04 kd=0.0000e+00 si=7.4160e-01 | KL=46.1834 a=0.000 l=0.000 ad=0.000 | lr=1.00e-04 | 48.6s
2025-08-11 20:29:38,634 - INFO - Epoch 016 | train=9.8678e-05 val=8.6935e-05 | task=9.8678e-05 kd=0.0000e+00 si=8.1014e-01 | KL=46.1834 a=0.000 l=0.000 ad=0.000 | lr=1.00e-04 | 58.7s
2025-08-11 20:30:40,525 - INFO - Epoch 017 | train=1.0128e-04 val=3.4002e-05 | task=1.0128e-04 kd=0.0000e+00 si=8.7777e-01 | KL=46.1834 a=0.000 l=0.000 ad=0.000 | lr=1.00e-04 | 61.9s
2025-08-11 20:31:39,616 - INFO - Epoch 018 | train=9.6508e-05 val=1.3256e-04 | task=9.6508e-05 kd=0.0000e+00 si=9.4788e-01 | KL=46.1834 a=0.000 l=0.000 ad=0.000 | lr=1.00e-04 | 59.0s
2025-08-11 20:32:38,432 - INFO - Epoch 019 | train=9.3106e-05 val=2.1931e-05 | task=9.3106e-05 kd=0.0000e+00 si=1.0216e+00 | KL=46.1834 a=0.000 l=0.000 ad=0.000 | lr=1.00e-04 | 58.8s
2025-08-11 20:33:40,037 - INFO - Epoch 020 | train=9.8727e-05 val=3.6303e-05 | task=9.8727e-05 kd=0.0000e+00 si=1.0939e+00 | KL=46.1834 a=0.000 l=0.000 ad=0.000 | lr=1.00e-04 | 61.6s
2025-08-11 20:34:39,158 - INFO - Epoch 021 | train=9.3731e-05 val=3.4425e-05 | task=9.3731e-05 kd=0.0000e+00 si=1.1675e+00 | KL=46.1834 a=0.000 l=0.000 ad=0.000 | lr=1.00e-04 | 59.1s
2025-08-11 20:35:39,837 - INFO - Epoch 022 | train=9.1896e-05 val=4.2373e-05 | task=9.1896e-05 kd=0.0000e+00 si=1.2453e+00 | KL=46.1834 a=0.000 l=0.000 ad=0.000 | lr=1.00e-04 | 60.7s
2025-08-11 20:36:39,728 - INFO - Epoch 023 | train=8.9589e-05 val=2.3508e-05 | task=8.9589e-05 kd=0.0000e+00 si=1.3246e+00 | KL=46.1834 a=0.000 l=0.000 ad=0.000 | lr=1.00e-04 | 59.9s
2025-08-11 20:37:43,113 - INFO - Epoch 024 | train=8.9549e-05 val=1.2390e-04 | task=8.9549e-05 kd=0.0000e+00 si=1.4058e+00 | KL=46.1834 a=0.000 l=0.000 ad=0.000 | lr=1.00e-04 | 63.4s
2025-08-11 20:38:46,882 - INFO - Epoch 025 | train=9.0125e-05 val=3.3045e-05 | task=9.0125e-05 kd=0.0000e+00 si=1.4858e+00 | KL=46.1834 a=0.000 l=0.000 ad=0.000 | lr=1.00e-04 | 63.8s
2025-08-11 20:39:50,763 - INFO - Epoch 026 | train=7.8159e-05 val=3.0321e-05 | task=7.8159e-05 kd=0.0000e+00 si=1.5459e+00 | KL=46.1834 a=0.000 l=0.000 ad=0.000 | lr=5.00e-05 | 63.9s
2025-08-11 20:40:54,674 - INFO - Epoch 027 | train=7.8231e-05 val=4.7229e-05 | task=7.8231e-05 kd=0.0000e+00 si=1.5859e+00 | KL=46.1834 a=0.000 l=0.000 ad=0.000 | lr=5.00e-05 | 63.9s
2025-08-11 20:42:11,605 - INFO - Epoch 028 | train=7.7073e-05 val=3.7690e-05 | task=7.7073e-05 kd=0.0000e+00 si=1.6266e+00 | KL=46.1834 a=0.000 l=0.000 ad=0.000 | lr=5.00e-05 | 76.9s
2025-08-11 20:43:37,179 - INFO - Epoch 029 | train=7.7368e-05 val=2.9851e-05 | task=7.7368e-05 kd=0.0000e+00 si=1.6670e+00 | KL=46.1834 a=0.000 l=0.000 ad=0.000 | lr=5.00e-05 | 85.6s
2025-08-11 20:45:00,182 - INFO - Epoch 030 | train=7.3308e-05 val=2.9621e-05 | task=7.3308e-05 kd=0.0000e+00 si=1.7075e+00 | KL=46.1834 a=0.000 l=0.000 ad=0.000 | lr=5.00e-05 | 83.0s
2025-08-11 20:46:22,352 - INFO - Epoch 031 | train=7.1695e-05 val=2.7928e-05 | task=7.1695e-05 kd=0.0000e+00 si=1.7465e+00 | KL=46.1834 a=0.000 l=0.000 ad=0.000 | lr=5.00e-05 | 82.2s
2025-08-11 20:47:49,720 - INFO - Epoch 032 | train=6.7723e-05 val=2.3300e-05 | task=6.7723e-05 kd=0.0000e+00 si=1.7754e+00 | KL=46.1834 a=0.000 l=0.000 ad=0.000 | lr=2.50e-05 | 87.4s
2025-08-11 20:49:18,400 - INFO - Epoch 033 | train=6.7148e-05 val=2.1257e-05 | task=6.7148e-05 kd=0.0000e+00 si=1.7956e+00 | KL=46.1834 a=0.000 l=0.000 ad=0.000 | lr=2.50e-05 | 88.7s
2025-08-11 20:50:47,756 - INFO - Epoch 034 | train=6.7079e-05 val=5.7698e-05 | task=6.7079e-05 kd=0.0000e+00 si=1.8148e+00 | KL=46.1834 a=0.000 l=0.000 ad=0.000 | lr=2.50e-05 | 89.2s
2025-08-11 20:52:15,117 - INFO - Epoch 035 | train=6.6799e-05 val=6.2798e-05 | task=6.6799e-05 kd=0.0000e+00 si=1.8350e+00 | KL=46.1834 a=0.000 l=0.000 ad=0.000 | lr=2.50e-05 | 87.3s
2025-08-11 20:53:44,376 - INFO - Epoch 036 | train=6.6866e-05 val=4.5524e-05 | task=6.6866e-05 kd=0.0000e+00 si=1.8543e+00 | KL=46.1834 a=0.000 l=0.000 ad=0.000 | lr=2.50e-05 | 89.2s
2025-08-11 20:55:12,750 - INFO - Epoch 037 | train=6.5960e-05 val=9.1132e-05 | task=6.5960e-05 kd=0.0000e+00 si=1.8737e+00 | KL=46.1834 a=0.000 l=0.000 ad=0.000 | lr=2.50e-05 | 88.4s
2025-08-11 20:56:40,918 - INFO - Epoch 038 | train=6.3253e-05 val=2.5863e-05 | task=6.3253e-05 kd=0.0000e+00 si=1.8924e+00 | KL=46.1834 a=0.000 l=0.000 ad=0.000 | lr=2.50e-05 | 88.2s
2025-08-11 20:58:08,871 - INFO - Epoch 039 | train=6.7207e-05 val=4.1092e-05 | task=6.7207e-05 kd=0.0000e+00 si=1.9109e+00 | KL=46.1834 a=0.000 l=0.000 ad=0.000 | lr=2.50e-05 | 87.9s
2025-08-11 20:59:37,503 - INFO - Epoch 040 | train=6.3538e-05 val=6.9512e-05 | task=6.3538e-05 kd=0.0000e+00 si=1.9250e+00 | KL=46.1834 a=0.000 l=0.000 ad=0.000 | lr=1.25e-05 | 88.6s
2025-08-11 21:01:06,397 - INFO - Epoch 041 | train=6.3453e-05 val=6.6211e-05 | task=6.3453e-05 kd=0.0000e+00 si=1.9340e+00 | KL=46.1834 a=0.000 l=0.000 ad=0.000 | lr=1.25e-05 | 88.9s
2025-08-11 21:02:34,528 - INFO - Epoch 042 | train=6.1410e-05 val=1.1371e-04 | task=6.1410e-05 kd=0.0000e+00 si=1.9431e+00 | KL=46.1834 a=0.000 l=0.000 ad=0.000 | lr=1.25e-05 | 88.1s
2025-08-11 21:04:01,018 - INFO - Epoch 043 | train=6.3098e-05 val=1.0788e-04 | task=6.3098e-05 kd=0.0000e+00 si=1.9526e+00 | KL=46.1834 a=0.000 l=0.000 ad=0.000 | lr=1.25e-05 | 86.5s
2025-08-11 21:05:27,388 - INFO - Epoch 044 | train=6.2048e-05 val=1.0260e-04 | task=6.2048e-05 kd=0.0000e+00 si=1.9615e+00 | KL=46.1834 a=0.000 l=0.000 ad=0.000 | lr=1.25e-05 | 86.4s
2025-08-11 21:06:52,287 - INFO - Epoch 045 | train=6.3581e-05 val=9.5038e-05 | task=6.3581e-05 kd=0.0000e+00 si=1.9705e+00 | KL=46.1834 a=0.000 l=0.000 ad=0.000 | lr=1.25e-05 | 84.9s
2025-08-11 21:08:17,958 - INFO - Epoch 046 | train=6.0776e-05 val=9.5453e-05 | task=6.0776e-05 kd=0.0000e+00 si=1.9769e+00 | KL=46.1834 a=0.000 l=0.000 ad=0.000 | lr=6.25e-06 | 85.7s
2025-08-11 21:09:43,554 - INFO - Epoch 047 | train=5.9161e-05 val=6.7395e-05 | task=5.9161e-05 kd=0.0000e+00 si=1.9814e+00 | KL=46.1834 a=0.000 l=0.000 ad=0.000 | lr=6.25e-06 | 85.6s
2025-08-11 21:11:09,247 - INFO - Epoch 048 | train=5.9585e-05 val=1.2726e-04 | task=5.9585e-05 kd=0.0000e+00 si=1.9859e+00 | KL=46.1834 a=0.000 l=0.000 ad=0.000 | lr=6.25e-06 | 85.7s
2025-08-11 21:12:23,584 - INFO - Epoch 049 | train=5.9875e-05 val=1.0108e-04 | task=5.9875e-05 kd=0.0000e+00 si=1.9908e+00 | KL=46.1834 a=0.000 l=0.000 ad=0.000 | lr=6.25e-06 | 74.3s
2025-08-11 21:13:50,144 - INFO - Epoch 050 | train=5.8864e-05 val=1.1830e-04 | task=5.8864e-05 kd=0.0000e+00 si=1.9953e+00 | KL=46.1834 a=0.000 l=0.000 ad=0.000 | lr=6.25e-06 | 86.5s
2025-08-11 21:15:16,370 - INFO - Epoch 051 | train=5.8905e-05 val=7.4420e-05 | task=5.8905e-05 kd=0.0000e+00 si=1.9995e+00 | KL=46.1834 a=0.000 l=0.000 ad=0.000 | lr=6.25e-06 | 86.2s
2025-08-11 21:16:42,931 - INFO - Epoch 052 | train=5.5950e-05 val=1.4736e-04 | task=5.5950e-05 kd=0.0000e+00 si=2.0031e+00 | KL=46.1834 a=0.000 l=0.000 ad=0.000 | lr=3.13e-06 | 86.5s
2025-08-11 21:18:09,955 - INFO - Epoch 053 | train=5.8665e-05 val=1.4823e-04 | task=5.8665e-05 kd=0.0000e+00 si=2.0052e+00 | KL=46.1834 a=0.000 l=0.000 ad=0.000 | lr=3.13e-06 | 87.0s
2025-08-11 21:18:09,969 - INFO - Early stopping at epoch 53
2025-08-11 21:18:09,984 - INFO - Task 2 consolidated: teacher and KL reference updated.
2025-08-11 21:18:12,424 - INFO - Task 2 completed.
2025-08-11 21:18:12,432 - INFO - ==== Incremental Training Complete ====
2025-08-11 21:18:12,444 - INFO - ==== Starting Comprehensive Evaluation ====
2025-08-11 21:18:12,496 - INFO - Evaluating model trained after task 0...
2025-08-11 21:18:12,637 - INFO - Using adapter_scale=0.000000 for task 0 evaluation.
2025-08-11 21:18:18,970 - INFO - Full test set evaluation: MAE=7.3326e-02, R2=-0.1191
2025-08-11 21:18:24,675 - INFO -   Task 0 -> Test Task 0: MAE=2.9657e-02, R2=-33.0669
2025-08-11 21:18:26,459 - INFO -   Task 0 -> Test Task 1: MAE=8.4695e-02, R2=-14.6430
2025-08-11 21:18:26,818 - INFO -   Task 0 -> Test Task 2: MAE=5.2582e-02, R2=-4.3676
2025-08-11 21:18:26,830 - INFO - Evaluating model trained after task 1...
2025-08-11 21:18:27,025 - INFO - Using adapter_scale=0.000000 for task 1 evaluation.
2025-08-11 21:18:33,345 - INFO - Full test set evaluation: MAE=1.6860e-02, R2=0.9350
2025-08-11 21:18:39,074 - INFO -   Task 1 -> Test Task 0: MAE=3.6529e-02, R2=-81.4245
2025-08-11 21:18:40,853 - INFO -   Task 1 -> Test Task 1: MAE=8.6540e-03, R2=0.7198
2025-08-11 21:18:41,214 - INFO -   Task 1 -> Test Task 2: MAE=1.6555e-01, R2=-37.7665
2025-08-11 21:18:41,230 - INFO - Evaluating model trained after task 2...
2025-08-11 21:18:41,405 - INFO - Using adapter_scale=0.000000 for task 2 evaluation.
2025-08-11 21:18:47,732 - INFO - Full test set evaluation: MAE=4.5445e-02, R2=0.6801
2025-08-11 21:18:53,699 - INFO -   Task 2 -> Test Task 0: MAE=4.1924e-02, R2=-71.9857
2025-08-11 21:18:55,495 - INFO -   Task 2 -> Test Task 1: MAE=3.3783e-02, R2=-1.5371
2025-08-11 21:18:55,864 - INFO -   Task 2 -> Test Task 2: MAE=1.2686e-02, R2=0.7302
2025-08-11 21:18:55,874 - INFO - ==== Computing Continual Learning Metrics ====
2025-08-11 21:18:55,889 - INFO - Computing random initialization baselines...
2025-08-11 21:18:58,463 - INFO -   Baseline Task 0: R=-0.7494
2025-08-11 21:19:00,248 - INFO -   Baseline Task 1: R=-0.7206
2025-08-11 21:19:00,608 - INFO -   Baseline Task 2: R=-0.4986
2025-08-11 21:19:00,621 - INFO - ==== Continual Learning Results ====
2025-08-11 21:19:00,634 - INFO - BWT (Backward Transfer): -0.0187 (negative = forgetting)
2025-08-11 21:19:00,649 - INFO - FWT (Forward Transfer): 0.4845 (positive = beneficial transfer)
2025-08-11 21:19:00,663 - INFO - ACC (Average Accuracy): -0.0295
2025-08-11 21:19:00,677 - INFO - ==== Performance Matrix R[i][j] ====
2025-08-11 21:19:00,692 - INFO - Rows: trained after task i, Columns: evaluated on task j
2025-08-11 21:19:00,706 - INFO -        Task 0 Task 1 Task 2
2025-08-11 21:19:00,719 - INFO - Task 0: -0.0297 -0.0847 -0.0526
2025-08-11 21:19:00,732 - INFO - Task 1: -0.0365 -0.0087 -0.1656
2025-08-11 21:19:00,745 - INFO - Task 2: -0.0419 -0.0338 -0.0127
2025-08-11 21:19:01,052 - INFO - ==== Evaluation Complete ====
2025-08-11 21:19:01,064 - INFO - All results saved to: /beegfs/home/users/z/zzhuqshun/Thesis/final/adapter_ft/metrics
