2025-07-26 18:00:08,461 - ==== Joint Training Phase ====
2025-07-26 18:01:43,896 - Joint training - Train IDs: ['03', '05', '07', '09', '11', '15', '21', '23', '25', '27', '29'], size: 205644
2025-07-26 18:01:43,913 - Joint training - Val IDs: ['01', '19', '13'], size: 58177
2025-07-26 18:01:43,932 - Joint training - Test ID: 17, size: 22872
2025-07-26 18:01:43,976 -   (Scaler) Scaler centers: [ 3.342422    0.17992967 27.75      ]
2025-07-26 18:01:44,002 -   (Scaler) Scaler scales: [0.18428363 1.77955483 1.81783333]
2025-07-26 18:16:03,040 - Epoch 000 | task 3.0925e-02 | kd 0.0000e+00 | ewc 0.0000e+00 | val 3.7999e-03 | lr 1.00e-04 | 273.24s
2025-07-26 18:19:37,358 - Epoch 001 | task 9.7914e-03 | kd 0.0000e+00 | ewc 0.0000e+00 | val 6.7046e-03 | lr 1.00e-04 | 214.26s
2025-07-26 18:23:21,913 - Epoch 002 | task 3.2070e-03 | kd 0.0000e+00 | ewc 0.0000e+00 | val 7.4095e-04 | lr 1.00e-04 | 224.54s
2025-07-26 18:26:55,402 - Epoch 003 | task 1.1456e-03 | kd 0.0000e+00 | ewc 0.0000e+00 | val 8.5776e-04 | lr 1.00e-04 | 213.42s
2025-07-26 18:30:35,572 - Epoch 004 | task 8.6323e-04 | kd 0.0000e+00 | ewc 0.0000e+00 | val 6.7242e-04 | lr 1.00e-04 | 220.16s
2025-07-26 18:34:35,651 - Epoch 005 | task 7.5768e-04 | kd 0.0000e+00 | ewc 0.0000e+00 | val 1.1369e-03 | lr 1.00e-04 | 240.03s
2025-07-26 18:38:10,935 - Epoch 006 | task 8.7208e-04 | kd 0.0000e+00 | ewc 0.0000e+00 | val 7.4391e-04 | lr 1.00e-04 | 215.27s
2025-07-26 18:41:44,840 - Epoch 007 | task 7.0754e-04 | kd 0.0000e+00 | ewc 0.0000e+00 | val 5.8972e-04 | lr 1.00e-04 | 213.90s
2025-07-26 18:45:19,804 - Epoch 008 | task 6.0050e-04 | kd 0.0000e+00 | ewc 0.0000e+00 | val 3.8439e-04 | lr 1.00e-04 | 214.91s
2025-07-26 18:48:55,608 - Epoch 009 | task 4.2684e-04 | kd 0.0000e+00 | ewc 0.0000e+00 | val 3.8360e-04 | lr 1.00e-04 | 215.74s
2025-07-26 18:52:30,851 - Epoch 010 | task 3.9778e-04 | kd 0.0000e+00 | ewc 0.0000e+00 | val 4.2518e-04 | lr 1.00e-04 | 215.18s
2025-07-26 18:56:02,619 - Epoch 011 | task 3.1334e-04 | kd 0.0000e+00 | ewc 0.0000e+00 | val 3.0648e-04 | lr 1.00e-04 | 211.74s
2025-07-26 18:59:36,038 - Epoch 012 | task 3.0518e-04 | kd 0.0000e+00 | ewc 0.0000e+00 | val 2.9473e-04 | lr 1.00e-04 | 213.35s
2025-07-26 19:03:08,250 - Epoch 013 | task 2.8888e-04 | kd 0.0000e+00 | ewc 0.0000e+00 | val 5.8513e-04 | lr 1.00e-04 | 212.15s
2025-07-26 19:06:41,419 - Epoch 014 | task 2.6840e-04 | kd 0.0000e+00 | ewc 0.0000e+00 | val 4.1157e-04 | lr 1.00e-04 | 213.15s
2025-07-26 19:10:13,685 - Epoch 015 | task 2.0880e-04 | kd 0.0000e+00 | ewc 0.0000e+00 | val 4.5163e-04 | lr 1.00e-04 | 212.25s
2025-07-26 19:13:45,487 - Epoch 016 | task 2.0013e-04 | kd 0.0000e+00 | ewc 0.0000e+00 | val 3.1692e-04 | lr 1.00e-04 | 211.78s
2025-07-26 19:17:16,758 - Epoch 017 | task 2.3331e-04 | kd 0.0000e+00 | ewc 0.0000e+00 | val 3.5999e-04 | lr 1.00e-04 | 211.25s
2025-07-26 19:20:46,661 - Epoch 018 | task 1.9213e-04 | kd 0.0000e+00 | ewc 0.0000e+00 | val 2.8682e-04 | lr 1.00e-04 | 209.89s
2025-07-26 19:24:16,508 - Epoch 019 | task 1.8176e-04 | kd 0.0000e+00 | ewc 0.0000e+00 | val 4.2709e-04 | lr 1.00e-04 | 209.77s
2025-07-26 19:27:43,976 - Epoch 020 | task 1.7518e-04 | kd 0.0000e+00 | ewc 0.0000e+00 | val 4.7783e-04 | lr 1.00e-04 | 207.46s
2025-07-26 19:31:10,782 - Epoch 021 | task 1.7228e-04 | kd 0.0000e+00 | ewc 0.0000e+00 | val 3.3503e-04 | lr 1.00e-04 | 206.78s
2025-07-26 19:34:35,120 - Epoch 022 | task 1.6682e-04 | kd 0.0000e+00 | ewc 0.0000e+00 | val 5.1329e-04 | lr 1.00e-04 | 204.30s
2025-07-26 19:37:58,588 - Epoch 023 | task 1.6359e-04 | kd 0.0000e+00 | ewc 0.0000e+00 | val 4.2164e-04 | lr 1.00e-04 | 203.45s
2025-07-26 19:41:20,174 - Epoch 024 | task 1.5955e-04 | kd 0.0000e+00 | ewc 0.0000e+00 | val 3.9715e-04 | lr 5.00e-05 | 201.58s
2025-07-26 19:44:40,429 - Epoch 025 | task 1.3962e-04 | kd 0.0000e+00 | ewc 0.0000e+00 | val 3.4049e-04 | lr 5.00e-05 | 200.23s
2025-07-26 19:47:57,984 - Epoch 026 | task 1.4038e-04 | kd 0.0000e+00 | ewc 0.0000e+00 | val 5.0403e-04 | lr 5.00e-05 | 197.55s
2025-07-26 19:51:37,360 - Epoch 027 | task 1.3717e-04 | kd 0.0000e+00 | ewc 0.0000e+00 | val 4.2339e-04 | lr 5.00e-05 | 219.36s
2025-07-26 19:55:34,122 - Epoch 028 | task 1.3611e-04 | kd 0.0000e+00 | ewc 0.0000e+00 | val 3.7745e-04 | lr 5.00e-05 | 236.75s
2025-07-26 19:59:46,027 - Epoch 029 | task 1.3494e-04 | kd 0.0000e+00 | ewc 0.0000e+00 | val 4.0722e-04 | lr 5.00e-05 | 251.89s
2025-07-26 20:03:45,028 - Epoch 030 | task 1.3578e-04 | kd 0.0000e+00 | ewc 0.0000e+00 | val 3.7909e-04 | lr 2.50e-05 | 238.99s
2025-07-26 20:08:32,984 - Epoch 031 | task 1.2529e-04 | kd 0.0000e+00 | ewc 0.0000e+00 | val 3.9041e-04 | lr 2.50e-05 | 287.90s
2025-07-26 20:13:33,566 - Epoch 032 | task 1.2397e-04 | kd 0.0000e+00 | ewc 0.0000e+00 | val 4.1191e-04 | lr 2.50e-05 | 300.54s
2025-07-26 20:16:57,786 - Epoch 033 | task 1.2381e-04 | kd 0.0000e+00 | ewc 0.0000e+00 | val 4.4846e-04 | lr 2.50e-05 | 204.21s
2025-07-26 20:20:12,667 - Epoch 034 | task 1.2421e-04 | kd 0.0000e+00 | ewc 0.0000e+00 | val 4.0662e-04 | lr 2.50e-05 | 194.87s
2025-07-26 20:23:29,860 - Epoch 035 | task 1.2313e-04 | kd 0.0000e+00 | ewc 0.0000e+00 | val 3.8441e-04 | lr 2.50e-05 | 197.18s
2025-07-26 20:26:45,764 - Epoch 036 | task 1.2255e-04 | kd 0.0000e+00 | ewc 0.0000e+00 | val 3.3777e-04 | lr 1.25e-05 | 195.90s
2025-07-26 20:30:05,694 - Epoch 037 | task 1.1779e-04 | kd 0.0000e+00 | ewc 0.0000e+00 | val 3.4304e-04 | lr 1.25e-05 | 199.92s
2025-07-26 20:33:43,186 - Epoch 038 | task 1.1748e-04 | kd 0.0000e+00 | ewc 0.0000e+00 | val 3.7760e-04 | lr 1.25e-05 | 217.49s
2025-07-26 20:33:43,187 - Early stopping at epoch 39
2025-07-26 20:33:55,892 - RMSE: 1.4033e-02, MAE: 1.1815e-02, R²: 0.9722
2025-07-26 20:34:10,986 - ==== Joint Training Completed ====

=== Job Start: Sat Jul 26 17:42:34 CEST 2025 ===
Job ID:           79180
Job Name:         relu
Partition:        gpu_short
Node List:        gpu003
Requested GPUs:   1
CUDA Devices:     0
Running on host:  gpu003

=== GPU Details via nvidia-smi ===
0, Tesla P100-PCIE-16GB, 16384 MiB, 0 %, 30
===================================
