2025-07-20 21:34:57,096 - ==== Joint Training Phase ====
2025-07-20 21:36:29,449 - Joint training - Train IDs: ['03', '05', '07', '09', '11', '15', '21', '23', '25', '27', '29'], size: 205644
2025-07-20 21:36:29,451 - Joint training - Val IDs: ['01', '19', '13'], size: 58177
2025-07-20 21:36:29,452 - Joint training - Test ID: 17, size: 22872
2025-07-20 21:36:29,472 -   (Scaler) Scaler centers: [ 3.342422    0.17992967 27.75      ]
2025-07-20 21:36:29,492 -   (Scaler) Scaler scales: [0.18428363 1.77955483 1.81783333]
2025-07-20 21:39:40,233 - Epoch 000 | task 2.2723e-02 | kd 0.0000e+00 | ewc 0.0000e+00 | val 2.2427e-03 | lr 1.00e-04 | 171.33s
2025-07-20 21:42:41,236 - Epoch 001 | task 6.2867e-03 | kd 0.0000e+00 | ewc 0.0000e+00 | val 1.1379e-03 | lr 1.00e-04 | 180.96s
2025-07-20 21:45:47,220 - Epoch 002 | task 3.6614e-03 | kd 0.0000e+00 | ewc 0.0000e+00 | val 1.2391e-03 | lr 1.00e-04 | 185.96s
2025-07-20 21:49:07,627 - Epoch 003 | task 2.0000e-03 | kd 0.0000e+00 | ewc 0.0000e+00 | val 1.2032e-03 | lr 1.00e-04 | 200.37s
2025-07-20 21:52:28,327 - Epoch 004 | task 1.1192e-03 | kd 0.0000e+00 | ewc 0.0000e+00 | val 5.6654e-04 | lr 1.00e-04 | 200.68s
2025-07-20 21:55:26,319 - Epoch 005 | task 5.9559e-04 | kd 0.0000e+00 | ewc 0.0000e+00 | val 8.9163e-04 | lr 1.00e-04 | 177.94s
2025-07-20 21:58:16,122 - Epoch 006 | task 4.0951e-04 | kd 0.0000e+00 | ewc 0.0000e+00 | val 5.7827e-04 | lr 1.00e-04 | 169.79s
2025-07-20 22:01:05,968 - Epoch 007 | task 3.1060e-04 | kd 0.0000e+00 | ewc 0.0000e+00 | val 3.5550e-04 | lr 1.00e-04 | 169.83s
2025-07-20 22:03:55,678 - Epoch 008 | task 2.3761e-04 | kd 0.0000e+00 | ewc 0.0000e+00 | val 4.8509e-04 | lr 1.00e-04 | 169.68s
2025-07-20 22:06:51,115 - Epoch 009 | task 2.0217e-04 | kd 0.0000e+00 | ewc 0.0000e+00 | val 3.0042e-04 | lr 1.00e-04 | 175.44s
2025-07-20 22:09:43,167 - Epoch 010 | task 1.8876e-04 | kd 0.0000e+00 | ewc 0.0000e+00 | val 3.5375e-04 | lr 1.00e-04 | 172.03s
2025-07-20 22:12:54,801 - Epoch 011 | task 1.6527e-04 | kd 0.0000e+00 | ewc 0.0000e+00 | val 2.6464e-04 | lr 1.00e-04 | 191.61s
2025-07-20 22:15:48,143 - Epoch 012 | task 1.4900e-04 | kd 0.0000e+00 | ewc 0.0000e+00 | val 2.8292e-04 | lr 1.00e-04 | 173.31s
2025-07-20 22:18:39,215 - Epoch 013 | task 2.1938e-04 | kd 0.0000e+00 | ewc 0.0000e+00 | val 3.0634e-04 | lr 1.00e-04 | 170.59s
2025-07-20 22:21:30,084 - Epoch 014 | task 1.3704e-04 | kd 0.0000e+00 | ewc 0.0000e+00 | val 3.6347e-04 | lr 1.00e-04 | 170.86s
2025-07-20 22:24:25,675 - Epoch 015 | task 1.3580e-04 | kd 0.0000e+00 | ewc 0.0000e+00 | val 3.0101e-04 | lr 1.00e-04 | 175.53s
2025-07-20 22:27:37,703 - Epoch 016 | task 1.3260e-04 | kd 0.0000e+00 | ewc 0.0000e+00 | val 3.0864e-04 | lr 1.00e-04 | 192.02s
2025-07-20 22:30:35,018 - Epoch 017 | task 1.2779e-04 | kd 0.0000e+00 | ewc 0.0000e+00 | val 2.7150e-04 | lr 5.00e-05 | 177.28s
2025-07-20 22:33:25,676 - Epoch 018 | task 1.0744e-04 | kd 0.0000e+00 | ewc 0.0000e+00 | val 3.5201e-04 | lr 5.00e-05 | 170.64s
2025-07-20 22:36:17,309 - Epoch 019 | task 1.0336e-04 | kd 0.0000e+00 | ewc 0.0000e+00 | val 3.4272e-04 | lr 5.00e-05 | 171.62s
2025-07-20 22:39:07,669 - Epoch 020 | task 1.0237e-04 | kd 0.0000e+00 | ewc 0.0000e+00 | val 3.9322e-04 | lr 5.00e-05 | 170.32s
2025-07-20 22:41:56,880 - Epoch 021 | task 1.0328e-04 | kd 0.0000e+00 | ewc 0.0000e+00 | val 3.8363e-04 | lr 5.00e-05 | 169.21s
2025-07-20 22:45:11,879 - Epoch 022 | task 9.9646e-05 | kd 0.0000e+00 | ewc 0.0000e+00 | val 4.8348e-04 | lr 5.00e-05 | 195.00s
2025-07-20 22:49:09,930 - Epoch 023 | task 9.8422e-05 | kd 0.0000e+00 | ewc 0.0000e+00 | val 4.9786e-04 | lr 2.50e-05 | 238.03s
2025-07-20 22:53:15,801 - Epoch 024 | task 9.1085e-05 | kd 0.0000e+00 | ewc 0.0000e+00 | val 4.0165e-04 | lr 2.50e-05 | 245.86s
2025-07-20 22:57:33,299 - Epoch 025 | task 9.0751e-05 | kd 0.0000e+00 | ewc 0.0000e+00 | val 4.5738e-04 | lr 2.50e-05 | 257.49s
2025-07-20 23:01:57,541 - Epoch 026 | task 8.9891e-05 | kd 0.0000e+00 | ewc 0.0000e+00 | val 4.5964e-04 | lr 2.50e-05 | 264.19s
2025-07-20 23:06:28,278 - Epoch 027 | task 9.0781e-05 | kd 0.0000e+00 | ewc 0.0000e+00 | val 4.7109e-04 | lr 2.50e-05 | 270.71s
2025-07-20 23:10:52,038 - Epoch 028 | task 8.7675e-05 | kd 0.0000e+00 | ewc 0.0000e+00 | val 5.2180e-04 | lr 2.50e-05 | 263.74s
2025-07-20 23:15:10,915 - Epoch 029 | task 8.7188e-05 | kd 0.0000e+00 | ewc 0.0000e+00 | val 4.4292e-04 | lr 1.25e-05 | 258.85s
2025-07-20 23:18:06,079 - Epoch 030 | task 8.4346e-05 | kd 0.0000e+00 | ewc 0.0000e+00 | val 5.1190e-04 | lr 1.25e-05 | 175.13s
2025-07-20 23:21:03,435 - Epoch 031 | task 8.3343e-05 | kd 0.0000e+00 | ewc 0.0000e+00 | val 4.7098e-04 | lr 1.25e-05 | 177.35s
2025-07-20 23:21:03,446 - Early stopping at epoch 32
2025-07-20 23:21:13,525 - RMSE: 7.2272e-03, MAE: 5.6535e-03, R²: 0.9926
2025-07-20 23:21:27,661 - ==== Joint Training Completed ====
70596