2025-08-14 14:21:25,581 - INFO - ==== Incremental Training (SI + KD via SITrainer) ====
2025-08-14 14:21:25,590 - INFO - Number of tasks: 3
2025-08-14 14:23:02,828 - INFO - Incremental training - Task 0 Train IDs: ['03', '27', '05', '21', '11'], size: 107395
2025-08-14 14:23:02,853 - INFO - Incremental training - Task 0 Val IDs: ['01'], size: 20028
2025-08-14 14:23:02,855 - INFO - Incremental training - Test Task 0 size: 8584
2025-08-14 14:23:02,858 - INFO - Incremental training - Task 1 Train IDs: ['09', '29', '25'], size: 41175
2025-08-14 14:23:02,860 - INFO - Incremental training - Task 1 Val IDs: ['19'], size: 16183
2025-08-14 14:23:02,861 - INFO - Incremental training - Test Task 1 size: 6937
2025-08-14 14:23:02,862 - INFO - Incremental training - Task 2 Train IDs: ['15', '07', '23'], size: 57074
2025-08-14 14:23:02,863 - INFO - Incremental training - Task 2 Val IDs: ['13'], size: 4511
2025-08-14 14:23:02,864 - INFO - Incremental training - Test Task 2 size: 1934
2025-08-14 14:23:02,879 - INFO -   (Scaler) Scaler centers: [ 3.3374245   0.101279   27.50083333]
2025-08-14 14:23:02,884 - INFO -   (Scaler) Scaler scales: [0.18253608 1.77971742 1.05683333]
2025-08-14 14:24:37,457 - INFO - ========== Model Structure ==========
2025-08-14 14:24:37,476 - INFO - 
SOHLSTM(
  (lstm): LSTM(3, 128, num_layers=2, batch_first=True, dropout=0.3)
  (fc): Sequential(
    (0): Linear(in_features=128, out_features=64, bias=True)
    (1): LeakyReLU(negative_slope=0.01)
    (2): Dropout(p=0.3, inplace=False)
    (3): Linear(in_features=64, out_features=1, bias=True)
  )
)
2025-08-14 14:24:37,477 - INFO - =====================================
2025-08-14 14:24:37,478 - INFO - ====== Model Parameters Details ======
2025-08-14 14:24:37,479 - INFO - lstm.weight_ih_l0                                  | trainable |     1536 params
2025-08-14 14:24:37,480 - INFO - lstm.weight_hh_l0                                  | trainable |    65536 params
2025-08-14 14:24:37,481 - INFO - lstm.bias_ih_l0                                    | trainable |      512 params
2025-08-14 14:24:37,482 - INFO - lstm.bias_hh_l0                                    | trainable |      512 params
2025-08-14 14:24:37,484 - INFO - lstm.weight_ih_l1                                  | trainable |    65536 params
2025-08-14 14:24:37,485 - INFO - lstm.weight_hh_l1                                  | trainable |    65536 params
2025-08-14 14:24:37,486 - INFO - lstm.bias_ih_l1                                    | trainable |      512 params
2025-08-14 14:24:37,487 - INFO - lstm.bias_hh_l1                                    | trainable |      512 params
2025-08-14 14:24:37,489 - INFO - fc.0.weight                                        | trainable |     8192 params
2025-08-14 14:24:37,490 - INFO - fc.0.bias                                          | trainable |       64 params
2025-08-14 14:24:37,491 - INFO - fc.3.weight                                        | trainable |       64 params
2025-08-14 14:24:37,492 - INFO - fc.3.bias                                          | trainable |        1 params
2025-08-14 14:24:37,493 - INFO - --------------------------------------------------------------------------------
2025-08-14 14:24:37,494 - INFO - Total params:                                          208513 params (only trainable)
2025-08-14 14:24:37,496 - INFO - =====================================
2025-08-14 14:24:37,580 - INFO - === Train task 0 in mode: pure-finetune ===
2025-08-14 14:26:17,274 - INFO - Epoch 0: task=3.4180e-02 kd%=0.00% si%=0.00% kl=0.000 val_mse=1.8106e-03
2025-08-14 14:27:54,871 - INFO - Epoch 1: task=7.4519e-03 kd%=0.00% si%=0.00% kl=0.000 val_mse=9.6827e-04
2025-08-14 14:29:32,174 - INFO - Epoch 2: task=5.6411e-03 kd%=0.00% si%=0.00% kl=0.000 val_mse=1.1449e-03
2025-08-14 14:31:09,252 - INFO - Epoch 3: task=4.6387e-03 kd%=0.00% si%=0.00% kl=0.000 val_mse=5.0094e-04
2025-08-14 14:32:46,858 - INFO - Epoch 4: task=3.7086e-03 kd%=0.00% si%=0.00% kl=0.000 val_mse=1.0208e-03
2025-08-14 14:34:24,147 - INFO - Epoch 5: task=2.8452e-03 kd%=0.00% si%=0.00% kl=0.000 val_mse=3.8385e-04
2025-08-14 14:36:01,392 - INFO - Epoch 6: task=1.9421e-03 kd%=0.00% si%=0.00% kl=0.000 val_mse=3.4660e-04
2025-08-14 14:37:38,221 - INFO - Epoch 7: task=1.3745e-03 kd%=0.00% si%=0.00% kl=0.000 val_mse=2.3536e-04
2025-08-14 14:39:14,136 - INFO - Epoch 8: task=1.1364e-03 kd%=0.00% si%=0.00% kl=0.000 val_mse=2.8731e-04
2025-08-14 14:40:50,221 - INFO - Epoch 9: task=8.5870e-04 kd%=0.00% si%=0.00% kl=0.000 val_mse=9.2570e-04
