2025-07-19 19:49:27,315 - ==== Incremental Training Phase ====
2025-07-19 19:50:52,338 - Incremental training - Task 0 Train IDs: ['03', '05', '07', '27'], size: 92079
2025-07-19 19:50:52,340 - Incremental training - Task 0 Val IDs: ['01'], size: 28612
2025-07-19 19:50:52,341 - Incremental training - Task 1 Train IDs: ['21', '23', '25'], size: 65674
2025-07-19 19:50:52,342 - Incremental training - Task 1 Val IDs: ['19'], size: 23120
2025-07-19 19:50:52,344 - Incremental training - Task 2 Train IDs: ['09', '11', '15', '29'], size: 47891
2025-07-19 19:50:52,345 - Incremental training - Task 2 Val IDs: ['13'], size: 6445
2025-07-19 19:50:52,346 - Incremental training - Test ID: 17, size: 22872
2025-07-19 19:50:52,347 - Incremental training - Test Task 0 size: 11139
2025-07-19 19:50:52,349 - Incremental training - Test Task 1 size: 6312
2025-07-19 19:50:52,350 - Incremental training - Test Task 2 size: 5421
2025-07-19 19:50:52,936 - ==== Training task task0 ====
2025-07-19 19:52:28,382 - Epoch 000 | task 3.8185e-02 | kd 0.0000e+00 | ewc 0.0000e+00 | val 3.9701e-04 | lr 1.00e-04 | 78.72s
2025-07-19 19:53:45,174 - Epoch 001 | task 7.2809e-03 | kd 0.0000e+00 | ewc 0.0000e+00 | val 1.2390e-03 | lr 1.00e-04 | 76.78s
2025-07-19 19:55:01,483 - Epoch 002 | task 5.3336e-03 | kd 0.0000e+00 | ewc 0.0000e+00 | val 4.1007e-04 | lr 1.00e-04 | 76.31s
2025-07-19 19:56:17,780 - Epoch 003 | task 4.3114e-03 | kd 0.0000e+00 | ewc 0.0000e+00 | val 5.2683e-04 | lr 1.00e-04 | 76.29s
2025-07-19 19:57:34,199 - Epoch 004 | task 3.4078e-03 | kd 0.0000e+00 | ewc 0.0000e+00 | val 4.0077e-04 | lr 1.00e-04 | 76.42s
2025-07-19 19:58:51,036 - Epoch 005 | task 2.6546e-03 | kd 0.0000e+00 | ewc 0.0000e+00 | val 4.2909e-04 | lr 1.00e-04 | 76.83s
2025-07-19 20:00:07,819 - Epoch 006 | task 2.0628e-03 | kd 0.0000e+00 | ewc 0.0000e+00 | val 4.1929e-04 | lr 5.00e-05 | 76.78s
2025-07-19 20:01:25,342 - Epoch 007 | task 1.6437e-03 | kd 0.0000e+00 | ewc 0.0000e+00 | val 4.1027e-04 | lr 5.00e-05 | 77.51s
2025-07-19 20:02:42,932 - Epoch 008 | task 1.3989e-03 | kd 0.0000e+00 | ewc 0.0000e+00 | val 4.0465e-04 | lr 5.00e-05 | 77.58s
2025-07-19 20:03:59,440 - Epoch 009 | task 1.1847e-03 | kd 0.0000e+00 | ewc 0.0000e+00 | val 5.2821e-04 | lr 5.00e-05 | 76.50s
2025-07-19 20:05:15,900 - Epoch 010 | task 1.0242e-03 | kd 0.0000e+00 | ewc 0.0000e+00 | val 4.1433e-04 | lr 5.00e-05 | 76.46s
2025-07-19 20:06:34,141 - Epoch 011 | task 8.8463e-04 | kd 0.0000e+00 | ewc 0.0000e+00 | val 4.8046e-04 | lr 5.00e-05 | 78.22s
2025-07-19 20:07:51,809 - Epoch 012 | task 7.6670e-04 | kd 0.0000e+00 | ewc 0.0000e+00 | val 4.4364e-04 | lr 2.50e-05 | 77.66s
2025-07-19 20:09:11,302 - Epoch 013 | task 6.8916e-04 | kd 0.0000e+00 | ewc 0.0000e+00 | val 4.5429e-04 | lr 2.50e-05 | 79.49s
2025-07-19 20:10:30,379 - Epoch 014 | task 6.5441e-04 | kd 0.0000e+00 | ewc 0.0000e+00 | val 4.0813e-04 | lr 2.50e-05 | 79.07s
2025-07-19 20:11:49,670 - Epoch 015 | task 6.1887e-04 | kd 0.0000e+00 | ewc 0.0000e+00 | val 4.5552e-04 | lr 2.50e-05 | 79.29s
2025-07-19 20:13:07,829 - Epoch 016 | task 5.8771e-04 | kd 0.0000e+00 | ewc 0.0000e+00 | val 4.4893e-04 | lr 2.50e-05 | 78.15s
2025-07-19 20:14:25,738 - Epoch 017 | task 5.6182e-04 | kd 0.0000e+00 | ewc 0.0000e+00 | val 4.4863e-04 | lr 2.50e-05 | 77.90s
2025-07-19 20:15:42,578 - Epoch 018 | task 5.3662e-04 | kd 0.0000e+00 | ewc 0.0000e+00 | val 4.3634e-04 | lr 1.25e-05 | 76.84s
2025-07-19 20:16:59,216 - Epoch 019 | task 5.0902e-04 | kd 0.0000e+00 | ewc 0.0000e+00 | val 4.3794e-04 | lr 1.25e-05 | 76.63s
2025-07-19 20:18:19,182 - Epoch 020 | task 4.9672e-04 | kd 0.0000e+00 | ewc 0.0000e+00 | val 3.9440e-04 | lr 1.25e-05 | 79.96s
2025-07-19 20:19:35,027 - Epoch 021 | task 4.8163e-04 | kd 0.0000e+00 | ewc 0.0000e+00 | val 3.8731e-04 | lr 1.25e-05 | 75.83s
2025-07-19 20:20:50,717 - Epoch 022 | task 4.6823e-04 | kd 0.0000e+00 | ewc 0.0000e+00 | val 4.1554e-04 | lr 1.25e-05 | 75.68s
2025-07-19 20:22:06,448 - Epoch 023 | task 4.0172e-04 | kd 0.0000e+00 | ewc 0.0000e+00 | val 1.0952e-03 | lr 1.25e-05 | 75.73s
2025-07-19 20:23:22,343 - Epoch 024 | task 3.2500e-04 | kd 0.0000e+00 | ewc 0.0000e+00 | val 6.6763e-04 | lr 1.25e-05 | 75.89s
2025-07-19 20:24:37,935 - Epoch 025 | task 2.9481e-04 | kd 0.0000e+00 | ewc 0.0000e+00 | val 6.9162e-04 | lr 1.25e-05 | 75.59s
2025-07-19 20:25:53,515 - Epoch 026 | task 2.7917e-04 | kd 0.0000e+00 | ewc 0.0000e+00 | val 6.5801e-04 | lr 1.25e-05 | 75.58s
2025-07-19 20:27:09,778 - Epoch 027 | task 2.6036e-04 | kd 0.0000e+00 | ewc 0.0000e+00 | val 5.1247e-04 | lr 6.25e-06 | 76.26s
2025-07-19 20:28:31,018 - Epoch 028 | task 2.3755e-04 | kd 0.0000e+00 | ewc 0.0000e+00 | val 4.9484e-04 | lr 6.25e-06 | 81.24s
2025-07-19 20:29:46,922 - Epoch 029 | task 2.2858e-04 | kd 0.0000e+00 | ewc 0.0000e+00 | val 4.9019e-04 | lr 6.25e-06 | 75.90s
2025-07-19 20:31:03,975 - Epoch 030 | task 2.1826e-04 | kd 0.0000e+00 | ewc 0.0000e+00 | val 4.7769e-04 | lr 6.25e-06 | 77.05s
2025-07-19 20:32:21,415 - Epoch 031 | task 2.1277e-04 | kd 0.0000e+00 | ewc 0.0000e+00 | val 4.6255e-04 | lr 6.25e-06 | 77.44s
2025-07-19 20:33:37,314 - Epoch 032 | task 2.0780e-04 | kd 0.0000e+00 | ewc 0.0000e+00 | val 5.2453e-04 | lr 6.25e-06 | 75.90s
2025-07-19 20:34:53,112 - Epoch 033 | task 2.0206e-04 | kd 0.0000e+00 | ewc 0.0000e+00 | val 6.0088e-04 | lr 3.13e-06 | 75.79s
2025-07-19 20:36:09,170 - Epoch 034 | task 1.9538e-04 | kd 0.0000e+00 | ewc 0.0000e+00 | val 5.9399e-04 | lr 3.13e-06 | 76.06s
2025-07-19 20:37:26,381 - Epoch 035 | task 1.9295e-04 | kd 0.0000e+00 | ewc 0.0000e+00 | val 5.4762e-04 | lr 3.13e-06 | 77.21s
2025-07-19 20:38:42,428 - Epoch 036 | task 1.9009e-04 | kd 0.0000e+00 | ewc 0.0000e+00 | val 6.5012e-04 | lr 3.13e-06 | 76.04s
2025-07-19 20:39:58,200 - Epoch 037 | task 1.8772e-04 | kd 0.0000e+00 | ewc 0.0000e+00 | val 6.8606e-04 | lr 3.13e-06 | 75.77s
2025-07-19 20:41:21,931 - Epoch 038 | task 1.8481e-04 | kd 0.0000e+00 | ewc 0.0000e+00 | val 6.5710e-04 | lr 3.13e-06 | 83.73s
2025-07-19 20:42:50,559 - Epoch 039 | task 1.8222e-04 | kd 0.0000e+00 | ewc 0.0000e+00 | val 6.4095e-04 | lr 1.56e-06 | 88.63s
2025-07-19 20:44:15,769 - Epoch 040 | task 1.7913e-04 | kd 0.0000e+00 | ewc 0.0000e+00 | val 6.6573e-04 | lr 1.56e-06 | 80.96s
2025-07-19 20:45:31,731 - Epoch 041 | task 1.7879e-04 | kd 0.0000e+00 | ewc 0.0000e+00 | val 6.4861e-04 | lr 1.56e-06 | 75.96s
2025-07-19 20:45:31,732 - Early stopping at epoch 42
2025-07-19 20:45:37,836 - Consolidate lambda: 0.0000
2025-07-19 20:45:38,116 - Applying LWF alpha: 0.0000
2025-07-19 20:46:41,500 - ==== Training task task0 completed ====
2025-07-19 20:46:41,501 - ==== Training task task1 ====
2025-07-19 20:47:39,147 - Epoch 000 | task 2.1148e-03 | kd 0.0000e+00 | ewc 0.0000e+00 | val 1.3391e-03 | lr 1.00e-04 | 57.44s
2025-07-19 20:48:36,030 - Epoch 001 | task 1.0077e-03 | kd 0.0000e+00 | ewc 0.0000e+00 | val 1.6039e-03 | lr 1.00e-04 | 56.84s
2025-07-19 20:49:32,672 - Epoch 002 | task 8.7839e-04 | kd 0.0000e+00 | ewc 0.0000e+00 | val 2.2958e-03 | lr 1.00e-04 | 56.64s
2025-07-19 20:50:29,268 - Epoch 003 | task 6.5359e-04 | kd 0.0000e+00 | ewc 0.0000e+00 | val 2.4718e-03 | lr 1.00e-04 | 56.59s
2025-07-19 20:51:25,884 - Epoch 004 | task 6.0254e-04 | kd 0.0000e+00 | ewc 0.0000e+00 | val 2.6636e-03 | lr 1.00e-04 | 56.61s
2025-07-19 20:52:22,534 - Epoch 005 | task 5.5803e-04 | kd 0.0000e+00 | ewc 0.0000e+00 | val 2.6428e-03 | lr 1.00e-04 | 56.65s
2025-07-19 20:53:19,371 - Epoch 006 | task 5.3686e-04 | kd 0.0000e+00 | ewc 0.0000e+00 | val 2.3301e-03 | lr 5.00e-05 | 56.83s
2025-07-19 20:54:15,979 - Epoch 007 | task 3.6043e-04 | kd 0.0000e+00 | ewc 0.0000e+00 | val 2.8174e-03 | lr 5.00e-05 | 56.61s
2025-07-19 20:55:12,588 - Epoch 008 | task 3.4668e-04 | kd 0.0000e+00 | ewc 0.0000e+00 | val 3.2241e-03 | lr 5.00e-05 | 56.61s
2025-07-19 20:56:09,158 - Epoch 009 | task 3.2532e-04 | kd 0.0000e+00 | ewc 0.0000e+00 | val 3.1660e-03 | lr 5.00e-05 | 56.57s
2025-07-19 20:57:05,797 - Epoch 010 | task 3.1700e-04 | kd 0.0000e+00 | ewc 0.0000e+00 | val 3.3476e-03 | lr 5.00e-05 | 56.64s
2025-07-19 20:58:02,775 - Epoch 011 | task 2.9251e-04 | kd 0.0000e+00 | ewc 0.0000e+00 | val 2.5506e-03 | lr 5.00e-05 | 56.97s
2025-07-19 20:58:59,714 - Epoch 012 | task 2.9237e-04 | kd 0.0000e+00 | ewc 0.0000e+00 | val 3.3794e-03 | lr 2.50e-05 | 56.93s
2025-07-19 20:59:57,021 - Epoch 013 | task 2.4577e-04 | kd 0.0000e+00 | ewc 0.0000e+00 | val 3.2137e-03 | lr 2.50e-05 | 57.30s
2025-07-19 21:00:59,846 - Epoch 014 | task 2.3658e-04 | kd 0.0000e+00 | ewc 0.0000e+00 | val 3.9300e-03 | lr 2.50e-05 | 62.82s
2025-07-19 21:02:00,516 - Epoch 015 | task 2.4021e-04 | kd 0.0000e+00 | ewc 0.0000e+00 | val 3.7906e-03 | lr 2.50e-05 | 60.67s
2025-07-19 21:02:59,887 - Epoch 016 | task 2.3049e-04 | kd 0.0000e+00 | ewc 0.0000e+00 | val 3.5945e-03 | lr 2.50e-05 | 59.37s
2025-07-19 21:04:04,631 - Epoch 017 | task 2.3187e-04 | kd 0.0000e+00 | ewc 0.0000e+00 | val 4.1813e-03 | lr 2.50e-05 | 64.74s
2025-07-19 21:05:11,652 - Epoch 018 | task 2.2395e-04 | kd 0.0000e+00 | ewc 0.0000e+00 | val 3.9660e-03 | lr 1.25e-05 | 67.01s
2025-07-19 21:06:32,717 - Epoch 019 | task 2.1006e-04 | kd 0.0000e+00 | ewc 0.0000e+00 | val 3.9197e-03 | lr 1.25e-05 | 81.05s
2025-07-19 21:07:40,000 - Epoch 020 | task 1.9994e-04 | kd 0.0000e+00 | ewc 0.0000e+00 | val 4.0839e-03 | lr 1.25e-05 | 67.27s
2025-07-19 21:07:40,007 - Early stopping at epoch 21
2025-07-19 21:07:42,801 - Consolidate lambda: 0.0000
2025-07-19 21:07:42,807 - Applying LWF alpha: 0.0000
2025-07-19 21:08:28,031 - ==== Training task task1 completed ====
2025-07-19 21:08:28,037 - ==== Training task task2 ====
2025-07-19 21:09:28,708 - Epoch 000 | task 2.6156e-03 | kd 0.0000e+00 | ewc 0.0000e+00 | val 1.6297e-03 | lr 1.00e-04 | 60.47s
2025-07-19 21:10:33,033 - Epoch 001 | task 1.4957e-03 | kd 0.0000e+00 | ewc 0.0000e+00 | val 1.3098e-03 | lr 1.00e-04 | 64.21s
2025-07-19 21:11:37,947 - Epoch 002 | task 1.3157e-03 | kd 0.0000e+00 | ewc 0.0000e+00 | val 1.2676e-03 | lr 1.00e-04 | 64.85s
2025-07-19 21:12:34,477 - Epoch 003 | task 1.2399e-03 | kd 0.0000e+00 | ewc 0.0000e+00 | val 1.8980e-03 | lr 1.00e-04 | 56.45s
2025-07-19 21:13:18,495 - Epoch 004 | task 1.1581e-03 | kd 0.0000e+00 | ewc 0.0000e+00 | val 1.1663e-03 | lr 1.00e-04 | 44.02s
2025-07-19 21:14:11,930 - Epoch 005 | task 1.0640e-03 | kd 0.0000e+00 | ewc 0.0000e+00 | val 1.1528e-03 | lr 1.00e-04 | 53.40s
2025-07-19 21:15:00,496 - Epoch 006 | task 1.1180e-03 | kd 0.0000e+00 | ewc 0.0000e+00 | val 1.7454e-03 | lr 1.00e-04 | 48.52s
2025-07-19 21:15:53,110 - Epoch 007 | task 9.6202e-04 | kd 0.0000e+00 | ewc 0.0000e+00 | val 1.7891e-03 | lr 1.00e-04 | 52.61s
2025-07-19 21:16:35,626 - Epoch 008 | task 9.9951e-04 | kd 0.0000e+00 | ewc 0.0000e+00 | val 1.2381e-03 | lr 1.00e-04 | 42.51s
2025-07-19 21:17:17,309 - Epoch 009 | task 8.7619e-04 | kd 0.0000e+00 | ewc 0.0000e+00 | val 1.6939e-03 | lr 1.00e-04 | 41.68s
2025-07-19 21:17:59,226 - Epoch 010 | task 8.7166e-04 | kd 0.0000e+00 | ewc 0.0000e+00 | val 1.5406e-03 | lr 1.00e-04 | 41.91s
2025-07-19 21:18:42,161 - Epoch 011 | task 8.8653e-04 | kd 0.0000e+00 | ewc 0.0000e+00 | val 1.5418e-03 | lr 5.00e-05 | 42.93s
2025-07-19 21:19:21,348 - Epoch 012 | task 6.6027e-04 | kd 0.0000e+00 | ewc 0.0000e+00 | val 1.1302e-03 | lr 5.00e-05 | 39.18s
2025-07-19 21:20:00,520 - Epoch 013 | task 6.5692e-04 | kd 0.0000e+00 | ewc 0.0000e+00 | val 1.2787e-03 | lr 5.00e-05 | 39.16s
2025-07-19 21:20:39,736 - Epoch 014 | task 6.4640e-04 | kd 0.0000e+00 | ewc 0.0000e+00 | val 1.1374e-03 | lr 5.00e-05 | 39.21s
2025-07-19 21:21:19,315 - Epoch 015 | task 6.2822e-04 | kd 0.0000e+00 | ewc 0.0000e+00 | val 1.2389e-03 | lr 5.00e-05 | 39.58s
2025-07-19 21:21:58,799 - Epoch 016 | task 6.0073e-04 | kd 0.0000e+00 | ewc 0.0000e+00 | val 1.1606e-03 | lr 5.00e-05 | 39.48s
2025-07-19 21:22:38,178 - Epoch 017 | task 5.8988e-04 | kd 0.0000e+00 | ewc 0.0000e+00 | val 1.3604e-03 | lr 5.00e-05 | 39.38s
2025-07-19 21:23:18,106 - Epoch 018 | task 6.0001e-04 | kd 0.0000e+00 | ewc 0.0000e+00 | val 1.1834e-03 | lr 2.50e-05 | 39.92s
2025-07-19 21:23:58,196 - Epoch 019 | task 5.3789e-04 | kd 0.0000e+00 | ewc 0.0000e+00 | val 1.1515e-03 | lr 2.50e-05 | 40.09s
2025-07-19 21:24:37,978 - Epoch 020 | task 5.2581e-04 | kd 0.0000e+00 | ewc 0.0000e+00 | val 1.0609e-03 | lr 2.50e-05 | 39.78s
2025-07-19 21:25:18,517 - Epoch 021 | task 5.2421e-04 | kd 0.0000e+00 | ewc 0.0000e+00 | val 1.2955e-03 | lr 2.50e-05 | 40.53s
2025-07-19 21:25:58,365 - Epoch 022 | task 5.1044e-04 | kd 0.0000e+00 | ewc 0.0000e+00 | val 1.1603e-03 | lr 2.50e-05 | 39.85s
2025-07-19 21:26:38,856 - Epoch 023 | task 5.0655e-04 | kd 0.0000e+00 | ewc 0.0000e+00 | val 9.9446e-04 | lr 2.50e-05 | 40.49s
2025-07-19 21:27:18,872 - Epoch 024 | task 4.9535e-04 | kd 0.0000e+00 | ewc 0.0000e+00 | val 1.0211e-03 | lr 2.50e-05 | 40.00s
2025-07-19 21:27:59,023 - Epoch 025 | task 4.9537e-04 | kd 0.0000e+00 | ewc 0.0000e+00 | val 1.5868e-03 | lr 2.50e-05 | 40.15s
2025-07-19 21:28:42,133 - Epoch 026 | task 4.9848e-04 | kd 0.0000e+00 | ewc 0.0000e+00 | val 1.1865e-03 | lr 2.50e-05 | 43.11s
2025-07-19 21:29:21,627 - Epoch 027 | task 4.8224e-04 | kd 0.0000e+00 | ewc 0.0000e+00 | val 1.2031e-03 | lr 2.50e-05 | 39.49s
2025-07-19 21:30:00,867 - Epoch 028 | task 4.6192e-04 | kd 0.0000e+00 | ewc 0.0000e+00 | val 1.0148e-03 | lr 2.50e-05 | 39.24s
2025-07-19 21:30:50,110 - Epoch 029 | task 4.7122e-04 | kd 0.0000e+00 | ewc 0.0000e+00 | val 1.2691e-03 | lr 1.25e-05 | 49.24s
2025-07-19 21:31:44,822 - Epoch 030 | task 4.4741e-04 | kd 0.0000e+00 | ewc 0.0000e+00 | val 1.1552e-03 | lr 1.25e-05 | 54.70s
2025-07-19 21:32:36,948 - Epoch 031 | task 4.3775e-04 | kd 0.0000e+00 | ewc 0.0000e+00 | val 9.6245e-04 | lr 1.25e-05 | 52.12s
2025-07-19 21:33:17,678 - Epoch 032 | task 4.3508e-04 | kd 0.0000e+00 | ewc 0.0000e+00 | val 1.0464e-03 | lr 1.25e-05 | 40.72s
2025-07-19 21:33:57,489 - Epoch 033 | task 4.2837e-04 | kd 0.0000e+00 | ewc 0.0000e+00 | val 9.8337e-04 | lr 1.25e-05 | 39.81s
2025-07-19 21:34:37,018 - Epoch 034 | task 4.2875e-04 | kd 0.0000e+00 | ewc 0.0000e+00 | val 1.0709e-03 | lr 1.25e-05 | 39.53s
2025-07-19 21:35:16,480 - Epoch 035 | task 4.2246e-04 | kd 0.0000e+00 | ewc 0.0000e+00 | val 1.1031e-03 | lr 1.25e-05 | 39.46s
2025-07-19 21:35:56,000 - Epoch 036 | task 4.1967e-04 | kd 0.0000e+00 | ewc 0.0000e+00 | val 9.8145e-04 | lr 1.25e-05 | 39.52s
2025-07-19 21:36:35,588 - Epoch 037 | task 4.1214e-04 | kd 0.0000e+00 | ewc 0.0000e+00 | val 1.0377e-03 | lr 6.25e-06 | 39.59s
2025-07-19 21:37:15,212 - Epoch 038 | task 4.0135e-04 | kd 0.0000e+00 | ewc 0.0000e+00 | val 1.0318e-03 | lr 6.25e-06 | 39.62s
2025-07-19 21:37:54,847 - Epoch 039 | task 3.9782e-04 | kd 0.0000e+00 | ewc 0.0000e+00 | val 9.7469e-04 | lr 6.25e-06 | 39.63s
2025-07-19 21:38:34,698 - Epoch 040 | task 3.9906e-04 | kd 0.0000e+00 | ewc 0.0000e+00 | val 1.0366e-03 | lr 6.25e-06 | 39.85s
2025-07-19 21:39:14,492 - Epoch 041 | task 3.9410e-04 | kd 0.0000e+00 | ewc 0.0000e+00 | val 1.0147e-03 | lr 6.25e-06 | 39.79s
2025-07-19 21:39:54,111 - Epoch 042 | task 3.9538e-04 | kd 0.0000e+00 | ewc 0.0000e+00 | val 9.6546e-04 | lr 6.25e-06 | 39.62s
2025-07-19 21:40:33,879 - Epoch 043 | task 3.9314e-04 | kd 0.0000e+00 | ewc 0.0000e+00 | val 9.9429e-04 | lr 3.13e-06 | 39.77s
2025-07-19 21:41:13,909 - Epoch 044 | task 3.8593e-04 | kd 0.0000e+00 | ewc 0.0000e+00 | val 9.3836e-04 | lr 3.13e-06 | 40.03s
2025-07-19 21:41:53,580 - Epoch 045 | task 3.8687e-04 | kd 0.0000e+00 | ewc 0.0000e+00 | val 9.6430e-04 | lr 3.13e-06 | 39.66s
2025-07-19 21:42:33,230 - Epoch 046 | task 3.8008e-04 | kd 0.0000e+00 | ewc 0.0000e+00 | val 9.8993e-04 | lr 3.13e-06 | 39.65s
2025-07-19 21:43:13,031 - Epoch 047 | task 3.8210e-04 | kd 0.0000e+00 | ewc 0.0000e+00 | val 9.2623e-04 | lr 3.13e-06 | 39.80s
2025-07-19 21:43:52,689 - Epoch 048 | task 3.7921e-04 | kd 0.0000e+00 | ewc 0.0000e+00 | val 9.8204e-04 | lr 3.13e-06 | 39.64s
2025-07-19 21:44:32,368 - Epoch 049 | task 3.7942e-04 | kd 0.0000e+00 | ewc 0.0000e+00 | val 9.8021e-04 | lr 3.13e-06 | 39.68s
2025-07-19 21:45:12,000 - Epoch 050 | task 3.7818e-04 | kd 0.0000e+00 | ewc 0.0000e+00 | val 9.1876e-04 | lr 3.13e-06 | 39.63s
2025-07-19 21:45:51,672 - Epoch 051 | task 3.7777e-04 | kd 0.0000e+00 | ewc 0.0000e+00 | val 9.6263e-04 | lr 3.13e-06 | 39.66s
2025-07-19 21:46:31,358 - Epoch 052 | task 3.7670e-04 | kd 0.0000e+00 | ewc 0.0000e+00 | val 9.8338e-04 | lr 3.13e-06 | 39.68s
2025-07-19 21:47:11,019 - Epoch 053 | task 3.7518e-04 | kd 0.0000e+00 | ewc 0.0000e+00 | val 9.3286e-04 | lr 3.13e-06 | 39.66s
2025-07-19 21:47:50,643 - Epoch 054 | task 3.7687e-04 | kd 0.0000e+00 | ewc 0.0000e+00 | val 9.9359e-04 | lr 3.13e-06 | 39.62s
2025-07-19 21:48:30,439 - Epoch 055 | task 3.7360e-04 | kd 0.0000e+00 | ewc 0.0000e+00 | val 9.5760e-04 | lr 3.13e-06 | 39.79s
2025-07-19 21:49:10,178 - Epoch 056 | task 3.7369e-04 | kd 0.0000e+00 | ewc 0.0000e+00 | val 9.2257e-04 | lr 1.56e-06 | 39.73s
2025-07-19 21:49:49,830 - Epoch 057 | task 3.6778e-04 | kd 0.0000e+00 | ewc 0.0000e+00 | val 9.4991e-04 | lr 1.56e-06 | 39.65s
2025-07-19 21:50:29,515 - Epoch 058 | task 3.6801e-04 | kd 0.0000e+00 | ewc 0.0000e+00 | val 9.1469e-04 | lr 1.56e-06 | 39.68s
2025-07-19 21:51:09,305 - Epoch 059 | task 3.6929e-04 | kd 0.0000e+00 | ewc 0.0000e+00 | val 9.1315e-04 | lr 1.56e-06 | 39.78s
2025-07-19 21:51:50,080 - Epoch 060 | task 3.6571e-04 | kd 0.0000e+00 | ewc 0.0000e+00 | val 9.2684e-04 | lr 1.56e-06 | 40.76s
2025-07-19 21:52:33,135 - Epoch 061 | task 3.6880e-04 | kd 0.0000e+00 | ewc 0.0000e+00 | val 9.3783e-04 | lr 1.56e-06 | 43.05s
2025-07-19 21:53:13,145 - Epoch 062 | task 3.6895e-04 | kd 0.0000e+00 | ewc 0.0000e+00 | val 9.3043e-04 | lr 1.56e-06 | 40.01s
2025-07-19 21:53:52,800 - Epoch 063 | task 3.6401e-04 | kd 0.0000e+00 | ewc 0.0000e+00 | val 9.1199e-04 | lr 1.56e-06 | 39.65s
2025-07-19 21:54:34,091 - Epoch 064 | task 3.6262e-04 | kd 0.0000e+00 | ewc 0.0000e+00 | val 9.1520e-04 | lr 1.56e-06 | 41.28s
2025-07-19 21:55:13,749 - Epoch 065 | task 3.6474e-04 | kd 0.0000e+00 | ewc 0.0000e+00 | val 9.3721e-04 | lr 1.56e-06 | 39.65s
2025-07-19 21:55:54,932 - Epoch 066 | task 3.6619e-04 | kd 0.0000e+00 | ewc 0.0000e+00 | val 9.6628e-04 | lr 1.56e-06 | 41.18s
2025-07-19 21:56:44,909 - Epoch 067 | task 3.6495e-04 | kd 0.0000e+00 | ewc 0.0000e+00 | val 8.9559e-04 | lr 1.56e-06 | 49.97s
2025-07-19 21:57:36,768 - Epoch 068 | task 3.6502e-04 | kd 0.0000e+00 | ewc 0.0000e+00 | val 9.3809e-04 | lr 1.56e-06 | 51.80s
2025-07-19 21:58:28,521 - Epoch 069 | task 3.6478e-04 | kd 0.0000e+00 | ewc 0.0000e+00 | val 8.9511e-04 | lr 1.56e-06 | 51.74s
2025-07-19 21:59:08,867 - Epoch 070 | task 3.6518e-04 | kd 0.0000e+00 | ewc 0.0000e+00 | val 9.1424e-04 | lr 1.56e-06 | 40.33s
2025-07-19 21:59:49,227 - Epoch 071 | task 3.6302e-04 | kd 0.0000e+00 | ewc 0.0000e+00 | val 9.2897e-04 | lr 1.56e-06 | 40.36s
2025-07-19 22:00:37,226 - Epoch 072 | task 3.5974e-04 | kd 0.0000e+00 | ewc 0.0000e+00 | val 9.5738e-04 | lr 1.56e-06 | 48.00s
2025-07-19 22:01:25,494 - Epoch 073 | task 3.5966e-04 | kd 0.0000e+00 | ewc 0.0000e+00 | val 9.4884e-04 | lr 1.56e-06 | 48.26s
2025-07-19 22:02:15,526 - Epoch 074 | task 3.6524e-04 | kd 0.0000e+00 | ewc 0.0000e+00 | val 9.2213e-04 | lr 1.56e-06 | 50.02s
2025-07-19 22:03:06,924 - Epoch 075 | task 3.6234e-04 | kd 0.0000e+00 | ewc 0.0000e+00 | val 9.5050e-04 | lr 7.81e-07 | 51.39s
2025-07-19 22:04:03,475 - Epoch 076 | task 3.6125e-04 | kd 0.0000e+00 | ewc 0.0000e+00 | val 9.2398e-04 | lr 7.81e-07 | 56.52s
2025-07-19 22:04:59,040 - Epoch 077 | task 3.6045e-04 | kd 0.0000e+00 | ewc 0.0000e+00 | val 9.1840e-04 | lr 7.81e-07 | 55.55s
2025-07-19 22:05:45,869 - Epoch 078 | task 3.5671e-04 | kd 0.0000e+00 | ewc 0.0000e+00 | val 9.0096e-04 | lr 7.81e-07 | 46.82s
2025-07-19 22:06:29,645 - Epoch 079 | task 3.5981e-04 | kd 0.0000e+00 | ewc 0.0000e+00 | val 9.2191e-04 | lr 7.81e-07 | 43.76s
2025-07-19 22:07:21,525 - Epoch 080 | task 3.5619e-04 | kd 0.0000e+00 | ewc 0.0000e+00 | val 9.4603e-04 | lr 7.81e-07 | 51.87s
2025-07-19 22:08:17,883 - Epoch 081 | task 3.5973e-04 | kd 0.0000e+00 | ewc 0.0000e+00 | val 9.3711e-04 | lr 3.91e-07 | 56.35s
2025-07-19 22:09:02,309 - Epoch 082 | task 3.5896e-04 | kd 0.0000e+00 | ewc 0.0000e+00 | val 9.3457e-04 | lr 3.91e-07 | 44.42s
2025-07-19 22:09:47,373 - Epoch 083 | task 3.5816e-04 | kd 0.0000e+00 | ewc 0.0000e+00 | val 9.3215e-04 | lr 3.91e-07 | 45.04s
2025-07-19 22:10:31,175 - Epoch 084 | task 3.5617e-04 | kd 0.0000e+00 | ewc 0.0000e+00 | val 9.2807e-04 | lr 3.91e-07 | 43.80s
2025-07-19 22:11:15,256 - Epoch 085 | task 3.5726e-04 | kd 0.0000e+00 | ewc 0.0000e+00 | val 9.1225e-04 | lr 3.91e-07 | 44.07s
2025-07-19 22:11:58,006 - Epoch 086 | task 3.5653e-04 | kd 0.0000e+00 | ewc 0.0000e+00 | val 9.3528e-04 | lr 3.91e-07 | 42.75s
2025-07-19 22:12:37,337 - Epoch 087 | task 3.5629e-04 | kd 0.0000e+00 | ewc 0.0000e+00 | val 9.1778e-04 | lr 1.95e-07 | 39.33s
2025-07-19 22:13:16,856 - Epoch 088 | task 3.5807e-04 | kd 0.0000e+00 | ewc 0.0000e+00 | val 9.1593e-04 | lr 1.95e-07 | 39.52s
2025-07-19 22:13:56,216 - Epoch 089 | task 3.5625e-04 | kd 0.0000e+00 | ewc 0.0000e+00 | val 9.3775e-04 | lr 1.95e-07 | 39.36s
2025-07-19 22:13:56,218 - Early stopping at epoch 90
2025-07-19 22:13:58,979 - Consolidate lambda: 0.0000
2025-07-19 22:13:58,980 - Applying LWF alpha: 0.0000
2025-07-19 22:14:31,944 - ==== Training task task2 completed ====
2025-07-19 22:14:31,993 - ==== Incremental Training Completed ====
