2025-08-04 16:15:40,089 - ==== Experiment Setup ====
2025-08-04 16:15:40,099 - Mode: joint
2025-08-04 16:15:40,107 - Method: Adapter Fine-tuning
2025-08-04 16:15:40,113 - Number of tasks: 3
2025-08-04 16:15:40,120 - Random seed: 42
2025-08-04 16:15:40,125 - Adapter size: 32
2025-08-04 16:15:40,136 - Freeze backbone: True
2025-08-04 16:15:40,148 - Base directory: /beegfs/home/users/z/zzhuqshun/Thesis/06_adapter/joint_mish
2025-08-04 16:15:40,156 - ==== Joint Training (Baseline) ====
2025-08-04 16:17:21,214 - Joint training - Train IDs: ['03', '05', '07', '09', '11', '15', '21', '23', '25', '27', '29'], size: 205644
2025-08-04 16:17:21,223 - Joint training - Val IDs: ['01', '19', '13'], size: 58177
2025-08-04 16:17:21,233 - Joint training - Test ID: 17, size: 22872
2025-08-04 16:17:21,273 -   (Scaler) Scaler centers: [ 3.342422    0.17992967 27.75      ]
2025-08-04 16:17:21,285 -   (Scaler) Scaler scales: [0.18428363 1.77955483 1.81783333]
2025-08-04 16:17:22,632 - Training full model with 208513 parameters
2025-08-04 16:31:51,722 - Epoch 0 train=1.7576e-02 val=1.9800e-03 lr=1.00e-04 time=340.00s
2025-08-04 16:37:28,284 - Epoch 1 train=6.6642e-03 val=1.2406e-03 lr=1.00e-04 time=320.11s
2025-08-04 16:43:48,580 - Epoch 2 train=3.9151e-03 val=8.5191e-04 lr=1.00e-04 time=363.89s
2025-08-04 16:50:00,080 - Epoch 3 train=2.4106e-03 val=8.5008e-04 lr=1.00e-04 time=355.03s
2025-08-04 16:54:22,424 - Epoch 4 train=1.4821e-03 val=8.1982e-04 lr=1.00e-04 time=245.95s
2025-08-04 16:58:55,884 - Epoch 5 train=9.9207e-04 val=1.0480e-03 lr=1.00e-04 time=257.02s
2025-08-04 17:02:35,887 - Epoch 6 train=7.1700e-04 val=7.6835e-04 lr=1.00e-04 time=203.61s
2025-08-04 17:06:18,051 - Epoch 7 train=6.3941e-04 val=5.3060e-04 lr=1.00e-04 time=205.79s
2025-08-04 17:10:02,346 - Epoch 8 train=5.3341e-04 val=5.3983e-04 lr=1.00e-04 time=207.90s
2025-08-04 17:13:57,281 - Epoch 9 train=5.1985e-04 val=4.8079e-04 lr=1.00e-04 time=218.57s
2025-08-04 17:17:54,949 - Epoch 10 train=5.0877e-04 val=4.1892e-04 lr=1.00e-04 time=221.31s
2025-08-04 17:21:50,330 - Epoch 11 train=6.2965e-04 val=4.6075e-04 lr=1.00e-04 time=219.05s
2025-08-04 17:25:47,501 - Epoch 12 train=4.9027e-04 val=4.2678e-04 lr=1.00e-04 time=220.76s
2025-08-04 17:29:41,543 - Epoch 13 train=4.5382e-04 val=6.7965e-04 lr=1.00e-04 time=217.69s
2025-08-04 17:33:27,299 - Epoch 14 train=3.5701e-04 val=3.4486e-04 lr=1.00e-04 time=209.42s
2025-08-04 17:37:27,505 - Epoch 15 train=1.7706e-04 val=2.1762e-04 lr=1.00e-04 time=223.83s
2025-08-04 17:41:28,047 - Epoch 16 train=1.2822e-04 val=1.3554e-04 lr=1.00e-04 time=224.13s
2025-08-04 17:45:23,797 - Epoch 17 train=1.1112e-04 val=1.4187e-04 lr=1.00e-04 time=219.38s
2025-08-04 17:49:24,425 - Epoch 18 train=1.0461e-04 val=1.9608e-04 lr=1.00e-04 time=224.28s
2025-08-04 17:53:23,897 - Epoch 19 train=9.6796e-05 val=1.9903e-04 lr=1.00e-04 time=223.10s
2025-08-04 17:57:22,092 - Epoch 20 train=9.5327e-05 val=2.0142e-04 lr=1.00e-04 time=221.82s
2025-08-04 18:01:23,889 - Epoch 21 train=9.0929e-05 val=2.0302e-04 lr=1.00e-04 time=224.80s
2025-08-04 18:05:25,660 - Epoch 22 train=8.8401e-05 val=4.3103e-04 lr=1.00e-04 time=224.51s
2025-08-04 18:09:27,054 - Epoch 23 train=7.9344e-05 val=2.4562e-04 lr=5.00e-05 time=224.54s
2025-08-04 18:14:04,340 - Epoch 24 train=7.5773e-05 val=2.8472e-04 lr=5.00e-05 time=260.82s
2025-08-04 18:18:22,677 - Epoch 25 train=7.6835e-05 val=2.2774e-04 lr=5.00e-05 time=240.97s
2025-08-04 18:22:46,107 - Epoch 26 train=7.7848e-05 val=4.8432e-04 lr=5.00e-05 time=247.01s
2025-08-04 18:27:04,801 - Epoch 27 train=7.4895e-05 val=2.3221e-04 lr=5.00e-05 time=241.56s
2025-08-04 18:31:19,601 - Epoch 28 train=7.4093e-05 val=2.2610e-04 lr=5.00e-05 time=237.64s
2025-08-04 18:35:44,894 - Epoch 29 train=6.7133e-05 val=2.1191e-04 lr=2.50e-05 time=248.14s
2025-08-04 18:39:59,708 - Epoch 30 train=6.9545e-05 val=2.3476e-04 lr=2.50e-05 time=237.61s
2025-08-04 18:44:17,611 - Epoch 31 train=6.6966e-05 val=2.3892e-04 lr=2.50e-05 time=240.74s
2025-08-04 18:48:22,259 - Epoch 32 train=6.6866e-05 val=2.0898e-04 lr=2.50e-05 time=227.51s
2025-08-04 18:52:22,385 - Epoch 33 train=6.7137e-05 val=2.4694e-04 lr=2.50e-05 time=222.97s
2025-08-04 18:56:21,636 - Epoch 34 train=6.8313e-05 val=2.5750e-04 lr=2.50e-05 time=222.10s
2025-08-04 19:00:20,001 - Epoch 35 train=6.3281e-05 val=2.8777e-04 lr=1.25e-05 time=221.26s
2025-08-04 19:04:51,767 - Epoch 36 train=6.3215e-05 val=2.1981e-04 lr=1.25e-05 time=253.67s
2025-08-04 19:04:51,774 - Early stopping at epoch 36
2025-08-04 19:05:06,611 - Eval RMSE 1.5822e-02 MAE 1.3395e-02 R2 0.9646
2025-08-04 19:05:13,268 - ==== Joint Training Complete ====
2025-08-04 19:05:13,278 - ==== Experiment Complete ====
