2025-07-28 19:58:49,059 - ==== Experiment Setup ====
2025-07-28 19:58:49,064 - Mode: incremental
2025-07-28 19:58:49,067 - Number of tasks: 3
2025-07-28 19:58:49,069 - SI lambdas: [0.0, 0.0, 0.0]
2025-07-28 19:58:49,071 - LWF alphas: [0.0, 0.0, 0.0]
2025-07-28 19:58:49,076 - Base directory: /beegfs/home/users/z/zzhuqshun/Thesis/05_Final/si/strategies/fine-tuning0
2025-07-28 19:58:49,079 - ==== Incremental Training with SI ====
2025-07-28 19:58:49,098 - Number of tasks: 3
2025-07-28 20:00:24,746 - --- task0 (LWF α=0.0000, SI λ=0.0000) ---
2025-07-28 20:05:33,810 - Epoch 0 task=3.8185e-02 kd=0.0000e+00 si=0.0000e+00 val=3.9701e-04 lr=1.00e-04 time=100.84s
2025-07-28 20:07:23,178 - Epoch 1 task=7.2809e-03 kd=0.0000e+00 si=0.0000e+00 val=1.2390e-03 lr=1.00e-04 time=101.27s
2025-07-28 20:09:20,355 - Epoch 2 task=5.3336e-03 kd=0.0000e+00 si=0.0000e+00 val=4.1007e-04 lr=1.00e-04 time=109.13s
2025-07-28 20:11:21,281 - Epoch 3 task=4.3114e-03 kd=0.0000e+00 si=0.0000e+00 val=5.2683e-04 lr=1.00e-04 time=112.89s
2025-07-28 20:13:30,875 - Epoch 4 task=3.4078e-03 kd=0.0000e+00 si=0.0000e+00 val=4.0077e-04 lr=1.00e-04 time=121.54s
2025-07-28 20:15:40,602 - Epoch 5 task=2.6546e-03 kd=0.0000e+00 si=0.0000e+00 val=4.2909e-04 lr=1.00e-04 time=121.68s
2025-07-28 20:17:46,044 - Epoch 6 task=2.0628e-03 kd=0.0000e+00 si=0.0000e+00 val=4.1929e-04 lr=1.00e-04 time=117.41s
2025-07-28 20:19:51,581 - Epoch 7 task=1.6437e-03 kd=0.0000e+00 si=0.0000e+00 val=4.1027e-04 lr=5.00e-05 time=117.43s
2025-07-28 20:22:00,585 - Epoch 8 task=1.3989e-03 kd=0.0000e+00 si=0.0000e+00 val=4.0465e-04 lr=5.00e-05 time=120.96s
2025-07-28 20:24:38,914 - Epoch 9 task=1.1847e-03 kd=0.0000e+00 si=0.0000e+00 val=5.2821e-04 lr=5.00e-05 time=147.32s
2025-07-28 20:26:49,058 - Epoch 10 task=1.0242e-03 kd=0.0000e+00 si=0.0000e+00 val=4.1433e-04 lr=5.00e-05 time=122.10s
2025-07-28 20:28:52,229 - Epoch 11 task=8.8463e-04 kd=0.0000e+00 si=0.0000e+00 val=4.8046e-04 lr=5.00e-05 time=115.11s
2025-07-28 20:30:56,130 - Epoch 12 task=7.6670e-04 kd=0.0000e+00 si=0.0000e+00 val=4.4364e-04 lr=5.00e-05 time=115.86s
2025-07-28 20:32:59,087 - Epoch 13 task=6.8916e-04 kd=0.0000e+00 si=0.0000e+00 val=4.5429e-04 lr=2.50e-05 time=114.93s
2025-07-28 20:35:16,348 - Epoch 14 task=6.5441e-04 kd=0.0000e+00 si=0.0000e+00 val=4.0813e-04 lr=2.50e-05 time=129.15s
2025-07-28 20:37:15,646 - Epoch 15 task=6.1887e-04 kd=0.0000e+00 si=0.0000e+00 val=4.5552e-04 lr=2.50e-05 time=111.27s
2025-07-28 20:39:13,103 - Epoch 16 task=5.8771e-04 kd=0.0000e+00 si=0.0000e+00 val=4.4893e-04 lr=2.50e-05 time=109.41s
2025-07-28 20:41:07,359 - Epoch 17 task=5.6182e-04 kd=0.0000e+00 si=0.0000e+00 val=4.4863e-04 lr=2.50e-05 time=106.23s
2025-07-28 20:43:04,863 - Epoch 18 task=5.3662e-04 kd=0.0000e+00 si=0.0000e+00 val=4.3634e-04 lr=2.50e-05 time=109.48s
2025-07-28 20:45:02,513 - Epoch 19 task=5.0902e-04 kd=0.0000e+00 si=0.0000e+00 val=4.3794e-04 lr=1.25e-05 time=109.64s
2025-07-28 20:46:57,341 - Epoch 20 task=4.9672e-04 kd=0.0000e+00 si=0.0000e+00 val=3.9440e-04 lr=1.25e-05 time=106.84s
2025-07-28 20:48:49,553 - Epoch 21 task=4.8163e-04 kd=0.0000e+00 si=0.0000e+00 val=3.8731e-04 lr=1.25e-05 time=104.15s
2025-07-28 20:50:40,446 - Epoch 22 task=4.6823e-04 kd=0.0000e+00 si=0.0000e+00 val=4.1554e-04 lr=1.25e-05 time=102.83s
2025-07-28 20:52:29,113 - Epoch 23 task=4.0172e-04 kd=0.0000e+00 si=0.0000e+00 val=1.0952e-03 lr=1.25e-05 time=100.70s
2025-07-28 20:54:16,716 - Epoch 24 task=3.2500e-04 kd=0.0000e+00 si=0.0000e+00 val=6.6763e-04 lr=1.25e-05 time=99.61s
2025-07-28 20:56:02,362 - Epoch 25 task=2.9481e-04 kd=0.0000e+00 si=0.0000e+00 val=6.9162e-04 lr=1.25e-05 time=97.67s
2025-07-28 20:57:47,710 - Epoch 26 task=2.7917e-04 kd=0.0000e+00 si=0.0000e+00 val=6.5801e-04 lr=1.25e-05 time=97.38s
2025-07-28 20:59:28,999 - Epoch 27 task=2.6036e-04 kd=0.0000e+00 si=0.0000e+00 val=5.1247e-04 lr=1.25e-05 time=93.30s
2025-07-28 21:01:05,413 - Epoch 28 task=2.3755e-04 kd=0.0000e+00 si=0.0000e+00 val=4.9484e-04 lr=6.25e-06 time=88.43s
2025-07-28 21:02:40,330 - Epoch 29 task=2.2858e-04 kd=0.0000e+00 si=0.0000e+00 val=4.9019e-04 lr=6.25e-06 time=86.95s
2025-07-28 21:04:14,064 - Epoch 30 task=2.1826e-04 kd=0.0000e+00 si=0.0000e+00 val=4.7769e-04 lr=6.25e-06 time=85.75s
2025-07-28 21:05:55,354 - Epoch 31 task=2.1277e-04 kd=0.0000e+00 si=0.0000e+00 val=4.6255e-04 lr=6.25e-06 time=93.29s
2025-07-28 21:07:40,382 - Epoch 32 task=2.0780e-04 kd=0.0000e+00 si=0.0000e+00 val=5.2453e-04 lr=6.25e-06 time=97.06s
2025-07-28 21:09:23,730 - Epoch 33 task=2.0206e-04 kd=0.0000e+00 si=0.0000e+00 val=6.0088e-04 lr=6.25e-06 time=95.36s
2025-07-28 21:11:08,036 - Epoch 34 task=1.9538e-04 kd=0.0000e+00 si=0.0000e+00 val=5.9399e-04 lr=3.13e-06 time=96.32s
2025-07-28 21:12:53,480 - Epoch 35 task=1.9295e-04 kd=0.0000e+00 si=0.0000e+00 val=5.4762e-04 lr=3.13e-06 time=97.46s
2025-07-28 21:14:39,148 - Epoch 36 task=1.9009e-04 kd=0.0000e+00 si=0.0000e+00 val=6.5012e-04 lr=3.13e-06 time=97.68s
2025-07-28 21:16:24,571 - Epoch 37 task=1.8772e-04 kd=0.0000e+00 si=0.0000e+00 val=6.8606e-04 lr=3.13e-06 time=97.44s
2025-07-28 21:18:10,887 - Epoch 38 task=1.8481e-04 kd=0.0000e+00 si=0.0000e+00 val=6.5710e-04 lr=3.13e-06 time=98.31s
2025-07-28 21:19:57,588 - Epoch 39 task=1.8222e-04 kd=0.0000e+00 si=0.0000e+00 val=6.4095e-04 lr=3.13e-06 time=98.72s
2025-07-28 21:21:43,470 - Epoch 40 task=1.7913e-04 kd=0.0000e+00 si=0.0000e+00 val=6.6573e-04 lr=1.56e-06 time=97.90s
2025-07-28 21:23:30,703 - Epoch 41 task=1.7879e-04 kd=0.0000e+00 si=0.0000e+00 val=6.4861e-04 lr=1.56e-06 time=99.25s
2025-07-28 21:23:30,723 - Early stopping at epoch 41
2025-07-28 21:23:38,304 - Task 0 completed. SI importance weights updated.
2025-07-28 21:23:38,313 - Prepared for next task. Old model saved for knowledge distillation.
2025-07-28 21:23:38,316 - --- task1 (LWF α=0.0000, SI λ=0.0000) ---
2025-07-28 21:24:55,060 - Epoch 0 task=2.1148e-03 kd=0.0000e+00 si=0.0000e+00 val=1.3391e-03 lr=1.00e-04 time=70.07s
2025-07-28 21:26:11,113 - Epoch 1 task=1.0077e-03 kd=0.0000e+00 si=0.0000e+00 val=1.6039e-03 lr=1.00e-04 time=69.56s
2025-07-28 21:27:26,653 - Epoch 2 task=8.7839e-04 kd=0.0000e+00 si=0.0000e+00 val=2.2958e-03 lr=1.00e-04 time=69.11s
2025-07-28 21:28:42,071 - Epoch 3 task=6.5359e-04 kd=0.0000e+00 si=0.0000e+00 val=2.4718e-03 lr=1.00e-04 time=68.95s
2025-07-28 21:29:58,286 - Epoch 4 task=6.0254e-04 kd=0.0000e+00 si=0.0000e+00 val=2.6636e-03 lr=1.00e-04 time=69.78s
2025-07-28 21:31:14,465 - Epoch 5 task=5.5803e-04 kd=0.0000e+00 si=0.0000e+00 val=2.6428e-03 lr=1.00e-04 time=69.75s
2025-07-28 21:32:29,879 - Epoch 6 task=5.3686e-04 kd=0.0000e+00 si=0.0000e+00 val=2.3301e-03 lr=1.00e-04 time=68.96s
2025-07-28 21:33:46,426 - Epoch 7 task=3.6043e-04 kd=0.0000e+00 si=0.0000e+00 val=2.8174e-03 lr=5.00e-05 time=70.09s
2025-07-28 21:35:02,983 - Epoch 8 task=3.4668e-04 kd=0.0000e+00 si=0.0000e+00 val=3.2241e-03 lr=5.00e-05 time=70.10s
2025-07-28 21:36:18,015 - Epoch 9 task=3.2532e-04 kd=0.0000e+00 si=0.0000e+00 val=3.1660e-03 lr=5.00e-05 time=68.56s
2025-07-28 21:37:34,269 - Epoch 10 task=3.1700e-04 kd=0.0000e+00 si=0.0000e+00 val=3.3476e-03 lr=5.00e-05 time=69.80s
2025-07-28 21:38:50,209 - Epoch 11 task=2.9251e-04 kd=0.0000e+00 si=0.0000e+00 val=2.5506e-03 lr=5.00e-05 time=69.49s
2025-07-28 21:40:05,772 - Epoch 12 task=2.9237e-04 kd=0.0000e+00 si=0.0000e+00 val=3.3794e-03 lr=5.00e-05 time=69.11s
2025-07-28 21:41:20,734 - Epoch 13 task=2.4577e-04 kd=0.0000e+00 si=0.0000e+00 val=3.2137e-03 lr=2.50e-05 time=68.50s
2025-07-28 21:42:35,536 - Epoch 14 task=2.3658e-04 kd=0.0000e+00 si=0.0000e+00 val=3.9300e-03 lr=2.50e-05 time=68.35s
2025-07-28 21:43:50,906 - Epoch 15 task=2.4021e-04 kd=0.0000e+00 si=0.0000e+00 val=3.7906e-03 lr=2.50e-05 time=68.85s
2025-07-28 21:45:05,832 - Epoch 16 task=2.3049e-04 kd=0.0000e+00 si=0.0000e+00 val=3.5945e-03 lr=2.50e-05 time=68.48s
2025-07-28 21:46:21,624 - Epoch 17 task=2.3187e-04 kd=0.0000e+00 si=0.0000e+00 val=4.1813e-03 lr=2.50e-05 time=69.33s
2025-07-28 21:47:36,974 - Epoch 18 task=2.2395e-04 kd=0.0000e+00 si=0.0000e+00 val=3.9660e-03 lr=2.50e-05 time=68.89s
2025-07-28 21:48:52,452 - Epoch 19 task=2.1006e-04 kd=0.0000e+00 si=0.0000e+00 val=3.9197e-03 lr=1.25e-05 time=69.01s
2025-07-28 21:50:07,841 - Epoch 20 task=1.9994e-04 kd=0.0000e+00 si=0.0000e+00 val=4.0839e-03 lr=1.25e-05 time=68.92s
2025-07-28 21:50:07,845 - Early stopping at epoch 20
2025-07-28 21:50:10,610 - Task 1 completed. SI importance weights updated.
2025-07-28 21:50:10,616 - Prepared for next task. Old model saved for knowledge distillation.
2025-07-28 21:50:10,617 - --- task2 (LWF α=0.0000, SI λ=0.0000) ---
2025-07-28 21:51:02,012 - Epoch 0 task=2.6156e-03 kd=0.0000e+00 si=0.0000e+00 val=1.6297e-03 lr=1.00e-04 time=49.65s
2025-07-28 21:51:54,290 - Epoch 1 task=1.4957e-03 kd=0.0000e+00 si=0.0000e+00 val=1.3098e-03 lr=1.00e-04 time=50.46s
2025-07-28 21:52:46,206 - Epoch 2 task=1.3157e-03 kd=0.0000e+00 si=0.0000e+00 val=1.2676e-03 lr=1.00e-04 time=50.18s
2025-07-28 21:53:38,978 - Epoch 3 task=1.2399e-03 kd=0.0000e+00 si=0.0000e+00 val=1.8980e-03 lr=1.00e-04 time=51.04s
2025-07-28 21:54:31,626 - Epoch 4 task=1.1581e-03 kd=0.0000e+00 si=0.0000e+00 val=1.1663e-03 lr=1.00e-04 time=50.97s
2025-07-28 21:55:23,756 - Epoch 5 task=1.0640e-03 kd=0.0000e+00 si=0.0000e+00 val=1.1528e-03 lr=1.00e-04 time=50.40s
2025-07-28 21:56:16,000 - Epoch 6 task=1.1180e-03 kd=0.0000e+00 si=0.0000e+00 val=1.7454e-03 lr=1.00e-04 time=50.52s
2025-07-28 21:57:08,394 - Epoch 7 task=9.6202e-04 kd=0.0000e+00 si=0.0000e+00 val=1.7891e-03 lr=1.00e-04 time=50.71s
2025-07-28 21:57:59,993 - Epoch 8 task=9.9951e-04 kd=0.0000e+00 si=0.0000e+00 val=1.2381e-03 lr=1.00e-04 time=49.88s
2025-07-28 21:58:52,852 - Epoch 9 task=8.7619e-04 kd=0.0000e+00 si=0.0000e+00 val=1.6939e-03 lr=1.00e-04 time=51.11s
2025-07-28 21:59:44,958 - Epoch 10 task=8.7166e-04 kd=0.0000e+00 si=0.0000e+00 val=1.5406e-03 lr=1.00e-04 time=50.35s
2025-07-28 22:00:36,875 - Epoch 11 task=8.8653e-04 kd=0.0000e+00 si=0.0000e+00 val=1.5418e-03 lr=1.00e-04 time=50.16s
2025-07-28 22:01:29,372 - Epoch 12 task=6.6027e-04 kd=0.0000e+00 si=0.0000e+00 val=1.1302e-03 lr=5.00e-05 time=50.74s
2025-07-28 22:02:23,241 - Epoch 13 task=6.5692e-04 kd=0.0000e+00 si=0.0000e+00 val=1.2787e-03 lr=5.00e-05 time=52.06s
2025-07-28 22:03:16,948 - Epoch 14 task=6.4640e-04 kd=0.0000e+00 si=0.0000e+00 val=1.1374e-03 lr=5.00e-05 time=51.96s
2025-07-28 22:04:10,744 - Epoch 15 task=6.2822e-04 kd=0.0000e+00 si=0.0000e+00 val=1.2389e-03 lr=5.00e-05 time=52.04s
2025-07-28 22:05:04,224 - Epoch 16 task=6.0073e-04 kd=0.0000e+00 si=0.0000e+00 val=1.1606e-03 lr=5.00e-05 time=51.72s
2025-07-28 22:05:58,262 - Epoch 17 task=5.8988e-04 kd=0.0000e+00 si=0.0000e+00 val=1.3604e-03 lr=5.00e-05 time=52.28s
2025-07-28 22:06:52,178 - Epoch 18 task=6.0001e-04 kd=0.0000e+00 si=0.0000e+00 val=1.1834e-03 lr=5.00e-05 time=52.14s
2025-07-28 22:07:46,178 - Epoch 19 task=5.3789e-04 kd=0.0000e+00 si=0.0000e+00 val=1.1515e-03 lr=2.50e-05 time=52.25s
2025-07-28 22:08:40,095 - Epoch 20 task=5.2581e-04 kd=0.0000e+00 si=0.0000e+00 val=1.0609e-03 lr=2.50e-05 time=52.20s
2025-07-28 22:09:33,932 - Epoch 21 task=5.2421e-04 kd=0.0000e+00 si=0.0000e+00 val=1.2955e-03 lr=2.50e-05 time=52.06s
2025-07-28 22:10:27,244 - Epoch 22 task=5.1044e-04 kd=0.0000e+00 si=0.0000e+00 val=1.1603e-03 lr=2.50e-05 time=51.55s
2025-07-28 22:11:21,019 - Epoch 23 task=5.0655e-04 kd=0.0000e+00 si=0.0000e+00 val=9.9446e-04 lr=2.50e-05 time=52.02s
2025-07-28 22:12:14,493 - Epoch 24 task=4.9535e-04 kd=0.0000e+00 si=0.0000e+00 val=1.0211e-03 lr=2.50e-05 time=51.63s
2025-07-28 22:13:13,834 - Epoch 25 task=4.9537e-04 kd=0.0000e+00 si=0.0000e+00 val=1.5868e-03 lr=2.50e-05 time=57.64s
2025-07-28 22:14:11,200 - Epoch 26 task=4.9848e-04 kd=0.0000e+00 si=0.0000e+00 val=1.1865e-03 lr=2.50e-05 time=55.62s
2025-07-28 22:15:07,718 - Epoch 27 task=4.8224e-04 kd=0.0000e+00 si=0.0000e+00 val=1.2031e-03 lr=2.50e-05 time=54.77s
2025-07-28 22:16:02,998 - Epoch 28 task=4.6192e-04 kd=0.0000e+00 si=0.0000e+00 val=1.0148e-03 lr=2.50e-05 time=53.52s
2025-07-28 22:16:58,448 - Epoch 29 task=4.7122e-04 kd=0.0000e+00 si=0.0000e+00 val=1.2691e-03 lr=2.50e-05 time=53.77s
2025-07-28 22:17:53,618 - Epoch 30 task=4.4741e-04 kd=0.0000e+00 si=0.0000e+00 val=1.1552e-03 lr=1.25e-05 time=53.41s
2025-07-28 22:18:47,665 - Epoch 31 task=4.3775e-04 kd=0.0000e+00 si=0.0000e+00 val=9.6245e-04 lr=1.25e-05 time=52.34s
2025-07-28 22:19:41,322 - Epoch 32 task=4.3508e-04 kd=0.0000e+00 si=0.0000e+00 val=1.0464e-03 lr=1.25e-05 time=51.90s
2025-07-28 22:20:34,930 - Epoch 33 task=4.2837e-04 kd=0.0000e+00 si=0.0000e+00 val=9.8337e-04 lr=1.25e-05 time=51.85s
2025-07-28 22:21:28,342 - Epoch 34 task=4.2875e-04 kd=0.0000e+00 si=0.0000e+00 val=1.0709e-03 lr=1.25e-05 time=51.71s
2025-07-28 22:22:21,685 - Epoch 35 task=4.2246e-04 kd=0.0000e+00 si=0.0000e+00 val=1.1031e-03 lr=1.25e-05 time=51.63s
2025-07-28 22:23:15,214 - Epoch 36 task=4.1967e-04 kd=0.0000e+00 si=0.0000e+00 val=9.8145e-04 lr=1.25e-05 time=51.77s
2025-07-28 22:24:09,026 - Epoch 37 task=4.1214e-04 kd=0.0000e+00 si=0.0000e+00 val=1.0377e-03 lr=1.25e-05 time=52.07s
2025-07-28 22:25:02,853 - Epoch 38 task=4.0135e-04 kd=0.0000e+00 si=0.0000e+00 val=1.0318e-03 lr=6.25e-06 time=52.09s
2025-07-28 22:25:56,922 - Epoch 39 task=3.9782e-04 kd=0.0000e+00 si=0.0000e+00 val=9.7469e-04 lr=6.25e-06 time=52.32s
2025-07-28 22:26:50,623 - Epoch 40 task=3.9906e-04 kd=0.0000e+00 si=0.0000e+00 val=1.0366e-03 lr=6.25e-06 time=51.94s
2025-07-28 22:27:44,257 - Epoch 41 task=3.9410e-04 kd=0.0000e+00 si=0.0000e+00 val=1.0147e-03 lr=6.25e-06 time=51.88s
2025-07-28 22:28:38,227 - Epoch 42 task=3.9538e-04 kd=0.0000e+00 si=0.0000e+00 val=9.6546e-04 lr=6.25e-06 time=52.22s
2025-07-28 22:29:32,105 - Epoch 43 task=3.9314e-04 kd=0.0000e+00 si=0.0000e+00 val=9.9429e-04 lr=6.25e-06 time=52.10s
2025-07-28 22:30:26,260 - Epoch 44 task=3.8593e-04 kd=0.0000e+00 si=0.0000e+00 val=9.3836e-04 lr=3.13e-06 time=52.38s
2025-07-28 22:31:19,930 - Epoch 45 task=3.8687e-04 kd=0.0000e+00 si=0.0000e+00 val=9.6430e-04 lr=3.13e-06 time=51.90s
2025-07-28 22:32:13,813 - Epoch 46 task=3.8008e-04 kd=0.0000e+00 si=0.0000e+00 val=9.8993e-04 lr=3.13e-06 time=52.13s
2025-07-28 22:33:06,912 - Epoch 47 task=3.8210e-04 kd=0.0000e+00 si=0.0000e+00 val=9.2623e-04 lr=3.13e-06 time=51.33s
2025-07-28 22:34:00,913 - Epoch 48 task=3.7921e-04 kd=0.0000e+00 si=0.0000e+00 val=9.8204e-04 lr=3.13e-06 time=52.19s
2025-07-28 22:34:55,099 - Epoch 49 task=3.7942e-04 kd=0.0000e+00 si=0.0000e+00 val=9.8021e-04 lr=3.13e-06 time=52.42s
2025-07-28 22:35:49,089 - Epoch 50 task=3.7818e-04 kd=0.0000e+00 si=0.0000e+00 val=9.1876e-04 lr=3.13e-06 time=52.23s
2025-07-28 22:36:43,298 - Epoch 51 task=3.7777e-04 kd=0.0000e+00 si=0.0000e+00 val=9.6263e-04 lr=3.13e-06 time=52.48s
2025-07-28 22:37:37,447 - Epoch 52 task=3.7670e-04 kd=0.0000e+00 si=0.0000e+00 val=9.8338e-04 lr=3.13e-06 time=52.38s
2025-07-28 22:38:31,363 - Epoch 53 task=3.7518e-04 kd=0.0000e+00 si=0.0000e+00 val=9.3286e-04 lr=3.13e-06 time=52.16s
2025-07-28 22:39:25,483 - Epoch 54 task=3.7687e-04 kd=0.0000e+00 si=0.0000e+00 val=9.9359e-04 lr=3.13e-06 time=52.39s
2025-07-28 22:40:19,684 - Epoch 55 task=3.7360e-04 kd=0.0000e+00 si=0.0000e+00 val=9.5760e-04 lr=3.13e-06 time=52.44s
2025-07-28 22:41:13,624 - Epoch 56 task=3.7369e-04 kd=0.0000e+00 si=0.0000e+00 val=9.2257e-04 lr=3.13e-06 time=52.17s
2025-07-28 22:42:07,736 - Epoch 57 task=3.6778e-04 kd=0.0000e+00 si=0.0000e+00 val=9.4991e-04 lr=1.56e-06 time=52.35s
2025-07-28 22:43:01,951 - Epoch 58 task=3.6801e-04 kd=0.0000e+00 si=0.0000e+00 val=9.1469e-04 lr=1.56e-06 time=52.46s
2025-07-28 22:43:56,194 - Epoch 59 task=3.6929e-04 kd=0.0000e+00 si=0.0000e+00 val=9.1315e-04 lr=1.56e-06 time=52.41s
2025-07-28 22:44:49,426 - Epoch 60 task=3.6571e-04 kd=0.0000e+00 si=0.0000e+00 val=9.2684e-04 lr=1.56e-06 time=51.40s
2025-07-28 22:45:43,477 - Epoch 61 task=3.6880e-04 kd=0.0000e+00 si=0.0000e+00 val=9.3783e-04 lr=1.56e-06 time=52.27s
2025-07-28 22:46:37,188 - Epoch 62 task=3.6895e-04 kd=0.0000e+00 si=0.0000e+00 val=9.3043e-04 lr=1.56e-06 time=52.01s
2025-07-28 22:47:30,392 - Epoch 63 task=3.6401e-04 kd=0.0000e+00 si=0.0000e+00 val=9.1199e-04 lr=1.56e-06 time=51.51s
2025-07-28 22:48:23,626 - Epoch 64 task=3.6262e-04 kd=0.0000e+00 si=0.0000e+00 val=9.1520e-04 lr=1.56e-06 time=51.47s
2025-07-28 22:49:17,559 - Epoch 65 task=3.6474e-04 kd=0.0000e+00 si=0.0000e+00 val=9.3721e-04 lr=1.56e-06 time=52.23s
2025-07-28 22:50:11,242 - Epoch 66 task=3.6619e-04 kd=0.0000e+00 si=0.0000e+00 val=9.6628e-04 lr=1.56e-06 time=51.99s
2025-07-28 22:51:04,938 - Epoch 67 task=3.6495e-04 kd=0.0000e+00 si=0.0000e+00 val=8.9559e-04 lr=1.56e-06 time=52.00s
2025-07-28 22:51:58,105 - Epoch 68 task=3.6502e-04 kd=0.0000e+00 si=0.0000e+00 val=9.3809e-04 lr=1.56e-06 time=51.43s
2025-07-28 22:52:51,801 - Epoch 69 task=3.6478e-04 kd=0.0000e+00 si=0.0000e+00 val=8.9511e-04 lr=1.56e-06 time=51.94s
2025-07-28 22:53:45,270 - Epoch 70 task=3.6518e-04 kd=0.0000e+00 si=0.0000e+00 val=9.1424e-04 lr=1.56e-06 time=51.74s
2025-07-28 22:54:37,041 - Epoch 71 task=3.6302e-04 kd=0.0000e+00 si=0.0000e+00 val=9.2897e-04 lr=1.56e-06 time=50.07s
2025-07-28 22:55:29,449 - Epoch 72 task=3.5974e-04 kd=0.0000e+00 si=0.0000e+00 val=9.5738e-04 lr=1.56e-06 time=50.66s
2025-07-28 22:56:21,300 - Epoch 73 task=3.5966e-04 kd=0.0000e+00 si=0.0000e+00 val=9.4884e-04 lr=1.56e-06 time=50.12s
2025-07-28 22:57:13,139 - Epoch 74 task=3.6524e-04 kd=0.0000e+00 si=0.0000e+00 val=9.2213e-04 lr=1.56e-06 time=50.15s
2025-07-28 22:58:05,835 - Epoch 75 task=3.6234e-04 kd=0.0000e+00 si=0.0000e+00 val=9.5050e-04 lr=1.56e-06 time=50.99s
2025-07-28 22:58:58,425 - Epoch 76 task=3.6125e-04 kd=0.0000e+00 si=0.0000e+00 val=9.2398e-04 lr=7.81e-07 time=50.89s
2025-07-28 22:59:51,710 - Epoch 77 task=3.6045e-04 kd=0.0000e+00 si=0.0000e+00 val=9.1840e-04 lr=7.81e-07 time=51.60s
2025-07-28 23:00:42,828 - Epoch 78 task=3.5671e-04 kd=0.0000e+00 si=0.0000e+00 val=9.0096e-04 lr=7.81e-07 time=49.43s
2025-07-28 23:01:32,050 - Epoch 79 task=3.5981e-04 kd=0.0000e+00 si=0.0000e+00 val=9.2191e-04 lr=7.81e-07 time=47.54s
2025-07-28 23:02:21,925 - Epoch 80 task=3.5619e-04 kd=0.0000e+00 si=0.0000e+00 val=9.4603e-04 lr=7.81e-07 time=48.18s
2025-07-28 23:03:09,536 - Epoch 81 task=3.5973e-04 kd=0.0000e+00 si=0.0000e+00 val=9.3711e-04 lr=7.81e-07 time=45.93s
2025-07-28 23:03:57,179 - Epoch 82 task=3.5896e-04 kd=0.0000e+00 si=0.0000e+00 val=9.3457e-04 lr=3.91e-07 time=45.95s
2025-07-28 23:04:48,609 - Epoch 83 task=3.5816e-04 kd=0.0000e+00 si=0.0000e+00 val=9.3215e-04 lr=3.91e-07 time=49.72s
2025-07-28 23:05:43,510 - Epoch 84 task=3.5617e-04 kd=0.0000e+00 si=0.0000e+00 val=9.2807e-04 lr=3.91e-07 time=53.22s
2025-07-28 23:06:38,493 - Epoch 85 task=3.5726e-04 kd=0.0000e+00 si=0.0000e+00 val=9.1225e-04 lr=3.91e-07 time=53.25s
2025-07-28 23:07:33,417 - Epoch 86 task=3.5653e-04 kd=0.0000e+00 si=0.0000e+00 val=9.3528e-04 lr=3.91e-07 time=53.23s
2025-07-28 23:08:31,211 - Epoch 87 task=3.5629e-04 kd=0.0000e+00 si=0.0000e+00 val=9.1778e-04 lr=3.91e-07 time=56.10s
2025-07-28 23:09:32,364 - Epoch 88 task=3.5807e-04 kd=0.0000e+00 si=0.0000e+00 val=9.1593e-04 lr=1.95e-07 time=59.46s
2025-07-28 23:10:32,935 - Epoch 89 task=3.5625e-04 kd=0.0000e+00 si=0.0000e+00 val=9.3775e-04 lr=1.95e-07 time=58.83s
2025-07-28 23:10:32,960 - Early stopping at epoch 89
2025-07-28 23:10:36,722 - Task 2 completed. SI importance weights updated.
2025-07-28 23:10:36,732 - ==== Incremental Training Complete ====
2025-07-28 23:10:36,745 - ==== Starting Comprehensive Evaluation ====
2025-07-28 23:10:36,818 - Evaluating model trained after task 0...
2025-07-28 23:10:49,707 -   Task 0 -> Test Task 0: MAE=4.6181e-02, R=-0.0462
2025-07-28 23:10:51,315 -   Task 0 -> Test Task 1: MAE=5.2121e-02, R=-0.0521
2025-07-28 23:10:52,671 -   Task 0 -> Test Task 2: MAE=1.5861e-01, R=-0.1586
2025-07-28 23:10:52,680 - Evaluating model trained after task 1...
2025-07-28 23:11:05,529 -   Task 1 -> Test Task 0: MAE=2.1364e-02, R=-0.0214
2025-07-28 23:11:07,138 -   Task 1 -> Test Task 1: MAE=7.7235e-02, R=-0.0772
2025-07-28 23:11:08,485 -   Task 1 -> Test Task 2: MAE=1.2658e-01, R=-0.1266
2025-07-28 23:11:08,494 - Evaluating model trained after task 2...
2025-07-28 23:11:21,202 -   Task 2 -> Test Task 0: MAE=6.7374e-02, R=-0.0674
2025-07-28 23:11:22,818 -   Task 2 -> Test Task 1: MAE=6.6560e-02, R=-0.0666
2025-07-28 23:11:24,182 -   Task 2 -> Test Task 2: MAE=1.0537e-01, R=-0.1054
2025-07-28 23:11:24,193 - ==== Computing Continual Learning Metrics ====
2025-07-28 23:11:24,213 - Computing random initialization baselines...
2025-07-28 23:11:27,335 -   Baseline Task 0: R=-0.9926
2025-07-28 23:11:28,932 -   Baseline Task 1: R=-0.8954
2025-07-28 23:11:30,279 -   Baseline Task 2: R=-0.7892
2025-07-28 23:11:30,289 - ==== Continual Learning Results ====
2025-07-28 23:11:30,300 - BWT (Backward Transfer): -0.0053 (less negative = less forgetting)
2025-07-28 23:11:30,309 - FWT (Forward Transfer): 0.7529 (positive = beneficial transfer)
2025-07-28 23:11:30,319 - ACC (Average Accuracy): -0.0798
2025-07-28 23:11:30,331 - ==== Performance Matrix R[i][j] ====
2025-07-28 23:11:30,343 - Rows: trained after task i, Columns: evaluated on task j
2025-07-28 23:11:30,351 -        Task 0 Task 1 Task 2
2025-07-28 23:11:30,363 - Task 0: -0.0462 -0.0521 -0.1586
2025-07-28 23:11:30,371 - Task 1: -0.0214 -0.0772 -0.1266
2025-07-28 23:11:30,381 - Task 2: -0.0674 -0.0666 -0.1054
2025-07-28 23:11:30,740 - ==== Evaluation Complete ====
2025-07-28 23:11:30,748 - All results saved to: /beegfs/home/users/z/zzhuqshun/Thesis/05_Final/si/strategies/fine-tuning0/incremental/metrics
2025-07-28 23:11:30,758 - ==== Final Summary ====
2025-07-28 23:11:30,769 - Continual Learning Metrics:
2025-07-28 23:11:30,780 -   BWT: -0.0053
2025-07-28 23:11:30,791 -   FWT: 0.7529
2025-07-28 23:11:30,799 -   ACC: -0.0798
2025-07-28 23:11:30,809 -   num_tasks: 3.0000
2025-07-28 23:11:30,820 - ==== Experiment Complete ====
2025-08-03 07:55:06,036 - ==== Experiment Setup ====
2025-08-03 07:55:06,061 - Mode: incremental
2025-08-03 07:55:06,063 - Number of tasks: 3
2025-08-03 07:55:06,064 - SI lambdas: [0.0, 0.0, 0.0]
2025-08-03 07:55:06,065 - LWF alphas: [0.0, 0.0, 0.0]
2025-08-03 07:55:06,067 - Base directory: /beegfs/home/users/z/zzhuqshun/Thesis/05_Final/si/strategies/fine-tuning
2025-08-03 07:55:06,068 - ==== Incremental Training with SI ====
2025-08-03 07:55:06,074 - Number of tasks: 3
2025-08-03 07:56:37,102 - Incremental training - Task 0 Train IDs: ['03', '05', '07', '27'], size: 92079
2025-08-03 07:56:37,104 - Incremental training - Task 0 Val IDs: ['01'], size: 20028
2025-08-03 07:56:37,107 - Incremental training - Test Task 0 size: 8584
2025-08-03 07:56:37,110 - Incremental training - Task 1 Train IDs: ['21', '23', '25'], size: 65674
2025-08-03 07:56:37,113 - Incremental training - Task 1 Val IDs: ['19'], size: 16183
2025-08-03 07:56:37,115 - Incremental training - Test Task 1 size: 6937
2025-08-03 07:56:37,117 - Incremental training - Task 2 Train IDs: ['09', '11', '15', '29'], size: 47891
2025-08-03 07:56:37,118 - Incremental training - Task 2 Val IDs: ['13'], size: 4511
2025-08-03 07:56:37,118 - Incremental training - Test Task 2 size: 1934
2025-08-03 07:56:37,128 -   (Scaler) Scaler centers: [ 3.31975183  0.         27.55116667]
2025-08-03 07:56:37,135 -   (Scaler) Scaler scales: [0.20016217 1.86108033 1.05333333]
2025-08-03 07:56:37,606 - --- task0 (LWF α=0.0000, SI λ=0.0000, epsilon=0.0008) ---
2025-08-03 07:59:37,272 - Epoch 0: SI loss is 0.00% of task loss
2025-08-03 07:59:42,892 - Epoch 0 task=3.8185e-02 kd=0.0000e+00 si=0.0000e+00 val=4.0232e-04 lr=1.00e-04 time=80.59s
2025-08-03 08:01:02,718 - Epoch 1: SI loss is 0.00% of task loss
2025-08-03 08:01:08,286 - Epoch 1 task=7.2809e-03 kd=0.0000e+00 si=0.0000e+00 val=1.7597e-03 lr=1.00e-04 time=79.72s
2025-08-03 08:02:27,585 - Epoch 2: SI loss is 0.00% of task loss
2025-08-03 08:02:33,149 - Epoch 2 task=5.3336e-03 kd=0.0000e+00 si=0.0000e+00 val=4.1706e-04 lr=1.00e-04 time=79.29s
2025-08-03 08:03:49,529 - Epoch 3: SI loss is 0.00% of task loss
2025-08-03 08:03:55,097 - Epoch 3 task=4.3114e-03 kd=0.0000e+00 si=0.0000e+00 val=6.8748e-04 lr=1.00e-04 time=76.38s
2025-08-03 08:05:10,515 - Epoch 4: SI loss is 0.00% of task loss
2025-08-03 08:05:16,078 - Epoch 4 task=3.4078e-03 kd=0.0000e+00 si=0.0000e+00 val=3.6582e-04 lr=1.00e-04 time=75.42s
2025-08-03 08:06:34,823 - Epoch 5: SI loss is 0.00% of task loss
2025-08-03 08:06:40,390 - Epoch 5 task=2.6546e-03 kd=0.0000e+00 si=0.0000e+00 val=4.8129e-04 lr=1.00e-04 time=78.71s
2025-08-03 08:07:58,397 - Epoch 6: SI loss is 0.00% of task loss
2025-08-03 08:08:03,969 - Epoch 6 task=2.0628e-03 kd=0.0000e+00 si=0.0000e+00 val=4.4023e-04 lr=1.00e-04 time=78.00s
2025-08-03 08:09:20,979 - Epoch 7: SI loss is 0.00% of task loss
2025-08-03 08:09:26,546 - Epoch 7 task=1.5515e-03 kd=0.0000e+00 si=0.0000e+00 val=4.8434e-04 lr=1.00e-04 time=77.01s
2025-08-03 08:10:44,699 - Epoch 8: SI loss is 0.00% of task loss
2025-08-03 08:10:50,266 - Epoch 8 task=1.1550e-03 kd=0.0000e+00 si=0.0000e+00 val=2.7226e-04 lr=1.00e-04 time=78.15s
2025-08-03 08:12:08,023 - Epoch 9: SI loss is 0.00% of task loss
2025-08-03 08:12:13,589 - Epoch 9 task=8.6879e-04 kd=0.0000e+00 si=0.0000e+00 val=5.7891e-04 lr=1.00e-04 time=77.70s
2025-08-03 08:13:33,203 - Epoch 10: SI loss is 0.00% of task loss
2025-08-03 08:13:38,768 - Epoch 10 task=6.8756e-04 kd=0.0000e+00 si=0.0000e+00 val=3.5973e-04 lr=1.00e-04 time=79.61s
2025-08-03 08:14:55,859 - Epoch 11: SI loss is 0.00% of task loss
2025-08-03 08:15:01,427 - Epoch 11 task=5.7616e-04 kd=0.0000e+00 si=0.0000e+00 val=5.6247e-04 lr=1.00e-04 time=77.09s
2025-08-03 08:16:19,175 - Epoch 12: SI loss is 0.00% of task loss
2025-08-03 08:16:24,748 - Epoch 12 task=5.1071e-04 kd=0.0000e+00 si=0.0000e+00 val=4.8547e-04 lr=1.00e-04 time=77.75s
2025-08-03 08:17:41,434 - Epoch 13: SI loss is 0.00% of task loss
2025-08-03 08:17:46,976 - Epoch 13 task=4.8133e-04 kd=0.0000e+00 si=0.0000e+00 val=4.9939e-04 lr=1.00e-04 time=76.68s
2025-08-03 08:19:05,554 - Epoch 14: SI loss is 0.00% of task loss
2025-08-03 08:19:11,096 - Epoch 14 task=4.6047e-04 kd=0.0000e+00 si=0.0000e+00 val=4.9492e-04 lr=1.00e-04 time=78.58s
2025-08-03 08:20:42,735 - Epoch 15: SI loss is 0.00% of task loss
2025-08-03 08:20:48,283 - Epoch 15 task=3.7164e-04 kd=0.0000e+00 si=0.0000e+00 val=5.8680e-04 lr=5.00e-05 time=91.64s
2025-08-03 08:22:22,213 - Epoch 16: SI loss is 0.00% of task loss
2025-08-03 08:22:27,747 - Epoch 16 task=3.2067e-04 kd=0.0000e+00 si=0.0000e+00 val=8.5837e-04 lr=5.00e-05 time=93.93s
2025-08-03 08:23:51,251 - Epoch 17: SI loss is 0.00% of task loss
2025-08-03 08:23:57,121 - Epoch 17 task=2.9085e-04 kd=0.0000e+00 si=0.0000e+00 val=7.3020e-04 lr=5.00e-05 time=83.86s
2025-08-03 08:25:33,992 - Epoch 18: SI loss is 0.00% of task loss
2025-08-03 08:25:39,520 - Epoch 18 task=2.9829e-04 kd=0.0000e+00 si=0.0000e+00 val=5.0135e-04 lr=5.00e-05 time=96.87s
2025-08-03 08:27:34,037 - Epoch 19: SI loss is 0.00% of task loss
2025-08-03 08:27:39,565 - Epoch 19 task=3.1292e-04 kd=0.0000e+00 si=0.0000e+00 val=6.2593e-04 lr=5.00e-05 time=114.47s
2025-08-03 08:29:24,898 - Epoch 20: SI loss is 0.00% of task loss
2025-08-03 08:29:30,426 - Epoch 20 task=2.5953e-04 kd=0.0000e+00 si=0.0000e+00 val=9.0416e-04 lr=5.00e-05 time=105.33s
2025-08-03 08:31:21,178 - Epoch 21: SI loss is 0.00% of task loss
2025-08-03 08:31:26,721 - Epoch 21 task=2.1207e-04 kd=0.0000e+00 si=0.0000e+00 val=6.8088e-04 lr=2.50e-05 time=110.76s
2025-08-03 08:33:15,807 - Epoch 22: SI loss is 0.00% of task loss
2025-08-03 08:33:21,333 - Epoch 22 task=2.0596e-04 kd=0.0000e+00 si=0.0000e+00 val=6.7780e-04 lr=2.50e-05 time=109.08s
2025-08-03 08:34:51,769 - Epoch 23: SI loss is 0.00% of task loss
2025-08-03 08:34:57,297 - Epoch 23 task=2.1482e-04 kd=0.0000e+00 si=0.0000e+00 val=8.5682e-04 lr=2.50e-05 time=90.43s
2025-08-03 08:36:25,057 - Epoch 24: SI loss is 0.00% of task loss
2025-08-03 08:36:30,588 - Epoch 24 task=2.1359e-04 kd=0.0000e+00 si=0.0000e+00 val=6.7052e-04 lr=2.50e-05 time=87.76s
2025-08-03 08:37:53,458 - Epoch 25: SI loss is 0.00% of task loss
2025-08-03 08:37:58,998 - Epoch 25 task=2.0047e-04 kd=0.0000e+00 si=0.0000e+00 val=4.8121e-04 lr=2.50e-05 time=82.87s
2025-08-03 08:39:24,074 - Epoch 26: SI loss is 0.00% of task loss
2025-08-03 08:39:29,611 - Epoch 26 task=1.9404e-04 kd=0.0000e+00 si=0.0000e+00 val=4.7754e-04 lr=2.50e-05 time=85.08s
2025-08-03 08:41:10,140 - Epoch 27: SI loss is 0.00% of task loss
2025-08-03 08:41:15,671 - Epoch 27 task=1.9440e-04 kd=0.0000e+00 si=0.0000e+00 val=5.5475e-04 lr=1.25e-05 time=100.53s
2025-08-03 08:42:59,069 - Epoch 28: SI loss is 0.00% of task loss
2025-08-03 08:43:04,606 - Epoch 28 task=1.8160e-04 kd=0.0000e+00 si=0.0000e+00 val=3.6687e-04 lr=1.25e-05 time=103.40s
2025-08-03 08:43:04,609 - Early stopping at epoch 28
2025-08-03 08:43:11,598 - SI importance normalized with scale 0.0095
2025-08-03 08:43:11,603 - Task 0 completed. SI importance weights updated.
2025-08-03 08:43:11,613 - Prepared for next task. Old model saved for knowledge distillation.
2025-08-03 08:43:11,620 - --- task1 (LWF α=0.0000, SI λ=0.0000, epsilon=0.0008) ---
2025-08-03 08:44:34,459 - Epoch 0: SI loss is 0.00% of task loss
2025-08-03 08:44:38,965 - Epoch 0 task=2.5955e-03 kd=0.0000e+00 si=0.0000e+00 val=8.7024e-04 lr=1.00e-04 time=82.66s
2025-08-03 08:46:01,592 - Epoch 1: SI loss is 0.00% of task loss
2025-08-03 08:46:06,090 - Epoch 1 task=1.9430e-03 kd=0.0000e+00 si=0.0000e+00 val=1.3521e-03 lr=1.00e-04 time=82.52s
2025-08-03 08:47:25,892 - Epoch 2: SI loss is 0.00% of task loss
2025-08-03 08:47:30,396 - Epoch 2 task=1.5836e-03 kd=0.0000e+00 si=0.0000e+00 val=4.3355e-04 lr=1.00e-04 time=79.79s
2025-08-03 08:48:50,200 - Epoch 3: SI loss is 0.00% of task loss
2025-08-03 08:48:54,707 - Epoch 3 task=1.4219e-03 kd=0.0000e+00 si=0.0000e+00 val=1.4225e-03 lr=1.00e-04 time=79.37s
2025-08-03 08:50:14,516 - Epoch 4: SI loss is 0.00% of task loss
2025-08-03 08:50:19,026 - Epoch 4 task=1.2357e-03 kd=0.0000e+00 si=0.0000e+00 val=5.3312e-04 lr=1.00e-04 time=79.80s
2025-08-03 08:51:48,562 - Epoch 5: SI loss is 0.00% of task loss
2025-08-03 08:51:53,069 - Epoch 5 task=1.1648e-03 kd=0.0000e+00 si=0.0000e+00 val=9.8105e-04 lr=1.00e-04 time=89.53s
2025-08-03 08:53:18,257 - Epoch 6: SI loss is 0.00% of task loss
2025-08-03 08:53:22,774 - Epoch 6 task=1.1290e-03 kd=0.0000e+00 si=0.0000e+00 val=6.9671e-04 lr=1.00e-04 time=85.19s
2025-08-03 08:54:45,320 - Epoch 7: SI loss is 0.00% of task loss
2025-08-03 08:54:49,825 - Epoch 7 task=1.0328e-03 kd=0.0000e+00 si=0.0000e+00 val=9.9193e-04 lr=1.00e-04 time=82.49s
2025-08-03 08:56:12,563 - Epoch 8: SI loss is 0.00% of task loss
2025-08-03 08:56:17,098 - Epoch 8 task=1.1253e-03 kd=0.0000e+00 si=0.0000e+00 val=8.3216e-04 lr=1.00e-04 time=82.76s
2025-08-03 08:57:39,863 - Epoch 9: SI loss is 0.00% of task loss
2025-08-03 08:57:44,374 - Epoch 9 task=1.0929e-03 kd=0.0000e+00 si=0.0000e+00 val=5.9628e-04 lr=5.00e-05 time=82.76s
2025-08-03 08:59:07,339 - Epoch 10: SI loss is 0.00% of task loss
2025-08-03 08:59:11,855 - Epoch 10 task=8.9604e-04 kd=0.0000e+00 si=0.0000e+00 val=5.0200e-04 lr=5.00e-05 time=82.96s
2025-08-03 09:00:35,115 - Epoch 11: SI loss is 0.00% of task loss
2025-08-03 09:00:39,629 - Epoch 11 task=5.3148e-04 kd=0.0000e+00 si=0.0000e+00 val=6.5949e-04 lr=5.00e-05 time=83.24s
2025-08-03 09:02:02,808 - Epoch 12: SI loss is 0.00% of task loss
2025-08-03 09:02:07,313 - Epoch 12 task=4.4405e-04 kd=0.0000e+00 si=0.0000e+00 val=7.8278e-04 lr=5.00e-05 time=83.17s
2025-08-03 09:03:30,153 - Epoch 13: SI loss is 0.00% of task loss
2025-08-03 09:03:34,665 - Epoch 13 task=4.0289e-04 kd=0.0000e+00 si=0.0000e+00 val=8.4582e-04 lr=5.00e-05 time=82.83s
2025-08-03 09:04:58,365 - Epoch 14: SI loss is 0.00% of task loss
2025-08-03 09:05:02,875 - Epoch 14 task=3.4723e-04 kd=0.0000e+00 si=0.0000e+00 val=6.8055e-04 lr=5.00e-05 time=83.69s
2025-08-03 09:06:35,252 - Epoch 15: SI loss is 0.00% of task loss
2025-08-03 09:06:39,763 - Epoch 15 task=3.1838e-04 kd=0.0000e+00 si=0.0000e+00 val=7.8412e-04 lr=2.50e-05 time=92.37s
2025-08-03 09:08:03,879 - Epoch 16: SI loss is 0.00% of task loss
2025-08-03 09:08:08,383 - Epoch 16 task=3.1232e-04 kd=0.0000e+00 si=0.0000e+00 val=1.6567e-03 lr=2.50e-05 time=84.10s
2025-08-03 09:09:32,139 - Epoch 17: SI loss is 0.00% of task loss
2025-08-03 09:09:36,643 - Epoch 17 task=3.2023e-04 kd=0.0000e+00 si=0.0000e+00 val=1.8930e-03 lr=2.50e-05 time=83.75s
2025-08-03 09:11:11,904 - Epoch 18: SI loss is 0.00% of task loss
2025-08-03 09:11:16,410 - Epoch 18 task=2.9230e-04 kd=0.0000e+00 si=0.0000e+00 val=7.0888e-04 lr=2.50e-05 time=95.25s
2025-08-03 09:12:41,702 - Epoch 19: SI loss is 0.00% of task loss
2025-08-03 09:12:46,206 - Epoch 19 task=3.0038e-04 kd=0.0000e+00 si=0.0000e+00 val=2.3767e-03 lr=2.50e-05 time=85.29s
2025-08-03 09:14:10,679 - Epoch 20: SI loss is 0.00% of task loss
2025-08-03 09:14:15,182 - Epoch 20 task=2.8370e-04 kd=0.0000e+00 si=0.0000e+00 val=1.6504e-03 lr=2.50e-05 time=84.46s
2025-08-03 09:15:39,304 - Epoch 21: SI loss is 0.00% of task loss
2025-08-03 09:15:43,809 - Epoch 21 task=2.6284e-04 kd=0.0000e+00 si=0.0000e+00 val=1.7220e-03 lr=1.25e-05 time=84.11s
2025-08-03 09:17:08,317 - Epoch 22: SI loss is 0.00% of task loss
2025-08-03 09:17:12,819 - Epoch 22 task=2.5397e-04 kd=0.0000e+00 si=0.0000e+00 val=8.4130e-04 lr=1.25e-05 time=84.50s
2025-08-03 09:17:12,827 - Early stopping at epoch 22
2025-08-03 09:17:15,822 - SI importance normalized with scale 1.0086
2025-08-03 09:17:15,833 - Task 1 completed. SI importance weights updated.
2025-08-03 09:17:15,847 - Prepared for next task. Old model saved for knowledge distillation.
2025-08-03 09:17:15,858 - --- task2 (LWF α=0.0000, SI λ=0.0000, epsilon=0.0008) ---
2025-08-03 09:18:16,097 - Epoch 0: SI loss is 0.00% of task loss
2025-08-03 09:18:17,218 - Epoch 0 task=3.3798e-03 kd=0.0000e+00 si=0.0000e+00 val=3.1482e-03 lr=1.00e-04 time=60.05s
2025-08-03 09:19:18,745 - Epoch 1: SI loss is 0.00% of task loss
2025-08-03 09:19:19,866 - Epoch 1 task=2.6248e-03 kd=0.0000e+00 si=0.0000e+00 val=9.2421e-04 lr=1.00e-04 time=61.38s
2025-08-03 09:20:27,856 - Epoch 2: SI loss is 0.00% of task loss
2025-08-03 09:20:28,976 - Epoch 2 task=2.0668e-03 kd=0.0000e+00 si=0.0000e+00 val=1.6334e-03 lr=1.00e-04 time=67.90s
2025-08-03 09:21:29,772 - Epoch 3: SI loss is 0.00% of task loss
2025-08-03 09:21:30,896 - Epoch 3 task=1.7482e-03 kd=0.0000e+00 si=0.0000e+00 val=1.0797e-03 lr=1.00e-04 time=60.78s
2025-08-03 09:22:31,626 - Epoch 4: SI loss is 0.00% of task loss
2025-08-03 09:22:32,748 - Epoch 4 task=1.9242e-03 kd=0.0000e+00 si=0.0000e+00 val=8.4953e-04 lr=1.00e-04 time=60.71s
2025-08-03 09:23:32,960 - Epoch 5: SI loss is 0.00% of task loss
2025-08-03 09:23:34,084 - Epoch 5 task=1.4506e-03 kd=0.0000e+00 si=0.0000e+00 val=8.4803e-04 lr=1.00e-04 time=60.12s
2025-08-03 09:24:37,505 - Epoch 6: SI loss is 0.00% of task loss
2025-08-03 09:24:38,651 - Epoch 6 task=1.1951e-03 kd=0.0000e+00 si=0.0000e+00 val=7.7895e-04 lr=1.00e-04 time=63.36s
2025-08-03 09:25:38,700 - Epoch 7: SI loss is 0.00% of task loss
2025-08-03 09:25:39,817 - Epoch 7 task=1.1232e-03 kd=0.0000e+00 si=0.0000e+00 val=8.4621e-04 lr=1.00e-04 time=59.94s
2025-08-03 09:26:37,690 - Epoch 8: SI loss is 0.00% of task loss
2025-08-03 09:26:38,811 - Epoch 8 task=9.5543e-04 kd=0.0000e+00 si=0.0000e+00 val=9.0318e-04 lr=1.00e-04 time=57.87s
2025-08-03 09:27:33,987 - Epoch 9: SI loss is 0.00% of task loss
2025-08-03 09:27:35,107 - Epoch 9 task=8.6728e-04 kd=0.0000e+00 si=0.0000e+00 val=5.6677e-04 lr=1.00e-04 time=55.17s
2025-08-03 09:28:33,147 - Epoch 10: SI loss is 0.00% of task loss
2025-08-03 09:28:34,267 - Epoch 10 task=9.0646e-04 kd=0.0000e+00 si=0.0000e+00 val=6.2755e-04 lr=1.00e-04 time=57.96s
2025-08-03 09:29:31,956 - Epoch 11: SI loss is 0.00% of task loss
2025-08-03 09:29:33,077 - Epoch 11 task=6.9770e-04 kd=0.0000e+00 si=0.0000e+00 val=3.8988e-04 lr=1.00e-04 time=57.68s
2025-08-03 09:30:48,561 - Epoch 12: SI loss is 0.00% of task loss
2025-08-03 09:30:49,682 - Epoch 12 task=5.6238e-04 kd=0.0000e+00 si=0.0000e+00 val=9.0180e-04 lr=1.00e-04 time=75.41s
2025-08-03 09:32:05,853 - Epoch 13: SI loss is 0.00% of task loss
2025-08-03 09:32:06,972 - Epoch 13 task=4.7903e-04 kd=0.0000e+00 si=0.0000e+00 val=2.7599e-04 lr=1.00e-04 time=76.16s
2025-08-03 09:33:08,562 - Epoch 14: SI loss is 0.00% of task loss
2025-08-03 09:33:09,683 - Epoch 14 task=5.4229e-04 kd=0.0000e+00 si=0.0000e+00 val=9.4814e-04 lr=1.00e-04 time=61.52s
2025-08-03 09:34:09,412 - Epoch 15: SI loss is 0.00% of task loss
2025-08-03 09:34:10,529 - Epoch 15 task=4.1571e-04 kd=0.0000e+00 si=0.0000e+00 val=6.8477e-04 lr=1.00e-04 time=59.72s
2025-08-03 09:34:58,305 - Epoch 16: SI loss is 0.00% of task loss
2025-08-03 09:34:59,421 - Epoch 16 task=3.8080e-04 kd=0.0000e+00 si=0.0000e+00 val=2.3015e-04 lr=1.00e-04 time=47.77s
2025-08-03 09:35:44,470 - Epoch 17: SI loss is 0.00% of task loss
2025-08-03 09:35:45,586 - Epoch 17 task=3.7644e-04 kd=0.0000e+00 si=0.0000e+00 val=3.2776e-04 lr=1.00e-04 time=45.00s
2025-08-03 09:36:35,023 - Epoch 18: SI loss is 0.00% of task loss
2025-08-03 09:36:36,140 - Epoch 18 task=3.5074e-04 kd=0.0000e+00 si=0.0000e+00 val=3.0891e-04 lr=1.00e-04 time=49.43s
2025-08-03 09:37:20,105 - Epoch 19: SI loss is 0.00% of task loss
2025-08-03 09:37:21,221 - Epoch 19 task=3.5020e-04 kd=0.0000e+00 si=0.0000e+00 val=2.1331e-04 lr=1.00e-04 time=43.96s
2025-08-03 09:38:05,334 - Epoch 20: SI loss is 0.00% of task loss
2025-08-03 09:38:06,464 - Epoch 20 task=3.2576e-04 kd=0.0000e+00 si=0.0000e+00 val=2.1129e-04 lr=1.00e-04 time=44.07s
2025-08-03 09:38:49,585 - Epoch 21: SI loss is 0.00% of task loss
2025-08-03 09:38:50,700 - Epoch 21 task=3.3702e-04 kd=0.0000e+00 si=0.0000e+00 val=1.5282e-04 lr=1.00e-04 time=43.05s
2025-08-03 09:39:33,518 - Epoch 22: SI loss is 0.00% of task loss
2025-08-03 09:39:34,662 - Epoch 22 task=3.2323e-04 kd=0.0000e+00 si=0.0000e+00 val=3.7049e-04 lr=1.00e-04 time=42.83s
2025-08-03 09:40:18,511 - Epoch 23: SI loss is 0.00% of task loss
2025-08-03 09:40:19,628 - Epoch 23 task=3.1538e-04 kd=0.0000e+00 si=0.0000e+00 val=1.8719e-04 lr=1.00e-04 time=43.85s
2025-08-03 09:41:03,435 - Epoch 24: SI loss is 0.00% of task loss
2025-08-03 09:41:04,553 - Epoch 24 task=3.3892e-04 kd=0.0000e+00 si=0.0000e+00 val=2.1901e-04 lr=1.00e-04 time=43.80s
2025-08-03 09:41:48,542 - Epoch 25: SI loss is 0.00% of task loss
2025-08-03 09:41:49,658 - Epoch 25 task=3.0499e-04 kd=0.0000e+00 si=0.0000e+00 val=1.1960e-04 lr=1.00e-04 time=43.98s
2025-08-03 09:42:34,252 - Epoch 26: SI loss is 0.00% of task loss
2025-08-03 09:42:35,367 - Epoch 26 task=2.9504e-04 kd=0.0000e+00 si=0.0000e+00 val=1.1710e-04 lr=1.00e-04 time=44.56s
2025-08-03 09:43:20,233 - Epoch 27: SI loss is 0.00% of task loss
2025-08-03 09:43:21,347 - Epoch 27 task=2.9076e-04 kd=0.0000e+00 si=0.0000e+00 val=1.0945e-04 lr=1.00e-04 time=44.83s
2025-08-03 09:44:10,061 - Epoch 28: SI loss is 0.00% of task loss
2025-08-03 09:44:11,179 - Epoch 28 task=2.7597e-04 kd=0.0000e+00 si=0.0000e+00 val=8.5770e-05 lr=1.00e-04 time=48.67s
2025-08-03 09:44:57,002 - Epoch 29: SI loss is 0.00% of task loss
2025-08-03 09:44:58,120 - Epoch 29 task=2.8154e-04 kd=0.0000e+00 si=0.0000e+00 val=9.0010e-05 lr=1.00e-04 time=45.79s
2025-08-03 09:45:44,594 - Epoch 30: SI loss is 0.00% of task loss
2025-08-03 09:45:45,711 - Epoch 30 task=2.8747e-04 kd=0.0000e+00 si=0.0000e+00 val=3.9246e-04 lr=1.00e-04 time=46.47s
2025-08-03 09:46:31,336 - Epoch 31: SI loss is 0.00% of task loss
2025-08-03 09:46:32,454 - Epoch 31 task=2.8997e-04 kd=0.0000e+00 si=0.0000e+00 val=4.6610e-04 lr=1.00e-04 time=45.63s
2025-08-03 09:47:25,454 - Epoch 32: SI loss is 0.00% of task loss
2025-08-03 09:47:26,572 - Epoch 32 task=2.6024e-04 kd=0.0000e+00 si=0.0000e+00 val=1.4874e-04 lr=1.00e-04 time=53.00s
2025-08-03 09:48:22,437 - Epoch 33: SI loss is 0.00% of task loss
2025-08-03 09:48:23,554 - Epoch 33 task=2.5743e-04 kd=0.0000e+00 si=0.0000e+00 val=1.2914e-04 lr=1.00e-04 time=55.86s
2025-08-03 09:49:10,719 - Epoch 34: SI loss is 0.00% of task loss
2025-08-03 09:49:11,836 - Epoch 34 task=2.5904e-04 kd=0.0000e+00 si=0.0000e+00 val=1.0967e-04 lr=1.00e-04 time=47.16s
2025-08-03 09:49:57,943 - Epoch 35: SI loss is 0.00% of task loss
2025-08-03 09:49:59,057 - Epoch 35 task=2.2710e-04 kd=0.0000e+00 si=0.0000e+00 val=1.3517e-04 lr=5.00e-05 time=46.10s
2025-08-03 09:50:45,792 - Epoch 36: SI loss is 0.00% of task loss
2025-08-03 09:50:46,933 - Epoch 36 task=2.3184e-04 kd=0.0000e+00 si=0.0000e+00 val=1.2330e-04 lr=5.00e-05 time=46.76s
2025-08-03 09:51:32,102 - Epoch 37: SI loss is 0.00% of task loss
2025-08-03 09:51:33,216 - Epoch 37 task=2.1541e-04 kd=0.0000e+00 si=0.0000e+00 val=1.3258e-04 lr=5.00e-05 time=45.14s
2025-08-03 09:52:34,113 - Epoch 38: SI loss is 0.00% of task loss
2025-08-03 09:52:35,233 - Epoch 38 task=2.1299e-04 kd=0.0000e+00 si=0.0000e+00 val=1.0575e-04 lr=5.00e-05 time=60.90s
2025-08-03 09:53:26,505 - Epoch 39: SI loss is 0.00% of task loss
2025-08-03 09:53:27,624 - Epoch 39 task=2.0599e-04 kd=0.0000e+00 si=0.0000e+00 val=1.7529e-04 lr=5.00e-05 time=51.15s
2025-08-03 09:54:13,908 - Epoch 40: SI loss is 0.00% of task loss
2025-08-03 09:54:15,029 - Epoch 40 task=2.0973e-04 kd=0.0000e+00 si=0.0000e+00 val=1.7081e-04 lr=5.00e-05 time=46.28s
2025-08-03 09:55:02,815 - Epoch 41: SI loss is 0.00% of task loss
2025-08-03 09:55:03,934 - Epoch 41 task=1.8840e-04 kd=0.0000e+00 si=0.0000e+00 val=1.8684e-04 lr=2.50e-05 time=47.78s
2025-08-03 09:55:50,351 - Epoch 42: SI loss is 0.00% of task loss
2025-08-03 09:55:51,469 - Epoch 42 task=2.6393e-04 kd=0.0000e+00 si=0.0000e+00 val=1.8218e-04 lr=2.50e-05 time=46.42s
2025-08-03 09:56:37,176 - Epoch 43: SI loss is 0.00% of task loss
2025-08-03 09:56:38,291 - Epoch 43 task=1.8647e-04 kd=0.0000e+00 si=0.0000e+00 val=1.4848e-04 lr=2.50e-05 time=45.70s
2025-08-03 09:57:23,932 - Epoch 44: SI loss is 0.00% of task loss
2025-08-03 09:57:25,047 - Epoch 44 task=1.8199e-04 kd=0.0000e+00 si=0.0000e+00 val=1.4685e-04 lr=2.50e-05 time=45.64s
2025-08-03 09:58:10,645 - Epoch 45: SI loss is 0.00% of task loss
2025-08-03 09:58:11,762 - Epoch 45 task=1.8532e-04 kd=0.0000e+00 si=0.0000e+00 val=1.5603e-04 lr=2.50e-05 time=45.60s
2025-08-03 09:58:58,176 - Epoch 46: SI loss is 0.00% of task loss
2025-08-03 09:58:59,292 - Epoch 46 task=1.7478e-04 kd=0.0000e+00 si=0.0000e+00 val=1.7098e-04 lr=2.50e-05 time=46.41s
2025-08-03 09:59:44,609 - Epoch 47: SI loss is 0.00% of task loss
2025-08-03 09:59:45,725 - Epoch 47 task=1.7079e-04 kd=0.0000e+00 si=0.0000e+00 val=1.6606e-04 lr=1.25e-05 time=45.32s
2025-08-03 10:00:43,481 - Epoch 48: SI loss is 0.00% of task loss
2025-08-03 10:00:44,597 - Epoch 48 task=1.6759e-04 kd=0.0000e+00 si=0.0000e+00 val=1.9393e-04 lr=1.25e-05 time=57.75s
2025-08-03 10:00:44,602 - Early stopping at epoch 48
2025-08-03 10:00:47,543 - SI importance normalized with scale 1.0139
2025-08-03 10:00:47,544 - Task 2 completed. SI importance weights updated.
2025-08-03 10:00:47,545 - ==== Incremental Training Complete ====
2025-08-03 10:00:47,547 - ==== Starting Comprehensive Evaluation ====
2025-08-03 10:00:47,567 - Evaluating model trained after task 0...
2025-08-03 10:01:00,084 -   Task 0 -> Test Task 0: MAE=2.7281e-02, R=-0.0273
2025-08-03 10:01:01,893 -   Task 0 -> Test Task 1: MAE=4.0750e-02, R=-0.0407
2025-08-03 10:01:02,252 -   Task 0 -> Test Task 2: MAE=2.7352e-01, R=-0.2735
2025-08-03 10:01:02,253 - Evaluating model trained after task 1...
2025-08-03 10:01:14,594 -   Task 1 -> Test Task 0: MAE=7.7699e-02, R=-0.0777
2025-08-03 10:01:16,401 -   Task 1 -> Test Task 1: MAE=5.9894e-02, R=-0.0599
2025-08-03 10:01:16,755 -   Task 1 -> Test Task 2: MAE=5.5082e-02, R=-0.0551
2025-08-03 10:01:16,758 - Evaluating model trained after task 2...
2025-08-03 10:01:29,276 -   Task 2 -> Test Task 0: MAE=3.3732e-02, R=-0.0337
2025-08-03 10:01:31,084 -   Task 2 -> Test Task 1: MAE=3.3393e-02, R=-0.0334
2025-08-03 10:01:31,440 -   Task 2 -> Test Task 2: MAE=1.9683e-02, R=-0.0197
2025-08-03 10:01:31,441 - ==== Computing Continual Learning Metrics ====
2025-08-03 10:01:31,443 - Computing random initialization baselines...
2025-08-03 10:01:33,755 -   Baseline Task 0: R=-0.9731
2025-08-03 10:01:35,528 -   Baseline Task 1: R=-0.9252
2025-08-03 10:01:35,881 -   Baseline Task 2: R=-0.6922
2025-08-03 10:01:35,882 - ==== Continual Learning Results ====
2025-08-03 10:01:35,883 - BWT (Backward Transfer): 0.0100 (positive = backward gain)
2025-08-03 10:01:35,884 - FWT (Forward Transfer): 0.7608 (positive = beneficial transfer)
2025-08-03 10:01:35,885 - ACC (Average Accuracy): -0.0289
2025-08-03 10:01:35,886 - ==== Performance Matrix R[i][j] ====
2025-08-03 10:01:35,887 - Rows: trained after task i, Columns: evaluated on task j
2025-08-03 10:01:35,888 -        Task 0 Task 1 Task 2
2025-08-03 10:01:35,890 - Task 0: -0.0273 -0.0407 -0.2735
2025-08-03 10:01:35,891 - Task 1: -0.0777 -0.0599 -0.0551
2025-08-03 10:01:35,892 - Task 2: -0.0337 -0.0334 -0.0197
2025-08-03 10:01:36,076 - ==== Evaluation Complete ====
2025-08-03 10:01:36,078 - All results saved to: /beegfs/home/users/z/zzhuqshun/Thesis/05_Final/si/strategies/fine-tuning/metrics
2025-08-03 10:01:36,083 - ==== Final Summary ====
2025-08-03 10:01:36,084 - Continual Learning Metrics:
2025-08-03 10:01:36,085 -   BWT: 0.0100
2025-08-03 10:01:36,087 -   FWT: 0.7608
2025-08-03 10:01:36,093 -   ACC: -0.0289
2025-08-03 10:01:36,098 -   num_tasks: 3.0000
2025-08-03 10:01:36,101 - ==== Experiment Complete ====
