2025-08-15 17:21:43,993 - INFO - ==== Incremental Training (SI + KD via IncTrainer) ====
2025-08-15 17:21:44,000 - INFO - Number of tasks: 3
2025-08-15 17:23:18,120 - INFO - Incremental training - Task 0 Train IDs: ['03', '27', '05', '21', '11'], size: 107395
2025-08-15 17:23:18,123 - INFO - Incremental training - Task 0 Val IDs: ['01'], size: 20028
2025-08-15 17:23:18,125 - INFO - Incremental training - Test Task 0 size: 8584
2025-08-15 17:23:18,126 - INFO - Incremental training - Task 1 Train IDs: ['09', '29', '25'], size: 41175
2025-08-15 17:23:18,127 - INFO - Incremental training - Task 1 Val IDs: ['19'], size: 16183
2025-08-15 17:23:18,128 - INFO - Incremental training - Test Task 1 size: 6937
2025-08-15 17:23:18,130 - INFO - Incremental training - Task 2 Train IDs: ['15', '07', '23'], size: 57074
2025-08-15 17:23:18,133 - INFO - Incremental training - Task 2 Val IDs: ['13'], size: 4511
2025-08-15 17:23:18,135 - INFO - Incremental training - Test Task 2 size: 1934
2025-08-15 17:23:18,149 - INFO -   (Scaler) Scaler centers: [ 3.3374245   0.101279   27.50083333]
2025-08-15 17:23:18,180 - INFO -   (Scaler) Scaler scales: [0.18253608 1.77971742 1.05683333]
2025-08-15 17:23:20,771 - INFO - ========== Model Structure ==========
2025-08-15 17:23:20,771 - INFO - 
SOHLSTM(
  (lstm): LSTM(3, 128, num_layers=2, batch_first=True, dropout=0.3)
  (fc): Sequential(
    (0): Linear(in_features=128, out_features=64, bias=True)
    (1): LeakyReLU(negative_slope=0.01)
    (2): Dropout(p=0.3, inplace=False)
    (3): Linear(in_features=64, out_features=1, bias=True)
  )
)
2025-08-15 17:23:20,772 - INFO - =====================================
2025-08-15 17:23:20,773 - INFO - ====== Model Parameters Details ======
2025-08-15 17:23:20,774 - INFO - lstm.weight_ih_l0                                  | trainable |     1536 params
2025-08-15 17:23:20,774 - INFO - lstm.weight_hh_l0                                  | trainable |    65536 params
2025-08-15 17:23:20,775 - INFO - lstm.bias_ih_l0                                    | trainable |      512 params
2025-08-15 17:23:20,776 - INFO - lstm.bias_hh_l0                                    | trainable |      512 params
2025-08-15 17:23:20,776 - INFO - lstm.weight_ih_l1                                  | trainable |    65536 params
2025-08-15 17:23:20,777 - INFO - lstm.weight_hh_l1                                  | trainable |    65536 params
2025-08-15 17:23:20,777 - INFO - lstm.bias_ih_l1                                    | trainable |      512 params
2025-08-15 17:23:20,778 - INFO - lstm.bias_hh_l1                                    | trainable |      512 params
2025-08-15 17:23:20,779 - INFO - fc.0.weight                                        | trainable |     8192 params
2025-08-15 17:23:20,779 - INFO - fc.0.bias                                          | trainable |       64 params
2025-08-15 17:23:20,780 - INFO - fc.3.weight                                        | trainable |       64 params
2025-08-15 17:23:20,781 - INFO - fc.3.bias                                          | trainable |        1 params
2025-08-15 17:23:20,781 - INFO - --------------------------------------------------------------------------------
2025-08-15 17:23:20,782 - INFO - Total params:                                          208513 params (only trainable)
2025-08-15 17:23:20,782 - INFO - =====================================
2025-08-15 17:26:18,104 - INFO - [Task 0][Ep 0] train=3.4183e-02 val=1.8106e-03 | KL=0.000 | Lambda: KD=0.0000 SI=0.0000 | Ratio: KD=0.00% SI=0.00% | lr=1.00e-04 time=97.74s
2025-08-15 17:27:52,304 - INFO - [Task 0][Ep 1] train=7.4524e-03 val=9.6827e-04 | KL=0.000 | Lambda: KD=0.0000 SI=0.0000 | Ratio: KD=0.00% SI=0.00% | lr=1.00e-04 time=94.16s
2025-08-15 17:29:25,959 - INFO - [Task 0][Ep 2] train=5.6415e-03 val=1.1449e-03 | KL=0.000 | Lambda: KD=0.0000 SI=0.0000 | Ratio: KD=0.00% SI=0.00% | lr=1.00e-04 time=93.59s
2025-08-15 17:30:59,641 - INFO - [Task 0][Ep 3] train=4.6389e-03 val=5.0094e-04 | KL=0.000 | Lambda: KD=0.0000 SI=0.0000 | Ratio: KD=0.00% SI=0.00% | lr=1.00e-04 time=93.67s
2025-08-15 17:32:33,116 - INFO - [Task 0][Ep 4] train=3.7085e-03 val=1.0208e-03 | KL=0.000 | Lambda: KD=0.0000 SI=0.0000 | Ratio: KD=0.00% SI=0.00% | lr=1.00e-04 time=93.44s
2025-08-15 17:34:06,692 - INFO - [Task 0][Ep 5] train=2.8454e-03 val=3.8385e-04 | KL=0.000 | Lambda: KD=0.0000 SI=0.0000 | Ratio: KD=0.00% SI=0.00% | lr=1.00e-04 time=93.56s
2025-08-15 17:35:41,637 - INFO - [Task 0][Ep 6] train=1.9421e-03 val=3.4660e-04 | KL=0.000 | Lambda: KD=0.0000 SI=0.0000 | Ratio: KD=0.00% SI=0.00% | lr=1.00e-04 time=94.92s
2025-08-15 17:37:17,221 - INFO - [Task 0][Ep 7] train=1.3745e-03 val=2.3536e-04 | KL=0.000 | Lambda: KD=0.0000 SI=0.0000 | Ratio: KD=0.00% SI=0.00% | lr=1.00e-04 time=95.52s
2025-08-15 17:38:51,997 - INFO - [Task 0][Ep 8] train=1.1364e-03 val=2.8731e-04 | KL=0.000 | Lambda: KD=0.0000 SI=0.0000 | Ratio: KD=0.00% SI=0.00% | lr=1.00e-04 time=94.75s
2025-08-15 17:40:26,963 - INFO - [Task 0][Ep 9] train=8.5875e-04 val=9.2570e-04 | KL=0.000 | Lambda: KD=0.0000 SI=0.0000 | Ratio: KD=0.00% SI=0.00% | lr=1.00e-04 time=94.95s
2025-08-15 17:42:00,946 - INFO - [Task 0][Ep 10] train=6.4584e-04 val=9.1032e-04 | KL=0.000 | Lambda: KD=0.0000 SI=0.0000 | Ratio: KD=0.00% SI=0.00% | lr=1.00e-04 time=93.97s
2025-08-15 17:43:34,930 - INFO - [Task 0][Ep 11] train=5.3215e-04 val=1.2565e-03 | KL=0.000 | Lambda: KD=0.0000 SI=0.0000 | Ratio: KD=0.00% SI=0.00% | lr=1.00e-04 time=93.97s
2025-08-15 17:45:08,465 - INFO - [Task 0][Ep 12] train=4.7213e-04 val=8.5282e-03 | KL=0.000 | Lambda: KD=0.0000 SI=0.0000 | Ratio: KD=0.00% SI=0.00% | lr=1.00e-04 time=93.53s
2025-08-15 17:46:42,604 - INFO - [Task 0][Ep 13] train=4.5206e-04 val=2.6870e-03 | KL=0.000 | Lambda: KD=0.0000 SI=0.0000 | Ratio: KD=0.00% SI=0.00% | lr=5.00e-05 time=94.13s
2025-08-15 17:48:16,510 - INFO - [Task 0][Ep 14] train=3.1625e-04 val=1.1495e-02 | KL=0.000 | Lambda: KD=0.0000 SI=0.0000 | Ratio: KD=0.00% SI=0.00% | lr=5.00e-05 time=93.90s
2025-08-15 17:49:51,234 - INFO - [Task 0][Ep 15] train=2.0442e-04 val=1.1450e-02 | KL=0.000 | Lambda: KD=0.0000 SI=0.0000 | Ratio: KD=0.00% SI=0.00% | lr=5.00e-05 time=94.71s
2025-08-15 17:51:25,282 - INFO - [Task 0][Ep 16] train=2.8454e-04 val=5.0561e-03 | KL=0.000 | Lambda: KD=0.0000 SI=0.0000 | Ratio: KD=0.00% SI=0.00% | lr=5.00e-05 time=93.99s
2025-08-15 17:52:59,889 - INFO - [Task 0][Ep 17] train=4.2232e-04 val=7.1749e-03 | KL=0.000 | Lambda: KD=0.0000 SI=0.0000 | Ratio: KD=0.00% SI=0.00% | lr=5.00e-05 time=94.59s
2025-08-15 17:54:34,043 - INFO - [Task 0][Ep 18] train=2.4178e-04 val=7.7412e-03 | KL=0.000 | Lambda: KD=0.0000 SI=0.0000 | Ratio: KD=0.00% SI=0.00% | lr=5.00e-05 time=94.15s
2025-08-15 17:56:07,961 - INFO - [Task 0][Ep 19] train=1.7374e-04 val=8.2510e-03 | KL=0.000 | Lambda: KD=0.0000 SI=0.0000 | Ratio: KD=0.00% SI=0.00% | lr=2.50e-05 time=93.90s
2025-08-15 17:57:42,116 - INFO - [Task 0][Ep 20] train=1.1908e-04 val=7.0348e-03 | KL=0.000 | Lambda: KD=0.0000 SI=0.0000 | Ratio: KD=0.00% SI=0.00% | lr=2.50e-05 time=94.15s
2025-08-15 17:59:16,244 - INFO - [Task 0][Ep 21] train=1.0881e-04 val=4.9684e-03 | KL=0.000 | Lambda: KD=0.0000 SI=0.0000 | Ratio: KD=0.00% SI=0.00% | lr=2.50e-05 time=94.11s
2025-08-15 18:00:50,855 - INFO - [Task 0][Ep 22] train=9.9826e-05 val=5.4105e-03 | KL=0.000 | Lambda: KD=0.0000 SI=0.0000 | Ratio: KD=0.00% SI=0.00% | lr=2.50e-05 time=94.60s
2025-08-15 18:02:24,833 - INFO - [Task 0][Ep 23] train=9.6723e-05 val=4.8673e-03 | KL=0.000 | Lambda: KD=0.0000 SI=0.0000 | Ratio: KD=0.00% SI=0.00% | lr=2.50e-05 time=93.96s
2025-08-15 18:04:15,480 - INFO - [Task 0][Ep 24] train=9.0518e-05 val=4.2275e-03 | KL=0.000 | Lambda: KD=0.0000 SI=0.0000 | Ratio: KD=0.00% SI=0.00% | lr=2.50e-05 time=110.63s
2025-08-15 18:05:54,965 - INFO - [Task 0][Ep 25] train=8.6469e-05 val=8.7125e-03 | KL=0.000 | Lambda: KD=0.0000 SI=0.0000 | Ratio: KD=0.00% SI=0.00% | lr=1.25e-05 time=99.34s
2025-08-15 18:07:43,392 - INFO - [Task 0][Ep 26] train=8.0020e-05 val=4.1118e-03 | KL=0.000 | Lambda: KD=0.0000 SI=0.0000 | Ratio: KD=0.00% SI=0.00% | lr=1.25e-05 time=108.42s
2025-08-15 18:09:27,955 - INFO - [Task 0][Ep 27] train=7.8008e-05 val=4.4624e-03 | KL=0.000 | Lambda: KD=0.0000 SI=0.0000 | Ratio: KD=0.00% SI=0.00% | lr=1.25e-05 time=104.55s
2025-08-15 18:09:27,999 - INFO - [Task 0] Early stopping at epoch 27
2025-08-15 18:09:58,615 - INFO - [Task 0] Augmented checkpoint saved with SI & KL stats: /beegfs/home/users/z/zzhuqshun/Thesis/final/tryout_tau50_warmup_smaller_si+kd/task0/task0_best.pt
2025-08-15 18:11:13,323 - INFO - [Task 1][Ep 0] train=2.0958e-03 val=8.7926e-04 | KL=1.963 | Lambda: KD=0.0000 SI=0.0000 | Ratio: KD=0.00% SI=0.00% | lr=1.00e-04 time=66.67s
2025-08-15 18:12:20,266 - INFO - [Task 1][Ep 1] train=2.4223e-03 val=2.1148e-03 | KL=1.961 | Lambda: KD=0.0291 SI=0.0004 | Ratio: KD=25.15% SI=0.31% | lr=1.00e-04 time=66.84s
2025-08-15 18:13:28,334 - INFO - [Task 1][Ep 2] train=2.8912e-03 val=5.5398e-04 | KL=1.963 | Lambda: KD=0.0581 SI=0.0007 | Ratio: KD=40.40% SI=1.09% | lr=1.00e-04 time=68.05s
2025-08-15 18:14:41,612 - INFO - [Task 1][Ep 3] train=3.2414e-03 val=5.9206e-04 | KL=1.962 | Lambda: KD=0.0872 SI=0.0011 | Ratio: KD=51.57% SI=1.79% | lr=1.00e-04 time=73.22s
2025-08-15 18:15:56,983 - INFO - [Task 1][Ep 4] train=3.6026e-03 val=7.2276e-04 | KL=1.963 | Lambda: KD=0.1163 SI=0.0015 | Ratio: KD=58.89% SI=2.77% | lr=1.00e-04 time=75.34s
2025-08-15 18:17:10,597 - INFO - [Task 1][Ep 5] train=3.9335e-03 val=4.5696e-04 | KL=1.967 | Lambda: KD=0.1453 SI=0.0019 | Ratio: KD=63.40% SI=3.53% | lr=1.00e-04 time=73.59s
2025-08-15 18:18:23,225 - INFO - [Task 1][Ep 6] train=4.4918e-03 val=3.8796e-04 | KL=1.958 | Lambda: KD=0.1744 SI=0.0022 | Ratio: KD=63.49% SI=4.00% | lr=1.00e-04 time=72.56s
2025-08-15 18:19:36,006 - INFO - [Task 1][Ep 7] train=4.8084e-03 val=4.8224e-04 | KL=1.961 | Lambda: KD=0.2035 SI=0.0026 | Ratio: KD=66.18% SI=4.03% | lr=1.00e-04 time=72.71s
2025-08-15 18:20:46,215 - INFO - [Task 1][Ep 8] train=5.2899e-03 val=5.6716e-04 | KL=1.964 | Lambda: KD=0.2325 SI=0.0030 | Ratio: KD=66.01% SI=3.83% | lr=1.00e-04 time=70.18s
2025-08-15 18:22:00,072 - INFO - [Task 1][Ep 9] train=5.8127e-03 val=7.5255e-04 | KL=1.961 | Lambda: KD=0.2616 SI=0.0034 | Ratio: KD=64.24% SI=4.17% | lr=1.00e-04 time=73.83s
2025-08-15 18:23:14,231 - INFO - [Task 1][Ep 10] train=6.1619e-03 val=7.1506e-04 | KL=1.963 | Lambda: KD=0.2906 SI=0.0037 | Ratio: KD=65.25% SI=4.16% | lr=1.00e-04 time=74.14s
2025-08-15 18:24:28,056 - INFO - [Task 1][Ep 11] train=6.1817e-03 val=4.2692e-04 | KL=1.964 | Lambda: KD=0.2906 SI=0.0037 | Ratio: KD=64.37% SI=3.92% | lr=1.00e-04 time=73.80s
2025-08-15 18:25:41,791 - INFO - [Task 1][Ep 12] train=6.1273e-03 val=5.4164e-04 | KL=1.964 | Lambda: KD=0.2906 SI=0.0037 | Ratio: KD=64.39% SI=4.16% | lr=5.00e-05 time=73.71s
2025-08-15 18:26:57,002 - INFO - [Task 1][Ep 13] train=5.9376e-03 val=4.1161e-04 | KL=1.961 | Lambda: KD=0.2906 SI=0.0037 | Ratio: KD=66.12% SI=4.04% | lr=5.00e-05 time=75.19s
2025-08-15 18:28:10,148 - INFO - [Task 1][Ep 14] train=5.9270e-03 val=4.5169e-04 | KL=1.961 | Lambda: KD=0.2906 SI=0.0037 | Ratio: KD=66.45% SI=3.91% | lr=5.00e-05 time=73.13s
2025-08-15 18:29:24,233 - INFO - [Task 1][Ep 15] train=5.9851e-03 val=4.7424e-04 | KL=1.961 | Lambda: KD=0.2907 SI=0.0037 | Ratio: KD=66.16% SI=3.71% | lr=5.00e-05 time=74.07s
2025-08-15 18:30:37,964 - INFO - [Task 1][Ep 16] train=5.9649e-03 val=5.8789e-04 | KL=1.963 | Lambda: KD=0.2906 SI=0.0037 | Ratio: KD=66.15% SI=3.63% | lr=5.00e-05 time=73.71s
2025-08-15 18:31:47,521 - INFO - [Task 1][Ep 17] train=5.9190e-03 val=4.2777e-04 | KL=1.965 | Lambda: KD=0.2906 SI=0.0037 | Ratio: KD=66.39% SI=3.65% | lr=5.00e-05 time=69.54s
2025-08-15 18:32:59,905 - INFO - [Task 1][Ep 18] train=5.8837e-03 val=6.4370e-04 | KL=1.964 | Lambda: KD=0.2906 SI=0.0037 | Ratio: KD=66.71% SI=3.60% | lr=2.50e-05 time=72.36s
2025-08-15 18:34:12,802 - INFO - [Task 1][Ep 19] train=5.8513e-03 val=6.8140e-04 | KL=1.963 | Lambda: KD=0.2906 SI=0.0037 | Ratio: KD=66.89% SI=3.61% | lr=2.50e-05 time=72.88s
2025-08-15 18:35:23,475 - INFO - [Task 1][Ep 20] train=5.8024e-03 val=8.3994e-04 | KL=1.962 | Lambda: KD=0.2906 SI=0.0037 | Ratio: KD=67.46% SI=3.63% | lr=2.50e-05 time=70.64s
2025-08-15 18:36:33,301 - INFO - [Task 1][Ep 21] train=5.8001e-03 val=4.3053e-04 | KL=1.962 | Lambda: KD=0.2906 SI=0.0037 | Ratio: KD=67.85% SI=3.63% | lr=2.50e-05 time=69.81s
2025-08-15 18:37:42,103 - INFO - [Task 1][Ep 22] train=5.7977e-03 val=7.0447e-04 | KL=1.963 | Lambda: KD=0.2906 SI=0.0037 | Ratio: KD=67.61% SI=3.62% | lr=2.50e-05 time=68.79s
2025-08-15 18:38:54,915 - INFO - [Task 1][Ep 23] train=5.7723e-03 val=5.2440e-04 | KL=1.963 | Lambda: KD=0.2906 SI=0.0037 | Ratio: KD=67.91% SI=3.66% | lr=2.50e-05 time=72.80s
2025-08-15 18:40:05,787 - INFO - [Task 1][Ep 24] train=5.7707e-03 val=7.5614e-04 | KL=1.962 | Lambda: KD=0.2906 SI=0.0037 | Ratio: KD=68.00% SI=3.66% | lr=1.25e-05 time=70.86s
2025-08-15 18:41:15,861 - INFO - [Task 1][Ep 25] train=5.7391e-03 val=5.7596e-04 | KL=1.965 | Lambda: KD=0.2906 SI=0.0037 | Ratio: KD=68.45% SI=3.67% | lr=1.25e-05 time=70.06s
2025-08-15 18:42:27,429 - INFO - [Task 1][Ep 26] train=5.7461e-03 val=6.3677e-04 | KL=1.966 | Lambda: KD=0.2906 SI=0.0037 | Ratio: KD=68.34% SI=3.65% | lr=1.25e-05 time=71.55s
2025-08-15 18:42:27,472 - INFO - [Task 1] Early stopping at epoch 26
2025-08-15 18:44:17,821 - INFO - [Task 2][Ep 0] train=7.6711e-04 val=2.1633e-03 | KL=0.285 | Lambda: KD=0.0000 SI=0.0000 | Ratio: KD=0.00% SI=0.00% | lr=1.00e-04 time=96.81s
2025-08-15 18:45:53,968 - INFO - [Task 2][Ep 1] train=7.2798e-04 val=1.7139e-03 | KL=0.282 | Lambda: KD=0.0299 SI=0.0001 | Ratio: KD=12.86% SI=0.39% | lr=1.00e-04 time=96.07s
2025-08-15 18:47:25,608 - INFO - [Task 2][Ep 2] train=8.1282e-04 val=1.8805e-03 | KL=0.274 | Lambda: KD=0.0597 SI=0.0001 | Ratio: KD=21.68% SI=1.16% | lr=1.00e-04 time=91.57s
2025-08-15 18:48:48,387 - INFO - [Task 2][Ep 3] train=8.4400e-04 val=1.2625e-03 | KL=0.277 | Lambda: KD=0.0896 SI=0.0002 | Ratio: KD=29.83% SI=2.35% | lr=1.00e-04 time=82.76s
2025-08-15 18:50:14,513 - INFO - [Task 2][Ep 4] train=8.3550e-04 val=1.3596e-03 | KL=0.286 | Lambda: KD=0.1194 SI=0.0002 | Ratio: KD=37.36% SI=3.71% | lr=1.00e-04 time=86.08s
2025-08-15 18:51:43,915 - INFO - [Task 2][Ep 5] train=8.9184e-04 val=1.3064e-03 | KL=0.282 | Lambda: KD=0.1493 SI=0.0003 | Ratio: KD=41.78% SI=4.56% | lr=1.00e-04 time=89.38s
2025-08-15 18:53:11,252 - INFO - [Task 2][Ep 6] train=9.5334e-04 val=1.1176e-03 | KL=0.290 | Lambda: KD=0.1791 SI=0.0003 | Ratio: KD=44.18% SI=5.44% | lr=1.00e-04 time=87.32s
2025-08-15 18:54:54,996 - INFO - [Task 2][Ep 7] train=1.0434e-03 val=9.8057e-04 | KL=0.275 | Lambda: KD=0.2090 SI=0.0004 | Ratio: KD=44.98% SI=5.85% | lr=1.00e-04 time=103.67s
2025-08-15 18:56:40,582 - INFO - [Task 2][Ep 8] train=1.1152e-03 val=1.2040e-03 | KL=0.280 | Lambda: KD=0.2389 SI=0.0004 | Ratio: KD=45.69% SI=6.63% | lr=1.00e-04 time=105.27s
2025-08-15 18:58:16,426 - INFO - [Task 2][Ep 9] train=1.2245e-03 val=1.0411e-03 | KL=0.287 | Lambda: KD=0.2687 SI=0.0005 | Ratio: KD=44.52% SI=7.30% | lr=1.00e-04 time=95.82s
2025-08-15 18:59:57,912 - INFO - [Task 2][Ep 10] train=1.2109e-03 val=4.8403e-04 | KL=0.282 | Lambda: KD=0.2986 SI=0.0006 | Ratio: KD=48.40% SI=8.06% | lr=1.00e-04 time=101.46s
2025-08-15 19:01:30,271 - INFO - [Task 2][Ep 11] train=1.6104e-03 val=1.2162e-03 | KL=0.280 | Lambda: KD=0.2986 SI=0.0006 | Ratio: KD=41.21% SI=6.44% | lr=1.00e-04 time=92.28s
2025-08-15 19:03:08,373 - INFO - [Task 2][Ep 12] train=1.8566e-03 val=2.3514e-04 | KL=0.281 | Lambda: KD=0.2986 SI=0.0006 | Ratio: KD=31.09% SI=6.69% | lr=1.00e-04 time=98.08s
2025-08-15 19:05:00,970 - INFO - [Task 2][Ep 13] train=1.4323e-03 val=2.0458e-04 | KL=0.282 | Lambda: KD=0.2986 SI=0.0006 | Ratio: KD=40.10% SI=8.56% | lr=1.00e-04 time=112.50s
2025-08-15 19:07:07,165 - INFO - [Task 2][Ep 14] train=1.2402e-03 val=3.7613e-04 | KL=0.277 | Lambda: KD=0.2986 SI=0.0005 | Ratio: KD=46.81% SI=9.55% | lr=1.00e-04 time=126.04s
2025-08-15 19:09:12,891 - INFO - [Task 2][Ep 15] train=1.2643e-03 val=3.0314e-04 | KL=0.282 | Lambda: KD=0.2986 SI=0.0006 | Ratio: KD=46.21% SI=9.77% | lr=1.00e-04 time=125.71s
2025-08-15 19:11:18,777 - INFO - [Task 2][Ep 16] train=1.2276e-03 val=1.8815e-04 | KL=0.281 | Lambda: KD=0.2986 SI=0.0006 | Ratio: KD=47.51% SI=10.14% | lr=1.00e-04 time=125.86s
2025-08-15 19:13:24,108 - INFO - [Task 2][Ep 17] train=1.2382e-03 val=3.5984e-04 | KL=0.282 | Lambda: KD=0.2986 SI=0.0006 | Ratio: KD=47.76% SI=9.98% | lr=1.00e-04 time=125.22s
2025-08-15 19:15:30,641 - INFO - [Task 2][Ep 18] train=1.2550e-03 val=6.7944e-04 | KL=0.288 | Lambda: KD=0.2986 SI=0.0006 | Ratio: KD=47.05% SI=10.18% | lr=1.00e-04 time=126.50s
2025-08-15 19:17:38,479 - INFO - [Task 2][Ep 19] train=1.2082e-03 val=3.8015e-04 | KL=0.280 | Lambda: KD=0.2986 SI=0.0006 | Ratio: KD=49.42% SI=10.22% | lr=1.00e-04 time=127.82s
2025-08-15 19:19:41,493 - INFO - [Task 2][Ep 20] train=1.2357e-03 val=1.8908e-04 | KL=0.281 | Lambda: KD=0.2986 SI=0.0006 | Ratio: KD=48.33% SI=9.73% | lr=1.00e-04 time=123.00s
2025-08-15 19:21:46,386 - INFO - [Task 2][Ep 21] train=1.2140e-03 val=3.2368e-04 | KL=0.288 | Lambda: KD=0.2986 SI=0.0006 | Ratio: KD=47.60% SI=10.36% | lr=1.00e-04 time=124.86s
2025-08-15 19:23:47,693 - INFO - [Task 2][Ep 22] train=1.3469e-03 val=1.4666e-04 | KL=0.286 | Lambda: KD=0.2986 SI=0.0006 | Ratio: KD=43.09% SI=9.62% | lr=1.00e-04 time=121.30s
2025-08-15 19:25:50,097 - INFO - [Task 2][Ep 23] train=1.1851e-03 val=3.2153e-04 | KL=0.286 | Lambda: KD=0.2986 SI=0.0006 | Ratio: KD=48.70% SI=11.09% | lr=1.00e-04 time=122.28s
2025-08-15 19:27:45,215 - INFO - [Task 2][Ep 24] train=1.2663e-03 val=3.3541e-04 | KL=0.282 | Lambda: KD=0.2986 SI=0.0006 | Ratio: KD=48.17% SI=10.33% | lr=1.00e-04 time=115.10s
2025-08-15 19:29:39,165 - INFO - [Task 2][Ep 25] train=1.1893e-03 val=2.7727e-04 | KL=0.283 | Lambda: KD=0.2986 SI=0.0006 | Ratio: KD=51.45% SI=10.94% | lr=1.00e-04 time=113.94s
2025-08-15 19:31:28,981 - INFO - [Task 2][Ep 26] train=1.1535e-03 val=2.0949e-04 | KL=0.282 | Lambda: KD=0.2986 SI=0.0006 | Ratio: KD=51.90% SI=10.94% | lr=1.00e-04 time=109.81s
2025-08-15 19:33:09,815 - INFO - [Task 2][Ep 27] train=1.1414e-03 val=1.4591e-04 | KL=0.279 | Lambda: KD=0.2986 SI=0.0006 | Ratio: KD=52.80% SI=10.82% | lr=1.00e-04 time=100.83s
2025-08-15 19:34:33,602 - INFO - [Task 2][Ep 28] train=1.1513e-03 val=2.6404e-04 | KL=0.285 | Lambda: KD=0.2986 SI=0.0006 | Ratio: KD=51.49% SI=10.69% | lr=1.00e-04 time=83.75s
2025-08-15 19:35:57,367 - INFO - [Task 2][Ep 29] train=1.1900e-03 val=2.8580e-04 | KL=0.280 | Lambda: KD=0.2986 SI=0.0006 | Ratio: KD=49.73% SI=10.17% | lr=1.00e-04 time=83.76s
2025-08-15 19:37:21,028 - INFO - [Task 2][Ep 30] train=1.1573e-03 val=1.3793e-04 | KL=0.281 | Lambda: KD=0.2986 SI=0.0006 | Ratio: KD=51.24% SI=10.40% | lr=1.00e-04 time=83.66s
2025-08-15 19:38:43,206 - INFO - [Task 2][Ep 31] train=1.1705e-03 val=2.5380e-04 | KL=0.288 | Lambda: KD=0.2986 SI=0.0006 | Ratio: KD=50.34% SI=10.59% | lr=1.00e-04 time=82.14s
2025-08-15 19:40:02,446 - INFO - [Task 2][Ep 32] train=1.1453e-03 val=1.9802e-04 | KL=0.278 | Lambda: KD=0.2986 SI=0.0006 | Ratio: KD=51.36% SI=10.62% | lr=1.00e-04 time=79.24s
2025-08-15 19:41:21,057 - INFO - [Task 2][Ep 33] train=1.1518e-03 val=1.5018e-04 | KL=0.280 | Lambda: KD=0.2986 SI=0.0006 | Ratio: KD=50.73% SI=10.80% | lr=1.00e-04 time=78.61s
2025-08-15 19:42:39,582 - INFO - [Task 2][Ep 34] train=1.1482e-03 val=1.4185e-04 | KL=0.287 | Lambda: KD=0.2986 SI=0.0006 | Ratio: KD=51.40% SI=11.20% | lr=1.00e-04 time=78.52s
2025-08-15 19:43:58,059 - INFO - [Task 2][Ep 35] train=1.1265e-03 val=2.4255e-04 | KL=0.291 | Lambda: KD=0.2986 SI=0.0006 | Ratio: KD=52.48% SI=11.47% | lr=1.00e-04 time=78.48s
2025-08-15 19:45:16,430 - INFO - [Task 2][Ep 36] train=1.1495e-03 val=4.2586e-04 | KL=0.276 | Lambda: KD=0.2986 SI=0.0005 | Ratio: KD=51.40% SI=10.86% | lr=5.00e-05 time=78.36s
2025-08-15 19:46:35,675 - INFO - [Task 2][Ep 37] train=1.0896e-03 val=1.9042e-04 | KL=0.282 | Lambda: KD=0.2986 SI=0.0006 | Ratio: KD=54.35% SI=11.81% | lr=5.00e-05 time=79.24s
2025-08-15 19:47:54,326 - INFO - [Task 2][Ep 38] train=1.0788e-03 val=2.0682e-04 | KL=0.280 | Lambda: KD=0.2986 SI=0.0006 | Ratio: KD=54.30% SI=11.57% | lr=5.00e-05 time=78.65s
2025-08-15 19:49:12,981 - INFO - [Task 2][Ep 39] train=1.0840e-03 val=3.1105e-04 | KL=0.279 | Lambda: KD=0.2986 SI=0.0006 | Ratio: KD=53.59% SI=11.44% | lr=5.00e-05 time=78.65s
2025-08-15 19:50:32,050 - INFO - [Task 2][Ep 40] train=1.0806e-03 val=1.0662e-04 | KL=0.283 | Lambda: KD=0.2986 SI=0.0006 | Ratio: KD=53.75% SI=11.57% | lr=5.00e-05 time=79.07s
2025-08-15 19:51:52,209 - INFO - [Task 2][Ep 41] train=1.0563e-03 val=1.2536e-04 | KL=0.285 | Lambda: KD=0.2986 SI=0.0006 | Ratio: KD=56.01% SI=11.77% | lr=5.00e-05 time=80.13s
2025-08-15 19:53:12,379 - INFO - [Task 2][Ep 42] train=1.0533e-03 val=1.8606e-04 | KL=0.281 | Lambda: KD=0.2986 SI=0.0006 | Ratio: KD=55.94% SI=11.54% | lr=5.00e-05 time=80.17s
2025-08-15 19:54:32,706 - INFO - [Task 2][Ep 43] train=1.0536e-03 val=2.0646e-04 | KL=0.286 | Lambda: KD=0.2986 SI=0.0006 | Ratio: KD=55.65% SI=11.67% | lr=5.00e-05 time=80.33s
2025-08-15 19:55:53,205 - INFO - [Task 2][Ep 44] train=1.0545e-03 val=2.1119e-04 | KL=0.288 | Lambda: KD=0.2986 SI=0.0006 | Ratio: KD=55.68% SI=11.65% | lr=5.00e-05 time=80.50s
2025-08-15 19:57:13,405 - INFO - [Task 2][Ep 45] train=1.0779e-03 val=1.5954e-04 | KL=0.277 | Lambda: KD=0.2986 SI=0.0005 | Ratio: KD=54.03% SI=11.01% | lr=5.00e-05 time=80.20s
2025-08-15 19:58:33,640 - INFO - [Task 2][Ep 46] train=1.0525e-03 val=2.0040e-04 | KL=0.288 | Lambda: KD=0.2986 SI=0.0006 | Ratio: KD=55.82% SI=11.70% | lr=2.50e-05 time=80.23s
2025-08-15 19:59:53,883 - INFO - [Task 2][Ep 47] train=1.0205e-03 val=1.5306e-04 | KL=0.283 | Lambda: KD=0.2986 SI=0.0006 | Ratio: KD=57.10% SI=11.77% | lr=2.50e-05 time=80.24s
2025-08-15 20:01:14,127 - INFO - [Task 2][Ep 48] train=1.0286e-03 val=1.0406e-04 | KL=0.285 | Lambda: KD=0.2986 SI=0.0006 | Ratio: KD=57.13% SI=11.67% | lr=2.50e-05 time=80.24s
2025-08-15 20:02:34,485 - INFO - [Task 2][Ep 49] train=1.0178e-03 val=1.3099e-04 | KL=0.277 | Lambda: KD=0.2986 SI=0.0005 | Ratio: KD=57.20% SI=11.41% | lr=2.50e-05 time=80.32s
2025-08-15 20:03:55,413 - INFO - [Task 2][Ep 50] train=1.0322e-03 val=1.6521e-04 | KL=0.278 | Lambda: KD=0.2986 SI=0.0006 | Ratio: KD=55.84% SI=11.27% | lr=2.50e-05 time=80.93s
2025-08-15 20:05:18,728 - INFO - [Task 2][Ep 51] train=1.0292e-03 val=1.2916e-04 | KL=0.284 | Lambda: KD=0.2986 SI=0.0006 | Ratio: KD=55.91% SI=11.54% | lr=2.50e-05 time=83.31s
2025-08-15 20:06:39,270 - INFO - [Task 2][Ep 52] train=1.0281e-03 val=1.3794e-04 | KL=0.274 | Lambda: KD=0.2986 SI=0.0005 | Ratio: KD=56.83% SI=11.10% | lr=2.50e-05 time=80.52s
2025-08-15 20:07:59,504 - INFO - [Task 2][Ep 53] train=1.0258e-03 val=1.1866e-04 | KL=0.283 | Lambda: KD=0.2986 SI=0.0006 | Ratio: KD=56.43% SI=11.43% | lr=2.50e-05 time=80.23s
2025-08-15 20:09:19,886 - INFO - [Task 2][Ep 54] train=1.0174e-03 val=1.5616e-04 | KL=0.282 | Lambda: KD=0.2986 SI=0.0006 | Ratio: KD=57.54% SI=11.46% | lr=1.25e-05 time=80.38s
2025-08-15 20:10:40,312 - INFO - [Task 2][Ep 55] train=1.0049e-03 val=1.2042e-04 | KL=0.276 | Lambda: KD=0.2986 SI=0.0005 | Ratio: KD=58.19% SI=11.34% | lr=1.25e-05 time=80.41s
2025-08-15 20:12:01,285 - INFO - [Task 2][Ep 56] train=1.0043e-03 val=9.4513e-05 | KL=0.283 | Lambda: KD=0.2986 SI=0.0006 | Ratio: KD=58.19% SI=11.61% | lr=1.25e-05 time=80.96s
2025-08-15 20:13:22,719 - INFO - [Task 2][Ep 57] train=1.0028e-03 val=1.1879e-04 | KL=0.281 | Lambda: KD=0.2986 SI=0.0006 | Ratio: KD=58.18% SI=11.52% | lr=1.25e-05 time=81.41s
2025-08-15 20:14:43,165 - INFO - [Task 2][Ep 58] train=1.0011e-03 val=1.0873e-04 | KL=0.277 | Lambda: KD=0.2986 SI=0.0005 | Ratio: KD=58.26% SI=11.38% | lr=1.25e-05 time=80.43s
2025-08-15 20:16:03,630 - INFO - [Task 2][Ep 59] train=1.0025e-03 val=9.9843e-05 | KL=0.275 | Lambda: KD=0.2986 SI=0.0005 | Ratio: KD=58.25% SI=11.23% | lr=1.25e-05 time=80.46s
2025-08-15 20:17:24,230 - INFO - [Task 2][Ep 60] train=9.9988e-04 val=1.0712e-04 | KL=0.279 | Lambda: KD=0.2986 SI=0.0006 | Ratio: KD=58.21% SI=11.44% | lr=1.25e-05 time=80.58s
2025-08-15 20:18:44,927 - INFO - [Task 2][Ep 61] train=1.0026e-03 val=1.1020e-04 | KL=0.284 | Lambda: KD=0.2986 SI=0.0006 | Ratio: KD=58.15% SI=11.56% | lr=1.25e-05 time=80.69s
2025-08-15 20:20:05,639 - INFO - [Task 2][Ep 62] train=9.9862e-04 val=1.3032e-04 | KL=0.280 | Lambda: KD=0.2986 SI=0.0006 | Ratio: KD=58.29% SI=11.42% | lr=6.25e-06 time=80.69s
2025-08-15 20:21:26,237 - INFO - [Task 2][Ep 63] train=9.9292e-04 val=1.0178e-04 | KL=0.278 | Lambda: KD=0.2986 SI=0.0005 | Ratio: KD=58.64% SI=11.38% | lr=6.25e-06 time=80.60s
2025-08-15 20:22:46,604 - INFO - [Task 2][Ep 64] train=9.9687e-04 val=1.1024e-04 | KL=0.289 | Lambda: KD=0.2986 SI=0.0006 | Ratio: KD=58.45% SI=11.76% | lr=6.25e-06 time=80.36s
2025-08-15 20:24:06,965 - INFO - [Task 2][Ep 65] train=9.8868e-04 val=1.1489e-04 | KL=0.276 | Lambda: KD=0.2986 SI=0.0005 | Ratio: KD=58.73% SI=11.31% | lr=6.25e-06 time=80.34s
2025-08-15 20:25:28,056 - INFO - [Task 2][Ep 66] train=9.9193e-04 val=1.1584e-04 | KL=0.287 | Lambda: KD=0.2986 SI=0.0006 | Ratio: KD=58.30% SI=11.70% | lr=6.25e-06 time=81.09s
2025-08-15 20:26:52,899 - INFO - [Task 2][Ep 67] train=9.9458e-04 val=9.5497e-05 | KL=0.286 | Lambda: KD=0.2986 SI=0.0006 | Ratio: KD=58.53% SI=11.64% | lr=6.25e-06 time=84.84s
2025-08-15 20:28:17,445 - INFO - [Task 2][Ep 68] train=9.8766e-04 val=1.1957e-04 | KL=0.278 | Lambda: KD=0.2986 SI=0.0005 | Ratio: KD=58.76% SI=11.37% | lr=3.13e-06 time=84.54s
2025-08-15 20:29:40,265 - INFO - [Task 2][Ep 69] train=9.8635e-04 val=1.0506e-04 | KL=0.281 | Lambda: KD=0.2986 SI=0.0006 | Ratio: KD=58.98% SI=11.50% | lr=3.13e-06 time=82.80s
2025-08-15 20:31:01,933 - INFO - [Task 2][Ep 70] train=9.8757e-04 val=1.1156e-04 | KL=0.281 | Lambda: KD=0.2986 SI=0.0006 | Ratio: KD=59.14% SI=11.48% | lr=3.13e-06 time=81.67s
2025-08-15 20:32:22,295 - INFO - [Task 2][Ep 71] train=9.9039e-04 val=1.0894e-04 | KL=0.281 | Lambda: KD=0.2986 SI=0.0006 | Ratio: KD=58.61% SI=11.44% | lr=3.13e-06 time=80.36s
2025-08-15 20:33:41,614 - INFO - [Task 2][Ep 72] train=9.8566e-04 val=1.0598e-04 | KL=0.277 | Lambda: KD=0.2986 SI=0.0005 | Ratio: KD=58.83% SI=11.35% | lr=3.13e-06 time=79.32s
2025-08-15 20:35:00,355 - INFO - [Task 2][Ep 73] train=9.8631e-04 val=1.1161e-04 | KL=0.279 | Lambda: KD=0.2986 SI=0.0006 | Ratio: KD=58.89% SI=11.39% | lr=3.13e-06 time=78.74s
2025-08-15 20:36:19,717 - INFO - [Task 2][Ep 74] train=9.8863e-04 val=1.1543e-04 | KL=0.286 | Lambda: KD=0.2986 SI=0.0006 | Ratio: KD=58.89% SI=11.62% | lr=1.56e-06 time=79.36s
2025-08-15 20:37:49,042 - INFO - [Task 2][Ep 75] train=9.8882e-04 val=1.1563e-04 | KL=0.283 | Lambda: KD=0.2986 SI=0.0006 | Ratio: KD=58.67% SI=11.51% | lr=1.56e-06 time=89.32s
2025-08-15 20:39:24,471 - INFO - [Task 2][Ep 76] train=9.8494e-04 val=1.1443e-04 | KL=0.280 | Lambda: KD=0.2986 SI=0.0006 | Ratio: KD=58.95% SI=11.43% | lr=1.56e-06 time=95.41s
2025-08-15 20:39:24,490 - INFO - [Task 2] Early stopping at epoch 76
2025-08-15 20:39:42,596 - INFO - ==== Incremental Training Complete ====
2025-08-15 20:39:42,600 - INFO - Evaluating final model...
2025-08-15 20:39:42,603 - INFO - ==== Starting Comprehensive Evaluation ====
2025-08-15 20:39:42,621 - INFO - Evaluating model trained after task 0...
2025-08-15 20:39:49,177 - INFO - Full test set evaluation: MAE=5.6224e-02, R2=0.1693
2025-08-15 20:39:54,806 - INFO -   Task 0 -> Test Task 0: MAE=2.7923e-02, R2=-29.2707
2025-08-15 20:39:56,603 - INFO -   Task 0 -> Test Task 1: MAE=3.5453e-02, R2=-2.1284
2025-08-15 20:39:56,963 - INFO -   Task 0 -> Test Task 2: MAE=7.2164e-01, R2=-980.0900
2025-08-15 20:39:56,968 - INFO - Evaluating model trained after task 1...
2025-08-15 20:40:03,456 - INFO - Full test set evaluation: MAE=4.2966e-02, R2=0.6131
2025-08-15 20:40:08,781 - INFO -   Task 1 -> Test Task 0: MAE=2.5927e-02, R2=-28.2443
2025-08-15 20:40:10,574 - INFO -   Task 1 -> Test Task 1: MAE=3.9148e-02, R2=-2.4477
2025-08-15 20:40:10,931 - INFO -   Task 1 -> Test Task 2: MAE=8.4145e-02, R2=-18.1294
2025-08-15 20:40:10,938 - INFO - Evaluating model trained after task 2...
2025-08-15 20:40:17,426 - INFO - Full test set evaluation: MAE=3.2671e-02, R2=0.7833
2025-08-15 20:40:23,063 - INFO -   Task 2 -> Test Task 0: MAE=3.3814e-02, R2=-43.3658
2025-08-15 20:40:24,857 - INFO -   Task 2 -> Test Task 1: MAE=5.9364e-03, R2=0.8984
2025-08-15 20:40:25,214 - INFO -   Task 2 -> Test Task 2: MAE=3.3643e-02, R2=-1.5049
2025-08-15 20:40:25,219 - INFO - ==== Computing Continual Learning Metrics ====
2025-08-15 20:40:25,223 - INFO - Computing random initialization baselines...
2025-08-15 20:40:27,664 - INFO -   Baseline Task 0: R=-0.9732
2025-08-15 20:40:29,439 - INFO -   Baseline Task 1: R=-0.9253
2025-08-15 20:40:29,791 - INFO -   Baseline Task 2: R=-0.6923
2025-08-15 20:40:29,796 - INFO - ==== Continual Learning Results ====
2025-08-15 20:40:29,800 - INFO - BWT (Backward Transfer): 0.0137 (positive = backward gain)
2025-08-15 20:40:29,803 - INFO - FWT (Forward Transfer): 0.7490 (positive = beneficial transfer)
2025-08-15 20:40:29,808 - INFO - ACC (Average Accuracy): -0.0245
2025-08-15 20:40:29,812 - INFO - ==== Performance Matrix R[i][j] ====
2025-08-15 20:40:29,815 - INFO - Rows: trained after task i, Columns: evaluated on task j
2025-08-15 20:40:29,820 - INFO -        Task 0 Task 1 Task 2
2025-08-15 20:40:29,822 - INFO - Task 0: -0.0279 -0.0355 -0.7216
2025-08-15 20:40:29,825 - INFO - Task 1: -0.0259 -0.0391 -0.0841
2025-08-15 20:40:29,828 - INFO - Task 2: -0.0338 -0.0059 -0.0336
2025-08-15 20:40:29,950 - INFO - ==== Evaluation Complete ====
2025-08-15 20:40:29,954 - INFO - All results saved to: /beegfs/home/users/z/zzhuqshun/Thesis/final/tryout_tau50_warmup_smaller_si+kd/metrics
