2025-07-28 17:20:17,843 - ==== Experiment Setup ====
2025-07-28 17:20:17,867 - Mode: incremental
2025-07-28 17:20:17,873 - Number of tasks: 3
2025-07-28 17:20:17,879 - MAS lambdas: [0.0, 0.0, 0.0]
2025-07-28 17:20:17,886 - LWF alphas: [0.0, 0.0, 0.0]
2025-07-28 17:20:17,894 - Base directory: /beegfs/home/users/z/zzhuqshun/Thesis/05_Final/mas/strategies/fine-tuning
2025-07-28 17:20:17,901 - ==== Incremental Training with MAS ====
2025-07-28 17:20:17,950 - Number of tasks: 3
2025-07-28 17:21:56,097 - --- task0 (LWF α=0.0000, MAS λ=0.0000) ---
2025-07-28 17:29:01,710 - Epoch 0 task=3.8185e-02 kd=0.0000e+00 mas=0.0000e+00 val=3.9701e-04 lr=1.00e-04 time=111.36s
2025-07-28 17:30:52,070 - Epoch 1 task=7.2809e-03 kd=0.0000e+00 mas=0.0000e+00 val=1.2390e-03 lr=1.00e-04 time=102.22s
2025-07-28 17:32:39,081 - Epoch 2 task=5.3336e-03 kd=0.0000e+00 mas=0.0000e+00 val=4.1007e-04 lr=1.00e-04 time=98.95s
2025-07-28 17:34:25,681 - Epoch 3 task=4.3114e-03 kd=0.0000e+00 mas=0.0000e+00 val=5.2683e-04 lr=1.00e-04 time=98.56s
2025-07-28 17:36:11,154 - Epoch 4 task=3.4078e-03 kd=0.0000e+00 mas=0.0000e+00 val=4.0077e-04 lr=1.00e-04 time=97.43s
2025-07-28 17:38:01,499 - Epoch 5 task=2.6546e-03 kd=0.0000e+00 mas=0.0000e+00 val=4.2909e-04 lr=1.00e-04 time=102.30s
2025-07-28 17:39:54,882 - Epoch 6 task=2.0628e-03 kd=0.0000e+00 mas=0.0000e+00 val=4.1929e-04 lr=1.00e-04 time=105.30s
2025-07-28 17:41:48,042 - Epoch 7 task=1.6437e-03 kd=0.0000e+00 mas=0.0000e+00 val=4.1027e-04 lr=5.00e-05 time=105.10s
2025-07-28 17:43:41,179 - Epoch 8 task=1.3989e-03 kd=0.0000e+00 mas=0.0000e+00 val=4.0465e-04 lr=5.00e-05 time=105.08s
2025-07-28 17:45:28,696 - Epoch 9 task=1.1847e-03 kd=0.0000e+00 mas=0.0000e+00 val=5.2821e-04 lr=5.00e-05 time=99.48s
2025-07-28 17:47:13,719 - Epoch 10 task=1.0242e-03 kd=0.0000e+00 mas=0.0000e+00 val=4.1433e-04 lr=5.00e-05 time=96.97s
2025-07-28 17:48:58,103 - Epoch 11 task=8.8463e-04 kd=0.0000e+00 mas=0.0000e+00 val=4.8046e-04 lr=5.00e-05 time=96.34s
2025-07-28 17:50:42,420 - Epoch 12 task=7.6670e-04 kd=0.0000e+00 mas=0.0000e+00 val=4.4364e-04 lr=5.00e-05 time=96.29s
2025-07-28 17:52:26,632 - Epoch 13 task=6.8916e-04 kd=0.0000e+00 mas=0.0000e+00 val=4.5429e-04 lr=2.50e-05 time=96.16s
2025-07-28 17:54:10,143 - Epoch 14 task=6.5441e-04 kd=0.0000e+00 mas=0.0000e+00 val=4.0813e-04 lr=2.50e-05 time=95.47s
2025-07-28 17:55:53,558 - Epoch 15 task=6.1887e-04 kd=0.0000e+00 mas=0.0000e+00 val=4.5552e-04 lr=2.50e-05 time=95.39s
2025-07-28 17:57:37,138 - Epoch 16 task=5.8771e-04 kd=0.0000e+00 mas=0.0000e+00 val=4.4893e-04 lr=2.50e-05 time=95.55s
2025-07-28 17:59:20,010 - Epoch 17 task=5.6182e-04 kd=0.0000e+00 mas=0.0000e+00 val=4.4863e-04 lr=2.50e-05 time=94.84s
2025-07-28 18:01:03,866 - Epoch 18 task=5.3662e-04 kd=0.0000e+00 mas=0.0000e+00 val=4.3634e-04 lr=2.50e-05 time=95.84s
2025-07-28 18:02:49,159 - Epoch 19 task=5.0902e-04 kd=0.0000e+00 mas=0.0000e+00 val=4.3794e-04 lr=1.25e-05 time=97.31s
2025-07-28 18:04:39,111 - Epoch 20 task=4.9672e-04 kd=0.0000e+00 mas=0.0000e+00 val=3.9440e-04 lr=1.25e-05 time=101.97s
2025-07-28 18:06:26,637 - Epoch 21 task=4.8163e-04 kd=0.0000e+00 mas=0.0000e+00 val=3.8731e-04 lr=1.25e-05 time=99.49s
2025-07-28 18:08:13,621 - Epoch 22 task=4.6823e-04 kd=0.0000e+00 mas=0.0000e+00 val=4.1554e-04 lr=1.25e-05 time=98.95s
2025-07-28 18:10:00,581 - Epoch 23 task=4.0172e-04 kd=0.0000e+00 mas=0.0000e+00 val=1.0952e-03 lr=1.25e-05 time=98.99s
2025-07-28 18:11:47,498 - Epoch 24 task=3.2500e-04 kd=0.0000e+00 mas=0.0000e+00 val=6.6763e-04 lr=1.25e-05 time=98.93s
2025-07-28 18:13:33,990 - Epoch 25 task=2.9481e-04 kd=0.0000e+00 mas=0.0000e+00 val=6.9162e-04 lr=1.25e-05 time=98.49s
2025-07-28 18:15:22,447 - Epoch 26 task=2.7917e-04 kd=0.0000e+00 mas=0.0000e+00 val=6.5801e-04 lr=1.25e-05 time=100.47s
2025-07-28 18:17:09,027 - Epoch 27 task=2.6036e-04 kd=0.0000e+00 mas=0.0000e+00 val=5.1247e-04 lr=1.25e-05 time=98.58s
2025-07-28 18:18:55,752 - Epoch 28 task=2.3755e-04 kd=0.0000e+00 mas=0.0000e+00 val=4.9484e-04 lr=6.25e-06 time=98.71s
2025-07-28 18:20:47,393 - Epoch 29 task=2.2858e-04 kd=0.0000e+00 mas=0.0000e+00 val=4.9019e-04 lr=6.25e-06 time=103.64s
2025-07-28 18:22:34,778 - Epoch 30 task=2.1826e-04 kd=0.0000e+00 mas=0.0000e+00 val=4.7769e-04 lr=6.25e-06 time=99.41s
2025-07-28 18:24:22,070 - Epoch 31 task=2.1277e-04 kd=0.0000e+00 mas=0.0000e+00 val=4.6255e-04 lr=6.25e-06 time=99.31s
2025-07-28 18:26:09,190 - Epoch 32 task=2.0780e-04 kd=0.0000e+00 mas=0.0000e+00 val=5.2453e-04 lr=6.25e-06 time=99.14s
2025-07-28 18:27:56,993 - Epoch 33 task=2.0206e-04 kd=0.0000e+00 mas=0.0000e+00 val=6.0088e-04 lr=6.25e-06 time=99.82s
2025-07-28 18:29:45,140 - Epoch 34 task=1.9538e-04 kd=0.0000e+00 mas=0.0000e+00 val=5.9399e-04 lr=3.13e-06 time=100.16s
2025-07-28 18:31:27,937 - Epoch 35 task=1.9295e-04 kd=0.0000e+00 mas=0.0000e+00 val=5.4762e-04 lr=3.13e-06 time=94.79s
2025-07-28 18:33:13,480 - Epoch 36 task=1.9009e-04 kd=0.0000e+00 mas=0.0000e+00 val=6.5012e-04 lr=3.13e-06 time=97.51s
2025-07-28 18:35:01,081 - Epoch 37 task=1.8772e-04 kd=0.0000e+00 mas=0.0000e+00 val=6.8606e-04 lr=3.13e-06 time=99.58s
2025-07-28 18:36:48,043 - Epoch 38 task=1.8481e-04 kd=0.0000e+00 mas=0.0000e+00 val=6.5710e-04 lr=3.13e-06 time=98.97s
2025-07-28 18:38:35,237 - Epoch 39 task=1.8222e-04 kd=0.0000e+00 mas=0.0000e+00 val=6.4095e-04 lr=3.13e-06 time=99.21s
2025-07-28 18:40:23,251 - Epoch 40 task=1.7913e-04 kd=0.0000e+00 mas=0.0000e+00 val=6.6573e-04 lr=1.56e-06 time=100.03s
2025-07-28 18:42:11,616 - Epoch 41 task=1.7879e-04 kd=0.0000e+00 mas=0.0000e+00 val=6.4861e-04 lr=1.56e-06 time=100.37s
2025-07-28 18:42:11,622 - Early stopping at epoch 41
2025-07-28 18:42:20,323 - Consolidating task 0 with MAS lambda: 0.0000
2025-07-28 18:43:24,584 - Task 0 consolidated with MAS lambda=0.0000
2025-07-28 18:43:24,585 - Task 0 completed and consolidated.
2025-07-28 18:43:24,587 - --- task1 (LWF α=0.0000, MAS λ=0.0000) ---
2025-07-28 18:44:44,722 - Epoch 0 task=2.1148e-03 kd=0.0000e+00 mas=0.0000e+00 val=1.3391e-03 lr=1.00e-04 time=73.45s
2025-07-28 18:46:03,384 - Epoch 1 task=1.0077e-03 kd=0.0000e+00 mas=0.0000e+00 val=1.6039e-03 lr=1.00e-04 time=72.10s
2025-07-28 18:47:18,949 - Epoch 2 task=8.7839e-04 kd=0.0000e+00 mas=0.0000e+00 val=2.2958e-03 lr=1.00e-04 time=69.14s
2025-07-28 18:48:33,492 - Epoch 3 task=6.5359e-04 kd=0.0000e+00 mas=0.0000e+00 val=2.4718e-03 lr=1.00e-04 time=68.09s
2025-07-28 18:49:48,502 - Epoch 4 task=6.0254e-04 kd=0.0000e+00 mas=0.0000e+00 val=2.6636e-03 lr=1.00e-04 time=68.54s
2025-07-28 18:51:02,993 - Epoch 5 task=5.5803e-04 kd=0.0000e+00 mas=0.0000e+00 val=2.6428e-03 lr=1.00e-04 time=68.04s
2025-07-28 18:52:17,825 - Epoch 6 task=5.3686e-04 kd=0.0000e+00 mas=0.0000e+00 val=2.3301e-03 lr=1.00e-04 time=68.38s
2025-07-28 18:53:33,069 - Epoch 7 task=3.6043e-04 kd=0.0000e+00 mas=0.0000e+00 val=2.8174e-03 lr=5.00e-05 time=68.79s
2025-07-28 18:54:50,217 - Epoch 8 task=3.4668e-04 kd=0.0000e+00 mas=0.0000e+00 val=3.2241e-03 lr=5.00e-05 time=70.67s
2025-07-28 18:56:06,131 - Epoch 9 task=3.2532e-04 kd=0.0000e+00 mas=0.0000e+00 val=3.1660e-03 lr=5.00e-05 time=69.45s
2025-07-28 18:57:22,181 - Epoch 10 task=3.1700e-04 kd=0.0000e+00 mas=0.0000e+00 val=3.3476e-03 lr=5.00e-05 time=69.58s
2025-07-28 18:58:38,694 - Epoch 11 task=2.9251e-04 kd=0.0000e+00 mas=0.0000e+00 val=2.5506e-03 lr=5.00e-05 time=70.06s
2025-07-28 18:59:55,796 - Epoch 12 task=2.9237e-04 kd=0.0000e+00 mas=0.0000e+00 val=3.3794e-03 lr=5.00e-05 time=70.64s
2025-07-28 19:01:12,230 - Epoch 13 task=2.4577e-04 kd=0.0000e+00 mas=0.0000e+00 val=3.2137e-03 lr=2.50e-05 time=69.97s
2025-07-28 19:02:28,716 - Epoch 14 task=2.3658e-04 kd=0.0000e+00 mas=0.0000e+00 val=3.9300e-03 lr=2.50e-05 time=70.00s
2025-07-28 19:03:45,754 - Epoch 15 task=2.4021e-04 kd=0.0000e+00 mas=0.0000e+00 val=3.7906e-03 lr=2.50e-05 time=70.56s
2025-07-28 19:05:01,801 - Epoch 16 task=2.3049e-04 kd=0.0000e+00 mas=0.0000e+00 val=3.5945e-03 lr=2.50e-05 time=69.58s
2025-07-28 19:06:16,931 - Epoch 17 task=2.3187e-04 kd=0.0000e+00 mas=0.0000e+00 val=4.1813e-03 lr=2.50e-05 time=68.66s
2025-07-28 19:07:32,582 - Epoch 18 task=2.2395e-04 kd=0.0000e+00 mas=0.0000e+00 val=3.9660e-03 lr=2.50e-05 time=69.19s
2025-07-28 19:08:47,046 - Epoch 19 task=2.1006e-04 kd=0.0000e+00 mas=0.0000e+00 val=3.9197e-03 lr=1.25e-05 time=68.00s
2025-07-28 19:10:00,207 - Epoch 20 task=1.9994e-04 kd=0.0000e+00 mas=0.0000e+00 val=4.0839e-03 lr=1.25e-05 time=66.68s
2025-07-28 19:10:00,213 - Early stopping at epoch 20
2025-07-28 19:10:03,390 - Consolidating task 1 with MAS lambda: 0.0000
2025-07-28 19:10:49,009 - Task 1 consolidated with MAS lambda=0.0000
2025-07-28 19:10:49,010 - Task 1 completed and consolidated.
2025-07-28 19:10:49,011 - --- task2 (LWF α=0.0000, MAS λ=0.0000) ---
2025-07-28 19:11:46,205 - Epoch 0 task=2.6156e-03 kd=0.0000e+00 mas=0.0000e+00 val=1.6297e-03 lr=1.00e-04 time=55.35s
2025-07-28 19:12:44,212 - Epoch 1 task=1.4957e-03 kd=0.0000e+00 mas=0.0000e+00 val=1.3098e-03 lr=1.00e-04 time=56.30s
2025-07-28 19:13:42,623 - Epoch 2 task=1.3157e-03 kd=0.0000e+00 mas=0.0000e+00 val=1.2676e-03 lr=1.00e-04 time=56.69s
2025-07-28 19:14:40,507 - Epoch 3 task=1.2399e-03 kd=0.0000e+00 mas=0.0000e+00 val=1.8980e-03 lr=1.00e-04 time=56.15s
2025-07-28 19:15:38,359 - Epoch 4 task=1.1581e-03 kd=0.0000e+00 mas=0.0000e+00 val=1.1663e-03 lr=1.00e-04 time=56.18s
2025-07-28 19:16:36,161 - Epoch 5 task=1.0640e-03 kd=0.0000e+00 mas=0.0000e+00 val=1.1528e-03 lr=1.00e-04 time=56.06s
2025-07-28 19:17:33,340 - Epoch 6 task=1.1180e-03 kd=0.0000e+00 mas=0.0000e+00 val=1.7454e-03 lr=1.00e-04 time=55.44s
2025-07-28 19:18:30,938 - Epoch 7 task=9.6202e-04 kd=0.0000e+00 mas=0.0000e+00 val=1.7891e-03 lr=1.00e-04 time=55.92s
2025-07-28 19:19:28,787 - Epoch 8 task=9.9951e-04 kd=0.0000e+00 mas=0.0000e+00 val=1.2381e-03 lr=1.00e-04 time=56.17s
2025-07-28 19:20:25,798 - Epoch 9 task=8.7619e-04 kd=0.0000e+00 mas=0.0000e+00 val=1.6939e-03 lr=1.00e-04 time=55.34s
2025-07-28 19:21:23,317 - Epoch 10 task=8.7166e-04 kd=0.0000e+00 mas=0.0000e+00 val=1.5406e-03 lr=1.00e-04 time=55.85s
2025-07-28 19:22:20,016 - Epoch 11 task=8.8653e-04 kd=0.0000e+00 mas=0.0000e+00 val=1.5418e-03 lr=1.00e-04 time=55.03s
2025-07-28 19:23:17,412 - Epoch 12 task=6.6027e-04 kd=0.0000e+00 mas=0.0000e+00 val=1.1302e-03 lr=5.00e-05 time=55.71s
2025-07-28 19:24:14,703 - Epoch 13 task=6.5692e-04 kd=0.0000e+00 mas=0.0000e+00 val=1.2787e-03 lr=5.00e-05 time=55.49s
2025-07-28 19:25:12,074 - Epoch 14 task=6.4640e-04 kd=0.0000e+00 mas=0.0000e+00 val=1.1374e-03 lr=5.00e-05 time=55.69s
2025-07-28 19:26:09,320 - Epoch 15 task=6.2822e-04 kd=0.0000e+00 mas=0.0000e+00 val=1.2389e-03 lr=5.00e-05 time=55.57s
2025-07-28 19:27:06,784 - Epoch 16 task=6.0073e-04 kd=0.0000e+00 mas=0.0000e+00 val=1.1606e-03 lr=5.00e-05 time=55.79s
2025-07-28 19:28:03,758 - Epoch 17 task=5.8988e-04 kd=0.0000e+00 mas=0.0000e+00 val=1.3604e-03 lr=5.00e-05 time=55.25s
2025-07-28 19:29:00,728 - Epoch 18 task=6.0001e-04 kd=0.0000e+00 mas=0.0000e+00 val=1.1834e-03 lr=5.00e-05 time=55.30s
2025-07-28 19:29:58,220 - Epoch 19 task=5.3789e-04 kd=0.0000e+00 mas=0.0000e+00 val=1.1515e-03 lr=2.50e-05 time=55.81s
2025-07-28 19:30:55,946 - Epoch 20 task=5.2581e-04 kd=0.0000e+00 mas=0.0000e+00 val=1.0609e-03 lr=2.50e-05 time=56.05s
2025-07-28 19:31:53,237 - Epoch 21 task=5.2421e-04 kd=0.0000e+00 mas=0.0000e+00 val=1.2955e-03 lr=2.50e-05 time=55.56s
2025-07-28 19:32:49,164 - Epoch 22 task=5.1044e-04 kd=0.0000e+00 mas=0.0000e+00 val=1.1603e-03 lr=2.50e-05 time=54.25s
2025-07-28 19:33:46,445 - Epoch 23 task=5.0655e-04 kd=0.0000e+00 mas=0.0000e+00 val=9.9446e-04 lr=2.50e-05 time=55.58s
2025-07-28 19:34:43,920 - Epoch 24 task=4.9535e-04 kd=0.0000e+00 mas=0.0000e+00 val=1.0211e-03 lr=2.50e-05 time=55.73s
2025-07-28 19:35:41,798 - Epoch 25 task=4.9537e-04 kd=0.0000e+00 mas=0.0000e+00 val=1.5868e-03 lr=2.50e-05 time=56.20s
2025-07-28 19:36:39,477 - Epoch 26 task=4.9848e-04 kd=0.0000e+00 mas=0.0000e+00 val=1.1865e-03 lr=2.50e-05 time=56.00s
2025-07-28 19:37:37,171 - Epoch 27 task=4.8224e-04 kd=0.0000e+00 mas=0.0000e+00 val=1.2031e-03 lr=2.50e-05 time=56.01s
2025-07-28 19:38:34,808 - Epoch 28 task=4.6192e-04 kd=0.0000e+00 mas=0.0000e+00 val=1.0148e-03 lr=2.50e-05 time=55.95s
2025-07-28 19:39:32,460 - Epoch 29 task=4.7122e-04 kd=0.0000e+00 mas=0.0000e+00 val=1.2691e-03 lr=2.50e-05 time=55.97s
2025-07-28 19:40:29,825 - Epoch 30 task=4.4741e-04 kd=0.0000e+00 mas=0.0000e+00 val=1.1552e-03 lr=1.25e-05 time=55.68s
2025-07-28 19:41:27,767 - Epoch 31 task=4.3775e-04 kd=0.0000e+00 mas=0.0000e+00 val=9.6245e-04 lr=1.25e-05 time=56.26s
2025-07-28 19:42:26,975 - Epoch 32 task=4.3508e-04 kd=0.0000e+00 mas=0.0000e+00 val=1.0464e-03 lr=1.25e-05 time=57.46s
2025-07-28 19:43:25,960 - Epoch 33 task=4.2837e-04 kd=0.0000e+00 mas=0.0000e+00 val=9.8337e-04 lr=1.25e-05 time=57.30s
2025-07-28 19:44:25,041 - Epoch 34 task=4.2875e-04 kd=0.0000e+00 mas=0.0000e+00 val=1.0709e-03 lr=1.25e-05 time=57.40s
2025-07-28 19:45:24,022 - Epoch 35 task=4.2246e-04 kd=0.0000e+00 mas=0.0000e+00 val=1.1031e-03 lr=1.25e-05 time=57.31s
2025-07-28 19:46:23,012 - Epoch 36 task=4.1967e-04 kd=0.0000e+00 mas=0.0000e+00 val=9.8145e-04 lr=1.25e-05 time=57.31s
2025-07-28 19:47:21,938 - Epoch 37 task=4.1214e-04 kd=0.0000e+00 mas=0.0000e+00 val=1.0377e-03 lr=1.25e-05 time=57.25s
2025-07-28 19:48:20,857 - Epoch 38 task=4.0135e-04 kd=0.0000e+00 mas=0.0000e+00 val=1.0318e-03 lr=6.25e-06 time=57.23s
2025-07-28 19:49:19,896 - Epoch 39 task=3.9782e-04 kd=0.0000e+00 mas=0.0000e+00 val=9.7469e-04 lr=6.25e-06 time=57.36s
2025-07-28 19:50:18,710 - Epoch 40 task=3.9906e-04 kd=0.0000e+00 mas=0.0000e+00 val=1.0366e-03 lr=6.25e-06 time=57.13s
2025-07-28 19:51:17,587 - Epoch 41 task=3.9410e-04 kd=0.0000e+00 mas=0.0000e+00 val=1.0147e-03 lr=6.25e-06 time=57.20s
2025-07-28 19:52:14,954 - Epoch 42 task=3.9538e-04 kd=0.0000e+00 mas=0.0000e+00 val=9.6546e-04 lr=6.25e-06 time=55.69s
2025-07-28 19:53:12,286 - Epoch 43 task=3.9314e-04 kd=0.0000e+00 mas=0.0000e+00 val=9.9429e-04 lr=6.25e-06 time=55.54s
2025-07-28 19:54:09,750 - Epoch 44 task=3.8593e-04 kd=0.0000e+00 mas=0.0000e+00 val=9.3836e-04 lr=3.13e-06 time=55.78s
2025-07-28 19:55:07,545 - Epoch 45 task=3.8687e-04 kd=0.0000e+00 mas=0.0000e+00 val=9.6430e-04 lr=3.13e-06 time=56.05s
2025-07-28 19:56:05,247 - Epoch 46 task=3.8008e-04 kd=0.0000e+00 mas=0.0000e+00 val=9.8993e-04 lr=3.13e-06 time=56.02s
2025-07-28 19:57:02,883 - Epoch 47 task=3.8210e-04 kd=0.0000e+00 mas=0.0000e+00 val=9.2623e-04 lr=3.13e-06 time=55.96s
2025-07-28 19:58:00,663 - Epoch 48 task=3.7921e-04 kd=0.0000e+00 mas=0.0000e+00 val=9.8204e-04 lr=3.13e-06 time=56.04s
2025-07-28 19:58:58,001 - Epoch 49 task=3.7942e-04 kd=0.0000e+00 mas=0.0000e+00 val=9.8021e-04 lr=3.13e-06 time=55.66s
2025-07-28 19:59:55,538 - Epoch 50 task=3.7818e-04 kd=0.0000e+00 mas=0.0000e+00 val=9.1876e-04 lr=3.13e-06 time=55.80s
2025-07-28 20:00:53,540 - Epoch 51 task=3.7777e-04 kd=0.0000e+00 mas=0.0000e+00 val=9.6263e-04 lr=3.13e-06 time=56.20s
2025-07-28 20:01:51,276 - Epoch 52 task=3.7670e-04 kd=0.0000e+00 mas=0.0000e+00 val=9.8338e-04 lr=3.13e-06 time=56.05s
2025-07-28 20:02:48,085 - Epoch 53 task=3.7518e-04 kd=0.0000e+00 mas=0.0000e+00 val=9.3286e-04 lr=3.13e-06 time=55.12s
2025-07-28 20:03:45,091 - Epoch 54 task=3.7687e-04 kd=0.0000e+00 mas=0.0000e+00 val=9.9359e-04 lr=3.13e-06 time=55.31s
2025-07-28 20:04:43,421 - Epoch 55 task=3.7360e-04 kd=0.0000e+00 mas=0.0000e+00 val=9.5760e-04 lr=3.13e-06 time=56.65s
2025-07-28 20:05:42,531 - Epoch 56 task=3.7369e-04 kd=0.0000e+00 mas=0.0000e+00 val=9.2257e-04 lr=3.13e-06 time=57.43s
2025-07-28 20:06:41,835 - Epoch 57 task=3.6778e-04 kd=0.0000e+00 mas=0.0000e+00 val=9.4991e-04 lr=1.56e-06 time=57.61s
2025-07-28 20:07:42,412 - Epoch 58 task=3.6801e-04 kd=0.0000e+00 mas=0.0000e+00 val=9.1469e-04 lr=1.56e-06 time=58.88s
2025-07-28 20:08:46,472 - Epoch 59 task=3.6929e-04 kd=0.0000e+00 mas=0.0000e+00 val=9.1315e-04 lr=1.56e-06 time=62.27s
2025-07-28 20:09:50,877 - Epoch 60 task=3.6571e-04 kd=0.0000e+00 mas=0.0000e+00 val=9.2684e-04 lr=1.56e-06 time=62.62s
2025-07-28 20:10:56,498 - Epoch 61 task=3.6880e-04 kd=0.0000e+00 mas=0.0000e+00 val=9.3783e-04 lr=1.56e-06 time=63.92s
2025-07-28 20:12:01,732 - Epoch 62 task=3.6895e-04 kd=0.0000e+00 mas=0.0000e+00 val=9.3043e-04 lr=1.56e-06 time=63.49s
2025-07-28 20:13:15,671 - Epoch 63 task=3.6401e-04 kd=0.0000e+00 mas=0.0000e+00 val=9.1199e-04 lr=1.56e-06 time=72.24s
2025-07-28 20:14:28,034 - Epoch 64 task=3.6262e-04 kd=0.0000e+00 mas=0.0000e+00 val=9.1520e-04 lr=1.56e-06 time=70.55s
2025-07-28 20:15:35,394 - Epoch 65 task=3.6474e-04 kd=0.0000e+00 mas=0.0000e+00 val=9.3721e-04 lr=1.56e-06 time=65.67s
2025-07-28 20:16:43,172 - Epoch 66 task=3.6619e-04 kd=0.0000e+00 mas=0.0000e+00 val=9.6628e-04 lr=1.56e-06 time=66.09s
2025-07-28 20:17:50,973 - Epoch 67 task=3.6495e-04 kd=0.0000e+00 mas=0.0000e+00 val=8.9559e-04 lr=1.56e-06 time=66.09s
2025-07-28 20:18:58,779 - Epoch 68 task=3.6502e-04 kd=0.0000e+00 mas=0.0000e+00 val=9.3809e-04 lr=1.56e-06 time=65.94s
2025-07-28 20:20:06,928 - Epoch 69 task=3.6478e-04 kd=0.0000e+00 mas=0.0000e+00 val=8.9511e-04 lr=1.56e-06 time=66.43s
2025-07-28 20:21:16,730 - Epoch 70 task=3.6518e-04 kd=0.0000e+00 mas=0.0000e+00 val=9.1424e-04 lr=1.56e-06 time=68.00s
2025-07-28 20:22:36,044 - Epoch 71 task=3.6302e-04 kd=0.0000e+00 mas=0.0000e+00 val=9.2897e-04 lr=1.56e-06 time=77.61s
2025-07-28 20:24:04,187 - Epoch 72 task=3.5974e-04 kd=0.0000e+00 mas=0.0000e+00 val=9.5738e-04 lr=1.56e-06 time=86.42s
2025-07-28 20:25:15,755 - Epoch 73 task=3.5966e-04 kd=0.0000e+00 mas=0.0000e+00 val=9.4884e-04 lr=1.56e-06 time=69.87s
2025-07-28 20:26:23,888 - Epoch 74 task=3.6524e-04 kd=0.0000e+00 mas=0.0000e+00 val=9.2213e-04 lr=1.56e-06 time=66.44s
2025-07-28 20:27:33,964 - Epoch 75 task=3.6234e-04 kd=0.0000e+00 mas=0.0000e+00 val=9.5050e-04 lr=1.56e-06 time=68.36s
2025-07-28 20:28:40,747 - Epoch 76 task=3.6125e-04 kd=0.0000e+00 mas=0.0000e+00 val=9.2398e-04 lr=7.81e-07 time=65.09s
2025-07-28 20:29:47,271 - Epoch 77 task=3.6045e-04 kd=0.0000e+00 mas=0.0000e+00 val=9.1840e-04 lr=7.81e-07 time=64.82s
2025-07-28 20:30:54,204 - Epoch 78 task=3.5671e-04 kd=0.0000e+00 mas=0.0000e+00 val=9.0096e-04 lr=7.81e-07 time=65.24s
2025-07-28 20:32:00,793 - Epoch 79 task=3.5981e-04 kd=0.0000e+00 mas=0.0000e+00 val=9.2191e-04 lr=7.81e-07 time=64.90s
2025-07-28 20:33:07,211 - Epoch 80 task=3.5619e-04 kd=0.0000e+00 mas=0.0000e+00 val=9.4603e-04 lr=7.81e-07 time=64.73s
2025-07-28 20:34:27,654 - Epoch 81 task=3.5973e-04 kd=0.0000e+00 mas=0.0000e+00 val=9.3711e-04 lr=7.81e-07 time=78.70s
2025-07-28 20:35:33,017 - Epoch 82 task=3.5896e-04 kd=0.0000e+00 mas=0.0000e+00 val=9.3457e-04 lr=3.91e-07 time=63.64s
2025-07-28 20:36:38,097 - Epoch 83 task=3.5816e-04 kd=0.0000e+00 mas=0.0000e+00 val=9.3215e-04 lr=3.91e-07 time=63.38s
2025-07-28 20:37:41,590 - Epoch 84 task=3.5617e-04 kd=0.0000e+00 mas=0.0000e+00 val=9.2807e-04 lr=3.91e-07 time=61.80s
2025-07-28 20:38:45,512 - Epoch 85 task=3.5726e-04 kd=0.0000e+00 mas=0.0000e+00 val=9.1225e-04 lr=3.91e-07 time=62.23s
2025-07-28 20:39:48,248 - Epoch 86 task=3.5653e-04 kd=0.0000e+00 mas=0.0000e+00 val=9.3528e-04 lr=3.91e-07 time=61.04s
2025-07-28 20:40:49,827 - Epoch 87 task=3.5629e-04 kd=0.0000e+00 mas=0.0000e+00 val=9.1778e-04 lr=3.91e-07 time=59.87s
2025-07-28 20:41:52,425 - Epoch 88 task=3.5807e-04 kd=0.0000e+00 mas=0.0000e+00 val=9.1593e-04 lr=1.95e-07 time=60.89s
2025-07-28 20:42:56,750 - Epoch 89 task=3.5625e-04 kd=0.0000e+00 mas=0.0000e+00 val=9.3775e-04 lr=1.95e-07 time=62.61s
2025-07-28 20:42:56,760 - Early stopping at epoch 89
2025-07-28 20:43:00,445 - Consolidating task 2 with MAS lambda: 0.0000
2025-07-28 20:43:33,722 - Task 2 consolidated with MAS lambda=0.0000
2025-07-28 20:43:33,741 - Task 2 completed and consolidated.
2025-07-28 20:43:33,750 - ==== Incremental Training Complete ====
2025-07-28 20:43:33,760 - ==== Starting Comprehensive Evaluation ====
2025-07-28 20:43:33,835 - Evaluating model trained after task 0...
2025-07-28 20:43:46,889 -   Task 0 -> Test Task 0: MAE=4.6181e-02, R=-0.0462
2025-07-28 20:43:48,505 -   Task 0 -> Test Task 1: MAE=5.2121e-02, R=-0.0521
2025-07-28 20:43:49,863 -   Task 0 -> Test Task 2: MAE=1.5861e-01, R=-0.1586
2025-07-28 20:43:49,872 - Evaluating model trained after task 1...
2025-07-28 20:44:02,615 -   Task 1 -> Test Task 0: MAE=2.1364e-02, R=-0.0214
2025-07-28 20:44:04,230 -   Task 1 -> Test Task 1: MAE=7.7235e-02, R=-0.0772
2025-07-28 20:44:05,580 -   Task 1 -> Test Task 2: MAE=1.2658e-01, R=-0.1266
2025-07-28 20:44:05,591 - Evaluating model trained after task 2...
2025-07-28 20:44:18,749 -   Task 2 -> Test Task 0: MAE=6.7374e-02, R=-0.0674
2025-07-28 20:44:20,360 -   Task 2 -> Test Task 1: MAE=6.6560e-02, R=-0.0666
2025-07-28 20:44:21,727 -   Task 2 -> Test Task 2: MAE=1.0537e-01, R=-0.1054
2025-07-28 20:44:21,736 - ==== Computing Continual Learning Metrics ====
2025-07-28 20:44:21,746 - Computing random initialization baselines...
2025-07-28 20:44:24,860 -   Baseline Task 0: R=-0.9926
2025-07-28 20:44:26,504 -   Baseline Task 1: R=-0.8954
2025-07-28 20:44:27,854 -   Baseline Task 2: R=-0.7892
2025-07-28 20:44:27,862 - ==== Continual Learning Results ====
2025-07-28 20:44:27,873 - BWT (Backward Transfer): -0.0053 (less negative = less forgetting)
2025-07-28 20:44:27,880 - FWT (Forward Transfer): 0.7529 (positive = beneficial transfer)
2025-07-28 20:44:27,888 - ACC (Average Accuracy): -0.0798
2025-07-28 20:44:27,896 - ==== Performance Matrix R[i][j] ====
2025-07-28 20:44:27,906 - Rows: trained after task i, Columns: evaluated on task j
2025-07-28 20:44:27,915 -        Task 0 Task 1 Task 2
2025-07-28 20:44:27,924 - Task 0: -0.0462 -0.0521 -0.1586
2025-07-28 20:44:27,933 - Task 1: -0.0214 -0.0772 -0.1266
2025-07-28 20:44:27,943 - Task 2: -0.0674 -0.0666 -0.1054
2025-07-28 20:44:28,199 - ==== Evaluation Complete ====
2025-07-28 20:44:28,208 - All results saved to: /beegfs/home/users/z/zzhuqshun/Thesis/05_Final/mas/strategies/fine-tuning/incremental/metrics
2025-07-28 20:44:28,218 - ==== Final Summary ====
2025-07-28 20:44:28,227 - Continual Learning Metrics:
2025-07-28 20:44:28,237 -   BWT: -0.0053
2025-07-28 20:44:28,247 -   FWT: 0.7529
2025-07-28 20:44:28,257 -   ACC: -0.0798
2025-07-28 20:44:28,266 -   num_tasks: 3.0000
2025-07-28 20:44:28,275 - ==== Experiment Complete ====
