2025-05-22 09:35:25,104 - ==== Regular LSTM Training Phase ====
2025-05-22 09:38:20,160 - Base train IDs: ['03', '05', '07', '09', '11', '15', '21', '23', '25', '27', '29']
2025-05-22 09:38:20,161 - Base train size: 205644
2025-05-22 09:38:20,163 - Base val IDs: ['01', '19', '13']
2025-05-22 09:38:20,164 - Base val size: 58177
2025-05-22 09:38:20,166 - Update1 train IDs: []
2025-05-22 09:38:20,167 - Update1 train size: 0
2025-05-22 09:38:20,169 - Update1 val IDs: []
2025-05-22 09:38:20,170 - Update1 val size: 0
2025-05-22 09:38:20,172 - Update2 train IDs: []
2025-05-22 09:38:20,173 - Update2 train size: 0
2025-05-22 09:38:20,175 - Update2 val IDs: []
2025-05-22 09:38:20,176 - Update2 val size: 0
2025-05-22 09:38:45,389 - Test cell ID: 17
2025-05-22 09:38:45,391 - Test size: 22872
2025-05-22 09:38:45,392 - Test base size: 11139
2025-05-22 09:38:45,394 - Test update1 size: 6312
2025-05-22 09:38:45,395 - Test update2 size: 5421
2025-05-22 09:42:03,729 - Epoch 1/200
2025-05-22 09:45:43,562 - Epoch 1, Train Loss: 2.2723e-02, Val Loss: 2.2427e-03, LR: 1.0000e-04, Time: 219.83s
2025-05-22 09:45:43,697 - Epoch 2/200
2025-05-22 09:49:21,812 - Epoch 2, Train Loss: 6.2867e-03, Val Loss: 1.1379e-03, LR: 1.0000e-04, Time: 218.12s
2025-05-22 09:49:21,920 - Epoch 3/200
2025-05-22 09:53:05,586 - Epoch 3, Train Loss: 3.6614e-03, Val Loss: 1.2391e-03, LR: 1.0000e-04, Time: 223.67s
2025-05-22 09:53:05,657 - Epoch 4/200
2025-05-22 09:56:58,167 - Epoch 4, Train Loss: 2.0000e-03, Val Loss: 1.2032e-03, LR: 1.0000e-04, Time: 232.51s
2025-05-22 09:56:58,242 - Epoch 5/200
2025-05-22 10:00:48,219 - Epoch 5, Train Loss: 1.1192e-03, Val Loss: 5.6654e-04, LR: 1.0000e-04, Time: 229.98s
2025-05-22 10:00:48,327 - Epoch 6/200
2025-05-22 10:04:37,330 - Epoch 6, Train Loss: 5.9559e-04, Val Loss: 8.9163e-04, LR: 1.0000e-04, Time: 229.00s
2025-05-22 10:04:37,433 - Epoch 7/200
2025-05-22 10:08:29,505 - Epoch 7, Train Loss: 4.0951e-04, Val Loss: 5.7827e-04, LR: 1.0000e-04, Time: 232.07s
2025-05-22 10:08:29,574 - Epoch 8/200
2025-05-22 10:12:06,888 - Epoch 8, Train Loss: 3.1060e-04, Val Loss: 3.5550e-04, LR: 1.0000e-04, Time: 217.31s
2025-05-22 10:12:07,051 - Epoch 9/200
2025-05-22 10:15:46,961 - Epoch 9, Train Loss: 2.3761e-04, Val Loss: 4.8509e-04, LR: 1.0000e-04, Time: 219.91s
2025-05-22 10:15:47,080 - Epoch 10/200
2025-05-22 10:19:55,021 - Epoch 10, Train Loss: 2.0217e-04, Val Loss: 3.0042e-04, LR: 1.0000e-04, Time: 247.94s
2025-05-22 10:19:55,163 - Epoch 11/200
2025-05-22 10:23:27,541 - Epoch 11, Train Loss: 1.8876e-04, Val Loss: 3.5375e-04, LR: 1.0000e-04, Time: 212.38s
2025-05-22 10:23:27,642 - Epoch 12/200
2025-05-22 10:27:17,379 - Epoch 12, Train Loss: 1.6527e-04, Val Loss: 2.6464e-04, LR: 1.0000e-04, Time: 229.74s
2025-05-22 10:27:17,547 - Epoch 13/200
2025-05-22 10:31:08,385 - Epoch 13, Train Loss: 1.4900e-04, Val Loss: 2.8292e-04, LR: 1.0000e-04, Time: 230.84s
2025-05-22 10:31:08,492 - Epoch 14/200
2025-05-22 10:34:49,997 - Epoch 14, Train Loss: 2.1938e-04, Val Loss: 3.0634e-04, LR: 1.0000e-04, Time: 221.50s
2025-05-22 10:34:50,094 - Epoch 15/200
2025-05-22 10:38:39,295 - Epoch 15, Train Loss: 1.3704e-04, Val Loss: 3.6347e-04, LR: 1.0000e-04, Time: 229.20s
2025-05-22 10:38:39,372 - Epoch 16/200
2025-05-22 10:42:28,143 - Epoch 16, Train Loss: 1.3580e-04, Val Loss: 3.0101e-04, LR: 1.0000e-04, Time: 228.77s
2025-05-22 10:42:28,246 - Epoch 17/200
2025-05-22 10:46:13,303 - Epoch 17, Train Loss: 1.3260e-04, Val Loss: 3.0864e-04, LR: 1.0000e-04, Time: 225.06s
2025-05-22 10:46:13,396 - Epoch 18/200
2025-05-22 10:49:52,740 - Epoch 18, Train Loss: 1.2779e-04, Val Loss: 2.7150e-04, LR: 5.0000e-05, Time: 219.34s
2025-05-22 10:49:52,825 - Epoch 19/200
2025-05-22 10:53:33,765 - Epoch 19, Train Loss: 1.0744e-04, Val Loss: 3.5201e-04, LR: 5.0000e-05, Time: 220.94s
2025-05-22 10:53:33,859 - Epoch 20/200
2025-05-22 10:57:08,710 - Epoch 20, Train Loss: 1.0336e-04, Val Loss: 3.4272e-04, LR: 5.0000e-05, Time: 214.85s
2025-05-22 10:57:08,811 - Epoch 21/200
2025-05-22 11:00:37,206 - Epoch 21, Train Loss: 1.0237e-04, Val Loss: 3.9322e-04, LR: 5.0000e-05, Time: 208.39s
2025-05-22 11:00:37,254 - Epoch 22/200
2025-05-22 11:04:02,317 - Epoch 22, Train Loss: 1.0328e-04, Val Loss: 3.8363e-04, LR: 5.0000e-05, Time: 205.06s
2025-05-22 11:04:02,364 - Epoch 23/200
2025-05-22 11:07:29,774 - Epoch 23, Train Loss: 9.9646e-05, Val Loss: 4.8348e-04, LR: 5.0000e-05, Time: 207.41s
2025-05-22 11:07:29,850 - Epoch 24/200
2025-05-22 11:11:01,948 - Epoch 24, Train Loss: 9.8422e-05, Val Loss: 4.9786e-04, LR: 2.5000e-05, Time: 212.10s
2025-05-22 11:11:02,039 - Epoch 25/200
2025-05-22 11:14:59,981 - Epoch 25, Train Loss: 9.1085e-05, Val Loss: 4.0165e-04, LR: 2.5000e-05, Time: 237.94s
2025-05-22 11:15:01,176 - Epoch 26/200
2025-05-22 11:19:04,184 - Epoch 26, Train Loss: 9.0751e-05, Val Loss: 4.5738e-04, LR: 2.5000e-05, Time: 243.01s
2025-05-22 11:19:04,307 - Epoch 27/200
2025-05-22 11:22:59,481 - Epoch 27, Train Loss: 8.9891e-05, Val Loss: 4.5964e-04, LR: 2.5000e-05, Time: 235.17s
2025-05-22 11:22:59,597 - Epoch 28/200
2025-05-22 11:27:10,570 - Epoch 28, Train Loss: 9.0781e-05, Val Loss: 4.7109e-04, LR: 2.5000e-05, Time: 250.97s
2025-05-22 11:27:10,745 - Epoch 29/200
2025-05-22 11:31:14,191 - Epoch 29, Train Loss: 8.7675e-05, Val Loss: 5.2180e-04, LR: 2.5000e-05, Time: 243.45s
2025-05-22 11:31:14,305 - Epoch 30/200
2025-05-22 11:35:18,470 - Epoch 30, Train Loss: 8.7188e-05, Val Loss: 4.4292e-04, LR: 1.2500e-05, Time: 244.17s
2025-05-22 11:35:18,640 - Epoch 31/200
2025-05-22 11:39:22,126 - Epoch 31, Train Loss: 8.4346e-05, Val Loss: 5.1190e-04, LR: 1.2500e-05, Time: 243.49s
2025-05-22 11:39:22,241 - Epoch 32/200
2025-05-22 11:44:04,331 - Epoch 32, Train Loss: 8.3343e-05, Val Loss: 4.7098e-04, LR: 1.2500e-05, Time: 282.09s
2025-05-22 11:44:04,426 - Early stopping at epoch 32
2025-05-22 11:44:19,605 - [Regular BEST] RMSE: 0.0072, MAE: 0.0057, R2: 0.9926
2025-05-22 11:44:28,361 - [Regular LAST] RMSE: 0.0072, MAE: 0.0051, R2: 0.9927
2025-05-22 11:44:28,367 - ==== Incremental EWC Training Phase ====
2025-05-22 11:46:12,884 - Base train IDs: ['01', '03', '05', '21', '27']
2025-05-22 11:46:12,886 - Base train size: 119705
2025-05-22 11:46:12,887 - Base val IDs: ['23']
2025-05-22 11:46:12,889 - Base val size: 24176
2025-05-22 11:46:12,891 - Update1 train IDs: ['07', '09', '11', '19', '23']
2025-05-22 11:46:12,893 - Update1 train size: 102537
2025-05-22 11:46:12,895 - Update1 val IDs: ['25']
2025-05-22 11:46:12,897 - Update1 val size: 18326
2025-05-22 11:46:12,910 - Update2 train IDs: ['15', '25', '29']
2025-05-22 11:46:12,913 - Update2 train size: 35134
2025-05-22 11:46:12,929 - Update2 val IDs: ['13']
2025-05-22 11:46:12,935 - Update2 val size: 6445
2025-05-22 11:46:20,121 - Test cell ID: 17
2025-05-22 11:46:20,123 - Test size: 22872
2025-05-22 11:46:20,125 - Test base size: 11139
2025-05-22 11:46:20,127 - Test update1 size: 6312
2025-05-22 11:46:20,129 - Test update2 size: 5421
2025-05-22 11:46:20,406 - [task0] Training...
2025-05-22 11:46:20,432 - Epoch 1/200
2025-05-22 11:49:00,508 - Epoch 1, Train Loss: 2.1840e-02, Val Loss: 1.8072e-03, LR: 1.0000e-04, Time: 160.08s
2025-05-22 11:49:01,124 - Epoch 2/200
2025-05-22 11:51:28,500 - Epoch 2, Train Loss: 5.3845e-03, Val Loss: 1.9628e-03, LR: 1.0000e-04, Time: 147.38s
2025-05-22 11:51:28,768 - Epoch 3/200
2025-05-22 11:54:01,131 - Epoch 3, Train Loss: 3.8679e-03, Val Loss: 2.1552e-03, LR: 1.0000e-04, Time: 152.36s
2025-05-22 11:54:01,204 - Epoch 4/200
2025-05-22 11:56:22,564 - Epoch 4, Train Loss: 2.8609e-03, Val Loss: 2.6110e-03, LR: 1.0000e-04, Time: 141.36s
2025-05-22 11:56:22,693 - Epoch 5/200
2025-05-22 11:58:51,871 - Epoch 5, Train Loss: 2.0789e-03, Val Loss: 2.3633e-03, LR: 1.0000e-04, Time: 149.18s
2025-05-22 11:58:51,962 - Epoch 6/200
2025-05-22 12:01:16,731 - Epoch 6, Train Loss: 1.4426e-03, Val Loss: 1.5830e-03, LR: 1.0000e-04, Time: 144.77s
2025-05-22 12:01:17,053 - Epoch 7/200
2025-05-22 12:03:33,150 - Epoch 7, Train Loss: 9.5500e-04, Val Loss: 2.3431e-03, LR: 1.0000e-04, Time: 136.10s
2025-05-22 12:03:33,243 - Epoch 8/200
2025-05-22 12:06:03,296 - Epoch 8, Train Loss: 6.4180e-04, Val Loss: 1.8731e-03, LR: 1.0000e-04, Time: 150.05s
2025-05-22 12:06:03,400 - Epoch 9/200
2025-05-22 12:08:14,938 - Epoch 9, Train Loss: 5.1669e-04, Val Loss: 1.8985e-03, LR: 1.0000e-04, Time: 131.54s
2025-05-22 12:08:15,088 - Epoch 10/200
2025-05-22 12:10:26,655 - Epoch 10, Train Loss: 4.6376e-04, Val Loss: 3.2039e-03, LR: 1.0000e-04, Time: 131.57s
2025-05-22 12:10:26,844 - Epoch 11/200
2025-05-22 12:12:43,519 - Epoch 11, Train Loss: 5.3274e-04, Val Loss: 2.8256e-03, LR: 1.0000e-04, Time: 136.67s
2025-05-22 12:12:43,630 - Epoch 12/200
2025-05-22 12:15:02,304 - Epoch 12, Train Loss: 5.1721e-04, Val Loss: 2.7843e-03, LR: 5.0000e-05, Time: 138.67s
2025-05-22 12:15:02,422 - Epoch 13/200
2025-05-22 12:17:10,543 - Epoch 13, Train Loss: 4.3450e-04, Val Loss: 2.1888e-03, LR: 5.0000e-05, Time: 128.12s
2025-05-22 12:17:10,625 - Epoch 14/200
2025-05-22 12:19:22,437 - Epoch 14, Train Loss: 4.8639e-04, Val Loss: 2.6435e-03, LR: 5.0000e-05, Time: 131.81s
2025-05-22 12:19:22,531 - Epoch 15/200
2025-05-22 12:21:32,181 - Epoch 15, Train Loss: 4.0755e-04, Val Loss: 3.7033e-03, LR: 5.0000e-05, Time: 129.65s
2025-05-22 12:21:32,246 - Epoch 16/200
2025-05-22 12:23:43,443 - Epoch 16, Train Loss: 3.9700e-04, Val Loss: 2.5862e-03, LR: 5.0000e-05, Time: 131.20s
2025-05-22 12:23:43,519 - Epoch 17/200
2025-05-22 12:25:47,993 - Epoch 17, Train Loss: 4.0477e-04, Val Loss: 2.7884e-03, LR: 5.0000e-05, Time: 124.47s
2025-05-22 12:25:48,041 - Epoch 18/200
2025-05-22 12:27:43,559 - Epoch 18, Train Loss: 3.7648e-04, Val Loss: 4.2138e-03, LR: 2.5000e-05, Time: 115.52s
2025-05-22 12:27:43,615 - Epoch 19/200
2025-05-22 12:29:39,843 - Epoch 19, Train Loss: 3.3082e-04, Val Loss: 4.1931e-03, LR: 2.5000e-05, Time: 116.23s
2025-05-22 12:29:39,882 - Epoch 20/200
2025-05-22 12:31:38,578 - Epoch 20, Train Loss: 2.9336e-04, Val Loss: 3.9590e-03, LR: 2.5000e-05, Time: 118.70s
2025-05-22 12:31:38,657 - Epoch 21/200
2025-05-22 12:33:32,197 - Epoch 21, Train Loss: 2.7689e-04, Val Loss: 3.7785e-03, LR: 2.5000e-05, Time: 113.54s
2025-05-22 12:33:32,275 - Epoch 22/200
2025-05-22 12:35:30,076 - Epoch 22, Train Loss: 2.8441e-04, Val Loss: 4.0774e-03, LR: 2.5000e-05, Time: 117.80s
2025-05-22 12:35:30,145 - Epoch 23/200
2025-05-22 12:37:40,819 - Epoch 23, Train Loss: 2.7347e-04, Val Loss: 4.1316e-03, LR: 2.5000e-05, Time: 130.67s
2025-05-22 12:37:40,886 - Epoch 24/200
2025-05-22 12:39:39,113 - Epoch 24, Train Loss: 2.5009e-04, Val Loss: 3.8686e-03, LR: 1.2500e-05, Time: 118.23s
2025-05-22 12:39:39,176 - Epoch 25/200
2025-05-22 12:41:37,434 - Epoch 25, Train Loss: 2.1627e-04, Val Loss: 4.1903e-03, LR: 1.2500e-05, Time: 118.26s
2025-05-22 12:41:37,485 - Epoch 26/200
2025-05-22 12:43:36,489 - Epoch 26, Train Loss: 2.1997e-04, Val Loss: 3.7796e-03, LR: 1.2500e-05, Time: 119.00s
2025-05-22 12:43:36,592 - Early stopping at epoch 26
2025-05-22 12:43:36,976 - [task0] Training completed.
2025-05-22 12:43:36,981 - [task0] Consolidating...
2025-05-22 12:45:01,520 - [task0] Consolidation completed.
2025-05-22 12:45:10,327 - [task0 BEST] RMSE: 0.0857, MAE: 0.0662, R2: -0.0366
2025-05-22 12:45:19,732 - [task0 LAST] RMSE: 0.0812, MAE: 0.0677, R2: 0.0678
2025-05-22 12:45:19,736 - [task0] Finished.
2025-05-22 12:45:19,891 - [task1] Training...
2025-05-22 12:45:19,905 - Epoch 1/200
2025-05-22 12:47:04,281 - Epoch 1, Train Loss: 1.4232e-03, Val Loss: 3.5262e-03, LR: 1.0000e-04, Time: 104.38s
2025-05-22 12:47:04,410 - Epoch 2/200
2025-05-22 12:48:51,546 - Epoch 2, Train Loss: 9.0403e-04, Val Loss: 4.6952e-03, LR: 1.0000e-04, Time: 107.14s
2025-05-22 12:48:51,605 - Epoch 3/200
2025-05-22 12:50:45,384 - Epoch 3, Train Loss: 7.6472e-04, Val Loss: 1.5542e-03, LR: 1.0000e-04, Time: 113.78s
2025-05-22 12:50:45,488 - Epoch 4/200
2025-05-22 12:52:29,707 - Epoch 4, Train Loss: 7.9195e-04, Val Loss: 2.2678e-03, LR: 1.0000e-04, Time: 104.22s
2025-05-22 12:52:29,859 - Epoch 5/200
2025-05-22 12:54:11,212 - Epoch 5, Train Loss: 7.2426e-04, Val Loss: 3.3641e-03, LR: 1.0000e-04, Time: 101.35s
2025-05-22 12:54:11,281 - Epoch 6/200
2025-05-22 12:55:54,658 - Epoch 6, Train Loss: 8.1355e-04, Val Loss: 2.3962e-03, LR: 1.0000e-04, Time: 103.38s
2025-05-22 12:55:54,748 - Epoch 7/200
2025-05-22 12:57:33,480 - Epoch 7, Train Loss: 7.5125e-04, Val Loss: 2.6742e-03, LR: 1.0000e-04, Time: 98.73s
2025-05-22 12:57:33,559 - Epoch 8/200
2025-05-22 12:59:15,288 - Epoch 8, Train Loss: 6.8929e-04, Val Loss: 1.6157e-03, LR: 1.0000e-04, Time: 101.73s
2025-05-22 12:59:15,369 - Epoch 9/200
2025-05-22 13:00:59,256 - Epoch 9, Train Loss: 5.1738e-04, Val Loss: 1.3755e-03, LR: 1.0000e-04, Time: 103.89s
2025-05-22 13:00:59,379 - Epoch 10/200
2025-05-22 13:02:42,081 - Epoch 10, Train Loss: 5.5199e-04, Val Loss: 3.0541e-03, LR: 1.0000e-04, Time: 102.70s
2025-05-22 13:02:42,199 - Epoch 11/200
2025-05-22 13:04:28,552 - Epoch 11, Train Loss: 4.9170e-04, Val Loss: 2.1068e-03, LR: 1.0000e-04, Time: 106.35s
2025-05-22 13:04:28,648 - Epoch 12/200
2025-05-22 13:06:15,552 - Epoch 12, Train Loss: 4.9148e-04, Val Loss: 1.7400e-03, LR: 1.0000e-04, Time: 106.90s
2025-05-22 13:06:15,633 - Epoch 13/200
2025-05-22 13:08:00,650 - Epoch 13, Train Loss: 4.1965e-04, Val Loss: 2.0395e-03, LR: 1.0000e-04, Time: 105.02s
2025-05-22 13:08:00,715 - Epoch 14/200
2025-05-22 13:09:46,986 - Epoch 14, Train Loss: 3.8336e-04, Val Loss: 4.0374e-03, LR: 1.0000e-04, Time: 106.27s
2025-05-22 13:09:47,081 - Epoch 15/200
2025-05-22 13:11:41,389 - Epoch 15, Train Loss: 4.2201e-04, Val Loss: 2.8747e-03, LR: 5.0000e-05, Time: 114.31s
2025-05-22 13:11:41,554 - Epoch 16/200
2025-05-22 13:13:35,809 - Epoch 16, Train Loss: 4.2711e-04, Val Loss: 1.8192e-03, LR: 5.0000e-05, Time: 114.26s
2025-05-22 13:13:35,904 - Epoch 17/200
2025-05-22 13:15:29,880 - Epoch 17, Train Loss: 3.6898e-04, Val Loss: 1.7752e-03, LR: 5.0000e-05, Time: 113.98s
2025-05-22 13:15:29,978 - Epoch 18/200
2025-05-22 13:17:24,253 - Epoch 18, Train Loss: 2.9243e-04, Val Loss: 3.1144e-03, LR: 5.0000e-05, Time: 114.28s
2025-05-22 13:17:24,699 - Epoch 19/200
2025-05-22 13:19:24,526 - Epoch 19, Train Loss: 2.8670e-04, Val Loss: 3.2256e-03, LR: 5.0000e-05, Time: 119.83s
2025-05-22 13:19:24,657 - Epoch 20/200
2025-05-22 13:21:28,067 - Epoch 20, Train Loss: 2.8928e-04, Val Loss: 3.2637e-03, LR: 5.0000e-05, Time: 123.41s
2025-05-22 13:21:28,200 - Epoch 21/200
2025-05-22 13:23:21,199 - Epoch 21, Train Loss: 3.5837e-04, Val Loss: 2.9067e-03, LR: 2.5000e-05, Time: 113.00s
2025-05-22 13:23:21,260 - Epoch 22/200
2025-05-22 13:25:24,511 - Epoch 22, Train Loss: 2.8354e-04, Val Loss: 3.2384e-03, LR: 2.5000e-05, Time: 123.25s
2025-05-22 13:25:24,610 - Epoch 23/200
2025-05-22 13:27:17,686 - Epoch 23, Train Loss: 2.6886e-04, Val Loss: 3.3480e-03, LR: 2.5000e-05, Time: 113.08s
2025-05-22 13:27:17,761 - Epoch 24/200
2025-05-22 13:29:09,002 - Epoch 24, Train Loss: 2.6019e-04, Val Loss: 5.0956e-03, LR: 2.5000e-05, Time: 111.24s
2025-05-22 13:29:09,082 - Epoch 25/200
2025-05-22 13:30:58,387 - Epoch 25, Train Loss: 2.3488e-04, Val Loss: 5.5703e-03, LR: 2.5000e-05, Time: 109.30s
2025-05-22 13:30:58,466 - Epoch 26/200
2025-05-22 13:32:42,145 - Epoch 26, Train Loss: 2.3953e-04, Val Loss: 5.8858e-03, LR: 2.5000e-05, Time: 103.68s
2025-05-22 13:32:42,207 - Epoch 27/200
2025-05-22 13:34:25,726 - Epoch 27, Train Loss: 2.2803e-04, Val Loss: 5.8142e-03, LR: 1.2500e-05, Time: 103.52s
2025-05-22 13:34:25,809 - Epoch 28/200
2025-05-22 13:36:11,258 - Epoch 28, Train Loss: 2.0512e-04, Val Loss: 6.7917e-03, LR: 1.2500e-05, Time: 105.45s
2025-05-22 13:36:11,331 - Epoch 29/200
2025-05-22 13:37:56,935 - Epoch 29, Train Loss: 2.1257e-04, Val Loss: 7.1223e-03, LR: 1.2500e-05, Time: 105.60s
2025-05-22 13:37:57,015 - Early stopping at epoch 29
2025-05-22 13:37:57,059 - [task1] Training completed.
2025-05-22 13:37:57,069 - [task1] Consolidating...
2025-05-22 13:39:09,837 - [task1] Consolidation completed.
2025-05-22 13:39:18,608 - [task1 BEST] RMSE: 0.0243, MAE: 0.0187, R2: 0.9169
2025-05-22 13:39:27,564 - [task1 LAST] RMSE: 0.0583, MAE: 0.0432, R2: 0.5196
2025-05-22 13:39:27,567 - [task1] Finished.
2025-05-22 13:39:27,657 - [task2] Training...
2025-05-22 13:39:27,669 - Epoch 1/200
2025-05-22 13:40:01,897 - Epoch 1, Train Loss: 1.2188e-03, Val Loss: 7.8721e-04, LR: 1.0000e-04, Time: 34.23s
2025-05-22 13:40:02,014 - Epoch 2/200
2025-05-22 13:40:35,902 - Epoch 2, Train Loss: 1.0092e-03, Val Loss: 8.0952e-04, LR: 1.0000e-04, Time: 33.89s
2025-05-22 13:40:35,971 - Epoch 3/200
2025-05-22 13:41:11,979 - Epoch 3, Train Loss: 8.5797e-04, Val Loss: 1.2876e-03, LR: 1.0000e-04, Time: 36.01s
2025-05-22 13:41:12,048 - Epoch 4/200
2025-05-22 13:41:46,033 - Epoch 4, Train Loss: 7.2417e-04, Val Loss: 6.2235e-04, LR: 1.0000e-04, Time: 33.98s
2025-05-22 13:41:46,124 - Epoch 5/200
2025-05-22 13:42:22,164 - Epoch 5, Train Loss: 6.2465e-04, Val Loss: 5.7763e-04, LR: 1.0000e-04, Time: 36.04s
2025-05-22 13:42:22,243 - Epoch 6/200
2025-05-22 13:42:56,092 - Epoch 6, Train Loss: 5.9670e-04, Val Loss: 6.1439e-04, LR: 1.0000e-04, Time: 33.85s
2025-05-22 13:42:56,180 - Epoch 7/200
2025-05-22 13:43:29,823 - Epoch 7, Train Loss: 6.0779e-04, Val Loss: 7.6562e-04, LR: 1.0000e-04, Time: 33.64s
2025-05-22 13:43:29,878 - Epoch 8/200
2025-05-22 13:44:02,747 - Epoch 8, Train Loss: 6.9379e-04, Val Loss: 9.2600e-04, LR: 1.0000e-04, Time: 32.87s
2025-05-22 13:44:02,812 - Epoch 9/200
2025-05-22 13:44:35,652 - Epoch 9, Train Loss: 5.7581e-04, Val Loss: 6.5129e-04, LR: 1.0000e-04, Time: 32.84s
2025-05-22 13:44:35,734 - Epoch 10/200
2025-05-22 13:45:09,394 - Epoch 10, Train Loss: 5.8617e-04, Val Loss: 9.5695e-04, LR: 1.0000e-04, Time: 33.66s
2025-05-22 13:45:09,464 - Epoch 11/200
2025-05-22 13:45:45,884 - Epoch 11, Train Loss: 6.4756e-04, Val Loss: 9.1362e-04, LR: 5.0000e-05, Time: 36.42s
2025-05-22 13:45:46,012 - Epoch 12/200
2025-05-22 13:46:23,274 - Epoch 12, Train Loss: 6.8122e-04, Val Loss: 7.1127e-04, LR: 5.0000e-05, Time: 37.26s
2025-05-22 13:46:23,397 - Epoch 13/200
2025-05-22 13:46:56,196 - Epoch 13, Train Loss: 5.4970e-04, Val Loss: 8.0594e-04, LR: 5.0000e-05, Time: 32.80s
2025-05-22 13:46:56,266 - Epoch 14/200
2025-05-22 13:47:32,429 - Epoch 14, Train Loss: 4.6646e-04, Val Loss: 7.5966e-04, LR: 5.0000e-05, Time: 36.16s
2025-05-22 13:47:39,566 - Epoch 15/200
2025-05-22 13:48:12,357 - Epoch 15, Train Loss: 4.4692e-04, Val Loss: 7.6432e-04, LR: 5.0000e-05, Time: 32.79s
2025-05-22 13:48:12,419 - Epoch 16/200
2025-05-22 13:48:47,726 - Epoch 16, Train Loss: 5.1115e-04, Val Loss: 7.9917e-04, LR: 5.0000e-05, Time: 35.31s
2025-05-22 13:48:47,799 - Epoch 17/200
2025-05-22 13:49:24,084 - Epoch 17, Train Loss: 5.0111e-04, Val Loss: 1.1195e-03, LR: 2.5000e-05, Time: 36.28s
2025-05-22 13:49:24,153 - Epoch 18/200
2025-05-22 13:49:58,842 - Epoch 18, Train Loss: 4.2189e-04, Val Loss: 8.8913e-04, LR: 2.5000e-05, Time: 34.69s
2025-05-22 13:49:58,925 - Epoch 19/200
2025-05-22 13:50:36,305 - Epoch 19, Train Loss: 4.3181e-04, Val Loss: 9.3170e-04, LR: 2.5000e-05, Time: 37.38s
2025-05-22 13:50:36,384 - Epoch 20/200
2025-05-22 13:51:11,540 - Epoch 20, Train Loss: 4.0897e-04, Val Loss: 9.6309e-04, LR: 2.5000e-05, Time: 35.16s
2025-05-22 13:51:11,618 - Epoch 21/200
2025-05-22 13:51:46,254 - Epoch 21, Train Loss: 3.7426e-04, Val Loss: 9.1499e-04, LR: 2.5000e-05, Time: 34.64s
2025-05-22 13:51:46,331 - Epoch 22/200
2025-05-22 13:52:21,052 - Epoch 22, Train Loss: 3.7789e-04, Val Loss: 1.0297e-03, LR: 2.5000e-05, Time: 34.72s
2025-05-22 13:52:21,134 - Epoch 23/200
2025-05-22 13:52:56,545 - Epoch 23, Train Loss: 3.6284e-04, Val Loss: 9.8245e-04, LR: 1.2500e-05, Time: 35.41s
2025-05-22 13:52:56,634 - Epoch 24/200
2025-05-22 13:53:32,225 - Epoch 24, Train Loss: 3.9163e-04, Val Loss: 9.1315e-04, LR: 1.2500e-05, Time: 35.59s
2025-05-22 13:53:32,306 - Epoch 25/200
2025-05-22 13:54:07,268 - Epoch 25, Train Loss: 3.6112e-04, Val Loss: 1.0291e-03, LR: 1.2500e-05, Time: 34.96s
2025-05-22 13:54:07,346 - Early stopping at epoch 25
2025-05-22 13:54:07,385 - [task2] Training completed.
2025-05-22 13:54:07,395 - [task2] Consolidating...
2025-05-22 13:54:32,073 - [task2] Consolidation completed.
2025-05-22 13:54:40,932 - [task2 BEST] RMSE: 0.0320, MAE: 0.0286, R2: 0.8555
2025-05-22 13:54:49,760 - [task2 LAST] RMSE: 0.0453, MAE: 0.0414, R2: 0.7098
2025-05-22 13:54:49,763 - [task2] Finished.
2025-05-22 13:54:49,766 - ==== All tasks completed ====
