2025-05-06 09:26:14,410 - INFO - Logs will be saved to: E:\00_Thesis\04_NNs\models\incLearning_PNN\2025-05-06_09-26-14\inclearning.log
2025-05-06 09:26:14,445 - INFO - Using device: cuda:0
2025-05-06 09:26:55,942 - INFO - Cell Assignment Summary:
2025-05-06 09:26:55,966 - INFO - Normal cells (8): ['01', '03', '05', '07', '19', '21', '23', '27']
2025-05-06 09:26:55,967 - INFO - Fast cells (3): ['09', '11', '25']
2025-05-06 09:26:55,968 - INFO - Faster cells (3): ['13', '15', '29']
2025-05-06 09:26:55,968 - INFO - 
Training Sets:
2025-05-06 09:26:55,968 - INFO - Base training set: ['03', '01', '21', '05', '27']
2025-05-06 09:26:55,968 - INFO - Base validation set: ['23']
2025-05-06 09:26:55,968 - INFO - Update1 training set: ['23', '07', '19', '09', '11']
2025-05-06 09:26:55,981 - INFO - Update1 validation set: ['25']
2025-05-06 09:26:55,981 - INFO - Update2 training set: ['25', '13', '15']
2025-05-06 09:26:55,985 - INFO - Update2 validation set: ['29']
2025-05-06 09:27:49,024 - INFO - 
Dataset Sizes:
2025-05-06 09:27:49,024 - INFO - Base training set: 119705 samples, validation set: 24176 samples
2025-05-06 09:27:49,024 - INFO - Update1 training set: 102537 samples, validation set: 18326 samples
2025-05-06 09:27:49,024 - INFO - Update2 training set: 33511 samples, validation set: 8068 samples
2025-05-06 09:27:49,024 - INFO - 
Test Sets:
2025-05-06 09:27:49,024 - INFO - Test cell: 17
2025-05-06 09:27:49,040 - INFO - Base test set (SOH ¡Ý 0.9): 11139 samples
2025-05-06 09:27:49,057 - INFO - Update1 test set (0.8 ¡Ü SOH < 0.9): 6312 samples
2025-05-06 09:27:49,057 - INFO - Update2 test set (SOH < 0.8): 5421 samples
2025-05-06 09:27:49,229 - INFO - ================================================================================
2025-05-06 09:27:49,229 - INFO - Method: Progressive Neural Network (PNN)
2025-05-06 09:27:49,229 - INFO - ================================================================================
2025-05-06 09:27:49,628 - INFO - 
Phase 1: Training on base data for column 0...
