2025-05-11 15:09:23,697 - Cell Assignment Summary:
2025-05-11 15:09:23,715 - Normal cells (8): ['01', '03', '05', '07', '19', '21', '23', '27']
2025-05-11 15:09:23,716 - Fast cells (3): ['09', '11', '25']
2025-05-11 15:09:23,717 - Faster cells (3): ['13', '15', '29']
2025-05-11 15:09:23,718 - 
Training Sets:
2025-05-11 15:09:23,718 - Base training set: ['03', '01', '21', '05', '27']
2025-05-11 15:09:23,719 - Base validation set: ['23']
2025-05-11 15:09:23,720 - Update1 training set: ['23', '07', '19', '09', '11']
2025-05-11 15:09:23,720 - Update1 validation set: ['25']
2025-05-11 15:09:23,721 - Update2 training set: ['25', '13', '15']
2025-05-11 15:09:23,721 - Update2 validation set: ['29']
2025-05-11 15:10:54,698 - 
Dataset Sizes:
2025-05-11 15:10:54,699 - Base training set: 119705 samples, validation set: 24176 samples
2025-05-11 15:10:54,700 - Update1 training set: 102537 samples, validation set: 18326 samples
2025-05-11 15:10:54,701 - Update2 training set: 33511 samples, validation set: 8068 samples
2025-05-11 15:10:54,702 - 
Test Sets:
2025-05-11 15:10:54,703 - Test cell: 17
2025-05-11 15:10:54,703 - Base test set (SOH >= 0.9): 11139 samples
2025-05-11 15:10:54,704 - Update1 test set (0.8 <= SOH < 0.9): 6312 samples
2025-05-11 15:10:54,705 - Update2 test set (SOH < 0.8): 5421 samples
2025-05-11 15:11:12,178 - [Task 0] Starting epoch 1/100
2025-05-11 15:18:24,023 - Task 0 Epoch 1: train=2.0786e-02, val=2.3961e-03
2025-05-11 15:18:24,184 - [Task 0] Starting epoch 2/100
2025-05-11 15:25:33,500 - Task 0 Epoch 2: train=5.6130e-03, val=2.9213e-03
2025-05-11 15:25:33,541 - [Task 0] Starting epoch 3/100
2025-05-11 15:32:39,560 - Task 0 Epoch 3: train=4.5495e-03, val=1.9526e-03
2025-05-11 15:32:39,644 - [Task 0] Starting epoch 4/100
2025-05-11 15:39:43,382 - Task 0 Epoch 4: train=3.7131e-03, val=1.9146e-03
2025-05-11 15:39:43,478 - [Task 0] Starting epoch 5/100
2025-05-11 15:46:49,526 - Task 0 Epoch 5: train=2.9889e-03, val=2.0269e-03
2025-05-11 15:46:49,566 - [Task 0] Starting epoch 6/100
2025-05-11 15:53:56,346 - Task 0 Epoch 6: train=2.4081e-03, val=2.6443e-03
2025-05-11 15:53:56,432 - [Task 0] Starting epoch 7/100
2025-05-11 16:01:03,950 - Task 0 Epoch 7: train=2.0641e-03, val=1.3006e-03
2025-05-11 16:01:04,147 - [Task 0] Starting epoch 8/100
2025-05-11 16:08:14,438 - Task 0 Epoch 8: train=1.5236e-03, val=2.2658e-03
2025-05-11 16:08:14,491 - [Task 0] Starting epoch 9/100
2025-05-11 16:15:21,559 - Task 0 Epoch 9: train=1.1662e-03, val=2.6499e-03
2025-05-11 16:15:21,611 - [Task 0] Starting epoch 10/100
2025-05-11 16:22:28,721 - Task 0 Epoch 10: train=9.2634e-04, val=2.9133e-03
2025-05-11 16:22:28,814 - [Task 0] Starting epoch 11/100
2025-05-11 16:29:36,261 - Task 0 Epoch 11: train=9.6052e-04, val=1.8480e-03
2025-05-11 16:29:36,325 - [Task 0] Starting epoch 12/100
2025-05-11 16:36:44,259 - Task 0 Epoch 12: train=8.3310e-04, val=2.0928e-03
2025-05-11 16:36:44,406 - [Task 0] Starting epoch 13/100
2025-05-11 16:43:50,792 - Task 0 Epoch 13: train=8.5089e-04, val=2.5030e-03
2025-05-11 16:43:50,830 - [Task 0] Starting epoch 14/100
2025-05-11 16:50:56,993 - Task 0 Epoch 14: train=6.8968e-04, val=2.9425e-03
2025-05-11 16:50:57,029 - [Task 0] Starting epoch 15/100
2025-05-11 16:58:04,697 - Task 0 Epoch 15: train=6.7305e-04, val=2.7381e-03
2025-05-11 16:58:04,791 - [Task 0] Starting epoch 16/100
2025-05-11 17:05:09,410 - Task 0 Epoch 16: train=6.6568e-04, val=2.9684e-03
2025-05-11 17:05:09,445 - [Task 0] Starting epoch 17/100
2025-05-11 17:12:16,329 - Task 0 Epoch 17: train=6.5267e-04, val=3.0977e-03
2025-05-12 08:55:23,993 - Cell Assignment Summary:
2025-05-12 08:55:24,025 - Normal cells (8): ['01', '03', '05', '07', '19', '21', '23', '27']
2025-05-12 08:55:24,026 - Fast cells (3): ['09', '11', '25']
2025-05-12 08:55:24,028 - Faster cells (3): ['13', '15', '29']
2025-05-12 08:55:24,029 - 
Training Sets:
2025-05-12 08:55:24,029 - Base training set: ['03', '01', '21', '05', '27']
2025-05-12 08:55:24,030 - Base validation set: ['23']
2025-05-12 08:55:24,031 - Update1 training set: ['23', '07', '19', '09', '11']
2025-05-12 08:55:24,032 - Update1 validation set: ['25']
2025-05-12 08:55:24,032 - Update2 training set: ['25', '13', '15']
2025-05-12 08:55:24,033 - Update2 validation set: ['29']
2025-05-12 08:57:27,834 - 
Dataset Sizes:
2025-05-12 08:57:27,857 - Base training set: 119705 samples, validation set: 24176 samples
2025-05-12 08:57:27,857 - Update1 training set: 102537 samples, validation set: 18326 samples
2025-05-12 08:57:27,858 - Update2 training set: 33511 samples, validation set: 8068 samples
2025-05-12 08:57:27,859 - 
Test Sets:
2025-05-12 08:57:27,860 - Test cell: 17
2025-05-12 08:57:27,861 - Base test set (SOH >= 0.9): 11139 samples
2025-05-12 08:57:27,862 - Update1 test set (0.8 <= SOH < 0.9): 6312 samples
2025-05-12 08:57:27,863 - Update2 test set (SOH < 0.8): 5421 samples
2025-05-12 08:58:12,107 - [Task 0] Resuming from epoch 17/100
2025-05-12 08:58:12,108 - [Task 0] Starting epoch 18/100
2025-05-12 09:05:39,118 - Task 0 Epoch 18: train=6.3662e-04, val=3.9906e-03
2025-05-12 09:05:39,412 - [Task 0] Starting epoch 19/100
2025-05-12 09:13:09,326 - Task 0 Epoch 19: train=6.2813e-04, val=2.8273e-03
2025-05-12 09:13:09,584 - [Task 0] Starting epoch 20/100
2025-05-12 09:20:39,860 - Task 0 Epoch 20: train=5.9645e-04, val=3.6744e-03
2025-05-12 09:20:40,005 - [Task 0] Starting epoch 21/100
2025-05-12 09:28:02,970 - Task 0 Epoch 21: train=5.6555e-04, val=2.3767e-03
2025-05-12 09:28:03,164 - [Task 0] Starting epoch 22/100
2025-05-12 09:35:25,099 - Task 0 Epoch 22: train=6.8150e-04, val=2.5117e-03
2025-05-12 09:35:25,251 - [Task 0] Starting epoch 23/100
2025-05-12 09:42:51,105 - Task 0 Epoch 23: train=5.8485e-04, val=2.5482e-03
2025-05-12 09:42:51,238 - [Task 0] Starting epoch 24/100
2025-05-12 09:50:09,497 - Task 0 Epoch 24: train=5.6921e-04, val=2.3502e-03
2025-05-12 09:50:09,726 - [Task 0] Starting epoch 25/100
2025-05-12 09:57:32,821 - Task 0 Epoch 25: train=5.4653e-04, val=2.7772e-03
2025-05-12 09:57:32,979 - [Task 0] Starting epoch 26/100
2025-05-12 10:04:54,686 - Task 0 Epoch 26: train=4.9044e-04, val=2.7051e-03
2025-05-12 10:04:54,779 - [Task 0] Starting epoch 27/100
2025-05-12 10:12:12,705 - Task 0 Epoch 27: train=4.8849e-04, val=2.7345e-03
2025-05-12 10:12:12,748 - [Task 0] Starting epoch 28/100
2025-05-12 10:19:31,056 - Task 0 Epoch 28: train=5.2179e-04, val=2.6170e-03
2025-05-12 10:19:31,104 - [Task 0] Starting epoch 29/100
2025-05-12 10:26:59,385 - Task 0 Epoch 29: train=5.0395e-04, val=2.8339e-03
2025-05-12 10:26:59,530 - [Task 0] Starting epoch 30/100
2025-05-12 10:34:17,631 - Task 0 Epoch 30: train=5.5976e-04, val=2.4420e-03
2025-05-12 10:34:17,710 - [Task 0] Starting epoch 31/100
2025-05-12 10:41:35,778 - Task 0 Epoch 31: train=5.6090e-04, val=2.6841e-03
2025-05-12 10:41:35,819 - [Task 0] Starting epoch 32/100
2025-05-12 10:48:58,340 - Task 0 Epoch 32: train=4.5309e-04, val=2.2781e-03
2025-05-12 10:48:58,471 - [Task 0] Starting epoch 33/100
2025-05-12 10:56:17,970 - Task 0 Epoch 33: train=4.4365e-04, val=2.8774e-03
2025-05-12 10:56:18,010 - [Task 0] Starting epoch 34/100
2025-05-12 11:03:35,593 - Task 0 Epoch 34: train=4.3829e-04, val=2.4376e-03
2025-05-12 11:03:35,634 - [Task 0] Starting epoch 35/100
2025-05-12 11:10:53,239 - Task 0 Epoch 35: train=4.3839e-04, val=2.7886e-03
2025-05-12 11:10:53,293 - [Task 0] Starting epoch 36/100
2025-05-12 11:18:10,800 - Task 0 Epoch 36: train=4.5105e-04, val=2.5930e-03
2025-05-12 11:18:10,862 - [Task 0] Starting epoch 37/100
2025-05-12 11:25:28,519 - Task 0 Epoch 37: train=4.4613e-04, val=2.6840e-03
2025-05-12 11:25:28,563 - [Task 0] Starting epoch 38/100
2025-05-12 11:32:46,591 - Task 0 Epoch 38: train=4.2468e-04, val=2.7358e-03
2025-05-12 11:32:46,632 - [Task 0] Starting epoch 39/100
2025-05-12 11:40:04,609 - Task 0 Epoch 39: train=4.2259e-04, val=2.7807e-03
2025-05-12 11:40:04,664 - [Task 0] Starting epoch 40/100
2025-05-12 11:47:22,888 - Task 0 Epoch 40: train=4.2164e-04, val=2.6969e-03
2025-05-12 11:47:22,987 - [Task 0] Starting epoch 41/100
2025-05-12 11:54:45,716 - Task 0 Epoch 41: train=4.2128e-04, val=2.6719e-03
2025-05-12 11:54:45,819 - [Task 0] Starting epoch 42/100
2025-05-12 12:02:18,134 - Task 0 Epoch 42: train=4.2416e-04, val=2.6422e-03
