2025-07-17 15:24:50,706 - ==== Skipping joint LSTM Training Phase ====
2025-07-17 15:24:50,741 - ==== Incremental EWC Training Phase ====
2025-07-17 15:26:29,748 - Base train IDs: ['03', '05', '07', '27']
2025-07-17 15:26:29,765 - Base train size: 92079
2025-07-17 15:26:29,770 - Base val IDs: ['01']
2025-07-17 15:26:29,776 - Base val size: 28612
2025-07-17 15:26:29,780 - Update1 train IDs: ['21', '23', '25']
2025-07-17 15:26:29,784 - Update1 train size: 65674
2025-07-17 15:26:29,788 - Update1 val IDs: ['19']
2025-07-17 15:26:29,794 - Update1 val size: 23120
2025-07-17 15:26:29,800 - Update2 train IDs: ['09', '11', '15', '29']
2025-07-17 15:26:29,804 - Update2 train size: 47891
2025-07-17 15:26:29,809 - Update2 val IDs: ['13']
2025-07-17 15:26:29,814 - Update2 val size: 6445
2025-07-17 15:26:40,282 - Test cell ID: 17
2025-07-17 15:26:40,283 - Test size: 22872
2025-07-17 15:26:40,285 - Test base size: 11139
2025-07-17 15:26:40,286 - Test update1 size: 6312
2025-07-17 15:26:40,287 - Test update2 size: 5421
2025-07-17 15:26:40,302 - Fitted RobustScaler on VCT: center=[ 3.31975183  0.         27.55116667], scale=[0.20016217 1.86108033 1.05333333]
2025-07-17 15:26:40,356 - Resampling and scaling complete
2025-07-17 15:26:41,905 - [task0] Training...
2025-07-17 15:26:41,907 - [task0] EWC active: None (no previous tasks)
2025-07-17 15:26:41,908 - [task0] This task will be stored with λ = 668.578401267148 (not used)
2025-07-17 15:26:41,909 - [task0] Training with alpha LWF = 0.00
2025-07-17 15:30:57,499 - Epoch 001 | task 3.8182e-02 | kd 0.0000e+00 | ewc 0.0000e+00 | val 3.7162e-04 | lr 1.00e-04 | 96.17s
2025-07-17 15:32:31,848 - Epoch 002 | task 7.2867e-03 | kd 0.0000e+00 | ewc 0.0000e+00 | val 1.0398e-03 | lr 1.00e-04 | 94.10s
2025-07-17 15:34:05,413 - Epoch 003 | task 5.3097e-03 | kd 0.0000e+00 | ewc 0.0000e+00 | val 3.9763e-04 | lr 1.00e-04 | 93.50s
2025-07-17 15:35:39,755 - Epoch 004 | task 4.3294e-03 | kd 0.0000e+00 | ewc 0.0000e+00 | val 5.3001e-04 | lr 1.00e-04 | 94.27s
2025-07-17 15:37:14,788 - Epoch 005 | task 3.4420e-03 | kd 0.0000e+00 | ewc 0.0000e+00 | val 4.4389e-04 | lr 1.00e-04 | 94.95s
2025-07-17 15:38:49,882 - Epoch 006 | task 2.6740e-03 | kd 0.0000e+00 | ewc 0.0000e+00 | val 4.3592e-04 | lr 1.00e-04 | 95.01s
2025-07-17 15:40:24,519 - Epoch 007 | task 2.0609e-03 | kd 0.0000e+00 | ewc 0.0000e+00 | val 4.5443e-04 | lr 5.00e-05 | 94.56s
2025-07-17 15:42:00,133 - Epoch 008 | task 1.6517e-03 | kd 0.0000e+00 | ewc 0.0000e+00 | val 4.0441e-04 | lr 5.00e-05 | 95.49s
2025-07-17 15:43:35,346 - Epoch 009 | task 1.4034e-03 | kd 0.0000e+00 | ewc 0.0000e+00 | val 4.0720e-04 | lr 5.00e-05 | 95.14s
2025-07-17 15:45:10,439 - Epoch 010 | task 1.1964e-03 | kd 0.0000e+00 | ewc 0.0000e+00 | val 5.0908e-04 | lr 5.00e-05 | 95.02s
2025-07-17 15:46:46,020 - Epoch 011 | task 1.0292e-03 | kd 0.0000e+00 | ewc 0.0000e+00 | val 4.2328e-04 | lr 5.00e-05 | 95.49s
2025-07-17 15:48:21,084 - Epoch 012 | task 8.7673e-04 | kd 0.0000e+00 | ewc 0.0000e+00 | val 4.3260e-04 | lr 5.00e-05 | 94.99s
2025-07-17 15:49:56,194 - Epoch 013 | task 7.6261e-04 | kd 0.0000e+00 | ewc 0.0000e+00 | val 4.6050e-04 | lr 2.50e-05 | 95.04s
2025-07-17 15:51:32,631 - Epoch 014 | task 6.8891e-04 | kd 0.0000e+00 | ewc 0.0000e+00 | val 4.3581e-04 | lr 2.50e-05 | 96.36s
2025-07-17 15:53:08,094 - Epoch 015 | task 6.5224e-04 | kd 0.0000e+00 | ewc 0.0000e+00 | val 4.0288e-04 | lr 2.50e-05 | 95.38s
2025-07-17 15:54:30,870 - Epoch 016 | task 6.1891e-04 | kd 0.0000e+00 | ewc 0.0000e+00 | val 4.0849e-04 | lr 2.50e-05 | 82.68s
2025-07-17 15:55:50,383 - Epoch 017 | task 5.8846e-04 | kd 0.0000e+00 | ewc 0.0000e+00 | val 4.4307e-04 | lr 2.50e-05 | 79.49s
2025-07-17 15:57:10,033 - Epoch 018 | task 5.6076e-04 | kd 0.0000e+00 | ewc 0.0000e+00 | val 4.2150e-04 | lr 2.50e-05 | 79.62s
2025-07-17 15:58:29,134 - Epoch 019 | task 5.3125e-04 | kd 0.0000e+00 | ewc 0.0000e+00 | val 4.3309e-04 | lr 1.25e-05 | 79.07s
2025-07-17 15:59:55,286 - Epoch 020 | task 5.0491e-04 | kd 0.0000e+00 | ewc 0.0000e+00 | val 3.9249e-04 | lr 1.25e-05 | 86.12s
2025-07-17 16:01:25,793 - Epoch 021 | task 4.9213e-04 | kd 0.0000e+00 | ewc 0.0000e+00 | val 3.9523e-04 | lr 1.25e-05 | 90.44s
2025-07-17 16:01:25,852 - Early stopping at epoch 21
2025-07-17 16:01:30,788 - [task0] Training completed.
2025-07-17 16:01:30,800 - [task0] Consolidating EWC...
2025-07-17 16:02:36,086 - [task0] Consolidation done.
2025-07-17 16:02:36,093 - [task0] Baseline evaluation on own task task0 ...
2025-07-17 16:02:43,571 - [task0 Baseline on task0] RMSE: 5.1834e-02, MAE: 4.5294e-02
2025-07-17 16:02:43,572 - [task0] Baseline testing completed.
2025-07-17 16:02:43,573 - [task0] ACC (-MAE): -4.5294e-02
2025-07-17 16:02:43,581 - [task0] Evaluating BEST checkpoint...
2025-07-17 16:02:52,860 - [task0 Evaluation on full test set] RMSE: 8.5567e-02, MAE: 6.7164e-02, R2: -0.0342
2025-07-17 16:02:52,864 - [task0] Evaluation completed.
2025-07-17 16:02:52,876 - [task1] Loading best checkpoint from previous task task0...
2025-07-17 16:02:54,751 - [task1 Pre-FWT baseline] RMSE: 5.6626e-02, MAE: 4.3428e-02
2025-07-17 16:02:54,772 - [task1] Training...
2025-07-17 16:02:54,774 - [task1] EWC active: {"Task 0": 668.58}
2025-07-17 16:02:54,774 - [task1] This task will be stored with λ = 135.50539567718891
2025-07-17 16:02:54,776 - [task1] Training with alpha LWF = 0.00
2025-07-17 16:04:02,599 - Epoch 001 | task 7.8727e-03 | kd 0.0000e+00 | ewc 2.1091e-02 | val 1.8879e-03 | lr 1.00e-04 | 67.79s
2025-07-17 16:05:09,924 - Epoch 002 | task 5.3351e-03 | kd 0.0000e+00 | ewc 1.3392e-02 | val 1.7441e-03 | lr 1.00e-04 | 67.19s
2025-07-17 16:06:16,812 - Epoch 003 | task 3.8155e-03 | kd 0.0000e+00 | ewc 7.7598e-03 | val 1.8944e-03 | lr 1.00e-04 | 66.80s
2025-07-17 16:07:23,697 - Epoch 004 | task 2.9333e-03 | kd 0.0000e+00 | ewc 3.9421e-03 | val 1.3960e-03 | lr 1.00e-04 | 66.82s
2025-07-17 16:08:29,232 - Epoch 005 | task 1.8864e-03 | kd 0.0000e+00 | ewc 1.6315e-03 | val 1.5574e-03 | lr 1.00e-04 | 65.43s
2025-07-17 16:09:37,898 - Epoch 006 | task 1.8210e-03 | kd 0.0000e+00 | ewc 5.6537e-04 | val 1.2722e-03 | lr 1.00e-04 | 68.61s
2025-07-17 16:10:48,260 - Epoch 007 | task 1.9252e-03 | kd 0.0000e+00 | ewc 1.7068e-04 | val 1.7796e-03 | lr 1.00e-04 | 70.22s
2025-07-17 16:12:00,076 - Epoch 008 | task 1.3173e-03 | kd 0.0000e+00 | ewc 4.0499e-05 | val 7.3025e-04 | lr 1.00e-04 | 71.71s
2025-07-17 16:13:11,733 - Epoch 009 | task 1.1359e-03 | kd 0.0000e+00 | ewc 1.0697e-05 | val 1.0981e-03 | lr 1.00e-04 | 71.49s
2025-07-17 16:14:25,280 - Epoch 010 | task 1.0323e-03 | kd 0.0000e+00 | ewc 6.6861e-06 | val 1.8764e-03 | lr 1.00e-04 | 73.45s
2025-07-17 16:15:38,010 - Epoch 011 | task 8.3256e-04 | kd 0.0000e+00 | ewc 5.8618e-06 | val 2.1174e-03 | lr 1.00e-04 | 72.64s
2025-07-17 16:16:50,179 - Epoch 012 | task 7.6493e-04 | kd 0.0000e+00 | ewc 6.0739e-06 | val 1.8894e-03 | lr 1.00e-04 | 72.08s
2025-07-17 16:18:04,544 - Epoch 013 | task 7.7731e-04 | kd 0.0000e+00 | ewc 6.0491e-06 | val 1.8353e-03 | lr 1.00e-04 | 74.25s
2025-07-17 16:19:19,370 - Epoch 014 | task 4.8517e-04 | kd 0.0000e+00 | ewc 6.1559e-06 | val 2.1182e-03 | lr 5.00e-05 | 74.71s
2025-07-17 16:20:33,647 - Epoch 015 | task 4.5879e-04 | kd 0.0000e+00 | ewc 6.3904e-06 | val 3.2934e-03 | lr 5.00e-05 | 74.16s
2025-07-17 16:21:49,117 - Epoch 016 | task 3.7181e-04 | kd 0.0000e+00 | ewc 6.5848e-06 | val 3.2815e-03 | lr 5.00e-05 | 75.36s
2025-07-17 16:23:05,313 - Epoch 017 | task 3.3018e-04 | kd 0.0000e+00 | ewc 6.4551e-06 | val 3.1455e-03 | lr 5.00e-05 | 76.10s
2025-07-17 16:24:21,493 - Epoch 018 | task 3.3156e-04 | kd 0.0000e+00 | ewc 6.5081e-06 | val 3.5582e-03 | lr 5.00e-05 | 76.07s
2025-07-17 16:25:37,694 - Epoch 019 | task 3.1447e-04 | kd 0.0000e+00 | ewc 6.6115e-06 | val 3.8770e-03 | lr 5.00e-05 | 76.09s
2025-07-17 16:26:53,635 - Epoch 020 | task 2.8242e-04 | kd 0.0000e+00 | ewc 6.7006e-06 | val 3.7792e-03 | lr 2.50e-05 | 75.84s
2025-07-17 16:28:09,608 - Epoch 021 | task 2.4777e-04 | kd 0.0000e+00 | ewc 6.8064e-06 | val 3.4109e-03 | lr 2.50e-05 | 75.87s
2025-07-17 16:29:25,299 - Epoch 022 | task 2.6107e-04 | kd 0.0000e+00 | ewc 6.7906e-06 | val 4.3471e-03 | lr 2.50e-05 | 75.57s
2025-07-17 16:30:41,409 - Epoch 023 | task 2.3168e-04 | kd 0.0000e+00 | ewc 6.6455e-06 | val 3.9890e-03 | lr 2.50e-05 | 76.01s
2025-07-17 16:31:57,863 - Epoch 024 | task 2.2987e-04 | kd 0.0000e+00 | ewc 6.7136e-06 | val 5.0383e-03 | lr 2.50e-05 | 76.36s
2025-07-17 16:33:14,342 - Epoch 025 | task 2.2535e-04 | kd 0.0000e+00 | ewc 6.7136e-06 | val 5.0584e-03 | lr 2.50e-05 | 76.37s
2025-07-17 16:34:30,647 - Epoch 026 | task 2.1654e-04 | kd 0.0000e+00 | ewc 6.7823e-06 | val 4.9872e-03 | lr 1.25e-05 | 76.20s
2025-07-17 16:35:46,321 - Epoch 027 | task 2.0358e-04 | kd 0.0000e+00 | ewc 6.8687e-06 | val 4.8837e-03 | lr 1.25e-05 | 75.55s
2025-07-17 16:37:01,085 - Epoch 028 | task 1.9417e-04 | kd 0.0000e+00 | ewc 6.8201e-06 | val 4.9911e-03 | lr 1.25e-05 | 74.65s
2025-07-17 16:37:01,187 - Early stopping at epoch 28
2025-07-17 16:37:01,995 - [task1] Training completed.
2025-07-17 16:37:02,002 - [task1] Consolidating EWC...
2025-07-17 16:37:48,537 - [task1] Consolidation done.
2025-07-17 16:37:48,545 - [task1] Baseline evaluation on own task task1 ...
2025-07-17 16:37:52,448 - [task1 Baseline on task1] RMSE: 4.8539e-02, MAE: 4.2975e-02
2025-07-17 16:37:52,450 - [task1] Baseline testing completed.
2025-07-17 16:37:52,460 - [task1] Backward testing on previous task task0...
2025-07-17 16:37:57,714 - [task1 BACKWARD on task0] RMSE: 2.9506e-02, MAE: 2.4578e-02
2025-07-17 16:37:57,718 - [task1] ΔMAE on task0: -2.0717e-02
2025-07-17 16:37:57,721 - [task1] ACC (-MAE): -3.3777e-02
2025-07-17 16:37:57,722 - [task1] BWT: -2.0717e-02
2025-07-17 16:37:57,723 - [task1] FWT: +4.5278e-04
2025-07-17 16:37:57,731 - [task1] Evaluating BEST checkpoint...
2025-07-17 16:38:06,646 - [task1 Evaluation on full test set] RMSE: 6.8944e-02, MAE: 5.3030e-02, R2: 0.3286
2025-07-17 16:38:06,652 - [task1] Evaluation completed.
2025-07-17 16:38:06,666 - [task2] Loading best checkpoint from previous task task1...
2025-07-17 16:38:08,296 - [task2 Pre-FWT baseline] RMSE: 1.2851e-01, MAE: 1.2756e-01
2025-07-17 16:38:08,314 - [task2] Training...
2025-07-17 16:38:08,316 - [task2] EWC active: {"Task 0": 668.58, "Task 1": 135.51}
2025-07-17 16:38:08,316 - [task2] This task will be stored with λ = 1000
2025-07-17 16:38:08,318 - [task2] Training with alpha LWF = 0.00
2025-07-17 16:39:04,617 - Epoch 001 | task 3.8028e-03 | kd 0.0000e+00 | ewc 4.1594e-05 | val 4.9620e-03 | lr 1.00e-04 | 56.28s
2025-07-17 16:40:00,668 - Epoch 002 | task 1.8957e-03 | kd 0.0000e+00 | ewc 5.6889e-05 | val 3.4334e-03 | lr 1.00e-04 | 55.88s
2025-07-17 16:40:56,337 - Epoch 003 | task 1.5456e-03 | kd 0.0000e+00 | ewc 6.0242e-05 | val 2.0560e-03 | lr 1.00e-04 | 55.50s
2025-07-17 16:41:53,229 - Epoch 004 | task 1.2847e-03 | kd 0.0000e+00 | ewc 4.4134e-05 | val 1.7433e-03 | lr 1.00e-04 | 56.71s
2025-07-17 16:42:50,704 - Epoch 005 | task 1.1024e-03 | kd 0.0000e+00 | ewc 4.2130e-05 | val 2.3780e-03 | lr 1.00e-04 | 57.30s
2025-07-17 16:43:48,198 - Epoch 006 | task 1.0736e-03 | kd 0.0000e+00 | ewc 2.9222e-05 | val 2.0021e-03 | lr 1.00e-04 | 57.36s
2025-07-17 16:44:45,005 - Epoch 007 | task 8.9301e-04 | kd 0.0000e+00 | ewc 2.2318e-05 | val 1.7148e-03 | lr 1.00e-04 | 56.70s
2025-07-17 16:45:41,852 - Epoch 008 | task 8.4469e-04 | kd 0.0000e+00 | ewc 1.9952e-05 | val 1.1505e-03 | lr 1.00e-04 | 56.63s
2025-07-17 16:46:38,738 - Epoch 009 | task 8.2508e-04 | kd 0.0000e+00 | ewc 1.8382e-05 | val 1.5407e-03 | lr 1.00e-04 | 56.73s
2025-07-17 16:47:35,288 - Epoch 010 | task 7.6647e-04 | kd 0.0000e+00 | ewc 1.8592e-05 | val 1.1450e-03 | lr 1.00e-04 | 56.47s
2025-07-17 16:48:32,560 - Epoch 011 | task 7.3760e-04 | kd 0.0000e+00 | ewc 1.9524e-05 | val 1.1144e-03 | lr 1.00e-04 | 57.07s
2025-07-17 16:49:29,714 - Epoch 012 | task 7.9796e-04 | kd 0.0000e+00 | ewc 1.8678e-05 | val 1.0762e-03 | lr 1.00e-04 | 56.99s
2025-07-17 16:50:27,358 - Epoch 013 | task 6.6707e-04 | kd 0.0000e+00 | ewc 1.8927e-05 | val 1.0916e-03 | lr 1.00e-04 | 57.47s
2025-07-17 16:51:25,214 - Epoch 014 | task 6.7055e-04 | kd 0.0000e+00 | ewc 1.8691e-05 | val 9.0013e-04 | lr 1.00e-04 | 57.73s
2025-07-17 16:52:21,623 - Epoch 015 | task 6.1698e-04 | kd 0.0000e+00 | ewc 1.9690e-05 | val 1.1472e-03 | lr 1.00e-04 | 56.22s
2025-07-17 16:53:17,833 - Epoch 016 | task 6.1918e-04 | kd 0.0000e+00 | ewc 1.8521e-05 | val 9.6678e-04 | lr 1.00e-04 | 56.10s
2025-07-17 16:54:14,379 - Epoch 017 | task 5.6435e-04 | kd 0.0000e+00 | ewc 2.1876e-05 | val 6.0151e-04 | lr 1.00e-04 | 56.45s
2025-07-17 16:55:10,906 - Epoch 018 | task 5.5927e-04 | kd 0.0000e+00 | ewc 2.2108e-05 | val 5.2090e-04 | lr 1.00e-04 | 56.32s
2025-07-17 16:56:08,270 - Epoch 019 | task 5.4593e-04 | kd 0.0000e+00 | ewc 2.3571e-05 | val 1.5080e-03 | lr 1.00e-04 | 57.20s
2025-07-17 16:57:06,960 - Epoch 020 | task 8.6827e-04 | kd 0.0000e+00 | ewc 1.9936e-05 | val 7.9959e-04 | lr 1.00e-04 | 58.56s
2025-07-17 16:58:06,347 - Epoch 021 | task 6.0335e-04 | kd 0.0000e+00 | ewc 1.6937e-05 | val 8.6392e-04 | lr 1.00e-04 | 59.26s
2025-07-17 16:59:05,636 - Epoch 022 | task 4.6973e-04 | kd 0.0000e+00 | ewc 2.1571e-05 | val 6.5677e-04 | lr 1.00e-04 | 59.14s
2025-07-17 17:00:04,056 - Epoch 023 | task 4.9733e-04 | kd 0.0000e+00 | ewc 2.1377e-05 | val 1.1800e-03 | lr 1.00e-04 | 58.29s
2025-07-17 17:01:02,455 - Epoch 024 | task 6.3911e-04 | kd 0.0000e+00 | ewc 1.7239e-05 | val 1.3288e-03 | lr 5.00e-05 | 58.26s
2025-07-17 17:02:00,763 - Epoch 025 | task 3.8609e-04 | kd 0.0000e+00 | ewc 1.6585e-05 | val 7.1089e-04 | lr 5.00e-05 | 58.10s
2025-07-17 17:02:58,465 - Epoch 026 | task 3.5560e-04 | kd 0.0000e+00 | ewc 1.7367e-05 | val 1.1243e-03 | lr 5.00e-05 | 57.52s
2025-07-17 17:03:55,928 - Epoch 027 | task 3.7132e-04 | kd 0.0000e+00 | ewc 1.7724e-05 | val 5.8938e-04 | lr 5.00e-05 | 57.35s
2025-07-17 17:04:53,950 - Epoch 028 | task 3.6316e-04 | kd 0.0000e+00 | ewc 1.7984e-05 | val 7.9870e-04 | lr 5.00e-05 | 57.92s
2025-07-17 17:05:52,647 - Epoch 029 | task 3.3178e-04 | kd 0.0000e+00 | ewc 1.8367e-05 | val 7.2795e-04 | lr 5.00e-05 | 58.57s
2025-07-17 17:06:58,959 - Epoch 030 | task 3.6137e-04 | kd 0.0000e+00 | ewc 1.9725e-05 | val 4.2829e-04 | lr 5.00e-05 | 66.18s
2025-07-17 17:08:06,934 - Epoch 031 | task 3.4834e-04 | kd 0.0000e+00 | ewc 2.0273e-05 | val 6.5882e-04 | lr 5.00e-05 | 67.71s
2025-07-17 17:09:12,965 - Epoch 032 | task 3.1515e-04 | kd 0.0000e+00 | ewc 1.9053e-05 | val 5.0176e-04 | lr 5.00e-05 | 65.86s
2025-07-17 17:10:13,857 - Epoch 033 | task 3.1827e-04 | kd 0.0000e+00 | ewc 1.8895e-05 | val 6.5375e-04 | lr 5.00e-05 | 60.74s
2025-07-17 17:11:12,632 - Epoch 034 | task 3.1290e-04 | kd 0.0000e+00 | ewc 1.8720e-05 | val 5.6197e-04 | lr 5.00e-05 | 58.67s
2025-07-17 17:12:12,115 - Epoch 035 | task 3.4003e-04 | kd 0.0000e+00 | ewc 1.7911e-05 | val 5.4887e-04 | lr 5.00e-05 | 59.35s
2025-07-17 17:13:11,685 - Epoch 036 | task 2.9061e-04 | kd 0.0000e+00 | ewc 1.7984e-05 | val 5.3185e-04 | lr 2.50e-05 | 59.45s
2025-07-17 17:14:11,234 - Epoch 037 | task 2.6002e-04 | kd 0.0000e+00 | ewc 1.7993e-05 | val 6.0094e-04 | lr 2.50e-05 | 59.45s
2025-07-17 17:15:10,916 - Epoch 038 | task 2.6106e-04 | kd 0.0000e+00 | ewc 1.8041e-05 | val 4.6604e-04 | lr 2.50e-05 | 59.55s
2025-07-17 17:16:10,590 - Epoch 039 | task 2.6969e-04 | kd 0.0000e+00 | ewc 1.8047e-05 | val 4.0130e-04 | lr 2.50e-05 | 59.55s
2025-07-17 17:17:08,228 - Epoch 040 | task 2.5042e-04 | kd 0.0000e+00 | ewc 1.7687e-05 | val 3.8090e-04 | lr 2.50e-05 | 57.08s
2025-07-17 17:17:54,510 - Epoch 041 | task 2.5620e-04 | kd 0.0000e+00 | ewc 1.7721e-05 | val 6.4695e-04 | lr 2.50e-05 | 46.10s
2025-07-17 17:18:39,586 - Epoch 042 | task 2.4817e-04 | kd 0.0000e+00 | ewc 1.7586e-05 | val 4.2363e-04 | lr 2.50e-05 | 45.01s
2025-07-17 17:19:24,307 - Epoch 043 | task 2.4533e-04 | kd 0.0000e+00 | ewc 1.7506e-05 | val 3.6383e-04 | lr 2.50e-05 | 44.64s
2025-07-17 17:20:09,227 - Epoch 044 | task 2.5084e-04 | kd 0.0000e+00 | ewc 1.7725e-05 | val 4.2263e-04 | lr 2.50e-05 | 44.73s
2025-07-17 17:20:53,477 - Epoch 045 | task 2.3850e-04 | kd 0.0000e+00 | ewc 1.8120e-05 | val 3.8279e-04 | lr 2.50e-05 | 44.15s
2025-07-17 17:21:36,772 - Epoch 046 | task 2.4052e-04 | kd 0.0000e+00 | ewc 1.7756e-05 | val 5.3062e-04 | lr 2.50e-05 | 43.23s
2025-07-17 17:22:19,518 - Epoch 047 | task 2.3388e-04 | kd 0.0000e+00 | ewc 1.7743e-05 | val 3.9248e-04 | lr 2.50e-05 | 42.68s
2025-07-17 17:23:04,780 - Epoch 048 | task 2.3263e-04 | kd 0.0000e+00 | ewc 1.7572e-05 | val 4.9974e-04 | lr 2.50e-05 | 45.19s
2025-07-17 17:23:52,919 - Epoch 049 | task 2.3394e-04 | kd 0.0000e+00 | ewc 1.7376e-05 | val 3.3833e-04 | lr 2.50e-05 | 48.05s
2025-07-17 17:24:46,943 - Epoch 050 | task 2.2618e-04 | kd 0.0000e+00 | ewc 1.7361e-05 | val 4.1979e-04 | lr 2.50e-05 | 53.85s
2025-07-17 17:25:43,076 - Epoch 051 | task 2.2320e-04 | kd 0.0000e+00 | ewc 1.7176e-05 | val 4.2724e-04 | lr 2.50e-05 | 56.05s
2025-07-17 17:26:40,402 - Epoch 052 | task 2.2660e-04 | kd 0.0000e+00 | ewc 1.7145e-05 | val 3.8418e-04 | lr 2.50e-05 | 57.17s
2025-07-17 17:27:37,797 - Epoch 053 | task 2.2990e-04 | kd 0.0000e+00 | ewc 1.7306e-05 | val 4.7848e-04 | lr 2.50e-05 | 57.25s
2025-07-17 17:28:33,107 - Epoch 054 | task 2.1479e-04 | kd 0.0000e+00 | ewc 1.7159e-05 | val 4.0617e-04 | lr 2.50e-05 | 55.17s
2025-07-17 17:29:27,597 - Epoch 055 | task 2.2960e-04 | kd 0.0000e+00 | ewc 1.7067e-05 | val 5.7726e-04 | lr 1.25e-05 | 54.40s
2025-07-17 17:30:22,126 - Epoch 056 | task 2.1126e-04 | kd 0.0000e+00 | ewc 1.6884e-05 | val 4.4561e-04 | lr 1.25e-05 | 54.44s
2025-07-17 17:31:17,060 - Epoch 057 | task 2.0314e-04 | kd 0.0000e+00 | ewc 1.6868e-05 | val 4.3365e-04 | lr 1.25e-05 | 54.83s
2025-07-17 17:32:10,506 - Epoch 058 | task 2.0449e-04 | kd 0.0000e+00 | ewc 1.6944e-05 | val 3.9269e-04 | lr 1.25e-05 | 53.37s
2025-07-17 17:33:02,695 - Epoch 059 | task 2.0713e-04 | kd 0.0000e+00 | ewc 1.7044e-05 | val 4.1624e-04 | lr 1.25e-05 | 52.10s
2025-07-17 17:33:48,722 - Epoch 060 | task 1.9783e-04 | kd 0.0000e+00 | ewc 1.6911e-05 | val 4.5840e-04 | lr 1.25e-05 | 45.91s
2025-07-17 17:34:40,458 - Epoch 061 | task 1.9725e-04 | kd 0.0000e+00 | ewc 1.6884e-05 | val 4.4733e-04 | lr 6.25e-06 | 51.65s
2025-07-17 17:35:31,873 - Epoch 062 | task 1.9209e-04 | kd 0.0000e+00 | ewc 1.6838e-05 | val 4.5590e-04 | lr 6.25e-06 | 51.34s
2025-07-17 17:36:24,081 - Epoch 063 | task 1.8977e-04 | kd 0.0000e+00 | ewc 1.6832e-05 | val 4.4269e-04 | lr 6.25e-06 | 52.09s
2025-07-17 17:37:15,701 - Epoch 064 | task 1.9091e-04 | kd 0.0000e+00 | ewc 1.6790e-05 | val 4.5791e-04 | lr 6.25e-06 | 51.54s
2025-07-17 17:38:09,554 - Epoch 065 | task 1.9118e-04 | kd 0.0000e+00 | ewc 1.6770e-05 | val 5.6905e-04 | lr 6.25e-06 | 53.74s
2025-07-17 17:39:03,237 - Epoch 066 | task 1.8684e-04 | kd 0.0000e+00 | ewc 1.6748e-05 | val 4.6215e-04 | lr 6.25e-06 | 53.56s
2025-07-17 17:39:57,016 - Epoch 067 | task 1.8926e-04 | kd 0.0000e+00 | ewc 1.6730e-05 | val 4.9000e-04 | lr 3.13e-06 | 53.67s
2025-07-17 17:40:50,913 - Epoch 068 | task 1.8582e-04 | kd 0.0000e+00 | ewc 1.6767e-05 | val 4.9251e-04 | lr 3.13e-06 | 53.79s
2025-07-17 17:41:44,154 - Epoch 069 | task 1.8747e-04 | kd 0.0000e+00 | ewc 1.6738e-05 | val 5.2447e-04 | lr 3.13e-06 | 53.12s
2025-07-17 17:41:44,251 - Early stopping at epoch 69
2025-07-17 17:41:45,088 - [task2] Training completed.
2025-07-17 17:41:45,095 - [task2] Consolidating EWC...
2025-07-17 17:42:18,468 - [task2] Consolidation done.
2025-07-17 17:42:18,475 - [task2] Baseline evaluation on own task task2 ...
2025-07-17 17:42:22,386 - [task2 Baseline on task2] RMSE: 1.0986e-01, MAE: 1.0866e-01
2025-07-17 17:42:22,388 - [task2] Baseline testing completed.
2025-07-17 17:42:22,398 - [task2] Backward testing on previous task task0...
2025-07-17 17:42:27,673 - [task2 BACKWARD on task0] RMSE: 6.3337e-02, MAE: 6.1305e-02
2025-07-17 17:42:27,691 - [task2] Backward testing on previous task task1...
2025-07-17 17:42:31,696 - [task2 BACKWARD on task1] RMSE: 4.3946e-02, MAE: 3.8990e-02
2025-07-17 17:42:31,700 - [task2] ΔMAE on task0: +1.6011e-02
2025-07-17 17:42:31,701 - [task2] ΔMAE on task1: -3.9847e-03
2025-07-17 17:42:31,702 - [task2] ACC (-MAE): -6.9653e-02
2025-07-17 17:42:31,703 - [task2] BWT: +6.0129e-03
2025-07-17 17:42:31,706 - [task2] FWT: +1.8892e-02
2025-07-17 17:42:31,716 - [task2] Evaluating BEST checkpoint...
2025-07-17 17:42:40,755 - [task2 Evaluation on full test set] RMSE: 7.0961e-02, MAE: 6.3843e-02, R2: 0.2887
2025-07-17 17:42:40,757 - [task2] Evaluation completed.
2025-07-17 17:42:40,873 - Saved ACC/BWT/FWT history to /beegfs/home/users/z/zzhuqshun/Thesis/05_Final/3inputs/model/incl_trial42-robust/incremental/continual_metrics.csv
2025-07-17 17:42:41,782 - ==== All tasks completed ====
