2025-08-14 14:21:25,581 - INFO - ==== Incremental Training (SI + KD via SITrainer) ====
2025-08-14 14:21:25,590 - INFO - Number of tasks: 3
2025-08-14 14:23:02,828 - INFO - Incremental training - Task 0 Train IDs: ['03', '27', '05', '21', '11'], size: 107395
2025-08-14 14:23:02,853 - INFO - Incremental training - Task 0 Val IDs: ['01'], size: 20028
2025-08-14 14:23:02,855 - INFO - Incremental training - Test Task 0 size: 8584
2025-08-14 14:23:02,858 - INFO - Incremental training - Task 1 Train IDs: ['09', '29', '25'], size: 41175
2025-08-14 14:23:02,860 - INFO - Incremental training - Task 1 Val IDs: ['19'], size: 16183
2025-08-14 14:23:02,861 - INFO - Incremental training - Test Task 1 size: 6937
2025-08-14 14:23:02,862 - INFO - Incremental training - Task 2 Train IDs: ['15', '07', '23'], size: 57074
2025-08-14 14:23:02,863 - INFO - Incremental training - Task 2 Val IDs: ['13'], size: 4511
2025-08-14 14:23:02,864 - INFO - Incremental training - Test Task 2 size: 1934
2025-08-14 14:23:02,879 - INFO -   (Scaler) Scaler centers: [ 3.3374245   0.101279   27.50083333]
2025-08-14 14:23:02,884 - INFO -   (Scaler) Scaler scales: [0.18253608 1.77971742 1.05683333]
2025-08-14 14:24:37,457 - INFO - ========== Model Structure ==========
2025-08-14 14:24:37,476 - INFO - 
SOHLSTM(
  (lstm): LSTM(3, 128, num_layers=2, batch_first=True, dropout=0.3)
  (fc): Sequential(
    (0): Linear(in_features=128, out_features=64, bias=True)
    (1): LeakyReLU(negative_slope=0.01)
    (2): Dropout(p=0.3, inplace=False)
    (3): Linear(in_features=64, out_features=1, bias=True)
  )
)
2025-08-14 14:24:37,477 - INFO - =====================================
2025-08-14 14:24:37,478 - INFO - ====== Model Parameters Details ======
2025-08-14 14:24:37,479 - INFO - lstm.weight_ih_l0                                  | trainable |     1536 params
2025-08-14 14:24:37,480 - INFO - lstm.weight_hh_l0                                  | trainable |    65536 params
2025-08-14 14:24:37,481 - INFO - lstm.bias_ih_l0                                    | trainable |      512 params
2025-08-14 14:24:37,482 - INFO - lstm.bias_hh_l0                                    | trainable |      512 params
2025-08-14 14:24:37,484 - INFO - lstm.weight_ih_l1                                  | trainable |    65536 params
2025-08-14 14:24:37,485 - INFO - lstm.weight_hh_l1                                  | trainable |    65536 params
2025-08-14 14:24:37,486 - INFO - lstm.bias_ih_l1                                    | trainable |      512 params
2025-08-14 14:24:37,487 - INFO - lstm.bias_hh_l1                                    | trainable |      512 params
2025-08-14 14:24:37,489 - INFO - fc.0.weight                                        | trainable |     8192 params
2025-08-14 14:24:37,490 - INFO - fc.0.bias                                          | trainable |       64 params
2025-08-14 14:24:37,491 - INFO - fc.3.weight                                        | trainable |       64 params
2025-08-14 14:24:37,492 - INFO - fc.3.bias                                          | trainable |        1 params
2025-08-14 14:24:37,493 - INFO - --------------------------------------------------------------------------------
2025-08-14 14:24:37,494 - INFO - Total params:                                          208513 params (only trainable)
2025-08-14 14:24:37,496 - INFO - =====================================
2025-08-14 14:24:37,580 - INFO - === Train task 0 in mode: pure-finetune ===
2025-08-14 14:26:17,274 - INFO - Epoch 0: task=3.4180e-02 kd%=0.00% si%=0.00% kl=0.000 val_mse=1.8106e-03
2025-08-14 14:27:54,871 - INFO - Epoch 1: task=7.4519e-03 kd%=0.00% si%=0.00% kl=0.000 val_mse=9.6827e-04
2025-08-14 14:29:32,174 - INFO - Epoch 2: task=5.6411e-03 kd%=0.00% si%=0.00% kl=0.000 val_mse=1.1449e-03
2025-08-14 14:31:09,252 - INFO - Epoch 3: task=4.6387e-03 kd%=0.00% si%=0.00% kl=0.000 val_mse=5.0094e-04
2025-08-14 14:32:46,858 - INFO - Epoch 4: task=3.7086e-03 kd%=0.00% si%=0.00% kl=0.000 val_mse=1.0208e-03
2025-08-14 14:34:24,147 - INFO - Epoch 5: task=2.8452e-03 kd%=0.00% si%=0.00% kl=0.000 val_mse=3.8385e-04
2025-08-14 14:36:01,392 - INFO - Epoch 6: task=1.9421e-03 kd%=0.00% si%=0.00% kl=0.000 val_mse=3.4660e-04
2025-08-14 14:37:38,221 - INFO - Epoch 7: task=1.3745e-03 kd%=0.00% si%=0.00% kl=0.000 val_mse=2.3536e-04
2025-08-14 14:39:14,136 - INFO - Epoch 8: task=1.1364e-03 kd%=0.00% si%=0.00% kl=0.000 val_mse=2.8731e-04
2025-08-14 14:40:50,221 - INFO - Epoch 9: task=8.5870e-04 kd%=0.00% si%=0.00% kl=0.000 val_mse=9.2570e-04
2025-08-14 14:42:26,573 - INFO - Epoch 10: task=6.4581e-04 kd%=0.00% si%=0.00% kl=0.000 val_mse=9.1032e-04
2025-08-14 14:44:03,545 - INFO - Epoch 11: task=5.3212e-04 kd%=0.00% si%=0.00% kl=0.000 val_mse=1.2565e-03
2025-08-14 14:45:40,279 - INFO - Epoch 12: task=4.7212e-04 kd%=0.00% si%=0.00% kl=0.000 val_mse=8.5282e-03
2025-08-14 14:47:16,853 - INFO - Epoch 13: task=4.5203e-04 kd%=0.00% si%=0.00% kl=0.000 val_mse=2.6870e-03
2025-08-14 14:48:52,740 - INFO - Epoch 14: task=3.3810e-04 kd%=0.00% si%=0.00% kl=0.000 val_mse=8.8346e-03
2025-08-14 14:50:29,486 - INFO - Epoch 15: task=2.4410e-04 kd%=0.00% si%=0.00% kl=0.000 val_mse=3.2509e-03
2025-08-14 14:52:06,284 - INFO - Epoch 16: task=1.8534e-04 kd%=0.00% si%=0.00% kl=0.000 val_mse=1.7877e-03
2025-08-14 14:53:44,362 - INFO - Epoch 17: task=1.6709e-04 kd%=0.00% si%=0.00% kl=0.000 val_mse=1.4942e-03
2025-08-14 14:55:22,371 - INFO - Epoch 18: task=2.0490e-04 kd%=0.00% si%=0.00% kl=0.000 val_mse=5.7224e-03
2025-08-14 14:56:59,559 - INFO - Epoch 19: task=1.2737e-04 kd%=0.00% si%=0.00% kl=0.000 val_mse=9.8971e-04
2025-08-14 14:58:37,164 - INFO - Epoch 20: task=1.1671e-04 kd%=0.00% si%=0.00% kl=0.000 val_mse=1.1320e-03
2025-08-14 15:00:14,444 - INFO - Epoch 21: task=1.0792e-04 kd%=0.00% si%=0.00% kl=0.000 val_mse=4.0022e-03
2025-08-14 15:01:51,962 - INFO - Epoch 22: task=1.0172e-04 kd%=0.00% si%=0.00% kl=0.000 val_mse=6.9070e-03
2025-08-14 15:03:28,538 - INFO - Epoch 23: task=9.6846e-05 kd%=0.00% si%=0.00% kl=0.000 val_mse=1.1130e-02
2025-08-14 15:05:05,067 - INFO - Epoch 24: task=2.2406e-04 kd%=0.00% si%=0.00% kl=0.000 val_mse=8.6479e-04
2025-08-14 15:06:50,423 - INFO - Epoch 25: task=9.7281e-05 kd%=0.00% si%=0.00% kl=0.000 val_mse=5.2411e-03
2025-08-14 15:09:43,132 - INFO - Epoch 26: task=1.1489e-04 kd%=0.00% si%=0.00% kl=0.000 val_mse=1.9420e-03
2025-08-14 15:11:29,470 - INFO - Epoch 27: task=1.0920e-04 kd%=0.00% si%=0.00% kl=0.000 val_mse=1.1501e-02
2025-08-14 15:11:29,527 - INFO - Early stopping at epoch 27
2025-08-14 15:11:35,235 - INFO - Task 0 picked ValBest weights for consolidation (val_mse=2.353589e-04).
2025-08-14 15:11:35,611 - INFO - Saved best checkpoint: /beegfs/home/users/z/zzhuqshun/Thesis/final/inc_ft/task0/task0_best.pt
2025-08-14 15:11:43,619 - INFO - === Train task 1 in mode: pure-finetune ===
2025-08-14 15:12:28,494 - INFO - Epoch 0: task=2.1679e-03 kd%=0.00% si%=0.00% kl=0.000 val_mse=1.1685e-03
2025-08-14 15:13:09,891 - INFO - Epoch 1: task=1.7082e-03 kd%=0.00% si%=0.00% kl=0.000 val_mse=1.3194e-03
2025-08-14 15:14:13,260 - INFO - Epoch 2: task=1.6399e-03 kd%=0.00% si%=0.00% kl=0.000 val_mse=4.5525e-04
2025-08-14 15:15:09,584 - INFO - Epoch 3: task=1.5506e-03 kd%=0.00% si%=0.00% kl=0.000 val_mse=5.5144e-04
2025-08-14 15:16:17,618 - INFO - Epoch 4: task=1.3765e-03 kd%=0.00% si%=0.00% kl=0.000 val_mse=4.7613e-04
2025-08-14 15:17:23,535 - INFO - Epoch 5: task=1.2730e-03 kd%=0.00% si%=0.00% kl=0.000 val_mse=5.1797e-04
2025-08-14 15:18:30,124 - INFO - Epoch 6: task=1.1864e-03 kd%=0.00% si%=0.00% kl=0.000 val_mse=3.7485e-04
2025-08-14 15:19:30,164 - INFO - Epoch 7: task=1.1447e-03 kd%=0.00% si%=0.00% kl=0.000 val_mse=7.8808e-04
2025-08-14 15:20:16,934 - INFO - Epoch 8: task=9.8115e-04 kd%=0.00% si%=0.00% kl=0.000 val_mse=4.5907e-04
2025-08-14 15:20:53,629 - INFO - Epoch 9: task=9.5339e-04 kd%=0.00% si%=0.00% kl=0.000 val_mse=6.9982e-04
2025-08-14 15:21:34,646 - INFO - Epoch 10: task=7.2500e-04 kd%=0.00% si%=0.00% kl=0.000 val_mse=7.3014e-04
2025-08-14 15:22:16,252 - INFO - Epoch 11: task=6.0776e-04 kd%=0.00% si%=0.00% kl=0.000 val_mse=6.3447e-04
2025-08-14 15:22:57,599 - INFO - Epoch 12: task=5.2605e-04 kd%=0.00% si%=0.00% kl=0.000 val_mse=5.8711e-04
2025-08-14 15:23:38,259 - INFO - Epoch 13: task=4.5805e-04 kd%=0.00% si%=0.00% kl=0.000 val_mse=3.4441e-04
2025-08-14 15:24:14,512 - INFO - Epoch 14: task=4.1490e-04 kd%=0.00% si%=0.00% kl=0.000 val_mse=8.5531e-04
2025-08-14 15:24:50,387 - INFO - Epoch 15: task=3.8127e-04 kd%=0.00% si%=0.00% kl=0.000 val_mse=1.1932e-03
2025-08-14 15:25:26,257 - INFO - Epoch 16: task=4.2726e-04 kd%=0.00% si%=0.00% kl=0.000 val_mse=2.2795e-04
2025-08-14 15:26:02,270 - INFO - Epoch 17: task=3.4658e-04 kd%=0.00% si%=0.00% kl=0.000 val_mse=2.4104e-04
2025-08-14 15:26:38,341 - INFO - Epoch 18: task=3.2915e-04 kd%=0.00% si%=0.00% kl=0.000 val_mse=1.5113e-04
2025-08-14 15:27:14,465 - INFO - Epoch 19: task=3.2330e-04 kd%=0.00% si%=0.00% kl=0.000 val_mse=3.1417e-04
2025-08-14 15:27:50,687 - INFO - Epoch 20: task=3.1081e-04 kd%=0.00% si%=0.00% kl=0.000 val_mse=1.9491e-04
2025-08-14 15:28:26,965 - INFO - Epoch 21: task=2.9218e-04 kd%=0.00% si%=0.00% kl=0.000 val_mse=1.6961e-04
2025-08-14 15:29:03,194 - INFO - Epoch 22: task=2.9809e-04 kd%=0.00% si%=0.00% kl=0.000 val_mse=1.5899e-04
2025-08-14 15:29:39,380 - INFO - Epoch 23: task=2.8229e-04 kd%=0.00% si%=0.00% kl=0.000 val_mse=1.2863e-04
2025-08-14 15:30:15,580 - INFO - Epoch 24: task=2.8523e-04 kd%=0.00% si%=0.00% kl=0.000 val_mse=5.4731e-04
2025-08-14 15:30:52,076 - INFO - Epoch 25: task=2.7530e-04 kd%=0.00% si%=0.00% kl=0.000 val_mse=1.3127e-04
2025-08-14 15:31:28,562 - INFO - Epoch 26: task=2.6850e-04 kd%=0.00% si%=0.00% kl=0.000 val_mse=3.4938e-04
2025-08-14 15:32:04,897 - INFO - Epoch 27: task=2.6650e-04 kd%=0.00% si%=0.00% kl=0.000 val_mse=2.1416e-04
2025-08-14 15:32:41,152 - INFO - Epoch 28: task=2.6452e-04 kd%=0.00% si%=0.00% kl=0.000 val_mse=1.0288e-04
2025-08-14 15:33:17,407 - INFO - Epoch 29: task=2.5771e-04 kd%=0.00% si%=0.00% kl=0.000 val_mse=1.4762e-04
2025-08-14 15:33:53,791 - INFO - Epoch 30: task=2.5935e-04 kd%=0.00% si%=0.00% kl=0.000 val_mse=3.4212e-04
2025-08-14 15:34:30,090 - INFO - Epoch 31: task=2.4666e-04 kd%=0.00% si%=0.00% kl=0.000 val_mse=1.6616e-04
2025-08-14 15:35:06,299 - INFO - Epoch 32: task=2.4772e-04 kd%=0.00% si%=0.00% kl=0.000 val_mse=5.1736e-04
2025-08-14 15:35:42,490 - INFO - Epoch 33: task=2.4457e-04 kd%=0.00% si%=0.00% kl=0.000 val_mse=2.4945e-04
2025-08-14 15:36:18,639 - INFO - Epoch 34: task=2.5649e-04 kd%=0.00% si%=0.00% kl=0.000 val_mse=7.0949e-05
2025-08-14 15:36:54,954 - INFO - Epoch 35: task=2.4474e-04 kd%=0.00% si%=0.00% kl=0.000 val_mse=1.4247e-04
2025-08-14 15:37:31,159 - INFO - Epoch 36: task=2.3909e-04 kd%=0.00% si%=0.00% kl=0.000 val_mse=1.4268e-04
2025-08-14 15:38:07,221 - INFO - Epoch 37: task=2.3159e-04 kd%=0.00% si%=0.00% kl=0.000 val_mse=2.7539e-04
2025-08-14 15:38:44,742 - INFO - Epoch 38: task=2.3190e-04 kd%=0.00% si%=0.00% kl=0.000 val_mse=3.2319e-04
2025-08-14 15:39:36,915 - INFO - Epoch 39: task=2.3029e-04 kd%=0.00% si%=0.00% kl=0.000 val_mse=4.0759e-04
2025-08-14 15:40:28,078 - INFO - Epoch 40: task=2.2475e-04 kd%=0.00% si%=0.00% kl=0.000 val_mse=3.5731e-04
2025-08-14 15:41:04,963 - INFO - Epoch 41: task=2.2864e-04 kd%=0.00% si%=0.00% kl=0.000 val_mse=2.6146e-04
2025-08-14 15:42:00,355 - INFO - Epoch 42: task=2.2577e-04 kd%=0.00% si%=0.00% kl=0.000 val_mse=3.3345e-04
2025-08-14 15:43:03,534 - INFO - Epoch 43: task=2.2179e-04 kd%=0.00% si%=0.00% kl=0.000 val_mse=1.7097e-04
2025-08-14 15:44:05,141 - INFO - Epoch 44: task=2.1987e-04 kd%=0.00% si%=0.00% kl=0.000 val_mse=1.1404e-04
2025-08-14 15:45:05,984 - INFO - Epoch 45: task=2.1393e-04 kd%=0.00% si%=0.00% kl=0.000 val_mse=1.2704e-04
2025-08-14 15:46:05,084 - INFO - Epoch 46: task=2.2134e-04 kd%=0.00% si%=0.00% kl=0.000 val_mse=2.8273e-04
2025-08-14 15:47:00,660 - INFO - Epoch 47: task=2.1268e-04 kd%=0.00% si%=0.00% kl=0.000 val_mse=2.1873e-04
2025-08-14 15:47:52,735 - INFO - Epoch 48: task=2.0740e-04 kd%=0.00% si%=0.00% kl=0.000 val_mse=2.7841e-04
2025-08-14 15:48:39,441 - INFO - Epoch 49: task=2.1113e-04 kd%=0.00% si%=0.00% kl=0.000 val_mse=2.5434e-04
2025-08-14 15:49:24,848 - INFO - Epoch 50: task=2.0405e-04 kd%=0.00% si%=0.00% kl=0.000 val_mse=1.7581e-04
2025-08-14 15:50:13,323 - INFO - Epoch 51: task=2.0451e-04 kd%=0.00% si%=0.00% kl=0.000 val_mse=2.8358e-04
2025-08-14 15:51:01,763 - INFO - Epoch 52: task=2.0965e-04 kd%=0.00% si%=0.00% kl=0.000 val_mse=3.5186e-04
2025-08-14 15:51:50,844 - INFO - Epoch 53: task=2.0064e-04 kd%=0.00% si%=0.00% kl=0.000 val_mse=2.1686e-04
2025-08-14 15:52:37,749 - INFO - Epoch 54: task=2.0036e-04 kd%=0.00% si%=0.00% kl=0.000 val_mse=1.9548e-04
2025-08-14 15:52:37,775 - INFO - Early stopping at epoch 54
2025-08-14 15:52:42,325 - INFO - Task 1 picked ValBest weights for consolidation (val_mse=7.094890e-05).
2025-08-14 15:52:42,376 - INFO - Saved best checkpoint: /beegfs/home/users/z/zzhuqshun/Thesis/final/inc_ft/task1/task1_best.pt
2025-08-14 15:52:45,430 - INFO - === Train task 2 in mode: pure-finetune ===
2025-08-14 15:53:52,408 - INFO - Epoch 0: task=2.4717e-04 kd%=0.00% si%=0.00% kl=0.000 val_mse=3.3165e-04
2025-08-14 15:55:01,765 - INFO - Epoch 1: task=1.8037e-04 kd%=0.00% si%=0.00% kl=0.000 val_mse=2.0369e-04
2025-08-14 15:56:08,111 - INFO - Epoch 2: task=1.5521e-04 kd%=0.00% si%=0.00% kl=0.000 val_mse=5.6759e-04
2025-08-14 15:57:15,926 - INFO - Epoch 3: task=1.4527e-04 kd%=0.00% si%=0.00% kl=0.000 val_mse=1.9699e-04
2025-08-14 15:58:21,884 - INFO - Epoch 4: task=1.3553e-04 kd%=0.00% si%=0.00% kl=0.000 val_mse=3.4434e-04
2025-08-14 15:59:29,712 - INFO - Epoch 5: task=1.2540e-04 kd%=0.00% si%=0.00% kl=0.000 val_mse=2.6611e-04
2025-08-14 16:00:38,754 - INFO - Epoch 6: task=1.2084e-04 kd%=0.00% si%=0.00% kl=0.000 val_mse=6.6713e-05
2025-08-14 16:01:48,059 - INFO - Epoch 7: task=1.4708e-04 kd%=0.00% si%=0.00% kl=0.000 val_mse=4.8444e-04
2025-08-14 16:02:58,912 - INFO - Epoch 8: task=1.1316e-04 kd%=0.00% si%=0.00% kl=0.000 val_mse=4.2224e-04
2025-08-14 16:04:15,840 - INFO - Epoch 9: task=1.1105e-04 kd%=0.00% si%=0.00% kl=0.000 val_mse=2.3318e-04
2025-08-14 16:05:46,734 - INFO - Epoch 10: task=1.0793e-04 kd%=0.00% si%=0.00% kl=0.000 val_mse=1.2283e-04
2025-08-14 16:07:16,123 - INFO - Epoch 11: task=1.0559e-04 kd%=0.00% si%=0.00% kl=0.000 val_mse=7.8828e-05
2025-08-14 16:08:25,000 - INFO - Epoch 12: task=1.0646e-04 kd%=0.00% si%=0.00% kl=0.000 val_mse=8.4545e-05
2025-08-14 16:09:35,290 - INFO - Epoch 13: task=1.0434e-04 kd%=0.00% si%=0.00% kl=0.000 val_mse=1.7926e-04
2025-08-14 16:10:47,306 - INFO - Epoch 14: task=9.7372e-05 kd%=0.00% si%=0.00% kl=0.000 val_mse=1.4080e-04
2025-08-14 16:11:58,928 - INFO - Epoch 15: task=9.8363e-05 kd%=0.00% si%=0.00% kl=0.000 val_mse=1.5144e-04
2025-08-14 16:13:11,467 - INFO - Epoch 16: task=9.5817e-05 kd%=0.00% si%=0.00% kl=0.000 val_mse=6.2009e-05
2025-08-14 16:14:39,296 - INFO - Epoch 17: task=1.0044e-04 kd%=0.00% si%=0.00% kl=0.000 val_mse=1.5006e-04
2025-08-14 16:16:13,673 - INFO - Epoch 18: task=9.9669e-05 kd%=0.00% si%=0.00% kl=0.000 val_mse=1.5321e-04
2025-08-14 16:17:42,110 - INFO - Epoch 19: task=9.0333e-05 kd%=0.00% si%=0.00% kl=0.000 val_mse=6.8899e-05
2025-08-14 16:19:16,756 - INFO - Epoch 20: task=9.7875e-05 kd%=0.00% si%=0.00% kl=0.000 val_mse=1.0499e-04
2025-08-14 16:20:52,788 - INFO - Epoch 21: task=9.3936e-05 kd%=0.00% si%=0.00% kl=0.000 val_mse=1.2066e-04
2025-08-14 16:22:31,731 - INFO - Epoch 22: task=9.2967e-05 kd%=0.00% si%=0.00% kl=0.000 val_mse=2.7129e-04
2025-08-14 16:24:08,335 - INFO - Epoch 23: task=9.5557e-05 kd%=0.00% si%=0.00% kl=0.000 val_mse=1.9521e-04
2025-08-14 16:25:45,137 - INFO - Epoch 24: task=8.4704e-05 kd%=0.00% si%=0.00% kl=0.000 val_mse=1.4563e-04
2025-08-14 16:27:19,205 - INFO - Epoch 25: task=9.2389e-05 kd%=0.00% si%=0.00% kl=0.000 val_mse=1.0275e-04
2025-08-14 16:28:57,824 - INFO - Epoch 26: task=9.0888e-05 kd%=0.00% si%=0.00% kl=0.000 val_mse=2.5458e-04
2025-08-14 16:30:37,493 - INFO - Epoch 27: task=9.0859e-05 kd%=0.00% si%=0.00% kl=0.000 val_mse=2.8356e-04
2025-08-14 16:32:22,429 - INFO - Epoch 28: task=8.6610e-05 kd%=0.00% si%=0.00% kl=0.000 val_mse=9.4429e-05
2025-08-14 16:34:04,291 - INFO - Epoch 29: task=8.8313e-05 kd%=0.00% si%=0.00% kl=0.000 val_mse=2.0096e-04
2025-08-14 16:35:44,793 - INFO - Epoch 30: task=8.4706e-05 kd%=0.00% si%=0.00% kl=0.000 val_mse=9.7009e-05
2025-08-14 16:37:23,418 - INFO - Epoch 31: task=8.6700e-05 kd%=0.00% si%=0.00% kl=0.000 val_mse=1.9848e-04
2025-08-14 16:39:07,331 - INFO - Epoch 32: task=9.9125e-05 kd%=0.00% si%=0.00% kl=0.000 val_mse=1.4270e-04
2025-08-14 16:40:47,353 - INFO - Epoch 33: task=8.2296e-05 kd%=0.00% si%=0.00% kl=0.000 val_mse=1.9434e-04
2025-08-14 16:42:01,823 - INFO - Epoch 34: task=8.6383e-05 kd%=0.00% si%=0.00% kl=0.000 val_mse=5.1492e-05
2025-08-14 16:43:12,329 - INFO - Epoch 35: task=8.4575e-05 kd%=0.00% si%=0.00% kl=0.000 val_mse=1.2222e-04
2025-08-14 16:44:32,788 - INFO - Epoch 36: task=8.4359e-05 kd%=0.00% si%=0.00% kl=0.000 val_mse=5.4419e-04
2025-08-14 16:45:53,946 - INFO - Epoch 37: task=8.6605e-05 kd%=0.00% si%=0.00% kl=0.000 val_mse=1.9561e-04
2025-08-14 16:47:15,624 - INFO - Epoch 38: task=8.2008e-05 kd%=0.00% si%=0.00% kl=0.000 val_mse=1.4425e-04
2025-08-14 16:48:38,665 - INFO - Epoch 39: task=8.2031e-05 kd%=0.00% si%=0.00% kl=0.000 val_mse=1.8266e-04
2025-08-14 16:50:01,911 - INFO - Epoch 40: task=8.1391e-05 kd%=0.00% si%=0.00% kl=0.000 val_mse=9.3726e-05
2025-08-14 16:51:24,752 - INFO - Epoch 41: task=7.9579e-05 kd%=0.00% si%=0.00% kl=0.000 val_mse=3.0892e-04
2025-08-14 16:52:47,729 - INFO - Epoch 42: task=8.3838e-05 kd%=0.00% si%=0.00% kl=0.000 val_mse=1.7977e-04
2025-08-14 16:54:14,088 - INFO - Epoch 43: task=7.6937e-05 kd%=0.00% si%=0.00% kl=0.000 val_mse=1.8298e-04
2025-08-14 16:55:37,938 - INFO - Epoch 44: task=7.7945e-05 kd%=0.00% si%=0.00% kl=0.000 val_mse=3.4824e-04
2025-08-14 16:57:01,650 - INFO - Epoch 45: task=7.7373e-05 kd%=0.00% si%=0.00% kl=0.000 val_mse=1.5333e-04
2025-08-14 16:58:26,021 - INFO - Epoch 46: task=8.2224e-05 kd%=0.00% si%=0.00% kl=0.000 val_mse=1.8506e-04
2025-08-14 16:59:51,298 - INFO - Epoch 47: task=7.8520e-05 kd%=0.00% si%=0.00% kl=0.000 val_mse=2.6511e-04
2025-08-14 17:01:17,149 - INFO - Epoch 48: task=8.0520e-05 kd%=0.00% si%=0.00% kl=0.000 val_mse=1.2745e-04
2025-08-14 17:02:43,866 - INFO - Epoch 49: task=7.6904e-05 kd%=0.00% si%=0.00% kl=0.000 val_mse=1.9526e-04
2025-08-14 17:04:35,269 - INFO - Epoch 50: task=7.8240e-05 kd%=0.00% si%=0.00% kl=0.000 val_mse=1.5552e-04
2025-08-14 17:06:34,026 - INFO - Epoch 51: task=8.0776e-05 kd%=0.00% si%=0.00% kl=0.000 val_mse=2.1885e-04
2025-08-14 17:08:34,732 - INFO - Epoch 52: task=7.8187e-05 kd%=0.00% si%=0.00% kl=0.000 val_mse=2.0736e-04
2025-08-14 17:10:36,217 - INFO - Epoch 53: task=7.5236e-05 kd%=0.00% si%=0.00% kl=0.000 val_mse=1.2621e-04
2025-08-14 17:12:16,570 - INFO - Epoch 54: task=7.5983e-05 kd%=0.00% si%=0.00% kl=0.000 val_mse=2.3846e-04
2025-08-14 17:12:16,599 - INFO - Early stopping at epoch 54
2025-08-14 17:12:17,734 - INFO - Task 2 picked ValBest weights for consolidation (val_mse=5.149165e-05).
2025-08-14 17:12:17,895 - INFO - Saved best checkpoint: /beegfs/home/users/z/zzhuqshun/Thesis/final/inc_ft/task2/task2_best.pt
2025-08-14 17:12:21,369 - INFO - ==== Incremental Training Complete ====
2025-08-14 17:12:21,384 - INFO - Evaluating final model...
2025-08-14 17:12:21,395 - INFO - ==== Starting Comprehensive Evaluation ====
2025-08-14 17:12:21,450 - INFO - Evaluating model trained after task 0...
2025-08-14 17:12:28,162 - INFO - Full test set evaluation: MAE=5.6224e-02, R2=0.1693
2025-08-14 17:12:35,638 - INFO -   Task 0 -> Test Task 0: MAE=2.7923e-02, R2=-29.2707
2025-08-14 17:12:37,477 - INFO -   Task 0 -> Test Task 1: MAE=3.5453e-02, R2=-2.1284
2025-08-14 17:12:37,850 - INFO -   Task 0 -> Test Task 2: MAE=7.2164e-01, R2=-980.0900
2025-08-14 17:12:37,861 - INFO - Evaluating model trained after task 1...
2025-08-14 17:12:44,558 - INFO - Full test set evaluation: MAE=2.9908e-02, R2=0.8237
2025-08-14 17:12:50,592 - INFO -   Task 1 -> Test Task 0: MAE=5.6515e-02, R2=-120.4789
2025-08-14 17:12:52,442 - INFO -   Task 1 -> Test Task 1: MAE=1.3186e-02, R2=0.5450
2025-08-14 17:12:52,816 - INFO -   Task 1 -> Test Task 2: MAE=3.6173e-02, R2=-0.9406
2025-08-14 17:12:52,826 - INFO - Evaluating model trained after task 2...
2025-08-14 17:12:59,471 - INFO - Full test set evaluation: MAE=3.0417e-02, R2=0.8226
2025-08-14 17:13:07,109 - INFO -   Task 2 -> Test Task 0: MAE=2.0541e-02, R2=-17.8062
2025-08-14 17:13:08,962 - INFO -   Task 2 -> Test Task 1: MAE=1.8604e-02, R2=-0.0855
2025-08-14 17:13:09,342 - INFO -   Task 2 -> Test Task 2: MAE=9.0512e-03, R2=0.8345
2025-08-14 17:13:09,366 - INFO - ==== Computing Continual Learning Metrics ====
2025-08-14 17:13:09,388 - INFO - Computing random initialization baselines...
2025-08-14 17:13:12,263 - INFO -   Baseline Task 0: R=-0.9732
2025-08-14 17:13:14,091 - INFO -   Baseline Task 1: R=-0.9253
2025-08-14 17:13:14,466 - INFO -   Baseline Task 2: R=-0.6923
2025-08-14 17:13:14,502 - INFO - ==== Continual Learning Results ====
2025-08-14 17:13:14,539 - INFO - BWT (Backward Transfer): 0.0010 (positive = backward gain)
2025-08-14 17:13:14,574 - INFO - FWT (Forward Transfer): 0.7729 (positive = beneficial transfer)
2025-08-14 17:13:14,598 - INFO - ACC (Average Accuracy): -0.0161
2025-08-14 17:13:14,625 - INFO - ==== Performance Matrix R[i][j] ====
2025-08-14 17:13:14,653 - INFO - Rows: trained after task i, Columns: evaluated on task j
2025-08-14 17:13:14,691 - INFO -        Task 0 Task 1 Task 2
2025-08-14 17:13:14,727 - INFO - Task 0: -0.0279 -0.0355 -0.7216
2025-08-14 17:13:14,765 - INFO - Task 1: -0.0565 -0.0132 -0.0362
2025-08-14 17:13:14,795 - INFO - Task 2: -0.0205 -0.0186 -0.0091
2025-08-14 17:13:15,511 - INFO - ==== Evaluation Complete ====
2025-08-14 17:13:15,531 - INFO - All results saved to: /beegfs/home/users/z/zzhuqshun/Thesis/final/inc_ft/metrics
