2025-07-09 14:12:41,256 - ==== Regular LSTM Training Phase ====
2025-07-09 14:14:09,173 - Base train IDs: ['03', '05', '07', '09', '11', '15', '21', '23', '25', '27', '29']
2025-07-09 14:14:09,174 - Base train size: 205644
2025-07-09 14:14:09,176 - Base val IDs: ['01', '19', '13']
2025-07-09 14:14:09,178 - Base val size: 58177
2025-07-09 14:14:09,179 - Update1 train IDs: []
2025-07-09 14:14:09,180 - Update1 train size: 0
2025-07-09 14:14:09,182 - Update1 val IDs: []
2025-07-09 14:14:09,184 - Update1 val size: 0
2025-07-09 14:14:09,186 - Update2 train IDs: []
2025-07-09 14:14:09,188 - Update2 train size: 0
2025-07-09 14:14:09,190 - Update2 val IDs: []
2025-07-09 14:14:09,192 - Update2 val size: 0
2025-07-09 14:14:16,913 - Test cell ID: 17
2025-07-09 14:14:16,914 - Test size: 22872
2025-07-09 14:14:16,915 - Test base size: 11139
2025-07-09 14:14:16,916 - Test update1 size: 6312
2025-07-09 14:14:16,918 - Test update2 size: 5421
2025-07-09 14:14:16,963 - [Scaler after fit] center_=[ 3.342422    0.17992967 27.75      ]
2025-07-09 14:14:16,989 - [Scaler after fit] scale_ =[0.18428363 1.77955483 1.81783333]
2025-07-09 14:14:16,990 - Resampling and scaling complete with RobustScaler
2025-07-09 14:15:17,959 - Epoch 001 | task 1.1241e-01 | kd 0.0000e+00 | ewc 0.0000e+00 | val 4.8762e-02
2025-07-09 14:15:28,232 - Epoch 002 | task 5.3498e-03 | kd 0.0000e+00 | ewc 0.0000e+00 | val 4.3293e-02
2025-07-09 14:15:38,456 - Epoch 003 | task 5.2865e-03 | kd 0.0000e+00 | ewc 0.0000e+00 | val 3.8259e-02
2025-07-09 14:15:48,549 - Epoch 004 | task 5.1825e-03 | kd 0.0000e+00 | ewc 0.0000e+00 | val 3.3397e-02
2025-07-09 14:15:58,660 - Epoch 005 | task 4.9207e-03 | kd 0.0000e+00 | ewc 0.0000e+00 | val 3.2387e-02
2025-07-09 14:16:08,722 - Epoch 006 | task 4.8305e-03 | kd 0.0000e+00 | ewc 0.0000e+00 | val 2.8198e-02
2025-07-09 14:16:18,914 - Epoch 007 | task 4.6790e-03 | kd 0.0000e+00 | ewc 0.0000e+00 | val 2.5252e-02
2025-07-09 14:16:29,044 - Epoch 008 | task 4.5540e-03 | kd 0.0000e+00 | ewc 0.0000e+00 | val 2.3491e-02
2025-07-09 14:16:39,117 - Epoch 009 | task 4.4602e-03 | kd 0.0000e+00 | ewc 0.0000e+00 | val 2.1898e-02
2025-07-09 14:16:49,429 - Epoch 010 | task 4.3683e-03 | kd 0.0000e+00 | ewc 0.0000e+00 | val 2.0459e-02
2025-07-09 14:16:59,697 - Epoch 011 | task 4.2790e-03 | kd 0.0000e+00 | ewc 0.0000e+00 | val 1.9376e-02
2025-07-09 14:17:10,033 - Epoch 012 | task 4.1941e-03 | kd 0.0000e+00 | ewc 0.0000e+00 | val 1.8100e-02
2025-07-09 14:17:20,338 - Epoch 013 | task 4.1119e-03 | kd 0.0000e+00 | ewc 0.0000e+00 | val 1.7200e-02
2025-07-09 14:17:30,507 - Epoch 014 | task 4.0347e-03 | kd 0.0000e+00 | ewc 0.0000e+00 | val 1.6430e-02
2025-07-09 14:17:40,617 - Epoch 015 | task 3.9583e-03 | kd 0.0000e+00 | ewc 0.0000e+00 | val 1.5737e-02
2025-07-09 14:17:51,291 - Epoch 016 | task 3.8906e-03 | kd 0.0000e+00 | ewc 0.0000e+00 | val 1.5130e-02
2025-07-09 14:18:01,367 - Epoch 017 | task 3.8220e-03 | kd 0.0000e+00 | ewc 0.0000e+00 | val 1.4601e-02
2025-07-09 14:18:11,600 - Epoch 018 | task 3.7490e-03 | kd 0.0000e+00 | ewc 0.0000e+00 | val 1.4133e-02
2025-07-09 14:18:21,803 - Epoch 019 | task 3.6666e-03 | kd 0.0000e+00 | ewc 0.0000e+00 | val 1.3848e-02
2025-07-09 14:18:33,325 - Epoch 020 | task 3.5729e-03 | kd 0.0000e+00 | ewc 0.0000e+00 | val 1.3928e-02
2025-07-09 14:18:43,472 - Epoch 021 | task 3.4708e-03 | kd 0.0000e+00 | ewc 0.0000e+00 | val 1.4274e-02
2025-07-09 14:18:53,802 - Epoch 022 | task 3.4030e-03 | kd 0.0000e+00 | ewc 0.0000e+00 | val 1.4481e-02
2025-07-09 14:19:04,284 - Epoch 023 | task 3.3893e-03 | kd 0.0000e+00 | ewc 0.0000e+00 | val 1.3934e-02
2025-07-09 14:19:14,724 - Epoch 024 | task 3.3070e-03 | kd 0.0000e+00 | ewc 0.0000e+00 | val 1.2676e-02
2025-07-09 14:19:25,187 - Epoch 025 | task 3.1718e-03 | kd 0.0000e+00 | ewc 0.0000e+00 | val 1.2346e-02
2025-07-09 14:19:35,224 - Epoch 026 | task 3.0943e-03 | kd 0.0000e+00 | ewc 0.0000e+00 | val 1.3379e-02
2025-07-09 14:19:45,636 - Epoch 027 | task 3.0933e-03 | kd 0.0000e+00 | ewc 0.0000e+00 | val 1.1724e-02
2025-07-09 14:19:55,853 - Epoch 028 | task 3.0783e-03 | kd 0.0000e+00 | ewc 0.0000e+00 | val 1.1206e-02
2025-07-09 14:20:05,857 - Epoch 029 | task 3.1022e-03 | kd 0.0000e+00 | ewc 0.0000e+00 | val 1.1275e-02
2025-07-09 14:20:15,897 - Epoch 030 | task 2.8663e-03 | kd 0.0000e+00 | ewc 0.0000e+00 | val 1.0609e-02
2025-07-09 14:20:26,124 - Epoch 031 | task 2.8680e-03 | kd 0.0000e+00 | ewc 0.0000e+00 | val 1.0790e-02
2025-07-09 14:20:36,318 - Epoch 032 | task 2.7336e-03 | kd 0.0000e+00 | ewc 0.0000e+00 | val 9.2215e-03
2025-07-09 14:20:46,593 - Epoch 033 | task 2.6835e-03 | kd 0.0000e+00 | ewc 0.0000e+00 | val 9.6899e-03
2025-07-09 14:20:56,833 - Epoch 034 | task 2.7169e-03 | kd 0.0000e+00 | ewc 0.0000e+00 | val 9.1997e-03
2025-07-09 14:21:07,009 - Epoch 035 | task 2.5366e-03 | kd 0.0000e+00 | ewc 0.0000e+00 | val 8.6530e-03
2025-07-09 14:21:17,121 - Epoch 036 | task 2.6885e-03 | kd 0.0000e+00 | ewc 0.0000e+00 | val 8.7317e-03
2025-07-09 14:21:27,448 - Epoch 037 | task 2.6048e-03 | kd 0.0000e+00 | ewc 0.0000e+00 | val 8.3719e-03
2025-07-09 14:21:38,061 - Epoch 038 | task 2.5386e-03 | kd 0.0000e+00 | ewc 0.0000e+00 | val 7.5862e-03
2025-07-09 14:21:48,289 - Epoch 039 | task 2.2745e-03 | kd 0.0000e+00 | ewc 0.0000e+00 | val 6.9561e-03
2025-07-09 14:21:58,429 - Epoch 040 | task 2.2169e-03 | kd 0.0000e+00 | ewc 0.0000e+00 | val 5.5257e-03
2025-07-09 14:22:08,600 - Epoch 041 | task 1.9278e-03 | kd 0.0000e+00 | ewc 0.0000e+00 | val 5.3790e-03
2025-07-09 14:22:18,706 - Epoch 042 | task 1.7311e-03 | kd 0.0000e+00 | ewc 0.0000e+00 | val 4.1696e-03
2025-07-09 14:22:28,737 - Epoch 043 | task 1.6420e-03 | kd 0.0000e+00 | ewc 0.0000e+00 | val 3.7298e-03
2025-07-09 14:22:38,517 - Epoch 044 | task 1.5221e-03 | kd 0.0000e+00 | ewc 0.0000e+00 | val 3.4063e-03
2025-07-09 14:22:48,252 - Epoch 045 | task 1.5012e-03 | kd 0.0000e+00 | ewc 0.0000e+00 | val 3.9699e-03
2025-07-09 14:22:57,511 - Epoch 046 | task 1.4723e-03 | kd 0.0000e+00 | ewc 0.0000e+00 | val 4.0288e-03
2025-07-09 14:23:05,989 - Epoch 047 | task 1.5639e-03 | kd 0.0000e+00 | ewc 0.0000e+00 | val 3.2767e-03
2025-07-09 14:23:15,319 - Epoch 048 | task 1.4451e-03 | kd 0.0000e+00 | ewc 0.0000e+00 | val 3.2890e-03
2025-07-09 14:23:22,399 - Epoch 049 | task 1.4312e-03 | kd 0.0000e+00 | ewc 0.0000e+00 | val 3.6136e-03
2025-07-09 14:23:28,484 - Epoch 050 | task 1.4019e-03 | kd 0.0000e+00 | ewc 0.0000e+00 | val 3.3647e-03
2025-07-09 14:23:35,048 - Epoch 051 | task 1.3971e-03 | kd 0.0000e+00 | ewc 0.0000e+00 | val 3.2869e-03
2025-07-09 14:23:44,395 - Epoch 052 | task 1.3811e-03 | kd 0.0000e+00 | ewc 0.0000e+00 | val 3.2925e-03
2025-07-09 14:23:52,768 - Epoch 053 | task 1.3757e-03 | kd 0.0000e+00 | ewc 0.0000e+00 | val 3.1219e-03
2025-07-09 14:24:01,813 - Epoch 054 | task 1.3072e-03 | kd 0.0000e+00 | ewc 0.0000e+00 | val 3.1135e-03
2025-07-09 14:24:10,702 - Epoch 055 | task 1.2938e-03 | kd 0.0000e+00 | ewc 0.0000e+00 | val 3.0759e-03
2025-07-09 14:24:19,424 - Epoch 056 | task 1.2773e-03 | kd 0.0000e+00 | ewc 0.0000e+00 | val 3.0807e-03
2025-07-09 14:24:28,701 - Epoch 057 | task 1.2233e-03 | kd 0.0000e+00 | ewc 0.0000e+00 | val 2.4032e-03
2025-07-09 14:24:38,166 - Epoch 058 | task 1.2120e-03 | kd 0.0000e+00 | ewc 0.0000e+00 | val 2.2148e-03
2025-07-09 14:24:47,878 - Epoch 059 | task 1.2744e-03 | kd 0.0000e+00 | ewc 0.0000e+00 | val 2.8816e-03
2025-07-09 14:24:58,655 - Epoch 060 | task 1.2565e-03 | kd 0.0000e+00 | ewc 0.0000e+00 | val 1.6867e-03
2025-07-09 14:25:08,208 - Epoch 061 | task 1.3040e-03 | kd 0.0000e+00 | ewc 0.0000e+00 | val 1.3485e-03
2025-07-09 14:25:17,833 - Epoch 062 | task 1.3024e-03 | kd 0.0000e+00 | ewc 0.0000e+00 | val 1.6198e-03
2025-07-09 14:25:27,769 - Epoch 063 | task 1.1959e-03 | kd 0.0000e+00 | ewc 0.0000e+00 | val 1.5205e-03
2025-07-09 14:25:38,119 - Epoch 064 | task 1.1765e-03 | kd 0.0000e+00 | ewc 0.0000e+00 | val 1.7112e-03
2025-07-09 14:25:48,153 - Epoch 065 | task 1.1928e-03 | kd 0.0000e+00 | ewc 0.0000e+00 | val 2.2048e-03
2025-07-09 14:25:57,840 - Epoch 066 | task 1.2514e-03 | kd 0.0000e+00 | ewc 0.0000e+00 | val 2.2094e-03
2025-07-09 14:26:07,644 - Epoch 067 | task 1.2425e-03 | kd 0.0000e+00 | ewc 0.0000e+00 | val 1.6917e-03
2025-07-09 14:26:17,139 - Epoch 068 | task 1.2824e-03 | kd 0.0000e+00 | ewc 0.0000e+00 | val 1.0639e-03
2025-07-09 14:26:26,466 - Epoch 069 | task 1.2445e-03 | kd 0.0000e+00 | ewc 0.0000e+00 | val 1.0722e-03
2025-07-09 14:26:36,138 - Epoch 070 | task 1.2602e-03 | kd 0.0000e+00 | ewc 0.0000e+00 | val 1.0906e-03
2025-07-09 14:26:51,450 - Epoch 071 | task 1.2479e-03 | kd 0.0000e+00 | ewc 0.0000e+00 | val 1.0497e-03
2025-07-09 14:27:06,772 - Epoch 072 | task 1.2722e-03 | kd 0.0000e+00 | ewc 0.0000e+00 | val 1.0958e-03
2025-07-09 14:27:19,446 - Epoch 073 | task 1.2213e-03 | kd 0.0000e+00 | ewc 0.0000e+00 | val 1.1401e-03
2025-07-09 14:27:34,403 - Epoch 074 | task 1.1899e-03 | kd 0.0000e+00 | ewc 0.0000e+00 | val 9.3734e-04
2025-07-09 14:27:49,375 - Epoch 075 | task 1.1501e-03 | kd 0.0000e+00 | ewc 0.0000e+00 | val 9.5112e-04
2025-07-09 14:28:04,474 - Epoch 076 | task 1.1397e-03 | kd 0.0000e+00 | ewc 0.0000e+00 | val 9.5948e-04
2025-07-09 14:28:19,964 - Epoch 077 | task 1.2058e-03 | kd 0.0000e+00 | ewc 0.0000e+00 | val 1.1659e-03
2025-07-09 14:28:34,974 - Epoch 078 | task 1.0599e-03 | kd 0.0000e+00 | ewc 0.0000e+00 | val 1.0324e-03
2025-07-09 14:28:50,247 - Epoch 079 | task 1.0826e-03 | kd 0.0000e+00 | ewc 0.0000e+00 | val 9.4547e-04
2025-07-09 14:29:05,834 - Epoch 080 | task 1.0686e-03 | kd 0.0000e+00 | ewc 0.0000e+00 | val 9.4397e-04
2025-07-09 14:29:21,236 - Epoch 081 | task 1.1146e-03 | kd 0.0000e+00 | ewc 0.0000e+00 | val 1.0762e-03
2025-07-09 14:29:36,568 - Epoch 082 | task 1.0672e-03 | kd 0.0000e+00 | ewc 0.0000e+00 | val 1.0575e-03
2025-07-09 14:29:50,013 - Epoch 083 | task 1.0475e-03 | kd 0.0000e+00 | ewc 0.0000e+00 | val 1.0066e-03
2025-07-09 14:30:03,839 - Epoch 084 | task 1.0408e-03 | kd 0.0000e+00 | ewc 0.0000e+00 | val 1.0136e-03
2025-07-09 14:30:19,060 - Epoch 085 | task 1.0217e-03 | kd 0.0000e+00 | ewc 0.0000e+00 | val 1.0261e-03
2025-07-09 14:30:31,738 - Epoch 086 | task 1.0080e-03 | kd 0.0000e+00 | ewc 0.0000e+00 | val 1.0040e-03
2025-07-09 14:30:41,635 - Epoch 087 | task 1.0053e-03 | kd 0.0000e+00 | ewc 0.0000e+00 | val 1.0302e-03
2025-07-09 14:30:50,906 - Epoch 088 | task 9.9238e-04 | kd 0.0000e+00 | ewc 0.0000e+00 | val 1.0383e-03
2025-07-09 14:31:00,813 - Epoch 089 | task 9.8759e-04 | kd 0.0000e+00 | ewc 0.0000e+00 | val 1.0340e-03
2025-07-09 14:31:10,540 - Epoch 090 | task 9.7898e-04 | kd 0.0000e+00 | ewc 0.0000e+00 | val 1.0242e-03
2025-07-09 14:31:16,604 - Epoch 091 | task 9.6997e-04 | kd 0.0000e+00 | ewc 0.0000e+00 | val 1.0145e-03
2025-07-09 14:31:25,485 - Epoch 092 | task 9.5997e-04 | kd 0.0000e+00 | ewc 0.0000e+00 | val 1.0072e-03
2025-07-09 14:31:34,281 - Epoch 093 | task 9.5546e-04 | kd 0.0000e+00 | ewc 0.0000e+00 | val 9.9487e-04
2025-07-09 14:31:43,672 - Epoch 094 | task 9.5054e-04 | kd 0.0000e+00 | ewc 0.0000e+00 | val 1.0038e-03
2025-07-09 14:31:43,684 - Early stopping @ epoch 94
2025-07-09 14:31:48,484 - [Joint training best model predictions] RMSE: 7.4893e-02, MAE: 5.8756e-02, R2: 0.2319
