2025-05-16 09:22:59,246 - ==== Regular LSTM Training Phase ====
2025-05-16 09:26:15,423 - Base train IDs: ['03', '05', '07', '09', '11', '15', '21', '23', '25', '27', '29']
2025-05-16 09:26:15,425 - Base train size: 205644
2025-05-16 09:26:15,427 - Base val IDs: ['01', '19', '13']
2025-05-16 09:26:15,428 - Base val size: 58177
2025-05-16 09:26:15,429 - Update1 train IDs: []
2025-05-16 09:26:15,431 - Update1 train size: 0
2025-05-16 09:26:15,432 - Update1 val IDs: []
2025-05-16 09:26:15,433 - Update1 val size: 0
2025-05-16 09:26:15,435 - Update2 train IDs: []
2025-05-16 09:26:15,436 - Update2 train size: 0
2025-05-16 09:26:15,438 - Update2 val IDs: []
2025-05-16 09:26:15,439 - Update2 val size: 0
2025-05-16 09:26:30,702 - Test cell ID: 17
2025-05-16 09:26:30,703 - Test size: 22872
2025-05-16 09:26:30,705 - Test base size: 11139
2025-05-16 09:26:30,706 - Test update1 size: 6312
2025-05-16 09:26:30,708 - Test update2 size: 5421
2025-05-16 09:27:00,988 - Epoch 1/200
2025-05-16 09:30:07,409 - Epoch 1, Train Loss: 2.2723e-02, Val Loss: 2.2427e-03, LR: 1.0000e-04, Time: 186.42s
2025-05-16 09:30:07,491 - Epoch 2/200
2025-05-16 09:33:00,790 - Epoch 2, Train Loss: 6.2867e-03, Val Loss: 1.1379e-03, LR: 1.0000e-04, Time: 173.30s
2025-05-16 09:33:00,857 - Epoch 3/200
2025-05-16 09:35:53,818 - Epoch 3, Train Loss: 3.6614e-03, Val Loss: 1.2391e-03, LR: 1.0000e-04, Time: 172.96s
2025-05-16 09:35:53,865 - Epoch 4/200
2025-05-16 09:38:46,941 - Epoch 4, Train Loss: 2.0000e-03, Val Loss: 1.2032e-03, LR: 1.0000e-04, Time: 173.08s
2025-05-16 09:38:46,992 - Epoch 5/200
2025-05-16 09:41:40,845 - Epoch 5, Train Loss: 1.1192e-03, Val Loss: 5.6654e-04, LR: 1.0000e-04, Time: 173.85s
2025-05-16 09:41:40,913 - Epoch 6/200
2025-05-16 09:44:57,814 - Epoch 6, Train Loss: 5.9559e-04, Val Loss: 8.9163e-04, LR: 1.0000e-04, Time: 196.90s
2025-05-16 09:44:57,936 - Epoch 7/200
2025-05-16 09:47:52,536 - Epoch 7, Train Loss: 4.0951e-04, Val Loss: 5.7827e-04, LR: 1.0000e-04, Time: 174.60s
2025-05-16 09:47:52,589 - Epoch 8/200
2025-05-16 09:50:49,816 - Epoch 8, Train Loss: 3.1060e-04, Val Loss: 3.5550e-04, LR: 1.0000e-04, Time: 177.23s
2025-05-16 09:50:49,883 - Epoch 9/200
2025-05-16 09:53:53,457 - Epoch 9, Train Loss: 2.3761e-04, Val Loss: 4.8509e-04, LR: 1.0000e-04, Time: 183.57s
2025-05-16 09:53:53,520 - Epoch 10/200
2025-05-16 09:56:48,793 - Epoch 10, Train Loss: 2.0217e-04, Val Loss: 3.0042e-04, LR: 1.0000e-04, Time: 175.27s
2025-05-16 09:56:48,977 - Epoch 11/200
2025-05-16 09:59:43,402 - Epoch 11, Train Loss: 1.8876e-04, Val Loss: 3.5375e-04, LR: 1.0000e-04, Time: 174.43s
2025-05-16 09:59:43,462 - Epoch 12/200
2025-05-16 10:02:37,822 - Epoch 12, Train Loss: 1.6527e-04, Val Loss: 2.6464e-04, LR: 1.0000e-04, Time: 174.36s
2025-05-16 10:02:37,886 - Epoch 13/200
2025-05-16 10:05:32,326 - Epoch 13, Train Loss: 1.4900e-04, Val Loss: 2.8292e-04, LR: 1.0000e-04, Time: 174.44s
2025-05-16 10:05:32,376 - Epoch 14/200
2025-05-16 10:08:34,860 - Epoch 14, Train Loss: 2.1938e-04, Val Loss: 3.0634e-04, LR: 1.0000e-04, Time: 182.48s
2025-05-16 10:08:34,911 - Epoch 15/200
2025-05-16 10:11:28,738 - Epoch 15, Train Loss: 1.3704e-04, Val Loss: 3.6347e-04, LR: 1.0000e-04, Time: 173.83s
2025-05-16 10:11:28,787 - Epoch 16/200
2025-05-16 10:14:22,744 - Epoch 16, Train Loss: 1.3580e-04, Val Loss: 3.0101e-04, LR: 1.0000e-04, Time: 173.96s
2025-05-16 10:14:22,794 - Epoch 17/200
2025-05-16 10:17:17,318 - Epoch 17, Train Loss: 1.3260e-04, Val Loss: 3.0864e-04, LR: 1.0000e-04, Time: 174.52s
2025-05-16 10:17:17,370 - Epoch 18/200
2025-05-16 10:20:21,612 - Epoch 18, Train Loss: 1.2779e-04, Val Loss: 2.7150e-04, LR: 5.0000e-05, Time: 184.24s
2025-05-16 10:20:21,665 - Epoch 19/200
2025-05-16 10:23:24,958 - Epoch 19, Train Loss: 1.0744e-04, Val Loss: 3.5201e-04, LR: 5.0000e-05, Time: 183.29s
2025-05-16 10:23:25,008 - Epoch 20/200
2025-05-16 10:26:20,089 - Epoch 20, Train Loss: 1.0336e-04, Val Loss: 3.4272e-04, LR: 5.0000e-05, Time: 175.08s
2025-05-16 10:26:20,141 - Epoch 21/200
2025-05-16 10:29:16,060 - Epoch 21, Train Loss: 1.0237e-04, Val Loss: 3.9322e-04, LR: 5.0000e-05, Time: 175.92s
2025-05-16 10:29:16,109 - Epoch 22/200
2025-05-16 10:32:12,070 - Epoch 22, Train Loss: 1.0328e-04, Val Loss: 3.8363e-04, LR: 5.0000e-05, Time: 175.96s
2025-05-16 10:32:12,123 - Epoch 23/200
2025-05-16 10:35:07,351 - Epoch 23, Train Loss: 9.9646e-05, Val Loss: 4.8348e-04, LR: 5.0000e-05, Time: 175.23s
2025-05-16 10:35:07,402 - Epoch 24/200
2025-05-16 10:38:02,208 - Epoch 24, Train Loss: 9.8422e-05, Val Loss: 4.9786e-04, LR: 2.5000e-05, Time: 174.81s
2025-05-16 10:38:02,296 - Epoch 25/200
2025-05-16 10:40:56,821 - Epoch 25, Train Loss: 9.1085e-05, Val Loss: 4.0165e-04, LR: 2.5000e-05, Time: 174.52s
2025-05-16 10:40:56,869 - Epoch 26/200
2025-05-16 10:43:51,324 - Epoch 26, Train Loss: 9.0751e-05, Val Loss: 4.5738e-04, LR: 2.5000e-05, Time: 174.45s
2025-05-16 10:43:51,374 - Epoch 27/200
2025-05-16 10:46:46,958 - Epoch 27, Train Loss: 8.9891e-05, Val Loss: 4.5964e-04, LR: 2.5000e-05, Time: 175.58s
2025-05-16 10:46:47,008 - Epoch 28/200
2025-05-16 10:49:44,573 - Epoch 28, Train Loss: 9.0781e-05, Val Loss: 4.7109e-04, LR: 2.5000e-05, Time: 177.56s
2025-05-16 10:49:44,624 - Epoch 29/200
2025-05-16 10:52:47,602 - Epoch 29, Train Loss: 8.7675e-05, Val Loss: 5.2180e-04, LR: 2.5000e-05, Time: 182.98s
2025-05-16 10:52:47,653 - Epoch 30/200
2025-05-16 10:55:42,904 - Epoch 30, Train Loss: 8.7188e-05, Val Loss: 4.4292e-04, LR: 1.2500e-05, Time: 175.25s
2025-05-16 10:55:42,953 - Epoch 31/200
2025-05-16 10:58:37,933 - Epoch 31, Train Loss: 8.4346e-05, Val Loss: 5.1190e-04, LR: 1.2500e-05, Time: 174.98s
2025-05-16 10:58:37,982 - Epoch 32/200
2025-05-16 11:01:33,076 - Epoch 32, Train Loss: 8.3343e-05, Val Loss: 4.7098e-04, LR: 1.2500e-05, Time: 175.09s
2025-05-16 11:01:33,126 - Early stopping at epoch 32
2025-05-16 11:01:50,393 - [Regular BEST] RMSE: 0.0072, MAE: 0.0057, R2: 0.9926
2025-05-16 11:02:04,203 - [Regular LAST] RMSE: 0.0072, MAE: 0.0051, R2: 0.9927
2025-05-16 11:02:04,206 - ==== Incremental EWC Training Phase ====
2025-05-16 11:05:33,381 - Base train IDs: ['01', '03', '05', '07', '27']
2025-05-16 11:05:33,399 - Base train size: 120691
2025-05-16 11:05:33,401 - Base val IDs: ['23']
2025-05-16 11:05:33,402 - Base val size: 24176
2025-05-16 11:05:33,403 - Update1 train IDs: ['19', '21', '23', '25']
2025-05-16 11:05:33,405 - Update1 train size: 88794
2025-05-16 11:05:33,406 - Update1 val IDs: ['11']
2025-05-16 11:05:33,407 - Update1 val size: 16302
2025-05-16 11:05:33,409 - Update2 train IDs: ['09', '11', '15', '29']
2025-05-16 11:05:33,410 - Update2 train size: 47891
2025-05-16 11:05:33,412 - Update2 val IDs: ['13']
2025-05-16 11:05:33,414 - Update2 val size: 6445
2025-05-16 11:05:48,934 - Test cell ID: 17
2025-05-16 11:05:48,936 - Test size: 22872
2025-05-16 11:05:48,937 - Test base size: 11139
2025-05-16 11:05:48,940 - Test update1 size: 6312
2025-05-16 11:05:48,941 - Test update2 size: 5421
2025-05-16 11:05:49,201 - [task0] Training...
2025-05-16 11:05:49,225 - Epoch 1/200
2025-05-16 11:07:36,592 - Epoch 1, Train Loss: 2.1531e-02, Val Loss: 1.6960e-03, LR: 1.0000e-04, Time: 107.37s
2025-05-16 11:07:36,681 - Epoch 2/200
2025-05-16 11:09:15,690 - Epoch 2, Train Loss: 5.2327e-03, Val Loss: 1.6603e-03, LR: 1.0000e-04, Time: 99.01s
2025-05-16 11:09:15,755 - Epoch 3/200
2025-05-16 11:10:54,876 - Epoch 3, Train Loss: 3.6882e-03, Val Loss: 1.7112e-03, LR: 1.0000e-04, Time: 99.12s
2025-05-16 11:10:54,924 - Epoch 4/200
2025-05-16 11:12:34,213 - Epoch 4, Train Loss: 2.6694e-03, Val Loss: 1.6004e-03, LR: 1.0000e-04, Time: 99.29s
2025-05-16 11:12:34,280 - Epoch 5/200
2025-05-16 11:14:13,638 - Epoch 5, Train Loss: 1.8809e-03, Val Loss: 1.8884e-03, LR: 1.0000e-04, Time: 99.36s
2025-05-16 11:14:13,690 - Epoch 6/200
2025-05-16 11:15:53,659 - Epoch 6, Train Loss: 1.2993e-03, Val Loss: 1.5920e-03, LR: 1.0000e-04, Time: 99.97s
2025-05-16 11:15:53,728 - Epoch 7/200
2025-05-16 11:17:35,498 - Epoch 7, Train Loss: 8.9984e-04, Val Loss: 1.4820e-03, LR: 1.0000e-04, Time: 101.77s
2025-05-16 11:17:35,566 - Epoch 8/200
2025-05-16 11:19:16,245 - Epoch 8, Train Loss: 6.5532e-04, Val Loss: 1.5524e-03, LR: 1.0000e-04, Time: 100.68s
2025-05-16 11:19:16,290 - Epoch 9/200
2025-05-16 11:21:02,322 - Epoch 9, Train Loss: 5.3300e-04, Val Loss: 1.5557e-03, LR: 1.0000e-04, Time: 106.03s
2025-05-16 11:21:02,372 - Epoch 10/200
2025-05-16 11:22:51,727 - Epoch 10, Train Loss: 4.8449e-04, Val Loss: 1.7532e-03, LR: 1.0000e-04, Time: 109.35s
2025-05-16 11:22:51,779 - Epoch 11/200
2025-05-16 11:24:30,527 - Epoch 11, Train Loss: 4.6688e-04, Val Loss: 1.7649e-03, LR: 1.0000e-04, Time: 98.75s
2025-05-16 11:24:30,580 - Epoch 12/200
2025-05-16 11:26:09,337 - Epoch 12, Train Loss: 4.5380e-04, Val Loss: 1.9301e-03, LR: 1.0000e-04, Time: 98.76s
2025-05-16 11:26:09,385 - Epoch 13/200
2025-05-16 11:27:49,000 - Epoch 13, Train Loss: 3.3768e-04, Val Loss: 4.2366e-03, LR: 5.0000e-05, Time: 99.61s
2025-05-16 11:27:49,050 - Epoch 14/200
2025-05-16 11:29:28,350 - Epoch 14, Train Loss: 2.6592e-04, Val Loss: 4.6637e-03, LR: 5.0000e-05, Time: 99.30s
2025-05-16 11:29:28,403 - Epoch 15/200
2025-05-16 11:31:15,999 - Epoch 15, Train Loss: 2.5413e-04, Val Loss: 4.5414e-03, LR: 5.0000e-05, Time: 107.60s
2025-05-16 11:31:16,049 - Epoch 16/200
2025-05-16 11:32:56,733 - Epoch 16, Train Loss: 2.2973e-04, Val Loss: 4.6774e-03, LR: 5.0000e-05, Time: 100.68s
2025-05-16 11:32:56,782 - Epoch 17/200
2025-05-16 11:34:44,069 - Epoch 17, Train Loss: 2.0252e-04, Val Loss: 4.4560e-03, LR: 5.0000e-05, Time: 107.29s
2025-05-16 11:34:44,215 - Epoch 18/200
2025-05-16 11:36:32,499 - Epoch 18, Train Loss: 2.0192e-04, Val Loss: 4.1649e-03, LR: 5.0000e-05, Time: 108.28s
2025-05-16 11:36:32,549 - Epoch 19/200
2025-05-16 11:38:11,252 - Epoch 19, Train Loss: 2.0306e-04, Val Loss: 4.3507e-03, LR: 2.5000e-05, Time: 98.70s
2025-05-16 11:38:11,300 - Epoch 20/200
2025-05-16 11:39:51,141 - Epoch 20, Train Loss: 1.5650e-04, Val Loss: 4.7418e-03, LR: 2.5000e-05, Time: 99.84s
2025-05-16 11:39:51,191 - Epoch 21/200
2025-05-16 11:41:30,552 - Epoch 21, Train Loss: 1.4564e-04, Val Loss: 4.8219e-03, LR: 2.5000e-05, Time: 99.36s
2025-05-16 11:41:30,604 - Epoch 22/200
2025-05-16 11:43:09,179 - Epoch 22, Train Loss: 1.3344e-04, Val Loss: 4.8197e-03, LR: 2.5000e-05, Time: 98.58s
2025-05-16 11:43:09,230 - Epoch 23/200
2025-05-16 11:44:49,704 - Epoch 23, Train Loss: 1.1560e-04, Val Loss: 5.4435e-03, LR: 2.5000e-05, Time: 100.47s
2025-05-16 11:44:49,755 - Epoch 24/200
2025-05-16 11:46:30,713 - Epoch 24, Train Loss: 9.5689e-05, Val Loss: 5.8709e-03, LR: 2.5000e-05, Time: 100.96s
2025-05-16 11:46:30,766 - Epoch 25/200
2025-05-16 11:48:10,417 - Epoch 25, Train Loss: 9.1223e-05, Val Loss: 6.0092e-03, LR: 1.2500e-05, Time: 99.65s
2025-05-16 11:48:10,465 - Epoch 26/200
2025-05-16 11:49:50,073 - Epoch 26, Train Loss: 8.4365e-05, Val Loss: 6.4559e-03, LR: 1.2500e-05, Time: 99.61s
2025-05-16 11:49:50,124 - Epoch 27/200
2025-05-16 11:51:29,092 - Epoch 27, Train Loss: 8.2967e-05, Val Loss: 6.2648e-03, LR: 1.2500e-05, Time: 98.97s
2025-05-16 11:51:29,142 - Early stopping at epoch 27
2025-05-16 11:51:29,168 - [task0] Training completed.
2025-05-16 11:51:29,171 - [task0] Consolidating...
2025-05-16 11:52:53,411 - [task0] Consolidation completed.
2025-05-16 11:53:07,306 - [task0 BEST] RMSE: 0.0922, MAE: 0.0735, R2: -0.2001
2025-05-16 11:53:21,347 - [task0 LAST] RMSE: 0.1042, MAE: 0.0799, R2: -0.5325
2025-05-16 11:53:21,348 - [task0] Finished.
2025-05-16 11:53:21,484 - [task1] Training...
2025-05-16 11:53:21,493 - Epoch 1/200
2025-05-16 11:54:36,306 - Epoch 1, Train Loss: 6.3896e-04, Val Loss: 4.7451e-03, LR: 1.0000e-04, Time: 74.81s
2025-05-16 11:54:36,392 - Epoch 2/200
2025-05-16 11:55:51,023 - Epoch 2, Train Loss: 3.8070e-04, Val Loss: 4.3838e-03, LR: 1.0000e-04, Time: 74.63s
2025-05-16 11:55:51,114 - Epoch 3/200
2025-05-16 11:57:05,714 - Epoch 3, Train Loss: 3.3803e-04, Val Loss: 3.5509e-03, LR: 1.0000e-04, Time: 74.60s
2025-05-16 11:57:05,805 - Epoch 4/200
2025-05-16 11:58:20,321 - Epoch 4, Train Loss: 3.0858e-04, Val Loss: 3.3457e-03, LR: 1.0000e-04, Time: 74.52s
2025-05-16 11:58:20,413 - Epoch 5/200
2025-05-16 11:59:34,950 - Epoch 5, Train Loss: 2.8668e-04, Val Loss: 3.1593e-03, LR: 1.0000e-04, Time: 74.54s
2025-05-16 11:59:35,042 - Epoch 6/200
2025-05-16 12:00:49,718 - Epoch 6, Train Loss: 2.6894e-04, Val Loss: 3.4196e-03, LR: 1.0000e-04, Time: 74.68s
2025-05-16 12:00:49,792 - Epoch 7/200
2025-05-16 12:02:12,434 - Epoch 7, Train Loss: 2.5756e-04, Val Loss: 3.2655e-03, LR: 1.0000e-04, Time: 82.64s
2025-05-16 12:02:12,508 - Epoch 8/200
2025-05-16 12:03:26,819 - Epoch 8, Train Loss: 2.4035e-04, Val Loss: 3.3281e-03, LR: 1.0000e-04, Time: 74.31s
2025-05-16 12:03:26,889 - Epoch 9/200
2025-05-16 12:04:41,581 - Epoch 9, Train Loss: 2.2605e-04, Val Loss: 3.2315e-03, LR: 1.0000e-04, Time: 74.69s
2025-05-16 12:04:41,655 - Epoch 10/200
2025-05-16 12:05:56,463 - Epoch 10, Train Loss: 2.1489e-04, Val Loss: 3.8167e-03, LR: 1.0000e-04, Time: 74.81s
2025-05-16 12:05:56,536 - Epoch 11/200
2025-05-16 12:07:11,258 - Epoch 11, Train Loss: 2.0967e-04, Val Loss: 3.2200e-03, LR: 5.0000e-05, Time: 74.72s
2025-05-16 12:07:11,332 - Epoch 12/200
2025-05-16 12:08:26,075 - Epoch 12, Train Loss: 1.6871e-04, Val Loss: 3.1067e-03, LR: 5.0000e-05, Time: 74.74s
2025-05-16 12:08:26,167 - Epoch 13/200
2025-05-16 12:09:40,929 - Epoch 13, Train Loss: 1.6320e-04, Val Loss: 3.4520e-03, LR: 5.0000e-05, Time: 74.76s
2025-05-16 12:09:41,004 - Epoch 14/200
2025-05-16 12:10:56,205 - Epoch 14, Train Loss: 1.6009e-04, Val Loss: 3.2973e-03, LR: 5.0000e-05, Time: 75.20s
2025-05-16 12:10:56,283 - Epoch 15/200
2025-05-16 12:12:11,998 - Epoch 15, Train Loss: 1.5755e-04, Val Loss: 3.0200e-03, LR: 5.0000e-05, Time: 75.71s
2025-05-16 12:12:12,095 - Epoch 16/200
2025-05-16 12:13:28,465 - Epoch 16, Train Loss: 1.5682e-04, Val Loss: 3.3000e-03, LR: 5.0000e-05, Time: 76.37s
2025-05-16 12:13:28,539 - Epoch 17/200
2025-05-16 12:14:44,432 - Epoch 17, Train Loss: 1.4828e-04, Val Loss: 3.0584e-03, LR: 5.0000e-05, Time: 75.89s
2025-05-16 12:14:44,507 - Epoch 18/200
2025-05-16 12:15:59,426 - Epoch 18, Train Loss: 1.4663e-04, Val Loss: 3.5752e-03, LR: 5.0000e-05, Time: 74.92s
2025-05-16 12:15:59,498 - Epoch 19/200
2025-05-16 12:17:22,580 - Epoch 19, Train Loss: 1.4297e-04, Val Loss: 3.3099e-03, LR: 5.0000e-05, Time: 83.08s
2025-05-16 12:17:22,654 - Epoch 20/200
2025-05-16 12:18:37,564 - Epoch 20, Train Loss: 1.4623e-04, Val Loss: 3.2945e-03, LR: 5.0000e-05, Time: 74.91s
2025-05-16 12:18:37,857 - Epoch 21/200
2025-05-16 12:19:52,788 - Epoch 21, Train Loss: 1.4283e-04, Val Loss: 3.2532e-03, LR: 2.5000e-05, Time: 74.93s
2025-05-16 12:19:52,864 - Epoch 22/200
2025-05-16 12:21:07,921 - Epoch 22, Train Loss: 1.2582e-04, Val Loss: 3.1682e-03, LR: 2.5000e-05, Time: 75.06s
2025-05-16 12:21:07,997 - Epoch 23/200
2025-05-16 12:22:22,912 - Epoch 23, Train Loss: 1.2450e-04, Val Loss: 3.2915e-03, LR: 2.5000e-05, Time: 74.92s
2025-05-16 12:22:22,987 - Epoch 24/200
2025-05-16 12:23:37,971 - Epoch 24, Train Loss: 1.2439e-04, Val Loss: 3.3375e-03, LR: 2.5000e-05, Time: 74.98s
2025-05-16 12:23:38,046 - Epoch 25/200
2025-05-16 12:24:53,039 - Epoch 25, Train Loss: 1.2398e-04, Val Loss: 3.9135e-03, LR: 2.5000e-05, Time: 74.99s
2025-05-16 12:24:53,113 - Epoch 26/200
2025-05-16 12:26:08,014 - Epoch 26, Train Loss: 1.2262e-04, Val Loss: 3.4019e-03, LR: 2.5000e-05, Time: 74.90s
2025-05-16 12:26:08,088 - Epoch 27/200
2025-05-16 12:27:22,969 - Epoch 27, Train Loss: 1.2314e-04, Val Loss: 3.4572e-03, LR: 1.2500e-05, Time: 74.88s
2025-05-16 12:27:23,048 - Epoch 28/200
2025-05-16 12:28:46,121 - Epoch 28, Train Loss: 1.1544e-04, Val Loss: 3.3124e-03, LR: 1.2500e-05, Time: 83.07s
2025-05-16 12:28:46,198 - Epoch 29/200
2025-05-16 12:30:09,072 - Epoch 29, Train Loss: 1.1313e-04, Val Loss: 3.6418e-03, LR: 1.2500e-05, Time: 82.87s
2025-05-16 12:30:09,147 - Epoch 30/200
2025-05-16 12:31:23,607 - Epoch 30, Train Loss: 1.1307e-04, Val Loss: 3.6304e-03, LR: 1.2500e-05, Time: 74.46s
2025-05-16 12:31:23,681 - Epoch 31/200
2025-05-16 12:32:38,335 - Epoch 31, Train Loss: 1.1389e-04, Val Loss: 3.5754e-03, LR: 1.2500e-05, Time: 74.65s
2025-05-16 12:32:38,408 - Epoch 32/200
2025-05-16 12:33:53,064 - Epoch 32, Train Loss: 1.1355e-04, Val Loss: 3.3733e-03, LR: 1.2500e-05, Time: 74.66s
2025-05-16 12:33:53,138 - Epoch 33/200
2025-05-16 12:35:07,813 - Epoch 33, Train Loss: 1.1412e-04, Val Loss: 3.5575e-03, LR: 6.2500e-06, Time: 74.67s
2025-05-16 12:35:07,887 - Epoch 34/200
2025-05-16 12:36:22,611 - Epoch 34, Train Loss: 1.1092e-04, Val Loss: 3.5958e-03, LR: 6.2500e-06, Time: 74.72s
2025-05-16 12:36:22,686 - Epoch 35/200
2025-05-16 12:37:37,370 - Epoch 35, Train Loss: 1.0949e-04, Val Loss: 3.7897e-03, LR: 6.2500e-06, Time: 74.68s
2025-05-16 12:37:37,450 - Early stopping at epoch 35
2025-05-16 12:37:37,475 - [task1] Training completed.
2025-05-16 12:37:37,478 - [task1] Consolidating...
2025-05-16 12:38:40,290 - [task1] Consolidation completed.
2025-05-16 12:39:02,344 - [task1 BEST] RMSE: 0.0410, MAE: 0.0349, R2: 0.7629
2025-05-16 12:39:17,395 - [task1 LAST] RMSE: 0.0487, MAE: 0.0431, R2: 0.6644
2025-05-16 12:39:17,397 - [task1] Finished.
2025-05-16 12:39:17,548 - [task2] Training...
2025-05-16 12:39:17,557 - Epoch 1/200
2025-05-16 12:39:58,649 - Epoch 1, Train Loss: 9.1095e-04, Val Loss: 2.4466e-03, LR: 1.0000e-04, Time: 41.09s
2025-05-16 12:39:58,773 - Epoch 2/200
2025-05-16 12:40:40,064 - Epoch 2, Train Loss: 6.2439e-04, Val Loss: 7.7690e-04, LR: 1.0000e-04, Time: 41.29s
2025-05-16 12:40:40,185 - Epoch 3/200
2025-05-16 12:41:21,495 - Epoch 3, Train Loss: 5.7735e-04, Val Loss: 8.0240e-04, LR: 1.0000e-04, Time: 41.31s
2025-05-16 12:41:21,597 - Epoch 4/200
2025-05-16 12:42:02,291 - Epoch 4, Train Loss: 5.4229e-04, Val Loss: 7.7323e-04, LR: 1.0000e-04, Time: 40.69s
2025-05-16 12:42:02,407 - Epoch 5/200
2025-05-16 12:42:42,899 - Epoch 5, Train Loss: 5.9384e-04, Val Loss: 6.2727e-04, LR: 1.0000e-04, Time: 40.49s
2025-05-16 12:42:43,016 - Epoch 6/200
2025-05-16 12:43:23,475 - Epoch 6, Train Loss: 5.1824e-04, Val Loss: 5.7705e-04, LR: 1.0000e-04, Time: 40.46s
2025-05-16 12:43:23,589 - Epoch 7/200
2025-05-16 12:44:04,054 - Epoch 7, Train Loss: 4.9643e-04, Val Loss: 5.1552e-04, LR: 1.0000e-04, Time: 40.46s
2025-05-16 12:44:04,172 - Epoch 8/200
2025-05-16 12:44:44,685 - Epoch 8, Train Loss: 4.6460e-04, Val Loss: 5.1787e-04, LR: 1.0000e-04, Time: 40.51s
2025-05-16 12:44:44,780 - Epoch 9/200
2025-05-16 12:45:25,253 - Epoch 9, Train Loss: 4.5893e-04, Val Loss: 7.6579e-04, LR: 1.0000e-04, Time: 40.47s
2025-05-16 12:45:25,356 - Epoch 10/200
2025-05-16 12:46:05,833 - Epoch 10, Train Loss: 4.5201e-04, Val Loss: 4.0368e-04, LR: 1.0000e-04, Time: 40.48s
2025-05-16 12:46:12,100 - Epoch 11/200
2025-05-16 12:46:52,567 - Epoch 11, Train Loss: 4.2612e-04, Val Loss: 6.4940e-04, LR: 1.0000e-04, Time: 40.47s
2025-05-16 12:46:52,666 - Epoch 12/200
2025-05-16 12:47:33,072 - Epoch 12, Train Loss: 4.1443e-04, Val Loss: 5.0160e-04, LR: 1.0000e-04, Time: 40.41s
2025-05-16 12:47:33,171 - Epoch 13/200
2025-05-16 12:48:13,572 - Epoch 13, Train Loss: 4.3973e-04, Val Loss: 4.7220e-04, LR: 1.0000e-04, Time: 40.40s
2025-05-16 12:48:13,674 - Epoch 14/200
2025-05-16 12:48:54,164 - Epoch 14, Train Loss: 4.0726e-04, Val Loss: 4.8011e-04, LR: 1.0000e-04, Time: 40.49s
2025-05-16 12:48:54,264 - Epoch 15/200
2025-05-16 12:49:35,808 - Epoch 15, Train Loss: 4.0554e-04, Val Loss: 4.5204e-04, LR: 1.0000e-04, Time: 41.54s
2025-05-16 12:49:35,908 - Epoch 16/200
2025-05-16 12:50:17,495 - Epoch 16, Train Loss: 4.0486e-04, Val Loss: 4.1021e-04, LR: 5.0000e-05, Time: 41.59s
2025-05-16 12:50:17,590 - Epoch 17/200
2025-05-16 12:50:58,800 - Epoch 17, Train Loss: 3.3555e-04, Val Loss: 3.9010e-04, LR: 5.0000e-05, Time: 41.21s
2025-05-16 12:50:58,914 - Epoch 18/200
2025-05-16 12:51:39,401 - Epoch 18, Train Loss: 3.3732e-04, Val Loss: 4.0295e-04, LR: 5.0000e-05, Time: 40.49s
2025-05-16 12:51:39,495 - Epoch 19/200
2025-05-16 12:52:19,853 - Epoch 19, Train Loss: 3.3299e-04, Val Loss: 5.6980e-04, LR: 5.0000e-05, Time: 40.36s
2025-05-16 12:52:19,956 - Epoch 20/200
2025-05-16 12:53:00,317 - Epoch 20, Train Loss: 3.3874e-04, Val Loss: 2.9549e-04, LR: 5.0000e-05, Time: 40.36s
2025-05-16 12:53:00,435 - Epoch 21/200
2025-05-16 12:53:40,798 - Epoch 21, Train Loss: 3.2971e-04, Val Loss: 2.8204e-04, LR: 5.0000e-05, Time: 40.36s
2025-05-16 12:53:40,916 - Epoch 22/200
2025-05-16 12:54:29,834 - Epoch 22, Train Loss: 3.2994e-04, Val Loss: 3.0284e-04, LR: 5.0000e-05, Time: 48.92s
2025-05-16 12:54:29,934 - Epoch 23/200
2025-05-16 12:55:10,262 - Epoch 23, Train Loss: 3.3718e-04, Val Loss: 2.6502e-04, LR: 5.0000e-05, Time: 40.33s
2025-05-16 12:55:10,378 - Epoch 24/200
2025-05-16 12:55:51,782 - Epoch 24, Train Loss: 3.2566e-04, Val Loss: 2.8550e-04, LR: 5.0000e-05, Time: 41.40s
2025-05-16 12:55:52,069 - Epoch 25/200
2025-05-16 12:56:32,346 - Epoch 25, Train Loss: 3.2667e-04, Val Loss: 2.7361e-04, LR: 5.0000e-05, Time: 40.28s
2025-05-16 12:56:32,446 - Epoch 26/200
2025-05-16 12:57:12,783 - Epoch 26, Train Loss: 3.3004e-04, Val Loss: 2.7314e-04, LR: 5.0000e-05, Time: 40.34s
2025-05-16 12:57:12,882 - Epoch 27/200
2025-05-16 12:57:53,384 - Epoch 27, Train Loss: 3.2867e-04, Val Loss: 2.5720e-04, LR: 5.0000e-05, Time: 40.50s
2025-05-16 12:57:53,501 - Epoch 28/200
2025-05-16 12:58:33,747 - Epoch 28, Train Loss: 3.2413e-04, Val Loss: 2.5313e-04, LR: 5.0000e-05, Time: 40.25s
2025-05-16 12:58:42,152 - Epoch 29/200
2025-05-16 12:59:22,434 - Epoch 29, Train Loss: 3.2764e-04, Val Loss: 3.2577e-04, LR: 5.0000e-05, Time: 40.28s
2025-05-16 12:59:22,532 - Epoch 30/200
2025-05-16 13:00:02,922 - Epoch 30, Train Loss: 3.2100e-04, Val Loss: 1.9247e-04, LR: 5.0000e-05, Time: 40.39s
2025-05-16 13:00:03,041 - Epoch 31/200
2025-05-16 13:00:43,469 - Epoch 31, Train Loss: 3.1828e-04, Val Loss: 2.6584e-04, LR: 5.0000e-05, Time: 40.43s
2025-05-16 13:00:43,570 - Epoch 32/200
2025-05-16 13:01:23,935 - Epoch 32, Train Loss: 3.2124e-04, Val Loss: 2.1751e-04, LR: 5.0000e-05, Time: 40.36s
2025-05-16 13:01:24,035 - Epoch 33/200
2025-05-16 13:02:04,468 - Epoch 33, Train Loss: 3.1416e-04, Val Loss: 2.2746e-04, LR: 5.0000e-05, Time: 40.43s
2025-05-16 13:02:04,566 - Epoch 34/200
2025-05-16 13:02:44,974 - Epoch 34, Train Loss: 3.1764e-04, Val Loss: 2.5953e-04, LR: 5.0000e-05, Time: 40.41s
2025-05-16 13:02:45,072 - Epoch 35/200
2025-05-16 13:03:25,451 - Epoch 35, Train Loss: 3.2026e-04, Val Loss: 2.6276e-04, LR: 5.0000e-05, Time: 40.38s
2025-05-16 13:03:25,547 - Epoch 36/200
2025-05-16 13:04:05,980 - Epoch 36, Train Loss: 3.1849e-04, Val Loss: 3.4478e-04, LR: 2.5000e-05, Time: 40.43s
2025-05-16 13:04:06,081 - Epoch 37/200
2025-05-16 13:04:46,501 - Epoch 37, Train Loss: 2.8832e-04, Val Loss: 1.8188e-04, LR: 2.5000e-05, Time: 40.42s
2025-05-16 13:04:46,618 - Epoch 38/200
2025-05-16 13:05:27,093 - Epoch 38, Train Loss: 2.8944e-04, Val Loss: 1.9312e-04, LR: 2.5000e-05, Time: 40.48s
2025-05-16 13:05:27,192 - Epoch 39/200
2025-05-16 13:06:13,845 - Epoch 39, Train Loss: 2.9061e-04, Val Loss: 2.0087e-04, LR: 2.5000e-05, Time: 46.65s
2025-05-16 13:06:13,949 - Epoch 40/200
2025-05-16 13:07:06,088 - Epoch 40, Train Loss: 2.9038e-04, Val Loss: 2.0875e-04, LR: 2.5000e-05, Time: 52.14s
2025-05-16 13:07:06,253 - Epoch 41/200
2025-05-16 13:08:02,584 - Epoch 41, Train Loss: 2.9068e-04, Val Loss: 1.4851e-04, LR: 2.5000e-05, Time: 56.33s
2025-05-16 13:08:02,782 - Epoch 42/200
2025-05-16 13:09:08,256 - Epoch 42, Train Loss: 2.8976e-04, Val Loss: 1.9557e-04, LR: 2.5000e-05, Time: 65.47s
2025-05-16 13:09:08,506 - Epoch 43/200
2025-05-16 13:10:10,924 - Epoch 43, Train Loss: 2.8246e-04, Val Loss: 1.6001e-04, LR: 2.5000e-05, Time: 62.42s
2025-05-16 13:10:11,095 - Epoch 44/200
2025-05-16 13:11:06,436 - Epoch 44, Train Loss: 2.8627e-04, Val Loss: 1.7036e-04, LR: 2.5000e-05, Time: 55.34s
2025-05-16 13:11:06,596 - Epoch 45/200
2025-05-16 13:12:00,603 - Epoch 45, Train Loss: 2.8836e-04, Val Loss: 2.2770e-04, LR: 2.5000e-05, Time: 54.01s
2025-05-16 13:12:00,772 - Epoch 46/200
2025-05-16 13:12:55,904 - Epoch 46, Train Loss: 2.8993e-04, Val Loss: 2.8599e-04, LR: 2.5000e-05, Time: 55.13s
2025-05-16 13:12:56,069 - Epoch 47/200
2025-05-16 13:13:49,517 - Epoch 47, Train Loss: 2.8134e-04, Val Loss: 1.7374e-04, LR: 1.2500e-05, Time: 53.45s
2025-05-16 13:13:49,673 - Epoch 48/200
2025-05-16 13:14:40,164 - Epoch 48, Train Loss: 2.7115e-04, Val Loss: 2.5815e-04, LR: 1.2500e-05, Time: 50.49s
2025-05-16 13:14:40,312 - Epoch 49/200
2025-05-16 13:15:32,992 - Epoch 49, Train Loss: 2.7364e-04, Val Loss: 2.4244e-04, LR: 1.2500e-05, Time: 52.68s
2025-05-16 13:15:33,092 - Epoch 50/200
2025-05-16 13:16:16,507 - Epoch 50, Train Loss: 2.7287e-04, Val Loss: 1.8771e-04, LR: 1.2500e-05, Time: 43.41s
2025-05-16 13:16:16,629 - Epoch 51/200
2025-05-16 13:17:00,635 - Epoch 51, Train Loss: 2.7113e-04, Val Loss: 1.6436e-04, LR: 1.2500e-05, Time: 44.01s
2025-05-16 13:17:00,760 - Epoch 52/200
2025-05-16 13:17:44,850 - Epoch 52, Train Loss: 2.7334e-04, Val Loss: 1.4031e-04, LR: 1.2500e-05, Time: 44.09s
2025-05-16 13:17:45,002 - Epoch 53/200
2025-05-16 13:18:28,121 - Epoch 53, Train Loss: 2.7010e-04, Val Loss: 2.2267e-04, LR: 1.2500e-05, Time: 43.12s
2025-05-16 13:18:28,239 - Epoch 54/200
2025-05-16 13:19:13,113 - Epoch 54, Train Loss: 2.7257e-04, Val Loss: 2.0468e-04, LR: 1.2500e-05, Time: 44.87s
2025-05-16 13:19:13,255 - Epoch 55/200
2025-05-16 13:20:00,411 - Epoch 55, Train Loss: 2.6795e-04, Val Loss: 1.9928e-04, LR: 1.2500e-05, Time: 47.16s
2025-05-16 13:20:00,556 - Epoch 56/200
2025-05-16 13:20:46,975 - Epoch 56, Train Loss: 2.6543e-04, Val Loss: 1.8074e-04, LR: 1.2500e-05, Time: 46.42s
2025-05-16 13:20:47,109 - Epoch 57/200
2025-05-16 13:21:30,944 - Epoch 57, Train Loss: 2.6921e-04, Val Loss: 1.6673e-04, LR: 1.2500e-05, Time: 43.84s
2025-05-16 13:21:31,074 - Epoch 58/200
2025-05-16 13:22:16,459 - Epoch 58, Train Loss: 2.6738e-04, Val Loss: 1.6928e-04, LR: 6.2500e-06, Time: 45.38s
2025-05-16 13:22:16,589 - Epoch 59/200
2025-05-16 13:23:02,124 - Epoch 59, Train Loss: 2.6165e-04, Val Loss: 1.4829e-04, LR: 6.2500e-06, Time: 45.53s
2025-05-16 13:23:02,258 - Epoch 60/200
2025-05-16 13:23:47,642 - Epoch 60, Train Loss: 2.6293e-04, Val Loss: 2.0412e-04, LR: 6.2500e-06, Time: 45.38s
2025-05-16 13:23:47,777 - Epoch 61/200
2025-05-16 13:24:34,041 - Epoch 61, Train Loss: 2.6038e-04, Val Loss: 1.4167e-04, LR: 6.2500e-06, Time: 46.26s
2025-05-16 13:24:34,170 - Epoch 62/200
2025-05-16 13:25:20,010 - Epoch 62, Train Loss: 2.6213e-04, Val Loss: 1.5427e-04, LR: 6.2500e-06, Time: 45.84s
2025-05-16 13:25:20,148 - Epoch 63/200
2025-05-16 13:26:05,111 - Epoch 63, Train Loss: 2.5902e-04, Val Loss: 1.9012e-04, LR: 6.2500e-06, Time: 44.96s
2025-05-16 13:26:05,241 - Epoch 64/200
2025-05-16 13:26:49,969 - Epoch 64, Train Loss: 2.5875e-04, Val Loss: 1.7352e-04, LR: 3.1250e-06, Time: 44.73s
2025-05-16 13:26:50,073 - Epoch 65/200
2025-05-16 13:27:32,823 - Epoch 65, Train Loss: 2.5633e-04, Val Loss: 1.9377e-04, LR: 3.1250e-06, Time: 42.75s
2025-05-16 13:27:32,927 - Epoch 66/200
2025-05-16 13:28:14,222 - Epoch 66, Train Loss: 2.5436e-04, Val Loss: 1.7585e-04, LR: 3.1250e-06, Time: 41.29s
2025-05-16 13:28:14,320 - Epoch 67/200
2025-05-16 13:28:55,435 - Epoch 67, Train Loss: 2.5561e-04, Val Loss: 1.6071e-04, LR: 3.1250e-06, Time: 41.11s
2025-05-16 13:28:55,549 - Epoch 68/200
2025-05-16 13:29:38,052 - Epoch 68, Train Loss: 2.5377e-04, Val Loss: 1.6739e-04, LR: 3.1250e-06, Time: 42.50s
2025-05-16 13:29:38,165 - Epoch 69/200
2025-05-16 13:30:20,527 - Epoch 69, Train Loss: 2.5656e-04, Val Loss: 1.8184e-04, LR: 3.1250e-06, Time: 42.36s
2025-05-16 13:30:20,638 - Epoch 70/200
2025-05-16 13:31:03,087 - Epoch 70, Train Loss: 2.5310e-04, Val Loss: 1.5751e-04, LR: 1.5625e-06, Time: 42.45s
2025-05-16 13:31:03,214 - Epoch 71/200
2025-05-16 13:31:45,256 - Epoch 71, Train Loss: 2.5262e-04, Val Loss: 1.7721e-04, LR: 1.5625e-06, Time: 42.04s
2025-05-16 13:31:45,374 - Epoch 72/200
2025-05-16 13:32:28,145 - Epoch 72, Train Loss: 2.5428e-04, Val Loss: 1.7301e-04, LR: 1.5625e-06, Time: 42.77s
2025-05-16 13:32:28,253 - Early stopping at epoch 72
2025-05-16 13:32:28,288 - [task2] Training completed.
2025-05-16 13:32:28,292 - [task2] Consolidating...
2025-05-16 13:33:01,650 - [task2] Consolidation completed.
2025-05-16 13:33:25,118 - [task2 BEST] RMSE: 0.1384, MAE: 0.1312, R2: -1.7060
2025-05-16 13:33:40,429 - [task2 LAST] RMSE: 0.1373, MAE: 0.1307, R2: -1.6647
2025-05-16 13:33:40,431 - [task2] Finished.
2025-05-16 13:33:40,432 - ==== All tasks completed ====
