2025-07-26 12:48:20,307 - ==== Joint Training Phase ====
2025-07-26 12:50:03,685 - Joint training - Train IDs: ['03', '05', '07', '09', '11', '15', '21', '23', '25', '27', '29'], size: 205644
2025-07-26 12:50:03,704 - Joint training - Val IDs: ['01', '19', '13'], size: 58177
2025-07-26 12:50:03,720 - Joint training - Test ID: 17, size: 22872
2025-07-26 12:50:03,762 -   (Scaler) Scaler centers: [ 3.342422    0.17992967 27.75      ]
2025-07-26 12:50:03,787 -   (Scaler) Scaler scales: [0.18428363 1.77955483 1.81783333]
2025-07-26 13:00:36,456 - Epoch 000 | task 8.4227e-03 | kd 0.0000e+00 | ewc 0.0000e+00 | val 2.0968e-03 | lr 1.00e-04 | 339.44s
2025-07-26 13:06:02,329 - Epoch 001 | task 3.7576e-03 | kd 0.0000e+00 | ewc 0.0000e+00 | val 1.1166e-03 | lr 1.00e-04 | 325.66s
2025-07-26 13:12:10,513 - Epoch 002 | task 2.0925e-03 | kd 0.0000e+00 | ewc 0.0000e+00 | val 4.2339e-04 | lr 1.00e-04 | 367.94s
2025-07-26 13:18:16,199 - Epoch 003 | task 1.0287e-03 | kd 0.0000e+00 | ewc 0.0000e+00 | val 5.6469e-04 | lr 1.00e-04 | 365.48s
2025-07-26 13:24:28,666 - Epoch 004 | task 5.7804e-04 | kd 0.0000e+00 | ewc 0.0000e+00 | val 9.7840e-04 | lr 1.00e-04 | 372.43s
2025-07-26 13:30:34,731 - Epoch 005 | task 3.7747e-04 | kd 0.0000e+00 | ewc 0.0000e+00 | val 9.1893e-04 | lr 1.00e-04 | 366.02s
2025-07-26 13:36:40,673 - Epoch 006 | task 2.4974e-04 | kd 0.0000e+00 | ewc 0.0000e+00 | val 2.8038e-04 | lr 1.00e-04 | 365.89s
2025-07-26 13:42:39,953 - Epoch 007 | task 1.8083e-04 | kd 0.0000e+00 | ewc 0.0000e+00 | val 2.3162e-04 | lr 1.00e-04 | 359.06s
2025-07-26 13:48:22,721 - Epoch 008 | task 1.4383e-04 | kd 0.0000e+00 | ewc 0.0000e+00 | val 3.3964e-04 | lr 1.00e-04 | 342.55s
2025-07-26 13:52:46,808 - Epoch 009 | task 1.0120e-04 | kd 0.0000e+00 | ewc 0.0000e+00 | val 3.4047e-04 | lr 1.00e-04 | 264.06s
2025-07-26 13:57:12,395 - Epoch 010 | task 9.2651e-05 | kd 0.0000e+00 | ewc 0.0000e+00 | val 3.8178e-04 | lr 1.00e-04 | 265.56s
2025-07-26 14:01:53,375 - Epoch 011 | task 8.3321e-05 | kd 0.0000e+00 | ewc 0.0000e+00 | val 5.0584e-04 | lr 1.00e-04 | 280.96s
2025-07-26 14:06:41,417 - Epoch 012 | task 7.7100e-05 | kd 0.0000e+00 | ewc 0.0000e+00 | val 3.5484e-04 | lr 1.00e-04 | 288.02s
2025-07-26 14:11:29,134 - Epoch 013 | task 7.5531e-05 | kd 0.0000e+00 | ewc 0.0000e+00 | val 4.2473e-04 | lr 5.00e-05 | 287.67s
2025-07-26 14:16:14,993 - Epoch 014 | task 5.9331e-05 | kd 0.0000e+00 | ewc 0.0000e+00 | val 5.2045e-04 | lr 5.00e-05 | 285.84s
2025-07-26 14:23:15,777 - Epoch 015 | task 6.1231e-05 | kd 0.0000e+00 | ewc 0.0000e+00 | val 4.8679e-04 | lr 5.00e-05 | 420.73s
2025-07-26 14:28:36,249 - Epoch 016 | task 5.4805e-05 | kd 0.0000e+00 | ewc 0.0000e+00 | val 4.9706e-04 | lr 5.00e-05 | 320.42s
2025-07-26 14:35:38,505 - Epoch 017 | task 5.4956e-05 | kd 0.0000e+00 | ewc 0.0000e+00 | val 4.5410e-04 | lr 5.00e-05 | 422.20s
2025-07-26 14:41:49,513 - Epoch 018 | task 5.5074e-05 | kd 0.0000e+00 | ewc 0.0000e+00 | val 4.2780e-04 | lr 5.00e-05 | 370.95s
2025-07-26 14:48:21,526 - Epoch 019 | task 5.2966e-05 | kd 0.0000e+00 | ewc 0.0000e+00 | val 4.3760e-04 | lr 2.50e-05 | 391.97s
2025-07-26 14:52:43,279 - Epoch 020 | task 4.7193e-05 | kd 0.0000e+00 | ewc 0.0000e+00 | val 4.2943e-04 | lr 2.50e-05 | 261.69s
2025-07-26 14:56:22,822 - Epoch 021 | task 4.7320e-05 | kd 0.0000e+00 | ewc 0.0000e+00 | val 5.2222e-04 | lr 2.50e-05 | 219.53s
2025-07-26 15:00:00,878 - Epoch 022 | task 4.6480e-05 | kd 0.0000e+00 | ewc 0.0000e+00 | val 4.8961e-04 | lr 2.50e-05 | 218.05s
2025-07-26 15:03:36,327 - Epoch 023 | task 4.6637e-05 | kd 0.0000e+00 | ewc 0.0000e+00 | val 4.7854e-04 | lr 2.50e-05 | 215.44s
2025-07-26 15:07:23,038 - Epoch 024 | task 4.6474e-05 | kd 0.0000e+00 | ewc 0.0000e+00 | val 4.5027e-04 | lr 2.50e-05 | 226.70s
2025-07-26 15:11:10,131 - Epoch 025 | task 4.5877e-05 | kd 0.0000e+00 | ewc 0.0000e+00 | val 4.8002e-04 | lr 1.25e-05 | 227.09s
2025-07-26 15:15:00,056 - Epoch 026 | task 4.2301e-05 | kd 0.0000e+00 | ewc 0.0000e+00 | val 4.9504e-04 | lr 1.25e-05 | 229.90s
2025-07-26 15:18:52,176 - Epoch 027 | task 4.1900e-05 | kd 0.0000e+00 | ewc 0.0000e+00 | val 4.6959e-04 | lr 1.25e-05 | 232.10s
2025-07-26 15:18:52,183 - Early stopping at epoch 28
2025-07-26 15:19:07,069 - RMSE: 2.8205e-02, MAE: 2.2428e-02, R²: 0.8876
2025-07-26 15:19:21,712 - ==== Joint Training Completed ====

=== Job Start: Sat Jul 26 12:37:01 CEST 2025 ===
Job ID:           78922
Job Name:         layernorm
Partition:        gpu_short
Node List:        gpu003
Requested GPUs:   1
CUDA Devices:     0
Running on host:  gpu003

=== GPU Details via nvidia-smi ===
0, Tesla P100-PCIE-16GB, 16384 MiB, 0 %, 38
===================================
