2025-07-26 13:48:00,676 - ==== Joint Training Phase ====
2025-07-26 13:49:33,919 - Joint training - Train IDs: ['03', '05', '07', '09', '11', '15', '21', '23', '25', '27', '29'], size: 205644
2025-07-26 13:49:33,927 - Joint training - Val IDs: ['01', '19', '13'], size: 58177
2025-07-26 13:49:33,934 - Joint training - Test ID: 17, size: 22872
2025-07-26 13:49:33,957 -   (Scaler) Scaler centers: [ 3.342422    0.17992967 27.75      ]
2025-07-26 13:49:33,969 -   (Scaler) Scaler scales: [0.18428363 1.77955483 1.81783333]
2025-07-26 13:58:54,709 - Epoch 000 | task 1.1966e-02 | kd 0.0000e+00 | ewc 0.0000e+00 | val 1.0871e-03 | lr 1.00e-04 | 272.30s
2025-07-26 14:03:34,925 - Epoch 001 | task 3.5753e-03 | kd 0.0000e+00 | ewc 0.0000e+00 | val 9.8957e-04 | lr 1.00e-04 | 280.10s
2025-07-26 14:08:21,434 - Epoch 002 | task 2.3132e-03 | kd 0.0000e+00 | ewc 0.0000e+00 | val 6.5184e-04 | lr 1.00e-04 | 286.40s
2025-07-26 14:13:06,803 - Epoch 003 | task 1.3191e-03 | kd 0.0000e+00 | ewc 0.0000e+00 | val 3.7722e-04 | lr 1.00e-04 | 285.23s
2025-07-26 14:18:40,142 - Epoch 004 | task 7.5140e-04 | kd 0.0000e+00 | ewc 0.0000e+00 | val 2.2155e-04 | lr 1.00e-04 | 333.21s
2025-07-26 14:24:58,765 - Epoch 005 | task 4.9034e-04 | kd 0.0000e+00 | ewc 0.0000e+00 | val 3.6948e-04 | lr 1.00e-04 | 378.31s
2025-07-26 14:30:59,566 - Epoch 006 | task 3.3009e-04 | kd 0.0000e+00 | ewc 0.0000e+00 | val 2.2854e-04 | lr 1.00e-04 | 360.78s
2025-07-26 14:37:59,761 - Epoch 007 | task 2.2113e-04 | kd 0.0000e+00 | ewc 0.0000e+00 | val 2.7196e-04 | lr 1.00e-04 | 420.14s
2025-07-26 14:43:52,517 - Epoch 008 | task 1.7135e-04 | kd 0.0000e+00 | ewc 0.0000e+00 | val 3.1585e-04 | lr 1.00e-04 | 352.71s
2025-07-26 14:50:21,886 - Epoch 009 | task 1.6190e-04 | kd 0.0000e+00 | ewc 0.0000e+00 | val 2.0555e-04 | lr 1.00e-04 | 389.31s
2025-07-26 14:54:00,189 - Epoch 010 | task 1.3917e-04 | kd 0.0000e+00 | ewc 0.0000e+00 | val 2.6075e-04 | lr 1.00e-04 | 218.20s
2025-07-26 14:57:45,043 - Epoch 011 | task 1.1410e-04 | kd 0.0000e+00 | ewc 0.0000e+00 | val 1.3264e-04 | lr 1.00e-04 | 224.84s
2025-07-26 15:01:27,970 - Epoch 012 | task 9.7853e-05 | kd 0.0000e+00 | ewc 0.0000e+00 | val 3.6972e-04 | lr 1.00e-04 | 222.83s
2025-07-26 15:05:10,877 - Epoch 013 | task 8.4604e-05 | kd 0.0000e+00 | ewc 0.0000e+00 | val 3.7038e-04 | lr 1.00e-04 | 222.90s
2025-07-26 15:08:45,010 - Epoch 014 | task 8.2892e-05 | kd 0.0000e+00 | ewc 0.0000e+00 | val 3.5783e-04 | lr 1.00e-04 | 214.12s
2025-07-26 15:12:29,399 - Epoch 015 | task 7.6217e-05 | kd 0.0000e+00 | ewc 0.0000e+00 | val 4.2162e-04 | lr 1.00e-04 | 224.39s
2025-07-26 15:16:15,330 - Epoch 016 | task 7.2501e-05 | kd 0.0000e+00 | ewc 0.0000e+00 | val 3.3672e-04 | lr 1.00e-04 | 225.93s
2025-07-26 15:20:04,558 - Epoch 017 | task 7.0141e-05 | kd 0.0000e+00 | ewc 0.0000e+00 | val 3.8356e-04 | lr 5.00e-05 | 229.22s
2025-07-26 15:24:01,667 - Epoch 018 | task 6.0035e-05 | kd 0.0000e+00 | ewc 0.0000e+00 | val 3.4454e-04 | lr 5.00e-05 | 237.10s
2025-07-26 15:27:58,556 - Epoch 019 | task 5.7746e-05 | kd 0.0000e+00 | ewc 0.0000e+00 | val 3.6637e-04 | lr 5.00e-05 | 236.89s
2025-07-26 15:31:56,863 - Epoch 020 | task 5.7304e-05 | kd 0.0000e+00 | ewc 0.0000e+00 | val 3.9443e-04 | lr 5.00e-05 | 238.29s
2025-07-26 15:35:35,986 - Epoch 021 | task 5.6939e-05 | kd 0.0000e+00 | ewc 0.0000e+00 | val 3.3596e-04 | lr 5.00e-05 | 219.10s
2025-07-26 15:39:26,653 - Epoch 022 | task 5.5351e-05 | kd 0.0000e+00 | ewc 0.0000e+00 | val 3.4576e-04 | lr 5.00e-05 | 230.65s
2025-07-26 15:42:58,993 - Epoch 023 | task 5.4956e-05 | kd 0.0000e+00 | ewc 0.0000e+00 | val 3.5772e-04 | lr 2.50e-05 | 212.34s
2025-07-26 15:46:39,988 - Epoch 024 | task 5.0396e-05 | kd 0.0000e+00 | ewc 0.0000e+00 | val 3.8617e-04 | lr 2.50e-05 | 220.99s
2025-07-26 15:50:16,065 - Epoch 025 | task 5.0089e-05 | kd 0.0000e+00 | ewc 0.0000e+00 | val 3.6482e-04 | lr 2.50e-05 | 216.07s
2025-07-26 15:53:54,211 - Epoch 026 | task 4.9822e-05 | kd 0.0000e+00 | ewc 0.0000e+00 | val 3.7442e-04 | lr 2.50e-05 | 218.14s
2025-07-26 15:57:53,988 - Epoch 027 | task 4.9721e-05 | kd 0.0000e+00 | ewc 0.0000e+00 | val 3.6645e-04 | lr 2.50e-05 | 239.73s
2025-07-26 16:01:36,288 - Epoch 028 | task 4.9131e-05 | kd 0.0000e+00 | ewc 0.0000e+00 | val 3.9300e-04 | lr 2.50e-05 | 222.29s
2025-07-26 16:05:02,058 - Epoch 029 | task 4.8827e-05 | kd 0.0000e+00 | ewc 0.0000e+00 | val 3.6970e-04 | lr 1.25e-05 | 205.77s
2025-07-26 16:08:37,933 - Epoch 030 | task 4.6989e-05 | kd 0.0000e+00 | ewc 0.0000e+00 | val 4.0956e-04 | lr 1.25e-05 | 215.87s
2025-07-26 16:12:10,731 - Epoch 031 | task 4.6621e-05 | kd 0.0000e+00 | ewc 0.0000e+00 | val 3.6341e-04 | lr 1.25e-05 | 212.78s
2025-07-26 16:12:10,736 - Early stopping at epoch 32
2025-07-26 16:12:23,890 - RMSE: 1.1568e-02, MAE: 8.7168e-03, R²: 0.9811
2025-07-26 16:12:38,341 - ==== Joint Training Completed ====

=== Job Start: Sat Jul 26 01:35:38 PM CEST 2025 ===
Job ID:           78968
Job Name:         lr
Partition:        gpu_short
Node List:        gpu001
Requested GPUs:   0
CUDA Devices:     0
Running on host:  gpu001

=== GPU Details via nvidia-smi ===
0, Tesla P100-PCIE-16GB, 16384 MiB, 0 %, 42
===================================
