2025-07-28 19:58:49,059 - ==== Experiment Setup ====
2025-07-28 19:58:49,349 - Mode: incremental
2025-07-28 19:58:49,351 - Number of tasks: 3
2025-07-28 19:58:49,353 - EWC lambdas: [0.0, 0.0, 0.0]
2025-07-28 19:58:49,355 - LWF alphas: [0.0, 0.0, 0.0]
2025-07-28 19:58:49,357 - Base directory: /beegfs/home/users/z/zzhuqshun/Thesis/05_Final/ewc/strategies/fine-tuning0
2025-07-28 19:58:49,359 - ==== Incremental Training with EWC ====
2025-07-28 19:58:49,395 - Number of tasks: 3
2025-07-28 20:00:24,734 - --- task0 (LWF α=0.0000, EWC λ=0.0000) ---
2025-07-28 20:05:32,412 - Epoch 0 task=3.8185e-02 kd=0.0000e+00 ewc=0.0000e+00 val=3.9701e-04 lr=1.00e-04 time=99.47s
2025-07-28 20:07:20,052 - Epoch 1 task=7.2809e-03 kd=0.0000e+00 ewc=0.0000e+00 val=1.2390e-03 lr=1.00e-04 time=99.49s
2025-07-28 20:09:15,441 - Epoch 2 task=5.3336e-03 kd=0.0000e+00 ewc=0.0000e+00 val=4.1007e-04 lr=1.00e-04 time=107.37s
2025-07-28 20:11:14,677 - Epoch 3 task=4.3114e-03 kd=0.0000e+00 ewc=0.0000e+00 val=5.2683e-04 lr=1.00e-04 time=111.20s
2025-07-28 20:13:22,647 - Epoch 4 task=3.4078e-03 kd=0.0000e+00 ewc=0.0000e+00 val=4.0077e-04 lr=1.00e-04 time=119.91s
2025-07-28 20:15:31,154 - Epoch 5 task=2.6546e-03 kd=0.0000e+00 ewc=0.0000e+00 val=4.2909e-04 lr=1.00e-04 time=120.47s
2025-07-28 20:17:34,784 - Epoch 6 task=2.0628e-03 kd=0.0000e+00 ewc=0.0000e+00 val=4.1929e-04 lr=1.00e-04 time=115.60s
2025-07-28 20:19:38,514 - Epoch 7 task=1.6437e-03 kd=0.0000e+00 ewc=0.0000e+00 val=4.1027e-04 lr=5.00e-05 time=115.68s
2025-07-28 20:21:44,747 - Epoch 8 task=1.3989e-03 kd=0.0000e+00 ewc=0.0000e+00 val=4.0465e-04 lr=5.00e-05 time=118.17s
2025-07-28 20:24:23,920 - Epoch 9 task=1.1847e-03 kd=0.0000e+00 ewc=0.0000e+00 val=5.2821e-04 lr=5.00e-05 time=151.13s
2025-07-28 20:26:29,306 - Epoch 10 task=1.0242e-03 kd=0.0000e+00 ewc=0.0000e+00 val=4.1433e-04 lr=5.00e-05 time=117.36s
2025-07-28 20:28:33,255 - Epoch 11 task=8.8463e-04 kd=0.0000e+00 ewc=0.0000e+00 val=4.8046e-04 lr=5.00e-05 time=115.87s
2025-07-28 20:30:35,151 - Epoch 12 task=7.6670e-04 kd=0.0000e+00 ewc=0.0000e+00 val=4.4364e-04 lr=5.00e-05 time=113.85s
2025-07-28 20:32:36,377 - Epoch 13 task=6.8916e-04 kd=0.0000e+00 ewc=0.0000e+00 val=4.5429e-04 lr=2.50e-05 time=113.20s
2025-07-28 20:34:52,431 - Epoch 14 task=6.5441e-04 kd=0.0000e+00 ewc=0.0000e+00 val=4.0813e-04 lr=2.50e-05 time=128.01s
2025-07-28 20:36:51,032 - Epoch 15 task=6.1887e-04 kd=0.0000e+00 ewc=0.0000e+00 val=4.5552e-04 lr=2.50e-05 time=110.40s
2025-07-28 20:38:47,101 - Epoch 16 task=5.8771e-04 kd=0.0000e+00 ewc=0.0000e+00 val=4.4893e-04 lr=2.50e-05 time=108.03s
2025-07-28 20:40:40,379 - Epoch 17 task=5.6182e-04 kd=0.0000e+00 ewc=0.0000e+00 val=4.4863e-04 lr=2.50e-05 time=105.25s
2025-07-28 20:42:35,056 - Epoch 18 task=5.3662e-04 kd=0.0000e+00 ewc=0.0000e+00 val=4.3634e-04 lr=2.50e-05 time=106.65s
2025-07-28 20:44:31,415 - Epoch 19 task=5.0902e-04 kd=0.0000e+00 ewc=0.0000e+00 val=4.3794e-04 lr=1.25e-05 time=108.37s
2025-07-28 20:46:24,752 - Epoch 20 task=4.9672e-04 kd=0.0000e+00 ewc=0.0000e+00 val=3.9440e-04 lr=1.25e-05 time=105.34s
2025-07-28 20:48:16,769 - Epoch 21 task=4.8163e-04 kd=0.0000e+00 ewc=0.0000e+00 val=3.8731e-04 lr=1.25e-05 time=103.95s
2025-07-28 20:50:06,527 - Epoch 22 task=4.6823e-04 kd=0.0000e+00 ewc=0.0000e+00 val=4.1554e-04 lr=1.25e-05 time=101.70s
2025-07-28 20:51:53,512 - Epoch 23 task=4.0172e-04 kd=0.0000e+00 ewc=0.0000e+00 val=1.0952e-03 lr=1.25e-05 time=99.03s
2025-07-28 20:53:40,809 - Epoch 24 task=3.2500e-04 kd=0.0000e+00 ewc=0.0000e+00 val=6.6763e-04 lr=1.25e-05 time=99.31s
2025-07-28 20:55:24,941 - Epoch 25 task=2.9481e-04 kd=0.0000e+00 ewc=0.0000e+00 val=6.9162e-04 lr=1.25e-05 time=96.10s
2025-07-28 20:57:08,898 - Epoch 26 task=2.7917e-04 kd=0.0000e+00 ewc=0.0000e+00 val=6.5801e-04 lr=1.25e-05 time=95.99s
2025-07-28 20:58:52,286 - Epoch 27 task=2.6036e-04 kd=0.0000e+00 ewc=0.0000e+00 val=5.1247e-04 lr=1.25e-05 time=95.40s
2025-07-28 21:00:27,919 - Epoch 28 task=2.3755e-04 kd=0.0000e+00 ewc=0.0000e+00 val=4.9484e-04 lr=6.25e-06 time=87.64s
2025-07-28 21:02:01,782 - Epoch 29 task=2.2858e-04 kd=0.0000e+00 ewc=0.0000e+00 val=4.9019e-04 lr=6.25e-06 time=85.89s
2025-07-28 21:03:36,611 - Epoch 30 task=2.1826e-04 kd=0.0000e+00 ewc=0.0000e+00 val=4.7769e-04 lr=6.25e-06 time=86.85s
2025-07-28 21:05:10,574 - Epoch 31 task=2.1277e-04 kd=0.0000e+00 ewc=0.0000e+00 val=4.6255e-04 lr=6.25e-06 time=85.99s
2025-07-28 21:06:53,968 - Epoch 32 task=2.0780e-04 kd=0.0000e+00 ewc=0.0000e+00 val=5.2453e-04 lr=6.25e-06 time=95.42s
2025-07-28 21:08:36,773 - Epoch 33 task=2.0206e-04 kd=0.0000e+00 ewc=0.0000e+00 val=6.0088e-04 lr=6.25e-06 time=94.82s
2025-07-28 21:10:19,853 - Epoch 34 task=1.9538e-04 kd=0.0000e+00 ewc=0.0000e+00 val=5.9399e-04 lr=3.13e-06 time=95.10s
2025-07-28 21:12:02,967 - Epoch 35 task=1.9295e-04 kd=0.0000e+00 ewc=0.0000e+00 val=5.4762e-04 lr=3.13e-06 time=95.14s
2025-07-28 21:13:47,015 - Epoch 36 task=1.9009e-04 kd=0.0000e+00 ewc=0.0000e+00 val=6.5012e-04 lr=3.13e-06 time=96.07s
2025-07-28 21:15:31,084 - Epoch 37 task=1.8772e-04 kd=0.0000e+00 ewc=0.0000e+00 val=6.8606e-04 lr=3.13e-06 time=96.07s
2025-07-28 21:17:15,589 - Epoch 38 task=1.8481e-04 kd=0.0000e+00 ewc=0.0000e+00 val=6.5710e-04 lr=3.13e-06 time=96.52s
2025-07-28 21:19:01,041 - Epoch 39 task=1.8222e-04 kd=0.0000e+00 ewc=0.0000e+00 val=6.4095e-04 lr=3.13e-06 time=97.44s
2025-07-28 21:20:45,409 - Epoch 40 task=1.7913e-04 kd=0.0000e+00 ewc=0.0000e+00 val=6.6573e-04 lr=1.56e-06 time=96.38s
2025-07-28 21:22:30,543 - Epoch 41 task=1.7879e-04 kd=0.0000e+00 ewc=0.0000e+00 val=6.4861e-04 lr=1.56e-06 time=97.11s
2025-07-28 21:22:30,549 - Early stopping at epoch 41
2025-07-28 21:22:37,541 - Consolidating task 0 with EWC lambda: 0.0000
2025-07-28 21:23:40,866 - Task 0 consolidated with EWC lambda=0.0000
2025-07-28 21:23:40,871 - Task 0 completed and consolidated.
2025-07-28 21:23:40,876 - --- task1 (LWF α=0.0000, EWC λ=0.0000) ---
2025-07-28 21:24:57,706 - Epoch 0 task=2.1148e-03 kd=0.0000e+00 ewc=0.0000e+00 val=1.3391e-03 lr=1.00e-04 time=70.23s
2025-07-28 21:26:14,095 - Epoch 1 task=1.0077e-03 kd=0.0000e+00 ewc=0.0000e+00 val=1.6039e-03 lr=1.00e-04 time=69.87s
2025-07-28 21:27:29,989 - Epoch 2 task=8.7839e-04 kd=0.0000e+00 ewc=0.0000e+00 val=2.2958e-03 lr=1.00e-04 time=69.46s
2025-07-28 21:28:45,551 - Epoch 3 task=6.5359e-04 kd=0.0000e+00 ewc=0.0000e+00 val=2.4718e-03 lr=1.00e-04 time=69.09s
2025-07-28 21:30:01,864 - Epoch 4 task=6.0254e-04 kd=0.0000e+00 ewc=0.0000e+00 val=2.6636e-03 lr=1.00e-04 time=69.88s
2025-07-28 21:31:18,059 - Epoch 5 task=5.5803e-04 kd=0.0000e+00 ewc=0.0000e+00 val=2.6428e-03 lr=1.00e-04 time=69.75s
2025-07-28 21:32:33,616 - Epoch 6 task=5.3686e-04 kd=0.0000e+00 ewc=0.0000e+00 val=2.3301e-03 lr=1.00e-04 time=69.08s
2025-07-28 21:33:50,597 - Epoch 7 task=3.6043e-04 kd=0.0000e+00 ewc=0.0000e+00 val=2.8174e-03 lr=5.00e-05 time=70.50s
2025-07-28 21:35:07,463 - Epoch 8 task=3.4668e-04 kd=0.0000e+00 ewc=0.0000e+00 val=3.2241e-03 lr=5.00e-05 time=70.40s
2025-07-28 21:36:23,038 - Epoch 9 task=3.2532e-04 kd=0.0000e+00 ewc=0.0000e+00 val=3.1660e-03 lr=5.00e-05 time=69.09s
2025-07-28 21:37:39,568 - Epoch 10 task=3.1700e-04 kd=0.0000e+00 ewc=0.0000e+00 val=3.3476e-03 lr=5.00e-05 time=70.06s
2025-07-28 21:38:55,674 - Epoch 11 task=2.9251e-04 kd=0.0000e+00 ewc=0.0000e+00 val=2.5506e-03 lr=5.00e-05 time=69.66s
2025-07-28 21:40:11,294 - Epoch 12 task=2.9237e-04 kd=0.0000e+00 ewc=0.0000e+00 val=3.3794e-03 lr=5.00e-05 time=69.16s
2025-07-28 21:41:26,657 - Epoch 13 task=2.4577e-04 kd=0.0000e+00 ewc=0.0000e+00 val=3.2137e-03 lr=2.50e-05 time=68.89s
2025-07-28 21:42:42,092 - Epoch 14 task=2.3658e-04 kd=0.0000e+00 ewc=0.0000e+00 val=3.9300e-03 lr=2.50e-05 time=68.97s
2025-07-28 21:43:57,593 - Epoch 15 task=2.4021e-04 kd=0.0000e+00 ewc=0.0000e+00 val=3.7906e-03 lr=2.50e-05 time=69.03s
2025-07-28 21:45:13,365 - Epoch 16 task=2.3049e-04 kd=0.0000e+00 ewc=0.0000e+00 val=3.5945e-03 lr=2.50e-05 time=69.05s
2025-07-28 21:46:29,365 - Epoch 17 task=2.3187e-04 kd=0.0000e+00 ewc=0.0000e+00 val=4.1813e-03 lr=2.50e-05 time=69.52s
2025-07-28 21:47:44,971 - Epoch 18 task=2.2395e-04 kd=0.0000e+00 ewc=0.0000e+00 val=3.9660e-03 lr=2.50e-05 time=69.14s
2025-07-28 21:49:00,687 - Epoch 19 task=2.1006e-04 kd=0.0000e+00 ewc=0.0000e+00 val=3.9197e-03 lr=1.25e-05 time=69.24s
2025-07-28 21:50:16,560 - Epoch 20 task=1.9994e-04 kd=0.0000e+00 ewc=0.0000e+00 val=4.0839e-03 lr=1.25e-05 time=69.39s
2025-07-28 21:50:16,564 - Early stopping at epoch 20
2025-07-28 21:50:19,178 - Consolidating task 1 with EWC lambda: 0.0000
2025-07-28 21:51:04,274 - Task 1 consolidated with EWC lambda=0.0000
2025-07-28 21:51:04,302 - Task 1 completed and consolidated.
2025-07-28 21:51:04,303 - --- task2 (LWF α=0.0000, EWC λ=0.0000) ---
2025-07-28 21:52:03,519 - Epoch 0 task=2.6156e-03 kd=0.0000e+00 ewc=0.0000e+00 val=1.6297e-03 lr=1.00e-04 time=57.41s
2025-07-28 21:53:02,326 - Epoch 1 task=1.4957e-03 kd=0.0000e+00 ewc=0.0000e+00 val=1.3098e-03 lr=1.00e-04 time=57.08s
2025-07-28 21:54:01,601 - Epoch 2 task=1.3157e-03 kd=0.0000e+00 ewc=0.0000e+00 val=1.2676e-03 lr=1.00e-04 time=57.47s
2025-07-28 21:55:00,620 - Epoch 3 task=1.2399e-03 kd=0.0000e+00 ewc=0.0000e+00 val=1.8980e-03 lr=1.00e-04 time=57.28s
2025-07-28 21:55:59,942 - Epoch 4 task=1.1581e-03 kd=0.0000e+00 ewc=0.0000e+00 val=1.1663e-03 lr=1.00e-04 time=57.66s
2025-07-28 21:56:59,172 - Epoch 5 task=1.0640e-03 kd=0.0000e+00 ewc=0.0000e+00 val=1.1528e-03 lr=1.00e-04 time=57.50s
2025-07-28 21:57:57,910 - Epoch 6 task=1.1180e-03 kd=0.0000e+00 ewc=0.0000e+00 val=1.7454e-03 lr=1.00e-04 time=57.01s
2025-07-28 21:58:57,453 - Epoch 7 task=9.6202e-04 kd=0.0000e+00 ewc=0.0000e+00 val=1.7891e-03 lr=1.00e-04 time=57.84s
2025-07-28 21:59:56,377 - Epoch 8 task=9.9951e-04 kd=0.0000e+00 ewc=0.0000e+00 val=1.2381e-03 lr=1.00e-04 time=57.23s
2025-07-28 22:00:54,715 - Epoch 9 task=8.7619e-04 kd=0.0000e+00 ewc=0.0000e+00 val=1.6939e-03 lr=1.00e-04 time=56.64s
2025-07-28 22:01:54,186 - Epoch 10 task=8.7166e-04 kd=0.0000e+00 ewc=0.0000e+00 val=1.5406e-03 lr=1.00e-04 time=57.79s
2025-07-28 22:02:54,013 - Epoch 11 task=8.8653e-04 kd=0.0000e+00 ewc=0.0000e+00 val=1.5418e-03 lr=1.00e-04 time=58.15s
2025-07-28 22:03:54,067 - Epoch 12 task=6.6027e-04 kd=0.0000e+00 ewc=0.0000e+00 val=1.1302e-03 lr=5.00e-05 time=58.39s
2025-07-28 22:04:54,112 - Epoch 13 task=6.5692e-04 kd=0.0000e+00 ewc=0.0000e+00 val=1.2787e-03 lr=5.00e-05 time=58.32s
2025-07-28 22:05:54,238 - Epoch 14 task=6.4640e-04 kd=0.0000e+00 ewc=0.0000e+00 val=1.1374e-03 lr=5.00e-05 time=58.46s
2025-07-28 22:06:54,477 - Epoch 15 task=6.2822e-04 kd=0.0000e+00 ewc=0.0000e+00 val=1.2389e-03 lr=5.00e-05 time=58.55s
2025-07-28 22:07:54,774 - Epoch 16 task=6.0073e-04 kd=0.0000e+00 ewc=0.0000e+00 val=1.1606e-03 lr=5.00e-05 time=58.62s
2025-07-28 22:08:54,778 - Epoch 17 task=5.8988e-04 kd=0.0000e+00 ewc=0.0000e+00 val=1.3604e-03 lr=5.00e-05 time=58.33s
2025-07-28 22:09:54,595 - Epoch 18 task=6.0001e-04 kd=0.0000e+00 ewc=0.0000e+00 val=1.1834e-03 lr=5.00e-05 time=58.14s
2025-07-28 22:10:54,438 - Epoch 19 task=5.3789e-04 kd=0.0000e+00 ewc=0.0000e+00 val=1.1515e-03 lr=2.50e-05 time=58.16s
2025-07-28 22:11:52,654 - Epoch 20 task=5.2581e-04 kd=0.0000e+00 ewc=0.0000e+00 val=1.0609e-03 lr=2.50e-05 time=56.53s
2025-07-28 22:12:53,613 - Epoch 21 task=5.2421e-04 kd=0.0000e+00 ewc=0.0000e+00 val=1.2955e-03 lr=2.50e-05 time=59.20s
2025-07-28 22:13:57,119 - Epoch 22 task=5.1044e-04 kd=0.0000e+00 ewc=0.0000e+00 val=1.1603e-03 lr=2.50e-05 time=61.83s
2025-07-28 22:14:58,036 - Epoch 23 task=5.0655e-04 kd=0.0000e+00 ewc=0.0000e+00 val=9.9446e-04 lr=2.50e-05 time=59.23s
2025-07-28 22:15:57,625 - Epoch 24 task=4.9535e-04 kd=0.0000e+00 ewc=0.0000e+00 val=1.0211e-03 lr=2.50e-05 time=57.81s
2025-07-28 22:16:57,614 - Epoch 25 task=4.9537e-04 kd=0.0000e+00 ewc=0.0000e+00 val=1.5868e-03 lr=2.50e-05 time=58.31s
2025-07-28 22:17:57,091 - Epoch 26 task=4.9848e-04 kd=0.0000e+00 ewc=0.0000e+00 val=1.1865e-03 lr=2.50e-05 time=57.80s
2025-07-28 22:18:55,200 - Epoch 27 task=4.8224e-04 kd=0.0000e+00 ewc=0.0000e+00 val=1.2031e-03 lr=2.50e-05 time=56.43s
2025-07-28 22:19:53,279 - Epoch 28 task=4.6192e-04 kd=0.0000e+00 ewc=0.0000e+00 val=1.0148e-03 lr=2.50e-05 time=56.39s
2025-07-28 22:20:51,269 - Epoch 29 task=4.7122e-04 kd=0.0000e+00 ewc=0.0000e+00 val=1.2691e-03 lr=2.50e-05 time=56.29s
2025-07-28 22:21:49,142 - Epoch 30 task=4.4741e-04 kd=0.0000e+00 ewc=0.0000e+00 val=1.1552e-03 lr=1.25e-05 time=56.19s
2025-07-28 22:22:47,065 - Epoch 31 task=4.3775e-04 kd=0.0000e+00 ewc=0.0000e+00 val=9.6245e-04 lr=1.25e-05 time=56.25s
2025-07-28 22:23:45,127 - Epoch 32 task=4.3508e-04 kd=0.0000e+00 ewc=0.0000e+00 val=1.0464e-03 lr=1.25e-05 time=56.33s
2025-07-28 22:24:43,533 - Epoch 33 task=4.2837e-04 kd=0.0000e+00 ewc=0.0000e+00 val=9.8337e-04 lr=1.25e-05 time=56.71s
2025-07-28 22:25:42,166 - Epoch 34 task=4.2875e-04 kd=0.0000e+00 ewc=0.0000e+00 val=1.0709e-03 lr=1.25e-05 time=56.95s
2025-07-28 22:26:40,454 - Epoch 35 task=4.2246e-04 kd=0.0000e+00 ewc=0.0000e+00 val=1.1031e-03 lr=1.25e-05 time=56.58s
2025-07-28 22:27:38,774 - Epoch 36 task=4.1967e-04 kd=0.0000e+00 ewc=0.0000e+00 val=9.8145e-04 lr=1.25e-05 time=56.64s
2025-07-28 22:28:37,048 - Epoch 37 task=4.1214e-04 kd=0.0000e+00 ewc=0.0000e+00 val=1.0377e-03 lr=1.25e-05 time=56.59s
2025-07-28 22:29:35,360 - Epoch 38 task=4.0135e-04 kd=0.0000e+00 ewc=0.0000e+00 val=1.0318e-03 lr=6.25e-06 time=56.63s
2025-07-28 22:30:34,016 - Epoch 39 task=3.9782e-04 kd=0.0000e+00 ewc=0.0000e+00 val=9.7469e-04 lr=6.25e-06 time=56.98s
2025-07-28 22:31:33,438 - Epoch 40 task=3.9906e-04 kd=0.0000e+00 ewc=0.0000e+00 val=1.0366e-03 lr=6.25e-06 time=57.71s
2025-07-28 22:32:31,242 - Epoch 41 task=3.9410e-04 kd=0.0000e+00 ewc=0.0000e+00 val=1.0147e-03 lr=6.25e-06 time=56.12s
2025-07-28 22:33:29,729 - Epoch 42 task=3.9538e-04 kd=0.0000e+00 ewc=0.0000e+00 val=9.6546e-04 lr=6.25e-06 time=56.78s
2025-07-28 22:34:28,486 - Epoch 43 task=3.9314e-04 kd=0.0000e+00 ewc=0.0000e+00 val=9.9429e-04 lr=6.25e-06 time=57.08s
2025-07-28 22:35:27,228 - Epoch 44 task=3.8593e-04 kd=0.0000e+00 ewc=0.0000e+00 val=9.3836e-04 lr=3.13e-06 time=57.05s
2025-07-28 22:36:25,900 - Epoch 45 task=3.8687e-04 kd=0.0000e+00 ewc=0.0000e+00 val=9.6430e-04 lr=3.13e-06 time=56.90s
2025-07-28 22:37:24,472 - Epoch 46 task=3.8008e-04 kd=0.0000e+00 ewc=0.0000e+00 val=9.8993e-04 lr=3.13e-06 time=56.89s
2025-07-28 22:38:23,149 - Epoch 47 task=3.8210e-04 kd=0.0000e+00 ewc=0.0000e+00 val=9.2623e-04 lr=3.13e-06 time=56.99s
2025-07-28 22:39:21,959 - Epoch 48 task=3.7921e-04 kd=0.0000e+00 ewc=0.0000e+00 val=9.8204e-04 lr=3.13e-06 time=57.06s
2025-07-28 22:40:20,963 - Epoch 49 task=3.7942e-04 kd=0.0000e+00 ewc=0.0000e+00 val=9.8021e-04 lr=3.13e-06 time=57.01s
2025-07-28 22:41:19,627 - Epoch 50 task=3.7818e-04 kd=0.0000e+00 ewc=0.0000e+00 val=9.1876e-04 lr=3.13e-06 time=56.98s
2025-07-28 22:42:18,337 - Epoch 51 task=3.7777e-04 kd=0.0000e+00 ewc=0.0000e+00 val=9.6263e-04 lr=3.13e-06 time=56.98s
2025-07-28 22:43:17,658 - Epoch 52 task=3.7670e-04 kd=0.0000e+00 ewc=0.0000e+00 val=9.8338e-04 lr=3.13e-06 time=57.63s
2025-07-28 22:44:17,010 - Epoch 53 task=3.7518e-04 kd=0.0000e+00 ewc=0.0000e+00 val=9.3286e-04 lr=3.13e-06 time=57.67s
2025-07-28 22:45:15,769 - Epoch 54 task=3.7687e-04 kd=0.0000e+00 ewc=0.0000e+00 val=9.9359e-04 lr=3.13e-06 time=57.05s
2025-07-28 22:46:14,382 - Epoch 55 task=3.7360e-04 kd=0.0000e+00 ewc=0.0000e+00 val=9.5760e-04 lr=3.13e-06 time=56.92s
2025-07-28 22:47:12,686 - Epoch 56 task=3.7369e-04 kd=0.0000e+00 ewc=0.0000e+00 val=9.2257e-04 lr=3.13e-06 time=56.62s
2025-07-28 22:48:11,111 - Epoch 57 task=3.6778e-04 kd=0.0000e+00 ewc=0.0000e+00 val=9.4991e-04 lr=1.56e-06 time=56.74s
2025-07-28 22:49:10,204 - Epoch 58 task=3.6801e-04 kd=0.0000e+00 ewc=0.0000e+00 val=9.1469e-04 lr=1.56e-06 time=57.38s
2025-07-28 22:50:09,034 - Epoch 59 task=3.6929e-04 kd=0.0000e+00 ewc=0.0000e+00 val=9.1315e-04 lr=1.56e-06 time=57.07s
2025-07-28 22:51:07,908 - Epoch 60 task=3.6571e-04 kd=0.0000e+00 ewc=0.0000e+00 val=9.2684e-04 lr=1.56e-06 time=57.12s
2025-07-28 22:52:06,269 - Epoch 61 task=3.6880e-04 kd=0.0000e+00 ewc=0.0000e+00 val=9.3783e-04 lr=1.56e-06 time=56.67s
2025-07-28 22:53:04,963 - Epoch 62 task=3.6895e-04 kd=0.0000e+00 ewc=0.0000e+00 val=9.3043e-04 lr=1.56e-06 time=56.98s
2025-07-28 22:54:03,514 - Epoch 63 task=3.6401e-04 kd=0.0000e+00 ewc=0.0000e+00 val=9.1199e-04 lr=1.56e-06 time=56.87s
2025-07-28 22:55:02,134 - Epoch 64 task=3.6262e-04 kd=0.0000e+00 ewc=0.0000e+00 val=9.1520e-04 lr=1.56e-06 time=56.90s
2025-07-28 22:55:59,695 - Epoch 65 task=3.6474e-04 kd=0.0000e+00 ewc=0.0000e+00 val=9.3721e-04 lr=1.56e-06 time=55.88s
2025-07-28 22:56:57,085 - Epoch 66 task=3.6619e-04 kd=0.0000e+00 ewc=0.0000e+00 val=9.6628e-04 lr=1.56e-06 time=55.70s
2025-07-28 22:57:54,665 - Epoch 67 task=3.6495e-04 kd=0.0000e+00 ewc=0.0000e+00 val=8.9559e-04 lr=1.56e-06 time=55.87s
2025-07-28 22:58:52,152 - Epoch 68 task=3.6502e-04 kd=0.0000e+00 ewc=0.0000e+00 val=9.3809e-04 lr=1.56e-06 time=55.74s
2025-07-28 22:59:50,429 - Epoch 69 task=3.6478e-04 kd=0.0000e+00 ewc=0.0000e+00 val=8.9511e-04 lr=1.56e-06 time=56.59s
2025-07-28 23:00:47,114 - Epoch 70 task=3.6518e-04 kd=0.0000e+00 ewc=0.0000e+00 val=9.1424e-04 lr=1.56e-06 time=54.91s
2025-07-28 23:01:42,989 - Epoch 71 task=3.6302e-04 kd=0.0000e+00 ewc=0.0000e+00 val=9.2897e-04 lr=1.56e-06 time=54.19s
2025-07-28 23:02:39,204 - Epoch 72 task=3.5974e-04 kd=0.0000e+00 ewc=0.0000e+00 val=9.5738e-04 lr=1.56e-06 time=54.52s
2025-07-28 23:03:34,447 - Epoch 73 task=3.5966e-04 kd=0.0000e+00 ewc=0.0000e+00 val=9.4884e-04 lr=1.56e-06 time=53.55s
2025-07-28 23:04:30,469 - Epoch 74 task=3.6524e-04 kd=0.0000e+00 ewc=0.0000e+00 val=9.2213e-04 lr=1.56e-06 time=54.35s
2025-07-28 23:05:30,687 - Epoch 75 task=3.6234e-04 kd=0.0000e+00 ewc=0.0000e+00 val=9.5050e-04 lr=1.56e-06 time=58.54s
2025-07-28 23:06:31,305 - Epoch 76 task=3.6125e-04 kd=0.0000e+00 ewc=0.0000e+00 val=9.2398e-04 lr=7.81e-07 time=58.90s
2025-07-28 23:07:31,077 - Epoch 77 task=3.6045e-04 kd=0.0000e+00 ewc=0.0000e+00 val=9.1840e-04 lr=7.81e-07 time=58.07s
2025-07-28 23:08:34,485 - Epoch 78 task=3.5671e-04 kd=0.0000e+00 ewc=0.0000e+00 val=9.0096e-04 lr=7.81e-07 time=61.71s
2025-07-28 23:09:40,736 - Epoch 79 task=3.5981e-04 kd=0.0000e+00 ewc=0.0000e+00 val=9.2191e-04 lr=7.81e-07 time=64.52s
2025-07-28 23:10:47,127 - Epoch 80 task=3.5619e-04 kd=0.0000e+00 ewc=0.0000e+00 val=9.4603e-04 lr=7.81e-07 time=64.67s
2025-07-28 23:11:52,974 - Epoch 81 task=3.5973e-04 kd=0.0000e+00 ewc=0.0000e+00 val=9.3711e-04 lr=7.81e-07 time=64.14s
2025-07-28 23:12:59,846 - Epoch 82 task=3.5896e-04 kd=0.0000e+00 ewc=0.0000e+00 val=9.3457e-04 lr=3.91e-07 time=65.17s
2025-07-28 23:14:06,722 - Epoch 83 task=3.5816e-04 kd=0.0000e+00 ewc=0.0000e+00 val=9.3215e-04 lr=3.91e-07 time=65.17s
2025-07-28 23:15:14,787 - Epoch 84 task=3.5617e-04 kd=0.0000e+00 ewc=0.0000e+00 val=9.2807e-04 lr=3.91e-07 time=66.34s
2025-07-28 23:16:23,288 - Epoch 85 task=3.5726e-04 kd=0.0000e+00 ewc=0.0000e+00 val=9.1225e-04 lr=3.91e-07 time=66.80s
2025-07-28 23:17:32,511 - Epoch 86 task=3.5653e-04 kd=0.0000e+00 ewc=0.0000e+00 val=9.3528e-04 lr=3.91e-07 time=67.52s
2025-07-28 23:18:41,736 - Epoch 87 task=3.5629e-04 kd=0.0000e+00 ewc=0.0000e+00 val=9.1778e-04 lr=3.91e-07 time=67.51s
2025-07-28 23:19:51,720 - Epoch 88 task=3.5807e-04 kd=0.0000e+00 ewc=0.0000e+00 val=9.1593e-04 lr=1.95e-07 time=68.28s
2025-07-28 23:21:01,173 - Epoch 89 task=3.5625e-04 kd=0.0000e+00 ewc=0.0000e+00 val=9.3775e-04 lr=1.95e-07 time=67.75s
2025-07-28 23:21:01,195 - Early stopping at epoch 89
2025-07-28 23:21:05,236 - Consolidating task 2 with EWC lambda: 0.0000
2025-07-28 23:21:38,184 - Task 2 consolidated with EWC lambda=0.0000
2025-07-28 23:21:38,194 - Task 2 completed and consolidated.
2025-07-28 23:21:38,208 - ==== Incremental Training Complete ====
2025-07-28 23:21:38,217 - ==== Starting Comprehensive Evaluation ====
2025-07-28 23:21:38,300 - Evaluating model trained after task 0...
2025-07-28 23:21:51,409 -   Task 0 -> Test Task 0: MAE=4.6181e-02, R=-0.0462
2025-07-28 23:21:53,022 -   Task 0 -> Test Task 1: MAE=5.2121e-02, R=-0.0521
2025-07-28 23:21:54,384 -   Task 0 -> Test Task 2: MAE=1.5861e-01, R=-0.1586
2025-07-28 23:21:54,392 - Evaluating model trained after task 1...
2025-07-28 23:22:07,317 -   Task 1 -> Test Task 0: MAE=2.1364e-02, R=-0.0214
2025-07-28 23:22:08,954 -   Task 1 -> Test Task 1: MAE=7.7235e-02, R=-0.0772
2025-07-28 23:22:10,307 -   Task 1 -> Test Task 2: MAE=1.2658e-01, R=-0.1266
2025-07-28 23:22:10,318 - Evaluating model trained after task 2...
2025-07-28 23:22:23,510 -   Task 2 -> Test Task 0: MAE=6.7374e-02, R=-0.0674
2025-07-28 23:22:25,120 -   Task 2 -> Test Task 1: MAE=6.6560e-02, R=-0.0666
2025-07-28 23:22:26,488 -   Task 2 -> Test Task 2: MAE=1.0537e-01, R=-0.1054
2025-07-28 23:22:26,496 - ==== Computing Continual Learning Metrics ====
2025-07-28 23:22:26,508 - Computing random initialization baselines...
2025-07-28 23:22:29,632 -   Baseline Task 0: R=-0.9926
2025-07-28 23:22:31,234 -   Baseline Task 1: R=-0.8954
2025-07-28 23:22:32,583 -   Baseline Task 2: R=-0.7892
2025-07-28 23:22:32,592 - ==== Continual Learning Results ====
2025-07-28 23:22:32,603 - BWT (Backward Transfer): -0.0053 (less negative = less forgetting)
2025-07-28 23:22:32,612 - FWT (Forward Transfer): 0.7529 (positive = beneficial transfer)
2025-07-28 23:22:32,622 - ACC (Average Accuracy): -0.0798
2025-07-28 23:22:32,631 - ==== Performance Matrix R[i][j] ====
2025-07-28 23:22:32,641 - Rows: trained after task i, Columns: evaluated on task j
2025-07-28 23:22:32,653 -        Task 0 Task 1 Task 2
2025-07-28 23:22:32,662 - Task 0: -0.0462 -0.0521 -0.1586
2025-07-28 23:22:32,674 - Task 1: -0.0214 -0.0772 -0.1266
2025-07-28 23:22:32,687 - Task 2: -0.0674 -0.0666 -0.1054
2025-07-28 23:22:32,946 - ==== Evaluation Complete ====
2025-07-28 23:22:32,954 - All results saved to: /beegfs/home/users/z/zzhuqshun/Thesis/05_Final/ewc/strategies/fine-tuning0/incremental/metrics
2025-07-28 23:22:32,965 - ==== Final Summary ====
2025-07-28 23:22:32,975 - Continual Learning Metrics:
2025-07-28 23:22:32,985 -   BWT: -0.0053
2025-07-28 23:22:32,997 -   FWT: 0.7529
2025-07-28 23:22:33,008 -   ACC: -0.0798
2025-07-28 23:22:33,019 -   num_tasks: 3.0000
2025-07-28 23:22:33,027 - ==== Experiment Complete ====
