2025-06-14 11:38:38,501 - ==== Regular LSTM Training Phase ====
2025-06-14 11:39:25,751 - Base train IDs: ['03', '05', '07', '09', '11', '15', '21', '23', '25', '27', '29']
2025-06-14 11:39:25,751 - Base train size: 205644
2025-06-14 11:39:25,751 - Base val IDs: ['01', '19', '13']
2025-06-14 11:39:25,751 - Base val size: 58177
2025-06-14 11:39:25,751 - Update1 train IDs: []
2025-06-14 11:39:25,751 - Update1 train size: 0
2025-06-14 11:39:25,751 - Update1 val IDs: []
2025-06-14 11:39:25,751 - Update1 val size: 0
2025-06-14 11:39:25,751 - Update2 train IDs: []
2025-06-14 11:39:25,751 - Update2 train size: 0
2025-06-14 11:39:25,751 - Update2 val IDs: []
2025-06-14 11:39:25,751 - Update2 val size: 0
2025-06-14 11:39:29,899 - Test cell ID: 17
2025-06-14 11:39:29,911 - Test size: 22872
2025-06-14 11:39:29,911 - Test base size: 11139
2025-06-14 11:39:29,911 - Test update1 size: 6312
2025-06-14 11:39:29,911 - Test update2 size: 5421
2025-06-14 11:43:51,012 - Epoch 1, Train Loss: 2.2571e-02, Val Loss: 1.8462e-03, LR: 1.0000e-04, Time: 259.69s
2025-06-14 11:48:07,713 - Epoch 2, Train Loss: 6.4996e-03, Val Loss: 1.5726e-03, LR: 1.0000e-04, Time: 256.65s
