2025-05-22 10:14:14,908 - ==== Regular LSTM Training Phase ====
2025-05-22 10:17:52,847 - Base train IDs: ['03', '05', '07', '09', '11', '15', '21', '23', '25', '27', '29']
2025-05-22 10:17:52,851 - Base train size: 205644
2025-05-22 10:17:52,855 - Base val IDs: ['01', '19', '13']
2025-05-22 10:17:52,857 - Base val size: 58177
2025-05-22 10:17:52,859 - Update1 train IDs: []
2025-05-22 10:17:52,860 - Update1 train size: 0
2025-05-22 10:17:52,862 - Update1 val IDs: []
2025-05-22 10:17:52,864 - Update1 val size: 0
2025-05-22 10:17:52,866 - Update2 train IDs: []
2025-05-22 10:17:52,868 - Update2 train size: 0
2025-05-22 10:17:52,869 - Update2 val IDs: []
2025-05-22 10:17:52,871 - Update2 val size: 0
2025-05-22 10:18:09,083 - Test cell ID: 17
2025-05-22 10:18:09,085 - Test size: 22872
2025-05-22 10:18:09,087 - Test base size: 11139
2025-05-22 10:18:09,089 - Test update1 size: 6312
2025-05-22 10:18:09,091 - Test update2 size: 5421
2025-05-22 10:21:14,764 - Epoch 1/200
2025-05-22 10:24:57,928 - Epoch 1, Train Loss: 1.5631e-02, Val Loss: 1.8590e-03, LR: 1.0000e-04, Time: 223.16s
2025-05-22 10:24:58,094 - Epoch 2/200
2025-05-22 10:28:50,979 - Epoch 2, Train Loss: 4.8687e-03, Val Loss: 1.0709e-03, LR: 1.0000e-04, Time: 232.88s
2025-05-22 10:28:51,163 - Epoch 3/200
2025-05-22 10:32:43,677 - Epoch 3, Train Loss: 2.7968e-03, Val Loss: 7.3890e-04, LR: 1.0000e-04, Time: 232.51s
2025-05-22 10:32:43,891 - Epoch 4/200
2025-05-22 10:37:02,208 - Epoch 4, Train Loss: 1.6071e-03, Val Loss: 6.3036e-04, LR: 1.0000e-04, Time: 258.32s
2025-05-22 10:37:02,378 - Epoch 5/200
2025-05-22 10:40:57,135 - Epoch 5, Train Loss: 2.7297e-03, Val Loss: 1.3044e-03, LR: 1.0000e-04, Time: 234.76s
2025-05-22 10:40:57,299 - Epoch 6/200
2025-05-22 10:44:51,924 - Epoch 6, Train Loss: 1.7009e-03, Val Loss: 7.5219e-04, LR: 1.0000e-04, Time: 234.63s
2025-05-22 10:44:52,093 - Epoch 7/200
2025-05-22 10:48:39,447 - Epoch 7, Train Loss: 6.8003e-04, Val Loss: 7.9320e-04, LR: 1.0000e-04, Time: 227.35s
2025-05-22 10:48:47,889 - Epoch 8/200
2025-05-22 10:52:40,041 - Epoch 8, Train Loss: 4.6231e-04, Val Loss: 5.3540e-04, LR: 1.0000e-04, Time: 232.15s
2025-05-22 10:52:40,236 - Epoch 9/200
2025-05-22 10:56:18,585 - Epoch 9, Train Loss: 3.4511e-04, Val Loss: 3.8339e-04, LR: 1.0000e-04, Time: 218.35s
2025-05-22 10:56:18,775 - Epoch 10/200
2025-05-22 10:59:54,402 - Epoch 10, Train Loss: 3.0217e-04, Val Loss: 3.3867e-04, LR: 1.0000e-04, Time: 215.63s
2025-05-22 10:59:54,510 - Epoch 11/200
2025-05-22 11:03:22,938 - Epoch 11, Train Loss: 2.2529e-04, Val Loss: 2.4818e-04, LR: 1.0000e-04, Time: 208.43s
2025-05-22 11:03:23,055 - Epoch 12/200
2025-05-22 11:07:09,179 - Epoch 12, Train Loss: 1.9936e-04, Val Loss: 3.2200e-04, LR: 1.0000e-04, Time: 226.12s
2025-05-22 11:07:09,297 - Epoch 13/200
2025-05-22 11:10:50,738 - Epoch 13, Train Loss: 1.7672e-04, Val Loss: 3.2535e-04, LR: 1.0000e-04, Time: 221.44s
2025-05-22 11:10:50,896 - Epoch 14/200
2025-05-22 11:14:51,147 - Epoch 14, Train Loss: 1.6512e-04, Val Loss: 2.3380e-04, LR: 1.0000e-04, Time: 240.25s
2025-05-22 11:14:51,338 - Epoch 15/200
2025-05-22 11:19:01,154 - Epoch 15, Train Loss: 1.5537e-04, Val Loss: 2.9550e-04, LR: 1.0000e-04, Time: 249.82s
2025-05-22 11:19:01,338 - Epoch 16/200
2025-05-22 11:23:01,810 - Epoch 16, Train Loss: 1.5254e-04, Val Loss: 2.7081e-04, LR: 1.0000e-04, Time: 240.47s
2025-05-22 11:23:01,984 - Epoch 17/200
2025-05-22 11:27:27,195 - Epoch 17, Train Loss: 1.3880e-04, Val Loss: 3.2607e-04, LR: 1.0000e-04, Time: 265.21s
2025-05-22 11:27:27,362 - Epoch 18/200
2025-05-22 11:31:31,493 - Epoch 18, Train Loss: 1.3546e-04, Val Loss: 3.2293e-04, LR: 1.0000e-04, Time: 244.13s
2025-05-22 11:31:31,600 - Epoch 19/200
2025-05-22 11:35:46,224 - Epoch 19, Train Loss: 1.3371e-04, Val Loss: 2.0395e-04, LR: 1.0000e-04, Time: 254.62s
2025-05-22 11:35:46,418 - Epoch 20/200
2025-05-22 11:39:55,922 - Epoch 20, Train Loss: 1.2733e-04, Val Loss: 3.4170e-04, LR: 1.0000e-04, Time: 249.50s
2025-05-22 11:39:56,253 - Epoch 21/200
2025-05-22 11:44:37,572 - Epoch 21, Train Loss: 1.2492e-04, Val Loss: 4.1304e-04, LR: 1.0000e-04, Time: 281.32s
2025-05-22 11:44:37,863 - Epoch 22/200
2025-05-22 11:49:15,634 - Epoch 22, Train Loss: 1.2161e-04, Val Loss: 2.0857e-04, LR: 1.0000e-04, Time: 277.77s
2025-05-22 11:49:15,790 - Epoch 23/200
2025-05-22 11:53:39,247 - Epoch 23, Train Loss: 1.1744e-04, Val Loss: 4.3979e-04, LR: 1.0000e-04, Time: 263.46s
2025-05-22 11:53:39,414 - Epoch 24/200
2025-05-22 11:57:50,174 - Epoch 24, Train Loss: 1.2199e-04, Val Loss: 5.5685e-04, LR: 1.0000e-04, Time: 250.76s
2025-05-22 11:57:50,341 - Epoch 25/200
2025-05-22 12:02:13,785 - Epoch 25, Train Loss: 1.1363e-04, Val Loss: 3.3300e-04, LR: 5.0000e-05, Time: 263.44s
2025-05-22 12:02:22,118 - Epoch 26/200
2025-05-22 12:06:34,801 - Epoch 26, Train Loss: 9.9922e-05, Val Loss: 3.1505e-04, LR: 5.0000e-05, Time: 252.68s
2025-05-22 12:06:34,948 - Epoch 27/200
2025-05-22 12:10:36,465 - Epoch 27, Train Loss: 9.8059e-05, Val Loss: 4.5711e-04, LR: 5.0000e-05, Time: 241.52s
2025-05-22 12:10:36,663 - Epoch 28/200
2025-05-22 12:14:48,423 - Epoch 28, Train Loss: 9.7602e-05, Val Loss: 4.4293e-04, LR: 5.0000e-05, Time: 251.76s
2025-05-22 12:14:48,665 - Epoch 29/200
2025-05-22 12:18:41,278 - Epoch 29, Train Loss: 9.7290e-05, Val Loss: 4.3477e-04, LR: 5.0000e-05, Time: 232.61s
2025-05-22 12:18:49,530 - Epoch 30/200
2025-05-22 12:22:41,188 - Epoch 30, Train Loss: 9.6848e-05, Val Loss: 3.9447e-04, LR: 5.0000e-05, Time: 231.66s
2025-05-22 12:22:41,318 - Epoch 31/200
2025-05-22 12:26:24,021 - Epoch 31, Train Loss: 9.7058e-05, Val Loss: 4.3348e-04, LR: 2.5000e-05, Time: 222.70s
2025-05-22 12:26:24,142 - Epoch 32/200
2025-05-22 12:29:50,941 - Epoch 32, Train Loss: 8.9902e-05, Val Loss: 4.0386e-04, LR: 2.5000e-05, Time: 206.80s
2025-05-22 12:29:51,239 - Epoch 33/200
2025-05-22 12:33:18,991 - Epoch 33, Train Loss: 8.8729e-05, Val Loss: 5.1914e-04, LR: 2.5000e-05, Time: 207.75s
2025-05-22 12:33:19,123 - Epoch 34/200
2025-05-22 12:36:50,525 - Epoch 34, Train Loss: 8.7763e-05, Val Loss: 4.4613e-04, LR: 2.5000e-05, Time: 211.40s
2025-05-22 12:36:50,660 - Epoch 35/200
2025-05-22 12:40:34,330 - Epoch 35, Train Loss: 8.8006e-05, Val Loss: 5.5468e-04, LR: 2.5000e-05, Time: 223.67s
2025-05-22 12:40:34,443 - Epoch 36/200
2025-05-22 12:44:07,442 - Epoch 36, Train Loss: 8.6422e-05, Val Loss: 4.3928e-04, LR: 2.5000e-05, Time: 213.00s
2025-05-22 12:44:07,622 - Epoch 37/200
2025-05-22 12:47:46,378 - Epoch 37, Train Loss: 8.6329e-05, Val Loss: 4.8790e-04, LR: 1.2500e-05, Time: 218.76s
2025-05-22 12:47:46,481 - Epoch 38/200
2025-05-22 12:51:28,857 - Epoch 38, Train Loss: 8.3155e-05, Val Loss: 5.0504e-04, LR: 1.2500e-05, Time: 222.38s
2025-05-22 12:51:28,986 - Epoch 39/200
2025-05-22 12:54:58,879 - Epoch 39, Train Loss: 8.2777e-05, Val Loss: 5.0580e-04, LR: 1.2500e-05, Time: 209.89s
2025-05-22 12:54:59,009 - Early stopping at epoch 39
2025-05-22 12:55:19,224 - [Regular BEST] RMSE: 0.0151, MAE: 0.0116, R2: 0.9676
2025-05-22 12:55:33,640 - [Regular LAST] RMSE: 0.0166, MAE: 0.0128, R2: 0.9613
2025-05-22 12:55:33,643 - ==== Incremental EWC Training Phase ====
2025-05-22 12:59:09,189 - Base train IDs: ['01', '03', '05', '21', '27']
2025-05-22 12:59:09,204 - Base train size: 119705
2025-05-22 12:59:09,207 - Base val IDs: ['23']
2025-05-22 12:59:09,211 - Base val size: 24176
2025-05-22 12:59:09,216 - Update1 train IDs: ['07', '09', '11', '19', '23']
2025-05-22 12:59:09,220 - Update1 train size: 102537
2025-05-22 12:59:09,224 - Update1 val IDs: ['25']
2025-05-22 12:59:09,229 - Update1 val size: 18326
2025-05-22 12:59:09,233 - Update2 train IDs: ['15', '25', '29']
2025-05-22 12:59:09,237 - Update2 train size: 35134
2025-05-22 12:59:09,241 - Update2 val IDs: ['13']
2025-05-22 12:59:09,244 - Update2 val size: 6445
2025-05-22 12:59:25,135 - Test cell ID: 17
2025-05-22 12:59:25,136 - Test size: 22872
2025-05-22 12:59:25,137 - Test base size: 11139
2025-05-22 12:59:25,139 - Test update1 size: 6312
2025-05-22 12:59:25,141 - Test update2 size: 5421
2025-05-22 12:59:25,474 - [task0] Training...
2025-05-22 12:59:25,525 - Epoch 1/200
2025-05-22 13:01:23,993 - Epoch 1, Train Loss: 1.6394e-02, Val Loss: 2.3328e-03, LR: 1.0000e-04, Time: 118.47s
2025-05-22 13:01:24,204 - Epoch 2/200
2025-05-22 13:03:22,958 - Epoch 2, Train Loss: 6.3883e-03, Val Loss: 2.3170e-03, LR: 1.0000e-04, Time: 118.75s
2025-05-22 13:03:23,091 - Epoch 3/200
2025-05-22 13:05:23,809 - Epoch 3, Train Loss: 4.6069e-03, Val Loss: 3.3974e-03, LR: 1.0000e-04, Time: 120.72s
2025-05-22 13:05:23,949 - Epoch 4/200
2025-05-22 13:07:24,187 - Epoch 4, Train Loss: 3.4374e-03, Val Loss: 2.3207e-03, LR: 1.0000e-04, Time: 120.24s
2025-05-22 13:07:24,341 - Epoch 5/200
2025-05-22 13:09:25,251 - Epoch 5, Train Loss: 2.5095e-03, Val Loss: 2.8210e-03, LR: 1.0000e-04, Time: 120.91s
2025-05-22 13:09:25,445 - Epoch 6/200
2025-05-22 13:11:46,075 - Epoch 6, Train Loss: 1.7239e-03, Val Loss: 2.0729e-03, LR: 1.0000e-04, Time: 140.63s
2025-05-22 13:11:46,238 - Epoch 7/200
2025-05-22 13:14:00,240 - Epoch 7, Train Loss: 1.2402e-03, Val Loss: 2.5439e-03, LR: 1.0000e-04, Time: 134.00s
2025-05-22 13:14:00,520 - Epoch 8/200
2025-05-22 13:16:12,810 - Epoch 8, Train Loss: 8.3875e-04, Val Loss: 1.8119e-03, LR: 1.0000e-04, Time: 132.29s
2025-05-22 13:16:13,012 - Epoch 9/200
2025-05-22 13:18:30,817 - Epoch 9, Train Loss: 6.3582e-04, Val Loss: 1.7090e-03, LR: 1.0000e-04, Time: 137.81s
2025-05-22 13:18:30,987 - Epoch 10/200
2025-05-22 13:20:55,935 - Epoch 10, Train Loss: 5.4924e-04, Val Loss: 2.3180e-03, LR: 1.0000e-04, Time: 144.95s
2025-05-22 13:20:56,125 - Epoch 11/200
2025-05-22 13:23:08,416 - Epoch 11, Train Loss: 4.7899e-04, Val Loss: 1.6483e-03, LR: 1.0000e-04, Time: 132.29s
2025-05-22 13:23:08,644 - Epoch 12/200
2025-05-22 13:25:30,881 - Epoch 12, Train Loss: 5.4390e-04, Val Loss: 2.6129e-03, LR: 1.0000e-04, Time: 142.24s
2025-05-22 13:25:31,040 - Epoch 13/200
2025-05-22 13:27:43,637 - Epoch 13, Train Loss: 6.0908e-04, Val Loss: 2.3971e-03, LR: 1.0000e-04, Time: 132.60s
2025-05-22 13:27:43,751 - Epoch 14/200
2025-05-22 13:29:50,164 - Epoch 14, Train Loss: 4.8471e-04, Val Loss: 1.7590e-03, LR: 1.0000e-04, Time: 126.41s
2025-05-22 13:29:50,276 - Epoch 15/200
2025-05-22 13:32:00,359 - Epoch 15, Train Loss: 4.4789e-04, Val Loss: 2.0036e-03, LR: 1.0000e-04, Time: 130.08s
2025-05-22 13:32:00,439 - Epoch 16/200
2025-05-22 13:34:00,387 - Epoch 16, Train Loss: 4.5043e-04, Val Loss: 1.6849e-03, LR: 1.0000e-04, Time: 119.95s
2025-05-22 13:34:08,658 - Epoch 17/200
2025-05-22 13:36:07,334 - Epoch 17, Train Loss: 4.6151e-04, Val Loss: 2.9113e-03, LR: 5.0000e-05, Time: 118.68s
2025-05-22 13:36:07,442 - Epoch 18/200
2025-05-22 13:38:08,115 - Epoch 18, Train Loss: 3.8899e-04, Val Loss: 2.4948e-03, LR: 5.0000e-05, Time: 120.67s
2025-05-22 13:38:08,230 - Epoch 19/200
2025-05-22 13:40:03,263 - Epoch 19, Train Loss: 3.3026e-04, Val Loss: 2.8965e-03, LR: 5.0000e-05, Time: 115.03s
2025-05-22 13:40:03,374 - Epoch 20/200
2025-05-22 13:41:57,904 - Epoch 20, Train Loss: 2.5329e-04, Val Loss: 1.6402e-03, LR: 5.0000e-05, Time: 114.53s
2025-05-22 13:41:58,061 - Epoch 21/200
2025-05-22 13:43:50,600 - Epoch 21, Train Loss: 2.1922e-04, Val Loss: 1.4834e-03, LR: 5.0000e-05, Time: 112.54s
2025-05-22 13:43:50,725 - Epoch 22/200
2025-05-22 13:45:43,265 - Epoch 22, Train Loss: 2.4438e-04, Val Loss: 2.1835e-03, LR: 5.0000e-05, Time: 112.54s
2025-05-22 13:45:43,372 - Epoch 23/200
2025-05-22 13:47:57,868 - Epoch 23, Train Loss: 4.4512e-04, Val Loss: 1.7270e-03, LR: 5.0000e-05, Time: 134.50s
2025-05-22 13:47:57,979 - Epoch 24/200
2025-05-22 13:49:51,818 - Epoch 24, Train Loss: 2.1385e-04, Val Loss: 1.9032e-03, LR: 5.0000e-05, Time: 113.84s
2025-05-22 13:49:51,905 - Epoch 25/200
2025-05-22 13:51:49,606 - Epoch 25, Train Loss: 1.7908e-04, Val Loss: 1.3079e-03, LR: 5.0000e-05, Time: 117.70s
2025-05-22 13:51:49,747 - Epoch 26/200
2025-05-22 13:53:48,051 - Epoch 26, Train Loss: 1.7634e-04, Val Loss: 1.3426e-03, LR: 5.0000e-05, Time: 118.30s
2025-05-22 13:53:48,164 - Epoch 27/200
2025-05-22 13:55:45,582 - Epoch 27, Train Loss: 2.1657e-04, Val Loss: 1.5970e-03, LR: 5.0000e-05, Time: 117.42s
2025-05-22 13:55:45,678 - Epoch 28/200
2025-05-22 13:57:38,492 - Epoch 28, Train Loss: 1.4305e-04, Val Loss: 1.2081e-03, LR: 5.0000e-05, Time: 112.81s
2025-05-22 13:57:46,686 - Epoch 29/200
2025-05-22 13:59:41,414 - Epoch 29, Train Loss: 1.4110e-04, Val Loss: 1.2785e-03, LR: 5.0000e-05, Time: 114.73s
2025-05-22 13:59:41,532 - Epoch 30/200
2025-05-22 14:01:31,207 - Epoch 30, Train Loss: 1.9899e-04, Val Loss: 1.4798e-03, LR: 5.0000e-05, Time: 109.67s
2025-05-22 14:01:31,269 - Epoch 31/200
2025-05-22 14:03:24,631 - Epoch 31, Train Loss: 1.3552e-04, Val Loss: 2.1323e-03, LR: 5.0000e-05, Time: 113.36s
2025-05-22 14:03:24,692 - Epoch 32/200
2025-05-22 14:05:09,213 - Epoch 32, Train Loss: 1.8812e-04, Val Loss: 1.5169e-03, LR: 5.0000e-05, Time: 104.52s
2025-05-22 14:05:09,273 - Epoch 33/200
2025-05-22 14:06:53,471 - Epoch 33, Train Loss: 1.2173e-04, Val Loss: 1.0560e-03, LR: 5.0000e-05, Time: 104.20s
2025-05-22 14:06:53,548 - Epoch 34/200
2025-05-22 14:08:41,247 - Epoch 34, Train Loss: 1.7895e-04, Val Loss: 1.1862e-03, LR: 5.0000e-05, Time: 107.70s
2025-05-22 14:08:41,323 - Epoch 35/200
2025-05-22 14:10:31,822 - Epoch 35, Train Loss: 1.3144e-04, Val Loss: 1.1889e-03, LR: 5.0000e-05, Time: 110.50s
2025-05-22 14:10:31,901 - Epoch 36/200
2025-05-22 14:12:23,725 - Epoch 36, Train Loss: 9.2321e-05, Val Loss: 1.0877e-03, LR: 5.0000e-05, Time: 111.82s
2025-05-22 14:12:23,808 - Epoch 37/200
2025-05-22 14:14:14,617 - Epoch 37, Train Loss: 7.7729e-05, Val Loss: 1.1673e-03, LR: 5.0000e-05, Time: 110.81s
2025-05-22 14:14:14,685 - Epoch 38/200
2025-05-22 14:16:05,929 - Epoch 38, Train Loss: 6.9557e-05, Val Loss: 1.1933e-03, LR: 5.0000e-05, Time: 111.24s
2025-05-22 14:16:06,024 - Epoch 39/200
2025-05-22 14:17:58,621 - Epoch 39, Train Loss: 5.9847e-05, Val Loss: 1.3382e-03, LR: 2.5000e-05, Time: 112.60s
2025-05-22 14:17:58,703 - Epoch 40/200
2025-05-22 14:19:57,399 - Epoch 40, Train Loss: 4.9443e-05, Val Loss: 1.3715e-03, LR: 2.5000e-05, Time: 118.70s
2025-05-22 14:19:57,511 - Epoch 41/200
2025-05-22 14:21:55,667 - Epoch 41, Train Loss: 4.8854e-05, Val Loss: 1.7342e-03, LR: 2.5000e-05, Time: 118.16s
2025-05-22 14:21:55,757 - Epoch 42/200
2025-05-22 14:23:57,859 - Epoch 42, Train Loss: 5.9782e-05, Val Loss: 1.3500e-03, LR: 2.5000e-05, Time: 122.10s
2025-05-22 14:23:57,988 - Epoch 43/200
2025-05-22 14:25:58,763 - Epoch 43, Train Loss: 4.4666e-05, Val Loss: 1.5326e-03, LR: 2.5000e-05, Time: 120.78s
2025-05-22 14:25:58,851 - Epoch 44/200
2025-05-22 14:27:58,432 - Epoch 44, Train Loss: 4.1638e-05, Val Loss: 1.6132e-03, LR: 2.5000e-05, Time: 119.58s
2025-05-22 14:27:58,529 - Epoch 45/200
2025-05-22 14:29:54,421 - Epoch 45, Train Loss: 4.1991e-05, Val Loss: 1.7907e-03, LR: 1.2500e-05, Time: 115.89s
2025-05-22 14:29:54,509 - Epoch 46/200
2025-05-22 14:31:50,833 - Epoch 46, Train Loss: 3.7268e-05, Val Loss: 1.7097e-03, LR: 1.2500e-05, Time: 116.32s
2025-05-22 14:31:50,920 - Epoch 47/200
2025-05-22 14:33:48,305 - Epoch 47, Train Loss: 3.5862e-05, Val Loss: 1.7177e-03, LR: 1.2500e-05, Time: 117.38s
2025-05-22 14:33:48,379 - Epoch 48/200
2025-05-22 14:35:45,569 - Epoch 48, Train Loss: 3.4267e-05, Val Loss: 1.7894e-03, LR: 1.2500e-05, Time: 117.19s
2025-05-22 14:35:45,652 - Epoch 49/200
2025-05-22 14:37:46,963 - Epoch 49, Train Loss: 3.3410e-05, Val Loss: 1.9897e-03, LR: 1.2500e-05, Time: 121.31s
2025-05-22 14:37:47,081 - Epoch 50/200
2025-05-22 14:40:04,145 - Epoch 50, Train Loss: 3.3831e-05, Val Loss: 1.7915e-03, LR: 1.2500e-05, Time: 137.06s
2025-05-22 14:40:04,245 - Epoch 51/200
2025-05-22 14:42:22,922 - Epoch 51, Train Loss: 3.2788e-05, Val Loss: 2.0693e-03, LR: 6.2500e-06, Time: 138.68s
2025-05-22 14:42:23,017 - Epoch 52/200
2025-05-22 14:44:34,898 - Epoch 52, Train Loss: 3.0662e-05, Val Loss: 2.0801e-03, LR: 6.2500e-06, Time: 131.88s
2025-05-22 14:44:35,010 - Epoch 53/200
2025-05-22 14:46:36,972 - Epoch 53, Train Loss: 3.0658e-05, Val Loss: 2.1031e-03, LR: 6.2500e-06, Time: 121.96s
2025-05-22 14:46:37,085 - Early stopping at epoch 53
2025-05-22 14:46:37,126 - [task0] Training completed.
2025-05-22 14:46:37,137 - [task0] Consolidating...
2025-05-22 14:48:03,248 - [task0] Consolidation completed.
2025-05-22 14:48:17,661 - [task0 BEST] RMSE: 0.0876, MAE: 0.0747, R2: -0.0835
2025-05-22 14:48:32,146 - [task0 LAST] RMSE: 0.0819, MAE: 0.0742, R2: 0.0525
2025-05-22 14:48:32,147 - [task0] Finished.
2025-05-22 14:48:32,213 - [task1] Training...
2025-05-22 14:48:32,227 - Epoch 1/200
2025-05-22 14:50:13,626 - Epoch 1, Train Loss: 2.9243e-04, Val Loss: 1.5851e-03, LR: 1.0000e-04, Time: 101.40s
2025-05-22 14:50:13,827 - Epoch 2/200
2025-05-22 14:51:55,416 - Epoch 2, Train Loss: 1.5482e-04, Val Loss: 2.7293e-03, LR: 1.0000e-04, Time: 101.59s
2025-05-22 14:51:55,534 - Epoch 3/200
2025-05-22 14:53:38,006 - Epoch 3, Train Loss: 1.4071e-04, Val Loss: 1.7201e-03, LR: 1.0000e-04, Time: 102.47s
2025-05-22 14:53:38,113 - Epoch 4/200
2025-05-22 14:55:23,771 - Epoch 4, Train Loss: 1.3180e-04, Val Loss: 2.1405e-03, LR: 1.0000e-04, Time: 105.66s
2025-05-22 14:55:23,881 - Epoch 5/200
2025-05-22 14:57:08,294 - Epoch 5, Train Loss: 1.2527e-04, Val Loss: 2.3163e-03, LR: 1.0000e-04, Time: 104.41s
2025-05-22 14:57:09,781 - Epoch 6/200
2025-05-22 14:59:02,853 - Epoch 6, Train Loss: 1.2121e-04, Val Loss: 2.4374e-03, LR: 1.0000e-04, Time: 113.07s
2025-05-22 14:59:11,264 - Epoch 7/200
2025-05-22 15:00:57,739 - Epoch 7, Train Loss: 1.1850e-04, Val Loss: 2.1435e-03, LR: 5.0000e-05, Time: 106.48s
2025-05-22 15:00:57,879 - Epoch 8/200
2025-05-22 15:02:44,396 - Epoch 8, Train Loss: 1.0190e-04, Val Loss: 2.3413e-03, LR: 5.0000e-05, Time: 106.52s
2025-05-22 15:02:44,501 - Epoch 9/200
2025-05-22 15:04:19,727 - Epoch 9, Train Loss: 1.0010e-04, Val Loss: 2.4877e-03, LR: 5.0000e-05, Time: 95.23s
2025-05-22 15:04:36,080 - Epoch 10/200
2025-05-22 15:06:10,216 - Epoch 10, Train Loss: 9.8132e-05, Val Loss: 2.5631e-03, LR: 5.0000e-05, Time: 94.14s
2025-05-22 15:06:10,316 - Epoch 11/200
2025-05-22 15:07:44,734 - Epoch 11, Train Loss: 9.5646e-05, Val Loss: 2.1551e-03, LR: 5.0000e-05, Time: 94.42s
2025-05-22 15:07:44,819 - Epoch 12/200
2025-05-22 15:09:15,486 - Epoch 12, Train Loss: 9.5406e-05, Val Loss: 2.5598e-03, LR: 5.0000e-05, Time: 90.67s
2025-05-22 15:09:15,574 - Epoch 13/200
2025-05-22 15:10:56,413 - Epoch 13, Train Loss: 9.3651e-05, Val Loss: 2.5778e-03, LR: 2.5000e-05, Time: 100.84s
2025-05-22 15:10:56,497 - Epoch 14/200
2025-05-22 15:12:28,872 - Epoch 14, Train Loss: 8.7544e-05, Val Loss: 2.7874e-03, LR: 2.5000e-05, Time: 92.37s
2025-05-22 15:12:28,960 - Epoch 15/200
2025-05-22 15:14:00,318 - Epoch 15, Train Loss: 8.9651e-05, Val Loss: 2.2796e-03, LR: 2.5000e-05, Time: 91.36s
2025-05-22 15:14:00,414 - Epoch 16/200
2025-05-22 15:15:35,759 - Epoch 16, Train Loss: 8.7520e-05, Val Loss: 2.1470e-03, LR: 2.5000e-05, Time: 95.34s
2025-05-22 15:15:35,861 - Epoch 17/200
2025-05-22 15:17:16,723 - Epoch 17, Train Loss: 8.6231e-05, Val Loss: 2.2517e-03, LR: 2.5000e-05, Time: 100.86s
2025-05-22 15:17:16,859 - Epoch 18/200
2025-05-22 15:19:04,726 - Epoch 18, Train Loss: 8.2974e-05, Val Loss: 2.1564e-03, LR: 2.5000e-05, Time: 107.87s
2025-05-22 15:19:04,898 - Epoch 19/200
2025-05-22 15:20:57,010 - Epoch 19, Train Loss: 8.5307e-05, Val Loss: 2.2712e-03, LR: 1.2500e-05, Time: 112.11s
2025-05-22 15:20:57,151 - Epoch 20/200
2025-05-22 15:22:47,014 - Epoch 20, Train Loss: 8.1524e-05, Val Loss: 2.4297e-03, LR: 1.2500e-05, Time: 109.86s
2025-05-22 15:22:47,143 - Epoch 21/200
2025-05-22 15:24:40,117 - Epoch 21, Train Loss: 8.1246e-05, Val Loss: 2.4894e-03, LR: 1.2500e-05, Time: 112.97s
2025-05-22 15:24:40,762 - Early stopping at epoch 21
2025-05-22 15:24:41,225 - [task1] Training completed.
2025-05-22 15:24:41,634 - [task1] Consolidating...
2025-05-22 15:25:55,394 - [task1] Consolidation completed.
2025-05-22 15:26:10,165 - [task1 BEST] RMSE: 0.0165, MAE: 0.0134, R2: 0.9617
2025-05-22 15:26:26,061 - [task1 LAST] RMSE: 0.0263, MAE: 0.0185, R2: 0.9024
2025-05-22 15:26:26,065 - [task1] Finished.
2025-05-22 15:26:26,181 - [task2] Training...
2025-05-22 15:26:26,198 - Epoch 1/200
2025-05-22 15:27:05,119 - Epoch 1, Train Loss: 5.0559e-04, Val Loss: 5.3196e-04, LR: 1.0000e-04, Time: 38.92s
2025-05-22 15:27:05,283 - Epoch 2/200
2025-05-22 15:27:42,878 - Epoch 2, Train Loss: 3.0363e-04, Val Loss: 3.2745e-04, LR: 1.0000e-04, Time: 37.60s
2025-05-22 15:27:43,050 - Epoch 3/200
2025-05-22 15:28:16,313 - Epoch 3, Train Loss: 2.7423e-04, Val Loss: 4.6208e-04, LR: 1.0000e-04, Time: 33.26s
2025-05-22 15:28:16,419 - Epoch 4/200
2025-05-22 15:28:48,246 - Epoch 4, Train Loss: 2.7003e-04, Val Loss: 3.8423e-04, LR: 1.0000e-04, Time: 31.83s
2025-05-22 15:28:48,353 - Epoch 5/200
2025-05-22 15:29:20,351 - Epoch 5, Train Loss: 2.5905e-04, Val Loss: 3.5173e-04, LR: 1.0000e-04, Time: 32.00s
2025-05-22 15:29:28,156 - Epoch 6/200
2025-05-22 15:30:00,858 - Epoch 6, Train Loss: 2.6751e-04, Val Loss: 5.9160e-04, LR: 1.0000e-04, Time: 32.70s
2025-05-22 15:30:00,959 - Epoch 7/200
2025-05-22 15:30:31,713 - Epoch 7, Train Loss: 2.5284e-04, Val Loss: 2.9507e-04, LR: 1.0000e-04, Time: 30.75s
2025-05-22 15:30:31,832 - Epoch 8/200
2025-05-22 15:31:02,904 - Epoch 8, Train Loss: 2.4707e-04, Val Loss: 3.9852e-04, LR: 1.0000e-04, Time: 31.07s
2025-05-22 15:31:03,014 - Epoch 9/200
2025-05-22 15:31:34,487 - Epoch 9, Train Loss: 2.5367e-04, Val Loss: 4.6570e-04, LR: 1.0000e-04, Time: 31.47s
2025-05-22 15:31:34,590 - Epoch 10/200
2025-05-22 15:32:06,111 - Epoch 10, Train Loss: 2.4602e-04, Val Loss: 2.7682e-04, LR: 1.0000e-04, Time: 31.52s
2025-05-22 15:32:06,232 - Epoch 11/200
2025-05-22 15:32:37,479 - Epoch 11, Train Loss: 2.5244e-04, Val Loss: 2.6153e-04, LR: 1.0000e-04, Time: 31.25s
2025-05-22 15:32:37,602 - Epoch 12/200
2025-05-22 15:33:09,856 - Epoch 12, Train Loss: 2.4340e-04, Val Loss: 3.4116e-04, LR: 1.0000e-04, Time: 32.25s
2025-05-22 15:33:09,961 - Epoch 13/200
2025-05-22 15:33:41,670 - Epoch 13, Train Loss: 2.3104e-04, Val Loss: 3.7291e-04, LR: 1.0000e-04, Time: 31.71s
2025-05-22 15:33:41,792 - Epoch 14/200
2025-05-22 15:34:13,572 - Epoch 14, Train Loss: 2.3548e-04, Val Loss: 5.9940e-04, LR: 1.0000e-04, Time: 31.78s
2025-05-22 15:34:13,680 - Epoch 15/200
2025-05-22 15:34:45,044 - Epoch 15, Train Loss: 2.8447e-04, Val Loss: 6.1114e-04, LR: 1.0000e-04, Time: 31.36s
2025-05-22 15:34:45,152 - Epoch 16/200
2025-05-22 15:35:16,362 - Epoch 16, Train Loss: 2.7072e-04, Val Loss: 2.3960e-04, LR: 1.0000e-04, Time: 31.21s
2025-05-22 15:35:16,484 - Epoch 17/200
2025-05-22 15:35:48,008 - Epoch 17, Train Loss: 2.3804e-04, Val Loss: 2.3307e-04, LR: 1.0000e-04, Time: 31.52s
2025-05-22 15:35:48,136 - Epoch 18/200
2025-05-22 15:36:19,395 - Epoch 18, Train Loss: 2.2457e-04, Val Loss: 4.3593e-04, LR: 1.0000e-04, Time: 31.26s
2025-05-22 15:36:19,508 - Epoch 19/200
2025-05-22 15:36:51,477 - Epoch 19, Train Loss: 2.4155e-04, Val Loss: 3.4422e-04, LR: 1.0000e-04, Time: 31.97s
2025-05-22 15:36:51,580 - Epoch 20/200
2025-05-22 15:37:22,919 - Epoch 20, Train Loss: 2.2114e-04, Val Loss: 4.3277e-04, LR: 1.0000e-04, Time: 31.34s
2025-05-22 15:37:23,030 - Epoch 21/200
2025-05-22 15:37:54,691 - Epoch 21, Train Loss: 2.3023e-04, Val Loss: 6.2675e-04, LR: 1.0000e-04, Time: 31.66s
2025-05-22 15:37:54,803 - Epoch 22/200
2025-05-22 15:38:35,105 - Epoch 22, Train Loss: 2.3241e-04, Val Loss: 2.9909e-04, LR: 1.0000e-04, Time: 40.30s
2025-05-22 15:38:35,216 - Epoch 23/200
2025-05-22 15:39:07,563 - Epoch 23, Train Loss: 3.5001e-04, Val Loss: 1.4850e-04, LR: 1.0000e-04, Time: 32.35s
2025-05-22 15:39:07,695 - Epoch 24/200
2025-05-22 15:39:40,019 - Epoch 24, Train Loss: 2.3121e-04, Val Loss: 1.3650e-04, LR: 1.0000e-04, Time: 32.32s
2025-05-22 15:39:40,150 - Epoch 25/200
2025-05-22 15:40:12,551 - Epoch 25, Train Loss: 2.2596e-04, Val Loss: 3.2537e-04, LR: 1.0000e-04, Time: 32.40s
2025-05-22 15:40:12,660 - Epoch 26/200
2025-05-22 15:40:44,809 - Epoch 26, Train Loss: 2.2441e-04, Val Loss: 2.7902e-04, LR: 1.0000e-04, Time: 32.15s
2025-05-22 15:40:44,917 - Epoch 27/200
2025-05-22 15:41:17,004 - Epoch 27, Train Loss: 2.3050e-04, Val Loss: 2.5333e-04, LR: 1.0000e-04, Time: 32.09s
2025-05-22 15:41:17,116 - Epoch 28/200
2025-05-22 15:41:49,185 - Epoch 28, Train Loss: 2.2111e-04, Val Loss: 6.0123e-04, LR: 1.0000e-04, Time: 32.07s
2025-05-22 15:41:49,298 - Epoch 29/200
2025-05-22 15:42:21,580 - Epoch 29, Train Loss: 2.2010e-04, Val Loss: 4.7226e-04, LR: 1.0000e-04, Time: 32.28s
2025-05-22 15:42:21,695 - Epoch 30/200
2025-05-22 15:42:54,167 - Epoch 30, Train Loss: 2.3697e-04, Val Loss: 5.0779e-04, LR: 5.0000e-05, Time: 32.47s
2025-05-22 15:42:54,279 - Epoch 31/200
2025-05-22 15:43:26,447 - Epoch 31, Train Loss: 2.1225e-04, Val Loss: 3.9154e-04, LR: 5.0000e-05, Time: 32.17s
2025-05-22 15:43:26,564 - Epoch 32/200
2025-05-22 15:43:58,710 - Epoch 32, Train Loss: 2.1318e-04, Val Loss: 4.8402e-04, LR: 5.0000e-05, Time: 32.15s
2025-05-22 15:43:58,816 - Epoch 33/200
2025-05-22 15:44:30,821 - Epoch 33, Train Loss: 2.1267e-04, Val Loss: 4.1778e-04, LR: 5.0000e-05, Time: 32.00s
2025-05-22 15:44:36,708 - Epoch 34/200
2025-05-22 15:45:09,276 - Epoch 34, Train Loss: 2.0915e-04, Val Loss: 4.9601e-04, LR: 5.0000e-05, Time: 32.57s
2025-05-22 15:45:09,397 - Epoch 35/200
2025-05-22 15:45:42,044 - Epoch 35, Train Loss: 2.0993e-04, Val Loss: 7.1413e-04, LR: 5.0000e-05, Time: 32.65s
2025-05-22 15:45:42,163 - Epoch 36/200
2025-05-22 15:46:13,827 - Epoch 36, Train Loss: 2.0743e-04, Val Loss: 5.6395e-04, LR: 2.5000e-05, Time: 31.66s
2025-05-22 15:46:13,929 - Epoch 37/200
2025-05-22 15:46:45,697 - Epoch 37, Train Loss: 1.9837e-04, Val Loss: 6.8353e-04, LR: 2.5000e-05, Time: 31.77s
2025-05-22 15:46:45,800 - Epoch 38/200
2025-05-22 15:47:17,536 - Epoch 38, Train Loss: 1.9822e-04, Val Loss: 5.0146e-04, LR: 2.5000e-05, Time: 31.74s
2025-05-22 15:47:17,647 - Epoch 39/200
2025-05-22 15:47:49,289 - Epoch 39, Train Loss: 2.0186e-04, Val Loss: 5.0636e-04, LR: 2.5000e-05, Time: 31.64s
2025-05-22 15:47:49,393 - Epoch 40/200
2025-05-22 15:48:21,098 - Epoch 40, Train Loss: 1.9761e-04, Val Loss: 6.0487e-04, LR: 2.5000e-05, Time: 31.70s
2025-05-22 15:48:21,211 - Epoch 41/200
2025-05-22 15:48:52,892 - Epoch 41, Train Loss: 1.9950e-04, Val Loss: 6.4710e-04, LR: 2.5000e-05, Time: 31.68s
2025-05-22 15:48:52,998 - Epoch 42/200
2025-05-22 15:49:25,264 - Epoch 42, Train Loss: 2.0139e-04, Val Loss: 5.7532e-04, LR: 1.2500e-05, Time: 32.27s
2025-05-22 15:49:25,374 - Epoch 43/200
2025-05-22 15:49:57,609 - Epoch 43, Train Loss: 1.9788e-04, Val Loss: 5.4797e-04, LR: 1.2500e-05, Time: 32.23s
2025-05-22 15:49:57,712 - Epoch 44/200
2025-05-22 15:50:30,423 - Epoch 44, Train Loss: 1.9404e-04, Val Loss: 5.8891e-04, LR: 1.2500e-05, Time: 32.71s
2025-05-22 15:50:36,679 - Early stopping at epoch 44
2025-05-22 15:50:36,691 - [task2] Training completed.
2025-05-22 15:50:36,694 - [task2] Consolidating...
2025-05-22 15:51:01,567 - [task2] Consolidation completed.
2025-05-22 15:51:15,702 - [task2 BEST] RMSE: 0.0304, MAE: 0.0269, R2: 0.8692
2025-05-22 15:51:30,435 - [task2 LAST] RMSE: 0.0341, MAE: 0.0307, R2: 0.8354
2025-05-22 15:51:30,436 - [task2] Finished.
2025-05-22 15:51:30,438 - ==== All tasks completed ====
