Using device: cuda:0

Training files: ['df_05.parquet', 'df_07.parquet', 'df_09.parquet', 'df_11.parquet', 'df_13.parquet', 'df_15.parquet', 'df_17.parquet', 'df_19.parquet', 'df_23.parquet', 'df_25.parquet', 'df_27.parquet', 'df_29.parquet']
Validation files: ['df_03.parquet', 'df_01.parquet']
Testing file: df_21.parquet

Training dataframe shape: (212824, 8)
Validation dataframe shape: (50697, 8)
Testing dataframe shape: (23172, 8)

Features scaled using StandardScaler

----------------------------------------------------------------------
Model architecture:
SOHLSTM(
  (lstm): LSTM(3, 128, num_layers=3, batch_first=True, dropout=0.5)
  (fc_layers): Sequential(
    (0): Linear(in_features=128, out_features=64, bias=True)
    (1): LeakyReLU(negative_slope=0.01)
    (2): Dropout(p=0.5, inplace=False)
    (3): Linear(in_features=64, out_features=1, bias=True)
  )
)
----------------------------------------------------------------------
Total parameters: 340609
Estimated model size: 1.30 MB
----------------------------------------------------------------------

Start training...
Epoch 1/100 | Training Loss: 2.926e-02 | Validation Loss: 5.532e-04 | LR: 1.00e-04
Epoch 2/100 | Training Loss: 9.676e-03 | Validation Loss: 7.460e-04 | LR: 1.00e-04
Epoch 3/100 | Training Loss: 4.016e-03 | Validation Loss: 4.027e-04 | LR: 1.00e-04
Epoch 4/100 | Training Loss: 1.635e-03 | Validation Loss: 4.951e-04 | LR: 1.00e-04
Epoch 5/100 | Training Loss: 8.886e-04 | Validation Loss: 9.565e-04 | LR: 1.00e-04
Epoch 6/100 | Training Loss: 4.884e-04 | Validation Loss: 8.909e-04 | LR: 1.00e-04
Epoch 7/100 | Training Loss: 3.452e-04 | Validation Loss: 1.331e-03 | LR: 1.00e-04
Epoch 8/100 | Training Loss: 2.780e-04 | Validation Loss: 9.547e-04 | LR: 1.00e-04
Epoch 9/100 | Training Loss: 2.604e-04 | Validation Loss: 9.284e-04 | LR: 5.00e-05
Epoch 10/100 | Training Loss: 2.139e-04 | Validation Loss: 9.168e-04 | LR: 5.00e-05
Epoch 11/100 | Training Loss: 2.085e-04 | Validation Loss: 8.888e-04 | LR: 5.00e-05
Epoch 12/100 | Training Loss: 2.068e-04 | Validation Loss: 1.267e-03 | LR: 5.00e-05
Epoch 13/100 | Training Loss: 2.038e-04 | Validation Loss: 1.281e-03 | LR: 5.00e-05
Early stopping triggered after 13 epochs!

last model saved to /beegfs/home/users/z/zzhuqshun/Thesis/04_NNs/models/optuna_best_val_20250405_161651/last_soh_model.pth
Training history saved to /beegfs/home/users/z/zzhuqshun/Thesis/04_NNs/models/optuna_best_val_20250405_161651/train_history.parquet

Evaluating the model on the testing set...
RMSE: 0.0107
MAE: 0.0086
MAPE: 0.0095
R²: 0.9510
