2025-06-24 22:09:49,713 - ==== Skipping joint LSTM Training Phase ====
2025-06-24 22:09:49,733 - ==== Incremental EWC Training Phase ====
2025-06-24 22:11:21,686 - Base train IDs: ['03', '05', '07', '27']
2025-06-24 22:11:21,703 - Base train size: 92079
2025-06-24 22:11:21,704 - Base val IDs: ['01']
2025-06-24 22:11:21,706 - Base val size: 28612
2025-06-24 22:11:21,707 - Update1 train IDs: ['21', '23', '25']
2025-06-24 22:11:21,708 - Update1 train size: 65674
2025-06-24 22:11:21,710 - Update1 val IDs: ['19']
2025-06-24 22:11:21,711 - Update1 val size: 23120
2025-06-24 22:11:21,712 - Update2 train IDs: ['09', '11', '15', '29']
2025-06-24 22:11:21,713 - Update2 train size: 47891
2025-06-24 22:11:21,714 - Update2 val IDs: ['13']
2025-06-24 22:11:21,715 - Update2 val size: 6445
2025-06-24 22:11:29,384 - Test cell ID: 17
2025-06-24 22:11:29,385 - Test size: 22872
2025-06-24 22:11:29,386 - Test base size: 11139
2025-06-24 22:11:29,387 - Test update1 size: 6312
2025-06-24 22:11:29,388 - Test update2 size: 5421
2025-06-24 22:11:29,428 - [Scaler after fit] center_=[ 3.31975183  0.         27.55116667]
2025-06-24 22:11:29,434 - [Scaler after fit] scale_ =[0.20016217 1.86108033 1.05333333]
2025-06-24 22:11:29,436 - Resampling and scaling complete with RobustScaler
2025-06-24 22:11:31,484 - [task0] Training...
2025-06-24 22:11:31,485 - [task0] EWC active: None (no previous tasks)
2025-06-24 22:11:31,486 - [task0] This task will be stored with λ = 1.9e+02 (not used)
2025-06-24 22:13:29,684 - E001 | task 3.8182e-02 | kd 0.0000e+00 | ewc 0.0000e+00 | val 3.7162e-04 | lr 1.00e-04 | 81.68s
2025-06-24 22:14:47,397 - E002 | task 7.2867e-03 | kd 0.0000e+00 | ewc 0.0000e+00 | val 1.0398e-03 | lr 1.00e-04 | 77.65s
2025-06-24 22:16:04,403 - E003 | task 5.3097e-03 | kd 0.0000e+00 | ewc 0.0000e+00 | val 3.9763e-04 | lr 1.00e-04 | 76.95s
2025-06-24 22:17:22,872 - E004 | task 4.3294e-03 | kd 0.0000e+00 | ewc 0.0000e+00 | val 5.3001e-04 | lr 1.00e-04 | 78.42s
2025-06-24 22:18:40,199 - E005 | task 3.4420e-03 | kd 0.0000e+00 | ewc 0.0000e+00 | val 4.4389e-04 | lr 1.00e-04 | 77.28s
2025-06-24 22:19:57,865 - E006 | task 2.6740e-03 | kd 0.0000e+00 | ewc 0.0000e+00 | val 4.3592e-04 | lr 1.00e-04 | 77.64s
2025-06-24 22:21:14,855 - E007 | task 2.0609e-03 | kd 0.0000e+00 | ewc 0.0000e+00 | val 4.5443e-04 | lr 5.00e-05 | 76.96s
2025-06-24 22:22:32,498 - E008 | task 1.6517e-03 | kd 0.0000e+00 | ewc 0.0000e+00 | val 4.0441e-04 | lr 5.00e-05 | 77.61s
2025-06-24 22:23:50,091 - E009 | task 1.4034e-03 | kd 0.0000e+00 | ewc 0.0000e+00 | val 4.0720e-04 | lr 5.00e-05 | 77.56s
2025-06-24 22:25:07,879 - E010 | task 1.1964e-03 | kd 0.0000e+00 | ewc 0.0000e+00 | val 5.0908e-04 | lr 5.00e-05 | 77.76s
2025-06-24 22:26:25,031 - E011 | task 1.0292e-03 | kd 0.0000e+00 | ewc 0.0000e+00 | val 4.2328e-04 | lr 5.00e-05 | 77.11s
2025-06-24 22:27:42,909 - E012 | task 8.7673e-04 | kd 0.0000e+00 | ewc 0.0000e+00 | val 4.3260e-04 | lr 5.00e-05 | 77.85s
2025-06-24 22:29:00,192 - E013 | task 7.6261e-04 | kd 0.0000e+00 | ewc 0.0000e+00 | val 4.6050e-04 | lr 2.50e-05 | 77.24s
2025-06-24 22:30:17,467 - E014 | task 6.8891e-04 | kd 0.0000e+00 | ewc 0.0000e+00 | val 4.3581e-04 | lr 2.50e-05 | 77.25s
2025-06-24 22:31:35,065 - E015 | task 6.5224e-04 | kd 0.0000e+00 | ewc 0.0000e+00 | val 4.0288e-04 | lr 2.50e-05 | 77.53s
2025-06-24 22:32:53,208 - E016 | task 6.1891e-04 | kd 0.0000e+00 | ewc 0.0000e+00 | val 4.0849e-04 | lr 2.50e-05 | 78.10s
2025-06-24 22:34:11,146 - E017 | task 5.8846e-04 | kd 0.0000e+00 | ewc 0.0000e+00 | val 4.4307e-04 | lr 2.50e-05 | 77.91s
2025-06-24 22:35:28,674 - E018 | task 5.6076e-04 | kd 0.0000e+00 | ewc 0.0000e+00 | val 4.2150e-04 | lr 2.50e-05 | 77.48s
2025-06-24 22:36:47,130 - E019 | task 5.3125e-04 | kd 0.0000e+00 | ewc 0.0000e+00 | val 4.3309e-04 | lr 1.25e-05 | 78.39s
2025-06-24 22:38:05,604 - E020 | task 5.0491e-04 | kd 0.0000e+00 | ewc 0.0000e+00 | val 3.9249e-04 | lr 1.25e-05 | 78.43s
2025-06-24 22:39:22,986 - E021 | task 4.9213e-04 | kd 0.0000e+00 | ewc 0.0000e+00 | val 3.9523e-04 | lr 1.25e-05 | 77.34s
2025-06-24 22:39:23,011 - Early stopping at epoch 21
2025-06-24 22:39:25,643 - [task0] Training completed.
2025-06-24 22:39:25,645 - [task0] Consolidating EWC...
2025-06-24 22:40:29,502 - [task0] Consolidation done.
2025-06-24 22:40:29,505 - [task0] Baseline evaluation on own task task0 ...
2025-06-24 22:40:34,895 - [task0 Baseline on task0] RMSE: 5.1834e-02, MAE: 4.5294e-02
2025-06-24 22:40:34,896 - [task0] Baseline testing completed.
2025-06-24 22:40:34,898 - [task0] ACC (-MAE): -4.5294e-02
2025-06-24 22:40:34,900 - [task0] Evaluating BEST checkpoint...
2025-06-24 22:40:43,780 - [task0 Evaluation on full test set] RMSE: 8.5567e-02, MAE: 6.7164e-02, R2: -0.0342
2025-06-24 22:40:43,782 - [task0] Evaluation completed.
2025-06-24 22:40:43,785 - [task1] Loading best checkpoint from previous task task0...
2025-06-24 22:40:45,532 - [task1 Pre-FWT baseline] RMSE: 5.6626e-02, MAE: 4.3428e-02
2025-06-24 22:40:45,536 - [task1] Training...
2025-06-24 22:40:45,537 - [task1] EWC active: 1.9e+02 (from 1 tasks)
2025-06-24 22:40:45,538 - [task1] This task will be stored with λ = 1.9e+03
2025-06-24 22:41:43,945 - E001 | task 8.2112e-03 | kd 0.0000e+00 | ewc 6.4618e-03 | val 1.8944e-03 | lr 1.00e-04 | 58.40s
2025-06-24 22:42:41,750 - E002 | task 6.1011e-03 | kd 0.0000e+00 | ewc 4.8354e-03 | val 1.7361e-03 | lr 1.00e-04 | 57.74s
2025-06-24 22:43:39,399 - E003 | task 4.8292e-03 | kd 0.0000e+00 | ewc 3.5113e-03 | val 2.0626e-03 | lr 1.00e-04 | 57.58s
2025-06-24 22:44:37,537 - E004 | task 4.4973e-03 | kd 0.0000e+00 | ewc 2.4655e-03 | val 1.2789e-03 | lr 1.00e-04 | 58.10s
2025-06-24 22:45:35,718 - E005 | task 3.3630e-03 | kd 0.0000e+00 | ewc 1.6689e-03 | val 2.0502e-03 | lr 1.00e-04 | 58.09s
2025-06-24 22:46:33,761 - E006 | task 2.5908e-03 | kd 0.0000e+00 | ewc 1.0613e-03 | val 1.8454e-03 | lr 1.00e-04 | 57.98s
2025-06-24 22:47:31,682 - E007 | task 1.9386e-03 | kd 0.0000e+00 | ewc 6.4009e-04 | val 1.8755e-03 | lr 1.00e-04 | 57.88s
2025-06-24 22:48:29,650 - E008 | task 1.1182e-03 | kd 0.0000e+00 | ewc 3.6060e-04 | val 2.7470e-03 | lr 1.00e-04 | 57.93s
2025-06-24 22:49:27,827 - E009 | task 7.1463e-04 | kd 0.0000e+00 | ewc 2.0470e-04 | val 2.8682e-03 | lr 1.00e-04 | 58.14s
2025-06-24 22:50:31,193 - E010 | task 6.2080e-04 | kd 0.0000e+00 | ewc 1.2497e-04 | val 2.2584e-03 | lr 5.00e-05 | 63.31s
2025-06-24 22:51:37,420 - E011 | task 4.4009e-04 | kd 0.0000e+00 | ewc 8.1971e-05 | val 3.6528e-03 | lr 5.00e-05 | 66.18s
2025-06-24 22:52:35,440 - E012 | task 3.7997e-04 | kd 0.0000e+00 | ewc 5.4774e-05 | val 4.3450e-03 | lr 5.00e-05 | 57.98s
2025-06-24 22:53:34,109 - E013 | task 3.2641e-04 | kd 0.0000e+00 | ewc 3.5656e-05 | val 3.9035e-03 | lr 5.00e-05 | 58.63s
2025-06-24 22:54:32,034 - E014 | task 3.2398e-04 | kd 0.0000e+00 | ewc 2.4472e-05 | val 4.7092e-03 | lr 5.00e-05 | 57.89s
2025-06-24 22:55:30,321 - E015 | task 3.1256e-04 | kd 0.0000e+00 | ewc 1.7835e-05 | val 4.5852e-03 | lr 5.00e-05 | 58.25s
2025-06-24 22:56:28,156 - E016 | task 3.0236e-04 | kd 0.0000e+00 | ewc 1.2988e-05 | val 4.0404e-03 | lr 2.50e-05 | 57.80s
2025-06-24 22:57:26,393 - E017 | task 2.5990e-04 | kd 0.0000e+00 | ewc 9.8071e-06 | val 4.7312e-03 | lr 2.50e-05 | 58.20s
2025-06-24 22:58:24,591 - E018 | task 2.5001e-04 | kd 0.0000e+00 | ewc 8.2468e-06 | val 4.2908e-03 | lr 2.50e-05 | 58.16s
2025-06-24 22:59:22,752 - E019 | task 2.2836e-04 | kd 0.0000e+00 | ewc 7.2623e-06 | val 4.7568e-03 | lr 2.50e-05 | 58.11s
2025-06-24 23:00:20,465 - E020 | task 2.2438e-04 | kd 0.0000e+00 | ewc 6.3269e-06 | val 4.7158e-03 | lr 2.50e-05 | 57.68s
2025-06-24 23:01:18,145 - E021 | task 2.0800e-04 | kd 0.0000e+00 | ewc 5.2750e-06 | val 4.7072e-03 | lr 2.50e-05 | 57.65s
2025-06-24 23:02:16,129 - E022 | task 2.0831e-04 | kd 0.0000e+00 | ewc 4.5395e-06 | val 4.9291e-03 | lr 1.25e-05 | 57.95s
2025-06-24 23:03:14,286 - E023 | task 1.7333e-04 | kd 0.0000e+00 | ewc 4.3796e-06 | val 5.1598e-03 | lr 1.25e-05 | 58.10s
2025-06-24 23:04:12,131 - E024 | task 1.7165e-04 | kd 0.0000e+00 | ewc 4.1332e-06 | val 5.1619e-03 | lr 1.25e-05 | 57.80s
2025-06-24 23:04:12,166 - Early stopping at epoch 24
2025-06-24 23:04:12,789 - [task1] Training completed.
2025-06-24 23:04:12,791 - [task1] Consolidating EWC...
2025-06-24 23:04:58,637 - [task1] Consolidation done.
2025-06-24 23:04:58,656 - [task1] Baseline evaluation on own task task1 ...
2025-06-24 23:05:02,547 - [task1 Baseline on task1] RMSE: 6.6897e-02, MAE: 6.2785e-02
2025-06-24 23:05:02,548 - [task1] Baseline testing completed.
2025-06-24 23:05:02,551 - [task1] Backward testing on previous task task0...
2025-06-24 23:05:07,600 - [task1 BACKWARD on task0] RMSE: 3.2447e-02, MAE: 2.7024e-02
2025-06-24 23:05:07,602 - [task1] ΔMAE on task0: -1.8271e-02
2025-06-24 23:05:07,604 - [task1] ACC (-MAE): -4.4904e-02
2025-06-24 23:05:07,605 - [task1] BWT: -1.8271e-02
2025-06-24 23:05:07,606 - [task1] FWT: -1.9357e-02
2025-06-24 23:05:07,609 - [task1] Evaluating BEST checkpoint...
2025-06-24 23:05:16,328 - [task1 Evaluation on full test set] RMSE: 8.3572e-02, MAE: 6.4922e-02, R2: 0.0134
2025-06-24 23:05:16,330 - [task1] Evaluation completed.
2025-06-24 23:05:16,332 - [task2] Loading best checkpoint from previous task task1...
2025-06-24 23:05:17,861 - [task2 Pre-FWT baseline] RMSE: 1.5106e-01, MAE: 1.4837e-01
2025-06-24 23:05:17,864 - [task2] Training...
2025-06-24 23:05:17,866 - [task2] EWC active: 1.9e+02, 1.9e+03 (from 2 tasks)
2025-06-24 23:05:17,867 - [task2] This task will be stored with λ = 1e+03
2025-06-24 23:05:58,081 - E001 | task 6.5703e-03 | kd 0.0000e+00 | ewc 4.5246e-03 | val 2.4824e-03 | lr 1.00e-04 | 40.20s
2025-06-24 23:06:38,206 - E002 | task 3.6150e-03 | kd 0.0000e+00 | ewc 3.0831e-03 | val 3.3783e-03 | lr 1.00e-04 | 40.04s
2025-06-24 23:07:18,473 - E003 | task 2.1984e-03 | kd 0.0000e+00 | ewc 1.9834e-03 | val 1.4218e-03 | lr 1.00e-04 | 40.22s
2025-06-24 23:07:59,014 - E004 | task 1.4851e-03 | kd 0.0000e+00 | ewc 1.2007e-03 | val 3.3774e-03 | lr 1.00e-04 | 40.46s
2025-06-24 23:08:39,588 - E005 | task 1.2091e-03 | kd 0.0000e+00 | ewc 7.3078e-04 | val 2.1134e-03 | lr 1.00e-04 | 40.53s
2025-06-24 23:09:19,932 - E006 | task 9.5606e-04 | kd 0.0000e+00 | ewc 4.6518e-04 | val 2.8825e-03 | lr 1.00e-04 | 40.28s
2025-06-24 23:10:00,379 - E007 | task 8.7358e-04 | kd 0.0000e+00 | ewc 2.9043e-04 | val 1.6817e-03 | lr 1.00e-04 | 40.40s
2025-06-24 23:10:40,555 - E008 | task 7.6673e-04 | kd 0.0000e+00 | ewc 2.0324e-04 | val 1.6059e-03 | lr 1.00e-04 | 40.13s
2025-06-24 23:11:20,840 - E009 | task 7.2845e-04 | kd 0.0000e+00 | ewc 1.4650e-04 | val 2.5579e-03 | lr 5.00e-05 | 40.24s
2025-06-24 23:12:01,217 - E010 | task 6.3323e-04 | kd 0.0000e+00 | ewc 1.2025e-04 | val 1.6976e-03 | lr 5.00e-05 | 40.33s
2025-06-24 23:12:41,374 - E011 | task 5.8795e-04 | kd 0.0000e+00 | ewc 1.0330e-04 | val 1.8769e-03 | lr 5.00e-05 | 40.11s
2025-06-24 23:13:21,565 - E012 | task 5.8270e-04 | kd 0.0000e+00 | ewc 9.0112e-05 | val 1.6461e-03 | lr 5.00e-05 | 40.15s
2025-06-24 23:14:01,663 - E013 | task 5.6448e-04 | kd 0.0000e+00 | ewc 7.9188e-05 | val 1.9410e-03 | lr 5.00e-05 | 40.05s
2025-06-24 23:14:42,065 - E014 | task 6.8843e-04 | kd 0.0000e+00 | ewc 6.8518e-05 | val 5.2709e-03 | lr 5.00e-05 | 40.35s
2025-06-24 23:15:22,223 - E015 | task 7.8844e-04 | kd 0.0000e+00 | ewc 5.3768e-05 | val 2.9974e-03 | lr 2.50e-05 | 40.11s
2025-06-24 23:16:02,379 - E016 | task 5.6611e-04 | kd 0.0000e+00 | ewc 5.2896e-05 | val 2.5769e-03 | lr 2.50e-05 | 40.11s
2025-06-24 23:16:42,955 - E017 | task 5.0872e-04 | kd 0.0000e+00 | ewc 5.1857e-05 | val 2.3259e-03 | lr 2.50e-05 | 40.51s
2025-06-24 23:17:22,908 - E018 | task 4.8754e-04 | kd 0.0000e+00 | ewc 5.0417e-05 | val 2.2235e-03 | lr 2.50e-05 | 39.90s
2025-06-24 23:18:03,079 - E019 | task 4.7215e-04 | kd 0.0000e+00 | ewc 4.8916e-05 | val 2.3642e-03 | lr 2.50e-05 | 40.12s
2025-06-24 23:18:43,870 - E020 | task 4.6552e-04 | kd 0.0000e+00 | ewc 4.7554e-05 | val 2.3821e-03 | lr 2.50e-05 | 40.75s
2025-06-24 23:19:24,114 - E021 | task 4.5628e-04 | kd 0.0000e+00 | ewc 4.6295e-05 | val 2.3140e-03 | lr 1.25e-05 | 40.19s
2025-06-24 23:20:04,592 - E022 | task 4.2839e-04 | kd 0.0000e+00 | ewc 4.5219e-05 | val 2.4556e-03 | lr 1.25e-05 | 40.43s
2025-06-24 23:20:44,933 - E023 | task 4.2687e-04 | kd 0.0000e+00 | ewc 4.4495e-05 | val 2.3805e-03 | lr 1.25e-05 | 40.29s
2025-06-24 23:20:44,979 - Early stopping at epoch 23
2025-06-24 23:20:45,642 - [task2] Training completed.
2025-06-24 23:20:45,644 - [task2] Consolidating EWC...
2025-06-24 23:21:18,951 - [task2] Consolidation done.
2025-06-24 23:21:18,953 - [task2] Baseline evaluation on own task task2 ...
2025-06-24 23:21:22,882 - [task2 Baseline on task2] RMSE: 8.2176e-02, MAE: 7.6746e-02
2025-06-24 23:21:22,883 - [task2] Baseline testing completed.
2025-06-24 23:21:22,886 - [task2] Backward testing on previous task task0...
2025-06-24 23:21:28,206 - [task2 BACKWARD on task0] RMSE: 2.0061e-01, MAE: 1.8582e-01
2025-06-24 23:21:28,209 - [task2] Backward testing on previous task task1...
2025-06-24 23:21:31,887 - [task2 BACKWARD on task1] RMSE: 1.7966e-01, MAE: 1.7135e-01
2025-06-24 23:21:31,889 - [task2] ΔMAE on task0: +1.4052e-01
2025-06-24 23:21:31,890 - [task2] ΔMAE on task1: +1.0857e-01
2025-06-24 23:21:31,891 - [task2] ACC (-MAE): -1.4464e-01
2025-06-24 23:21:31,893 - [task2] BWT: +1.2454e-01
2025-06-24 23:21:31,894 - [task2] FWT: +7.1628e-02
2025-06-24 23:21:31,896 - [task2] Evaluating BEST checkpoint...
2025-06-24 23:21:40,683 - [task2 Evaluation on full test set] RMSE: 1.7252e-01, MAE: 1.5532e-01, R2: -3.2043
2025-06-24 23:21:40,685 - [task2] Evaluation completed.
2025-06-24 23:21:40,779 - Saved ACC/BWT/FWT history to /beegfs/home/users/z/zzhuqshun/Thesis/04_NNs/model/ewc/incremental/continual_metrics.csv
2025-06-24 23:21:41,587 - ==== All tasks completed ====
