2025-08-02 13:45:14,924 - ==== Experiment Setup ====
2025-08-02 13:45:14,929 - Mode: incremental
2025-08-02 13:45:14,933 - Number of tasks: 3
2025-08-02 13:45:14,937 - EWC lambdas: [1.7074, 2915.4432, 0.0]
2025-08-02 13:45:14,942 - LWF alphas: [0.0, 0.0, 0.0]
2025-08-02 13:45:14,945 - Base directory: /beegfs/home/users/z/zzhuqshun/Thesis/05_Final/strategies/trial3
2025-08-02 13:45:14,950 - ==== Incremental Training with EWC ====
2025-08-02 13:45:14,961 - Number of tasks: 3
2025-08-02 13:46:42,208 - Incremental training - Task 0 Train IDs: ['03', '05', '07', '27'], size: 92079
2025-08-02 13:46:42,212 - Incremental training - Task 0 Val IDs: ['01'], size: 28612
2025-08-02 13:46:42,215 - Incremental training - Test Task 0 size: 11139
2025-08-02 13:46:42,220 - Incremental training - Task 1 Train IDs: ['21', '23', '25'], size: 65674
2025-08-02 13:46:42,224 - Incremental training - Task 1 Val IDs: ['19'], size: 23120
2025-08-02 13:46:42,228 - Incremental training - Test Task 1 size: 6312
2025-08-02 13:46:42,233 - Incremental training - Task 2 Train IDs: ['09', '11', '15', '29'], size: 47891
2025-08-02 13:46:42,238 - Incremental training - Task 2 Val IDs: ['13'], size: 6445
2025-08-02 13:46:42,241 - Incremental training - Test Task 2 size: 5421
2025-08-02 13:46:42,258 -   (Scaler) Scaler centers: [ 3.31975183  0.         27.55116667]
2025-08-02 13:46:42,266 -   (Scaler) Scaler scales: [0.20016217 1.86108033 1.05333333]
2025-08-02 13:46:43,388 - --- task0 (LWF α=0.0000, EWC λ=1.7074) ---
2025-08-02 13:55:48,612 - Epoch 0 task=3.8185e-02 kd=0.0000e+00 ewc=0.0000e+00 val=3.9701e-04 lr=1.00e-04 time=130.18s
2025-08-02 13:58:09,475 - Epoch 1 task=7.2809e-03 kd=0.0000e+00 ewc=0.0000e+00 val=1.2390e-03 lr=1.00e-04 time=132.81s
2025-08-02 14:00:36,718 - Epoch 2 task=5.3336e-03 kd=0.0000e+00 ewc=0.0000e+00 val=4.1007e-04 lr=1.00e-04 time=139.29s
2025-08-02 14:02:40,029 - Epoch 3 task=4.3114e-03 kd=0.0000e+00 ewc=0.0000e+00 val=5.2683e-04 lr=1.00e-04 time=115.39s
2025-08-02 14:04:42,578 - Epoch 4 task=3.4078e-03 kd=0.0000e+00 ewc=0.0000e+00 val=4.0077e-04 lr=1.00e-04 time=114.62s
2025-08-02 14:06:55,014 - Epoch 5 task=2.6546e-03 kd=0.0000e+00 ewc=0.0000e+00 val=4.2909e-04 lr=1.00e-04 time=124.53s
2025-08-02 14:09:56,398 - Epoch 6 task=2.0628e-03 kd=0.0000e+00 ewc=0.0000e+00 val=4.1929e-04 lr=1.00e-04 time=173.23s
2025-08-02 14:12:05,676 - Epoch 7 task=1.6437e-03 kd=0.0000e+00 ewc=0.0000e+00 val=4.1027e-04 lr=5.00e-05 time=121.35s
2025-08-02 14:13:51,140 - Epoch 8 task=1.3989e-03 kd=0.0000e+00 ewc=0.0000e+00 val=4.0465e-04 lr=5.00e-05 time=97.57s
2025-08-02 14:15:43,039 - Epoch 9 task=1.1847e-03 kd=0.0000e+00 ewc=0.0000e+00 val=5.2821e-04 lr=5.00e-05 time=103.99s
2025-08-02 14:17:33,866 - Epoch 10 task=1.0242e-03 kd=0.0000e+00 ewc=0.0000e+00 val=4.1433e-04 lr=5.00e-05 time=102.91s
2025-08-02 14:19:26,278 - Epoch 11 task=8.8463e-04 kd=0.0000e+00 ewc=0.0000e+00 val=4.8046e-04 lr=5.00e-05 time=104.50s
2025-08-02 14:21:20,443 - Epoch 12 task=7.6670e-04 kd=0.0000e+00 ewc=0.0000e+00 val=4.4364e-04 lr=5.00e-05 time=106.20s
2025-08-02 14:23:15,045 - Epoch 13 task=6.8916e-04 kd=0.0000e+00 ewc=0.0000e+00 val=4.5429e-04 lr=2.50e-05 time=106.59s
2025-08-02 14:25:26,162 - Epoch 14 task=6.5441e-04 kd=0.0000e+00 ewc=0.0000e+00 val=4.0813e-04 lr=2.50e-05 time=123.17s
2025-08-02 14:27:49,636 - Epoch 15 task=6.1887e-04 kd=0.0000e+00 ewc=0.0000e+00 val=4.5552e-04 lr=2.50e-05 time=135.50s
2025-08-02 14:30:00,683 - Epoch 16 task=5.8771e-04 kd=0.0000e+00 ewc=0.0000e+00 val=4.4893e-04 lr=2.50e-05 time=123.03s
2025-08-02 14:32:41,058 - Epoch 17 task=5.6182e-04 kd=0.0000e+00 ewc=0.0000e+00 val=4.4863e-04 lr=2.50e-05 time=152.38s
2025-08-02 14:35:05,827 - Epoch 18 task=5.3662e-04 kd=0.0000e+00 ewc=0.0000e+00 val=4.3634e-04 lr=2.50e-05 time=136.79s
2025-08-02 14:37:26,915 - Epoch 19 task=5.0902e-04 kd=0.0000e+00 ewc=0.0000e+00 val=4.3794e-04 lr=1.25e-05 time=133.13s
2025-08-02 14:39:42,208 - Epoch 20 task=4.9672e-04 kd=0.0000e+00 ewc=0.0000e+00 val=3.9440e-04 lr=1.25e-05 time=127.32s
2025-08-02 14:41:54,309 - Epoch 21 task=4.8163e-04 kd=0.0000e+00 ewc=0.0000e+00 val=3.8731e-04 lr=1.25e-05 time=124.10s
2025-08-02 14:44:10,613 - Epoch 22 task=4.6823e-04 kd=0.0000e+00 ewc=0.0000e+00 val=4.1554e-04 lr=1.25e-05 time=128.27s
2025-08-02 14:45:54,035 - Epoch 23 task=4.0172e-04 kd=0.0000e+00 ewc=0.0000e+00 val=1.0952e-03 lr=1.25e-05 time=95.52s
2025-08-02 14:47:34,956 - Epoch 24 task=3.2500e-04 kd=0.0000e+00 ewc=0.0000e+00 val=6.6763e-04 lr=1.25e-05 time=93.03s
2025-08-02 14:49:12,771 - Epoch 25 task=2.9481e-04 kd=0.0000e+00 ewc=0.0000e+00 val=6.9162e-04 lr=1.25e-05 time=89.93s
2025-08-02 14:50:48,247 - Epoch 26 task=2.7917e-04 kd=0.0000e+00 ewc=0.0000e+00 val=6.5801e-04 lr=1.25e-05 time=87.56s
2025-08-02 14:52:15,926 - Epoch 27 task=2.6036e-04 kd=0.0000e+00 ewc=0.0000e+00 val=5.1247e-04 lr=1.25e-05 time=79.80s
2025-08-02 14:53:42,014 - Epoch 28 task=2.3755e-04 kd=0.0000e+00 ewc=0.0000e+00 val=4.9484e-04 lr=6.25e-06 time=78.24s
2025-08-02 14:55:06,420 - Epoch 29 task=2.2858e-04 kd=0.0000e+00 ewc=0.0000e+00 val=4.9019e-04 lr=6.25e-06 time=76.55s
2025-08-02 14:56:30,773 - Epoch 30 task=2.1826e-04 kd=0.0000e+00 ewc=0.0000e+00 val=4.7769e-04 lr=6.25e-06 time=76.46s
2025-08-02 14:57:55,045 - Epoch 31 task=2.1277e-04 kd=0.0000e+00 ewc=0.0000e+00 val=4.6255e-04 lr=6.25e-06 time=76.39s
2025-08-02 14:59:19,451 - Epoch 32 task=2.0780e-04 kd=0.0000e+00 ewc=0.0000e+00 val=5.2453e-04 lr=6.25e-06 time=76.50s
2025-08-02 15:00:43,866 - Epoch 33 task=2.0206e-04 kd=0.0000e+00 ewc=0.0000e+00 val=6.0088e-04 lr=6.25e-06 time=76.50s
2025-08-02 15:02:07,771 - Epoch 34 task=1.9538e-04 kd=0.0000e+00 ewc=0.0000e+00 val=5.9399e-04 lr=3.13e-06 time=76.00s
2025-08-02 15:03:31,821 - Epoch 35 task=1.9295e-04 kd=0.0000e+00 ewc=0.0000e+00 val=5.4762e-04 lr=3.13e-06 time=76.15s
2025-08-02 15:04:56,240 - Epoch 36 task=1.9009e-04 kd=0.0000e+00 ewc=0.0000e+00 val=6.5012e-04 lr=3.13e-06 time=76.50s
2025-08-02 15:06:20,120 - Epoch 37 task=1.8772e-04 kd=0.0000e+00 ewc=0.0000e+00 val=6.8606e-04 lr=3.13e-06 time=75.97s
2025-08-02 15:07:44,674 - Epoch 38 task=1.8481e-04 kd=0.0000e+00 ewc=0.0000e+00 val=6.5710e-04 lr=3.13e-06 time=76.61s
2025-08-02 15:09:09,280 - Epoch 39 task=1.8222e-04 kd=0.0000e+00 ewc=0.0000e+00 val=6.4095e-04 lr=3.13e-06 time=76.70s
2025-08-02 15:10:34,018 - Epoch 40 task=1.7913e-04 kd=0.0000e+00 ewc=0.0000e+00 val=6.6573e-04 lr=1.56e-06 time=76.83s
2025-08-02 15:11:58,630 - Epoch 41 task=1.7879e-04 kd=0.0000e+00 ewc=0.0000e+00 val=6.4861e-04 lr=1.56e-06 time=76.73s
2025-08-02 15:11:58,644 - Early stopping at epoch 41
2025-08-02 15:12:05,018 - Consolidating task 0 with EWC lambda: 1.7074
2025-08-02 15:13:08,867 - Task 0 consolidated with EWC lambda=1.7074
2025-08-02 15:13:08,871 - Task 0 completed and consolidated.
2025-08-02 15:13:08,873 - --- task1 (LWF α=0.0000, EWC λ=2915.4432) ---
2025-08-02 15:14:12,705 - Epoch 0 task=2.1294e-03 kd=0.0000e+00 ewc=6.6491e-09 val=1.1346e-03 lr=1.00e-04 time=57.18s
2025-08-02 15:15:20,388 - Epoch 1 task=9.3997e-04 kd=0.0000e+00 ewc=9.5908e-09 val=1.3848e-03 lr=1.00e-04 time=61.19s
2025-08-02 15:16:28,524 - Epoch 2 task=8.3432e-04 kd=0.0000e+00 ewc=1.2359e-08 val=1.6295e-03 lr=1.00e-04 time=61.77s
2025-08-02 15:17:31,662 - Epoch 3 task=7.8137e-04 kd=0.0000e+00 ewc=1.3168e-08 val=1.8374e-03 lr=1.00e-04 time=56.73s
2025-08-02 15:18:34,733 - Epoch 4 task=6.9242e-04 kd=0.0000e+00 ewc=1.4518e-08 val=2.0197e-03 lr=1.00e-04 time=56.65s
2025-08-02 15:19:38,086 - Epoch 5 task=5.9218e-04 kd=0.0000e+00 ewc=1.8462e-08 val=1.4781e-03 lr=1.00e-04 time=56.91s
2025-08-02 15:20:41,416 - Epoch 6 task=7.1072e-04 kd=0.0000e+00 ewc=2.3425e-08 val=1.8955e-03 lr=1.00e-04 time=56.89s
2025-08-02 15:21:44,446 - Epoch 7 task=4.7882e-04 kd=0.0000e+00 ewc=2.8223e-08 val=2.0929e-03 lr=5.00e-05 time=56.59s
2025-08-02 15:22:47,683 - Epoch 8 task=4.5078e-04 kd=0.0000e+00 ewc=2.9163e-08 val=2.6894e-03 lr=5.00e-05 time=56.82s
2025-08-02 15:23:51,747 - Epoch 9 task=3.9283e-04 kd=0.0000e+00 ewc=3.2424e-08 val=2.5973e-03 lr=5.00e-05 time=57.64s
2025-08-02 15:24:57,433 - Epoch 10 task=3.3209e-04 kd=0.0000e+00 ewc=3.2707e-08 val=2.8095e-03 lr=5.00e-05 time=59.23s
2025-08-02 15:26:00,503 - Epoch 11 task=3.3081e-04 kd=0.0000e+00 ewc=3.2309e-08 val=2.9987e-03 lr=5.00e-05 time=56.61s
2025-08-02 15:27:07,851 - Epoch 12 task=2.9862e-04 kd=0.0000e+00 ewc=3.5724e-08 val=3.2968e-03 lr=5.00e-05 time=60.92s
2025-08-02 15:28:11,029 - Epoch 13 task=2.7688e-04 kd=0.0000e+00 ewc=3.8700e-08 val=3.0098e-03 lr=2.50e-05 time=56.73s
2025-08-02 15:29:20,001 - Epoch 14 task=2.5668e-04 kd=0.0000e+00 ewc=4.0763e-08 val=3.2917e-03 lr=2.50e-05 time=62.53s
2025-08-02 15:30:23,135 - Epoch 15 task=2.5423e-04 kd=0.0000e+00 ewc=4.2440e-08 val=3.8503e-03 lr=2.50e-05 time=56.74s
2025-08-02 15:31:25,801 - Epoch 16 task=2.4066e-04 kd=0.0000e+00 ewc=4.5565e-08 val=3.4961e-03 lr=2.50e-05 time=56.23s
2025-08-02 15:32:28,939 - Epoch 17 task=2.3114e-04 kd=0.0000e+00 ewc=4.8235e-08 val=3.9667e-03 lr=2.50e-05 time=56.69s
2025-08-02 15:33:31,645 - Epoch 18 task=2.1958e-04 kd=0.0000e+00 ewc=5.1073e-08 val=3.7672e-03 lr=2.50e-05 time=56.29s
2025-08-02 15:34:35,220 - Epoch 19 task=2.0544e-04 kd=0.0000e+00 ewc=5.2626e-08 val=3.7103e-03 lr=1.25e-05 time=57.13s
2025-08-02 15:35:37,642 - Epoch 20 task=1.9827e-04 kd=0.0000e+00 ewc=5.3678e-08 val=3.9463e-03 lr=1.25e-05 time=55.97s
2025-08-02 15:35:37,660 - Early stopping at epoch 20
2025-08-02 15:35:41,539 - Consolidating task 1 with EWC lambda: 2915.4432
2025-08-02 15:36:26,761 - Task 1 consolidated with EWC lambda=2915.4432
2025-08-02 15:36:26,805 - Task 1 completed and consolidated.
2025-08-02 15:36:26,807 - --- task2 (LWF α=0.0000, EWC λ=0.0000) ---
2025-08-02 15:37:10,626 - Epoch 0 task=2.5956e-03 kd=0.0000e+00 ewc=2.9650e-05 val=1.6511e-03 lr=1.00e-04 time=41.93s
2025-08-02 15:37:57,308 - Epoch 1 task=1.5906e-03 kd=0.0000e+00 ewc=4.2027e-05 val=5.0759e-03 lr=1.00e-04 time=44.91s
2025-08-02 15:38:44,488 - Epoch 2 task=1.4664e-03 kd=0.0000e+00 ewc=4.4491e-05 val=2.0590e-03 lr=1.00e-04 time=45.53s
2025-08-02 15:39:29,956 - Epoch 3 task=1.4048e-03 kd=0.0000e+00 ewc=4.6080e-05 val=1.5202e-03 lr=1.00e-04 time=43.83s
2025-08-02 15:40:14,114 - Epoch 4 task=1.2707e-03 kd=0.0000e+00 ewc=4.9170e-05 val=1.0616e-03 lr=1.00e-04 time=42.46s
2025-08-02 15:41:00,016 - Epoch 5 task=1.2041e-03 kd=0.0000e+00 ewc=5.0685e-05 val=1.2760e-03 lr=1.00e-04 time=44.23s
2025-08-02 15:41:45,434 - Epoch 6 task=1.1708e-03 kd=0.0000e+00 ewc=5.2756e-05 val=1.4252e-03 lr=1.00e-04 time=43.76s
2025-08-02 15:42:32,031 - Epoch 7 task=1.0496e-03 kd=0.0000e+00 ewc=5.5001e-05 val=1.3744e-03 lr=1.00e-04 time=44.94s
2025-08-02 15:43:21,488 - Epoch 8 task=1.0004e-03 kd=0.0000e+00 ewc=5.7218e-05 val=1.4034e-03 lr=1.00e-04 time=47.79s
2025-08-02 15:44:06,119 - Epoch 9 task=9.5250e-04 kd=0.0000e+00 ewc=5.9256e-05 val=9.7068e-04 lr=1.00e-04 time=42.99s
2025-08-02 15:44:52,776 - Epoch 10 task=9.3606e-04 kd=0.0000e+00 ewc=6.2039e-05 val=8.9243e-04 lr=1.00e-04 time=44.97s
2025-08-02 15:45:41,084 - Epoch 11 task=9.2966e-04 kd=0.0000e+00 ewc=6.4583e-05 val=1.1806e-03 lr=1.00e-04 time=46.61s
2025-08-02 15:46:28,384 - Epoch 12 task=7.8956e-04 kd=0.0000e+00 ewc=6.6176e-05 val=1.1958e-03 lr=1.00e-04 time=45.64s
2025-08-02 15:47:12,982 - Epoch 13 task=7.7611e-04 kd=0.0000e+00 ewc=6.7576e-05 val=1.3651e-03 lr=1.00e-04 time=42.93s
2025-08-02 15:47:57,586 - Epoch 14 task=7.5666e-04 kd=0.0000e+00 ewc=6.8607e-05 val=1.3491e-03 lr=1.00e-04 time=42.94s
2025-08-02 15:48:46,535 - Epoch 15 task=7.5735e-04 kd=0.0000e+00 ewc=6.9708e-05 val=1.2463e-03 lr=1.00e-04 time=47.30s
2025-08-02 15:49:31,624 - Epoch 16 task=7.0505e-04 kd=0.0000e+00 ewc=7.0322e-05 val=8.3655e-04 lr=1.00e-04 time=43.31s
2025-08-02 15:50:17,214 - Epoch 17 task=6.8852e-04 kd=0.0000e+00 ewc=7.0840e-05 val=9.6178e-04 lr=1.00e-04 time=43.82s
2025-08-02 15:51:03,387 - Epoch 18 task=6.7867e-04 kd=0.0000e+00 ewc=7.1367e-05 val=9.7891e-04 lr=1.00e-04 time=42.88s
2025-08-02 15:51:51,889 - Epoch 19 task=6.4764e-04 kd=0.0000e+00 ewc=7.1196e-05 val=9.4718e-04 lr=1.00e-04 time=46.85s
2025-08-02 15:52:37,733 - Epoch 20 task=7.4624e-04 kd=0.0000e+00 ewc=7.2372e-05 val=9.0406e-04 lr=1.00e-04 time=44.19s
2025-08-02 15:53:21,913 - Epoch 21 task=7.1341e-04 kd=0.0000e+00 ewc=7.3062e-05 val=1.0146e-03 lr=1.00e-04 time=42.52s
2025-08-02 15:54:09,357 - Epoch 22 task=6.7208e-04 kd=0.0000e+00 ewc=7.2993e-05 val=9.6454e-04 lr=1.00e-04 time=45.79s
2025-08-02 15:54:59,030 - Epoch 23 task=5.2135e-04 kd=0.0000e+00 ewc=7.2521e-05 val=6.8366e-04 lr=5.00e-05 time=48.03s
2025-08-02 15:55:49,216 - Epoch 24 task=5.2102e-04 kd=0.0000e+00 ewc=7.1799e-05 val=9.3713e-04 lr=5.00e-05 time=48.51s
2025-08-02 15:56:39,759 - Epoch 25 task=5.1408e-04 kd=0.0000e+00 ewc=7.0863e-05 val=1.4015e-03 lr=5.00e-05 time=48.89s
2025-08-02 15:57:24,006 - Epoch 26 task=5.1310e-04 kd=0.0000e+00 ewc=7.0207e-05 val=9.6150e-04 lr=5.00e-05 time=42.60s
2025-08-02 15:58:15,007 - Epoch 27 task=5.0737e-04 kd=0.0000e+00 ewc=6.9839e-05 val=8.6759e-04 lr=5.00e-05 time=49.35s
2025-08-02 15:59:11,416 - Epoch 28 task=5.0909e-04 kd=0.0000e+00 ewc=6.9539e-05 val=8.8145e-04 lr=5.00e-05 time=54.76s
2025-08-02 16:00:12,047 - Epoch 29 task=5.0047e-04 kd=0.0000e+00 ewc=6.9193e-05 val=9.2414e-04 lr=5.00e-05 time=58.95s
2025-08-02 16:01:16,432 - Epoch 30 task=4.3944e-04 kd=0.0000e+00 ewc=6.8865e-05 val=8.6611e-04 lr=2.50e-05 time=62.73s
2025-08-02 16:02:10,264 - Epoch 31 task=4.4248e-04 kd=0.0000e+00 ewc=6.8537e-05 val=7.4280e-04 lr=2.50e-05 time=52.18s
2025-08-02 16:03:01,893 - Epoch 32 task=4.3889e-04 kd=0.0000e+00 ewc=6.8271e-05 val=7.6101e-04 lr=2.50e-05 time=49.98s
2025-08-02 16:03:47,527 - Epoch 33 task=4.3933e-04 kd=0.0000e+00 ewc=6.7922e-05 val=6.9225e-04 lr=2.50e-05 time=43.98s
2025-08-02 16:04:40,295 - Epoch 34 task=4.2839e-04 kd=0.0000e+00 ewc=6.7665e-05 val=8.0842e-04 lr=2.50e-05 time=50.99s
2025-08-02 16:05:24,095 - Epoch 35 task=4.2255e-04 kd=0.0000e+00 ewc=6.7460e-05 val=8.4122e-04 lr=2.50e-05 time=42.15s
2025-08-02 16:06:13,473 - Epoch 36 task=4.0372e-04 kd=0.0000e+00 ewc=6.7451e-05 val=8.2338e-04 lr=1.25e-05 time=47.73s
2025-08-02 16:06:56,789 - Epoch 37 task=3.9604e-04 kd=0.0000e+00 ewc=6.7267e-05 val=7.5112e-04 lr=1.25e-05 time=41.67s
2025-08-02 16:07:39,717 - Epoch 38 task=3.9530e-04 kd=0.0000e+00 ewc=6.7173e-05 val=7.7708e-04 lr=1.25e-05 time=41.28s
2025-08-02 16:08:22,841 - Epoch 39 task=3.9919e-04 kd=0.0000e+00 ewc=6.6992e-05 val=7.3090e-04 lr=1.25e-05 time=41.47s
2025-08-02 16:09:05,900 - Epoch 40 task=3.8954e-04 kd=0.0000e+00 ewc=6.6930e-05 val=8.2919e-04 lr=1.25e-05 time=41.41s
2025-08-02 16:09:49,567 - Epoch 41 task=3.8556e-04 kd=0.0000e+00 ewc=6.6811e-05 val=8.0538e-04 lr=1.25e-05 time=42.01s
2025-08-02 16:10:33,071 - Epoch 42 task=3.7563e-04 kd=0.0000e+00 ewc=6.6649e-05 val=7.3203e-04 lr=6.25e-06 time=41.86s
2025-08-02 16:11:16,948 - Epoch 43 task=3.7244e-04 kd=0.0000e+00 ewc=6.6604e-05 val=7.2083e-04 lr=6.25e-06 time=42.23s
2025-08-02 16:11:16,964 - Early stopping at epoch 43
2025-08-02 16:11:19,808 - Consolidating task 2 with EWC lambda: 0.0000
2025-08-02 16:11:52,600 - Task 2 consolidated with EWC lambda=0.0000
2025-08-02 16:11:52,602 - Task 2 completed and consolidated.
2025-08-02 16:11:52,605 - ==== Incremental Training Complete ====
2025-08-02 16:11:52,608 - ==== Starting Comprehensive Evaluation ====
2025-08-02 16:11:52,723 - Evaluating model trained after task 0...
2025-08-02 16:12:05,413 -   Task 0 -> Test Task 0: MAE=4.6181e-02, R=-0.0462
2025-08-02 16:12:06,989 -   Task 0 -> Test Task 1: MAE=5.2121e-02, R=-0.0521
2025-08-02 16:12:08,315 -   Task 0 -> Test Task 2: MAE=1.5861e-01, R=-0.1586
2025-08-02 16:12:08,319 - Evaluating model trained after task 1...
2025-08-02 16:12:21,275 -   Task 1 -> Test Task 0: MAE=2.0637e-02, R=-0.0206
2025-08-02 16:12:22,852 -   Task 1 -> Test Task 1: MAE=6.1377e-02, R=-0.0614
2025-08-02 16:12:24,182 -   Task 1 -> Test Task 2: MAE=1.2943e-01, R=-0.1294
2025-08-02 16:12:24,190 - Evaluating model trained after task 2...
2025-08-02 16:12:37,502 -   Task 2 -> Test Task 0: MAE=2.6274e-02, R=-0.0263
2025-08-02 16:12:39,101 -   Task 2 -> Test Task 1: MAE=8.5547e-02, R=-0.0855
2025-08-02 16:12:40,445 -   Task 2 -> Test Task 2: MAE=5.8241e-02, R=-0.0582
2025-08-02 16:12:40,449 - ==== Computing Continual Learning Metrics ====
2025-08-02 16:12:40,454 - Computing random initialization baselines...
2025-08-02 16:12:43,486 -   Baseline Task 0: R=-0.9926
2025-08-02 16:12:45,157 -   Baseline Task 1: R=-0.8954
2025-08-02 16:12:46,479 -   Baseline Task 2: R=-0.7892
2025-08-02 16:12:46,486 - ==== Continual Learning Results ====
2025-08-02 16:12:46,492 - BWT (Backward Transfer): -0.0021 (less negative = less forgetting)
2025-08-02 16:12:46,499 - FWT (Forward Transfer): 0.7515 (positive = beneficial transfer)
2025-08-02 16:12:46,509 - ACC (Average Accuracy): -0.0567
2025-08-02 16:12:46,517 - ==== Performance Matrix R[i][j] ====
2025-08-02 16:12:46,522 - Rows: trained after task i, Columns: evaluated on task j
2025-08-02 16:12:46,531 -        Task 0 Task 1 Task 2
2025-08-02 16:12:46,540 - Task 0: -0.0462 -0.0521 -0.1586
2025-08-02 16:12:46,550 - Task 1: -0.0206 -0.0614 -0.1294
2025-08-02 16:12:46,582 - Task 2: -0.0263 -0.0855 -0.0582
2025-08-02 16:12:46,867 - ==== Evaluation Complete ====
2025-08-02 16:12:46,877 - All results saved to: /beegfs/home/users/z/zzhuqshun/Thesis/05_Final/strategies/trial3/metrics
2025-08-02 16:12:46,888 - ==== Final Summary ====
2025-08-02 16:12:46,897 - Continual Learning Metrics:
2025-08-02 16:12:46,904 -   BWT: -0.0021
2025-08-02 16:12:46,911 -   FWT: 0.7515
2025-08-02 16:12:46,920 -   ACC: -0.0567
2025-08-02 16:12:46,930 -   num_tasks: 3.0000
2025-08-02 16:12:46,938 - ==== Experiment Complete ====
