2025-07-13 19:54:10,612 - INFO - [EXPERIMENT] Directory: model/tryouts/4inputs/joint_crosscell
2025-07-13 19:54:10,615 - INFO - [EXPERIMENT] Device: cuda
2025-07-13 19:54:10,617 - INFO - ============================================================
2025-07-13 19:54:10,619 - INFO - [JOINT] Starting Joint Training
2025-07-13 19:54:10,620 - INFO - ============================================================
2025-07-13 19:54:10,624 - INFO - [DATA] Mode: JOINT
2025-07-13 19:54:10,626 - INFO - [DATA] Resample rate: 10min
2025-07-13 19:54:10,628 - INFO -   (Split) Train IDs: ['03', '05', '07', '09', '11', '15', '21', '23', '25', '27', '29']
2025-07-13 19:54:10,630 - INFO -   (Split) Val IDs: ['01', '19', '13']
2025-07-13 19:55:34,545 - INFO -   (Split) joint_train: 205644 samples
2025-07-13 19:55:54,791 - INFO -   (Split) joint_val: 58177 samples
2025-07-13 19:56:01,888 - INFO -   (Split) joint_test_full: 22872 samples
2025-07-13 19:56:01,890 - INFO - [DATA] Fitting scaler: RobustScaler
2025-07-13 19:56:01,909 - INFO -   (Scaler) Features scaled: ['Voltage[V]', 'Current[A]', 'Temperature[°C]', 'EFC']
2025-07-13 19:56:01,927 - INFO - [DATA] Preparation complete. Keys: ['joint_train', 'joint_val', 'test_full']
2025-07-13 19:56:01,929 - INFO - [DATA] Grouping datasets by cell_id: False
2025-07-13 19:56:07,122 - INFO - [DATA] Created dataset with 204924 samples
2025-07-13 19:56:08,531 - INFO - [DATA] Created dataset with 57457 samples
2025-07-13 19:56:08,990 - INFO - [DATA] Created dataset with 22152 samples
2025-07-13 19:56:08,992 - INFO -   (DATA) Dataloaders created for: ['joint_train', 'joint_val', 'test_full']
2025-07-13 19:56:09,118 - INFO -   (MODEL) SOHLSTM initialized: input_size=4, hidden=128, layers=2, dropout=0.30
2025-07-13 19:56:10,413 - INFO -   (TRAIN) Start training on joint dataset ...
2025-07-13 19:59:29,863 - INFO - [TRAIN] Epoch 0: Train Loss: 1.8109e-02, Val Loss: 5.7073e-03, Task: 1.8109e-02, KD: 0.0000e+00, EWC: 0.0000e+00, LR: 1.000000e-04
2025-07-13 20:02:21,245 - INFO - [TRAIN] Epoch 1: Train Loss: 5.1256e-03, Val Loss: 2.2336e-03, Task: 5.1256e-03, KD: 0.0000e+00, EWC: 0.0000e+00, LR: 1.000000e-04
2025-07-13 20:05:12,801 - INFO - [TRAIN] Epoch 2: Train Loss: 3.0573e-03, Val Loss: 1.9835e-03, Task: 3.0573e-03, KD: 0.0000e+00, EWC: 0.0000e+00, LR: 1.000000e-04
2025-07-13 20:08:03,905 - INFO - [TRAIN] Epoch 3: Train Loss: 1.6295e-03, Val Loss: 3.2490e-03, Task: 1.6295e-03, KD: 0.0000e+00, EWC: 0.0000e+00, LR: 1.000000e-04
2025-07-13 20:10:55,055 - INFO - [TRAIN] Epoch 4: Train Loss: 8.7560e-04, Val Loss: 3.6547e-03, Task: 8.7560e-04, KD: 0.0000e+00, EWC: 0.0000e+00, LR: 1.000000e-04
2025-07-13 20:13:46,894 - INFO - [TRAIN] Epoch 5: Train Loss: 5.4751e-04, Val Loss: 3.4362e-03, Task: 5.4751e-04, KD: 0.0000e+00, EWC: 0.0000e+00, LR: 1.000000e-04
2025-07-13 20:16:38,463 - INFO - [TRAIN] Epoch 6: Train Loss: 4.5847e-04, Val Loss: 3.8539e-03, Task: 4.5847e-04, KD: 0.0000e+00, EWC: 0.0000e+00, LR: 1.000000e-04
2025-07-13 20:19:29,965 - INFO - [TRAIN] Epoch 7: Train Loss: 3.4073e-04, Val Loss: 2.5369e-03, Task: 3.4073e-04, KD: 0.0000e+00, EWC: 0.0000e+00, LR: 1.000000e-04
2025-07-13 20:22:21,254 - INFO - [TRAIN] Epoch 8: Train Loss: 3.2113e-04, Val Loss: 2.3702e-03, Task: 3.2113e-04, KD: 0.0000e+00, EWC: 0.0000e+00, LR: 5.000000e-05
2025-07-13 20:25:13,052 - INFO - [TRAIN] Epoch 9: Train Loss: 2.2029e-04, Val Loss: 2.4562e-03, Task: 2.2029e-04, KD: 0.0000e+00, EWC: 0.0000e+00, LR: 5.000000e-05
2025-07-13 20:28:03,391 - INFO - [TRAIN] Epoch 10: Train Loss: 1.9711e-04, Val Loss: 2.7266e-03, Task: 1.9711e-04, KD: 0.0000e+00, EWC: 0.0000e+00, LR: 5.000000e-05
2025-07-13 20:30:53,681 - INFO - [TRAIN] Epoch 11: Train Loss: 1.7832e-04, Val Loss: 2.8144e-03, Task: 1.7832e-04, KD: 0.0000e+00, EWC: 0.0000e+00, LR: 5.000000e-05
2025-07-13 20:33:43,972 - INFO - [TRAIN] Epoch 12: Train Loss: 1.7315e-04, Val Loss: 2.5231e-03, Task: 1.7315e-04, KD: 0.0000e+00, EWC: 0.0000e+00, LR: 5.000000e-05
2025-07-13 20:36:34,344 - INFO - [TRAIN] Epoch 13: Train Loss: 1.6573e-04, Val Loss: 2.5000e-03, Task: 1.6573e-04, KD: 0.0000e+00, EWC: 0.0000e+00, LR: 5.000000e-05
2025-07-13 20:39:25,808 - INFO - [TRAIN] Epoch 14: Train Loss: 1.6304e-04, Val Loss: 2.7321e-03, Task: 1.6304e-04, KD: 0.0000e+00, EWC: 0.0000e+00, LR: 2.500000e-05
2025-07-13 20:42:16,833 - INFO - [TRAIN] Epoch 15: Train Loss: 1.4448e-04, Val Loss: 2.5296e-03, Task: 1.4448e-04, KD: 0.0000e+00, EWC: 0.0000e+00, LR: 2.500000e-05
2025-07-13 20:45:11,038 - INFO - [TRAIN] Epoch 16: Train Loss: 1.3977e-04, Val Loss: 2.6100e-03, Task: 1.3977e-04, KD: 0.0000e+00, EWC: 0.0000e+00, LR: 2.500000e-05
2025-07-13 20:48:02,956 - INFO - [TRAIN] Epoch 17: Train Loss: 1.4031e-04, Val Loss: 2.1945e-03, Task: 1.4031e-04, KD: 0.0000e+00, EWC: 0.0000e+00, LR: 2.500000e-05
2025-07-13 20:50:53,938 - INFO - [TRAIN] Epoch 18: Train Loss: 1.3527e-04, Val Loss: 2.6374e-03, Task: 1.3527e-04, KD: 0.0000e+00, EWC: 0.0000e+00, LR: 2.500000e-05
2025-07-13 20:53:50,047 - INFO - [TRAIN] Epoch 19: Train Loss: 1.3524e-04, Val Loss: 2.6497e-03, Task: 1.3524e-04, KD: 0.0000e+00, EWC: 0.0000e+00, LR: 2.500000e-05
2025-07-13 20:56:40,388 - INFO - [TRAIN] Epoch 20: Train Loss: 1.3320e-04, Val Loss: 2.6008e-03, Task: 1.3320e-04, KD: 0.0000e+00, EWC: 0.0000e+00, LR: 1.250000e-05
2025-07-13 20:59:30,389 - INFO - [TRAIN] Epoch 21: Train Loss: 1.2772e-04, Val Loss: 2.6275e-03, Task: 1.2772e-04, KD: 0.0000e+00, EWC: 0.0000e+00, LR: 1.250000e-05
2025-07-13 21:02:20,431 - INFO - [TRAIN] Epoch 22: Train Loss: 1.2560e-04, Val Loss: 2.6603e-03, Task: 1.2560e-04, KD: 0.0000e+00, EWC: 0.0000e+00, LR: 1.250000e-05
2025-07-13 21:02:20,501 - INFO - [TRAIN] Early stopping at epoch 22
2025-07-13 21:02:23,511 - INFO -   (TRAIN) Finished. Loss curves saved: model/tryouts/4inputs/joint_crosscell/joint_training/training_curves.png
2025-07-13 21:02:29,986 - INFO -   (EVAL) [Test] RMSE: 3.1847e-02, MAE: 2.2947e-02, R2: 0.8567
2025-07-13 21:02:31,458 - INFO -   (EVAL) Prediction plots saved: model/tryouts/4inputs/joint_crosscell/joint_training/predictions
2025-07-13 21:02:31,467 - INFO -   (MODEL) Checkpoint saved: model/tryouts/4inputs/joint_crosscell/joint_training/model.pt
2025-07-13 21:02:31,468 - INFO - ============================================================
2025-07-13 21:02:31,471 - INFO - [JOINT] Joint training finished.
2025-07-13 21:02:31,472 - INFO - ============================================================
2025-07-13 21:02:31,473 - INFO - [EXPERIMENT] Completed!
