2025-07-14 20:39:12,188 - INFO - [EXPERIMENT] Directory: model/tryouts/3inputs/joint_cellsplit
2025-07-14 20:39:12,195 - INFO - [EXPERIMENT] Device: cuda
2025-07-14 20:39:12,198 - INFO - ============================================================
2025-07-14 20:39:12,200 - INFO - [JOINT] Starting Joint Training
2025-07-14 20:39:12,203 - INFO - ============================================================
2025-07-14 20:39:12,208 - INFO - [DATA] Mode: JOINT
2025-07-14 20:39:12,211 - INFO - [DATA] Resample rate: 10min
2025-07-14 20:39:12,213 - INFO -   (Split) Train IDs: ['03', '05', '07', '09', '11', '15', '21', '23', '25', '27', '29']
2025-07-14 20:39:12,215 - INFO -   (Split) Val IDs: ['01', '19', '13']
2025-07-14 20:40:35,700 - INFO -   (Split) joint_train: 205644 samples
2025-07-14 20:40:58,408 - INFO -   (Split) joint_val: 58177 samples
2025-07-14 20:41:07,284 - INFO -   (Split) joint_test_full: 22872 samples
2025-07-14 20:41:07,287 - INFO - [DATA] Fitting scaler: RobustScaler
2025-07-14 20:41:07,311 - INFO -   (Scaler) Features scaled: ['Voltage[V]', 'Current[A]', 'Temperature[°C]']
2025-07-14 20:41:07,333 - INFO - [DATA] Preparation complete. Keys: ['joint_train', 'joint_val', 'test_full']
2025-07-14 20:41:07,335 - INFO - [DATA] Grouping datasets by cell_id: True
2025-07-14 20:41:12,733 - INFO - [DATA] Created dataset with 197724 samples
2025-07-14 20:41:14,200 - INFO - [DATA] Created dataset with 56017 samples
2025-07-14 20:41:14,680 - INFO - [DATA] Created dataset with 22152 samples
2025-07-14 20:41:14,682 - INFO -   (DATA) Dataloaders created for: ['joint_train', 'joint_val', 'test_full']
2025-07-14 20:41:14,877 - INFO -   (MODEL) SOHLSTM initialized: input_size=3, hidden=128, layers=2, dropout=0.30
2025-07-14 20:41:16,956 - INFO -   (TRAIN) Start training on joint dataset ...
2025-07-14 20:48:59,023 - INFO - [TRAIN] Epoch 0: Train Loss: 2.2875e-02, Val Loss: 3.0131e-03, Task: 2.2875e-02, KD: 0.0000e+00, EWC: 0.0000e+00, LR: 1.000000e-04
2025-07-14 20:52:51,304 - INFO - [TRAIN] Epoch 1: Train Loss: 6.3554e-03, Val Loss: 2.2910e-03, Task: 6.3554e-03, KD: 0.0000e+00, EWC: 0.0000e+00, LR: 1.000000e-04
2025-07-14 20:56:44,337 - INFO - [TRAIN] Epoch 2: Train Loss: 4.0138e-03, Val Loss: 9.3793e-04, Task: 4.0138e-03, KD: 0.0000e+00, EWC: 0.0000e+00, LR: 1.000000e-04
2025-07-14 21:00:36,522 - INFO - [TRAIN] Epoch 3: Train Loss: 2.0643e-03, Val Loss: 7.2618e-04, Task: 2.0643e-03, KD: 0.0000e+00, EWC: 0.0000e+00, LR: 1.000000e-04
2025-07-14 21:04:29,533 - INFO - [TRAIN] Epoch 4: Train Loss: 1.0965e-03, Val Loss: 7.3430e-04, Task: 1.0965e-03, KD: 0.0000e+00, EWC: 0.0000e+00, LR: 1.000000e-04
2025-07-14 21:08:20,880 - INFO - [TRAIN] Epoch 5: Train Loss: 6.2293e-04, Val Loss: 4.0717e-04, Task: 6.2293e-04, KD: 0.0000e+00, EWC: 0.0000e+00, LR: 1.000000e-04
2025-07-14 21:12:13,711 - INFO - [TRAIN] Epoch 6: Train Loss: 4.3780e-04, Val Loss: 3.3770e-04, Task: 4.3780e-04, KD: 0.0000e+00, EWC: 0.0000e+00, LR: 1.000000e-04
2025-07-14 21:16:06,231 - INFO - [TRAIN] Epoch 7: Train Loss: 3.3373e-04, Val Loss: 4.4328e-04, Task: 3.3373e-04, KD: 0.0000e+00, EWC: 0.0000e+00, LR: 1.000000e-04
2025-07-14 21:19:58,809 - INFO - [TRAIN] Epoch 8: Train Loss: 2.7706e-04, Val Loss: 4.2246e-04, Task: 2.7706e-04, KD: 0.0000e+00, EWC: 0.0000e+00, LR: 1.000000e-04
2025-07-14 21:23:55,742 - INFO - [TRAIN] Epoch 9: Train Loss: 2.5170e-04, Val Loss: 3.3870e-04, Task: 2.5170e-04, KD: 0.0000e+00, EWC: 0.0000e+00, LR: 1.000000e-04
2025-07-14 21:27:49,625 - INFO - [TRAIN] Epoch 10: Train Loss: 2.0426e-04, Val Loss: 3.3881e-04, Task: 2.0426e-04, KD: 0.0000e+00, EWC: 0.0000e+00, LR: 1.000000e-04
2025-07-14 21:31:40,883 - INFO - [TRAIN] Epoch 11: Train Loss: 2.1834e-04, Val Loss: 4.5783e-04, Task: 2.1834e-04, KD: 0.0000e+00, EWC: 0.0000e+00, LR: 1.000000e-04
2025-07-14 21:35:33,326 - INFO - [TRAIN] Epoch 12: Train Loss: 1.5318e-04, Val Loss: 4.7584e-04, Task: 1.5318e-04, KD: 0.0000e+00, EWC: 0.0000e+00, LR: 5.000000e-05
2025-07-14 21:39:35,259 - INFO - [TRAIN] Epoch 13: Train Loss: 1.1693e-04, Val Loss: 8.2416e-04, Task: 1.1693e-04, KD: 0.0000e+00, EWC: 0.0000e+00, LR: 5.000000e-05
2025-07-14 21:43:26,983 - INFO - [TRAIN] Epoch 14: Train Loss: 1.0841e-04, Val Loss: 7.9616e-04, Task: 1.0841e-04, KD: 0.0000e+00, EWC: 0.0000e+00, LR: 5.000000e-05
2025-07-14 21:47:18,360 - INFO - [TRAIN] Epoch 15: Train Loss: 1.0497e-04, Val Loss: 7.7351e-04, Task: 1.0497e-04, KD: 0.0000e+00, EWC: 0.0000e+00, LR: 5.000000e-05
2025-07-14 21:51:11,697 - INFO - [TRAIN] Epoch 16: Train Loss: 1.0202e-04, Val Loss: 7.9021e-04, Task: 1.0202e-04, KD: 0.0000e+00, EWC: 0.0000e+00, LR: 5.000000e-05
2025-07-14 21:55:06,476 - INFO - [TRAIN] Epoch 17: Train Loss: 9.8806e-05, Val Loss: 7.4624e-04, Task: 9.8806e-05, KD: 0.0000e+00, EWC: 0.0000e+00, LR: 5.000000e-05
2025-07-14 21:59:04,538 - INFO - [TRAIN] Epoch 18: Train Loss: 9.7911e-05, Val Loss: 8.3980e-04, Task: 9.7911e-05, KD: 0.0000e+00, EWC: 0.0000e+00, LR: 2.500000e-05
2025-07-14 22:02:55,264 - INFO - [TRAIN] Epoch 19: Train Loss: 8.7438e-05, Val Loss: 7.9106e-04, Task: 8.7438e-05, KD: 0.0000e+00, EWC: 0.0000e+00, LR: 2.500000e-05
2025-07-14 22:06:44,462 - INFO - [TRAIN] Epoch 20: Train Loss: 8.6659e-05, Val Loss: 8.3897e-04, Task: 8.6659e-05, KD: 0.0000e+00, EWC: 0.0000e+00, LR: 2.500000e-05
2025-07-14 22:10:35,669 - INFO - [TRAIN] Epoch 21: Train Loss: 8.6021e-05, Val Loss: 8.5405e-04, Task: 8.6021e-05, KD: 0.0000e+00, EWC: 0.0000e+00, LR: 2.500000e-05
2025-07-14 22:14:19,139 - INFO - [TRAIN] Epoch 22: Train Loss: 8.4756e-05, Val Loss: 8.5087e-04, Task: 8.4756e-05, KD: 0.0000e+00, EWC: 0.0000e+00, LR: 2.500000e-05
2025-07-14 22:18:06,280 - INFO - [TRAIN] Epoch 23: Train Loss: 8.3710e-05, Val Loss: 9.3011e-04, Task: 8.3710e-05, KD: 0.0000e+00, EWC: 0.0000e+00, LR: 2.500000e-05
2025-07-14 22:21:49,406 - INFO - [TRAIN] Epoch 24: Train Loss: 8.4717e-05, Val Loss: 9.0143e-04, Task: 8.4717e-05, KD: 0.0000e+00, EWC: 0.0000e+00, LR: 1.250000e-05
2025-07-14 22:26:10,838 - INFO - [TRAIN] Epoch 25: Train Loss: 7.8379e-05, Val Loss: 8.5881e-04, Task: 7.8379e-05, KD: 0.0000e+00, EWC: 0.0000e+00, LR: 1.250000e-05
2025-07-14 22:30:55,547 - INFO - [TRAIN] Epoch 26: Train Loss: 7.7815e-05, Val Loss: 9.3505e-04, Task: 7.7815e-05, KD: 0.0000e+00, EWC: 0.0000e+00, LR: 1.250000e-05
2025-07-14 22:30:55,615 - INFO - [TRAIN] Early stopping at epoch 26
2025-07-14 22:31:06,446 - INFO -   (TRAIN) Finished. Loss curves saved: model/tryouts/3inputs/joint_cellsplit/joint_training/training_curves.png
2025-07-14 22:31:13,011 - INFO -   (EVAL) [Test] RMSE: 2.4419e-02, MAE: 1.9050e-02, R2: 0.9158
2025-07-14 22:31:15,390 - INFO -   (EVAL) Prediction plots saved: model/tryouts/3inputs/joint_cellsplit/joint_training/predictions
2025-07-14 22:31:15,510 - INFO -   (MODEL) Checkpoint saved: model/tryouts/3inputs/joint_cellsplit/joint_training/model.pt
2025-07-14 22:31:15,546 - INFO - ============================================================
2025-07-14 22:31:15,581 - INFO - [JOINT] Joint training finished.
2025-07-14 22:31:15,611 - INFO - ============================================================
2025-07-14 22:31:15,642 - INFO - [EXPERIMENT] Completed!
