2025-06-30 14:03:25,892 - ==== Skipping joint LSTM Training Phase ====
2025-06-30 14:03:25,894 - ==== Incremental EWC Training Phase ====
2025-06-30 14:04:56,007 - Base train IDs: ['03', '05', '07', '27']
2025-06-30 14:04:56,021 - Base train size: 92079
2025-06-30 14:04:56,022 - Base val IDs: ['01']
2025-06-30 14:04:56,023 - Base val size: 28612
2025-06-30 14:04:56,024 - Update1 train IDs: ['21', '23', '25']
2025-06-30 14:04:56,025 - Update1 train size: 65674
2025-06-30 14:04:56,026 - Update1 val IDs: ['19']
2025-06-30 14:04:56,026 - Update1 val size: 23120
2025-06-30 14:04:56,027 - Update2 train IDs: ['09', '11', '15', '29']
2025-06-30 14:04:56,028 - Update2 train size: 47891
2025-06-30 14:04:56,029 - Update2 val IDs: ['13']
2025-06-30 14:04:56,030 - Update2 val size: 6445
2025-06-30 14:05:02,664 - Test cell ID: 17
2025-06-30 14:05:02,665 - Test size: 22872
2025-06-30 14:05:02,666 - Test base size: 11139
2025-06-30 14:05:02,668 - Test update1 size: 6312
2025-06-30 14:05:02,669 - Test update2 size: 5421
2025-06-30 14:05:02,708 - [Scaler after fit] center_=[ 3.31975183  0.         27.55116667]
2025-06-30 14:05:02,714 - [Scaler after fit] scale_ =[0.20016217 1.86108033 1.05333333]
2025-06-30 14:05:02,715 - Resampling and scaling complete with RobustScaler
2025-06-30 14:05:03,424 - [task0] Training...
2025-06-30 14:05:03,425 - [task0] EWC active: None (no previous tasks)
2025-06-30 14:05:03,426 - [task0] This task will be stored with λ = 0.0 (not used)
2025-06-30 14:05:03,427 - [task0] Training with alpha LWF = 0.00
2025-06-30 14:06:50,361 - Epoch 001 | task 3.8182e-02 | kd 0.0000e+00 | ewc 0.0000e+00 | val 3.7162e-04 | lr 1.00e-04 | 80.27s
2025-06-30 14:08:09,733 - Epoch 002 | task 7.2867e-03 | kd 0.0000e+00 | ewc 0.0000e+00 | val 1.0398e-03 | lr 1.00e-04 | 79.31s
2025-06-30 14:09:27,292 - Epoch 003 | task 5.3097e-03 | kd 0.0000e+00 | ewc 0.0000e+00 | val 3.9763e-04 | lr 1.00e-04 | 77.52s
2025-06-30 14:10:45,024 - Epoch 004 | task 4.3294e-03 | kd 0.0000e+00 | ewc 0.0000e+00 | val 5.3001e-04 | lr 1.00e-04 | 77.67s
2025-06-30 14:12:02,923 - Epoch 005 | task 3.4420e-03 | kd 0.0000e+00 | ewc 0.0000e+00 | val 4.4389e-04 | lr 1.00e-04 | 77.80s
2025-06-30 14:13:20,941 - Epoch 006 | task 2.6740e-03 | kd 0.0000e+00 | ewc 0.0000e+00 | val 4.3592e-04 | lr 1.00e-04 | 77.94s
2025-06-30 14:14:38,565 - Epoch 007 | task 2.0609e-03 | kd 0.0000e+00 | ewc 0.0000e+00 | val 4.5443e-04 | lr 5.00e-05 | 77.57s
2025-06-30 14:15:56,780 - Epoch 008 | task 1.6517e-03 | kd 0.0000e+00 | ewc 0.0000e+00 | val 4.0441e-04 | lr 5.00e-05 | 78.16s
2025-06-30 14:17:18,986 - Epoch 009 | task 1.4034e-03 | kd 0.0000e+00 | ewc 0.0000e+00 | val 4.0720e-04 | lr 5.00e-05 | 82.13s
2025-06-30 14:18:39,920 - Epoch 010 | task 1.1964e-03 | kd 0.0000e+00 | ewc 0.0000e+00 | val 5.0908e-04 | lr 5.00e-05 | 80.75s
2025-06-30 14:19:57,565 - Epoch 011 | task 1.0292e-03 | kd 0.0000e+00 | ewc 0.0000e+00 | val 4.2328e-04 | lr 5.00e-05 | 77.57s
2025-06-30 14:21:17,520 - Epoch 012 | task 8.7673e-04 | kd 0.0000e+00 | ewc 0.0000e+00 | val 4.3260e-04 | lr 5.00e-05 | 79.88s
2025-06-30 14:22:35,601 - Epoch 013 | task 7.6261e-04 | kd 0.0000e+00 | ewc 0.0000e+00 | val 4.6050e-04 | lr 2.50e-05 | 78.03s
2025-06-30 14:23:53,215 - Epoch 014 | task 6.8891e-04 | kd 0.0000e+00 | ewc 0.0000e+00 | val 4.3581e-04 | lr 2.50e-05 | 77.55s
2025-06-30 14:25:11,895 - Epoch 015 | task 6.5224e-04 | kd 0.0000e+00 | ewc 0.0000e+00 | val 4.0288e-04 | lr 2.50e-05 | 78.64s
2025-06-30 14:26:29,647 - Epoch 016 | task 6.1891e-04 | kd 0.0000e+00 | ewc 0.0000e+00 | val 4.0849e-04 | lr 2.50e-05 | 77.70s
2025-06-30 14:27:47,729 - Epoch 017 | task 5.8846e-04 | kd 0.0000e+00 | ewc 0.0000e+00 | val 4.4307e-04 | lr 2.50e-05 | 78.01s
2025-06-30 14:29:05,547 - Epoch 018 | task 5.6076e-04 | kd 0.0000e+00 | ewc 0.0000e+00 | val 4.2150e-04 | lr 2.50e-05 | 77.75s
2025-06-30 14:30:23,249 - Epoch 019 | task 5.3125e-04 | kd 0.0000e+00 | ewc 0.0000e+00 | val 4.3309e-04 | lr 1.25e-05 | 77.62s
2025-06-30 14:31:40,850 - Epoch 020 | task 5.0491e-04 | kd 0.0000e+00 | ewc 0.0000e+00 | val 3.9249e-04 | lr 1.25e-05 | 77.55s
2025-06-30 14:32:58,336 - Epoch 021 | task 4.9213e-04 | kd 0.0000e+00 | ewc 0.0000e+00 | val 3.9523e-04 | lr 1.25e-05 | 77.46s
2025-06-30 14:32:58,376 - Early stopping at epoch 21
2025-06-30 14:33:00,314 - [task0] Training completed.
2025-06-30 14:33:00,316 - [task0] Consolidating EWC...
2025-06-30 14:34:03,744 - [task0] Consolidation done.
2025-06-30 14:34:03,777 - [task0] Baseline evaluation on own task task0 ...
2025-06-30 14:34:08,734 - [task0 Baseline on task0] RMSE: 5.1834e-02, MAE: 4.5294e-02
2025-06-30 14:34:08,736 - [task0] Baseline testing completed.
2025-06-30 14:34:08,737 - [task0] ACC (-MAE): -4.5294e-02
2025-06-30 14:34:08,739 - [task0] Evaluating BEST checkpoint...
2025-06-30 14:34:17,254 - [task0 Evaluation on full test set] RMSE: 8.5567e-02, MAE: 6.7164e-02, R2: -0.0342
2025-06-30 14:34:17,255 - [task0] Evaluation completed.
2025-06-30 14:34:17,257 - [task1] Loading best checkpoint from previous task task0...
2025-06-30 14:34:18,950 - [task1 Pre-FWT baseline] RMSE: 5.6626e-02, MAE: 4.3428e-02
2025-06-30 14:34:18,954 - [task1] Training...
2025-06-30 14:34:18,955 - [task1] EWC active: {"Task 0": 0.0}
2025-06-30 14:34:18,956 - [task1] This task will be stored with λ = 0.0
2025-06-30 14:34:18,957 - [task1] Training with alpha LWF = 1.92
2025-06-30 14:35:33,427 - Epoch 001 | task 9.7860e-03 | kd 6.6843e-03 | ewc 0.0000e+00 | val 1.4621e-03 | lr 1.00e-04 | 74.45s
2025-06-30 14:36:47,735 - Epoch 002 | task 8.2254e-03 | kd 5.2016e-03 | ewc 0.0000e+00 | val 1.4991e-03 | lr 1.00e-04 | 74.22s
2025-06-30 14:38:02,262 - Epoch 003 | task 7.4229e-03 | kd 4.4381e-03 | ewc 0.0000e+00 | val 1.2204e-03 | lr 1.00e-04 | 74.46s
2025-06-30 14:39:16,763 - Epoch 004 | task 6.6570e-03 | kd 3.7710e-03 | ewc 0.0000e+00 | val 1.5384e-03 | lr 1.00e-04 | 74.37s
2025-06-30 14:40:31,731 - Epoch 005 | task 5.9981e-03 | kd 3.1789e-03 | ewc 0.0000e+00 | val 1.3347e-03 | lr 1.00e-04 | 74.91s
2025-06-30 14:41:46,325 - Epoch 006 | task 5.3791e-03 | kd 2.6199e-03 | ewc 0.0000e+00 | val 1.3076e-03 | lr 1.00e-04 | 74.37s
2025-06-30 14:43:01,236 - Epoch 007 | task 4.8233e-03 | kd 2.1731e-03 | ewc 0.0000e+00 | val 7.0463e-04 | lr 1.00e-04 | 74.81s
2025-06-30 14:44:15,968 - Epoch 008 | task 4.3339e-03 | kd 1.7935e-03 | ewc 0.0000e+00 | val 1.1218e-03 | lr 1.00e-04 | 74.57s
2025-06-30 14:45:30,426 - Epoch 009 | task 3.8598e-03 | kd 1.5288e-03 | ewc 0.0000e+00 | val 9.2548e-04 | lr 1.00e-04 | 74.37s
2025-06-30 14:46:45,102 - Epoch 010 | task 3.5254e-03 | kd 1.2565e-03 | ewc 0.0000e+00 | val 7.9438e-04 | lr 1.00e-04 | 74.60s
2025-06-30 14:48:00,224 - Epoch 011 | task 3.1896e-03 | kd 1.0289e-03 | ewc 0.0000e+00 | val 6.8339e-04 | lr 1.00e-04 | 75.02s
2025-06-30 14:49:15,747 - Epoch 012 | task 3.1195e-03 | kd 8.6039e-04 | ewc 0.0000e+00 | val 1.1198e-03 | lr 1.00e-04 | 75.28s
2025-06-30 14:50:30,437 - Epoch 013 | task 3.3437e-03 | kd 6.8492e-04 | ewc 0.0000e+00 | val 1.0223e-03 | lr 1.00e-04 | 74.62s
2025-06-30 14:51:45,446 - Epoch 014 | task 3.2167e-03 | kd 5.7233e-04 | ewc 0.0000e+00 | val 1.0408e-03 | lr 1.00e-04 | 74.95s
2025-06-30 14:53:00,343 - Epoch 015 | task 3.1262e-03 | kd 5.1935e-04 | ewc 0.0000e+00 | val 1.0422e-03 | lr 1.00e-04 | 74.83s
2025-06-30 14:54:15,182 - Epoch 016 | task 2.9654e-03 | kd 5.4471e-04 | ewc 0.0000e+00 | val 1.1267e-03 | lr 1.00e-04 | 74.79s
2025-06-30 14:55:31,094 - Epoch 017 | task 2.9853e-03 | kd 5.2915e-04 | ewc 0.0000e+00 | val 1.0784e-03 | lr 5.00e-05 | 75.84s
2025-06-30 14:56:45,974 - Epoch 018 | task 3.0089e-03 | kd 4.9081e-04 | ewc 0.0000e+00 | val 1.0674e-03 | lr 5.00e-05 | 74.82s
2025-06-30 14:58:00,638 - Epoch 019 | task 2.7575e-03 | kd 5.3224e-04 | ewc 0.0000e+00 | val 1.0329e-03 | lr 5.00e-05 | 74.62s
2025-06-30 14:59:14,991 - Epoch 020 | task 2.6663e-03 | kd 5.4639e-04 | ewc 0.0000e+00 | val 1.1161e-03 | lr 5.00e-05 | 74.29s
2025-06-30 15:00:30,076 - Epoch 021 | task 2.6189e-03 | kd 5.4757e-04 | ewc 0.0000e+00 | val 9.1410e-04 | lr 5.00e-05 | 75.01s
2025-06-30 15:01:45,111 - Epoch 022 | task 2.5086e-03 | kd 5.7074e-04 | ewc 0.0000e+00 | val 9.4440e-04 | lr 5.00e-05 | 74.96s
2025-06-30 15:03:01,946 - Epoch 023 | task 2.4456e-03 | kd 5.7941e-04 | ewc 0.0000e+00 | val 9.6208e-04 | lr 2.50e-05 | 76.76s
2025-06-30 15:04:16,891 - Epoch 024 | task 2.4087e-03 | kd 5.8127e-04 | ewc 0.0000e+00 | val 9.2708e-04 | lr 2.50e-05 | 74.86s
2025-06-30 15:05:32,181 - Epoch 025 | task 2.3992e-03 | kd 5.8174e-04 | ewc 0.0000e+00 | val 8.7774e-04 | lr 2.50e-05 | 75.25s
2025-06-30 15:06:48,055 - Epoch 026 | task 2.3922e-03 | kd 5.8395e-04 | ewc 0.0000e+00 | val 7.9084e-04 | lr 2.50e-05 | 75.82s
2025-06-30 15:08:02,965 - Epoch 027 | task 2.3877e-03 | kd 5.8421e-04 | ewc 0.0000e+00 | val 8.0237e-04 | lr 2.50e-05 | 74.79s
2025-06-30 15:09:19,112 - Epoch 028 | task 2.3839e-03 | kd 5.8301e-04 | ewc 0.0000e+00 | val 7.7437e-04 | lr 2.50e-05 | 76.11s
2025-06-30 15:10:34,229 - Epoch 029 | task 2.3754e-03 | kd 5.8666e-04 | ewc 0.0000e+00 | val 8.3734e-04 | lr 1.25e-05 | 75.08s
2025-06-30 15:11:49,174 - Epoch 030 | task 2.3567e-03 | kd 5.8806e-04 | ewc 0.0000e+00 | val 7.8304e-04 | lr 1.25e-05 | 74.91s
2025-06-30 15:13:04,032 - Epoch 031 | task 2.3519e-03 | kd 5.8619e-04 | ewc 0.0000e+00 | val 7.7945e-04 | lr 1.25e-05 | 74.82s
2025-06-30 15:13:04,073 - Early stopping at epoch 31
2025-06-30 15:13:04,759 - [task1] Training completed.
2025-06-30 15:13:04,761 - [task1] Consolidating EWC...
2025-06-30 15:13:50,354 - [task1] Consolidation done.
2025-06-30 15:13:50,356 - [task1] Baseline evaluation on own task task1 ...
2025-06-30 15:13:54,223 - [task1 Baseline on task1] RMSE: 5.6245e-02, MAE: 5.1275e-02
2025-06-30 15:13:54,225 - [task1] Baseline testing completed.
2025-06-30 15:13:54,228 - [task1] Backward testing on previous task task0...
2025-06-30 15:13:59,219 - [task1 BACKWARD on task0] RMSE: 3.1360e-02, MAE: 2.6159e-02
2025-06-30 15:13:59,221 - [task1] ΔMAE on task0: -1.9135e-02
2025-06-30 15:13:59,222 - [task1] ACC (-MAE): -3.8717e-02
2025-06-30 15:13:59,223 - [task1] BWT: -1.9135e-02
2025-06-30 15:13:59,224 - [task1] FWT: -7.8468e-03
2025-06-30 15:13:59,226 - [task1] Evaluating BEST checkpoint...
2025-06-30 15:14:07,675 - [task1 Evaluation on full test set] RMSE: 8.0240e-02, MAE: 6.1305e-02, R2: 0.0905
2025-06-30 15:14:07,677 - [task1] Evaluation completed.
2025-06-30 15:14:07,679 - [task2] Loading best checkpoint from previous task task1...
2025-06-30 15:14:09,729 - [task2 Pre-FWT baseline] RMSE: 1.4984e-01, MAE: 1.4870e-01
2025-06-30 15:14:09,732 - [task2] Training...
2025-06-30 15:14:09,733 - [task2] EWC active: {"Task 0": 0.0, "Task 1": 0.0}
2025-06-30 15:14:09,734 - [task2] This task will be stored with λ = 0.0
2025-06-30 15:14:09,735 - [task2] Training with alpha LWF = 0.57
2025-06-30 15:15:02,900 - Epoch 001 | task 5.6358e-03 | kd 2.9657e-03 | ewc 0.0000e+00 | val 8.6914e-03 | lr 1.00e-04 | 53.16s
2025-06-30 15:15:55,945 - Epoch 002 | task 3.9528e-03 | kd 3.5152e-03 | ewc 0.0000e+00 | val 9.1382e-03 | lr 1.00e-04 | 52.86s
2025-06-30 15:16:48,704 - Epoch 003 | task 3.4195e-03 | kd 3.6459e-03 | ewc 0.0000e+00 | val 4.9488e-03 | lr 1.00e-04 | 52.71s
2025-06-30 15:17:41,328 - Epoch 004 | task 3.1964e-03 | kd 3.7141e-03 | ewc 0.0000e+00 | val 7.1642e-03 | lr 1.00e-04 | 52.54s
2025-06-30 15:18:40,350 - Epoch 005 | task 2.9096e-03 | kd 3.7321e-03 | ewc 0.0000e+00 | val 5.6946e-03 | lr 1.00e-04 | 55.70s
2025-06-30 15:19:34,759 - Epoch 006 | task 3.0019e-03 | kd 3.7410e-03 | ewc 0.0000e+00 | val 5.4733e-03 | lr 1.00e-04 | 54.35s
2025-06-30 15:20:27,665 - Epoch 007 | task 2.7949e-03 | kd 3.6856e-03 | ewc 0.0000e+00 | val 4.6585e-03 | lr 1.00e-04 | 52.86s
2025-06-30 15:21:20,857 - Epoch 008 | task 2.6030e-03 | kd 3.7408e-03 | ewc 0.0000e+00 | val 5.1673e-03 | lr 1.00e-04 | 53.04s
2025-06-30 15:22:13,363 - Epoch 009 | task 2.5439e-03 | kd 3.8385e-03 | ewc 0.0000e+00 | val 3.7938e-03 | lr 1.00e-04 | 52.46s
2025-06-30 15:23:06,594 - Epoch 010 | task 2.4165e-03 | kd 3.8074e-03 | ewc 0.0000e+00 | val 3.9306e-03 | lr 1.00e-04 | 53.14s
2025-06-30 15:23:59,603 - Epoch 011 | task 2.3108e-03 | kd 3.8365e-03 | ewc 0.0000e+00 | val 2.8561e-03 | lr 1.00e-04 | 52.93s
2025-06-30 15:24:52,220 - Epoch 012 | task 2.2492e-03 | kd 3.8322e-03 | ewc 0.0000e+00 | val 4.0652e-03 | lr 1.00e-04 | 52.53s
2025-06-30 15:25:45,471 - Epoch 013 | task 2.4552e-03 | kd 3.8077e-03 | ewc 0.0000e+00 | val 5.2369e-03 | lr 1.00e-04 | 53.20s
2025-06-30 15:26:40,515 - Epoch 014 | task 2.3995e-03 | kd 3.8563e-03 | ewc 0.0000e+00 | val 3.3641e-03 | lr 1.00e-04 | 54.97s
2025-06-30 15:27:41,090 - Epoch 015 | task 2.2319e-03 | kd 3.8636e-03 | ewc 0.0000e+00 | val 3.3747e-03 | lr 1.00e-04 | 60.51s
2025-06-30 15:28:44,322 - Epoch 016 | task 2.2206e-03 | kd 3.8928e-03 | ewc 0.0000e+00 | val 3.8571e-03 | lr 1.00e-04 | 63.19s
2025-06-30 15:29:42,425 - Epoch 017 | task 2.0441e-03 | kd 3.9056e-03 | ewc 0.0000e+00 | val 1.9768e-03 | lr 1.00e-04 | 58.06s
2025-06-30 15:30:35,689 - Epoch 018 | task 1.8825e-03 | kd 3.9815e-03 | ewc 0.0000e+00 | val 2.5128e-03 | lr 1.00e-04 | 53.13s
2025-06-30 15:31:28,289 - Epoch 019 | task 1.8775e-03 | kd 3.9790e-03 | ewc 0.0000e+00 | val 3.5505e-03 | lr 1.00e-04 | 52.54s
2025-06-30 15:32:21,567 - Epoch 020 | task 1.8744e-03 | kd 3.9683e-03 | ewc 0.0000e+00 | val 2.2273e-03 | lr 1.00e-04 | 53.20s
2025-06-30 15:33:14,908 - Epoch 021 | task 1.8025e-03 | kd 3.9942e-03 | ewc 0.0000e+00 | val 2.4486e-03 | lr 1.00e-04 | 53.29s
2025-06-30 15:34:08,023 - Epoch 022 | task 1.7959e-03 | kd 3.9948e-03 | ewc 0.0000e+00 | val 1.6641e-03 | lr 1.00e-04 | 53.04s
2025-06-30 15:35:00,782 - Epoch 023 | task 1.7579e-03 | kd 4.0083e-03 | ewc 0.0000e+00 | val 2.2426e-03 | lr 1.00e-04 | 52.64s
2025-06-30 15:35:53,860 - Epoch 024 | task 1.7102e-03 | kd 4.0261e-03 | ewc 0.0000e+00 | val 2.5307e-03 | lr 1.00e-04 | 53.01s
2025-06-30 15:36:46,827 - Epoch 025 | task 1.7089e-03 | kd 4.0164e-03 | ewc 0.0000e+00 | val 2.0701e-03 | lr 1.00e-04 | 52.89s
2025-06-30 15:37:39,484 - Epoch 026 | task 1.7946e-03 | kd 4.0281e-03 | ewc 0.0000e+00 | val 1.8574e-03 | lr 1.00e-04 | 52.59s
2025-06-30 15:38:32,656 - Epoch 027 | task 1.6854e-03 | kd 4.0169e-03 | ewc 0.0000e+00 | val 1.9269e-03 | lr 1.00e-04 | 53.10s
2025-06-30 15:39:26,180 - Epoch 028 | task 1.6603e-03 | kd 4.0147e-03 | ewc 0.0000e+00 | val 2.3731e-03 | lr 5.00e-05 | 53.45s
2025-06-30 15:40:20,606 - Epoch 029 | task 1.5790e-03 | kd 4.0379e-03 | ewc 0.0000e+00 | val 1.5141e-03 | lr 5.00e-05 | 54.35s
2025-06-30 15:41:13,140 - Epoch 030 | task 1.5621e-03 | kd 4.0485e-03 | ewc 0.0000e+00 | val 1.8664e-03 | lr 5.00e-05 | 52.39s
2025-06-30 15:42:06,268 - Epoch 031 | task 1.5849e-03 | kd 4.0523e-03 | ewc 0.0000e+00 | val 2.0973e-03 | lr 5.00e-05 | 53.06s
2025-06-30 15:42:59,166 - Epoch 032 | task 1.5486e-03 | kd 4.0493e-03 | ewc 0.0000e+00 | val 2.0069e-03 | lr 5.00e-05 | 52.84s
2025-06-30 15:43:52,187 - Epoch 033 | task 1.5851e-03 | kd 4.0340e-03 | ewc 0.0000e+00 | val 1.8393e-03 | lr 5.00e-05 | 52.98s
2025-06-30 15:44:44,748 - Epoch 034 | task 1.5447e-03 | kd 4.0502e-03 | ewc 0.0000e+00 | val 2.1283e-03 | lr 5.00e-05 | 52.49s
2025-06-30 15:45:37,812 - Epoch 035 | task 1.5487e-03 | kd 4.0567e-03 | ewc 0.0000e+00 | val 1.9030e-03 | lr 2.50e-05 | 53.00s
2025-06-30 15:46:30,938 - Epoch 036 | task 1.5239e-03 | kd 4.0576e-03 | ewc 0.0000e+00 | val 1.8439e-03 | lr 2.50e-05 | 53.05s
2025-06-30 15:47:25,174 - Epoch 037 | task 1.5165e-03 | kd 4.0605e-03 | ewc 0.0000e+00 | val 1.8450e-03 | lr 2.50e-05 | 54.19s
2025-06-30 15:48:23,902 - Epoch 038 | task 1.5100e-03 | kd 4.0626e-03 | ewc 0.0000e+00 | val 1.9740e-03 | lr 2.50e-05 | 58.51s
2025-06-30 15:49:25,061 - Epoch 039 | task 1.5150e-03 | kd 4.0602e-03 | ewc 0.0000e+00 | val 1.8056e-03 | lr 2.50e-05 | 61.05s
2025-06-30 15:50:26,233 - Epoch 040 | task 1.5102e-03 | kd 4.0623e-03 | ewc 0.0000e+00 | val 1.8393e-03 | lr 2.50e-05 | 61.04s
2025-06-30 15:51:29,571 - Epoch 041 | task 1.5072e-03 | kd 4.0628e-03 | ewc 0.0000e+00 | val 1.9045e-03 | lr 1.25e-05 | 63.22s
2025-06-30 15:52:41,471 - Epoch 042 | task 1.4989e-03 | kd 4.0673e-03 | ewc 0.0000e+00 | val 1.9085e-03 | lr 1.25e-05 | 71.77s
2025-06-30 15:53:43,349 - Epoch 043 | task 1.4959e-03 | kd 4.0664e-03 | ewc 0.0000e+00 | val 1.8734e-03 | lr 1.25e-05 | 61.71s
2025-06-30 15:54:42,106 - Epoch 044 | task 1.4932e-03 | kd 4.0686e-03 | ewc 0.0000e+00 | val 1.7803e-03 | lr 1.25e-05 | 58.68s
2025-06-30 15:55:40,563 - Epoch 045 | task 1.4920e-03 | kd 4.0701e-03 | ewc 0.0000e+00 | val 1.8608e-03 | lr 1.25e-05 | 58.36s
2025-06-30 15:56:34,154 - Epoch 046 | task 1.4935e-03 | kd 4.0689e-03 | ewc 0.0000e+00 | val 1.6735e-03 | lr 1.25e-05 | 53.48s
2025-06-30 15:57:27,296 - Epoch 047 | task 1.4912e-03 | kd 4.0735e-03 | ewc 0.0000e+00 | val 1.7617e-03 | lr 6.25e-06 | 53.08s
2025-06-30 15:58:20,919 - Epoch 048 | task 1.4862e-03 | kd 4.0720e-03 | ewc 0.0000e+00 | val 1.9185e-03 | lr 6.25e-06 | 53.55s
2025-06-30 15:59:14,664 - Epoch 049 | task 1.4858e-03 | kd 4.0689e-03 | ewc 0.0000e+00 | val 1.7780e-03 | lr 6.25e-06 | 53.67s
2025-06-30 15:59:14,726 - Early stopping at epoch 49
2025-06-30 15:59:15,741 - [task2] Training completed.
2025-06-30 15:59:15,745 - [task2] Consolidating EWC...
2025-06-30 15:59:49,116 - [task2] Consolidation done.
2025-06-30 15:59:49,120 - [task2] Baseline evaluation on own task task2 ...
2025-06-30 15:59:52,643 - [task2 Baseline on task2] RMSE: 2.0811e-01, MAE: 2.0446e-01
2025-06-30 15:59:52,644 - [task2] Baseline testing completed.
2025-06-30 15:59:52,648 - [task2] Backward testing on previous task task0...
2025-06-30 15:59:57,644 - [task2 BACKWARD on task0] RMSE: 3.2390e-02, MAE: 2.8384e-02
2025-06-30 15:59:57,647 - [task2] Backward testing on previous task task1...
2025-06-30 16:00:01,482 - [task2 BACKWARD on task1] RMSE: 1.1424e-01, MAE: 1.1137e-01
2025-06-30 16:00:01,484 - [task2] ΔMAE on task0: -1.6910e-02
2025-06-30 16:00:01,485 - [task2] ΔMAE on task1: +6.0097e-02
2025-06-30 16:00:01,487 - [task2] ACC (-MAE): -1.1474e-01
2025-06-30 16:00:01,489 - [task2] BWT: +2.1593e-02
2025-06-30 16:00:01,490 - [task2] FWT: -5.5761e-02
2025-06-30 16:00:01,492 - [task2] Evaluating BEST checkpoint...
2025-06-30 16:00:10,107 - [task2 Evaluation on full test set] RMSE: 1.1863e-01, MAE: 9.2586e-02, R2: -0.9881
2025-06-30 16:00:10,110 - [task2] Evaluation completed.
2025-06-30 16:00:10,159 - Saved ACC/BWT/FWT history to /beegfs/home/users/z/zzhuqshun/Thesis/04_NNs/model/ewc_trial2_without_ewc/incremental/continual_metrics.csv
2025-06-30 16:00:10,826 - ==== All tasks completed ====
