2025-07-09 15:09:44,769 - ==== Regular LSTM Training Phase ====
2025-07-09 15:11:14,501 - Base train IDs: ['03', '05', '07', '09', '11', '15', '21', '23', '25', '27', '29']
2025-07-09 15:11:14,503 - Base train size: 205644
2025-07-09 15:11:14,504 - Base val IDs: ['01', '19', '13']
2025-07-09 15:11:14,505 - Base val size: 58177
2025-07-09 15:11:14,506 - Update1 train IDs: []
2025-07-09 15:11:14,507 - Update1 train size: 0
2025-07-09 15:11:14,508 - Update1 val IDs: []
2025-07-09 15:11:14,510 - Update1 val size: 0
2025-07-09 15:11:14,510 - Update2 train IDs: []
2025-07-09 15:11:14,511 - Update2 train size: 0
2025-07-09 15:11:14,512 - Update2 val IDs: []
2025-07-09 15:11:14,513 - Update2 val size: 0
2025-07-09 15:11:22,438 - Test cell ID: 17
2025-07-09 15:11:22,439 - Test size: 22872
2025-07-09 15:11:22,440 - Test base size: 11139
2025-07-09 15:11:22,441 - Test update1 size: 6312
2025-07-09 15:11:22,442 - Test update2 size: 5421
2025-07-09 15:11:22,482 - [Scaler after fit] center_=[ 3.342422    0.17992967 27.75      ]
2025-07-09 15:11:22,495 - [Scaler after fit] scale_ =[0.18428363 1.77955483 1.81783333]
2025-07-09 15:11:22,497 - Resampling and scaling complete with RobustScaler
2025-07-09 15:12:08,875 - Epoch 001 | task 1.1745e-01 | kd 0.0000e+00 | ewc 0.0000e+00 | val 5.2568e-02
2025-07-09 15:12:13,973 - Epoch 002 | task 5.2909e-03 | kd 0.0000e+00 | ewc 0.0000e+00 | val 4.5059e-02
2025-07-09 15:12:22,365 - Epoch 003 | task 5.2533e-03 | kd 0.0000e+00 | ewc 0.0000e+00 | val 3.8818e-02
2025-07-09 15:12:29,137 - Epoch 004 | task 5.2058e-03 | kd 0.0000e+00 | ewc 0.0000e+00 | val 3.3527e-02
2025-07-09 15:12:33,877 - Epoch 005 | task 5.1132e-03 | kd 0.0000e+00 | ewc 0.0000e+00 | val 2.9281e-02
2025-07-09 15:12:39,585 - Epoch 006 | task 4.9744e-03 | kd 0.0000e+00 | ewc 0.0000e+00 | val 2.5792e-02
2025-07-09 15:12:46,962 - Epoch 007 | task 4.8043e-03 | kd 0.0000e+00 | ewc 0.0000e+00 | val 2.3019e-02
2025-07-09 15:12:55,670 - Epoch 008 | task 4.6425e-03 | kd 0.0000e+00 | ewc 0.0000e+00 | val 2.0923e-02
2025-07-09 15:13:02,751 - Epoch 009 | task 4.5185e-03 | kd 0.0000e+00 | ewc 0.0000e+00 | val 1.9465e-02
2025-07-09 15:13:12,425 - Epoch 010 | task 4.4113e-03 | kd 0.0000e+00 | ewc 0.0000e+00 | val 1.7927e-02
2025-07-09 15:13:22,213 - Epoch 011 | task 4.3091e-03 | kd 0.0000e+00 | ewc 0.0000e+00 | val 1.7204e-02
2025-07-09 15:13:32,085 - Epoch 012 | task 4.2406e-03 | kd 0.0000e+00 | ewc 0.0000e+00 | val 1.6440e-02
2025-07-09 15:13:41,999 - Epoch 013 | task 4.1788e-03 | kd 0.0000e+00 | ewc 0.0000e+00 | val 1.5982e-02
2025-07-09 15:13:51,799 - Epoch 014 | task 4.1311e-03 | kd 0.0000e+00 | ewc 0.0000e+00 | val 1.5099e-02
2025-07-09 15:14:01,952 - Epoch 015 | task 4.0709e-03 | kd 0.0000e+00 | ewc 0.0000e+00 | val 1.4550e-02
2025-07-09 15:14:11,892 - Epoch 016 | task 4.0296e-03 | kd 0.0000e+00 | ewc 0.0000e+00 | val 1.4179e-02
2025-07-09 15:14:16,650 - Epoch 017 | task 3.9805e-03 | kd 0.0000e+00 | ewc 0.0000e+00 | val 1.3822e-02
2025-07-09 15:14:25,963 - Epoch 018 | task 3.9379e-03 | kd 0.0000e+00 | ewc 0.0000e+00 | val 1.3581e-02
2025-07-09 15:14:30,623 - Epoch 019 | task 3.8983e-03 | kd 0.0000e+00 | ewc 0.0000e+00 | val 1.3468e-02
2025-07-09 15:14:35,279 - Epoch 020 | task 3.8512e-03 | kd 0.0000e+00 | ewc 0.0000e+00 | val 1.3241e-02
2025-07-09 15:14:41,904 - Epoch 021 | task 3.8107e-03 | kd 0.0000e+00 | ewc 0.0000e+00 | val 1.3096e-02
2025-07-09 15:14:51,353 - Epoch 022 | task 3.7642e-03 | kd 0.0000e+00 | ewc 0.0000e+00 | val 1.2955e-02
2025-07-09 15:15:00,161 - Epoch 023 | task 3.7078e-03 | kd 0.0000e+00 | ewc 0.0000e+00 | val 1.2855e-02
2025-07-09 15:15:10,161 - Epoch 024 | task 3.6440e-03 | kd 0.0000e+00 | ewc 0.0000e+00 | val 1.2911e-02
2025-07-09 15:15:17,708 - Epoch 025 | task 3.6078e-03 | kd 0.0000e+00 | ewc 0.0000e+00 | val 1.2794e-02
2025-07-09 15:15:33,400 - Epoch 026 | task 3.5683e-03 | kd 0.0000e+00 | ewc 0.0000e+00 | val 1.2668e-02
2025-07-09 15:15:45,643 - Epoch 027 | task 3.5415e-03 | kd 0.0000e+00 | ewc 0.0000e+00 | val 1.2396e-02
2025-07-09 15:16:01,119 - Epoch 028 | task 3.5149e-03 | kd 0.0000e+00 | ewc 0.0000e+00 | val 1.2698e-02
2025-07-09 15:16:27,027 - Epoch 029 | task 3.4948e-03 | kd 0.0000e+00 | ewc 0.0000e+00 | val 1.2074e-02
2025-07-09 15:16:53,360 - Epoch 030 | task 3.4432e-03 | kd 0.0000e+00 | ewc 0.0000e+00 | val 1.1823e-02
2025-07-09 15:17:22,153 - Epoch 031 | task 3.4226e-03 | kd 0.0000e+00 | ewc 0.0000e+00 | val 1.1925e-02
2025-07-09 15:17:49,145 - Epoch 032 | task 3.3771e-03 | kd 0.0000e+00 | ewc 0.0000e+00 | val 1.1576e-02
2025-07-09 15:18:17,013 - Epoch 033 | task 3.3358e-03 | kd 0.0000e+00 | ewc 0.0000e+00 | val 1.1641e-02
2025-07-09 15:18:44,484 - Epoch 034 | task 3.2881e-03 | kd 0.0000e+00 | ewc 0.0000e+00 | val 1.1136e-02
2025-07-09 15:19:12,649 - Epoch 035 | task 3.2354e-03 | kd 0.0000e+00 | ewc 0.0000e+00 | val 1.0941e-02
2025-07-09 15:19:41,003 - Epoch 036 | task 3.1879e-03 | kd 0.0000e+00 | ewc 0.0000e+00 | val 1.0776e-02
2025-07-09 15:20:06,856 - Epoch 037 | task 3.1394e-03 | kd 0.0000e+00 | ewc 0.0000e+00 | val 1.0394e-02
2025-07-09 15:20:32,289 - Epoch 038 | task 3.0744e-03 | kd 0.0000e+00 | ewc 0.0000e+00 | val 1.0155e-02
2025-07-09 15:20:59,164 - Epoch 039 | task 3.0265e-03 | kd 0.0000e+00 | ewc 0.0000e+00 | val 9.7761e-03
2025-07-09 15:21:26,155 - Epoch 040 | task 2.9650e-03 | kd 0.0000e+00 | ewc 0.0000e+00 | val 9.5332e-03
2025-07-09 15:21:53,617 - Epoch 041 | task 2.9377e-03 | kd 0.0000e+00 | ewc 0.0000e+00 | val 9.1946e-03
2025-07-09 15:22:16,078 - Epoch 042 | task 2.8909e-03 | kd 0.0000e+00 | ewc 0.0000e+00 | val 8.9122e-03
2025-07-09 15:22:28,699 - Epoch 043 | task 2.8590e-03 | kd 0.0000e+00 | ewc 0.0000e+00 | val 8.5780e-03
2025-07-09 15:22:48,122 - Epoch 044 | task 2.8222e-03 | kd 0.0000e+00 | ewc 0.0000e+00 | val 8.6007e-03
2025-07-09 15:23:12,844 - Epoch 045 | task 2.8033e-03 | kd 0.0000e+00 | ewc 0.0000e+00 | val 8.1287e-03
2025-07-09 15:23:22,896 - Epoch 046 | task 2.7597e-03 | kd 0.0000e+00 | ewc 0.0000e+00 | val 8.1684e-03
2025-07-09 15:23:32,840 - Epoch 047 | task 2.7503e-03 | kd 0.0000e+00 | ewc 0.0000e+00 | val 7.7945e-03
2025-07-09 15:23:42,804 - Epoch 048 | task 2.7127e-03 | kd 0.0000e+00 | ewc 0.0000e+00 | val 7.8369e-03
2025-07-09 15:23:52,552 - Epoch 049 | task 2.6972e-03 | kd 0.0000e+00 | ewc 0.0000e+00 | val 7.5068e-03
2025-07-09 15:24:02,399 - Epoch 050 | task 2.6663e-03 | kd 0.0000e+00 | ewc 0.0000e+00 | val 7.3523e-03
2025-07-09 15:24:12,648 - Epoch 051 | task 2.6677e-03 | kd 0.0000e+00 | ewc 0.0000e+00 | val 7.0773e-03
2025-07-09 15:24:22,840 - Epoch 052 | task 2.6220e-03 | kd 0.0000e+00 | ewc 0.0000e+00 | val 6.9598e-03
2025-07-09 15:24:32,582 - Epoch 053 | task 2.5981e-03 | kd 0.0000e+00 | ewc 0.0000e+00 | val 6.9322e-03
2025-07-09 15:24:42,362 - Epoch 054 | task 2.5645e-03 | kd 0.0000e+00 | ewc 0.0000e+00 | val 6.9426e-03
2025-07-09 15:24:52,185 - Epoch 055 | task 2.5171e-03 | kd 0.0000e+00 | ewc 0.0000e+00 | val 6.9484e-03
2025-07-09 15:25:01,910 - Epoch 056 | task 2.3040e-03 | kd 0.0000e+00 | ewc 0.0000e+00 | val 6.5948e-03
2025-07-09 15:25:11,896 - Epoch 057 | task 2.2132e-03 | kd 0.0000e+00 | ewc 0.0000e+00 | val 5.2245e-03
2025-07-09 15:25:21,821 - Epoch 058 | task 2.1266e-03 | kd 0.0000e+00 | ewc 0.0000e+00 | val 5.0079e-03
2025-07-09 15:25:31,657 - Epoch 059 | task 1.8800e-03 | kd 0.0000e+00 | ewc 0.0000e+00 | val 5.5958e-03
2025-07-09 15:25:41,409 - Epoch 060 | task 2.4356e-03 | kd 0.0000e+00 | ewc 0.0000e+00 | val 4.3899e-03
2025-07-09 15:25:51,281 - Epoch 061 | task 1.8253e-03 | kd 0.0000e+00 | ewc 0.0000e+00 | val 2.5738e-03
2025-07-09 15:26:01,306 - Epoch 062 | task 1.7908e-03 | kd 0.0000e+00 | ewc 0.0000e+00 | val 2.9275e-03
2025-07-09 15:26:11,031 - Epoch 063 | task 1.5336e-03 | kd 0.0000e+00 | ewc 0.0000e+00 | val 1.4051e-03
2025-07-09 15:26:20,705 - Epoch 064 | task 1.5323e-03 | kd 0.0000e+00 | ewc 0.0000e+00 | val 1.4236e-03
2025-07-09 15:26:30,591 - Epoch 065 | task 1.6464e-03 | kd 0.0000e+00 | ewc 0.0000e+00 | val 1.4752e-03
2025-07-09 15:26:40,732 - Epoch 066 | task 1.6563e-03 | kd 0.0000e+00 | ewc 0.0000e+00 | val 1.5099e-03
2025-07-09 15:26:50,809 - Epoch 067 | task 1.7678e-03 | kd 0.0000e+00 | ewc 0.0000e+00 | val 2.0049e-03
2025-07-09 15:27:01,080 - Epoch 068 | task 1.5803e-03 | kd 0.0000e+00 | ewc 0.0000e+00 | val 1.5386e-03
2025-07-09 15:27:11,509 - Epoch 069 | task 1.5969e-03 | kd 0.0000e+00 | ewc 0.0000e+00 | val 2.3152e-03
2025-07-09 15:27:21,880 - Epoch 070 | task 1.5343e-03 | kd 0.0000e+00 | ewc 0.0000e+00 | val 1.0779e-03
2025-07-09 15:27:32,163 - Epoch 071 | task 1.4900e-03 | kd 0.0000e+00 | ewc 0.0000e+00 | val 1.1512e-03
2025-07-09 15:27:42,740 - Epoch 072 | task 1.4694e-03 | kd 0.0000e+00 | ewc 0.0000e+00 | val 1.2404e-03
2025-07-09 15:27:53,150 - Epoch 073 | task 1.5251e-03 | kd 0.0000e+00 | ewc 0.0000e+00 | val 1.4063e-03
2025-07-09 15:28:03,657 - Epoch 074 | task 1.4662e-03 | kd 0.0000e+00 | ewc 0.0000e+00 | val 1.5837e-03
2025-07-09 15:28:14,088 - Epoch 075 | task 1.3875e-03 | kd 0.0000e+00 | ewc 0.0000e+00 | val 1.4311e-03
2025-07-09 15:28:24,792 - Epoch 076 | task 1.3958e-03 | kd 0.0000e+00 | ewc 0.0000e+00 | val 1.3693e-03
2025-07-09 15:28:35,110 - Epoch 077 | task 1.3964e-03 | kd 0.0000e+00 | ewc 0.0000e+00 | val 1.4139e-03
2025-07-09 15:28:46,625 - Epoch 078 | task 1.4157e-03 | kd 0.0000e+00 | ewc 0.0000e+00 | val 1.4786e-03
2025-07-09 15:28:59,609 - Epoch 079 | task 1.3906e-03 | kd 0.0000e+00 | ewc 0.0000e+00 | val 1.4641e-03
2025-07-09 15:29:13,654 - Epoch 080 | task 1.3662e-03 | kd 0.0000e+00 | ewc 0.0000e+00 | val 1.5074e-03
2025-07-09 15:29:28,794 - Epoch 081 | task 1.3934e-03 | kd 0.0000e+00 | ewc 0.0000e+00 | val 1.5017e-03
2025-07-09 15:29:43,237 - Epoch 082 | task 1.3506e-03 | kd 0.0000e+00 | ewc 0.0000e+00 | val 1.4748e-03
2025-07-09 15:29:57,007 - Epoch 083 | task 1.2803e-03 | kd 0.0000e+00 | ewc 0.0000e+00 | val 1.4599e-03
2025-07-09 15:30:10,547 - Epoch 084 | task 1.2456e-03 | kd 0.0000e+00 | ewc 0.0000e+00 | val 1.4933e-03
2025-07-09 15:30:24,610 - Epoch 085 | task 1.2245e-03 | kd 0.0000e+00 | ewc 0.0000e+00 | val 1.6153e-03
2025-07-09 15:30:38,223 - Epoch 086 | task 1.2132e-03 | kd 0.0000e+00 | ewc 0.0000e+00 | val 1.6041e-03
2025-07-09 15:30:52,798 - Epoch 087 | task 1.2118e-03 | kd 0.0000e+00 | ewc 0.0000e+00 | val 1.7826e-03
2025-07-09 15:31:06,518 - Epoch 088 | task 1.2200e-03 | kd 0.0000e+00 | ewc 0.0000e+00 | val 1.7790e-03
2025-07-09 15:31:21,135 - Epoch 089 | task 1.2109e-03 | kd 0.0000e+00 | ewc 0.0000e+00 | val 1.7286e-03
2025-07-09 15:31:34,744 - Epoch 090 | task 1.2046e-03 | kd 0.0000e+00 | ewc 0.0000e+00 | val 1.4383e-03
2025-07-09 15:31:34,775 - Early stopping @ epoch 90
2025-07-09 15:31:40,104 - [Joint training best model predictions] RMSE: 5.6833e-02, MAE: 4.6143e-02, R2: 0.5607
