Using device: cuda:0

Degradation categories and rates:
    cell_id      rate category
0       01  0.000391   normal
1       03  0.000518   normal
2       05  0.000499   normal
3       07  0.000750   normal
4       09  0.003106   faster
5       11  0.003046   faster
6       13  0.008297   faster
7       15  0.006153   faster
8       17  0.001771     fast
9       19  0.001001     fast
10      21  0.001098     fast
11      23  0.000973     fast
12      25  0.002719     fast
13      27  0.000463   normal
14      29  0.006876   faster 

Train IDs: ['03', '05', '07', '09', '11', '15', '21', '23', '25', '27', '29'], Val IDs: ['01', '19', '13'], Test IDs: ['17']
Shapes -> Train: (205444, 7), Val: (58110, 7), Test: (22846, 7)

Features scaled with StandardScaler
Model architecture:
StatefulSOHLSTM(
  (lstm): LSTM(3, 128, num_layers=3, batch_first=True, dropout=0.5)
  (fc_layers): Sequential(
    (0): Linear(in_features=128, out_features=64, bias=True)
    (1): LeakyReLU(negative_slope=0.01)
    (2): Dropout(p=0.5, inplace=False)
    (3): Linear(in_features=64, out_features=1, bias=True)
  )
)
Total parameters: 340609

Start training with stateful LSTM...
Epoch 1/100 | Training Loss: 3.196e-02 | Validation Loss: 2.771e-03 
Epoch 2/100 | Training Loss: 1.238e-02 | Validation Loss: 1.972e-03 
Epoch 3/100 | Training Loss: 8.460e-03 | Validation Loss: 1.769e-03 
Epoch 4/100 | Training Loss: 6.062e-03 | Validation Loss: 1.263e-03 
Epoch 5/100 | Training Loss: 5.642e-03 | Validation Loss: 1.174e-03 
Epoch 6/100 | Training Loss: 3.174e-03 | Validation Loss: 1.523e-03 
Epoch 7/100 | Training Loss: 2.689e-03 | Validation Loss: 1.070e-03 
Epoch 8/100 | Training Loss: 2.031e-03 | Validation Loss: 8.812e-04 
Epoch 9/100 | Training Loss: 1.832e-03 | Validation Loss: 8.815e-04 
Epoch 10/100 | Training Loss: 1.622e-03 | Validation Loss: 9.090e-04 
Epoch 11/100 | Training Loss: 1.562e-03 | Validation Loss: 2.454e-03 
Epoch 12/100 | Training Loss: 1.454e-03 | Validation Loss: 9.913e-04 
Epoch 13/100 | Training Loss: 1.484e-03 | Validation Loss: 8.796e-04 
Epoch 14/100 | Training Loss: 1.154e-03 | Validation Loss: 9.653e-04 
Epoch 15/100 | Training Loss: 1.027e-03 | Validation Loss: 9.320e-04 
Epoch 16/100 | Training Loss: 1.058e-03 | Validation Loss: 1.462e-03 
Epoch 17/100 | Training Loss: 8.966e-04 | Validation Loss: 8.406e-04 
Epoch 18/100 | Training Loss: 1.033e-03 | Validation Loss: 8.106e-04 
Epoch 19/100 | Training Loss: 1.100e-03 | Validation Loss: 1.669e-03 
Epoch 20/100 | Training Loss: 8.476e-04 | Validation Loss: 1.138e-03 
Epoch 21/100 | Training Loss: 8.424e-04 | Validation Loss: 1.744e-03 
Epoch 22/100 | Training Loss: 8.060e-04 | Validation Loss: 7.790e-04 
Epoch 23/100 | Training Loss: 5.699e-04 | Validation Loss: 8.238e-04 
Epoch 24/100 | Training Loss: 5.181e-04 | Validation Loss: 1.257e-03 
Epoch 25/100 | Training Loss: 1.113e-03 | Validation Loss: 1.693e-03 
Epoch 26/100 | Training Loss: 4.420e-03 | Validation Loss: 1.045e-03 
Epoch 27/100 | Training Loss: 7.816e-04 | Validation Loss: 6.813e-04 
Epoch 28/100 | Training Loss: 5.106e-04 | Validation Loss: 5.292e-04 
Epoch 29/100 | Training Loss: 4.221e-04 | Validation Loss: 8.126e-04 
Epoch 30/100 | Training Loss: 3.476e-04 | Validation Loss: 8.328e-04 
Epoch 31/100 | Training Loss: 3.394e-04 | Validation Loss: 6.765e-04 
Epoch 32/100 | Training Loss: 3.375e-04 | Validation Loss: 1.145e-03 
Epoch 33/100 | Training Loss: 3.229e-04 | Validation Loss: 6.463e-04 
Epoch 34/100 | Training Loss: 3.043e-04 | Validation Loss: 1.164e-03 
Epoch 35/100 | Training Loss: 2.437e-04 | Validation Loss: 1.411e-03 
Epoch 36/100 | Training Loss: 2.421e-04 | Validation Loss: 1.427e-03 
Epoch 37/100 | Training Loss: 2.190e-04 | Validation Loss: 1.247e-03 
Epoch 38/100 | Training Loss: 2.172e-04 | Validation Loss: 1.504e-03 
Early stopping triggered after 38 epochs!

Evaluating the model on the testing set...
Evaluating cell_id: 17
Evaluation metrics for cell 17:
  RMSE: 0.0296
  MAE: 0.0283
  R²: 0.8745
RMSE: 0.0296
MAE: 0.0283
R²: 0.8745
Prediction plot saved for cell 17
Prediction scatter plot saved for cell 17
