2025-07-19 17:51:04,896 - ==== Skipping joint LSTM Training Phase ====
2025-07-19 17:51:04,897 - ==== Incremental EWC Training Phase ====
2025-07-19 17:52:29,820 - Base train IDs: ['03', '05', '07', '27']
2025-07-19 17:52:29,821 - Base train size: 92079
2025-07-19 17:52:29,823 - Base val IDs: ['01']
2025-07-19 17:52:29,824 - Base val size: 28612
2025-07-19 17:52:29,825 - Update1 train IDs: ['21', '23', '25']
2025-07-19 17:52:29,827 - Update1 train size: 65674
2025-07-19 17:52:29,828 - Update1 val IDs: ['19']
2025-07-19 17:52:29,829 - Update1 val size: 23120
2025-07-19 17:52:29,830 - Update2 train IDs: ['09', '11', '15', '29']
2025-07-19 17:52:29,831 - Update2 train size: 47891
2025-07-19 17:52:29,832 - Update2 val IDs: ['13']
2025-07-19 17:52:29,833 - Update2 val size: 6445
2025-07-19 17:52:36,658 - Test cell ID: 17
2025-07-19 17:52:36,659 - Test size: 22872
2025-07-19 17:52:36,660 - Test base size: 11139
2025-07-19 17:52:36,661 - Test update1 size: 6312
2025-07-19 17:52:36,662 - Test update2 size: 5421
2025-07-19 17:52:36,702 - [Scaler after fit] center_=[ 3.31975183  0.         27.55116667]
2025-07-19 17:52:36,704 - [Scaler after fit] scale_ =[0.20016217 1.86108033 1.05333333]
2025-07-19 17:52:36,705 - Resampling and scaling complete with RobustScaler
2025-07-19 17:52:37,396 - [task0] Training...
2025-07-19 17:52:37,397 - [task0] EWC active: None (no previous tasks)
2025-07-19 17:52:37,398 - [task0] This task will be stored with λ = 0.0 (not used)
2025-07-19 17:52:37,399 - [task0] Training with alpha LWF = 0.00
2025-07-19 17:54:17,990 - Epoch 001 | task 3.8182e-02 | kd 0.0000e+00 | ewc 0.0000e+00 | val 3.7162e-04 | lr 1.00e-04 | 79.15s
2025-07-19 17:55:34,771 - Epoch 002 | task 7.2867e-03 | kd 0.0000e+00 | ewc 0.0000e+00 | val 1.0398e-03 | lr 1.00e-04 | 76.67s
2025-07-19 17:56:51,276 - Epoch 003 | task 5.3097e-03 | kd 0.0000e+00 | ewc 0.0000e+00 | val 3.9763e-04 | lr 1.00e-04 | 76.48s
2025-07-19 17:58:07,861 - Epoch 004 | task 4.3294e-03 | kd 0.0000e+00 | ewc 0.0000e+00 | val 5.3001e-04 | lr 1.00e-04 | 76.56s
2025-07-19 17:59:24,267 - Epoch 005 | task 3.4420e-03 | kd 0.0000e+00 | ewc 0.0000e+00 | val 4.4389e-04 | lr 1.00e-04 | 76.38s
2025-07-19 18:00:40,691 - Epoch 006 | task 2.6740e-03 | kd 0.0000e+00 | ewc 0.0000e+00 | val 4.3592e-04 | lr 1.00e-04 | 76.40s
2025-07-19 18:01:57,993 - Epoch 007 | task 2.0609e-03 | kd 0.0000e+00 | ewc 0.0000e+00 | val 4.5443e-04 | lr 5.00e-05 | 77.28s
2025-07-19 18:03:15,186 - Epoch 008 | task 1.6517e-03 | kd 0.0000e+00 | ewc 0.0000e+00 | val 4.0441e-04 | lr 5.00e-05 | 77.17s
2025-07-19 18:04:31,623 - Epoch 009 | task 1.4034e-03 | kd 0.0000e+00 | ewc 0.0000e+00 | val 4.0720e-04 | lr 5.00e-05 | 76.41s
2025-07-19 18:05:48,274 - Epoch 010 | task 1.1964e-03 | kd 0.0000e+00 | ewc 0.0000e+00 | val 5.0908e-04 | lr 5.00e-05 | 76.62s
2025-07-19 18:07:06,189 - Epoch 011 | task 1.0292e-03 | kd 0.0000e+00 | ewc 0.0000e+00 | val 4.2328e-04 | lr 5.00e-05 | 77.89s
2025-07-19 18:08:25,450 - Epoch 012 | task 8.7673e-04 | kd 0.0000e+00 | ewc 0.0000e+00 | val 4.3260e-04 | lr 5.00e-05 | 77.61s
2025-07-19 18:09:42,941 - Epoch 013 | task 7.6261e-04 | kd 0.0000e+00 | ewc 0.0000e+00 | val 4.6050e-04 | lr 2.50e-05 | 77.47s
2025-07-19 18:11:12,217 - Epoch 014 | task 6.8891e-04 | kd 0.0000e+00 | ewc 0.0000e+00 | val 4.3581e-04 | lr 2.50e-05 | 89.25s
2025-07-19 18:12:31,478 - Epoch 015 | task 6.5224e-04 | kd 0.0000e+00 | ewc 0.0000e+00 | val 4.0288e-04 | lr 2.50e-05 | 79.22s
2025-07-19 18:13:49,637 - Epoch 016 | task 6.1891e-04 | kd 0.0000e+00 | ewc 0.0000e+00 | val 4.0849e-04 | lr 2.50e-05 | 76.59s
2025-07-19 18:15:06,215 - Epoch 017 | task 5.8846e-04 | kd 0.0000e+00 | ewc 0.0000e+00 | val 4.4307e-04 | lr 2.50e-05 | 76.55s
2025-07-19 18:16:22,666 - Epoch 018 | task 5.6076e-04 | kd 0.0000e+00 | ewc 0.0000e+00 | val 4.2150e-04 | lr 2.50e-05 | 76.43s
2025-07-19 18:17:39,150 - Epoch 019 | task 5.3125e-04 | kd 0.0000e+00 | ewc 0.0000e+00 | val 4.3309e-04 | lr 1.25e-05 | 76.46s
2025-07-19 18:18:55,809 - Epoch 020 | task 5.0491e-04 | kd 0.0000e+00 | ewc 0.0000e+00 | val 3.9249e-04 | lr 1.25e-05 | 76.62s
2025-07-19 18:20:12,193 - Epoch 021 | task 4.9213e-04 | kd 0.0000e+00 | ewc 0.0000e+00 | val 3.9523e-04 | lr 1.25e-05 | 76.36s
2025-07-19 18:20:12,216 - Early stopping at epoch 21
2025-07-19 18:20:14,048 - [task0] Training completed.
2025-07-19 18:20:14,050 - [task0] Consolidating EWC...
2025-07-19 18:21:17,453 - [task0] Consolidation done.
2025-07-19 18:21:17,455 - [task0] Evaluating BEST checkpoint...
2025-07-19 18:21:26,251 - [task0 Evaluation on full test set] RMSE: 8.5567e-02, MAE: 6.7164e-02, R2: -0.0342
2025-07-19 18:21:26,253 - [task0] Evaluation completed.
2025-07-19 18:21:26,256 - [task1] Loading best checkpoint from previous task task0...
2025-07-19 18:21:26,411 - [task1] Training...
2025-07-19 18:21:26,412 - [task1] EWC active: {"Task 0": 0.0}
2025-07-19 18:21:26,414 - [task1] This task will be stored with λ = 0.0
2025-07-19 18:21:26,415 - [task1] Training with alpha LWF = 0.00
2025-07-19 18:22:25,845 - Epoch 001 | task 8.4770e-03 | kd 0.0000e+00 | ewc 0.0000e+00 | val 1.7834e-03 | lr 1.00e-04 | 59.42s
2025-07-19 18:23:30,086 - Epoch 002 | task 6.9025e-03 | kd 0.0000e+00 | ewc 0.0000e+00 | val 1.6552e-03 | lr 1.00e-04 | 63.42s
2025-07-19 18:24:30,540 - Epoch 003 | task 6.0995e-03 | kd 0.0000e+00 | ewc 0.0000e+00 | val 2.4094e-03 | lr 1.00e-04 | 60.39s
2025-07-19 18:25:31,718 - Epoch 004 | task 5.4923e-03 | kd 0.0000e+00 | ewc 0.0000e+00 | val 2.0709e-03 | lr 1.00e-04 | 61.13s
2025-07-19 18:28:24,211 - ==== Skipping joint LSTM Training Phase ====
2025-07-19 18:28:24,215 - ==== Incremental EWC Training Phase ====
2025-07-19 18:29:47,569 - Base train IDs: ['03', '05', '07', '27']
2025-07-19 18:29:47,571 - Base train size: 92079
2025-07-19 18:29:47,575 - Base val IDs: ['01']
2025-07-19 18:29:47,578 - Base val size: 28612
2025-07-19 18:29:47,580 - Update1 train IDs: ['21', '23', '25']
2025-07-19 18:29:47,582 - Update1 train size: 65674
2025-07-19 18:29:47,584 - Update1 val IDs: ['19']
2025-07-19 18:29:47,585 - Update1 val size: 23120
2025-07-19 18:29:47,587 - Update2 train IDs: ['09', '11', '15', '29']
2025-07-19 18:29:47,589 - Update2 train size: 47891
2025-07-19 18:29:47,590 - Update2 val IDs: ['13']
2025-07-19 18:29:47,592 - Update2 val size: 6445
2025-07-19 18:29:54,313 - Test cell ID: 17
2025-07-19 18:29:54,315 - Test size: 22872
2025-07-19 18:29:54,317 - Test base size: 11139
2025-07-19 18:29:54,318 - Test update1 size: 6312
2025-07-19 18:29:54,320 - Test update2 size: 5421
2025-07-19 18:29:54,360 - [Scaler after fit] center_=[ 3.31975183  0.         27.55116667]
2025-07-19 18:29:54,366 - [Scaler after fit] scale_ =[0.20016217 1.86108033 1.05333333]
2025-07-19 18:29:54,368 - Resampling and scaling complete with RobustScaler
2025-07-19 18:29:55,255 - [task0] Skipping training (already done or no data).
2025-07-19 18:29:55,260 - [task0] No EWC consolidation needed or already done.
2025-07-19 18:29:55,262 - [task0] Evaluating BEST checkpoint...
2025-07-19 18:30:04,809 - [task0 Evaluation on full test set] RMSE: 8.5567e-02, MAE: 6.7164e-02, R2: -0.0342
2025-07-19 18:30:04,810 - [task0] Evaluation completed.
2025-07-19 18:30:04,813 - [task1] Loading best checkpoint from previous task task0...
2025-07-19 18:30:06,612 - [task1 Pre-FWT baseline] RMSE: 5.6626e-02, MAE: 4.3428e-02
2025-07-19 18:30:06,616 - [task1] Training...
2025-07-19 18:30:06,617 - [task1] EWC active: {"Task 0": 0.0}
2025-07-19 18:30:06,618 - [task1] This task will be stored with λ = 0.0
2025-07-19 18:30:06,620 - [task1] Training with alpha LWF = 0.00
2025-07-19 18:31:36,485 - Epoch 001 | task 8.3748e-03 | kd 0.0000e+00 | ewc 0.0000e+00 | val 1.6852e-03 | lr 1.00e-04 | 57.98s
2025-07-19 18:32:33,481 - Epoch 002 | task 6.9614e-03 | kd 0.0000e+00 | ewc 0.0000e+00 | val 2.0314e-03 | lr 1.00e-04 | 56.91s
2025-07-19 18:33:30,502 - Epoch 003 | task 6.0047e-03 | kd 0.0000e+00 | ewc 0.0000e+00 | val 1.5122e-03 | lr 1.00e-04 | 56.98s
2025-07-19 18:34:27,432 - Epoch 004 | task 5.3719e-03 | kd 0.0000e+00 | ewc 0.0000e+00 | val 1.9480e-03 | lr 1.00e-04 | 56.86s
2025-07-19 18:35:24,566 - Epoch 005 | task 4.7507e-03 | kd 0.0000e+00 | ewc 0.0000e+00 | val 1.1171e-03 | lr 1.00e-04 | 57.10s
2025-07-19 18:36:21,576 - Epoch 006 | task 4.1930e-03 | kd 0.0000e+00 | ewc 0.0000e+00 | val 1.4656e-03 | lr 1.00e-04 | 56.94s
2025-07-19 18:37:18,596 - Epoch 007 | task 3.6379e-03 | kd 0.0000e+00 | ewc 0.0000e+00 | val 2.2661e-03 | lr 1.00e-04 | 56.98s
2025-07-19 18:38:15,745 - Epoch 008 | task 2.9657e-03 | kd 0.0000e+00 | ewc 0.0000e+00 | val 1.7686e-03 | lr 1.00e-04 | 57.10s
2025-07-19 18:39:12,727 - Epoch 009 | task 2.6189e-03 | kd 0.0000e+00 | ewc 0.0000e+00 | val 1.4804e-03 | lr 1.00e-04 | 56.92s
2025-07-19 18:40:09,796 - Epoch 010 | task 2.1155e-03 | kd 0.0000e+00 | ewc 0.0000e+00 | val 2.3159e-03 | lr 1.00e-04 | 57.03s
2025-07-19 18:41:06,927 - Epoch 011 | task 1.5261e-03 | kd 0.0000e+00 | ewc 0.0000e+00 | val 1.9726e-03 | lr 5.00e-05 | 57.08s
2025-07-19 18:42:03,998 - Epoch 012 | task 1.2195e-03 | kd 0.0000e+00 | ewc 0.0000e+00 | val 1.7434e-03 | lr 5.00e-05 | 57.03s
2025-07-19 18:43:01,006 - Epoch 013 | task 1.1242e-03 | kd 0.0000e+00 | ewc 0.0000e+00 | val 1.8976e-03 | lr 5.00e-05 | 56.97s
2025-07-19 18:43:58,171 - Epoch 014 | task 9.6620e-04 | kd 0.0000e+00 | ewc 0.0000e+00 | val 2.2355e-03 | lr 5.00e-05 | 57.13s
2025-07-19 18:47:55,299 - ==== Skipping joint LSTM Training Phase ====
2025-07-19 18:47:55,300 - ==== Incremental EWC Training Phase ====
2025-07-19 18:49:19,458 - Base train IDs: ['03', '05', '07', '27']
2025-07-19 18:49:19,466 - Base train size: 92079
2025-07-19 18:49:19,468 - Base val IDs: ['01']
2025-07-19 18:49:19,469 - Base val size: 28612
2025-07-19 18:49:19,471 - Update1 train IDs: ['21', '23', '25']
2025-07-19 18:49:19,473 - Update1 train size: 65674
2025-07-19 18:49:19,474 - Update1 val IDs: ['19']
2025-07-19 18:49:19,476 - Update1 val size: 23120
2025-07-19 18:49:19,477 - Update2 train IDs: ['09', '11', '15', '29']
2025-07-19 18:49:19,478 - Update2 train size: 47891
2025-07-19 18:49:19,479 - Update2 val IDs: ['13']
2025-07-19 18:49:19,480 - Update2 val size: 6445
2025-07-19 18:49:26,292 - Test cell ID: 17
2025-07-19 18:49:26,294 - Test size: 22872
2025-07-19 18:49:26,295 - Test base size: 11139
2025-07-19 18:49:26,296 - Test update1 size: 6312
2025-07-19 18:49:26,297 - Test update2 size: 5421
2025-07-19 18:49:26,337 - [Scaler after fit] center_=[ 3.31975183  0.         27.55116667]
2025-07-19 18:49:26,343 - [Scaler after fit] scale_ =[0.20016217 1.86108033 1.05333333]
2025-07-19 18:49:26,344 - Resampling and scaling complete with RobustScaler
2025-07-19 18:49:28,098 - [task0] Skipping training (already done or no data).
2025-07-19 18:49:28,100 - [task0] No EWC consolidation needed or already done.
2025-07-19 18:49:28,102 - [task1] Loading best checkpoint from previous task task0...
2025-07-19 18:49:28,294 - [task1] Training...
2025-07-19 18:49:28,295 - [task1] EWC active: {"Task 0": 0.0}
2025-07-19 18:49:28,296 - [task1] This task will be stored with λ = 0.0
2025-07-19 18:49:28,297 - [task1] Training with alpha LWF = 0.00
2025-07-19 18:50:49,816 - Epoch 001 | task 8.4378e-03 | kd 0.0000e+00 | ewc 0.0000e+00 | val 1.7480e-03 | lr 1.00e-04 | 58.45s
2025-07-19 18:51:47,190 - Epoch 002 | task 6.8901e-03 | kd 0.0000e+00 | ewc 0.0000e+00 | val 1.7982e-03 | lr 1.00e-04 | 57.29s
2025-07-19 18:52:44,491 - Epoch 003 | task 5.9784e-03 | kd 0.0000e+00 | ewc 0.0000e+00 | val 1.5700e-03 | lr 1.00e-04 | 57.26s
2025-07-19 18:53:41,881 - Epoch 004 | task 5.5557e-03 | kd 0.0000e+00 | ewc 0.0000e+00 | val 1.9062e-03 | lr 1.00e-04 | 57.29s
2025-07-19 18:54:39,645 - Epoch 005 | task 4.6265e-03 | kd 0.0000e+00 | ewc 0.0000e+00 | val 1.1851e-03 | lr 1.00e-04 | 57.73s
2025-07-19 18:59:52,465 - ==== Skipping joint LSTM Training Phase ====
2025-07-19 18:59:52,466 - ==== Incremental EWC Training Phase ====
2025-07-19 19:01:14,253 - Base train IDs: ['03', '05', '07', '27']
2025-07-19 19:01:14,254 - Base train size: 92079
2025-07-19 19:01:14,255 - Base val IDs: ['01']
2025-07-19 19:01:14,257 - Base val size: 28612
2025-07-19 19:01:14,258 - Update1 train IDs: ['21', '23', '25']
2025-07-19 19:01:14,259 - Update1 train size: 65674
2025-07-19 19:01:14,260 - Update1 val IDs: ['19']
2025-07-19 19:01:14,261 - Update1 val size: 23120
2025-07-19 19:01:14,262 - Update2 train IDs: ['09', '11', '15', '29']
2025-07-19 19:01:14,263 - Update2 train size: 47891
2025-07-19 19:01:14,264 - Update2 val IDs: ['13']
2025-07-19 19:01:14,265 - Update2 val size: 6445
2025-07-19 19:01:21,070 - Test cell ID: 17
2025-07-19 19:01:21,071 - Test size: 22872
2025-07-19 19:01:21,072 - Test base size: 11139
2025-07-19 19:01:21,073 - Test update1 size: 6312
2025-07-19 19:01:21,075 - Test update2 size: 5421
2025-07-19 19:01:21,114 - [Scaler after fit] center_=[ 3.31975183  0.         27.55116667]
2025-07-19 19:01:21,121 - [Scaler after fit] scale_ =[0.20016217 1.86108033 1.05333333]
2025-07-19 19:01:21,122 - Resampling and scaling complete with RobustScaler
2025-07-19 19:01:21,567 - [task0] Skipping training (already done or no data).
2025-07-19 19:01:21,569 - [task0] No EWC consolidation needed or already done.
2025-07-19 19:01:21,571 - [task0] Evaluating BEST checkpoint...
2025-07-19 19:01:30,323 - [task0 Evaluation on full test set] RMSE: 8.5567e-02, MAE: 6.7164e-02, R2: -0.0342
2025-07-19 19:01:30,325 - [task0] Evaluation completed.
2025-07-19 19:01:30,327 - [task1] Loading best checkpoint from previous task task0...
2025-07-19 19:01:30,565 - [task1] Training...
2025-07-19 19:01:30,566 - [task1] EWC active: {"Task 0": 0.0}
2025-07-19 19:01:30,567 - [task1] This task will be stored with λ = 0.0
2025-07-19 19:01:30,569 - [task1] Training with alpha LWF = 0.00
2025-07-19 19:02:48,015 - Epoch 001 | task 8.4679e-03 | kd 0.0000e+00 | ewc 0.0000e+00 | val 1.3682e-03 | lr 1.00e-04 | 57.61s
2025-07-19 19:03:45,271 - Epoch 002 | task 6.9285e-03 | kd 0.0000e+00 | ewc 0.0000e+00 | val 2.4808e-03 | lr 1.00e-04 | 57.19s
2025-07-19 19:06:55,510 - ==== Skipping joint LSTM Training Phase ====
2025-07-19 19:06:55,528 - ==== Incremental EWC Training Phase ====
2025-07-19 19:08:18,528 - Base train IDs: ['03', '05', '07', '27']
2025-07-19 19:08:18,529 - Base train size: 92079
2025-07-19 19:08:18,530 - Base val IDs: ['01']
2025-07-19 19:08:18,532 - Base val size: 28612
2025-07-19 19:08:18,533 - Update1 train IDs: ['21', '23', '25']
2025-07-19 19:08:18,534 - Update1 train size: 65674
2025-07-19 19:08:18,535 - Update1 val IDs: ['19']
2025-07-19 19:08:18,536 - Update1 val size: 23120
2025-07-19 19:08:18,537 - Update2 train IDs: ['09', '11', '15', '29']
2025-07-19 19:08:18,538 - Update2 train size: 47891
2025-07-19 19:08:18,539 - Update2 val IDs: ['13']
2025-07-19 19:08:18,540 - Update2 val size: 6445
2025-07-19 19:08:25,131 - Test cell ID: 17
2025-07-19 19:08:25,133 - Test size: 22872
2025-07-19 19:08:25,134 - Test base size: 11139
2025-07-19 19:08:25,135 - Test update1 size: 6312
2025-07-19 19:08:25,137 - Test update2 size: 5421
2025-07-19 19:08:25,174 - [Scaler after fit] center_=[ 3.31975183  0.         27.55116667]
2025-07-19 19:08:25,180 - [Scaler after fit] scale_ =[0.20016217 1.86108033 1.05333333]
2025-07-19 19:08:25,182 - Resampling and scaling complete with RobustScaler
2025-07-19 19:08:25,726 - [task0] Skipping training (already done or no data).
2025-07-19 19:08:25,728 - [task0] No EWC consolidation needed or already done.
2025-07-19 19:08:25,730 - [task0] Evaluating BEST checkpoint...
2025-07-19 19:08:34,735 - [task0 Evaluation on full test set] RMSE: 8.5567e-02, MAE: 6.7164e-02, R2: -0.0342
2025-07-19 19:08:34,737 - [task0] Evaluation completed.
2025-07-19 19:08:34,739 - [task1] Loading best checkpoint from previous task task0...
2025-07-19 19:08:34,918 - [task1] Training...
2025-07-19 19:08:34,919 - [task1] EWC active: {"Task 0": 0.0}
2025-07-19 19:08:34,920 - [task1] This task will be stored with λ = 0.0
2025-07-19 19:08:34,922 - [task1] Training with alpha LWF = 0.00
2025-07-19 19:09:53,107 - Epoch 001 | task 8.4679e-03 | kd 0.0000e+00 | ewc 0.0000e+00 | val 1.3682e-03 | lr 1.00e-04 | 59.79s
2025-07-19 19:11:42,072 - ==== Skipping joint LSTM Training Phase ====
2025-07-19 19:11:42,074 - ==== Incremental EWC Training Phase ====
2025-07-19 19:13:05,533 - Base train IDs: ['03', '05', '07', '27']
2025-07-19 19:13:05,538 - Base train size: 92079
2025-07-19 19:13:05,543 - Base val IDs: ['01']
2025-07-19 19:13:05,547 - Base val size: 28612
2025-07-19 19:13:05,551 - Update1 train IDs: ['21', '23', '25']
2025-07-19 19:13:05,558 - Update1 train size: 65674
2025-07-19 19:13:05,561 - Update1 val IDs: ['19']
2025-07-19 19:13:05,565 - Update1 val size: 23120
2025-07-19 19:13:05,569 - Update2 train IDs: ['09', '11', '15', '29']
2025-07-19 19:13:05,573 - Update2 train size: 47891
2025-07-19 19:13:05,577 - Update2 val IDs: ['13']
2025-07-19 19:13:05,580 - Update2 val size: 6445
2025-07-19 19:13:12,217 - Test cell ID: 17
2025-07-19 19:13:12,219 - Test size: 22872
2025-07-19 19:13:12,220 - Test base size: 11139
2025-07-19 19:13:12,222 - Test update1 size: 6312
2025-07-19 19:13:12,223 - Test update2 size: 5421
2025-07-19 19:13:12,262 - [Scaler after fit] center_=[ 3.31975183  0.         27.55116667]
2025-07-19 19:13:12,286 - [Scaler after fit] scale_ =[0.20016217 1.86108033 1.05333333]
2025-07-19 19:13:12,287 - Resampling and scaling complete with RobustScaler
2025-07-19 19:13:12,824 - [task0] Skipping training (already done or no data).
2025-07-19 19:13:12,826 - [task0] No EWC consolidation needed or already done.
2025-07-19 19:13:12,828 - [task0] Evaluating BEST checkpoint...
2025-07-19 19:13:21,506 - [task0 Evaluation on full test set] RMSE: 8.5567e-02, MAE: 6.7164e-02, R2: -0.0342
2025-07-19 19:13:21,507 - [task0] Evaluation completed.
2025-07-19 19:13:21,512 - [task1] Loading best checkpoint from previous task task0...
2025-07-19 19:13:21,712 - [task1] Training...
2025-07-19 19:13:21,714 - [task1] EWC active: {"Task 0": 0.0}
2025-07-19 19:13:21,714 - [task1] This task will be stored with λ = 0.0
2025-07-19 19:13:21,715 - [task1] Training with alpha LWF = 0.00
2025-07-19 19:14:34,896 - Epoch 001 | task 8.4679e-03 | kd 0.0000e+00 | ewc 0.0000e+00 | val 1.3682e-03 | lr 1.00e-04 | 57.46s
2025-07-19 19:15:31,665 - Epoch 002 | task 6.9285e-03 | kd 0.0000e+00 | ewc 0.0000e+00 | val 2.4808e-03 | lr 1.00e-04 | 56.70s
2025-07-19 19:16:28,420 - Epoch 003 | task 6.0121e-03 | kd 0.0000e+00 | ewc 0.0000e+00 | val 2.4149e-03 | lr 1.00e-04 | 56.71s2025-07-19 19:23:34,429 - Epoch 005 | task 4.6939e-03 | kd 0.0000e+00 | ewc 0.0000e+00 | val 1.2285e-03 | lr 1.00e-04 | 57.49s
2025-07-19 19:24:04,681 - ==== Skipping joint LSTM Training Phase ====
2025-07-19 19:24:04,683 - ==== Incremental EWC Training Phase ====
2025-07-19 19:25:23,109 - Base train IDs: ['03', '05', '07', '27']
2025-07-19 19:25:23,111 - Base train size: 92079
2025-07-19 19:25:23,112 - Base val IDs: ['01']
2025-07-19 19:25:23,113 - Base val size: 28612
2025-07-19 19:25:23,115 - Update1 train IDs: ['21', '23', '25']
2025-07-19 19:25:23,116 - Update1 train size: 65674
2025-07-19 19:25:23,117 - Update1 val IDs: ['19']
2025-07-19 19:25:23,118 - Update1 val size: 23120
2025-07-19 19:25:23,119 - Update2 train IDs: ['09', '11', '15', '29']
2025-07-19 19:25:23,120 - Update2 train size: 47891
2025-07-19 19:25:23,121 - Update2 val IDs: ['13']
2025-07-19 19:25:23,122 - Update2 val size: 6445
2025-07-19 19:25:29,816 - Test cell ID: 17
2025-07-19 19:25:29,817 - Test size: 22872
2025-07-19 19:25:29,818 - Test base size: 11139
2025-07-19 19:25:29,819 - Test update1 size: 6312
2025-07-19 19:25:29,820 - Test update2 size: 5421
2025-07-19 19:25:29,858 - [Scaler after fit] center_=[ 3.31975183  0.         27.55116667]
2025-07-19 19:25:29,860 - [Scaler after fit] scale_ =[0.20016217 1.86108033 1.05333333]
2025-07-19 19:25:29,861 - Resampling and scaling complete with RobustScaler
2025-07-19 19:25:30,253 - [task0] Skipping training (already done or no data).
2025-07-19 19:25:30,255 - [task0] No EWC consolidation needed or already done.
2025-07-19 19:25:30,257 - [task1] Loading best checkpoint from previous task task0...
2025-07-19 19:25:30,428 - [task1] Training...
2025-07-19 19:25:30,429 - [task1] EWC active: {"Task 0": 0.0}
2025-07-19 19:25:30,430 - [task1] This task will be stored with λ = 0.0
2025-07-19 19:25:30,432 - [task1] Training with alpha LWF = 0.00
2025-07-19 19:26:41,014 - Epoch 001 | task 8.4378e-03 | kd 0.0000e+00 | ewc 0.0000e+00 | val 1.7480e-03 | lr 1.00e-04 | 57.60s
2025-07-19 19:27:38,241 - Epoch 002 | task 6.8901e-03 | kd 0.0000e+00 | ewc 0.0000e+00 | val 1.7982e-03 | lr 1.00e-04 | 57.17s
2025-07-19 19:33:20,503 - ==== Skipping joint LSTM Training Phase ====
2025-07-19 19:33:20,504 - ==== Incremental EWC Training Phase ====
2025-07-19 19:34:43,910 - Base train IDs: ['03', '05', '07', '27']
2025-07-19 19:34:43,911 - Base train size: 92079
2025-07-19 19:34:43,912 - Base val IDs: ['01']
2025-07-19 19:34:43,913 - Base val size: 28612
2025-07-19 19:34:43,915 - Update1 train IDs: ['21', '23', '25']
2025-07-19 19:34:43,916 - Update1 train size: 65674
2025-07-19 19:34:43,917 - Update1 val IDs: ['19']
2025-07-19 19:34:43,918 - Update1 val size: 23120
2025-07-19 19:34:43,920 - Update2 train IDs: ['09', '11', '15', '29']
2025-07-19 19:34:43,921 - Update2 train size: 47891
2025-07-19 19:34:43,922 - Update2 val IDs: ['13']
2025-07-19 19:34:43,923 - Update2 val size: 6445
2025-07-19 19:34:50,582 - Test cell ID: 17
2025-07-19 19:34:50,583 - Test size: 22872
2025-07-19 19:34:50,584 - Test base size: 11139
2025-07-19 19:34:50,585 - Test update1 size: 6312
2025-07-19 19:34:50,586 - Test update2 size: 5421
2025-07-19 19:34:50,624 - [Scaler after fit] center_=[ 3.31975183  0.         27.55116667]
2025-07-19 19:34:50,630 - [Scaler after fit] scale_ =[0.20016217 1.86108033 1.05333333]
2025-07-19 19:34:50,631 - Resampling and scaling complete with RobustScaler
2025-07-19 19:34:51,060 - [task0] Skipping training (already done or no data).
2025-07-19 19:34:51,062 - [task0] No EWC consolidation needed or already done.
2025-07-19 19:34:51,066 - [task1] Loading best checkpoint from previous task task0...
2025-07-19 19:34:51,362 - [task1] Training...
2025-07-19 19:34:51,363 - [task1] EWC active: {"Task 0": 0.0}
2025-07-19 19:34:51,364 - [task1] This task will be stored with λ = 0.0
2025-07-19 19:34:51,366 - [task1] Training with alpha LWF = 0.00
2025-07-19 19:36:07,488 - Epoch 001 | task 8.4397e-03 | kd 0.0000e+00 | ewc 0.0000e+00 | val 1.6822e-03 | lr 1.00e-04 | 57.59s
2025-07-19 19:37:04,352 - Epoch 002 | task 6.8826e-03 | kd 0.0000e+00 | ewc 0.0000e+00 | val 2.2192e-03 | lr 1.00e-04 | 56.80s
(add seed, no evaluate)

2025-07-19 19:39:13,118 - ==== Skipping joint LSTM Training Phase ====
2025-07-19 19:39:13,120 - ==== Incremental EWC Training Phase ====
2025-07-19 19:40:31,648 - Base train IDs: ['03', '05', '07', '27']
2025-07-19 19:40:31,650 - Base train size: 92079
2025-07-19 19:40:31,652 - Base val IDs: ['01']
2025-07-19 19:40:31,653 - Base val size: 28612
2025-07-19 19:40:31,654 - Update1 train IDs: ['21', '23', '25']
2025-07-19 19:40:31,655 - Update1 train size: 65674
2025-07-19 19:40:31,656 - Update1 val IDs: ['19']
2025-07-19 19:40:31,658 - Update1 val size: 23120
2025-07-19 19:40:31,659 - Update2 train IDs: ['09', '11', '15', '29']
2025-07-19 19:40:31,661 - Update2 train size: 47891
2025-07-19 19:40:31,662 - Update2 val IDs: ['13']
2025-07-19 19:40:31,664 - Update2 val size: 6445
2025-07-19 19:40:38,272 - Test cell ID: 17
2025-07-19 19:40:38,273 - Test size: 22872
2025-07-19 19:40:38,275 - Test base size: 11139
2025-07-19 19:40:38,277 - Test update1 size: 6312
2025-07-19 19:40:38,278 - Test update2 size: 5421
2025-07-19 19:40:38,318 - [Scaler after fit] center_=[ 3.31975183  0.         27.55116667]
2025-07-19 19:40:38,324 - [Scaler after fit] scale_ =[0.20016217 1.86108033 1.05333333]
2025-07-19 19:40:38,325 - Resampling and scaling complete with RobustScaler
2025-07-19 19:40:38,691 - [task0] Skipping training (already done or no data).
2025-07-19 19:40:38,693 - [task0] No EWC consolidation needed or already done.
2025-07-19 19:40:38,694 - [task0] Evaluating BEST checkpoint...
2025-07-19 19:40:47,475 - [task0 Evaluation on full test set] RMSE: 8.5567e-02, MAE: 6.7164e-02, R2: -0.0342
2025-07-19 19:40:47,476 - [task0] Evaluation completed.
2025-07-19 19:40:47,481 - [task1] Loading best checkpoint from previous task task0...
2025-07-19 19:40:47,693 - [task1] Training...
2025-07-19 19:40:47,694 - [task1] EWC active: {"Task 0": 0.0}
2025-07-19 19:40:47,696 - [task1] This task will be stored with λ = 0.0
2025-07-19 19:40:47,697 - [task1] Training with alpha LWF = 0.00
2025-07-19 19:42:02,553 - Epoch 001 | task 8.4397e-03 | kd 0.0000e+00 | ewc 0.0000e+00 | val 1.6822e-03 | lr 1.00e-04 | 57.67s
2025-07-19 19:42:59,787 - Epoch 002 | task 6.8826e-03 | kd 0.0000e+00 | ewc 0.0000e+00 | val 2.2192e-03 | lr 1.00e-04 | 57.02s
2025-07-19 19:43:57,089 - Epoch 003 | task 6.1126e-03 | kd 0.0000e+00 | ewc 0.0000e+00 | val 1.2969e-03 | lr 1.00e-04 | 57.27s
2025-07-19 19:44:54,166 - Epoch 004 | task 5.2480e-03 | kd 0.0000e+00 | ewc 0.0000e+00 | val 2.1405e-03 | lr 1.00e-04 | 56.98s
2025-07-19 19:50:44,161 - ==== Skipping joint LSTM Training Phase ====
2025-07-19 19:50:44,162 - ==== Incremental EWC Training Phase ====
2025-07-19 19:52:01,776 - Base train IDs: ['03', '05', '07', '27']
2025-07-19 19:52:01,778 - Base train size: 92079
2025-07-19 19:52:01,779 - Base val IDs: ['01']
2025-07-19 19:52:01,780 - Base val size: 28612
2025-07-19 19:52:01,781 - Update1 train IDs: ['21', '23', '25']
2025-07-19 19:52:01,783 - Update1 train size: 65674
2025-07-19 19:52:01,784 - Update1 val IDs: ['19']
2025-07-19 19:52:01,785 - Update1 val size: 23120
2025-07-19 19:52:01,786 - Update2 train IDs: ['09', '11', '15', '29']
2025-07-19 19:52:01,787 - Update2 train size: 47891
2025-07-19 19:52:01,788 - Update2 val IDs: ['13']
2025-07-19 19:52:01,789 - Update2 val size: 6445
2025-07-19 19:52:08,410 - Test cell ID: 17
2025-07-19 19:52:08,411 - Test size: 22872
2025-07-19 19:52:08,412 - Test base size: 11139
2025-07-19 19:52:08,413 - Test update1 size: 6312
2025-07-19 19:52:08,414 - Test update2 size: 5421
2025-07-19 19:52:08,450 - [Scaler after fit] center_=[ 3.31975183  0.         27.55116667]
2025-07-19 19:52:08,457 - [Scaler after fit] scale_ =[0.20016217 1.86108033 1.05333333]
2025-07-19 19:52:08,458 - Resampling and scaling complete with RobustScaler
2025-07-19 19:52:08,765 - [task0] Skipping training (already done or no data).
2025-07-19 19:52:08,768 - [task0] No EWC consolidation needed or already done.
2025-07-19 19:52:08,769 - [task0] Evaluating BEST checkpoint...
2025-07-19 19:52:17,378 - [task0 Evaluation on full test set] RMSE: 8.5567e-02, MAE: 6.7164e-02, R2: -0.0342
2025-07-19 19:52:17,380 - [task0] Evaluation completed.
2025-07-19 19:52:17,386 - [task1] Loading best checkpoint from previous task task0...
2025-07-19 19:52:19,149 - [task1 Pre-FWT baseline] RMSE: 5.6626e-02, MAE: 4.3428e-02
2025-07-19 19:52:19,152 - [task1] Training...
2025-07-19 19:52:19,153 - [task1] EWC active: {"Task 0": 0.0}
2025-07-19 19:52:19,154 - [task1] This task will be stored with λ = 0.0
2025-07-19 19:52:19,156 - [task1] Training with alpha LWF = 0.00
2025-07-19 19:53:32,115 - Epoch 001 | task 8.4523e-03 | kd 0.0000e+00 | ewc 0.0000e+00 | val 1.7239e-03 | lr 1.00e-04 | 57.26s
2025-07-19 19:55:25,858 - Epoch 003 | task 6.0291e-03 | kd 0.0000e+00 | ewc 0.0000e+00 | val 1.3866e-03 | lr 1.00e-04 | 56.82s
2025-07-19 19:56:22,618 - Epoch 004 | task 5.4216e-03 | kd 0.0000e+00 | ewc 0.0000e+00 | val 1.6487e-03 | lr 1.00e-04 | 56.70s
(no eval add seed)2025-07-19 20:00:56,184 - ==== Skipping joint LSTM Training Phase ====
2025-07-19 20:00:56,186 - ==== Incremental EWC Training Phase ====
2025-07-19 20:02:19,560 - Base train IDs: ['03', '05', '07', '27']
2025-07-19 20:02:19,561 - Base train size: 92079
2025-07-19 20:02:19,563 - Base val IDs: ['01']
2025-07-19 20:02:19,564 - Base val size: 28612
2025-07-19 20:02:19,564 - Update1 train IDs: ['21', '23', '25']
2025-07-19 20:02:19,565 - Update1 train size: 65674
2025-07-19 20:02:19,566 - Update1 val IDs: ['19']
2025-07-19 20:02:19,567 - Update1 val size: 23120
2025-07-19 20:02:19,568 - Update2 train IDs: ['09', '11', '15', '29']
2025-07-19 20:02:19,569 - Update2 train size: 47891
2025-07-19 20:02:19,570 - Update2 val IDs: ['13']
2025-07-19 20:02:19,571 - Update2 val size: 6445
2025-07-19 20:02:26,205 - Test cell ID: 17
2025-07-19 20:02:26,206 - Test size: 22872
2025-07-19 20:02:26,208 - Test base size: 11139
2025-07-19 20:02:26,209 - Test update1 size: 6312
2025-07-19 20:02:26,210 - Test update2 size: 5421
2025-07-19 20:02:26,249 - [Scaler after fit] center_=[ 3.31975183  0.         27.55116667]
2025-07-19 20:02:26,272 - [Scaler after fit] scale_ =[0.20016217 1.86108033 1.05333333]
2025-07-19 20:02:26,273 - Resampling and scaling complete with RobustScaler
2025-07-19 20:02:26,975 - [task0] Training...
2025-07-19 20:02:26,976 - [task0] EWC active: None (no previous tasks)
2025-07-19 20:02:26,978 - [task0] This task will be stored with λ = 0.0 (not used)
2025-07-19 20:02:26,979 - [task0] Training with alpha LWF = 0.00
2025-07-19 20:04:03,495 - Epoch 001 | task 3.8185e-02 | kd 0.0000e+00 | ewc 0.0000e+00 | val 3.9701e-04 | lr 1.00e-04 | 77.07s
2025-07-19 20:05:19,930 - Epoch 002 | task 7.2809e-03 | kd 0.0000e+00 | ewc 0.0000e+00 | val 1.2390e-03 | lr 1.00e-04 | 76.38s
2025-07-19 20:06:37,780 - Epoch 003 | task 5.3336e-03 | kd 0.0000e+00 | ewc 0.0000e+00 | val 4.1007e-04 | lr 1.00e-04 | 77.80s
2025-07-19 20:07:55,271 - Epoch 004 | task 4.3114e-03 | kd 0.0000e+00 | ewc 0.0000e+00 | val 5.2683e-04 | lr 1.00e-04 | 77.46s
2025-07-19 20:09:14,774 - Epoch 005 | task 3.4078e-03 | kd 0.0000e+00 | ewc 0.0000e+00 | val 4.0077e-04 | lr 1.00e-04 | 79.47s
2025-07-19 20:10:33,463 - Epoch 006 | task 2.6546e-03 | kd 0.0000e+00 | ewc 0.0000e+00 | val 4.2909e-04 | lr 1.00e-04 | 78.65s
2025-07-19 20:11:52,482 - Epoch 007 | task 2.0628e-03 | kd 0.0000e+00 | ewc 0.0000e+00 | val 4.1929e-04 | lr 5.00e-05 | 78.99s
2025-07-19 20:13:10,422 - Epoch 008 | task 1.6437e-03 | kd 0.0000e+00 | ewc 0.0000e+00 | val 4.1027e-04 | lr 5.00e-05 | 77.91s
2025-07-19 20:14:28,192 - Epoch 009 | task 1.3989e-03 | kd 0.0000e+00 | ewc 0.0000e+00 | val 4.0465e-04 | lr 5.00e-05 | 77.74s
2025-07-19 20:15:44,904 - Epoch 010 | task 1.1847e-03 | kd 0.0000e+00 | ewc 0.0000e+00 | val 5.2821e-04 | lr 5.00e-05 | 76.68s
2025-07-19 20:17:01,601 - Epoch 011 | task 1.0242e-03 | kd 0.0000e+00 | ewc 0.0000e+00 | val 4.1433e-04 | lr 5.00e-05 | 76.67s
2025-07-19 20:18:21,463 - Epoch 012 | task 8.8463e-04 | kd 0.0000e+00 | ewc 0.0000e+00 | val 4.8046e-04 | lr 5.00e-05 | 79.83s
2025-07-19 20:19:37,272 - Epoch 013 | task 7.6670e-04 | kd 0.0000e+00 | ewc 0.0000e+00 | val 4.4364e-04 | lr 2.50e-05 | 75.77s
2025-07-19 20:20:52,994 - Epoch 014 | task 6.8916e-04 | kd 0.0000e+00 | ewc 0.0000e+00 | val 4.5429e-04 | lr 2.50e-05 | 75.69s
2025-07-19 20:22:08,848 - Epoch 015 | task 6.5441e-04 | kd 0.0000e+00 | ewc 0.0000e+00 | val 4.0813e-04 | lr 2.50e-05 | 75.81s
2025-07-19 20:23:24,888 - Epoch 016 | task 6.1887e-04 | kd 0.0000e+00 | ewc 0.0000e+00 | val 4.5552e-04 | lr 2.50e-05 | 76.02s
2025-07-19 20:24:40,625 - Epoch 017 | task 5.8771e-04 | kd 0.0000e+00 | ewc 0.0000e+00 | val 4.4893e-04 | lr 2.50e-05 | 75.71s
2025-07-19 20:25:56,348 - Epoch 018 | task 5.6182e-04 | kd 0.0000e+00 | ewc 0.0000e+00 | val 4.4863e-04 | lr 2.50e-05 | 75.70s
2025-07-19 20:27:12,692 - Epoch 019 | task 5.3662e-04 | kd 0.0000e+00 | ewc 0.0000e+00 | val 4.3634e-04 | lr 1.25e-05 | 76.32s
2025-07-19 20:28:33,680 - Epoch 020 | task 5.0902e-04 | kd 0.0000e+00 | ewc 0.0000e+00 | val 4.3794e-04 | lr 1.25e-05 | 80.95s
2025-07-19 20:29:49,524 - Epoch 021 | task 4.9672e-04 | kd 0.0000e+00 | ewc 0.0000e+00 | val 3.9440e-04 | lr 1.25e-05 | 75.82s
2025-07-19 20:31:06,544 - Epoch 022 | task 4.8163e-04 | kd 0.0000e+00 | ewc 0.0000e+00 | val 3.8731e-04 | lr 1.25e-05 | 76.96s
2025-07-19 20:32:23,977 - Epoch 023 | task 4.6823e-04 | kd 0.0000e+00 | ewc 0.0000e+00 | val 4.1554e-04 | lr 1.25e-05 | 77.34s
2025-07-19 20:33:39,622 - Epoch 024 | task 4.0172e-04 | kd 0.0000e+00 | ewc 0.0000e+00 | val 1.0952e-03 | lr 1.25e-05 | 75.62s
2025-07-19 20:34:55,170 - Epoch 025 | task 3.2500e-04 | kd 0.0000e+00 | ewc 0.0000e+00 | val 6.6763e-04 | lr 1.25e-05 | 75.52s
2025-07-19 20:36:11,043 - Epoch 026 | task 2.9481e-04 | kd 0.0000e+00 | ewc 0.0000e+00 | val 6.9162e-04 | lr 1.25e-05 | 75.85s
2025-07-19 20:37:27,942 - Epoch 027 | task 2.7917e-04 | kd 0.0000e+00 | ewc 0.0000e+00 | val 6.5801e-04 | lr 1.25e-05 | 76.87s
2025-07-19 20:38:43,822 - Epoch 028 | task 2.6036e-04 | kd 0.0000e+00 | ewc 0.0000e+00 | val 5.1247e-04 | lr 6.25e-06 | 75.86s
2025-07-19 20:39:59,439 - Epoch 029 | task 2.3755e-04 | kd 0.0000e+00 | ewc 0.0000e+00 | val 4.9484e-04 | lr 6.25e-06 | 75.58s
2025-07-19 20:41:23,069 - Epoch 030 | task 2.2858e-04 | kd 0.0000e+00 | ewc 0.0000e+00 | val 4.9019e-04 | lr 6.25e-06 | 83.61s
2025-07-19 20:42:51,548 - Epoch 031 | task 2.1826e-04 | kd 0.0000e+00 | ewc 0.0000e+00 | val 4.7769e-04 | lr 6.25e-06 | 88.45s
2025-07-19 20:44:17,674 - Epoch 032 | task 2.1277e-04 | kd 0.0000e+00 | ewc 0.0000e+00 | val 4.6255e-04 | lr 6.25e-06 | 80.72s
2025-07-19 20:45:33,470 - Epoch 033 | task 2.0780e-04 | kd 0.0000e+00 | ewc 0.0000e+00 | val 5.2453e-04 | lr 6.25e-06 | 75.77s
2025-07-19 20:46:50,442 - Epoch 034 | task 2.0206e-04 | kd 0.0000e+00 | ewc 0.0000e+00 | val 6.0088e-04 | lr 3.13e-06 | 76.94s
2025-07-19 20:48:06,896 - Epoch 035 | task 1.9538e-04 | kd 0.0000e+00 | ewc 0.0000e+00 | val 5.9399e-04 | lr 3.13e-06 | 76.43s
2025-07-19 20:49:22,759 - Epoch 036 | task 1.9295e-04 | kd 0.0000e+00 | ewc 0.0000e+00 | val 5.4762e-04 | lr 3.13e-06 | 75.84s
2025-07-19 20:50:38,346 - Epoch 037 | task 1.9009e-04 | kd 0.0000e+00 | ewc 0.0000e+00 | val 6.5012e-04 | lr 3.13e-06 | 75.56s
2025-07-19 20:51:53,967 - Epoch 038 | task 1.8772e-04 | kd 0.0000e+00 | ewc 0.0000e+00 | val 6.8606e-04 | lr 3.13e-06 | 75.60s
2025-07-19 20:53:09,547 - Epoch 039 | task 1.8481e-04 | kd 0.0000e+00 | ewc 0.0000e+00 | val 6.5710e-04 | lr 3.13e-06 | 75.56s
2025-07-19 20:54:25,136 - Epoch 040 | task 1.8222e-04 | kd 0.0000e+00 | ewc 0.0000e+00 | val 6.4095e-04 | lr 1.56e-06 | 75.56s
2025-07-19 20:55:40,670 - Epoch 041 | task 1.7913e-04 | kd 0.0000e+00 | ewc 0.0000e+00 | val 6.6573e-04 | lr 1.56e-06 | 75.51s
2025-07-19 20:56:56,201 - Epoch 042 | task 1.7879e-04 | kd 0.0000e+00 | ewc 0.0000e+00 | val 6.4861e-04 | lr 1.56e-06 | 75.51s
2025-07-19 20:56:56,223 - Early stopping at epoch 42
2025-07-19 20:56:57,737 - [task0] Training completed.
2025-07-19 20:56:57,739 - [task0] Consolidating EWC...
2025-07-19 20:58:00,770 - [task0] Consolidation done.
2025-07-19 20:58:00,785 - [task1] Loading best checkpoint from previous task task0...
2025-07-19 20:58:00,974 - [task1] Training...
2025-07-19 20:58:00,975 - [task1] EWC active: {"Task 0": 0.0}
2025-07-19 20:58:00,976 - [task1] This task will be stored with λ = 0.0
2025-07-19 20:58:00,977 - [task1] Training with alpha LWF = 0.00
2025-07-19 20:58:57,817 - Epoch 001 | task 2.1148e-03 | kd 0.0000e+00 | ewc 0.0000e+00 | val 1.3391e-03 | lr 1.00e-04 | 56.83s
2025-07-19 20:59:55,080 - Epoch 002 | task 1.0077e-03 | kd 0.0000e+00 | ewc 0.0000e+00 | val 1.6039e-03 | lr 1.00e-04 | 57.20s
2025-07-19 21:00:57,649 - Epoch 003 | task 8.7839e-04 | kd 0.0000e+00 | ewc 0.0000e+00 | val 2.2958e-03 | lr 1.00e-04 | 62.52s
2025-07-19 21:01:58,145 - Epoch 004 | task 6.5359e-04 | kd 0.0000e+00 | ewc 0.0000e+00 | val 2.4718e-03 | lr 1.00e-04 | 60.44s
2025-07-19 21:02:57,326 - Epoch 005 | task 6.0254e-04 | kd 0.0000e+00 | ewc 0.0000e+00 | val 2.6636e-03 | lr 1.00e-04 | 59.13s
2025-07-19 21:04:02,022 - Epoch 006 | task 5.5803e-04 | kd 0.0000e+00 | ewc 0.0000e+00 | val 2.6428e-03 | lr 1.00e-04 | 64.63s
2025-07-19 21:05:08,666 - Epoch 007 | task 5.3686e-04 | kd 0.0000e+00 | ewc 0.0000e+00 | val 2.3301e-03 | lr 5.00e-05 | 66.58s
2025-07-19 21:06:29,258 - Epoch 008 | task 3.6043e-04 | kd 0.0000e+00 | ewc 0.0000e+00 | val 2.8174e-03 | lr 5.00e-05 | 80.47s
2025-07-19 21:07:37,049 - Epoch 009 | task 3.4668e-04 | kd 0.0000e+00 | ewc 0.0000e+00 | val 3.2241e-03 | lr 5.00e-05 | 67.66s
2025-07-19 21:08:56,376 - Epoch 010 | task 3.2532e-04 | kd 0.0000e+00 | ewc 0.0000e+00 | val 3.1660e-03 | lr 5.00e-05 | 79.24s
2025-07-19 21:10:19,677 - Epoch 011 | task 3.1700e-04 | kd 0.0000e+00 | ewc 0.0000e+00 | val 3.3476e-03 | lr 5.00e-05 | 83.19s
2025-07-19 21:11:45,304 - Epoch 012 | task 2.9251e-04 | kd 0.0000e+00 | ewc 0.0000e+00 | val 2.5506e-03 | lr 5.00e-05 | 85.53s
2025-07-19 21:12:55,410 - Epoch 013 | task 2.9237e-04 | kd 0.0000e+00 | ewc 0.0000e+00 | val 3.3794e-03 | lr 2.50e-05 | 69.97s
2025-07-19 21:14:04,852 - Epoch 014 | task 2.4577e-04 | kd 0.0000e+00 | ewc 0.0000e+00 | val 3.2137e-03 | lr 2.50e-05 | 69.40s
2025-07-19 21:15:12,959 - Epoch 015 | task 2.3658e-04 | kd 0.0000e+00 | ewc 0.0000e+00 | val 3.9300e-03 | lr 2.50e-05 | 68.03s
2025-07-19 21:16:23,337 - Epoch 016 | task 2.4021e-04 | kd 0.0000e+00 | ewc 0.0000e+00 | val 3.7906e-03 | lr 2.50e-05 | 70.31s
2025-07-19 21:17:22,212 - Epoch 017 | task 2.3049e-04 | kd 0.0000e+00 | ewc 0.0000e+00 | val 3.5945e-03 | lr 2.50e-05 | 58.84s
2025-07-19 21:18:22,725 - Epoch 018 | task 2.3187e-04 | kd 0.0000e+00 | ewc 0.0000e+00 | val 4.1813e-03 | lr 2.50e-05 | 60.45s
2025-07-19 21:19:20,267 - Epoch 019 | task 2.2395e-04 | kd 0.0000e+00 | ewc 0.0000e+00 | val 3.9660e-03 | lr 1.25e-05 | 57.48s
2025-07-19 21:20:16,419 - Epoch 020 | task 2.1006e-04 | kd 0.0000e+00 | ewc 0.0000e+00 | val 3.9197e-03 | lr 1.25e-05 | 56.12s
2025-07-19 21:21:13,053 - Epoch 021 | task 1.9994e-04 | kd 0.0000e+00 | ewc 0.0000e+00 | val 4.0839e-03 | lr 1.25e-05 | 56.60s
2025-07-19 21:21:13,102 - Early stopping at epoch 21
2025-07-19 21:21:14,032 - [task1] Training completed.
2025-07-19 21:21:14,033 - [task1] Consolidating EWC...
2025-07-19 21:21:59,148 - [task1] Consolidation done.
2025-07-19 21:21:59,155 - [task2] Loading best checkpoint from previous task task1...
2025-07-19 21:21:59,433 - [task2] Training...
2025-07-19 21:21:59,434 - [task2] EWC active: {"Task 0": 0.0, "Task 1": 0.0}
2025-07-19 21:21:59,435 - [task2] This task will be stored with λ = 0.0
2025-07-19 21:21:59,437 - [task2] Training with alpha LWF = 0.00
2025-07-19 21:22:38,635 - Epoch 001 | task 2.6156e-03 | kd 0.0000e+00 | ewc 0.0000e+00 | val 1.6297e-03 | lr 1.00e-04 | 39.19s
2025-07-19 21:23:18,528 - Epoch 002 | task 1.4957e-03 | kd 0.0000e+00 | ewc 0.0000e+00 | val 1.3098e-03 | lr 1.00e-04 | 39.81s
2025-07-19 21:23:58,660 - Epoch 003 | task 1.3157e-03 | kd 0.0000e+00 | ewc 0.0000e+00 | val 1.2676e-03 | lr 1.00e-04 | 39.98s
2025-07-19 21:24:38,336 - Epoch 004 | task 1.2399e-03 | kd 0.0000e+00 | ewc 0.0000e+00 | val 1.8980e-03 | lr 1.00e-04 | 39.58s
2025-07-19 21:25:18,854 - Epoch 005 | task 1.1581e-03 | kd 0.0000e+00 | ewc 0.0000e+00 | val 1.1663e-03 | lr 1.00e-04 | 40.47s
2025-07-19 21:25:58,757 - Epoch 006 | task 1.0640e-03 | kd 0.0000e+00 | ewc 0.0000e+00 | val 1.1528e-03 | lr 1.00e-04 | 39.82s
2025-07-19 21:26:39,185 - Epoch 007 | task 1.1180e-03 | kd 0.0000e+00 | ewc 0.0000e+00 | val 1.7454e-03 | lr 1.00e-04 | 40.34s
2025-07-19 21:27:19,130 - Epoch 008 | task 9.6202e-04 | kd 0.0000e+00 | ewc 0.0000e+00 | val 1.7891e-03 | lr 1.00e-04 | 39.90s
2025-07-19 21:27:59,260 - Epoch 009 | task 9.9951e-04 | kd 0.0000e+00 | ewc 0.0000e+00 | val 1.2381e-03 | lr 1.00e-04 | 40.06s
2025-07-19 21:28:42,456 - Epoch 010 | task 8.7619e-04 | kd 0.0000e+00 | ewc 0.0000e+00 | val 1.6939e-03 | lr 1.00e-04 | 43.15s
2025-07-19 21:29:21,942 - Epoch 011 | task 8.7166e-04 | kd 0.0000e+00 | ewc 0.0000e+00 | val 1.5406e-03 | lr 1.00e-04 | 39.44s
2025-07-19 21:30:01,140 - Epoch 012 | task 8.8653e-04 | kd 0.0000e+00 | ewc 0.0000e+00 | val 1.5418e-03 | lr 5.00e-05 | 39.13s
2025-07-19 21:30:50,863 - Epoch 013 | task 6.6027e-04 | kd 0.0000e+00 | ewc 0.0000e+00 | val 1.1302e-03 | lr 5.00e-05 | 49.68s
2025-07-19 21:31:46,946 - Epoch 014 | task 6.5692e-04 | kd 0.0000e+00 | ewc 0.0000e+00 | val 1.2787e-03 | lr 5.00e-05 | 55.89s
2025-07-19 21:32:39,422 - Epoch 015 | task 6.4640e-04 | kd 0.0000e+00 | ewc 0.0000e+00 | val 1.1374e-03 | lr 5.00e-05 | 52.39s
2025-07-19 21:33:20,130 - Epoch 016 | task 6.2822e-04 | kd 0.0000e+00 | ewc 0.0000e+00 | val 1.2389e-03 | lr 5.00e-05 | 40.66s
2025-07-19 21:33:59,948 - Epoch 017 | task 6.0073e-04 | kd 0.0000e+00 | ewc 0.0000e+00 | val 1.1606e-03 | lr 5.00e-05 | 39.77s
2025-07-19 21:34:39,478 - Epoch 018 | task 5.8988e-04 | kd 0.0000e+00 | ewc 0.0000e+00 | val 1.3604e-03 | lr 5.00e-05 | 39.48s
2025-07-19 21:35:18,919 - Epoch 019 | task 6.0001e-04 | kd 0.0000e+00 | ewc 0.0000e+00 | val 1.1834e-03 | lr 2.50e-05 | 39.40s
2025-07-19 21:35:58,472 - Epoch 020 | task 5.3789e-04 | kd 0.0000e+00 | ewc 0.0000e+00 | val 1.1515e-03 | lr 2.50e-05 | 39.51s
2025-07-19 21:36:38,098 - Epoch 021 | task 5.2581e-04 | kd 0.0000e+00 | ewc 0.0000e+00 | val 1.0609e-03 | lr 2.50e-05 | 39.58s
2025-07-19 21:37:17,793 - Epoch 022 | task 5.2421e-04 | kd 0.0000e+00 | ewc 0.0000e+00 | val 1.2955e-03 | lr 2.50e-05 | 39.60s
2025-07-19 21:37:57,462 - Epoch 023 | task 5.1044e-04 | kd 0.0000e+00 | ewc 0.0000e+00 | val 1.1603e-03 | lr 2.50e-05 | 39.62s
2025-07-19 21:38:37,364 - Epoch 024 | task 5.0655e-04 | kd 0.0000e+00 | ewc 0.0000e+00 | val 9.9446e-04 | lr 2.50e-05 | 39.84s
2025-07-19 21:39:17,229 - Epoch 025 | task 4.9535e-04 | kd 0.0000e+00 | ewc 0.0000e+00 | val 1.0211e-03 | lr 2.50e-05 | 39.76s
2025-07-19 21:39:56,874 - Epoch 026 | task 4.9537e-04 | kd 0.0000e+00 | ewc 0.0000e+00 | val 1.5868e-03 | lr 2.50e-05 | 39.60s
2025-07-19 21:40:36,664 - Epoch 027 | task 4.9848e-04 | kd 0.0000e+00 | ewc 0.0000e+00 | val 1.1865e-03 | lr 2.50e-05 | 39.75s
2025-07-19 21:41:16,727 - Epoch 028 | task 4.8224e-04 | kd 0.0000e+00 | ewc 0.0000e+00 | val 1.2031e-03 | lr 2.50e-05 | 40.02s
2025-07-19 21:41:56,391 - Epoch 029 | task 4.6192e-04 | kd 0.0000e+00 | ewc 0.0000e+00 | val 1.0148e-03 | lr 2.50e-05 | 39.62s
2025-07-19 21:42:36,046 - Epoch 030 | task 4.7122e-04 | kd 0.0000e+00 | ewc 0.0000e+00 | val 1.2691e-03 | lr 1.25e-05 | 39.61s
2025-07-19 21:43:15,873 - Epoch 031 | task 4.4741e-04 | kd 0.0000e+00 | ewc 0.0000e+00 | val 1.1552e-03 | lr 1.25e-05 | 39.78s
2025-07-19 21:43:55,532 - Epoch 032 | task 4.3775e-04 | kd 0.0000e+00 | ewc 0.0000e+00 | val 9.6245e-04 | lr 1.25e-05 | 39.62s
2025-07-19 21:44:35,258 - Epoch 033 | task 4.3508e-04 | kd 0.0000e+00 | ewc 0.0000e+00 | val 1.0464e-03 | lr 1.25e-05 | 39.64s
2025-07-19 21:45:14,892 - Epoch 034 | task 4.2837e-04 | kd 0.0000e+00 | ewc 0.0000e+00 | val 9.8337e-04 | lr 1.25e-05 | 39.59s
2025-07-19 21:45:54,563 - Epoch 035 | task 4.2875e-04 | kd 0.0000e+00 | ewc 0.0000e+00 | val 1.0709e-03 | lr 1.25e-05 | 39.62s
2025-07-19 21:46:34,277 - Epoch 036 | task 4.2246e-04 | kd 0.0000e+00 | ewc 0.0000e+00 | val 1.1031e-03 | lr 1.25e-05 | 39.65s
2025-07-19 21:47:13,989 - Epoch 037 | task 4.1967e-04 | kd 0.0000e+00 | ewc 0.0000e+00 | val 9.8145e-04 | lr 1.25e-05 | 39.66s
2025-07-19 21:47:53,640 - Epoch 038 | task 4.1214e-04 | kd 0.0000e+00 | ewc 0.0000e+00 | val 1.0377e-03 | lr 6.25e-06 | 39.61s
2025-07-19 21:48:33,454 - Epoch 039 | task 4.0135e-04 | kd 0.0000e+00 | ewc 0.0000e+00 | val 1.0318e-03 | lr 6.25e-06 | 39.77s
2025-07-19 21:49:13,220 - Epoch 040 | task 3.9782e-04 | kd 0.0000e+00 | ewc 0.0000e+00 | val 9.7469e-04 | lr 6.25e-06 | 39.72s
2025-07-19 21:49:52,903 - Epoch 041 | task 3.9906e-04 | kd 0.0000e+00 | ewc 0.0000e+00 | val 1.0366e-03 | lr 6.25e-06 | 39.64s
2025-07-19 21:50:32,611 - Epoch 042 | task 3.9410e-04 | kd 0.0000e+00 | ewc 0.0000e+00 | val 1.0147e-03 | lr 6.25e-06 | 39.65s
2025-07-19 21:51:12,404 - Epoch 043 | task 3.9538e-04 | kd 0.0000e+00 | ewc 0.0000e+00 | val 9.6546e-04 | lr 6.25e-06 | 39.75s
2025-07-19 21:51:53,199 - Epoch 044 | task 3.9314e-04 | kd 0.0000e+00 | ewc 0.0000e+00 | val 9.9429e-04 | lr 3.13e-06 | 40.75s
2025-07-19 21:52:36,270 - Epoch 045 | task 3.8593e-04 | kd 0.0000e+00 | ewc 0.0000e+00 | val 9.3836e-04 | lr 3.13e-06 | 43.03s
2025-07-19 21:53:16,420 - Epoch 046 | task 3.8687e-04 | kd 0.0000e+00 | ewc 0.0000e+00 | val 9.6430e-04 | lr 3.13e-06 | 40.02s
2025-07-19 21:53:56,023 - Epoch 047 | task 3.8008e-04 | kd 0.0000e+00 | ewc 0.0000e+00 | val 9.8993e-04 | lr 3.13e-06 | 39.56s
2025-07-19 21:54:37,333 - Epoch 048 | task 3.8210e-04 | kd 0.0000e+00 | ewc 0.0000e+00 | val 9.2623e-04 | lr 3.13e-06 | 41.27s
2025-07-19 21:55:17,033 - Epoch 049 | task 3.7921e-04 | kd 0.0000e+00 | ewc 0.0000e+00 | val 9.8204e-04 | lr 3.13e-06 | 39.62s
2025-07-19 21:55:59,966 - Epoch 050 | task 3.7942e-04 | kd 0.0000e+00 | ewc 0.0000e+00 | val 9.8021e-04 | lr 3.13e-06 | 39.93s
2025-07-19 21:56:52,390 - Epoch 051 | task 3.7818e-04 | kd 0.0000e+00 | ewc 0.0000e+00 | val 9.1876e-04 | lr 3.13e-06 | 52.37s
2025-07-19 21:57:46,773 - Epoch 052 | task 3.7777e-04 | kd 0.0000e+00 | ewc 0.0000e+00 | val 9.6263e-04 | lr 3.13e-06 | 54.22s
2025-07-19 21:58:36,065 - Epoch 053 | task 3.7670e-04 | kd 0.0000e+00 | ewc 0.0000e+00 | val 9.8338e-04 | lr 3.13e-06 | 49.18s
2025-07-19 21:59:16,436 - Epoch 054 | task 3.7518e-04 | kd 0.0000e+00 | ewc 0.0000e+00 | val 9.3286e-04 | lr 3.13e-06 | 40.32s
2025-07-19 21:59:56,806 - Epoch 055 | task 3.7687e-04 | kd 0.0000e+00 | ewc 0.0000e+00 | val 9.9359e-04 | lr 3.13e-06 | 40.32s
2025-07-19 22:00:47,341 - Epoch 056 | task 3.7360e-04 | kd 0.0000e+00 | ewc 0.0000e+00 | val 9.5760e-04 | lr 3.13e-06 | 50.49s
2025-07-19 22:01:34,123 - Epoch 057 | task 3.7369e-04 | kd 0.0000e+00 | ewc 0.0000e+00 | val 9.2257e-04 | lr 1.56e-06 | 46.70s
2025-07-19 22:02:25,776 - Epoch 058 | task 3.6778e-04 | kd 0.0000e+00 | ewc 0.0000e+00 | val 9.4991e-04 | lr 1.56e-06 | 51.55s
2025-07-19 22:03:19,799 - Epoch 059 | task 3.6801e-04 | kd 0.0000e+00 | ewc 0.0000e+00 | val 9.1469e-04 | lr 1.56e-06 | 53.97s
2025-07-19 22:04:16,679 - Epoch 060 | task 3.6929e-04 | kd 0.0000e+00 | ewc 0.0000e+00 | val 9.1315e-04 | lr 1.56e-06 | 56.66s
2025-07-19 22:05:09,833 - Epoch 061 | task 3.6571e-04 | kd 0.0000e+00 | ewc 0.0000e+00 | val 9.2684e-04 | lr 1.56e-06 | 52.97s
2025-07-19 22:05:58,063 - Epoch 062 | task 3.6880e-04 | kd 0.0000e+00 | ewc 0.0000e+00 | val 9.3783e-04 | lr 1.56e-06 | 48.17s
2025-07-19 22:06:42,867 - Epoch 063 | task 3.6895e-04 | kd 0.0000e+00 | ewc 0.0000e+00 | val 9.3043e-04 | lr 1.56e-06 | 44.75s
2025-07-19 22:07:36,803 - Epoch 064 | task 3.6401e-04 | kd 0.0000e+00 | ewc 0.0000e+00 | val 9.1199e-04 | lr 1.56e-06 | 53.80s
2025-07-19 22:08:30,938 - Epoch 065 | task 3.6262e-04 | kd 0.0000e+00 | ewc 0.0000e+00 | val 9.1520e-04 | lr 1.56e-06 | 53.98s
2025-07-19 22:09:16,168 - Epoch 066 | task 3.6474e-04 | kd 0.0000e+00 | ewc 0.0000e+00 | val 9.3721e-04 | lr 1.56e-06 | 45.17s
2025-07-19 22:10:00,240 - Epoch 067 | task 3.6619e-04 | kd 0.0000e+00 | ewc 0.0000e+00 | val 9.6628e-04 | lr 1.56e-06 | 44.01s
2025-07-19 22:10:44,231 - Epoch 068 | task 3.6495e-04 | kd 0.0000e+00 | ewc 0.0000e+00 | val 8.9559e-04 | lr 1.56e-06 | 43.92s
2025-07-19 22:11:27,393 - Epoch 069 | task 3.6502e-04 | kd 0.0000e+00 | ewc 0.0000e+00 | val 9.3809e-04 | lr 1.56e-06 | 43.05s
2025-07-19 22:12:09,477 - Epoch 070 | task 3.6478e-04 | kd 0.0000e+00 | ewc 0.0000e+00 | val 8.9511e-04 | lr 1.56e-06 | 42.02s
2025-07-19 22:12:48,862 - Epoch 071 | task 3.6518e-04 | kd 0.0000e+00 | ewc 0.0000e+00 | val 9.1424e-04 | lr 1.56e-06 | 39.30s
2025-07-19 22:13:28,385 - Epoch 072 | task 3.6302e-04 | kd 0.0000e+00 | ewc 0.0000e+00 | val 9.2897e-04 | lr 1.56e-06 | 39.48s
2025-07-19 22:14:07,717 - Epoch 073 | task 3.5974e-04 | kd 0.0000e+00 | ewc 0.0000e+00 | val 9.5738e-04 | lr 1.56e-06 | 39.29s
2025-07-19 22:14:47,346 - Epoch 074 | task 3.5966e-04 | kd 0.0000e+00 | ewc 0.0000e+00 | val 9.4884e-04 | lr 1.56e-06 | 39.59s
2025-07-19 22:15:26,942 - Epoch 075 | task 3.6524e-04 | kd 0.0000e+00 | ewc 0.0000e+00 | val 9.2213e-04 | lr 1.56e-06 | 39.55s
2025-07-19 22:16:06,437 - Epoch 076 | task 3.6234e-04 | kd 0.0000e+00 | ewc 0.0000e+00 | val 9.5050e-04 | lr 7.81e-07 | 39.43s
2025-07-19 22:16:45,718 - Epoch 077 | task 3.6125e-04 | kd 0.0000e+00 | ewc 0.0000e+00 | val 9.2398e-04 | lr 7.81e-07 | 39.23s
2025-07-19 22:17:25,010 - Epoch 078 | task 3.6045e-04 | kd 0.0000e+00 | ewc 0.0000e+00 | val 9.1840e-04 | lr 7.81e-07 | 39.25s
2025-07-19 22:18:04,319 - Epoch 079 | task 3.5671e-04 | kd 0.0000e+00 | ewc 0.0000e+00 | val 9.0096e-04 | lr 7.81e-07 | 39.26s
2025-07-19 22:18:43,815 - Epoch 080 | task 3.5981e-04 | kd 0.0000e+00 | ewc 0.0000e+00 | val 9.2191e-04 | lr 7.81e-07 | 39.45s
2025-07-19 22:19:23,312 - Epoch 081 | task 3.5619e-04 | kd 0.0000e+00 | ewc 0.0000e+00 | val 9.4603e-04 | lr 7.81e-07 | 39.44s
2025-07-19 22:20:02,708 - Epoch 082 | task 3.5973e-04 | kd 0.0000e+00 | ewc 0.0000e+00 | val 9.3711e-04 | lr 3.91e-07 | 39.35s
2025-07-19 22:20:42,110 - Epoch 083 | task 3.5896e-04 | kd 0.0000e+00 | ewc 0.0000e+00 | val 9.3457e-04 | lr 3.91e-07 | 39.36s
2025-07-19 22:21:21,571 - Epoch 084 | task 3.5816e-04 | kd 0.0000e+00 | ewc 0.0000e+00 | val 9.3215e-04 | lr 3.91e-07 | 39.41s
2025-07-19 22:22:01,256 - Epoch 085 | task 3.5617e-04 | kd 0.0000e+00 | ewc 0.0000e+00 | val 9.2807e-04 | lr 3.91e-07 | 39.64s
2025-07-19 22:22:40,681 - Epoch 086 | task 3.5726e-04 | kd 0.0000e+00 | ewc 0.0000e+00 | val 9.1225e-04 | lr 3.91e-07 | 39.38s
2025-07-19 22:23:25,581 - Epoch 087 | task 3.5653e-04 | kd 0.0000e+00 | ewc 0.0000e+00 | val 9.3528e-04 | lr 3.91e-07 | 44.85s
2025-07-19 22:24:22,636 - Epoch 088 | task 3.5629e-04 | kd 0.0000e+00 | ewc 0.0000e+00 | val 9.1778e-04 | lr 1.95e-07 | 56.94s
2025-07-19 22:25:16,082 - Epoch 089 | task 3.5807e-04 | kd 0.0000e+00 | ewc 0.0000e+00 | val 9.1593e-04 | lr 1.95e-07 | 53.33s
2025-07-19 22:25:56,912 - Epoch 090 | task 3.5625e-04 | kd 0.0000e+00 | ewc 0.0000e+00 | val 9.3775e-04 | lr 1.95e-07 | 40.73s
2025-07-19 22:25:56,980 - Early stopping at epoch 90
2025-07-19 22:25:58,032 - [task2] Training completed.
2025-07-19 22:25:58,035 - [task2] Consolidating EWC...
2025-07-19 22:26:31,062 - [task2] Consolidation done.
2025-07-19 22:26:31,064 - ==== All tasks completed ====
