Using device: cuda:0

Degradation categories and rates:
    cell_id      rate category
0       01  0.000391   normal
1       03  0.000518   normal
2       05  0.000499   normal
3       07  0.000750   normal
4       09  0.003106   faster
5       11  0.003046   faster
6       13  0.008297   faster
7       15  0.006153   faster
8       17  0.001771     fast
9       19  0.001001     fast
10      21  0.001098     fast
11      23  0.000973     fast
12      25  0.002719     fast
13      27  0.000463   normal
14      29  0.006876   faster 

Train IDs: ['03', '05', '07', '09', '11', '15', '21', '23', '25', '27', '29'], Val IDs: ['01', '19', '13'], Test IDs: ['17']
Shapes -> Train: (205444, 7), Val: (58110, 7), Test: (22846, 7)

Features scaled with StandardScaler
Model architecture:
SOHLSTM(
  (lstm): LSTM(3, 256, num_layers=2, batch_first=True, dropout=0.4)
  (fc_layers): Sequential(
    (0): Linear(in_features=256, out_features=128, bias=True)
    (1): LeakyReLU(negative_slope=0.01)
    (2): Dropout(p=0.4, inplace=False)
    (3): Linear(in_features=128, out_features=1, bias=True)
  )
)
Total trainable parameters: 826,625

Start training...
Epoch 1/100 | Train Loss: 1.582e-02 | Val Loss: 1.183e-03 | LR: 1.00e-04
Epoch 2/100 | Train Loss: 4.727e-03 | Val Loss: 1.210e-03 | LR: 1.00e-04
Epoch 3/100 | Train Loss: 3.117e-03 | Val Loss: 7.318e-04 | LR: 1.00e-04
Epoch 4/100 | Train Loss: 1.932e-03 | Val Loss: 6.696e-04 | LR: 1.00e-04
Epoch 5/100 | Train Loss: 1.210e-03 | Val Loss: 8.301e-04 | LR: 1.00e-04
Epoch 6/100 | Train Loss: 6.918e-04 | Val Loss: 5.790e-04 | LR: 1.00e-04
Epoch 7/100 | Train Loss: 4.588e-04 | Val Loss: 3.376e-04 | LR: 1.00e-04
Epoch 8/100 | Train Loss: 3.403e-04 | Val Loss: 6.153e-04 | LR: 1.00e-04
Epoch 9/100 | Train Loss: 2.766e-04 | Val Loss: 8.076e-04 | LR: 1.00e-04
Epoch 10/100 | Train Loss: 2.200e-04 | Val Loss: 9.181e-04 | LR: 1.00e-04
Epoch 11/100 | Train Loss: 2.534e-04 | Val Loss: 1.011e-03 | LR: 1.00e-04
Epoch 12/100 | Train Loss: 2.124e-04 | Val Loss: 3.116e-04 | LR: 1.00e-04
Epoch 13/100 | Train Loss: 2.474e-04 | Val Loss: 9.953e-04 | LR: 1.00e-04
Epoch 14/100 | Train Loss: 1.847e-04 | Val Loss: 6.105e-04 | LR: 1.00e-04
Epoch 15/100 | Train Loss: 1.612e-04 | Val Loss: 8.182e-04 | LR: 1.00e-04
Epoch 16/100 | Train Loss: 1.449e-04 | Val Loss: 6.207e-04 | LR: 1.00e-04
Epoch 17/100 | Train Loss: 1.354e-04 | Val Loss: 7.987e-04 | LR: 1.00e-04
Epoch 18/100 | Train Loss: 1.303e-04 | Val Loss: 5.520e-04 | LR: 5.00e-05
Epoch 19/100 | Train Loss: 1.068e-04 | Val Loss: 8.375e-04 | LR: 5.00e-05
Epoch 20/100 | Train Loss: 1.023e-04 | Val Loss: 5.347e-04 | LR: 5.00e-05
Epoch 21/100 | Train Loss: 1.010e-04 | Val Loss: 6.638e-04 | LR: 5.00e-05
Epoch 22/100 | Train Loss: 9.773e-05 | Val Loss: 7.594e-04 | LR: 5.00e-05
Early stopping at epoch 22
Final model saved to /beegfs/home/users/z/zzhuqshun/Thesis/04_NNs/models/LSTM/resample-10min/seq6days_rerun/last_soh_model.pth
Best model saved to /beegfs/home/users/z/zzhuqshun/Thesis/04_NNs/models/LSTM/resample-10min/seq6days_rerun/best_soh_model.pth

Training complete. Best validation loss: 0.000312

Evaluating the model on the testing set...
RMSE: 0.0135
MAE: 0.0113
R²: 0.9741
Prediction plot saved for cell 17
Prediction scatter plot saved for cell 17
