2025-07-18 14:12:24,182 - INFO - [EXPERIMENT] Directory: model/fine-tuning_r2
2025-07-18 14:12:24,234 - INFO - [EXPERIMENT] Device: cuda
2025-07-18 14:12:24,237 - INFO - ============================================================
2025-07-18 14:12:24,240 - INFO - [INCREMENTAL] Starting Incremental Learning
2025-07-18 14:12:24,242 - INFO - ============================================================
2025-07-18 14:12:24,247 - INFO - [DATA] Mode: INCREMENTAL
2025-07-18 14:12:24,249 - INFO - [DATA] Resample rate: 10min
2025-07-18 14:13:47,558 - INFO -   (Split) Details:
    base_train: 92079 samples, ids=['03', '05', '07', '27']
    base_val: 28612 samples, ids=['01']
    update1_train: 65674 samples, ids=['21', '23', '25']
    update1_val: 23120 samples, ids=['19']
    update2_train: 47891 samples, ids=['09', '11', '15', '29']
    update2_val: 6445 samples, ids=['13']
2025-07-18 14:13:54,221 - INFO -   (Split) Test splits: test_full(22872), test_base(11139), test_update1(6312), test_update2(5421)
2025-07-18 14:13:54,223 - INFO - [DATA] Fitting scaler: RobustScaler
2025-07-18 14:13:54,235 - INFO -   (Scaler) Scaler centers: [ 3.31975183  0.         27.55116667]
2025-07-18 14:13:54,247 - INFO -   (Scaler) Scaler scales: [0.20016217 1.86108033 1.05333333]
2025-07-18 14:13:54,249 - INFO -   (Scaler) Features scaled: ['Voltage[V]', 'Current[A]', 'Temperature[°C]']
2025-07-18 14:13:54,277 - INFO - [DATA] Preparation complete. Keys: ['base_train', 'base_val', 'update1_train', 'update1_val', 'update2_train', 'update2_val', 'test_full', 'test_base', 'test_update1', 'test_update2']
2025-07-18 14:13:54,492 - INFO -   (MODEL) SOHLSTM: in=3, hidden=128, layers=2, drop=0.30
2025-07-18 14:13:55,289 - INFO -   (FWT) Computing random-init baselines …
2025-07-18 14:13:58,571 - INFO -     (BASELINE) test_base  R²=-1496.9004
2025-07-18 14:14:00,133 - INFO -     (BASELINE) test_update1  R²=-1176.8900
2025-07-18 14:14:01,448 - INFO -     (BASELINE) test_update2  R²=-1848.5702
2025-07-18 14:14:01,456 - INFO -   (FWT) Baseline computation complete, memory cleaned
2025-07-18 14:14:01,457 - INFO - 
============================================================
[TASK] task0  phase=base  id=0
------------------------------------------------------------
2025-07-18 14:14:01,460 - INFO -     (TRAIN) Starting training for task0 ...
2025-07-18 14:15:46,585 - INFO - [TRAIN] Epoch 0: Train Loss: 3.8145e-02, Val Loss: 4.0041e-04, Task: 3.8145e-02, KD: 0.0000e+00, EWC: 0.0000e+00
2025-07-18 14:17:05,875 - INFO - [TRAIN] Epoch 1: Train Loss: 7.2891e-03, Val Loss: 1.0834e-03, Task: 7.2891e-03, KD: 0.0000e+00, EWC: 0.0000e+00
2025-07-18 14:18:25,020 - INFO - [TRAIN] Epoch 2: Train Loss: 5.3204e-03, Val Loss: 4.5473e-04, Task: 5.3204e-03, KD: 0.0000e+00, EWC: 0.0000e+00
2025-07-18 14:19:44,360 - INFO - [TRAIN] Epoch 3: Train Loss: 4.3193e-03, Val Loss: 5.6402e-04, Task: 4.3193e-03, KD: 0.0000e+00, EWC: 0.0000e+00
2025-07-18 14:21:03,432 - INFO - [TRAIN] Epoch 4: Train Loss: 3.4230e-03, Val Loss: 3.9754e-04, Task: 3.4230e-03, KD: 0.0000e+00, EWC: 0.0000e+00
2025-07-18 14:22:22,880 - INFO - [TRAIN] Epoch 5: Train Loss: 2.6605e-03, Val Loss: 4.5130e-04, Task: 2.6605e-03, KD: 0.0000e+00, EWC: 0.0000e+00
2025-07-18 14:23:41,685 - INFO - [TRAIN] Epoch 6: Train Loss: 2.0695e-03, Val Loss: 4.5030e-04, Task: 2.0695e-03, KD: 0.0000e+00, EWC: 0.0000e+00
2025-07-18 14:25:00,224 - INFO - [TRAIN] Epoch 7: Train Loss: 1.5643e-03, Val Loss: 4.1618e-04, Task: 1.5643e-03, KD: 0.0000e+00, EWC: 0.0000e+00
2025-07-18 14:26:19,001 - INFO - [TRAIN] Epoch 8: Train Loss: 1.1575e-03, Val Loss: 4.0367e-04, Task: 1.1575e-03, KD: 0.0000e+00, EWC: 0.0000e+00
2025-07-18 14:27:38,790 - INFO - [TRAIN] Epoch 9: Train Loss: 8.7478e-04, Val Loss: 4.0117e-04, Task: 8.7478e-04, KD: 0.0000e+00, EWC: 0.0000e+00
2025-07-18 14:28:57,415 - INFO - [TRAIN] Epoch 10: Train Loss: 6.8578e-04, Val Loss: 4.1284e-04, Task: 6.8578e-04, KD: 0.0000e+00, EWC: 0.0000e+00
2025-07-18 14:30:16,109 - INFO - [TRAIN] Epoch 11: Train Loss: 5.8993e-04, Val Loss: 4.3487e-04, Task: 5.8993e-04, KD: 0.0000e+00, EWC: 0.0000e+00
2025-07-18 14:31:34,799 - INFO - [TRAIN] Epoch 12: Train Loss: 5.4668e-04, Val Loss: 4.2581e-04, Task: 5.4668e-04, KD: 0.0000e+00, EWC: 0.0000e+00
2025-07-18 14:32:53,436 - INFO - [TRAIN] Epoch 13: Train Loss: 5.1355e-04, Val Loss: 4.0563e-04, Task: 5.1355e-04, KD: 0.0000e+00, EWC: 0.0000e+00
2025-07-18 14:34:12,280 - INFO - [TRAIN] Epoch 14: Train Loss: 4.8121e-04, Val Loss: 4.1708e-04, Task: 4.8121e-04, KD: 0.0000e+00, EWC: 0.0000e+00
2025-07-18 14:35:31,286 - INFO - [TRAIN] Epoch 15: Train Loss: 4.2113e-04, Val Loss: 4.0566e-04, Task: 4.2113e-04, KD: 0.0000e+00, EWC: 0.0000e+00
2025-07-18 14:36:49,488 - INFO - [TRAIN] Epoch 16: Train Loss: 3.2383e-04, Val Loss: 4.6959e-04, Task: 3.2383e-04, KD: 0.0000e+00, EWC: 0.0000e+00
2025-07-18 14:38:08,141 - INFO - [TRAIN] Epoch 17: Train Loss: 2.8486e-04, Val Loss: 4.6915e-04, Task: 2.8486e-04, KD: 0.0000e+00, EWC: 0.0000e+00
2025-07-18 14:39:26,651 - INFO - [TRAIN] Epoch 18: Train Loss: 2.7386e-04, Val Loss: 4.4003e-04, Task: 2.7386e-04, KD: 0.0000e+00, EWC: 0.0000e+00
2025-07-18 14:40:45,175 - INFO - [TRAIN] Epoch 19: Train Loss: 2.3474e-04, Val Loss: 6.1695e-04, Task: 2.3474e-04, KD: 0.0000e+00, EWC: 0.0000e+00
2025-07-18 14:42:03,562 - INFO - [TRAIN] Epoch 20: Train Loss: 2.1777e-04, Val Loss: 6.4099e-04, Task: 2.1777e-04, KD: 0.0000e+00, EWC: 0.0000e+00
2025-07-18 14:43:22,231 - INFO - [TRAIN] Epoch 21: Train Loss: 2.0367e-04, Val Loss: 5.0972e-04, Task: 2.0367e-04, KD: 0.0000e+00, EWC: 0.0000e+00
2025-07-18 14:44:40,572 - INFO - [TRAIN] Epoch 22: Train Loss: 2.1634e-04, Val Loss: 7.0142e-04, Task: 2.1634e-04, KD: 0.0000e+00, EWC: 0.0000e+00
2025-07-18 14:45:58,931 - INFO - [TRAIN] Epoch 23: Train Loss: 1.8185e-04, Val Loss: 6.2249e-04, Task: 1.8185e-04, KD: 0.0000e+00, EWC: 0.0000e+00
2025-07-18 14:47:17,086 - INFO - [TRAIN] Epoch 24: Train Loss: 1.7514e-04, Val Loss: 5.8864e-04, Task: 1.7514e-04, KD: 0.0000e+00, EWC: 0.0000e+00
2025-07-18 14:47:17,088 - INFO - [TRAIN] Early stopping at epoch 24
2025-07-18 14:47:20,446 - INFO -     (EWC) Consolidate with λ = 0.0000
2025-07-18 14:48:27,314 - INFO -     (EVAL) Current Task (task0): R²=-3.3388, MAE=0.0454
2025-07-18 14:48:33,858 - INFO -     (EVAL) Test Full: R²=-0.1949, MAE=0.0730
2025-07-18 14:48:42,145 - INFO - 
============================================================
[TASK] task1  phase=update1  id=1
------------------------------------------------------------
2025-07-18 14:48:42,148 - INFO -     (TRAIN) Starting training for task1 ...
2025-07-18 14:49:42,737 - INFO - [TRAIN] Epoch 0: Train Loss: 4.3770e-03, Val Loss: 1.7742e-03, Task: 4.3770e-03, KD: 0.0000e+00, EWC: 0.0000e+00
2025-07-18 14:50:43,362 - INFO - [TRAIN] Epoch 1: Train Loss: 3.6134e-03, Val Loss: 2.2300e-03, Task: 3.6134e-03, KD: 0.0000e+00, EWC: 0.0000e+00
2025-07-18 14:51:49,856 - INFO - [TRAIN] Epoch 2: Train Loss: 3.0807e-03, Val Loss: 2.1982e-03, Task: 3.0807e-03, KD: 0.0000e+00, EWC: 0.0000e+00
2025-07-18 14:52:50,757 - INFO - [TRAIN] Epoch 3: Train Loss: 3.1558e-03, Val Loss: 1.4159e-03, Task: 3.1558e-03, KD: 0.0000e+00, EWC: 0.0000e+00
2025-07-18 14:53:51,489 - INFO - [TRAIN] Epoch 4: Train Loss: 2.1691e-03, Val Loss: 1.1999e-03, Task: 2.1691e-03, KD: 0.0000e+00, EWC: 0.0000e+00
2025-07-18 14:54:52,327 - INFO - [TRAIN] Epoch 5: Train Loss: 1.4884e-03, Val Loss: 1.1576e-03, Task: 1.4884e-03, KD: 0.0000e+00, EWC: 0.0000e+00
2025-07-18 14:55:53,004 - INFO - [TRAIN] Epoch 6: Train Loss: 1.1549e-03, Val Loss: 1.6103e-03, Task: 1.1549e-03, KD: 0.0000e+00, EWC: 0.0000e+00
2025-07-18 14:56:53,658 - INFO - [TRAIN] Epoch 7: Train Loss: 1.0429e-03, Val Loss: 1.4148e-03, Task: 1.0429e-03, KD: 0.0000e+00, EWC: 0.0000e+00
2025-07-18 14:57:54,450 - INFO - [TRAIN] Epoch 8: Train Loss: 8.4070e-04, Val Loss: 1.6800e-03, Task: 8.4070e-04, KD: 0.0000e+00, EWC: 0.0000e+00
2025-07-18 14:58:55,170 - INFO - [TRAIN] Epoch 9: Train Loss: 7.0765e-04, Val Loss: 1.9565e-03, Task: 7.0765e-04, KD: 0.0000e+00, EWC: 0.0000e+00
2025-07-18 14:59:55,766 - INFO - [TRAIN] Epoch 10: Train Loss: 5.7594e-04, Val Loss: 2.0997e-03, Task: 5.7594e-04, KD: 0.0000e+00, EWC: 0.0000e+00
2025-07-18 15:00:56,323 - INFO - [TRAIN] Epoch 11: Train Loss: 5.2279e-04, Val Loss: 1.0333e-03, Task: 5.2279e-04, KD: 0.0000e+00, EWC: 0.0000e+00
2025-07-18 15:01:56,952 - INFO - [TRAIN] Epoch 12: Train Loss: 4.5621e-04, Val Loss: 3.2920e-03, Task: 4.5621e-04, KD: 0.0000e+00, EWC: 0.0000e+00
2025-07-18 15:02:57,604 - INFO - [TRAIN] Epoch 13: Train Loss: 4.0607e-04, Val Loss: 2.6354e-03, Task: 4.0607e-04, KD: 0.0000e+00, EWC: 0.0000e+00
2025-07-18 15:03:58,171 - INFO - [TRAIN] Epoch 14: Train Loss: 3.6395e-04, Val Loss: 3.6510e-03, Task: 3.6395e-04, KD: 0.0000e+00, EWC: 0.0000e+00
2025-07-18 15:04:58,789 - INFO - [TRAIN] Epoch 15: Train Loss: 3.5550e-04, Val Loss: 2.2200e-03, Task: 3.5550e-04, KD: 0.0000e+00, EWC: 0.0000e+00
2025-07-18 15:06:05,314 - INFO - [TRAIN] Epoch 16: Train Loss: 3.2559e-04, Val Loss: 4.2369e-03, Task: 3.2559e-04, KD: 0.0000e+00, EWC: 0.0000e+00
2025-07-18 15:07:08,659 - INFO - [TRAIN] Epoch 17: Train Loss: 3.1662e-04, Val Loss: 3.5706e-03, Task: 3.1662e-04, KD: 0.0000e+00, EWC: 0.0000e+00
2025-07-18 15:08:09,547 - INFO - [TRAIN] Epoch 18: Train Loss: 2.4521e-04, Val Loss: 4.1491e-03, Task: 2.4521e-04, KD: 0.0000e+00, EWC: 0.0000e+00
2025-07-18 15:09:10,415 - INFO - [TRAIN] Epoch 19: Train Loss: 2.4199e-04, Val Loss: 3.8984e-03, Task: 2.4199e-04, KD: 0.0000e+00, EWC: 0.0000e+00
2025-07-18 15:10:11,002 - INFO - [TRAIN] Epoch 20: Train Loss: 2.3314e-04, Val Loss: 3.4294e-03, Task: 2.3314e-04, KD: 0.0000e+00, EWC: 0.0000e+00
2025-07-18 15:11:12,561 - INFO - [TRAIN] Epoch 21: Train Loss: 2.4170e-04, Val Loss: 5.1722e-03, Task: 2.4170e-04, KD: 0.0000e+00, EWC: 0.0000e+00
2025-07-18 15:12:13,677 - INFO - [TRAIN] Epoch 22: Train Loss: 2.0317e-04, Val Loss: 5.5820e-03, Task: 2.0317e-04, KD: 0.0000e+00, EWC: 0.0000e+00
2025-07-18 15:13:15,775 - INFO - [TRAIN] Epoch 23: Train Loss: 2.0222e-04, Val Loss: 5.9089e-03, Task: 2.0222e-04, KD: 0.0000e+00, EWC: 0.0000e+00
2025-07-18 15:14:16,488 - INFO - [TRAIN] Epoch 24: Train Loss: 1.7655e-04, Val Loss: 5.7297e-03, Task: 1.7655e-04, KD: 0.0000e+00, EWC: 0.0000e+00
2025-07-18 15:15:17,443 - INFO - [TRAIN] Epoch 25: Train Loss: 1.6979e-04, Val Loss: 5.7867e-03, Task: 1.6979e-04, KD: 0.0000e+00, EWC: 0.0000e+00
2025-07-18 15:16:18,423 - INFO - [TRAIN] Epoch 26: Train Loss: 1.6232e-04, Val Loss: 5.4031e-03, Task: 1.6232e-04, KD: 0.0000e+00, EWC: 0.0000e+00
2025-07-18 15:17:19,826 - INFO - [TRAIN] Epoch 27: Train Loss: 1.5939e-04, Val Loss: 5.4129e-03, Task: 1.5939e-04, KD: 0.0000e+00, EWC: 0.0000e+00
2025-07-18 15:18:21,942 - INFO - [TRAIN] Epoch 28: Train Loss: 1.5504e-04, Val Loss: 5.0344e-03, Task: 1.5504e-04, KD: 0.0000e+00, EWC: 0.0000e+00
2025-07-18 15:19:24,396 - INFO - [TRAIN] Epoch 29: Train Loss: 1.5518e-04, Val Loss: 4.7606e-03, Task: 1.5518e-04, KD: 0.0000e+00, EWC: 0.0000e+00
2025-07-18 15:20:25,372 - INFO - [TRAIN] Epoch 30: Train Loss: 1.3960e-04, Val Loss: 5.1743e-03, Task: 1.3960e-04, KD: 0.0000e+00, EWC: 0.0000e+00
2025-07-18 15:21:29,135 - INFO - [TRAIN] Epoch 31: Train Loss: 1.3694e-04, Val Loss: 5.1471e-03, Task: 1.3694e-04, KD: 0.0000e+00, EWC: 0.0000e+00
2025-07-18 15:21:29,159 - INFO - [TRAIN] Early stopping at epoch 31
2025-07-18 15:21:31,300 - INFO -     (EWC) Consolidate with λ = 0.0000
2025-07-18 15:22:18,095 - INFO -     (EVAL) Current Task (task1): R²=-1.5825, MAE=0.0368
2025-07-18 15:22:24,452 - INFO -     (EVAL) Test Full: R²=0.6323, MAE=0.0391
2025-07-18 15:22:34,428 - INFO - 
============================================================
[TASK] task2  phase=update2  id=2
------------------------------------------------------------
2025-07-18 15:22:34,431 - INFO -     (TRAIN) Starting training for task2 ...
2025-07-18 15:23:18,224 - INFO - [TRAIN] Epoch 0: Train Loss: 1.8143e-03, Val Loss: 1.9773e-03, Task: 1.8143e-03, KD: 0.0000e+00, EWC: 0.0000e+00
2025-07-18 15:24:02,023 - INFO - [TRAIN] Epoch 1: Train Loss: 1.0840e-03, Val Loss: 1.0455e-03, Task: 1.0840e-03, KD: 0.0000e+00, EWC: 0.0000e+00
2025-07-18 15:24:45,836 - INFO - [TRAIN] Epoch 2: Train Loss: 9.9266e-04, Val Loss: 1.4990e-03, Task: 9.9266e-04, KD: 0.0000e+00, EWC: 0.0000e+00
2025-07-18 15:25:29,559 - INFO - [TRAIN] Epoch 3: Train Loss: 9.0538e-04, Val Loss: 1.2924e-03, Task: 9.0538e-04, KD: 0.0000e+00, EWC: 0.0000e+00
2025-07-18 15:26:13,578 - INFO - [TRAIN] Epoch 4: Train Loss: 8.6095e-04, Val Loss: 1.1795e-03, Task: 8.6095e-04, KD: 0.0000e+00, EWC: 0.0000e+00
2025-07-18 15:26:57,646 - INFO - [TRAIN] Epoch 5: Train Loss: 7.6586e-04, Val Loss: 1.1578e-03, Task: 7.6586e-04, KD: 0.0000e+00, EWC: 0.0000e+00
2025-07-18 15:27:45,588 - INFO - [TRAIN] Epoch 6: Train Loss: 7.4704e-04, Val Loss: 7.9889e-04, Task: 7.4704e-04, KD: 0.0000e+00, EWC: 0.0000e+00
2025-07-18 15:28:54,506 - INFO - [TRAIN] Epoch 7: Train Loss: 7.7787e-04, Val Loss: 9.2542e-04, Task: 7.7787e-04, KD: 0.0000e+00, EWC: 0.0000e+00
2025-07-18 15:31:36,668 - INFO - [TRAIN] Epoch 8: Train Loss: 7.1710e-04, Val Loss: 1.3644e-03, Task: 7.1710e-04, KD: 0.0000e+00, EWC: 0.0000e+00
2025-07-18 15:33:17,450 - INFO - [TRAIN] Epoch 9: Train Loss: 6.6480e-04, Val Loss: 7.0583e-04, Task: 6.6480e-04, KD: 0.0000e+00, EWC: 0.0000e+00
2025-07-18 15:35:20,611 - INFO - [TRAIN] Epoch 10: Train Loss: 6.7601e-04, Val Loss: 1.1564e-03, Task: 6.7601e-04, KD: 0.0000e+00, EWC: 0.0000e+00
2025-07-18 15:36:58,734 - INFO - [TRAIN] Epoch 11: Train Loss: 6.2271e-04, Val Loss: 9.4828e-04, Task: 6.2271e-04, KD: 0.0000e+00, EWC: 0.0000e+00
2025-07-18 15:38:07,346 - INFO - [TRAIN] Epoch 12: Train Loss: 5.8318e-04, Val Loss: 8.1847e-04, Task: 5.8318e-04, KD: 0.0000e+00, EWC: 0.0000e+00
2025-07-18 15:38:52,978 - INFO - [TRAIN] Epoch 13: Train Loss: 5.7602e-04, Val Loss: 8.1206e-04, Task: 5.7602e-04, KD: 0.0000e+00, EWC: 0.0000e+00
2025-07-18 15:39:39,677 - INFO - [TRAIN] Epoch 14: Train Loss: 5.3465e-04, Val Loss: 9.3473e-04, Task: 5.3465e-04, KD: 0.0000e+00, EWC: 0.0000e+00
2025-07-18 15:40:24,858 - INFO - [TRAIN] Epoch 15: Train Loss: 5.0368e-04, Val Loss: 8.3813e-04, Task: 5.0368e-04, KD: 0.0000e+00, EWC: 0.0000e+00
2025-07-18 15:41:12,735 - INFO - [TRAIN] Epoch 16: Train Loss: 4.2499e-04, Val Loss: 8.1881e-04, Task: 4.2499e-04, KD: 0.0000e+00, EWC: 0.0000e+00
2025-07-18 15:42:21,040 - INFO - [TRAIN] Epoch 17: Train Loss: 4.1356e-04, Val Loss: 6.9249e-04, Task: 4.1356e-04, KD: 0.0000e+00, EWC: 0.0000e+00
2025-07-18 15:43:51,561 - INFO - [TRAIN] Epoch 18: Train Loss: 3.9283e-04, Val Loss: 9.0987e-04, Task: 3.9283e-04, KD: 0.0000e+00, EWC: 0.0000e+00
2025-07-18 15:44:50,744 - INFO - [TRAIN] Epoch 19: Train Loss: 3.8362e-04, Val Loss: 9.8885e-04, Task: 3.8362e-04, KD: 0.0000e+00, EWC: 0.0000e+00
2025-07-18 15:45:50,069 - INFO - [TRAIN] Epoch 20: Train Loss: 3.8334e-04, Val Loss: 8.1643e-04, Task: 3.8334e-04, KD: 0.0000e+00, EWC: 0.0000e+00
2025-07-18 15:46:56,010 - INFO - [TRAIN] Epoch 21: Train Loss: 3.6603e-04, Val Loss: 8.8115e-04, Task: 3.6603e-04, KD: 0.0000e+00, EWC: 0.0000e+00
2025-07-18 15:48:24,637 - INFO - [TRAIN] Epoch 22: Train Loss: 3.5982e-04, Val Loss: 1.7575e-03, Task: 3.5982e-04, KD: 0.0000e+00, EWC: 0.0000e+00
2025-07-18 15:49:51,173 - INFO - [TRAIN] Epoch 23: Train Loss: 3.7281e-04, Val Loss: 1.0644e-03, Task: 3.7281e-04, KD: 0.0000e+00, EWC: 0.0000e+00
2025-07-18 15:51:03,679 - INFO - [TRAIN] Epoch 24: Train Loss: 3.1630e-04, Val Loss: 9.4803e-04, Task: 3.1630e-04, KD: 0.0000e+00, EWC: 0.0000e+00
2025-07-18 15:52:42,744 - INFO - [TRAIN] Epoch 25: Train Loss: 3.0750e-04, Val Loss: 1.0386e-03, Task: 3.0750e-04, KD: 0.0000e+00, EWC: 0.0000e+00
2025-07-18 15:53:59,336 - INFO - [TRAIN] Epoch 26: Train Loss: 3.0320e-04, Val Loss: 1.1565e-03, Task: 3.0320e-04, KD: 0.0000e+00, EWC: 0.0000e+00
2025-07-18 15:55:13,696 - INFO - [TRAIN] Epoch 27: Train Loss: 2.8946e-04, Val Loss: 1.0665e-03, Task: 2.8946e-04, KD: 0.0000e+00, EWC: 0.0000e+00
2025-07-18 15:56:16,095 - INFO - [TRAIN] Epoch 28: Train Loss: 2.8600e-04, Val Loss: 1.2658e-03, Task: 2.8600e-04, KD: 0.0000e+00, EWC: 0.0000e+00
2025-07-18 15:58:20,564 - INFO - [TRAIN] Epoch 29: Train Loss: 2.8857e-04, Val Loss: 1.1866e-03, Task: 2.8857e-04, KD: 0.0000e+00, EWC: 0.0000e+00
2025-07-18 15:59:56,307 - INFO - [TRAIN] Epoch 30: Train Loss: 2.6165e-04, Val Loss: 1.2332e-03, Task: 2.6165e-04, KD: 0.0000e+00, EWC: 0.0000e+00
2025-07-18 16:01:31,562 - INFO - [TRAIN] Epoch 31: Train Loss: 2.5553e-04, Val Loss: 1.2883e-03, Task: 2.5553e-04, KD: 0.0000e+00, EWC: 0.0000e+00
2025-07-18 16:03:19,983 - INFO - [TRAIN] Epoch 32: Train Loss: 2.5758e-04, Val Loss: 1.1673e-03, Task: 2.5758e-04, KD: 0.0000e+00, EWC: 0.0000e+00
2025-07-18 16:04:51,898 - INFO - [TRAIN] Epoch 33: Train Loss: 2.5279e-04, Val Loss: 1.1954e-03, Task: 2.5279e-04, KD: 0.0000e+00, EWC: 0.0000e+00
2025-07-18 16:06:00,740 - INFO - [TRAIN] Epoch 34: Train Loss: 2.5323e-04, Val Loss: 1.1479e-03, Task: 2.5323e-04, KD: 0.0000e+00, EWC: 0.0000e+00
2025-07-18 16:06:44,567 - INFO - [TRAIN] Epoch 35: Train Loss: 2.4834e-04, Val Loss: 1.1335e-03, Task: 2.4834e-04, KD: 0.0000e+00, EWC: 0.0000e+00
2025-07-18 16:07:28,750 - INFO - [TRAIN] Epoch 36: Train Loss: 2.3401e-04, Val Loss: 1.1249e-03, Task: 2.3401e-04, KD: 0.0000e+00, EWC: 0.0000e+00
2025-07-18 16:08:12,974 - INFO - [TRAIN] Epoch 37: Train Loss: 2.3673e-04, Val Loss: 1.0730e-03, Task: 2.3673e-04, KD: 0.0000e+00, EWC: 0.0000e+00
2025-07-18 16:08:12,977 - INFO - [TRAIN] Early stopping at epoch 37
2025-07-18 16:08:15,265 - INFO -     (EWC) Consolidate with λ = 0.0000
2025-07-18 16:08:49,511 - INFO -     (EVAL) Current Task (task2): R²=-20.0573, MAE=0.0800
2025-07-18 16:08:55,863 - INFO -     (EVAL) Test Full: R²=0.4392, MAE=0.0582
2025-07-18 16:09:07,203 - INFO - 
============================================================
2025-07-18 16:09:07,206 - INFO - [FINAL METRICS] Computing ACC, BWT, FWT according to GEM definitions
2025-07-18 16:09:07,208 - INFO - ============================================================
2025-07-18 16:09:13,553 - INFO - 
------------------------------------------------------------
2025-07-18 16:09:13,556 - INFO - [FINAL RESULTS]
2025-07-18 16:09:13,559 - INFO -   ACC (Average Accuracy):     -9.1001
2025-07-18 16:09:13,562 - INFO -   BWT (Backward Transfer):    -1.1609
2025-07-18 16:09:13,564 - INFO -   FWT (Forward Transfer):     0.0000
2025-07-18 16:09:13,568 - INFO -   Test Full R²:               0.4392
2025-07-18 16:09:13,571 - INFO -   Test Full MAE:              0.0582
2025-07-18 16:09:13,573 - INFO -   Test Full RMSE:             0.0630
2025-07-18 16:09:13,576 - INFO - ------------------------------------------------------------
2025-07-18 16:09:16,550 - INFO - [INCREMENTAL] Final metrics saved → model/fine-tuning_r2/incremental/final_metrics.json
2025-07-18 16:09:16,553 - INFO - ============================================================
2025-07-18 16:09:16,557 - INFO - [EXPERIMENT] Completed!
