2025-07-14 12:35:27,449 - INFO - [EXPERIMENT] Directory: model/tryouts/4inputs/trial3
2025-07-14 12:35:27,461 - INFO - [EXPERIMENT] Device: cuda
2025-07-14 12:35:27,473 - INFO - ============================================================
2025-07-14 12:35:27,489 - INFO - [JOINT] Starting Joint Training
2025-07-14 12:35:27,500 - INFO - ============================================================
2025-07-14 12:35:27,521 - INFO - [DATA] Mode: JOINT
2025-07-14 12:35:27,534 - INFO - [DATA] Resample rate: 10min
2025-07-14 12:35:27,549 - INFO -   (Split) Train IDs: ['03', '05', '07', '09', '11', '15', '21', '23', '25', '27', '29']
2025-07-14 12:35:27,565 - INFO -   (Split) Val IDs: ['01', '19', '13']
2025-07-14 12:36:54,875 - INFO -   (Split) joint_train: 205644 samples
2025-07-14 12:37:17,365 - INFO -   (Split) joint_val: 58177 samples
2025-07-14 12:37:25,575 - INFO -   (Split) joint_test_full: 22872 samples
2025-07-14 12:37:25,589 - INFO - [DATA] Fitting scaler: RobustScaler
2025-07-14 12:37:25,627 - INFO -   (Scaler) Features scaled: ['Voltage[V]', 'Current[A]', 'Temperature[°C]', 'EFC']
2025-07-14 12:37:25,664 - INFO - [DATA] Preparation complete. Keys: ['joint_train', 'joint_val', 'test_full']
2025-07-14 12:37:25,680 - INFO - [DATA] Grouping datasets by cell_id: True
2025-07-14 12:37:31,822 - INFO - [DATA] Created dataset with 198186 samples
2025-07-14 12:37:33,363 - INFO - [DATA] Created dataset with 56143 samples
2025-07-14 12:37:33,882 - INFO - [DATA] Created dataset with 22194 samples
2025-07-14 12:37:33,898 - INFO -   (DATA) Dataloaders created for: ['joint_train', 'joint_val', 'test_full']
2025-07-14 12:37:34,256 - INFO -   (MODEL) SOHLSTM initialized: input_size=4, hidden=32, layers=2, dropout=0.00
2025-07-14 12:37:36,819 - INFO -   (TRAIN) Start training on joint dataset ...
2025-07-14 12:44:25,344 - INFO - [TRAIN] Epoch 0: Train Loss: 1.5912e-02, Val Loss: 1.9018e-03, Task: 1.5912e-02, KD: 0.0000e+00, EWC: 0.0000e+00, LR: 1.000000e-04
2025-07-14 12:46:41,249 - INFO - [TRAIN] Epoch 1: Train Loss: 6.6621e-04, Val Loss: 1.9556e-03, Task: 6.6621e-04, KD: 0.0000e+00, EWC: 0.0000e+00, LR: 1.000000e-04
2025-07-14 12:48:55,228 - INFO - [TRAIN] Epoch 2: Train Loss: 4.8295e-04, Val Loss: 1.6443e-03, Task: 4.8295e-04, KD: 0.0000e+00, EWC: 0.0000e+00, LR: 1.000000e-04
2025-07-14 12:51:01,751 - INFO - [TRAIN] Epoch 3: Train Loss: 4.0733e-04, Val Loss: 2.4541e-03, Task: 4.0733e-04, KD: 0.0000e+00, EWC: 0.0000e+00, LR: 1.000000e-04
2025-07-14 12:53:11,654 - INFO - [TRAIN] Epoch 4: Train Loss: 3.6519e-04, Val Loss: 1.3486e-03, Task: 3.6519e-04, KD: 0.0000e+00, EWC: 0.0000e+00, LR: 1.000000e-04
2025-07-14 12:55:21,112 - INFO - [TRAIN] Epoch 5: Train Loss: 3.2798e-04, Val Loss: 1.6188e-03, Task: 3.2798e-04, KD: 0.0000e+00, EWC: 0.0000e+00, LR: 1.000000e-04
2025-07-14 12:57:26,550 - INFO - [TRAIN] Epoch 6: Train Loss: 2.6549e-04, Val Loss: 1.5757e-03, Task: 2.6549e-04, KD: 0.0000e+00, EWC: 0.0000e+00, LR: 1.000000e-04
2025-07-14 12:59:22,793 - INFO - [TRAIN] Epoch 7: Train Loss: 2.3031e-04, Val Loss: 2.7103e-03, Task: 2.3031e-04, KD: 0.0000e+00, EWC: 0.0000e+00, LR: 1.000000e-04
2025-07-14 13:01:15,224 - INFO - [TRAIN] Epoch 8: Train Loss: 1.9750e-04, Val Loss: 1.5117e-03, Task: 1.9750e-04, KD: 0.0000e+00, EWC: 0.0000e+00, LR: 1.000000e-04
2025-07-14 13:03:05,690 - INFO - [TRAIN] Epoch 9: Train Loss: 1.9761e-04, Val Loss: 1.5608e-03, Task: 1.9761e-04, KD: 0.0000e+00, EWC: 0.0000e+00, LR: 1.000000e-04
2025-07-14 13:05:01,057 - INFO - [TRAIN] Epoch 10: Train Loss: 1.6180e-04, Val Loss: 1.4959e-03, Task: 1.6180e-04, KD: 0.0000e+00, EWC: 0.0000e+00, LR: 5.000000e-05
2025-07-14 13:07:00,850 - INFO - [TRAIN] Epoch 11: Train Loss: 1.2571e-04, Val Loss: 1.3328e-03, Task: 1.2571e-04, KD: 0.0000e+00, EWC: 0.0000e+00, LR: 5.000000e-05
2025-07-14 13:09:00,170 - INFO - [TRAIN] Epoch 12: Train Loss: 1.1008e-04, Val Loss: 3.3183e-03, Task: 1.1008e-04, KD: 0.0000e+00, EWC: 0.0000e+00, LR: 5.000000e-05
2025-07-14 13:11:01,476 - INFO - [TRAIN] Epoch 13: Train Loss: 1.0869e-04, Val Loss: 1.4593e-03, Task: 1.0869e-04, KD: 0.0000e+00, EWC: 0.0000e+00, LR: 5.000000e-05
2025-07-14 13:13:02,326 - INFO - [TRAIN] Epoch 14: Train Loss: 9.6771e-05, Val Loss: 1.6575e-03, Task: 9.6771e-05, KD: 0.0000e+00, EWC: 0.0000e+00, LR: 5.000000e-05
2025-07-14 13:15:05,419 - INFO - [TRAIN] Epoch 15: Train Loss: 1.0397e-04, Val Loss: 1.4116e-03, Task: 1.0397e-04, KD: 0.0000e+00, EWC: 0.0000e+00, LR: 5.000000e-05
2025-07-14 13:17:08,591 - INFO - [TRAIN] Epoch 16: Train Loss: 8.7906e-05, Val Loss: 1.3975e-03, Task: 8.7906e-05, KD: 0.0000e+00, EWC: 0.0000e+00, LR: 5.000000e-05
2025-07-14 13:19:11,161 - INFO - [TRAIN] Epoch 17: Train Loss: 9.6146e-05, Val Loss: 1.5224e-03, Task: 9.6146e-05, KD: 0.0000e+00, EWC: 0.0000e+00, LR: 2.500000e-05
2025-07-14 13:21:12,998 - INFO - [TRAIN] Epoch 18: Train Loss: 7.5090e-05, Val Loss: 1.3589e-03, Task: 7.5090e-05, KD: 0.0000e+00, EWC: 0.0000e+00, LR: 2.500000e-05
2025-07-14 13:23:14,295 - INFO - [TRAIN] Epoch 19: Train Loss: 7.7536e-05, Val Loss: 1.4723e-03, Task: 7.7536e-05, KD: 0.0000e+00, EWC: 0.0000e+00, LR: 2.500000e-05
2025-07-14 13:25:18,824 - INFO - [TRAIN] Epoch 20: Train Loss: 7.0115e-05, Val Loss: 1.3701e-03, Task: 7.0115e-05, KD: 0.0000e+00, EWC: 0.0000e+00, LR: 2.500000e-05
2025-07-14 13:27:21,989 - INFO - [TRAIN] Epoch 21: Train Loss: 7.2112e-05, Val Loss: 1.1996e-03, Task: 7.2112e-05, KD: 0.0000e+00, EWC: 0.0000e+00, LR: 2.500000e-05
2025-07-14 13:29:25,936 - INFO - [TRAIN] Epoch 22: Train Loss: 7.1374e-05, Val Loss: 1.5213e-03, Task: 7.1374e-05, KD: 0.0000e+00, EWC: 0.0000e+00, LR: 2.500000e-05
2025-07-14 13:31:28,137 - INFO - [TRAIN] Epoch 23: Train Loss: 7.0231e-05, Val Loss: 1.3490e-03, Task: 7.0231e-05, KD: 0.0000e+00, EWC: 0.0000e+00, LR: 2.500000e-05
2025-07-14 13:33:30,274 - INFO - [TRAIN] Epoch 24: Train Loss: 7.0707e-05, Val Loss: 1.2028e-03, Task: 7.0707e-05, KD: 0.0000e+00, EWC: 0.0000e+00, LR: 2.500000e-05
2025-07-14 13:35:28,370 - INFO - [TRAIN] Epoch 25: Train Loss: 6.9085e-05, Val Loss: 1.9220e-03, Task: 6.9085e-05, KD: 0.0000e+00, EWC: 0.0000e+00, LR: 2.500000e-05
2025-07-14 13:37:25,870 - INFO - [TRAIN] Epoch 26: Train Loss: 6.5424e-05, Val Loss: 1.2270e-03, Task: 6.5424e-05, KD: 0.0000e+00, EWC: 0.0000e+00, LR: 2.500000e-05
2025-07-14 13:39:23,934 - INFO - [TRAIN] Epoch 27: Train Loss: 6.4004e-05, Val Loss: 1.2256e-03, Task: 6.4004e-05, KD: 0.0000e+00, EWC: 0.0000e+00, LR: 1.250000e-05
2025-07-14 13:41:18,094 - INFO - [TRAIN] Epoch 28: Train Loss: 5.7618e-05, Val Loss: 1.1314e-03, Task: 5.7618e-05, KD: 0.0000e+00, EWC: 0.0000e+00, LR: 1.250000e-05
2025-07-14 13:43:15,527 - INFO - [TRAIN] Epoch 29: Train Loss: 5.6163e-05, Val Loss: 1.1384e-03, Task: 5.6163e-05, KD: 0.0000e+00, EWC: 0.0000e+00, LR: 1.250000e-05
2025-07-14 13:45:14,265 - INFO - [TRAIN] Epoch 30: Train Loss: 5.5457e-05, Val Loss: 1.2126e-03, Task: 5.5457e-05, KD: 0.0000e+00, EWC: 0.0000e+00, LR: 1.250000e-05
2025-07-14 13:47:11,354 - INFO - [TRAIN] Epoch 31: Train Loss: 5.4803e-05, Val Loss: 1.3229e-03, Task: 5.4803e-05, KD: 0.0000e+00, EWC: 0.0000e+00, LR: 1.250000e-05
2025-07-14 13:49:10,023 - INFO - [TRAIN] Epoch 32: Train Loss: 5.3888e-05, Val Loss: 1.1608e-03, Task: 5.3888e-05, KD: 0.0000e+00, EWC: 0.0000e+00, LR: 1.250000e-05
2025-07-14 13:51:05,414 - INFO - [TRAIN] Epoch 33: Train Loss: 5.5563e-05, Val Loss: 1.2536e-03, Task: 5.5563e-05, KD: 0.0000e+00, EWC: 0.0000e+00, LR: 1.250000e-05
2025-07-14 13:53:04,741 - INFO - [TRAIN] Epoch 34: Train Loss: 5.3174e-05, Val Loss: 1.2513e-03, Task: 5.3174e-05, KD: 0.0000e+00, EWC: 0.0000e+00, LR: 6.250000e-06
2025-07-14 13:55:07,390 - INFO - [TRAIN] Epoch 35: Train Loss: 4.9877e-05, Val Loss: 1.1150e-03, Task: 4.9877e-05, KD: 0.0000e+00, EWC: 0.0000e+00, LR: 6.250000e-06
2025-07-14 13:57:09,435 - INFO - [TRAIN] Epoch 36: Train Loss: 4.9555e-05, Val Loss: 1.2313e-03, Task: 4.9555e-05, KD: 0.0000e+00, EWC: 0.0000e+00, LR: 6.250000e-06
2025-07-14 13:59:11,692 - INFO - [TRAIN] Epoch 37: Train Loss: 4.9086e-05, Val Loss: 1.2699e-03, Task: 4.9086e-05, KD: 0.0000e+00, EWC: 0.0000e+00, LR: 6.250000e-06
2025-07-14 14:01:12,457 - INFO - [TRAIN] Epoch 38: Train Loss: 4.8361e-05, Val Loss: 1.2317e-03, Task: 4.8361e-05, KD: 0.0000e+00, EWC: 0.0000e+00, LR: 6.250000e-06
2025-07-14 14:03:15,029 - INFO - [TRAIN] Epoch 39: Train Loss: 4.7971e-05, Val Loss: 1.2367e-03, Task: 4.7971e-05, KD: 0.0000e+00, EWC: 0.0000e+00, LR: 6.250000e-06
2025-07-14 14:05:16,543 - INFO - [TRAIN] Epoch 40: Train Loss: 4.7633e-05, Val Loss: 1.1330e-03, Task: 4.7633e-05, KD: 0.0000e+00, EWC: 0.0000e+00, LR: 6.250000e-06
2025-07-14 14:07:18,346 - INFO - [TRAIN] Epoch 41: Train Loss: 4.7430e-05, Val Loss: 1.2798e-03, Task: 4.7430e-05, KD: 0.0000e+00, EWC: 0.0000e+00, LR: 3.125000e-06
2025-07-14 14:09:20,223 - INFO - [TRAIN] Epoch 42: Train Loss: 4.5707e-05, Val Loss: 1.1976e-03, Task: 4.5707e-05, KD: 0.0000e+00, EWC: 0.0000e+00, LR: 3.125000e-06
2025-07-14 14:11:22,150 - INFO - [TRAIN] Epoch 43: Train Loss: 4.5456e-05, Val Loss: 1.2603e-03, Task: 4.5456e-05, KD: 0.0000e+00, EWC: 0.0000e+00, LR: 3.125000e-06
2025-07-14 14:13:24,342 - INFO - [TRAIN] Epoch 44: Train Loss: 4.5115e-05, Val Loss: 1.2087e-03, Task: 4.5115e-05, KD: 0.0000e+00, EWC: 0.0000e+00, LR: 3.125000e-06
2025-07-14 14:15:27,180 - INFO - [TRAIN] Epoch 45: Train Loss: 4.5177e-05, Val Loss: 1.2750e-03, Task: 4.5177e-05, KD: 0.0000e+00, EWC: 0.0000e+00, LR: 3.125000e-06
2025-07-14 14:17:29,923 - INFO - [TRAIN] Epoch 46: Train Loss: 4.4763e-05, Val Loss: 1.1826e-03, Task: 4.4763e-05, KD: 0.0000e+00, EWC: 0.0000e+00, LR: 3.125000e-06
2025-07-14 14:19:32,923 - INFO - [TRAIN] Epoch 47: Train Loss: 4.4410e-05, Val Loss: 1.2838e-03, Task: 4.4410e-05, KD: 0.0000e+00, EWC: 0.0000e+00, LR: 1.562500e-06
2025-07-14 14:21:35,472 - INFO - [TRAIN] Epoch 48: Train Loss: 4.3534e-05, Val Loss: 1.2491e-03, Task: 4.3534e-05, KD: 0.0000e+00, EWC: 0.0000e+00, LR: 1.562500e-06
2025-07-14 14:23:38,415 - INFO - [TRAIN] Epoch 49: Train Loss: 4.3441e-05, Val Loss: 1.1882e-03, Task: 4.3441e-05, KD: 0.0000e+00, EWC: 0.0000e+00, LR: 1.562500e-06
2025-07-14 14:25:41,391 - INFO - [TRAIN] Epoch 50: Train Loss: 4.3267e-05, Val Loss: 1.1266e-03, Task: 4.3267e-05, KD: 0.0000e+00, EWC: 0.0000e+00, LR: 1.562500e-06
2025-07-14 14:27:44,147 - INFO - [TRAIN] Epoch 51: Train Loss: 4.3169e-05, Val Loss: 1.1929e-03, Task: 4.3169e-05, KD: 0.0000e+00, EWC: 0.0000e+00, LR: 1.562500e-06
2025-07-14 14:29:37,979 - INFO - [TRAIN] Epoch 52: Train Loss: 4.2826e-05, Val Loss: 1.1734e-03, Task: 4.2826e-05, KD: 0.0000e+00, EWC: 0.0000e+00, LR: 1.562500e-06
2025-07-14 14:31:08,382 - INFO - [TRAIN] Epoch 53: Train Loss: 4.2686e-05, Val Loss: 1.1534e-03, Task: 4.2686e-05, KD: 0.0000e+00, EWC: 0.0000e+00, LR: 7.812500e-07
2025-07-14 14:32:38,870 - INFO - [TRAIN] Epoch 54: Train Loss: 4.1966e-05, Val Loss: 1.1625e-03, Task: 4.1966e-05, KD: 0.0000e+00, EWC: 0.0000e+00, LR: 7.812500e-07
2025-07-14 14:34:06,852 - INFO - [TRAIN] Epoch 55: Train Loss: 4.1611e-05, Val Loss: 1.1405e-03, Task: 4.1611e-05, KD: 0.0000e+00, EWC: 0.0000e+00, LR: 7.812500e-07
2025-07-14 14:34:06,856 - INFO - [TRAIN] Early stopping at epoch 55
2025-07-14 14:34:14,116 - INFO -   (TRAIN) Finished. Loss curves saved: model/tryouts/4inputs/trial3/joint_training/training_curves.png
2025-07-14 14:34:15,833 - INFO -   (EVAL) [Test] RMSE: 3.6330e-02, MAE: 2.3657e-02, R2: 0.8139
2025-07-14 14:34:17,710 - INFO -   (EVAL) Prediction plots saved: model/tryouts/4inputs/trial3/joint_training/predictions
2025-07-14 14:34:17,788 - INFO -   (MODEL) Checkpoint saved: model/tryouts/4inputs/trial3/joint_training/model.pt
2025-07-14 14:34:17,793 - INFO - ============================================================
2025-07-14 14:34:17,798 - INFO - [JOINT] Joint training finished.
2025-07-14 14:34:17,801 - INFO - ============================================================
2025-07-14 14:34:17,802 - INFO - [EXPERIMENT] Completed!
