2025-07-27 11:38:14,017 - ==== Joint Training Phase ====
2025-07-27 11:39:46,513 - Joint training - Train IDs: ['03', '05', '07', '09', '11', '15', '21', '23', '25', '27', '29'], size: 205644
2025-07-27 11:39:46,516 - Joint training - Val IDs: ['01', '19', '13'], size: 58177
2025-07-27 11:39:46,518 - Joint training - Test ID: 17, size: 22872
2025-07-27 11:39:46,538 -   (Scaler) Scaler centers: [ 3.342422    0.17992967 27.75      ]
2025-07-27 11:39:46,561 -   (Scaler) Scaler scales: [0.18428363 1.77955483 1.81783333]
2025-07-27 11:44:31,464 - Epoch 000 | task 1.5592e-02 | kd 0.0000e+00 | ewc 0.0000e+00 | val 1.4203e-03 | lr 1.00e-04 | 187.89s
2025-07-27 11:47:36,120 - Epoch 001 | task 5.0185e-03 | kd 0.0000e+00 | ewc 0.0000e+00 | val 1.0160e-03 | lr 1.00e-04 | 184.59s
2025-07-27 11:50:43,640 - Epoch 002 | task 2.8479e-03 | kd 0.0000e+00 | ewc 0.0000e+00 | val 7.3313e-04 | lr 1.00e-04 | 187.46s
2025-07-27 11:53:49,448 - Epoch 003 | task 1.6238e-03 | kd 0.0000e+00 | ewc 0.0000e+00 | val 7.2863e-04 | lr 1.00e-04 | 185.75s
2025-07-27 11:56:57,980 - Epoch 004 | task 1.0045e-03 | kd 0.0000e+00 | ewc 0.0000e+00 | val 4.6343e-04 | lr 1.00e-04 | 188.49s
2025-07-27 12:00:06,346 - Epoch 005 | task 7.4353e-04 | kd 0.0000e+00 | ewc 0.0000e+00 | val 5.0209e-04 | lr 1.00e-04 | 188.31s
2025-07-27 12:03:17,397 - Epoch 006 | task 5.8046e-04 | kd 0.0000e+00 | ewc 0.0000e+00 | val 4.5559e-04 | lr 1.00e-04 | 191.04s
2025-07-27 12:06:28,805 - Epoch 007 | task 4.8832e-04 | kd 0.0000e+00 | ewc 0.0000e+00 | val 3.3031e-04 | lr 1.00e-04 | 191.36s
2025-07-27 12:09:39,509 - Epoch 008 | task 4.2845e-04 | kd 0.0000e+00 | ewc 0.0000e+00 | val 3.6273e-04 | lr 1.00e-04 | 190.66s
2025-07-27 12:12:50,061 - Epoch 009 | task 4.4174e-04 | kd 0.0000e+00 | ewc 0.0000e+00 | val 3.1542e-04 | lr 1.00e-04 | 190.53s
2025-07-27 12:16:00,612 - Epoch 010 | task 3.5173e-04 | kd 0.0000e+00 | ewc 0.0000e+00 | val 3.6179e-04 | lr 1.00e-04 | 190.52s
2025-07-27 12:19:12,016 - Epoch 011 | task 2.9421e-04 | kd 0.0000e+00 | ewc 0.0000e+00 | val 4.2178e-04 | lr 1.00e-04 | 191.40s
2025-07-27 12:22:23,264 - Epoch 012 | task 2.2157e-04 | kd 0.0000e+00 | ewc 0.0000e+00 | val 4.8609e-04 | lr 1.00e-04 | 191.25s
2025-07-27 12:25:34,229 - Epoch 013 | task 2.1463e-04 | kd 0.0000e+00 | ewc 0.0000e+00 | val 5.3768e-04 | lr 1.00e-04 | 190.95s
2025-07-27 12:28:51,159 - Epoch 014 | task 2.3328e-04 | kd 0.0000e+00 | ewc 0.0000e+00 | val 5.1406e-04 | lr 1.00e-04 | 196.88s
2025-07-27 12:32:01,093 - Epoch 015 | task 1.8703e-04 | kd 0.0000e+00 | ewc 0.0000e+00 | val 4.2778e-04 | lr 5.00e-05 | 189.92s
2025-07-27 12:35:10,454 - Epoch 016 | task 1.5595e-04 | kd 0.0000e+00 | ewc 0.0000e+00 | val 4.4493e-04 | lr 5.00e-05 | 189.36s
2025-07-27 12:38:22,248 - Epoch 017 | task 1.3746e-04 | kd 0.0000e+00 | ewc 0.0000e+00 | val 5.0927e-04 | lr 5.00e-05 | 191.77s
2025-07-27 12:41:30,685 - Epoch 018 | task 1.3396e-04 | kd 0.0000e+00 | ewc 0.0000e+00 | val 3.7709e-04 | lr 5.00e-05 | 188.43s
2025-07-27 12:46:00,605 - Epoch 019 | task 1.2968e-04 | kd 0.0000e+00 | ewc 0.0000e+00 | val 5.3432e-04 | lr 5.00e-05 | 269.92s
2025-07-27 12:51:20,334 - Epoch 020 | task 1.2718e-04 | kd 0.0000e+00 | ewc 0.0000e+00 | val 6.3230e-04 | lr 5.00e-05 | 319.71s
2025-07-27 12:56:37,856 - Epoch 021 | task 1.2578e-04 | kd 0.0000e+00 | ewc 0.0000e+00 | val 4.8517e-04 | lr 2.50e-05 | 317.49s
2025-07-27 13:00:55,238 - Epoch 022 | task 1.1158e-04 | kd 0.0000e+00 | ewc 0.0000e+00 | val 5.6961e-04 | lr 2.50e-05 | 257.26s
2025-07-27 13:05:07,532 - Epoch 023 | task 1.1259e-04 | kd 0.0000e+00 | ewc 0.0000e+00 | val 6.6939e-04 | lr 2.50e-05 | 252.25s
2025-07-27 13:09:44,976 - Epoch 024 | task 1.0925e-04 | kd 0.0000e+00 | ewc 0.0000e+00 | val 6.7996e-04 | lr 2.50e-05 | 277.42s
2025-07-27 13:13:30,166 - Epoch 025 | task 1.1387e-04 | kd 0.0000e+00 | ewc 0.0000e+00 | val 5.8960e-04 | lr 2.50e-05 | 225.15s
2025-07-27 13:17:19,450 - Epoch 026 | task 1.0710e-04 | kd 0.0000e+00 | ewc 0.0000e+00 | val 6.6344e-04 | lr 2.50e-05 | 229.28s
2025-07-27 13:21:51,008 - Epoch 027 | task 1.0708e-04 | kd 0.0000e+00 | ewc 0.0000e+00 | val 6.8620e-04 | lr 1.25e-05 | 271.55s
2025-07-27 13:26:48,234 - Epoch 028 | task 1.0031e-04 | kd 0.0000e+00 | ewc 0.0000e+00 | val 6.1555e-04 | lr 1.25e-05 | 297.21s
2025-07-27 13:30:23,514 - Epoch 029 | task 9.9864e-05 | kd 0.0000e+00 | ewc 0.0000e+00 | val 6.0031e-04 | lr 1.25e-05 | 215.27s
2025-07-27 13:30:23,518 - Early stopping at epoch 30
2025-07-27 13:30:35,985 - RMSE: 1.3414e-02, MAE: 1.0169e-02, R²: 0.9746
2025-07-27 13:30:50,673 - ==== Joint Training Completed ====
