2025-08-17 12:30:39,995 - INFO - ==== Incremental Training (SI + KD via IncTrainer) ====
2025-08-17 12:30:40,001 - INFO - Number of tasks: 3
2025-08-17 12:32:08,262 - INFO - Incremental training - Task 0 Train IDs: ['03', '27', '05', '21', '11'], size: 107395
2025-08-17 12:32:08,279 - INFO - Incremental training - Task 0 Val IDs: ['01'], size: 20028
2025-08-17 12:32:08,287 - INFO - Incremental training - Test Task 0 size: 8584
2025-08-17 12:32:08,291 - INFO - Incremental training - Task 1 Train IDs: ['09', '29', '25'], size: 41175
2025-08-17 12:32:08,294 - INFO - Incremental training - Task 1 Val IDs: ['19'], size: 16183
2025-08-17 12:32:08,297 - INFO - Incremental training - Test Task 1 size: 6937
2025-08-17 12:32:08,302 - INFO - Incremental training - Task 2 Train IDs: ['15', '07', '23'], size: 57074
2025-08-17 12:32:08,306 - INFO - Incremental training - Task 2 Val IDs: ['13'], size: 4511
2025-08-17 12:32:08,309 - INFO - Incremental training - Test Task 2 size: 1934
2025-08-17 12:32:08,330 - INFO -   (Scaler) Scaler centers: [ 3.3374245   0.101279   27.50083333]
2025-08-17 12:32:08,335 - INFO -   (Scaler) Scaler scales: [0.18253608 1.77971742 1.05683333]
2025-08-17 12:32:08,801 - INFO - ========== Model Structure ==========
2025-08-17 12:32:08,802 - INFO - 
SOHLSTM(
  (lstm): LSTM(3, 128, num_layers=2, batch_first=True, dropout=0.3)
  (fc): Sequential(
    (0): Linear(in_features=128, out_features=64, bias=True)
    (1): LeakyReLU(negative_slope=0.01)
    (2): Dropout(p=0.3, inplace=False)
    (3): Linear(in_features=64, out_features=1, bias=True)
  )
)
2025-08-17 12:32:08,804 - INFO - =====================================
2025-08-17 12:32:08,806 - INFO - ====== Model Parameters Details ======
2025-08-17 12:32:08,807 - INFO - lstm.weight_ih_l0                                  | trainable |     1536 params
2025-08-17 12:32:08,808 - INFO - lstm.weight_hh_l0                                  | trainable |    65536 params
2025-08-17 12:32:08,809 - INFO - lstm.bias_ih_l0                                    | trainable |      512 params
2025-08-17 12:32:08,810 - INFO - lstm.bias_hh_l0                                    | trainable |      512 params
2025-08-17 12:32:08,811 - INFO - lstm.weight_ih_l1                                  | trainable |    65536 params
2025-08-17 12:32:08,812 - INFO - lstm.weight_hh_l1                                  | trainable |    65536 params
2025-08-17 12:32:08,815 - INFO - lstm.bias_ih_l1                                    | trainable |      512 params
2025-08-17 12:32:08,818 - INFO - lstm.bias_hh_l1                                    | trainable |      512 params
2025-08-17 12:32:08,821 - INFO - fc.0.weight                                        | trainable |     8192 params
2025-08-17 12:32:08,822 - INFO - fc.0.bias                                          | trainable |       64 params
2025-08-17 12:32:08,825 - INFO - fc.3.weight                                        | trainable |       64 params
2025-08-17 12:32:08,827 - INFO - fc.3.bias                                          | trainable |        1 params
2025-08-17 12:32:08,828 - INFO - --------------------------------------------------------------------------------
2025-08-17 12:32:08,829 - INFO - Total params:                                          208513 params (only trainable)
2025-08-17 12:32:08,830 - INFO - =====================================
2025-08-17 12:35:07,251 - INFO - [Task 0][Epoch 0] train=3.4183e-02 val=1.8106e-03 | KL=0.000 s=0.000 | Lambda: KD=0.0000e+00 SI=0.0000e+00 | Ratio: KD=0.00% SI=0.00% | lr=1.00e-04 time=95.83s
2025-08-17 12:36:42,864 - INFO - [Task 0][Epoch 1] train=7.4524e-03 val=9.6827e-04 | KL=0.000 s=0.000 | Lambda: KD=0.0000e+00 SI=0.0000e+00 | Ratio: KD=0.00% SI=0.00% | lr=1.00e-04 time=95.56s
2025-08-17 12:38:17,692 - INFO - [Task 0][Epoch 2] train=5.6415e-03 val=1.1449e-03 | KL=0.000 s=0.000 | Lambda: KD=0.0000e+00 SI=0.0000e+00 | Ratio: KD=0.00% SI=0.00% | lr=1.00e-04 time=94.81s
2025-08-17 12:39:52,705 - INFO - [Task 0][Epoch 3] train=4.6389e-03 val=5.0094e-04 | KL=0.000 s=0.000 | Lambda: KD=0.0000e+00 SI=0.0000e+00 | Ratio: KD=0.00% SI=0.00% | lr=1.00e-04 time=94.99s
2025-08-17 12:41:27,563 - INFO - [Task 0][Epoch 4] train=3.7085e-03 val=1.0208e-03 | KL=0.000 s=0.000 | Lambda: KD=0.0000e+00 SI=0.0000e+00 | Ratio: KD=0.00% SI=0.00% | lr=1.00e-04 time=94.83s
2025-08-17 12:43:02,522 - INFO - [Task 0][Epoch 5] train=2.8454e-03 val=3.8385e-04 | KL=0.000 s=0.000 | Lambda: KD=0.0000e+00 SI=0.0000e+00 | Ratio: KD=0.00% SI=0.00% | lr=1.00e-04 time=94.95s
2025-08-17 12:44:37,421 - INFO - [Task 0][Epoch 6] train=1.9421e-03 val=3.4660e-04 | KL=0.000 s=0.000 | Lambda: KD=0.0000e+00 SI=0.0000e+00 | Ratio: KD=0.00% SI=0.00% | lr=1.00e-04 time=94.88s
2025-08-17 12:46:12,319 - INFO - [Task 0][Epoch 7] train=1.3745e-03 val=2.3536e-04 | KL=0.000 s=0.000 | Lambda: KD=0.0000e+00 SI=0.0000e+00 | Ratio: KD=0.00% SI=0.00% | lr=1.00e-04 time=94.88s
2025-08-17 12:47:47,339 - INFO - [Task 0][Epoch 8] train=1.1364e-03 val=2.8731e-04 | KL=0.000 s=0.000 | Lambda: KD=0.0000e+00 SI=0.0000e+00 | Ratio: KD=0.00% SI=0.00% | lr=1.00e-04 time=94.98s
2025-08-17 12:49:22,366 - INFO - [Task 0][Epoch 9] train=8.5875e-04 val=9.2570e-04 | KL=0.000 s=0.000 | Lambda: KD=0.0000e+00 SI=0.0000e+00 | Ratio: KD=0.00% SI=0.00% | lr=1.00e-04 time=95.02s
2025-08-17 12:50:57,618 - INFO - [Task 0][Epoch 10] train=6.4584e-04 val=9.1032e-04 | KL=0.000 s=0.000 | Lambda: KD=0.0000e+00 SI=0.0000e+00 | Ratio: KD=0.00% SI=0.00% | lr=1.00e-04 time=95.25s
2025-08-17 12:52:33,007 - INFO - [Task 0][Epoch 11] train=5.3215e-04 val=1.2565e-03 | KL=0.000 s=0.000 | Lambda: KD=0.0000e+00 SI=0.0000e+00 | Ratio: KD=0.00% SI=0.00% | lr=1.00e-04 time=95.39s
2025-08-17 12:54:08,606 - INFO - [Task 0][Epoch 12] train=4.7213e-04 val=8.5282e-03 | KL=0.000 s=0.000 | Lambda: KD=0.0000e+00 SI=0.0000e+00 | Ratio: KD=0.00% SI=0.00% | lr=1.00e-04 time=95.52s
2025-08-17 12:55:43,619 - INFO - [Task 0][Epoch 13] train=4.5206e-04 val=2.6870e-03 | KL=0.000 s=0.000 | Lambda: KD=0.0000e+00 SI=0.0000e+00 | Ratio: KD=0.00% SI=0.00% | lr=5.00e-05 time=95.01s
2025-08-17 12:57:17,076 - INFO - [Task 0][Epoch 14] train=3.1625e-04 val=1.1495e-02 | KL=0.000 s=0.000 | Lambda: KD=0.0000e+00 SI=0.0000e+00 | Ratio: KD=0.00% SI=0.00% | lr=5.00e-05 time=93.46s
2025-08-17 12:58:51,214 - INFO - [Task 0][Epoch 15] train=2.0442e-04 val=1.1450e-02 | KL=0.000 s=0.000 | Lambda: KD=0.0000e+00 SI=0.0000e+00 | Ratio: KD=0.00% SI=0.00% | lr=5.00e-05 time=94.14s
2025-08-17 13:00:25,152 - INFO - [Task 0][Epoch 16] train=2.8454e-04 val=5.0561e-03 | KL=0.000 s=0.000 | Lambda: KD=0.0000e+00 SI=0.0000e+00 | Ratio: KD=0.00% SI=0.00% | lr=5.00e-05 time=93.93s
2025-08-17 13:01:59,781 - INFO - [Task 0][Epoch 17] train=4.2232e-04 val=7.1749e-03 | KL=0.000 s=0.000 | Lambda: KD=0.0000e+00 SI=0.0000e+00 | Ratio: KD=0.00% SI=0.00% | lr=5.00e-05 time=94.61s
2025-08-17 13:03:42,770 - INFO - [Task 0][Epoch 18] train=2.4178e-04 val=7.7412e-03 | KL=0.000 s=0.000 | Lambda: KD=0.0000e+00 SI=0.0000e+00 | Ratio: KD=0.00% SI=0.00% | lr=5.00e-05 time=102.99s
2025-08-17 13:06:34,193 - INFO - [Task 0][Epoch 19] train=1.7374e-04 val=8.2510e-03 | KL=0.000 s=0.000 | Lambda: KD=0.0000e+00 SI=0.0000e+00 | Ratio: KD=0.00% SI=0.00% | lr=2.50e-05 time=171.40s
2025-08-17 13:09:28,844 - INFO - [Task 0][Epoch 20] train=1.1908e-04 val=7.0348e-03 | KL=0.000 s=0.000 | Lambda: KD=0.0000e+00 SI=0.0000e+00 | Ratio: KD=0.00% SI=0.00% | lr=2.50e-05 time=174.62s
2025-08-17 13:12:14,852 - INFO - [Task 0][Epoch 21] train=1.0881e-04 val=4.9684e-03 | KL=0.000 s=0.000 | Lambda: KD=0.0000e+00 SI=0.0000e+00 | Ratio: KD=0.00% SI=0.00% | lr=2.50e-05 time=165.99s
2025-08-17 13:14:54,851 - INFO - [Task 0][Epoch 22] train=9.9826e-05 val=5.4105e-03 | KL=0.000 s=0.000 | Lambda: KD=0.0000e+00 SI=0.0000e+00 | Ratio: KD=0.00% SI=0.00% | lr=2.50e-05 time=159.98s
2025-08-17 13:17:06,348 - INFO - [Task 0][Epoch 23] train=9.6723e-05 val=4.8673e-03 | KL=0.000 s=0.000 | Lambda: KD=0.0000e+00 SI=0.0000e+00 | Ratio: KD=0.00% SI=0.00% | lr=2.50e-05 time=131.48s
2025-08-17 13:19:54,935 - INFO - [Task 0][Epoch 24] train=9.0518e-05 val=4.2275e-03 | KL=0.000 s=0.000 | Lambda: KD=0.0000e+00 SI=0.0000e+00 | Ratio: KD=0.00% SI=0.00% | lr=2.50e-05 time=168.55s
2025-08-17 13:22:45,456 - INFO - [Task 0][Epoch 25] train=8.6469e-05 val=8.7125e-03 | KL=0.000 s=0.000 | Lambda: KD=0.0000e+00 SI=0.0000e+00 | Ratio: KD=0.00% SI=0.00% | lr=1.25e-05 time=170.50s
2025-08-17 13:25:22,067 - INFO - [Task 0][Epoch 26] train=8.0020e-05 val=4.1118e-03 | KL=0.000 s=0.000 | Lambda: KD=0.0000e+00 SI=0.0000e+00 | Ratio: KD=0.00% SI=0.00% | lr=1.25e-05 time=156.57s
2025-08-17 13:27:14,048 - INFO - [Task 0][Epoch 27] train=7.8008e-05 val=4.4624e-03 | KL=0.000 s=0.000 | Lambda: KD=0.0000e+00 SI=0.0000e+00 | Ratio: KD=0.00% SI=0.00% | lr=1.25e-05 time=111.97s
2025-08-17 13:27:14,068 - INFO - [Task 0] Early stopping at epoch 27
2025-08-17 13:28:58,853 - INFO - [Task 1][Epoch 0] train=2.0958e-03 val=8.7926e-04 | KL=1.963 s=0.758 | Lambda: KD=0.0000e+00 SI=0.0000e+00 | Ratio: KD=0.00% SI=0.00% | lr=1.00e-04 time=67.93s
2025-08-17 13:30:07,023 - INFO - [Task 1][Epoch 1] train=1.6352e-03 val=8.4865e-04 | KL=1.961 s=0.759 | Lambda: KD=2.3023e-04 SI=2.2782e-04 | Ratio: KD=0.25% SI=0.00% | lr=1.00e-04 time=68.12s
2025-08-17 13:31:15,242 - INFO - [Task 1][Epoch 2] train=1.6599e-03 val=1.3090e-03 | KL=1.963 s=0.758 | Lambda: KD=4.6133e-04 SI=4.5536e-04 | Ratio: KD=0.48% SI=0.03% | lr=1.00e-04 time=68.18s
2025-08-17 13:32:25,338 - INFO - [Task 1][Epoch 3] train=1.4411e-03 val=7.6402e-04 | KL=1.962 s=0.759 | Lambda: KD=6.9074e-04 SI=6.8344e-04 | Ratio: KD=0.83% SI=0.09% | lr=1.00e-04 time=70.09s
2025-08-17 13:33:41,560 - INFO - [Task 1][Epoch 4] train=1.1502e-03 val=8.1183e-04 | KL=1.963 s=0.757 | Lambda: KD=9.2583e-04 SI=9.0973e-04 | Ratio: KD=1.41% SI=0.21% | lr=1.00e-04 time=76.16s
2025-08-17 13:34:59,958 - INFO - [Task 1][Epoch 5] train=8.7541e-04 val=6.0874e-04 | KL=1.967 s=0.755 | Lambda: KD=1.1673e-03 SI=1.1340e-03 | Ratio: KD=2.34% SI=0.41% | lr=1.00e-04 time=78.36s
2025-08-17 13:36:16,027 - INFO - [Task 1][Epoch 6] train=8.2748e-04 val=6.1893e-04 | KL=1.958 s=0.762 | Lambda: KD=1.3599e-03 SI=1.3737e-03 | Ratio: KD=3.01% SI=0.66% | lr=1.00e-04 time=75.99s
2025-08-17 13:37:25,803 - INFO - [Task 1][Epoch 7] train=6.7633e-04 val=3.7200e-04 | KL=1.961 s=0.760 | Lambda: KD=1.6035e-03 SI=1.5973e-03 | Ratio: KD=4.25% SI=1.08% | lr=1.00e-04 time=69.77s
2025-08-17 13:38:32,929 - INFO - [Task 1][Epoch 8] train=5.9235e-04 val=2.1734e-04 | KL=1.964 s=0.757 | Lambda: KD=1.8520e-03 SI=1.8194e-03 | Ratio: KD=5.56% SI=1.59% | lr=1.00e-04 time=67.08s
2025-08-17 13:39:39,667 - INFO - [Task 1][Epoch 9] train=5.4778e-04 val=5.7514e-04 | KL=1.961 s=0.760 | Lambda: KD=2.0646e-03 SI=2.0527e-03 | Ratio: KD=6.76% SI=2.15% | lr=1.00e-04 time=66.70s
2025-08-17 13:40:48,405 - INFO - [Task 1][Epoch 10] train=5.1105e-04 val=9.3529e-04 | KL=1.963 s=0.759 | Lambda: KD=2.3035e-03 SI=2.2778e-03 | Ratio: KD=8.06% SI=2.77% | lr=1.00e-04 time=68.73s
2025-08-17 13:41:58,861 - INFO - [Task 1][Epoch 11] train=4.8096e-04 val=6.3491e-04 | KL=1.964 s=0.758 | Lambda: KD=2.3051e-03 SI=2.2773e-03 | Ratio: KD=8.50% SI=3.17% | lr=1.00e-04 time=70.45s
2025-08-17 13:42:56,816 - INFO - [Task 1][Epoch 12] train=4.5161e-04 val=1.2230e-04 | KL=1.964 s=0.756 | Lambda: KD=2.3246e-03 SI=2.2712e-03 | Ratio: KD=9.03% SI=3.60% | lr=1.00e-04 time=57.95s
2025-08-17 13:44:01,466 - INFO - [Task 1][Epoch 13] train=4.4988e-04 val=2.2081e-04 | KL=1.961 s=0.760 | Lambda: KD=2.2940e-03 SI=2.2808e-03 | Ratio: KD=9.10% SI=3.87% | lr=1.00e-04 time=64.64s
2025-08-17 13:45:08,155 - INFO - [Task 1][Epoch 14] train=4.3446e-04 val=2.9213e-04 | KL=1.961 s=0.760 | Lambda: KD=2.2874e-03 SI=2.2829e-03 | Ratio: KD=9.46% SI=4.23% | lr=1.00e-04 time=66.68s
2025-08-17 13:46:14,310 - INFO - [Task 1][Epoch 15] train=4.1975e-04 val=9.3460e-04 | KL=1.961 s=0.760 | Lambda: KD=2.2910e-03 SI=2.2817e-03 | Ratio: KD=9.77% SI=4.59% | lr=1.00e-04 time=66.15s
2025-08-17 13:47:41,008 - INFO - [Task 1][Epoch 16] train=4.0936e-04 val=6.5088e-05 | KL=1.963 s=0.758 | Lambda: KD=2.3054e-03 SI=2.2772e-03 | Ratio: KD=10.03% SI=4.90% | lr=1.00e-04 time=86.24s
2025-08-17 13:49:03,523 - INFO - [Task 1][Epoch 17] train=3.9814e-04 val=2.4495e-04 | KL=1.965 s=0.757 | Lambda: KD=2.3182e-03 SI=2.2732e-03 | Ratio: KD=10.33% SI=5.23% | lr=1.00e-04 time=82.44s
2025-08-17 13:50:32,955 - INFO - [Task 1][Epoch 18] train=3.8722e-04 val=3.2953e-04 | KL=1.964 s=0.757 | Lambda: KD=2.3166e-03 SI=2.2737e-03 | Ratio: KD=10.62% SI=5.59% | lr=1.00e-04 time=89.42s
2025-08-17 13:52:00,027 - INFO - [Task 1][Epoch 19] train=3.8173e-04 val=4.0060e-04 | KL=1.963 s=0.759 | Lambda: KD=2.2969e-03 SI=2.2799e-03 | Ratio: KD=10.73% SI=5.90% | lr=1.00e-04 time=87.06s
2025-08-17 13:53:26,567 - INFO - [Task 1][Epoch 20] train=3.6760e-04 val=5.8617e-04 | KL=1.962 s=0.758 | Lambda: KD=2.3106e-03 SI=2.2756e-03 | Ratio: KD=11.07% SI=6.29% | lr=1.00e-04 time=86.53s
2025-08-17 13:54:51,737 - INFO - [Task 1][Epoch 21] train=3.6483e-04 val=2.7697e-04 | KL=1.962 s=0.760 | Lambda: KD=2.2940e-03 SI=2.2808e-03 | Ratio: KD=11.35% SI=6.57% | lr=1.00e-04 time=85.16s
2025-08-17 13:56:19,308 - INFO - [Task 1][Epoch 22] train=3.6195e-04 val=6.1341e-04 | KL=1.963 s=0.758 | Lambda: KD=2.3091e-03 SI=2.2761e-03 | Ratio: KD=11.34% SI=6.81% | lr=5.00e-05 time=87.54s
2025-08-17 13:57:47,998 - INFO - [Task 1][Epoch 23] train=3.2675e-04 val=2.9371e-04 | KL=1.963 s=0.757 | Lambda: KD=2.3141e-03 SI=2.2745e-03 | Ratio: KD=12.57% SI=7.70% | lr=5.00e-05 time=88.67s
2025-08-17 13:59:15,385 - INFO - [Task 1][Epoch 24] train=3.2804e-04 val=6.6876e-04 | KL=1.962 s=0.759 | Lambda: KD=2.2967e-03 SI=2.2800e-03 | Ratio: KD=12.53% SI=7.78% | lr=5.00e-05 time=87.38s
2025-08-17 14:00:40,826 - INFO - [Task 1][Epoch 25] train=3.2274e-04 val=8.3701e-04 | KL=1.965 s=0.758 | Lambda: KD=2.3125e-03 SI=2.2750e-03 | Ratio: KD=12.68% SI=7.99% | lr=5.00e-05 time=85.43s
2025-08-17 14:02:08,580 - INFO - [Task 1][Epoch 26] train=3.1700e-04 val=6.6624e-04 | KL=1.966 s=0.755 | Lambda: KD=2.3336e-03 SI=2.2683e-03 | Ratio: KD=13.02% SI=8.21% | lr=5.00e-05 time=87.75s
2025-08-17 14:03:37,549 - INFO - [Task 1][Epoch 27] train=3.1108e-04 val=4.7330e-04 | KL=1.962 s=0.759 | Lambda: KD=2.2985e-03 SI=2.2794e-03 | Ratio: KD=13.26% SI=8.49% | lr=5.00e-05 time=88.95s
2025-08-17 14:05:06,556 - INFO - [Task 1][Epoch 28] train=3.0767e-04 val=3.5361e-04 | KL=1.960 s=0.760 | Lambda: KD=2.2907e-03 SI=2.2818e-03 | Ratio: KD=13.50% SI=8.68% | lr=2.50e-05 time=89.00s
2025-08-17 14:06:35,828 - INFO - [Task 1][Epoch 29] train=2.9071e-04 val=6.2962e-04 | KL=1.963 s=0.758 | Lambda: KD=2.3111e-03 SI=2.2754e-03 | Ratio: KD=14.20% SI=9.23% | lr=2.50e-05 time=89.26s
2025-08-17 14:08:05,983 - INFO - [Task 1][Epoch 30] train=2.8683e-04 val=3.5974e-04 | KL=1.961 s=0.760 | Lambda: KD=2.2910e-03 SI=2.2817e-03 | Ratio: KD=14.29% SI=9.42% | lr=2.50e-05 time=90.14s
2025-08-17 14:09:36,462 - INFO - [Task 1][Epoch 31] train=2.8380e-04 val=3.8038e-04 | KL=1.961 s=0.760 | Lambda: KD=2.2931e-03 SI=2.2811e-03 | Ratio: KD=14.38% SI=9.56% | lr=2.50e-05 time=90.46s
2025-08-17 14:11:05,942 - INFO - [Task 1][Epoch 32] train=2.8037e-04 val=7.5761e-04 | KL=1.963 s=0.759 | Lambda: KD=2.2959e-03 SI=2.2802e-03 | Ratio: KD=14.58% SI=9.71% | lr=2.50e-05 time=89.47s
2025-08-17 14:12:35,400 - INFO - [Task 1][Epoch 33] train=2.8663e-04 val=3.4093e-04 | KL=1.964 s=0.758 | Lambda: KD=2.3094e-03 SI=2.2759e-03 | Ratio: KD=14.20% SI=9.52% | lr=2.50e-05 time=89.45s
2025-08-17 14:14:04,391 - INFO - [Task 1][Epoch 34] train=2.7868e-04 val=2.7482e-04 | KL=1.964 s=0.758 | Lambda: KD=2.3129e-03 SI=2.2749e-03 | Ratio: KD=14.65% SI=9.83% | lr=1.25e-05 time=88.96s
2025-08-17 14:15:33,488 - INFO - [Task 1][Epoch 35] train=2.7125e-04 val=4.2030e-04 | KL=1.961 s=0.759 | Lambda: KD=2.3028e-03 SI=2.2780e-03 | Ratio: KD=15.08% SI=10.14% | lr=1.25e-05 time=88.67s
2025-08-17 14:17:04,596 - INFO - [Task 1][Epoch 36] train=2.6484e-04 val=5.8217e-04 | KL=1.967 s=0.755 | Lambda: KD=2.3337e-03 SI=2.2683e-03 | Ratio: KD=15.34% SI=10.36% | lr=1.25e-05 time=91.09s
2025-08-17 14:17:04,623 - INFO - [Task 1] Early stopping at epoch 36
2025-08-17 14:19:23,679 - INFO - [Task 2][Epoch 0] train=3.7662e-04 val=1.4655e-03 | KL=0.402 s=0.428 | Lambda: KD=0.0000e+00 SI=0.0000e+00 | Ratio: KD=0.00% SI=0.00% | lr=1.00e-04 time=123.81s
2025-08-17 14:21:28,198 - INFO - [Task 2][Epoch 1] train=3.0850e-04 val=1.4168e-03 | KL=0.401 s=0.428 | Lambda: KD=5.4566e-04 SI=1.2857e-04 | Ratio: KD=0.13% SI=0.02% | lr=1.00e-04 time=124.44s
2025-08-17 14:23:32,729 - INFO - [Task 2][Epoch 2] train=2.4818e-04 val=2.1208e-03 | KL=0.398 s=0.427 | Lambda: KD=1.0931e-03 SI=2.5658e-04 | Ratio: KD=0.32% SI=0.11% | lr=1.00e-04 time=124.41s
2025-08-17 14:25:37,888 - INFO - [Task 2][Epoch 3] train=2.1918e-04 val=1.4997e-03 | KL=0.400 s=0.428 | Lambda: KD=1.6373e-03 SI=3.8561e-04 | Ratio: KD=0.53% SI=0.28% | lr=1.00e-04 time=125.12s
2025-08-17 14:27:43,897 - INFO - [Task 2][Epoch 4] train=2.0309e-04 val=1.5427e-03 | KL=0.402 s=0.428 | Lambda: KD=2.1817e-03 SI=5.1457e-04 | Ratio: KD=0.76% SI=0.58% | lr=1.00e-04 time=125.98s
2025-08-17 14:29:50,368 - INFO - [Task 2][Epoch 5] train=1.8280e-04 val=1.0389e-03 | KL=0.401 s=0.428 | Lambda: KD=2.7286e-03 SI=6.4274e-04 | Ratio: KD=1.05% SI=1.06% | lr=1.00e-04 time=126.46s
2025-08-17 14:31:57,085 - INFO - [Task 2][Epoch 6] train=1.7412e-04 val=1.0252e-03 | KL=0.404 s=0.428 | Lambda: KD=3.2724e-03 SI=7.7191e-04 | Ratio: KD=1.31% SI=1.67% | lr=1.00e-04 time=126.60s
2025-08-17 14:34:01,890 - INFO - [Task 2][Epoch 7] train=1.5466e-04 val=8.7177e-04 | KL=0.398 s=0.427 | Lambda: KD=3.8260e-03 SI=8.9798e-04 | Ratio: KD=1.69% SI=2.62% | lr=1.00e-04 time=124.67s
2025-08-17 14:36:08,629 - INFO - [Task 2][Epoch 8] train=1.5475e-04 val=8.4656e-04 | KL=0.400 s=0.428 | Lambda: KD=4.3678e-03 SI=1.0278e-03 | Ratio: KD=1.93% SI=3.48% | lr=1.00e-04 time=126.62s
2025-08-17 14:38:13,559 - INFO - [Task 2][Epoch 9] train=3.0056e-04 val=5.3524e-04 | KL=0.401 s=0.429 | Lambda: KD=4.9074e-03 SI=1.1582e-03 | Ratio: KD=1.27% SI=2.36% | lr=1.00e-04 time=124.81s
2025-08-17 14:40:13,423 - INFO - [Task 2][Epoch 10] train=1.5028e-04 val=4.1396e-04 | KL=0.401 s=0.428 | Lambda: KD=5.4556e-03 SI=1.2860e-03 | Ratio: KD=2.46% SI=5.60% | lr=1.00e-04 time=119.74s
2025-08-17 14:42:09,397 - INFO - [Task 2][Epoch 11] train=1.4592e-04 val=3.7255e-04 | KL=0.400 s=0.428 | Lambda: KD=5.4599e-03 SI=1.2847e-03 | Ratio: KD=2.52% SI=6.18% | lr=1.00e-04 time=115.85s
2025-08-17 14:44:04,726 - INFO - [Task 2][Epoch 12] train=1.4883e-04 val=1.3504e-04 | KL=0.400 s=0.428 | Lambda: KD=5.4615e-03 SI=1.2841e-03 | Ratio: KD=2.47% SI=6.56% | lr=1.00e-04 time=115.22s
2025-08-17 14:45:59,998 - INFO - [Task 2][Epoch 13] train=1.4085e-04 val=5.2023e-04 | KL=0.401 s=0.428 | Lambda: KD=5.4588e-03 SI=1.2850e-03 | Ratio: KD=2.61% SI=7.45% | lr=1.00e-04 time=115.17s
2025-08-17 14:47:33,916 - INFO - [Task 2][Epoch 14] train=1.4091e-04 val=3.0316e-04 | KL=0.400 s=0.428 | Lambda: KD=5.4567e-03 SI=1.2857e-03 | Ratio: KD=2.60% SI=7.97% | lr=1.00e-04 time=93.91s
2025-08-17 14:48:52,525 - INFO - [Task 2][Epoch 15] train=1.3329e-04 val=4.9623e-04 | KL=0.400 s=0.428 | Lambda: KD=5.4609e-03 SI=1.2843e-03 | Ratio: KD=2.74% SI=8.98% | lr=1.00e-04 time=78.58s
2025-08-17 14:50:11,005 - INFO - [Task 2][Epoch 16] train=1.3625e-04 val=1.2770e-04 | KL=0.398 s=0.427 | Lambda: KD=5.4645e-03 SI=1.2832e-03 | Ratio: KD=2.68% SI=9.33% | lr=1.00e-04 time=78.46s
2025-08-17 14:51:29,850 - INFO - [Task 2][Epoch 17] train=1.3173e-04 val=2.5206e-04 | KL=0.401 s=0.428 | Lambda: KD=5.4590e-03 SI=1.2849e-03 | Ratio: KD=2.76% SI=10.24% | lr=1.00e-04 time=78.83s
2025-08-17 14:52:48,435 - INFO - [Task 2][Epoch 18] train=1.3093e-04 val=6.0458e-04 | KL=0.401 s=0.428 | Lambda: KD=5.4578e-03 SI=1.2853e-03 | Ratio: KD=2.77% SI=10.81% | lr=1.00e-04 time=78.58s
2025-08-17 14:54:08,114 - INFO - [Task 2][Epoch 19] train=1.2450e-04 val=3.4900e-04 | KL=0.400 s=0.428 | Lambda: KD=5.4571e-03 SI=1.2855e-03 | Ratio: KD=2.92% SI=11.93% | lr=1.00e-04 time=79.68s
2025-08-17 14:55:28,463 - INFO - [Task 2][Epoch 20] train=1.3242e-04 val=2.2415e-04 | KL=0.400 s=0.428 | Lambda: KD=5.4601e-03 SI=1.2846e-03 | Ratio: KD=2.75% SI=11.72% | lr=1.00e-04 time=80.35s
2025-08-17 14:56:49,158 - INFO - [Task 2][Epoch 21] train=1.2738e-04 val=3.5790e-04 | KL=0.400 s=0.428 | Lambda: KD=5.4556e-03 SI=1.2860e-03 | Ratio: KD=2.85% SI=12.67% | lr=1.00e-04 time=80.69s
2025-08-17 14:58:09,768 - INFO - [Task 2][Epoch 22] train=1.3003e-04 val=3.3740e-04 | KL=0.401 s=0.428 | Lambda: KD=5.4602e-03 SI=1.2846e-03 | Ratio: KD=2.79% SI=12.88% | lr=5.00e-05 time=80.59s
2025-08-17 14:59:30,488 - INFO - [Task 2][Epoch 23] train=1.1272e-04 val=3.1704e-04 | KL=0.402 s=0.428 | Lambda: KD=5.4539e-03 SI=1.2866e-03 | Ratio: KD=3.19% SI=15.26% | lr=5.00e-05 time=80.72s
2025-08-17 15:00:51,224 - INFO - [Task 2][Epoch 24] train=1.0837e-04 val=4.4362e-04 | KL=0.400 s=0.428 | Lambda: KD=5.4570e-03 SI=1.2856e-03 | Ratio: KD=3.31% SI=16.09% | lr=5.00e-05 time=80.73s
2025-08-17 15:02:11,981 - INFO - [Task 2][Epoch 25] train=1.0938e-04 val=5.4226e-04 | KL=0.400 s=0.428 | Lambda: KD=5.4620e-03 SI=1.2840e-03 | Ratio: KD=3.28% SI=16.16% | lr=5.00e-05 time=80.75s
2025-08-17 15:03:32,651 - INFO - [Task 2][Epoch 26] train=1.0659e-04 val=4.2954e-04 | KL=0.401 s=0.428 | Lambda: KD=5.4593e-03 SI=1.2848e-03 | Ratio: KD=3.35% SI=16.83% | lr=5.00e-05 time=80.67s
2025-08-17 15:04:53,321 - INFO - [Task 2][Epoch 27] train=1.0929e-04 val=3.7709e-04 | KL=0.399 s=0.427 | Lambda: KD=5.4650e-03 SI=1.2831e-03 | Ratio: KD=3.27% SI=16.59% | lr=5.00e-05 time=80.67s
2025-08-17 15:06:13,987 - INFO - [Task 2][Epoch 28] train=1.0432e-04 val=5.3590e-04 | KL=0.400 s=0.428 | Lambda: KD=5.4590e-03 SI=1.2849e-03 | Ratio: KD=3.42% SI=17.62% | lr=2.50e-05 time=80.65s
2025-08-17 15:07:34,622 - INFO - [Task 2][Epoch 29] train=9.7524e-05 val=8.3570e-04 | KL=0.401 s=0.428 | Lambda: KD=5.4550e-03 SI=1.2862e-03 | Ratio: KD=3.64% SI=19.04% | lr=2.50e-05 time=80.63s
2025-08-17 15:08:55,265 - INFO - [Task 2][Epoch 30] train=9.5994e-05 val=5.6939e-04 | KL=0.400 s=0.428 | Lambda: KD=5.4591e-03 SI=1.2849e-03 | Ratio: KD=3.70% SI=19.42% | lr=2.50e-05 time=80.64s
2025-08-17 15:10:15,883 - INFO - [Task 2][Epoch 31] train=9.5699e-05 val=7.7930e-04 | KL=0.402 s=0.429 | Lambda: KD=5.4536e-03 SI=1.2866e-03 | Ratio: KD=3.72% SI=19.61% | lr=2.50e-05 time=80.61s
2025-08-17 15:11:36,618 - INFO - [Task 2][Epoch 32] train=9.5709e-05 val=6.2217e-04 | KL=0.400 s=0.428 | Lambda: KD=5.4590e-03 SI=1.2849e-03 | Ratio: KD=3.71% SI=19.69% | lr=2.50e-05 time=80.72s
2025-08-17 15:12:57,212 - INFO - [Task 2][Epoch 33] train=9.3427e-05 val=6.4178e-04 | KL=0.400 s=0.428 | Lambda: KD=5.4626e-03 SI=1.2838e-03 | Ratio: KD=3.79% SI=20.25% | lr=2.50e-05 time=80.59s
2025-08-17 15:14:18,436 - INFO - [Task 2][Epoch 34] train=9.6722e-05 val=6.1794e-04 | KL=0.402 s=0.428 | Lambda: KD=5.4550e-03 SI=1.2862e-03 | Ratio: KD=3.68% SI=19.70% | lr=1.25e-05 time=81.22s
2025-08-17 15:15:40,012 - INFO - [Task 2][Epoch 35] train=8.9594e-05 val=6.6460e-04 | KL=0.402 s=0.428 | Lambda: KD=5.4570e-03 SI=1.2856e-03 | Ratio: KD=3.93% SI=21.33% | lr=1.25e-05 time=81.57s
2025-08-17 15:17:01,289 - INFO - [Task 2][Epoch 36] train=8.9159e-05 val=6.9174e-04 | KL=0.400 s=0.428 | Lambda: KD=5.4606e-03 SI=1.2844e-03 | Ratio: KD=3.95% SI=21.46% | lr=1.25e-05 time=81.27s
2025-08-17 15:17:01,293 - INFO - [Task 2] Early stopping at epoch 36
2025-08-17 15:17:19,510 - INFO - ==== Incremental Training Complete ====
2025-08-17 15:17:19,512 - INFO - Evaluating final model...
2025-08-17 15:17:19,513 - INFO - ==== Starting Comprehensive Evaluation ====
2025-08-17 15:17:19,538 - INFO - Evaluating model trained after task 0...
2025-08-17 15:17:25,957 - INFO - Full test set evaluation: MAE=5.6224e-02, R2=0.1693
2025-08-17 15:17:30,765 - INFO -   Task 0 -> Test Task 0: MAE=2.7923e-02, R2=-29.2707
2025-08-17 15:17:32,554 - INFO -   Task 0 -> Test Task 1: MAE=3.5453e-02, R2=-2.1284
2025-08-17 15:17:32,909 - INFO -   Task 0 -> Test Task 2: MAE=7.2164e-01, R2=-980.0900
2025-08-17 15:17:32,910 - INFO - Evaluating model trained after task 1...
2025-08-17 15:17:39,333 - INFO - Full test set evaluation: MAE=2.0372e-02, R2=0.9217
2025-08-17 15:17:43,973 - INFO -   Task 1 -> Test Task 0: MAE=3.2385e-02, R2=-41.6666
2025-08-17 15:17:45,760 - INFO -   Task 1 -> Test Task 1: MAE=6.7570e-03, R2=0.8614
2025-08-17 15:17:46,114 - INFO -   Task 1 -> Test Task 2: MAE=5.7025e-02, R2=-3.7469
2025-08-17 15:17:46,115 - INFO - Evaluating model trained after task 2...
2025-08-17 15:17:52,571 - INFO - Full test set evaluation: MAE=2.0248e-02, R2=0.9154
2025-08-17 15:17:57,540 - INFO -   Task 2 -> Test Task 0: MAE=4.5150e-02, R2=-112.5670
2025-08-17 15:17:59,330 - INFO -   Task 2 -> Test Task 1: MAE=2.0396e-02, R2=-0.0254
2025-08-17 15:17:59,684 - INFO -   Task 2 -> Test Task 2: MAE=2.0560e-02, R2=0.2975
2025-08-17 15:17:59,686 - INFO - ==== Computing Continual Learning Metrics ====
2025-08-17 15:17:59,687 - INFO - Computing random initialization baselines...
2025-08-17 15:18:01,966 - INFO -   Baseline Task 0: R=-0.9732
2025-08-17 15:18:03,736 - INFO -   Baseline Task 1: R=-0.9253
2025-08-17 15:18:04,122 - INFO -   Baseline Task 2: R=-0.6923
2025-08-17 15:18:04,125 - INFO - ==== Continual Learning Results ====
2025-08-17 15:18:04,128 - INFO - BWT (Backward Transfer): -0.0154 (negative = forgetting)
2025-08-17 15:18:04,132 - INFO - FWT (Forward Transfer): 0.7625 (positive = beneficial transfer)
2025-08-17 15:18:04,134 - INFO - ACC (Average Accuracy): -0.0287
2025-08-17 15:18:04,137 - INFO - ==== Performance Matrix R[i][j] ====
2025-08-17 15:18:04,139 - INFO - Rows: trained after task i, Columns: evaluated on task j
2025-08-17 15:18:04,141 - INFO -        Task 0 Task 1 Task 2
2025-08-17 15:18:04,145 - INFO - Task 0: -0.0279 -0.0355 -0.7216
2025-08-17 15:18:04,148 - INFO - Task 1: -0.0324 -0.0068 -0.0570
2025-08-17 15:18:04,151 - INFO - Task 2: -0.0452 -0.0204 -0.0206
2025-08-17 15:18:04,224 - INFO - ==== Evaluation Complete ====
2025-08-17 15:18:04,226 - INFO - All results saved to: /beegfs/home/users/z/zzhuqshun/Thesis/final/tryout_optuna_init_tau0.5/metrics
