2025-05-12 15:15:02,482 - Cell Assignment Summary:
2025-05-12 15:15:02,483 - Normal cells (8): ['01', '03', '05', '07', '19', '21', '23', '27']
2025-05-12 15:15:02,484 - Fast cells (3): ['09', '11', '25']
2025-05-12 15:15:02,484 - Faster cells (3): ['13', '15', '29']
2025-05-12 15:15:02,485 - 
Training Sets:
2025-05-12 15:15:02,485 - Base training set: ['03', '01', '21', '05', '27']
2025-05-12 15:15:02,486 - Base validation set: ['23']
2025-05-12 15:15:02,487 - Update1 training set: ['23', '07', '19', '09', '11']
2025-05-12 15:15:02,487 - Update1 validation set: ['25']
2025-05-12 15:15:02,488 - Update2 training set: ['25', '13', '15']
2025-05-12 15:15:02,488 - Update2 validation set: ['29']
2025-05-12 15:16:33,935 - 
Dataset Sizes:
2025-05-12 15:16:33,935 - Base training set: 119705 samples, validation set: 24176 samples
2025-05-12 15:16:33,936 - Update1 training set: 102537 samples, validation set: 18326 samples
2025-05-12 15:16:33,937 - Update2 training set: 33511 samples, validation set: 8068 samples
2025-05-12 15:16:33,940 - 
Test Sets:
2025-05-12 15:16:33,941 - Test cell: 17
2025-05-12 15:16:33,942 - Base test set (SOH >= 0.9): 11139 samples
2025-05-12 15:16:33,943 - Update1 test set (0.8 <= SOH < 0.9): 6312 samples
2025-05-12 15:16:33,944 - Update2 test set (SOH < 0.8): 5421 samples
2025-05-12 15:16:35,418 - [Task 0:base] 开始训练
2025-05-12 15:17:06,547 - [Task 0] Starting epoch 1/100
2025-05-12 15:24:35,065 - Task 0 Epoch 1: train=1.9723e-02, val=1.7731e-03
2025-05-12 15:24:35,190 - [Task 0] Starting epoch 2/100
2025-05-12 15:32:00,318 - Task 0 Epoch 2: train=5.4072e-03, val=3.5733e-03
2025-05-12 15:32:00,385 - [Task 0] Starting epoch 3/100
2025-05-12 15:39:22,756 - Task 0 Epoch 3: train=4.3084e-03, val=2.0763e-03
2025-05-12 15:39:22,820 - [Task 0] Starting epoch 4/100
2025-05-12 15:46:47,533 - Task 0 Epoch 4: train=3.4790e-03, val=1.8928e-03
2025-05-12 15:46:47,623 - [Task 0] Starting epoch 5/100
2025-05-12 15:54:06,893 - Task 0 Epoch 5: train=2.6494e-03, val=2.2139e-03
2025-05-12 15:54:06,935 - [Task 0] Starting epoch 6/100
2025-05-12 16:01:36,301 - Task 0 Epoch 6: train=2.2826e-03, val=3.2628e-03
2025-05-12 16:01:36,451 - [Task 0] Starting epoch 7/100
2025-05-12 16:09:05,836 - Task 0 Epoch 7: train=2.9480e-03, val=2.2416e-03
2025-05-12 16:09:05,922 - [Task 0] Starting epoch 8/100
2025-05-12 16:16:25,437 - Task 0 Epoch 8: train=1.4434e-03, val=1.5140e-03
2025-05-12 16:16:25,596 - [Task 0] Starting epoch 9/100
2025-05-12 16:23:55,164 - Task 0 Epoch 9: train=1.1241e-03, val=2.2925e-03
2025-05-12 16:23:55,237 - [Task 0] Starting epoch 10/100
2025-05-12 16:31:20,475 - Task 0 Epoch 10: train=8.5644e-04, val=1.8145e-03
2025-05-12 16:31:20,532 - [Task 0] Starting epoch 11/100
2025-05-12 16:38:45,266 - Task 0 Epoch 11: train=7.2326e-04, val=2.0481e-03
2025-05-12 16:38:45,321 - [Task 0] Starting epoch 12/100
2025-05-12 16:46:10,501 - Task 0 Epoch 12: train=6.2045e-04, val=2.2759e-03
2025-05-12 16:46:10,579 - [Task 0] Starting epoch 13/100
2025-05-12 16:53:30,818 - Task 0 Epoch 13: train=5.3576e-04, val=3.4356e-03
2025-05-12 16:53:30,907 - [Task 0] Starting epoch 14/100
2025-05-12 17:00:52,267 - Task 0 Epoch 14: train=4.9545e-04, val=2.6146e-03
2025-05-12 17:00:52,317 - [Task 0] Starting epoch 15/100
2025-05-12 17:08:13,436 - Task 0 Epoch 15: train=4.1811e-04, val=6.5296e-03
2025-05-12 17:08:13,506 - [Task 0] Starting epoch 16/100
2025-05-12 17:15:33,671 - Task 0 Epoch 16: train=2.9251e-04, val=4.7010e-03
2025-05-12 17:15:33,762 - [Task 0] Starting epoch 17/100
2025-05-12 17:22:53,964 - Task 0 Epoch 17: train=2.4304e-04, val=3.9736e-03
2025-05-12 17:22:54,030 - [Task 0] Starting epoch 18/100
2025-05-12 17:30:13,814 - Task 0 Epoch 18: train=1.9075e-04, val=4.5296e-03
2025-05-12 17:30:13,901 - [Task 0:base] 开始 consolidate
2025-05-12 17:37:11,276 - [Task 0:base] metrics: {'RMSE': 0.048229225, 'MAE': 0.041682933, 'R2': -2.784367322921753}
2025-05-12 17:37:11,280 - [Task 1:update1] 开始训练
2025-05-12 17:37:11,284 - [Task 1] Starting epoch 1/100
2025-05-12 17:43:27,002 - Task 1 Epoch 1: train=3.7290e-03, val=1.6653e-03
2025-05-12 17:43:27,182 - [Task 1] Starting epoch 2/100
2025-05-12 17:49:45,992 - Task 1 Epoch 2: train=1.1293e-03, val=3.0192e-03
2025-05-12 17:49:46,085 - [Task 1] Starting epoch 3/100
2025-05-12 17:56:06,666 - Task 1 Epoch 3: train=5.6115e-04, val=3.6326e-03
2025-05-12 17:56:06,733 - [Task 1] Starting epoch 4/100
2025-05-12 18:02:21,754 - Task 1 Epoch 4: train=1.2623e-03, val=3.4886e-03
2025-05-12 18:02:21,824 - [Task 1] Starting epoch 5/100
2025-05-12 18:08:40,364 - Task 1 Epoch 5: train=9.0518e-04, val=2.5819e-03
2025-05-12 18:08:40,450 - [Task 1] Starting epoch 6/100
2025-05-12 18:14:55,044 - Task 1 Epoch 6: train=5.8758e-04, val=2.3162e-03
2025-05-12 18:14:55,137 - [Task 1] Starting epoch 7/100
2025-05-12 18:21:09,373 - Task 1 Epoch 7: train=4.2295e-04, val=2.6650e-03
2025-05-12 18:21:09,462 - [Task 1] Starting epoch 8/100
2025-05-12 18:27:24,361 - Task 1 Epoch 8: train=2.7688e-04, val=2.2957e-03
2025-05-12 18:27:24,460 - [Task 1] Starting epoch 9/100
2025-05-12 18:33:44,310 - Task 1 Epoch 9: train=2.5993e-04, val=3.8440e-03
2025-05-12 18:33:44,375 - [Task 1] Starting epoch 10/100
2025-05-12 18:39:58,366 - Task 1 Epoch 10: train=2.3781e-04, val=2.9587e-03
2025-05-12 18:39:58,462 - [Task 1] Starting epoch 11/100
2025-05-12 18:46:12,651 - Task 1 Epoch 11: train=2.0446e-04, val=3.1069e-03
2025-05-12 18:46:13,057 - [Task 1:update1] 开始 consolidate
2025-05-12 18:52:06,744 - [Task 1:update1] metrics: {'RMSE': 0.021361647, 'MAE': 0.016876407, 'R2': 0.25863176584243774}
2025-05-12 18:52:06,748 - [Task 2:update2] 开始训练
2025-05-12 18:52:06,751 - [Task 2] Starting epoch 1/100
2025-05-12 18:54:09,668 - Task 2 Epoch 1: train=2.5504e-03, val=1.5796e-02
2025-05-12 18:54:09,902 - [Task 2] Starting epoch 2/100
2025-05-12 18:56:12,473 - Task 2 Epoch 2: train=1.2789e-03, val=1.3898e-02
2025-05-12 18:56:12,698 - [Task 2] Starting epoch 3/100
2025-05-12 18:58:16,807 - Task 2 Epoch 3: train=9.3617e-04, val=1.6599e-02
2025-05-12 18:58:16,931 - [Task 2] Starting epoch 4/100
2025-05-12 19:00:20,988 - Task 2 Epoch 4: train=6.7743e-04, val=1.8630e-02
2025-05-12 19:00:21,076 - [Task 2] Starting epoch 5/100
2025-05-12 19:02:25,208 - Task 2 Epoch 5: train=6.7804e-04, val=1.5617e-02
2025-05-12 19:02:25,307 - [Task 2] Starting epoch 6/100
2025-05-12 19:04:29,274 - Task 2 Epoch 6: train=6.0568e-04, val=1.3910e-02
2025-05-12 19:04:29,379 - [Task 2] Starting epoch 7/100
2025-05-12 19:06:33,433 - Task 2 Epoch 7: train=4.3932e-04, val=1.2312e-02
2025-05-12 19:06:33,664 - [Task 2] Starting epoch 8/100
2025-05-12 19:08:36,577 - Task 2 Epoch 8: train=4.2246e-04, val=1.2196e-02
2025-05-12 19:08:36,773 - [Task 2] Starting epoch 9/100
2025-05-12 19:10:40,789 - Task 2 Epoch 9: train=3.9850e-04, val=1.2993e-02
2025-05-12 19:10:40,890 - [Task 2] Starting epoch 10/100
2025-05-12 19:12:44,849 - Task 2 Epoch 10: train=4.2636e-04, val=1.3322e-02
2025-05-12 19:12:44,948 - [Task 2] Starting epoch 11/100
2025-05-12 19:14:49,383 - Task 2 Epoch 11: train=3.4628e-04, val=1.0078e-02
2025-05-12 19:14:49,596 - [Task 2] Starting epoch 12/100
2025-05-12 19:16:52,358 - Task 2 Epoch 12: train=3.4780e-04, val=1.1387e-02
2025-05-12 19:16:52,454 - [Task 2] Starting epoch 13/100
2025-05-12 19:18:55,093 - Task 2 Epoch 13: train=3.3251e-04, val=1.0775e-02
2025-05-12 19:18:55,205 - [Task 2] Starting epoch 14/100
2025-05-12 19:20:58,030 - Task 2 Epoch 14: train=3.0338e-04, val=1.0517e-02
2025-05-12 19:20:58,160 - [Task 2] Starting epoch 15/100
2025-05-12 19:23:01,074 - Task 2 Epoch 15: train=3.3043e-04, val=1.2199e-02
2025-05-12 19:23:01,188 - [Task 2] Starting epoch 16/100
2025-05-12 19:25:03,497 - Task 2 Epoch 16: train=3.1494e-04, val=1.6481e-02
2025-05-12 19:25:03,637 - [Task 2] Starting epoch 17/100
2025-05-12 19:27:06,622 - Task 2 Epoch 17: train=3.8430e-04, val=1.2559e-02
2025-05-12 19:27:06,765 - [Task 2] Starting epoch 18/100
2025-05-12 19:29:09,891 - Task 2 Epoch 18: train=2.3512e-04, val=1.1040e-02
2025-05-12 19:29:10,007 - [Task 2] Starting epoch 19/100
2025-05-12 19:31:12,903 - Task 2 Epoch 19: train=2.3800e-04, val=7.4299e-03
2025-05-12 19:31:13,181 - [Task 2] Starting epoch 20/100
2025-05-12 19:33:17,221 - Task 2 Epoch 20: train=2.4023e-04, val=9.3965e-03
2025-05-12 19:33:17,343 - [Task 2] Starting epoch 21/100
2025-05-12 19:35:21,433 - Task 2 Epoch 21: train=2.5510e-04, val=9.6233e-03
2025-05-12 19:35:21,541 - [Task 2] Starting epoch 22/100
2025-05-12 19:37:25,616 - Task 2 Epoch 22: train=2.4265e-04, val=8.0161e-03
2025-05-12 19:37:25,711 - [Task 2] Starting epoch 23/100
2025-05-12 19:39:29,971 - Task 2 Epoch 23: train=2.1849e-04, val=8.3004e-03
2025-05-12 19:39:30,088 - [Task 2] Starting epoch 24/100
2025-05-12 19:41:34,370 - Task 2 Epoch 24: train=2.3819e-04, val=9.4596e-03
2025-05-12 19:41:34,485 - [Task 2] Starting epoch 25/100
2025-05-12 19:43:38,550 - Task 2 Epoch 25: train=2.3039e-04, val=8.1031e-03
2025-05-12 19:43:38,661 - [Task 2] Starting epoch 26/100
2025-05-12 19:45:42,867 - Task 2 Epoch 26: train=1.8450e-04, val=8.6131e-03
2025-05-12 19:45:43,011 - [Task 2] Starting epoch 27/100
2025-05-12 19:47:47,023 - Task 2 Epoch 27: train=1.8277e-04, val=8.5009e-03
2025-05-12 19:47:47,120 - [Task 2] Starting epoch 28/100
2025-05-12 19:49:51,120 - Task 2 Epoch 28: train=1.8550e-04, val=7.8859e-03
2025-05-12 19:49:51,287 - [Task 2] Starting epoch 29/100
2025-05-12 19:51:55,512 - Task 2 Epoch 29: train=1.8403e-04, val=6.8201e-03
2025-05-12 19:51:55,764 - [Task 2] Starting epoch 30/100
2025-05-12 19:53:58,896 - Task 2 Epoch 30: train=1.9106e-04, val=7.8653e-03
2025-05-12 19:53:59,013 - [Task 2] Starting epoch 31/100
2025-05-12 19:56:01,973 - Task 2 Epoch 31: train=1.7620e-04, val=7.3575e-03
2025-05-12 19:56:02,107 - [Task 2] Starting epoch 32/100
2025-05-12 19:58:04,987 - Task 2 Epoch 32: train=1.7950e-04, val=7.8199e-03
2025-05-12 19:58:05,091 - [Task 2] Starting epoch 33/100
2025-05-12 20:00:08,574 - Task 2 Epoch 33: train=1.6607e-04, val=6.5938e-03
2025-05-12 20:00:08,875 - [Task 2] Starting epoch 34/100
2025-05-12 20:02:12,988 - Task 2 Epoch 34: train=1.6755e-04, val=6.0047e-03
2025-05-12 20:02:13,230 - [Task 2] Starting epoch 35/100
2025-05-12 20:04:16,431 - Task 2 Epoch 35: train=1.7289e-04, val=6.1204e-03
2025-05-12 20:04:16,612 - [Task 2] Starting epoch 36/100
2025-05-12 20:06:19,840 - Task 2 Epoch 36: train=1.7287e-04, val=5.8224e-03
2025-05-12 20:06:20,062 - [Task 2] Starting epoch 37/100
2025-05-12 20:08:22,838 - Task 2 Epoch 37: train=1.6668e-04, val=6.3356e-03
2025-05-12 20:08:22,945 - [Task 2] Starting epoch 38/100
2025-05-12 20:10:25,781 - Task 2 Epoch 38: train=1.7791e-04, val=6.4072e-03
2025-05-12 20:10:25,888 - [Task 2] Starting epoch 39/100
2025-05-12 20:12:29,044 - Task 2 Epoch 39: train=1.7426e-04, val=6.4873e-03
2025-05-12 20:12:29,171 - [Task 2] Starting epoch 40/100
2025-05-12 20:14:32,136 - Task 2 Epoch 40: train=1.6367e-04, val=6.3021e-03
2025-05-12 20:14:32,271 - [Task 2] Starting epoch 41/100
2025-05-12 20:16:35,265 - Task 2 Epoch 41: train=1.6638e-04, val=6.7158e-03
2025-05-12 20:16:35,362 - [Task 2] Starting epoch 42/100
2025-05-12 20:18:38,375 - Task 2 Epoch 42: train=1.6690e-04, val=5.9115e-03
2025-05-12 20:18:38,480 - [Task 2] Starting epoch 43/100
2025-05-12 20:20:41,421 - Task 2 Epoch 43: train=1.5600e-04, val=6.0683e-03
2025-05-12 20:20:41,531 - [Task 2] Starting epoch 44/100
2025-05-12 20:22:44,314 - Task 2 Epoch 44: train=1.5084e-04, val=6.7371e-03
2025-05-12 20:22:44,431 - [Task 2] Starting epoch 45/100
2025-05-12 20:24:47,363 - Task 2 Epoch 45: train=1.5070e-04, val=6.0422e-03
2025-05-12 20:24:47,502 - [Task 2] Starting epoch 46/100
2025-05-12 20:26:50,366 - Task 2 Epoch 46: train=1.5129e-04, val=5.7836e-03
2025-05-12 20:26:50,792 - [Task 2] Starting epoch 47/100
2025-05-12 20:28:53,755 - Task 2 Epoch 47: train=1.5008e-04, val=5.8839e-03
2025-05-12 20:28:53,892 - [Task 2] Starting epoch 48/100
2025-05-12 20:30:56,994 - Task 2 Epoch 48: train=1.5265e-04, val=7.8138e-03
2025-05-12 20:30:57,108 - [Task 2] Starting epoch 49/100
2025-05-12 20:33:00,026 - Task 2 Epoch 49: train=1.5596e-04, val=5.6995e-03
2025-05-12 20:33:00,290 - [Task 2] Starting epoch 50/100
2025-05-12 20:35:02,779 - Task 2 Epoch 50: train=1.4477e-04, val=5.8713e-03
2025-05-12 20:35:02,914 - [Task 2] Starting epoch 51/100
2025-05-12 20:37:05,019 - Task 2 Epoch 51: train=1.5588e-04, val=5.4786e-03
2025-05-12 20:37:05,281 - [Task 2] Starting epoch 52/100
2025-05-12 20:39:08,582 - Task 2 Epoch 52: train=1.4308e-04, val=5.8883e-03
2025-05-12 20:39:08,693 - [Task 2] Starting epoch 53/100
2025-05-12 20:41:12,292 - Task 2 Epoch 53: train=1.5071e-04, val=5.2781e-03
2025-05-12 20:41:12,529 - [Task 2] Starting epoch 54/100
2025-05-12 20:43:15,565 - Task 2 Epoch 54: train=1.4741e-04, val=5.2739e-03
2025-05-12 20:43:15,875 - [Task 2] Starting epoch 55/100
2025-05-12 20:45:19,250 - Task 2 Epoch 55: train=1.4573e-04, val=5.9471e-03
2025-05-12 20:45:19,344 - [Task 2] Starting epoch 56/100
2025-05-12 20:47:22,618 - Task 2 Epoch 56: train=1.4890e-04, val=6.0293e-03
2025-05-12 20:47:22,726 - [Task 2] Starting epoch 57/100
2025-05-12 20:49:26,332 - Task 2 Epoch 57: train=1.4984e-04, val=5.6213e-03
2025-05-12 20:49:26,470 - [Task 2] Starting epoch 58/100
2025-05-12 20:51:29,792 - Task 2 Epoch 58: train=1.4562e-04, val=5.8117e-03
2025-05-12 20:51:29,912 - [Task 2] Starting epoch 59/100
2025-05-12 20:53:33,348 - Task 2 Epoch 59: train=1.5089e-04, val=5.6223e-03
2025-05-12 20:53:33,478 - [Task 2] Starting epoch 60/100
2025-05-12 20:55:36,902 - Task 2 Epoch 60: train=1.4807e-04, val=4.9232e-03
2025-05-12 20:55:37,214 - [Task 2] Starting epoch 61/100
2025-05-12 20:57:40,881 - Task 2 Epoch 61: train=1.5100e-04, val=5.8013e-03
2025-05-12 20:57:41,010 - [Task 2] Starting epoch 62/100
2025-05-12 20:59:44,465 - Task 2 Epoch 62: train=1.4252e-04, val=5.7615e-03
2025-05-12 20:59:44,572 - [Task 2] Starting epoch 63/100
2025-05-12 21:01:47,785 - Task 2 Epoch 63: train=1.4478e-04, val=5.6341e-03
2025-05-12 21:01:47,893 - [Task 2] Starting epoch 64/100
2025-05-12 21:03:51,377 - Task 2 Epoch 64: train=1.5063e-04, val=5.3519e-03
2025-05-12 21:03:51,476 - [Task 2] Starting epoch 65/100
2025-05-12 21:05:55,045 - Task 2 Epoch 65: train=1.4724e-04, val=5.5185e-03
2025-05-12 21:05:55,150 - [Task 2] Starting epoch 66/100
2025-05-12 21:07:58,743 - Task 2 Epoch 66: train=1.4959e-04, val=5.6131e-03
2025-05-12 21:07:58,852 - [Task 2] Starting epoch 67/100
2025-05-12 21:10:02,677 - Task 2 Epoch 67: train=1.4055e-04, val=5.6059e-03
2025-05-12 21:10:02,804 - [Task 2] Starting epoch 68/100
2025-05-12 21:12:06,200 - Task 2 Epoch 68: train=1.3791e-04, val=5.4085e-03
2025-05-12 21:12:06,300 - [Task 2] Starting epoch 69/100
2025-05-12 21:14:11,229 - Task 2 Epoch 69: train=1.4058e-04, val=5.7081e-03
2025-05-12 21:14:11,344 - [Task 2] Starting epoch 70/100
2025-05-12 21:16:17,331 - Task 2 Epoch 70: train=1.4242e-04, val=5.5623e-03
2025-05-12 21:16:17,510 - [Task 2:update2] 开始 consolidate
2025-05-12 21:18:14,932 - [Task 2:update2] metrics: {'RMSE': 0.1083699, 'MAE': 0.10690879, 'R2': -39.81800079345703}
