2025-07-20 20:54:38,832 - ==== Incremental Training Phase ====
2025-07-20 20:56:12,207 - Incremental training - Task 0 Train IDs: ['03', '05', '07', '27'], size: 92079
2025-07-20 20:56:12,208 - Incremental training - Task 0 Val IDs: ['01'], size: 28612
2025-07-20 20:56:12,209 - Incremental training - Task 1 Train IDs: ['21', '23', '25'], size: 65674
2025-07-20 20:56:12,210 - Incremental training - Task 1 Val IDs: ['19'], size: 23120
2025-07-20 20:56:12,211 - Incremental training - Task 2 Train IDs: ['09', '11', '15', '29'], size: 47891
2025-07-20 20:56:12,211 - Incremental training - Task 2 Val IDs: ['13'], size: 6445
2025-07-20 20:56:12,212 - Incremental training - Test ID: 17, size: 22872
2025-07-20 20:56:12,213 - Incremental training - Test Task 0 size: 11139
2025-07-20 20:56:12,214 - Incremental training - Test Task 1 size: 6312
2025-07-20 20:56:12,214 - Incremental training - Test Task 2 size: 5421
2025-07-20 20:56:12,227 -   (Scaler) Scaler centers: [ 3.31975183  0.         27.55116667]
2025-07-20 20:56:12,252 -   (Scaler) Scaler scales: [0.20016217 1.86108033 1.05333333]
2025-07-20 20:56:12,891 - ==== Training task task0 ====
2025-07-20 20:56:12,892 - Applying LWF alpha: 0.0000
2025-07-20 20:57:49,805 - Epoch 000 | task 3.8185e-02 | kd 0.0000e+00 | ewc 0.0000e+00 | val 3.9701e-04 | lr 1.00e-04 | 77.23s
2025-07-20 20:59:06,696 - Epoch 001 | task 7.2809e-03 | kd 0.0000e+00 | ewc 0.0000e+00 | val 1.2390e-03 | lr 1.00e-04 | 76.83s
2025-07-20 21:00:24,602 - Epoch 002 | task 5.3336e-03 | kd 0.0000e+00 | ewc 0.0000e+00 | val 4.1007e-04 | lr 1.00e-04 | 77.90s
2025-07-20 21:01:40,323 - Epoch 003 | task 4.3114e-03 | kd 0.0000e+00 | ewc 0.0000e+00 | val 5.2683e-04 | lr 1.00e-04 | 75.72s
2025-07-20 21:02:56,586 - Epoch 004 | task 3.4078e-03 | kd 0.0000e+00 | ewc 0.0000e+00 | val 4.0077e-04 | lr 1.00e-04 | 76.26s
2025-07-20 21:04:13,777 - Epoch 005 | task 2.6546e-03 | kd 0.0000e+00 | ewc 0.0000e+00 | val 4.2909e-04 | lr 1.00e-04 | 77.19s
2025-07-20 21:05:29,896 - Epoch 006 | task 2.0628e-03 | kd 0.0000e+00 | ewc 0.0000e+00 | val 4.1929e-04 | lr 5.00e-05 | 76.12s
2025-07-20 21:06:46,139 - Epoch 007 | task 1.6437e-03 | kd 0.0000e+00 | ewc 0.0000e+00 | val 4.1027e-04 | lr 5.00e-05 | 76.24s
2025-07-20 21:08:02,342 - Epoch 008 | task 1.3989e-03 | kd 0.0000e+00 | ewc 0.0000e+00 | val 4.0465e-04 | lr 5.00e-05 | 76.20s
2025-07-20 21:09:18,651 - Epoch 009 | task 1.1847e-03 | kd 0.0000e+00 | ewc 0.0000e+00 | val 5.2821e-04 | lr 5.00e-05 | 76.31s
2025-07-20 21:10:34,843 - Epoch 010 | task 1.0242e-03 | kd 0.0000e+00 | ewc 0.0000e+00 | val 4.1433e-04 | lr 5.00e-05 | 76.19s
2025-07-20 21:11:51,256 - Epoch 011 | task 8.8463e-04 | kd 0.0000e+00 | ewc 0.0000e+00 | val 4.8046e-04 | lr 5.00e-05 | 76.41s
2025-07-20 21:13:08,990 - Epoch 012 | task 7.6670e-04 | kd 0.0000e+00 | ewc 0.0000e+00 | val 4.4364e-04 | lr 2.50e-05 | 77.70s
2025-07-20 21:14:28,061 - Epoch 013 | task 6.8916e-04 | kd 0.0000e+00 | ewc 0.0000e+00 | val 4.5429e-04 | lr 2.50e-05 | 79.07s
2025-07-20 21:15:45,180 - Epoch 014 | task 6.5441e-04 | kd 0.0000e+00 | ewc 0.0000e+00 | val 4.0813e-04 | lr 2.50e-05 | 76.63s
2025-07-20 21:17:01,358 - Epoch 015 | task 6.1887e-04 | kd 0.0000e+00 | ewc 0.0000e+00 | val 4.5552e-04 | lr 2.50e-05 | 76.18s
2025-07-20 21:18:17,549 - Epoch 016 | task 5.8771e-04 | kd 0.0000e+00 | ewc 0.0000e+00 | val 4.4893e-04 | lr 2.50e-05 | 76.19s
2025-07-20 21:19:34,381 - Epoch 017 | task 5.6182e-04 | kd 0.0000e+00 | ewc 0.0000e+00 | val 4.4863e-04 | lr 2.50e-05 | 76.83s
2025-07-20 21:20:50,723 - Epoch 018 | task 5.3662e-04 | kd 0.0000e+00 | ewc 0.0000e+00 | val 4.3634e-04 | lr 1.25e-05 | 76.33s
2025-07-20 21:22:06,991 - Epoch 019 | task 5.0902e-04 | kd 0.0000e+00 | ewc 0.0000e+00 | val 4.3794e-04 | lr 1.25e-05 | 76.27s
2025-07-20 21:23:23,099 - Epoch 020 | task 4.9672e-04 | kd 0.0000e+00 | ewc 0.0000e+00 | val 3.9440e-04 | lr 1.25e-05 | 76.10s
2025-07-20 21:24:39,235 - Epoch 021 | task 4.8163e-04 | kd 0.0000e+00 | ewc 0.0000e+00 | val 3.8731e-04 | lr 1.25e-05 | 76.11s
2025-07-20 21:25:55,118 - Epoch 022 | task 4.6823e-04 | kd 0.0000e+00 | ewc 0.0000e+00 | val 4.1554e-04 | lr 1.25e-05 | 75.86s
2025-07-20 21:27:10,823 - Epoch 023 | task 4.0172e-04 | kd 0.0000e+00 | ewc 0.0000e+00 | val 1.0952e-03 | lr 1.25e-05 | 75.70s
2025-07-20 21:28:26,610 - Epoch 024 | task 3.2500e-04 | kd 0.0000e+00 | ewc 0.0000e+00 | val 6.6763e-04 | lr 1.25e-05 | 75.78s
2025-07-20 21:29:42,299 - Epoch 025 | task 2.9481e-04 | kd 0.0000e+00 | ewc 0.0000e+00 | val 6.9162e-04 | lr 1.25e-05 | 75.67s
2025-07-20 21:30:57,905 - Epoch 026 | task 2.7917e-04 | kd 0.0000e+00 | ewc 0.0000e+00 | val 6.5801e-04 | lr 1.25e-05 | 75.60s
2025-07-20 21:32:13,715 - Epoch 027 | task 2.6036e-04 | kd 0.0000e+00 | ewc 0.0000e+00 | val 5.1247e-04 | lr 6.25e-06 | 75.79s
2025-07-20 21:33:31,007 - Epoch 028 | task 2.3755e-04 | kd 0.0000e+00 | ewc 0.0000e+00 | val 4.9484e-04 | lr 6.25e-06 | 77.29s
2025-07-20 21:34:48,317 - Epoch 029 | task 2.2858e-04 | kd 0.0000e+00 | ewc 0.0000e+00 | val 4.9019e-04 | lr 6.25e-06 | 77.31s
2025-07-20 21:36:05,197 - Epoch 030 | task 2.1826e-04 | kd 0.0000e+00 | ewc 0.0000e+00 | val 4.7769e-04 | lr 6.25e-06 | 76.88s
2025-07-20 21:37:21,244 - Epoch 031 | task 2.1277e-04 | kd 0.0000e+00 | ewc 0.0000e+00 | val 4.6255e-04 | lr 6.25e-06 | 76.04s
2025-07-20 21:38:36,789 - Epoch 032 | task 2.0780e-04 | kd 0.0000e+00 | ewc 0.0000e+00 | val 5.2453e-04 | lr 6.25e-06 | 75.54s
2025-07-20 21:39:53,242 - Epoch 033 | task 2.0206e-04 | kd 0.0000e+00 | ewc 0.0000e+00 | val 6.0088e-04 | lr 3.13e-06 | 76.45s
2025-07-20 21:41:09,640 - Epoch 034 | task 1.9538e-04 | kd 0.0000e+00 | ewc 0.0000e+00 | val 5.9399e-04 | lr 3.13e-06 | 76.39s
2025-07-20 21:42:33,240 - Epoch 035 | task 1.9295e-04 | kd 0.0000e+00 | ewc 0.0000e+00 | val 5.4762e-04 | lr 3.13e-06 | 83.59s
2025-07-20 21:43:51,034 - Epoch 036 | task 1.9009e-04 | kd 0.0000e+00 | ewc 0.0000e+00 | val 6.5012e-04 | lr 3.13e-06 | 77.79s
2025-07-20 21:45:15,594 - Epoch 037 | task 1.8772e-04 | kd 0.0000e+00 | ewc 0.0000e+00 | val 6.8606e-04 | lr 3.13e-06 | 84.55s
2025-07-20 21:46:54,431 - Epoch 038 | task 1.8481e-04 | kd 0.0000e+00 | ewc 0.0000e+00 | val 6.5710e-04 | lr 3.13e-06 | 98.82s
2025-07-20 21:48:21,801 - Epoch 039 | task 1.8222e-04 | kd 0.0000e+00 | ewc 0.0000e+00 | val 6.4095e-04 | lr 1.56e-06 | 87.36s
2025-07-20 21:49:39,714 - Epoch 040 | task 1.7913e-04 | kd 0.0000e+00 | ewc 0.0000e+00 | val 6.6573e-04 | lr 1.56e-06 | 77.91s
2025-07-20 21:51:11,054 - Epoch 041 | task 1.7879e-04 | kd 0.0000e+00 | ewc 0.0000e+00 | val 6.4861e-04 | lr 1.56e-06 | 91.33s
2025-07-20 21:51:11,058 - Early stopping at epoch 42
2025-07-20 21:51:17,535 - Consolidate lambda: 0.0000
2025-07-20 21:52:21,007 - ==== Training task task0 completed ====
2025-07-20 21:52:21,010 - ==== Training task task1 ====
2025-07-20 21:52:21,014 - Applying LWF alpha: 0.0000
2025-07-20 21:53:24,945 - Epoch 000 | task 2.1148e-03 | kd 0.0000e+00 | ewc 0.0000e+00 | val 1.3391e-03 | lr 1.00e-04 | 63.61s
2025-07-20 21:54:22,038 - Epoch 001 | task 1.0077e-03 | kd 0.0000e+00 | ewc 0.0000e+00 | val 1.6039e-03 | lr 1.00e-04 | 57.08s
2025-07-20 21:55:18,521 - Epoch 002 | task 8.7839e-04 | kd 0.0000e+00 | ewc 0.0000e+00 | val 2.2958e-03 | lr 1.00e-04 | 56.48s
2025-07-20 21:56:14,810 - Epoch 003 | task 6.5359e-04 | kd 0.0000e+00 | ewc 0.0000e+00 | val 2.4718e-03 | lr 1.00e-04 | 56.29s
2025-07-20 21:57:11,145 - Epoch 004 | task 6.0254e-04 | kd 0.0000e+00 | ewc 0.0000e+00 | val 2.6636e-03 | lr 1.00e-04 | 56.33s
2025-07-20 21:58:07,443 - Epoch 005 | task 5.5803e-04 | kd 0.0000e+00 | ewc 0.0000e+00 | val 2.6428e-03 | lr 1.00e-04 | 56.28s
2025-07-20 21:59:04,124 - Epoch 006 | task 5.3686e-04 | kd 0.0000e+00 | ewc 0.0000e+00 | val 2.3301e-03 | lr 5.00e-05 | 56.68s
2025-07-20 22:00:00,369 - Epoch 007 | task 3.6043e-04 | kd 0.0000e+00 | ewc 0.0000e+00 | val 2.8174e-03 | lr 5.00e-05 | 56.24s
2025-07-20 22:00:56,459 - Epoch 008 | task 3.4668e-04 | kd 0.0000e+00 | ewc 0.0000e+00 | val 3.2241e-03 | lr 5.00e-05 | 56.09s
2025-07-20 22:01:52,786 - Epoch 009 | task 3.2532e-04 | kd 0.0000e+00 | ewc 0.0000e+00 | val 3.1660e-03 | lr 5.00e-05 | 56.32s
2025-07-20 22:02:49,003 - Epoch 010 | task 3.1700e-04 | kd 0.0000e+00 | ewc 0.0000e+00 | val 3.3476e-03 | lr 5.00e-05 | 56.21s
2025-07-20 22:03:45,291 - Epoch 011 | task 2.9251e-04 | kd 0.0000e+00 | ewc 0.0000e+00 | val 2.5506e-03 | lr 5.00e-05 | 56.29s
2025-07-20 22:04:42,755 - Epoch 012 | task 2.9237e-04 | kd 0.0000e+00 | ewc 0.0000e+00 | val 3.3794e-03 | lr 2.50e-05 | 57.46s
2025-07-20 22:05:41,105 - Epoch 013 | task 2.4577e-04 | kd 0.0000e+00 | ewc 0.0000e+00 | val 3.2137e-03 | lr 2.50e-05 | 58.35s
2025-07-20 22:06:39,479 - Epoch 014 | task 2.3658e-04 | kd 0.0000e+00 | ewc 0.0000e+00 | val 3.9300e-03 | lr 2.50e-05 | 58.37s
2025-07-20 22:07:35,986 - Epoch 015 | task 2.4021e-04 | kd 0.0000e+00 | ewc 0.0000e+00 | val 3.7906e-03 | lr 2.50e-05 | 56.50s
2025-07-20 22:08:32,782 - Epoch 016 | task 2.3049e-04 | kd 0.0000e+00 | ewc 0.0000e+00 | val 3.5945e-03 | lr 2.50e-05 | 56.79s
2025-07-20 22:09:30,380 - Epoch 017 | task 2.3187e-04 | kd 0.0000e+00 | ewc 0.0000e+00 | val 4.1813e-03 | lr 2.50e-05 | 57.59s
2025-07-20 22:10:44,568 - Epoch 018 | task 2.2395e-04 | kd 0.0000e+00 | ewc 0.0000e+00 | val 3.9660e-03 | lr 1.25e-05 | 74.18s
2025-07-20 22:11:43,101 - Epoch 019 | task 2.1006e-04 | kd 0.0000e+00 | ewc 0.0000e+00 | val 3.9197e-03 | lr 1.25e-05 | 58.53s
2025-07-20 22:12:40,221 - Epoch 020 | task 1.9994e-04 | kd 0.0000e+00 | ewc 0.0000e+00 | val 4.0839e-03 | lr 1.25e-05 | 56.61s
2025-07-20 22:12:40,222 - Early stopping at epoch 21
2025-07-20 22:12:43,289 - Consolidate lambda: 0.0000
2025-07-20 22:13:28,294 - ==== Training task task1 completed ====
2025-07-20 22:13:28,295 - ==== Training task task2 ====
2025-07-20 22:13:28,296 - Applying LWF alpha: 0.0000
2025-07-20 22:14:10,246 - Epoch 000 | task 2.6156e-03 | kd 0.0000e+00 | ewc 0.0000e+00 | val 1.6297e-03 | lr 1.00e-04 | 41.78s
2025-07-20 22:14:49,665 - Epoch 001 | task 1.4957e-03 | kd 0.0000e+00 | ewc 0.0000e+00 | val 1.3098e-03 | lr 1.00e-04 | 39.33s
2025-07-20 22:15:28,918 - Epoch 002 | task 1.3157e-03 | kd 0.0000e+00 | ewc 0.0000e+00 | val 1.2676e-03 | lr 1.00e-04 | 39.24s
2025-07-20 22:16:08,259 - Epoch 003 | task 1.2399e-03 | kd 0.0000e+00 | ewc 0.0000e+00 | val 1.8980e-03 | lr 1.00e-04 | 39.33s
2025-07-20 22:16:47,596 - Epoch 004 | task 1.1581e-03 | kd 0.0000e+00 | ewc 0.0000e+00 | val 1.1663e-03 | lr 1.00e-04 | 39.33s
2025-07-20 22:17:26,894 - Epoch 005 | task 1.0640e-03 | kd 0.0000e+00 | ewc 0.0000e+00 | val 1.1528e-03 | lr 1.00e-04 | 39.29s
2025-07-20 22:18:06,211 - Epoch 006 | task 1.1180e-03 | kd 0.0000e+00 | ewc 0.0000e+00 | val 1.7454e-03 | lr 1.00e-04 | 39.30s
2025-07-20 22:18:45,690 - Epoch 007 | task 9.6202e-04 | kd 0.0000e+00 | ewc 0.0000e+00 | val 1.7891e-03 | lr 1.00e-04 | 39.48s
2025-07-20 22:19:24,903 - Epoch 008 | task 9.9951e-04 | kd 0.0000e+00 | ewc 0.0000e+00 | val 1.2381e-03 | lr 1.00e-04 | 39.21s
2025-07-20 22:20:04,217 - Epoch 009 | task 8.7619e-04 | kd 0.0000e+00 | ewc 0.0000e+00 | val 1.6939e-03 | lr 1.00e-04 | 39.31s
2025-07-20 22:20:44,225 - Epoch 010 | task 8.7166e-04 | kd 0.0000e+00 | ewc 0.0000e+00 | val 1.5406e-03 | lr 1.00e-04 | 40.00s
2025-07-20 22:21:23,504 - Epoch 011 | task 8.8653e-04 | kd 0.0000e+00 | ewc 0.0000e+00 | val 1.5418e-03 | lr 5.00e-05 | 39.28s
2025-07-20 22:22:02,980 - Epoch 012 | task 6.6027e-04 | kd 0.0000e+00 | ewc 0.0000e+00 | val 1.1302e-03 | lr 5.00e-05 | 39.47s
2025-07-20 22:22:43,337 - Epoch 013 | task 6.5692e-04 | kd 0.0000e+00 | ewc 0.0000e+00 | val 1.2787e-03 | lr 5.00e-05 | 40.34s
2025-07-20 22:23:25,254 - Epoch 014 | task 6.4640e-04 | kd 0.0000e+00 | ewc 0.0000e+00 | val 1.1374e-03 | lr 5.00e-05 | 41.91s
2025-07-20 22:24:06,561 - Epoch 015 | task 6.2822e-04 | kd 0.0000e+00 | ewc 0.0000e+00 | val 1.2389e-03 | lr 5.00e-05 | 40.64s
2025-07-20 22:24:46,929 - Epoch 016 | task 6.0073e-04 | kd 0.0000e+00 | ewc 0.0000e+00 | val 1.1606e-03 | lr 5.00e-05 | 40.37s
2025-07-20 22:25:36,128 - Epoch 017 | task 5.8988e-04 | kd 0.0000e+00 | ewc 0.0000e+00 | val 1.3604e-03 | lr 5.00e-05 | 49.20s
2025-07-20 22:26:27,174 - Epoch 018 | task 6.0001e-04 | kd 0.0000e+00 | ewc 0.0000e+00 | val 1.1834e-03 | lr 2.50e-05 | 51.02s
2025-07-20 22:27:09,760 - Epoch 019 | task 5.3789e-04 | kd 0.0000e+00 | ewc 0.0000e+00 | val 1.1515e-03 | lr 2.50e-05 | 42.58s
2025-07-20 22:27:50,298 - Epoch 020 | task 5.2581e-04 | kd 0.0000e+00 | ewc 0.0000e+00 | val 1.0609e-03 | lr 2.50e-05 | 40.53s
2025-07-20 22:28:31,113 - Epoch 021 | task 5.2421e-04 | kd 0.0000e+00 | ewc 0.0000e+00 | val 1.2955e-03 | lr 2.50e-05 | 40.80s
2025-07-20 22:29:11,600 - Epoch 022 | task 5.1044e-04 | kd 0.0000e+00 | ewc 0.0000e+00 | val 1.1603e-03 | lr 2.50e-05 | 40.48s
2025-07-20 22:29:51,846 - Epoch 023 | task 5.0655e-04 | kd 0.0000e+00 | ewc 0.0000e+00 | val 9.9446e-04 | lr 2.50e-05 | 40.24s
2025-07-20 22:30:34,525 - Epoch 024 | task 4.9535e-04 | kd 0.0000e+00 | ewc 0.0000e+00 | val 1.0211e-03 | lr 2.50e-05 | 42.65s
2025-07-20 22:31:13,637 - Epoch 025 | task 4.9537e-04 | kd 0.0000e+00 | ewc 0.0000e+00 | val 1.5868e-03 | lr 2.50e-05 | 39.11s
2025-07-20 22:31:53,680 - Epoch 026 | task 4.9848e-04 | kd 0.0000e+00 | ewc 0.0000e+00 | val 1.1865e-03 | lr 2.50e-05 | 40.04s
2025-07-20 22:32:33,219 - Epoch 027 | task 4.8224e-04 | kd 0.0000e+00 | ewc 0.0000e+00 | val 1.2031e-03 | lr 2.50e-05 | 39.53s
2025-07-20 22:33:12,413 - Epoch 028 | task 4.6192e-04 | kd 0.0000e+00 | ewc 0.0000e+00 | val 1.0148e-03 | lr 2.50e-05 | 39.19s
2025-07-20 22:33:52,417 - Epoch 029 | task 4.7122e-04 | kd 0.0000e+00 | ewc 0.0000e+00 | val 1.2691e-03 | lr 1.25e-05 | 40.00s
2025-07-20 22:34:32,357 - Epoch 030 | task 4.4741e-04 | kd 0.0000e+00 | ewc 0.0000e+00 | val 1.1552e-03 | lr 1.25e-05 | 39.93s
2025-07-20 22:35:11,846 - Epoch 031 | task 4.3775e-04 | kd 0.0000e+00 | ewc 0.0000e+00 | val 9.6245e-04 | lr 1.25e-05 | 39.49s
2025-07-20 22:35:51,233 - Epoch 032 | task 4.3508e-04 | kd 0.0000e+00 | ewc 0.0000e+00 | val 1.0464e-03 | lr 1.25e-05 | 39.34s
2025-07-20 22:36:30,576 - Epoch 033 | task 4.2837e-04 | kd 0.0000e+00 | ewc 0.0000e+00 | val 9.8337e-04 | lr 1.25e-05 | 39.34s
2025-07-20 22:37:09,808 - Epoch 034 | task 4.2875e-04 | kd 0.0000e+00 | ewc 0.0000e+00 | val 1.0709e-03 | lr 1.25e-05 | 39.23s
2025-07-20 22:37:49,189 - Epoch 035 | task 4.2246e-04 | kd 0.0000e+00 | ewc 0.0000e+00 | val 1.1031e-03 | lr 1.25e-05 | 39.38s
2025-07-20 22:38:28,931 - Epoch 036 | task 4.1967e-04 | kd 0.0000e+00 | ewc 0.0000e+00 | val 9.8145e-04 | lr 1.25e-05 | 39.74s
2025-07-20 22:39:08,218 - Epoch 037 | task 4.1214e-04 | kd 0.0000e+00 | ewc 0.0000e+00 | val 1.0377e-03 | lr 6.25e-06 | 39.28s
2025-07-20 22:39:47,261 - Epoch 038 | task 4.0135e-04 | kd 0.0000e+00 | ewc 0.0000e+00 | val 1.0318e-03 | lr 6.25e-06 | 39.04s
2025-07-20 22:40:26,288 - Epoch 039 | task 3.9782e-04 | kd 0.0000e+00 | ewc 0.0000e+00 | val 9.7469e-04 | lr 6.25e-06 | 39.02s
2025-07-20 22:41:05,527 - Epoch 040 | task 3.9906e-04 | kd 0.0000e+00 | ewc 0.0000e+00 | val 1.0366e-03 | lr 6.25e-06 | 39.24s
2025-07-20 22:41:44,751 - Epoch 041 | task 3.9410e-04 | kd 0.0000e+00 | ewc 0.0000e+00 | val 1.0147e-03 | lr 6.25e-06 | 39.22s
2025-07-20 22:42:26,063 - Epoch 042 | task 3.9538e-04 | kd 0.0000e+00 | ewc 0.0000e+00 | val 9.6546e-04 | lr 6.25e-06 | 41.31s
2025-07-20 22:43:16,461 - Epoch 043 | task 3.9314e-04 | kd 0.0000e+00 | ewc 0.0000e+00 | val 9.9429e-04 | lr 3.13e-06 | 50.39s
2025-07-20 22:44:06,630 - Epoch 044 | task 3.8593e-04 | kd 0.0000e+00 | ewc 0.0000e+00 | val 9.3836e-04 | lr 3.13e-06 | 50.16s
2025-07-20 22:44:54,390 - Epoch 045 | task 3.8687e-04 | kd 0.0000e+00 | ewc 0.0000e+00 | val 9.6430e-04 | lr 3.13e-06 | 47.73s
2025-07-20 22:45:52,745 - Epoch 046 | task 3.8008e-04 | kd 0.0000e+00 | ewc 0.0000e+00 | val 9.8993e-04 | lr 3.13e-06 | 58.35s
2025-07-20 22:46:53,148 - Epoch 047 | task 3.8210e-04 | kd 0.0000e+00 | ewc 0.0000e+00 | val 9.2623e-04 | lr 3.13e-06 | 60.39s
2025-07-20 22:47:50,659 - Epoch 048 | task 3.7921e-04 | kd 0.0000e+00 | ewc 0.0000e+00 | val 9.8204e-04 | lr 3.13e-06 | 57.43s
2025-07-20 22:48:47,497 - Epoch 049 | task 3.7942e-04 | kd 0.0000e+00 | ewc 0.0000e+00 | val 9.8021e-04 | lr 3.13e-06 | 56.83s
2025-07-20 22:49:46,346 - Epoch 050 | task 3.7818e-04 | kd 0.0000e+00 | ewc 0.0000e+00 | val 9.1876e-04 | lr 3.13e-06 | 58.84s
2025-07-20 22:50:47,740 - Epoch 051 | task 3.7777e-04 | kd 0.0000e+00 | ewc 0.0000e+00 | val 9.6263e-04 | lr 3.13e-06 | 61.32s
2025-07-20 22:51:44,259 - Epoch 052 | task 3.7670e-04 | kd 0.0000e+00 | ewc 0.0000e+00 | val 9.8338e-04 | lr 3.13e-06 | 56.50s
2025-07-20 22:52:49,351 - Epoch 053 | task 3.7518e-04 | kd 0.0000e+00 | ewc 0.0000e+00 | val 9.3286e-04 | lr 3.13e-06 | 65.08s
2025-07-20 22:53:50,560 - Epoch 054 | task 3.7687e-04 | kd 0.0000e+00 | ewc 0.0000e+00 | val 9.9359e-04 | lr 3.13e-06 | 61.20s
2025-07-20 22:54:52,393 - Epoch 055 | task 3.7360e-04 | kd 0.0000e+00 | ewc 0.0000e+00 | val 9.5760e-04 | lr 3.13e-06 | 61.82s
2025-07-20 22:55:54,001 - Epoch 056 | task 3.7369e-04 | kd 0.0000e+00 | ewc 0.0000e+00 | val 9.2257e-04 | lr 1.56e-06 | 61.59s
2025-07-20 22:56:58,941 - Epoch 057 | task 3.6778e-04 | kd 0.0000e+00 | ewc 0.0000e+00 | val 9.4991e-04 | lr 1.56e-06 | 64.93s
2025-07-20 22:57:59,672 - Epoch 058 | task 3.6801e-04 | kd 0.0000e+00 | ewc 0.0000e+00 | val 9.1469e-04 | lr 1.56e-06 | 60.70s
2025-07-20 22:59:07,382 - Epoch 059 | task 3.6929e-04 | kd 0.0000e+00 | ewc 0.0000e+00 | val 9.1315e-04 | lr 1.56e-06 | 67.60s
2025-07-20 23:00:12,411 - Epoch 060 | task 3.6571e-04 | kd 0.0000e+00 | ewc 0.0000e+00 | val 9.2684e-04 | lr 1.56e-06 | 64.95s
2025-07-20 23:01:18,948 - Epoch 061 | task 3.6880e-04 | kd 0.0000e+00 | ewc 0.0000e+00 | val 9.3783e-04 | lr 1.56e-06 | 66.52s
2025-07-20 23:02:22,829 - Epoch 062 | task 3.6895e-04 | kd 0.0000e+00 | ewc 0.0000e+00 | val 9.3043e-04 | lr 1.56e-06 | 63.87s
2025-07-20 23:03:29,549 - Epoch 063 | task 3.6401e-04 | kd 0.0000e+00 | ewc 0.0000e+00 | val 9.1199e-04 | lr 1.56e-06 | 66.69s
2025-07-20 23:04:31,784 - Epoch 064 | task 3.6262e-04 | kd 0.0000e+00 | ewc 0.0000e+00 | val 9.1520e-04 | lr 1.56e-06 | 62.15s
2025-07-20 23:05:40,257 - Epoch 065 | task 3.6474e-04 | kd 0.0000e+00 | ewc 0.0000e+00 | val 9.3721e-04 | lr 1.56e-06 | 68.46s
2025-07-20 23:06:49,468 - Epoch 066 | task 3.6619e-04 | kd 0.0000e+00 | ewc 0.0000e+00 | val 9.6628e-04 | lr 1.56e-06 | 69.20s
2025-07-20 23:07:52,773 - Epoch 067 | task 3.6495e-04 | kd 0.0000e+00 | ewc 0.0000e+00 | val 8.9559e-04 | lr 1.56e-06 | 63.27s
2025-07-20 23:08:54,358 - Epoch 068 | task 3.6502e-04 | kd 0.0000e+00 | ewc 0.0000e+00 | val 9.3809e-04 | lr 1.56e-06 | 61.54s
2025-07-20 23:10:00,045 - Epoch 069 | task 3.6478e-04 | kd 0.0000e+00 | ewc 0.0000e+00 | val 8.9511e-04 | lr 1.56e-06 | 65.52s
2025-07-20 23:11:06,921 - Epoch 070 | task 3.6518e-04 | kd 0.0000e+00 | ewc 0.0000e+00 | val 9.1424e-04 | lr 1.56e-06 | 66.80s
2025-07-20 23:12:15,488 - Epoch 071 | task 3.6302e-04 | kd 0.0000e+00 | ewc 0.0000e+00 | val 9.2897e-04 | lr 1.56e-06 | 68.53s
2025-07-20 23:13:19,709 - Epoch 072 | task 3.5974e-04 | kd 0.0000e+00 | ewc 0.0000e+00 | val 9.5738e-04 | lr 1.56e-06 | 64.20s
2025-07-20 23:14:21,745 - Epoch 073 | task 3.5966e-04 | kd 0.0000e+00 | ewc 0.0000e+00 | val 9.4884e-04 | lr 1.56e-06 | 62.01s
2025-07-20 23:15:13,200 - Epoch 074 | task 3.6524e-04 | kd 0.0000e+00 | ewc 0.0000e+00 | val 9.2213e-04 | lr 1.56e-06 | 51.43s
2025-07-20 23:15:53,455 - Epoch 075 | task 3.6234e-04 | kd 0.0000e+00 | ewc 0.0000e+00 | val 9.5050e-04 | lr 7.81e-07 | 40.25s
2025-07-20 23:16:33,806 - Epoch 076 | task 3.6125e-04 | kd 0.0000e+00 | ewc 0.0000e+00 | val 9.2398e-04 | lr 7.81e-07 | 40.35s
2025-07-20 23:17:14,781 - Epoch 077 | task 3.6045e-04 | kd 0.0000e+00 | ewc 0.0000e+00 | val 9.1840e-04 | lr 7.81e-07 | 40.97s
2025-07-20 23:17:55,496 - Epoch 078 | task 3.5671e-04 | kd 0.0000e+00 | ewc 0.0000e+00 | val 9.0096e-04 | lr 7.81e-07 | 40.71s
2025-07-20 23:18:36,242 - Epoch 079 | task 3.5981e-04 | kd 0.0000e+00 | ewc 0.0000e+00 | val 9.2191e-04 | lr 7.81e-07 | 40.74s
2025-07-20 23:19:17,001 - Epoch 080 | task 3.5619e-04 | kd 0.0000e+00 | ewc 0.0000e+00 | val 9.4603e-04 | lr 7.81e-07 | 40.76s
2025-07-20 23:19:57,820 - Epoch 081 | task 3.5973e-04 | kd 0.0000e+00 | ewc 0.0000e+00 | val 9.3711e-04 | lr 3.91e-07 | 40.81s
2025-07-20 23:20:40,117 - Epoch 082 | task 3.5896e-04 | kd 0.0000e+00 | ewc 0.0000e+00 | val 9.3457e-04 | lr 3.91e-07 | 42.29s
2025-07-20 23:21:20,529 - Epoch 083 | task 3.5816e-04 | kd 0.0000e+00 | ewc 0.0000e+00 | val 9.3215e-04 | lr 3.91e-07 | 40.41s
2025-07-20 23:22:01,033 - Epoch 084 | task 3.5617e-04 | kd 0.0000e+00 | ewc 0.0000e+00 | val 9.2807e-04 | lr 3.91e-07 | 40.50s
2025-07-20 23:22:41,750 - Epoch 085 | task 3.5726e-04 | kd 0.0000e+00 | ewc 0.0000e+00 | val 9.1225e-04 | lr 3.91e-07 | 40.71s
2025-07-20 23:23:22,547 - Epoch 086 | task 3.5653e-04 | kd 0.0000e+00 | ewc 0.0000e+00 | val 9.3528e-04 | lr 3.91e-07 | 40.78s
2025-07-20 23:24:03,235 - Epoch 087 | task 3.5629e-04 | kd 0.0000e+00 | ewc 0.0000e+00 | val 9.1778e-04 | lr 1.95e-07 | 40.68s
2025-07-20 23:24:43,922 - Epoch 088 | task 3.5807e-04 | kd 0.0000e+00 | ewc 0.0000e+00 | val 9.1593e-04 | lr 1.95e-07 | 40.67s
2025-07-20 23:25:24,896 - Epoch 089 | task 3.5625e-04 | kd 0.0000e+00 | ewc 0.0000e+00 | val 9.3775e-04 | lr 1.95e-07 | 40.97s
2025-07-20 23:25:24,899 - Early stopping at epoch 90
2025-07-20 23:25:28,076 - Consolidate lambda: 0.0000
2025-07-20 23:26:00,886 - ==== Training task task2 completed ====
2025-07-20 23:26:00,888 - ==== Incremental Training Completed ====
2025-07-20 23:26:00,890 - ==== Final Model Evaluation on Full Test Set ====
2025-07-20 23:26:07,233 - Final Model Performance on Full Test Set:
2025-07-20 23:26:07,235 -   MAE: 7.6024e-02
2025-07-20 23:26:07,236 -   RMSE: 8.0140e-02
2025-07-20 23:26:07,237 -   R²: 0.0928
2025-07-20 23:26:07,238 -   MAE (smooth): 7.5903e-02
2025-07-20 23:26:07,240 -   RMSE (smooth): 7.9836e-02
2025-07-20 23:26:07,241 -   R² (smooth): 0.0997
2025-07-20 23:26:22,018 - Final evaluation plots saved to: /beegfs/home/users/z/zzhuqshun/Thesis/05_Final/3inputs/model/fine_tuning/incremental/final_evaluation
2025-07-20 23:26:22,021 - ==== Starting Comprehensive Evaluation ====
2025-07-20 23:26:40,082 - ==== Computing BWT, FWT, ACC Metrics ====
2025-07-20 23:26:40,084 - Computing random initialization baselines for FWT calculation...
2025-07-20 23:26:45,909 - ==== Continual Learning Metrics ====
2025-07-20 23:26:45,910 - BWT: -0.0053
2025-07-20 23:26:45,912 - FWT: 0.6529
2025-07-20 23:26:45,913 - ACC: -0.0798
2025-07-20 23:26:45,914 - ==== R Matrix (Performance Matrix) ====
2025-07-20 23:26:45,915 - Task 0: [-0.0462 -0.0521 -0.1586]
2025-07-20 23:26:45,917 - Task 1: [-0.0214 -0.0772 -0.1266]
2025-07-20 23:26:45,918 - Task 2: [-0.0674 -0.0666 -0.1054]
2025-07-20 23:26:45,954 - ==== Incremental Training and Evaluation Completed ====
2025-07-20 23:26:45,955 - All evaluation results saved to: /beegfs/home/users/z/zzhuqshun/Thesis/05_Final/3inputs/model/fine_tuning/incremental/evaluation
NodeName=gpu002 Arch=x86_64 CoresPerSocket=10 
   CPUAlloc=14 CPUEfctv=40 CPUTot=40 CPULoad=12.59
   AvailableFeatures=all,gpu,tesla_p100,ssd_tmp
   ActiveFeatures=all,gpu,tesla_p100,ssd_tmp
   Gres=gpu:tesla:2
   NodeAddr=gpu002 NodeHostName=gpu002 Version=22.05.8
   OS=Linux 6.1.0-16-amd64 #1 SMP PREEMPT_DYNAMIC Debian 6.1.67-1 (2023-12-12) 
   RealMemory=515000 AllocMem=41984 FreeMem=198059 Sockets=2 Boards=1
   MemSpecLimit=2048
   State=MIXED ThreadsPerCore=2 TmpDisk=893200 Weight=100 Owner=N/A MCS_label=N/A
   Partitions=gpu_short 
   BootTime=2025-01-06T11:07:26 SlurmdStartTime=2025-03-17T15:58:44
   LastBusyTime=2025-07-28T10:22:25
   CfgTRES=cpu=40,mem=515000M,billing=19,gres/gpu=2
   AllocTRES=cpu=14,mem=41G,gres/gpu=2
   CapWatts=n/a
   CurrentWatts=0 AveWatts=0
   ExtSensorsJoules=n/s ExtSensorsWatts=0 ExtSensorsTemp=n/s
