2025-06-27 03:53:45,619 - ==== Skipping joint LSTM Training Phase ====
2025-06-27 03:53:45,620 - ==== Incremental EWC Training Phase ====
2025-06-27 03:55:12,832 - Base train IDs: ['03', '05', '07', '27']
2025-06-27 03:55:12,834 - Base train size: 92079
2025-06-27 03:55:12,835 - Base val IDs: ['01']
2025-06-27 03:55:12,836 - Base val size: 28612
2025-06-27 03:55:12,837 - Update1 train IDs: ['21', '23', '25']
2025-06-27 03:55:12,838 - Update1 train size: 65674
2025-06-27 03:55:12,839 - Update1 val IDs: ['19']
2025-06-27 03:55:12,840 - Update1 val size: 23120
2025-06-27 03:55:12,841 - Update2 train IDs: ['09', '11', '15', '29']
2025-06-27 03:55:12,842 - Update2 train size: 47891
2025-06-27 03:55:12,843 - Update2 val IDs: ['13']
2025-06-27 03:55:12,844 - Update2 val size: 6445
2025-06-27 03:55:19,979 - Test cell ID: 17
2025-06-27 03:55:19,980 - Test size: 22872
2025-06-27 03:55:19,981 - Test base size: 11139
2025-06-27 03:55:19,982 - Test update1 size: 6312
2025-06-27 03:55:19,983 - Test update2 size: 5421
2025-06-27 03:55:20,023 - [Scaler after fit] center_=[ 3.31975183  0.         27.55116667]
2025-06-27 03:55:20,029 - [Scaler after fit] scale_ =[0.20016217 1.86108033 1.05333333]
2025-06-27 03:55:20,030 - Resampling and scaling complete with RobustScaler
2025-06-27 03:55:21,090 - [task0] Training...
2025-06-27 03:55:21,091 - [task0] EWC active: None (no previous tasks)
2025-06-27 03:55:21,092 - [task0] This task will be stored with λ = 69.45356257424775 (not used)
2025-06-27 03:55:21,093 - [task0] Training with alpha LWF = 0.00
2025-06-27 03:57:12,943 - Epoch 001 | task 3.8182e-02 | kd 0.0000e+00 | ewc 0.0000e+00 | val 3.7162e-04 | lr 1.00e-04 | 80.16s
2025-06-27 03:58:30,659 - Epoch 002 | task 7.2867e-03 | kd 0.0000e+00 | ewc 0.0000e+00 | val 1.0398e-03 | lr 1.00e-04 | 77.63s
2025-06-27 03:59:48,114 - Epoch 003 | task 5.3097e-03 | kd 0.0000e+00 | ewc 0.0000e+00 | val 3.9763e-04 | lr 1.00e-04 | 77.41s
2025-06-27 04:01:05,468 - Epoch 004 | task 4.3294e-03 | kd 0.0000e+00 | ewc 0.0000e+00 | val 5.3001e-04 | lr 1.00e-04 | 77.33s
2025-06-27 04:02:23,021 - Epoch 005 | task 3.4420e-03 | kd 0.0000e+00 | ewc 0.0000e+00 | val 4.4389e-04 | lr 1.00e-04 | 77.53s
2025-06-27 04:03:40,203 - Epoch 006 | task 2.6740e-03 | kd 0.0000e+00 | ewc 0.0000e+00 | val 4.3592e-04 | lr 1.00e-04 | 77.16s
2025-06-27 04:04:57,561 - Epoch 007 | task 2.0609e-03 | kd 0.0000e+00 | ewc 0.0000e+00 | val 4.5443e-04 | lr 5.00e-05 | 77.32s
2025-06-27 04:06:14,922 - Epoch 008 | task 1.6517e-03 | kd 0.0000e+00 | ewc 0.0000e+00 | val 4.0441e-04 | lr 5.00e-05 | 77.31s
2025-06-27 04:07:32,189 - Epoch 009 | task 1.4034e-03 | kd 0.0000e+00 | ewc 0.0000e+00 | val 4.0720e-04 | lr 5.00e-05 | 77.21s
2025-06-27 04:08:49,504 - Epoch 010 | task 1.1964e-03 | kd 0.0000e+00 | ewc 0.0000e+00 | val 5.0908e-04 | lr 5.00e-05 | 77.29s
2025-06-27 04:10:06,771 - Epoch 011 | task 1.0292e-03 | kd 0.0000e+00 | ewc 0.0000e+00 | val 4.2328e-04 | lr 5.00e-05 | 77.24s
2025-06-27 04:11:23,698 - Epoch 012 | task 8.7673e-04 | kd 0.0000e+00 | ewc 0.0000e+00 | val 4.3260e-04 | lr 5.00e-05 | 76.90s
2025-06-27 04:12:41,220 - Epoch 013 | task 7.6261e-04 | kd 0.0000e+00 | ewc 0.0000e+00 | val 4.6050e-04 | lr 2.50e-05 | 77.48s
2025-06-27 04:13:59,688 - Epoch 014 | task 6.8891e-04 | kd 0.0000e+00 | ewc 0.0000e+00 | val 4.3581e-04 | lr 2.50e-05 | 78.40s
2025-06-27 04:15:17,553 - Epoch 015 | task 6.5224e-04 | kd 0.0000e+00 | ewc 0.0000e+00 | val 4.0288e-04 | lr 2.50e-05 | 77.82s
2025-06-27 04:16:34,740 - Epoch 016 | task 6.1891e-04 | kd 0.0000e+00 | ewc 0.0000e+00 | val 4.0849e-04 | lr 2.50e-05 | 77.08s
2025-06-27 04:17:51,840 - Epoch 017 | task 5.8846e-04 | kd 0.0000e+00 | ewc 0.0000e+00 | val 4.4307e-04 | lr 2.50e-05 | 77.06s
2025-06-27 04:19:09,364 - Epoch 018 | task 5.6076e-04 | kd 0.0000e+00 | ewc 0.0000e+00 | val 4.2150e-04 | lr 2.50e-05 | 77.48s
2025-06-27 04:20:26,374 - Epoch 019 | task 5.3125e-04 | kd 0.0000e+00 | ewc 0.0000e+00 | val 4.3309e-04 | lr 1.25e-05 | 76.96s
2025-06-27 04:21:45,340 - Epoch 020 | task 5.0491e-04 | kd 0.0000e+00 | ewc 0.0000e+00 | val 3.9249e-04 | lr 1.25e-05 | 78.91s
2025-06-27 04:23:03,473 - Epoch 021 | task 4.9213e-04 | kd 0.0000e+00 | ewc 0.0000e+00 | val 3.9523e-04 | lr 1.25e-05 | 78.01s
2025-06-27 04:23:03,521 - Early stopping at epoch 21
2025-06-27 04:23:05,997 - [task0] Training completed.
2025-06-27 04:23:05,999 - [task0] Consolidating EWC...
2025-06-27 04:24:09,454 - [task0] Consolidation done.
2025-06-27 04:24:09,456 - [task0] Baseline evaluation on own task task0 ...
2025-06-27 04:24:14,716 - [task0 Baseline on task0] RMSE: 5.1834e-02, MAE: 4.5294e-02
2025-06-27 04:24:14,718 - [task0] Baseline testing completed.
2025-06-27 04:24:14,719 - [task0] ACC (-MAE): -4.5294e-02
2025-06-27 04:24:14,721 - [task0] Evaluating BEST checkpoint...
2025-06-27 04:24:23,446 - [task0 Evaluation on full test set] RMSE: 8.5567e-02, MAE: 6.7164e-02, R2: -0.0342
2025-06-27 04:24:23,448 - [task0] Evaluation completed.
2025-06-27 04:24:23,450 - [task1] Loading best checkpoint from previous task task0...
2025-06-27 04:24:25,150 - [task1 Pre-FWT baseline] RMSE: 5.6626e-02, MAE: 4.3428e-02
2025-06-27 04:24:25,154 - [task1] Training...
2025-06-27 04:24:25,155 - [task1] EWC active: {"Task 0": 69.454}
2025-06-27 04:24:25,156 - [task1] This task will be stored with λ = 1014.6717394418031
2025-06-27 04:24:25,157 - [task1] Training with alpha LWF = 1.00
2025-06-27 04:25:39,083 - Epoch 001 | task 9.1825e-03 | kd 7.0284e-03 | ewc 2.4305e-03 | val 1.4104e-03 | lr 1.00e-04 | 73.92s
2025-06-27 04:26:53,225 - Epoch 002 | task 7.4545e-03 | kd 5.4767e-03 | ewc 1.9973e-03 | val 1.4209e-03 | lr 1.00e-04 | 73.91s
2025-06-27 04:28:07,080 - Epoch 003 | task 6.5273e-03 | kd 4.6141e-03 | ewc 1.6209e-03 | val 8.9870e-04 | lr 1.00e-04 | 73.82s
2025-06-27 04:29:21,235 - Epoch 004 | task 5.6883e-03 | kd 3.9014e-03 | ewc 1.2870e-03 | val 1.2302e-03 | lr 1.00e-04 | 74.07s
2025-06-27 04:30:35,303 - Epoch 005 | task 4.9965e-03 | kd 3.2673e-03 | ewc 9.8962e-04 | val 1.0065e-03 | lr 1.00e-04 | 74.03s
2025-06-27 04:31:48,907 - Epoch 006 | task 4.2997e-03 | kd 2.7094e-03 | ewc 7.3792e-04 | val 8.3663e-04 | lr 1.00e-04 | 73.57s
2025-06-27 04:33:06,454 - Epoch 007 | task 3.7168e-03 | kd 2.2886e-03 | ewc 5.3226e-04 | val 8.6264e-04 | lr 1.00e-04 | 77.44s
2025-06-27 04:34:28,535 - Epoch 008 | task 2.9650e-03 | kd 2.0517e-03 | ewc 3.6109e-04 | val 6.3412e-04 | lr 1.00e-04 | 82.02s
2025-06-27 04:35:43,668 - Epoch 009 | task 2.4738e-03 | kd 1.8175e-03 | ewc 2.2878e-04 | val 7.9704e-04 | lr 1.00e-04 | 74.99s
2025-06-27 04:36:57,584 - Epoch 010 | task 2.1468e-03 | kd 1.6189e-03 | ewc 1.3408e-04 | val 7.4980e-04 | lr 1.00e-04 | 73.86s
2025-06-27 04:38:12,102 - Epoch 011 | task 1.8854e-03 | kd 1.4779e-03 | ewc 6.8359e-05 | val 7.8361e-04 | lr 1.00e-04 | 74.45s
2025-06-27 04:39:26,149 - Epoch 012 | task 1.7472e-03 | kd 1.3640e-03 | ewc 2.8609e-05 | val 7.2592e-04 | lr 1.00e-04 | 73.97s
2025-06-27 04:40:40,106 - Epoch 013 | task 1.7433e-03 | kd 1.2479e-03 | ewc 1.1399e-05 | val 1.0226e-03 | lr 1.00e-04 | 73.91s
2025-06-27 04:41:54,192 - Epoch 014 | task 1.6287e-03 | kd 1.2564e-03 | ewc 5.1691e-06 | val 1.0347e-03 | lr 5.00e-05 | 74.03s
2025-06-27 04:43:08,074 - Epoch 015 | task 1.5677e-03 | kd 1.2516e-03 | ewc 2.2869e-06 | val 1.1502e-03 | lr 5.00e-05 | 73.82s
2025-06-27 04:44:22,620 - Epoch 016 | task 1.5471e-03 | kd 1.2474e-03 | ewc 1.3127e-06 | val 1.1124e-03 | lr 5.00e-05 | 74.50s
2025-06-27 04:45:36,465 - Epoch 017 | task 1.5403e-03 | kd 1.2382e-03 | ewc 9.2087e-07 | val 1.2930e-03 | lr 5.00e-05 | 73.80s
2025-06-27 04:46:50,051 - Epoch 018 | task 1.5223e-03 | kd 1.2418e-03 | ewc 8.3837e-07 | val 1.1749e-03 | lr 5.00e-05 | 73.55s
2025-06-27 04:48:03,812 - Epoch 019 | task 1.5069e-03 | kd 1.2422e-03 | ewc 8.9935e-07 | val 1.2737e-03 | lr 5.00e-05 | 73.72s
2025-06-27 04:49:17,894 - Epoch 020 | task 1.5020e-03 | kd 1.2410e-03 | ewc 1.0363e-06 | val 1.6047e-03 | lr 2.50e-05 | 74.00s
2025-06-27 04:50:31,841 - Epoch 021 | task 1.4703e-03 | kd 1.2447e-03 | ewc 1.1538e-06 | val 1.5759e-03 | lr 2.50e-05 | 73.85s
2025-06-27 04:51:45,481 - Epoch 022 | task 1.4678e-03 | kd 1.2427e-03 | ewc 1.2571e-06 | val 1.8861e-03 | lr 2.50e-05 | 73.60s
2025-06-27 04:52:59,368 - Epoch 023 | task 1.4581e-03 | kd 1.2457e-03 | ewc 1.3587e-06 | val 1.7217e-03 | lr 2.50e-05 | 73.85s
2025-06-27 04:54:12,998 - Epoch 024 | task 1.4561e-03 | kd 1.2444e-03 | ewc 1.4697e-06 | val 2.0201e-03 | lr 2.50e-05 | 73.58s
2025-06-27 04:55:26,576 - Epoch 025 | task 1.4488e-03 | kd 1.2458e-03 | ewc 1.5653e-06 | val 2.0890e-03 | lr 2.50e-05 | 73.51s
2025-06-27 04:56:40,806 - Epoch 026 | task 1.4459e-03 | kd 1.2458e-03 | ewc 1.6716e-06 | val 2.1460e-03 | lr 1.25e-05 | 74.17s
2025-06-27 04:57:54,561 - Epoch 027 | task 1.4295e-03 | kd 1.2493e-03 | ewc 1.7652e-06 | val 2.1887e-03 | lr 1.25e-05 | 73.72s
2025-06-27 04:59:08,316 - Epoch 028 | task 1.4318e-03 | kd 1.2460e-03 | ewc 1.8342e-06 | val 2.2012e-03 | lr 1.25e-05 | 73.70s
2025-06-27 04:59:08,384 - Early stopping at epoch 28
2025-06-27 04:59:09,039 - [task1] Training completed.
2025-06-27 04:59:09,041 - [task1] Consolidating EWC...
2025-06-27 04:59:54,164 - [task1] Consolidation done.
2025-06-27 04:59:54,166 - [task1] Baseline evaluation on own task task1 ...
2025-06-27 04:59:58,012 - [task1 Baseline on task1] RMSE: 5.6096e-02, MAE: 5.0624e-02
2025-06-27 04:59:58,014 - [task1] Baseline testing completed.
2025-06-27 04:59:58,016 - [task1] Backward testing on previous task task0...
2025-06-27 05:00:02,965 - [task1 BACKWARD on task0] RMSE: 2.6255e-02, MAE: 2.2114e-02
2025-06-27 05:00:02,966 - [task1] ΔMAE on task0: -2.3180e-02
2025-06-27 05:00:02,967 - [task1] ACC (-MAE): -3.6369e-02
2025-06-27 05:00:02,968 - [task1] BWT: -2.3180e-02
2025-06-27 05:00:02,968 - [task1] FWT: -7.1962e-03
2025-06-27 05:00:02,970 - [task1] Evaluating BEST checkpoint...
2025-06-27 05:00:11,429 - [task1 Evaluation on full test set] RMSE: 7.6053e-02, MAE: 5.7512e-02, R2: 0.1830
2025-06-27 05:00:11,431 - [task1] Evaluation completed.
2025-06-27 05:00:11,433 - [task2] Loading best checkpoint from previous task task1...
2025-06-27 05:00:12,940 - [task2 Pre-FWT baseline] RMSE: 1.4303e-01, MAE: 1.4218e-01
2025-06-27 05:00:12,943 - [task2] Training...
2025-06-27 05:00:12,945 - [task2] EWC active: {"Task 0": 69.454, "Task 1": 1014.7}
2025-06-27 05:00:12,946 - [task2] This task will be stored with λ = 1000
2025-06-27 05:00:12,947 - [task2] Training with alpha LWF = 1.00
2025-06-27 05:01:04,872 - Epoch 001 | task 4.4996e-03 | kd 2.5134e-03 | ewc 2.2273e-02 | val 5.2007e-03 | lr 1.00e-04 | 51.91s
2025-06-27 05:01:57,210 - Epoch 002 | task 3.4476e-03 | kd 2.1287e-03 | ewc 6.2401e-03 | val 4.9757e-03 | lr 1.00e-04 | 52.25s
2025-06-27 05:02:49,353 - Epoch 003 | task 3.3710e-03 | kd 2.0184e-03 | ewc 1.1244e-03 | val 4.5676e-03 | lr 1.00e-04 | 51.99s
2025-06-27 05:03:41,147 - Epoch 004 | task 3.1760e-03 | kd 2.0691e-03 | ewc 1.8686e-04 | val 3.4154e-03 | lr 1.00e-04 | 51.68s
2025-06-27 05:04:32,966 - Epoch 005 | task 3.0730e-03 | kd 2.0896e-03 | ewc 9.5710e-05 | val 4.3980e-03 | lr 1.00e-04 | 51.74s
2025-06-27 05:05:25,241 - Epoch 006 | task 2.9944e-03 | kd 2.0907e-03 | ewc 7.8989e-05 | val 4.4694e-03 | lr 1.00e-04 | 52.22s
2025-06-27 05:06:17,112 - Epoch 007 | task 2.9385e-03 | kd 2.1038e-03 | ewc 6.9055e-05 | val 4.4561e-03 | lr 1.00e-04 | 51.83s
2025-06-27 05:07:08,627 - Epoch 008 | task 2.8880e-03 | kd 2.1028e-03 | ewc 6.3059e-05 | val 3.5849e-03 | lr 1.00e-04 | 51.47s
2025-06-27 05:08:00,795 - Epoch 009 | task 2.8643e-03 | kd 2.1078e-03 | ewc 5.8517e-05 | val 4.6309e-03 | lr 1.00e-04 | 52.12s
2025-06-27 05:08:53,040 - Epoch 010 | task 2.8412e-03 | kd 2.1116e-03 | ewc 5.5074e-05 | val 3.8534e-03 | lr 5.00e-05 | 52.19s
2025-06-27 05:09:44,897 - Epoch 011 | task 2.7420e-03 | kd 2.1163e-03 | ewc 5.2714e-05 | val 3.4931e-03 | lr 5.00e-05 | 51.81s
2025-06-27 05:10:37,159 - Epoch 012 | task 2.7236e-03 | kd 2.1188e-03 | ewc 5.0436e-05 | val 3.6570e-03 | lr 5.00e-05 | 52.22s
2025-06-27 05:11:29,286 - Epoch 013 | task 2.7017e-03 | kd 2.1263e-03 | ewc 4.8349e-05 | val 3.9169e-03 | lr 5.00e-05 | 52.05s
2025-06-27 05:12:20,789 - Epoch 014 | task 2.6913e-03 | kd 2.1242e-03 | ewc 4.7078e-05 | val 4.2895e-03 | lr 5.00e-05 | 51.44s
2025-06-27 05:13:12,714 - Epoch 015 | task 2.6707e-03 | kd 2.1265e-03 | ewc 4.5806e-05 | val 3.5681e-03 | lr 5.00e-05 | 51.88s
2025-06-27 05:14:05,059 - Epoch 016 | task 2.6659e-03 | kd 2.1350e-03 | ewc 4.4714e-05 | val 4.4831e-03 | lr 2.50e-05 | 52.29s
2025-06-27 05:14:56,826 - Epoch 017 | task 2.6274e-03 | kd 2.1267e-03 | ewc 4.3675e-05 | val 3.5607e-03 | lr 2.50e-05 | 51.71s
2025-06-27 05:15:48,756 - Epoch 018 | task 2.6160e-03 | kd 2.1336e-03 | ewc 4.2734e-05 | val 3.7929e-03 | lr 2.50e-05 | 51.77s
2025-06-27 05:16:41,052 - Epoch 019 | task 2.6148e-03 | kd 2.1301e-03 | ewc 4.1974e-05 | val 3.2980e-03 | lr 2.50e-05 | 52.25s
2025-06-27 05:17:33,417 - Epoch 020 | task 2.6026e-03 | kd 2.1338e-03 | ewc 4.1359e-05 | val 3.3634e-03 | lr 2.50e-05 | 52.24s
2025-06-27 05:18:25,147 - Epoch 021 | task 2.5923e-03 | kd 2.1358e-03 | ewc 4.0698e-05 | val 3.3136e-03 | lr 2.50e-05 | 51.67s
2025-06-27 05:19:17,526 - Epoch 022 | task 2.5858e-03 | kd 2.1342e-03 | ewc 4.0025e-05 | val 3.3148e-03 | lr 2.50e-05 | 52.33s
2025-06-27 05:20:09,733 - Epoch 023 | task 2.5867e-03 | kd 2.1354e-03 | ewc 3.9391e-05 | val 3.7895e-03 | lr 2.50e-05 | 52.16s
2025-06-27 05:21:01,641 - Epoch 024 | task 2.5778e-03 | kd 2.1381e-03 | ewc 3.8912e-05 | val 3.7246e-03 | lr 2.50e-05 | 51.86s
2025-06-27 05:21:53,832 - Epoch 025 | task 2.5797e-03 | kd 2.1358e-03 | ewc 3.8500e-05 | val 3.5650e-03 | lr 1.25e-05 | 52.11s
2025-06-27 05:22:45,926 - Epoch 026 | task 2.5535e-03 | kd 2.1393e-03 | ewc 3.8162e-05 | val 3.6169e-03 | lr 1.25e-05 | 52.04s
2025-06-27 05:23:37,694 - Epoch 027 | task 2.5545e-03 | kd 2.1371e-03 | ewc 3.7854e-05 | val 3.2985e-03 | lr 1.25e-05 | 51.72s
2025-06-27 05:24:30,256 - Epoch 028 | task 2.5514e-03 | kd 2.1381e-03 | ewc 3.7600e-05 | val 3.4114e-03 | lr 1.25e-05 | 52.51s
2025-06-27 05:25:22,206 - Epoch 029 | task 2.5515e-03 | kd 2.1364e-03 | ewc 3.7319e-05 | val 3.2913e-03 | lr 1.25e-05 | 51.90s
2025-06-27 05:26:14,094 - Epoch 030 | task 2.5448e-03 | kd 2.1376e-03 | ewc 3.7084e-05 | val 3.5390e-03 | lr 1.25e-05 | 51.79s
2025-06-27 05:27:05,869 - Epoch 031 | task 2.5456e-03 | kd 2.1361e-03 | ewc 3.6856e-05 | val 3.2254e-03 | lr 1.25e-05 | 51.71s
2025-06-27 05:27:58,552 - Epoch 032 | task 2.5414e-03 | kd 2.1392e-03 | ewc 3.6627e-05 | val 2.9409e-03 | lr 1.25e-05 | 52.60s
2025-06-27 05:28:50,547 - Epoch 033 | task 2.5419e-03 | kd 2.1392e-03 | ewc 3.6407e-05 | val 3.4170e-03 | lr 1.25e-05 | 51.86s
2025-06-27 05:29:42,681 - Epoch 034 | task 2.5371e-03 | kd 2.1392e-03 | ewc 3.6188e-05 | val 3.0575e-03 | lr 1.25e-05 | 52.09s
2025-06-27 05:30:34,880 - Epoch 035 | task 2.5382e-03 | kd 2.1399e-03 | ewc 3.5956e-05 | val 3.0999e-03 | lr 1.25e-05 | 52.15s
2025-06-27 05:31:26,918 - Epoch 036 | task 2.5311e-03 | kd 2.1397e-03 | ewc 3.5767e-05 | val 3.3402e-03 | lr 1.25e-05 | 51.99s
2025-06-27 05:32:19,621 - Epoch 037 | task 2.5290e-03 | kd 2.1405e-03 | ewc 3.5598e-05 | val 3.5168e-03 | lr 1.25e-05 | 52.66s
2025-06-27 05:33:13,966 - Epoch 038 | task 2.5315e-03 | kd 2.1405e-03 | ewc 3.5412e-05 | val 2.9128e-03 | lr 1.25e-05 | 54.30s
2025-06-27 05:34:06,200 - Epoch 039 | task 2.5293e-03 | kd 2.1403e-03 | ewc 3.5242e-05 | val 3.0067e-03 | lr 1.25e-05 | 52.11s
2025-06-27 05:34:58,368 - Epoch 040 | task 2.5260e-03 | kd 2.1399e-03 | ewc 3.5071e-05 | val 3.0660e-03 | lr 1.25e-05 | 52.12s
2025-06-27 05:35:50,018 - Epoch 041 | task 2.5246e-03 | kd 2.1433e-03 | ewc 3.4910e-05 | val 2.9403e-03 | lr 1.25e-05 | 51.60s
2025-06-27 05:36:42,310 - Epoch 042 | task 2.5265e-03 | kd 2.1399e-03 | ewc 3.4755e-05 | val 3.1585e-03 | lr 1.25e-05 | 52.25s
2025-06-27 05:37:34,422 - Epoch 043 | task 2.5246e-03 | kd 2.1415e-03 | ewc 3.4605e-05 | val 3.2163e-03 | lr 1.25e-05 | 52.05s
2025-06-27 05:38:26,380 - Epoch 044 | task 2.5211e-03 | kd 2.1431e-03 | ewc 3.4462e-05 | val 3.2417e-03 | lr 6.25e-06 | 51.89s
2025-06-27 05:39:18,554 - Epoch 045 | task 2.5126e-03 | kd 2.1389e-03 | ewc 3.4328e-05 | val 3.0369e-03 | lr 6.25e-06 | 52.13s
2025-06-27 05:40:10,564 - Epoch 046 | task 2.5141e-03 | kd 2.1391e-03 | ewc 3.4243e-05 | val 3.0281e-03 | lr 6.25e-06 | 51.96s
2025-06-27 05:41:02,464 - Epoch 047 | task 2.5117e-03 | kd 2.1402e-03 | ewc 3.4154e-05 | val 2.8901e-03 | lr 6.25e-06 | 51.85s
2025-06-27 05:41:54,625 - Epoch 048 | task 2.5104e-03 | kd 2.1406e-03 | ewc 3.4068e-05 | val 2.9206e-03 | lr 6.25e-06 | 52.07s
2025-06-27 05:42:50,997 - Epoch 049 | task 2.5117e-03 | kd 2.1403e-03 | ewc 3.3965e-05 | val 2.9560e-03 | lr 6.25e-06 | 52.92s
2025-06-27 05:43:47,171 - Epoch 050 | task 2.5071e-03 | kd 2.1419e-03 | ewc 3.3883e-05 | val 2.9277e-03 | lr 6.25e-06 | 56.11s
2025-06-27 05:44:45,558 - Epoch 051 | task 2.5051e-03 | kd 2.1411e-03 | ewc 3.3775e-05 | val 3.0983e-03 | lr 6.25e-06 | 54.77s
2025-06-27 05:45:37,699 - Epoch 052 | task 2.5105e-03 | kd 2.1393e-03 | ewc 3.3693e-05 | val 2.7600e-03 | lr 6.25e-06 | 52.08s
2025-06-27 05:46:30,152 - Epoch 053 | task 2.5053e-03 | kd 2.1419e-03 | ewc 3.3615e-05 | val 2.7068e-03 | lr 6.25e-06 | 52.31s
2025-06-27 05:47:22,208 - Epoch 054 | task 2.5038e-03 | kd 2.1413e-03 | ewc 3.3506e-05 | val 2.9478e-03 | lr 6.25e-06 | 51.94s
2025-06-27 05:48:14,073 - Epoch 055 | task 2.5077e-03 | kd 2.1397e-03 | ewc 3.3438e-05 | val 3.0768e-03 | lr 6.25e-06 | 51.82s
2025-06-27 05:49:06,071 - Epoch 056 | task 2.5079e-03 | kd 2.1412e-03 | ewc 3.3361e-05 | val 3.0032e-03 | lr 6.25e-06 | 51.94s
2025-06-27 05:49:58,061 - Epoch 057 | task 2.5039e-03 | kd 2.1392e-03 | ewc 3.3295e-05 | val 2.9503e-03 | lr 6.25e-06 | 51.94s
2025-06-27 05:50:50,379 - Epoch 058 | task 2.5024e-03 | kd 2.1418e-03 | ewc 3.3225e-05 | val 2.8678e-03 | lr 6.25e-06 | 52.25s
2025-06-27 05:51:42,044 - Epoch 059 | task 2.5042e-03 | kd 2.1395e-03 | ewc 3.3150e-05 | val 2.8493e-03 | lr 3.13e-06 | 51.57s
2025-06-27 05:52:34,182 - Epoch 060 | task 2.4969e-03 | kd 2.1399e-03 | ewc 3.3089e-05 | val 2.8520e-03 | lr 3.13e-06 | 52.09s
2025-06-27 05:53:26,488 - Epoch 061 | task 2.4962e-03 | kd 2.1409e-03 | ewc 3.3044e-05 | val 2.9350e-03 | lr 3.13e-06 | 52.23s
2025-06-27 05:54:18,428 - Epoch 062 | task 2.4945e-03 | kd 2.1409e-03 | ewc 3.2995e-05 | val 2.7946e-03 | lr 3.13e-06 | 51.88s
2025-06-27 05:55:10,218 - Epoch 063 | task 2.4976e-03 | kd 2.1397e-03 | ewc 3.2946e-05 | val 2.8535e-03 | lr 3.13e-06 | 51.74s
2025-06-27 05:56:02,287 - Epoch 064 | task 2.4979e-03 | kd 2.1386e-03 | ewc 3.2912e-05 | val 2.8663e-03 | lr 3.13e-06 | 52.02s
2025-06-27 05:56:54,232 - Epoch 065 | task 2.4933e-03 | kd 2.1439e-03 | ewc 3.2864e-05 | val 2.8559e-03 | lr 1.56e-06 | 51.89s
2025-06-27 05:57:46,611 - Epoch 066 | task 2.4932e-03 | kd 2.1387e-03 | ewc 3.2821e-05 | val 2.7724e-03 | lr 1.56e-06 | 52.30s
2025-06-27 05:58:38,537 - Epoch 067 | task 2.4884e-03 | kd 2.1433e-03 | ewc 3.2806e-05 | val 2.8282e-03 | lr 1.56e-06 | 51.87s
2025-06-27 05:59:30,371 - Epoch 068 | task 2.4926e-03 | kd 2.1399e-03 | ewc 3.2781e-05 | val 2.8615e-03 | lr 1.56e-06 | 51.79s
2025-06-27 06:00:22,235 - Epoch 069 | task 2.4943e-03 | kd 2.1388e-03 | ewc 3.2760e-05 | val 2.8478e-03 | lr 1.56e-06 | 51.81s
2025-06-27 06:01:14,439 - Epoch 070 | task 2.4921e-03 | kd 2.1390e-03 | ewc 3.2742e-05 | val 2.8527e-03 | lr 1.56e-06 | 52.16s
2025-06-27 06:02:07,469 - Epoch 071 | task 2.4908e-03 | kd 2.1409e-03 | ewc 3.2720e-05 | val 2.7874e-03 | lr 7.81e-07 | 52.18s
2025-06-27 06:02:59,399 - Epoch 072 | task 2.4938e-03 | kd 2.1392e-03 | ewc 3.2697e-05 | val 2.7984e-03 | lr 7.81e-07 | 51.87s
2025-06-27 06:03:51,267 - Epoch 073 | task 2.4931e-03 | kd 2.1394e-03 | ewc 3.2691e-05 | val 2.7636e-03 | lr 7.81e-07 | 51.81s
2025-06-27 06:03:51,315 - Early stopping at epoch 73
2025-06-27 06:03:52,057 - [task2] Training completed.
2025-06-27 06:03:52,059 - [task2] Consolidating EWC...
2025-06-27 06:04:24,958 - [task2] Consolidation done.
2025-06-27 06:04:24,960 - [task2] Baseline evaluation on own task task2 ...
2025-06-27 06:04:28,656 - [task2 Baseline on task2] RMSE: 3.5043e-02, MAE: 3.4355e-02
2025-06-27 06:04:28,657 - [task2] Baseline testing completed.
2025-06-27 06:04:28,661 - [task2] Backward testing on previous task task0...
2025-06-27 06:04:33,709 - [task2 BACKWARD on task0] RMSE: 2.2331e-02, MAE: 1.8738e-02
2025-06-27 06:04:33,711 - [task2] Backward testing on previous task task1...
2025-06-27 06:04:37,512 - [task2 BACKWARD on task1] RMSE: 5.3442e-02, MAE: 5.0436e-02
2025-06-27 06:04:37,513 - [task2] ΔMAE on task0: -2.6556e-02
2025-06-27 06:04:37,514 - [task2] ΔMAE on task1: -1.8802e-04
2025-06-27 06:04:37,515 - [task2] ACC (-MAE): -3.4510e-02
2025-06-27 06:04:37,517 - [task2] BWT: -1.3372e-02
2025-06-27 06:04:37,518 - [task2] FWT: +1.0782e-01
2025-06-27 06:04:37,520 - [task2] Evaluating BEST checkpoint...
2025-06-27 06:04:46,136 - [task2 Evaluation on full test set] RMSE: 3.5783e-02, MAE: 3.0684e-02, R2: 0.8191
2025-06-27 06:04:46,138 - [task2] Evaluation completed.
2025-06-27 06:04:46,158 - Saved ACC/BWT/FWT history to /beegfs/home/users/z/zzhuqshun/Thesis/04_NNs/model/ewc_lwf/incremental/continual_metrics.csv
2025-06-27 06:04:46,770 - ==== All tasks completed ====
