2025-08-04 18:34:01,992 - ==== Experiment Setup ====
2025-08-04 18:34:02,000 - Mode: joint
2025-08-04 18:34:02,007 - Method: Adapter Fine-tuning
2025-08-04 18:34:02,014 - Number of tasks: 3
2025-08-04 18:34:02,021 - Random seed: 42
2025-08-04 18:34:02,027 - Adapter size: 32
2025-08-04 18:34:02,033 - Freeze backbone: True
2025-08-04 18:34:02,040 - Base directory: /beegfs/home/users/z/zzhuqshun/Thesis/06_adapter/joint_silu
2025-08-04 18:34:02,048 - ==== Joint Training (Baseline) ====
2025-08-04 18:35:34,328 - Joint training - Train IDs: ['03', '05', '07', '09', '11', '15', '21', '23', '25', '27', '29'], size: 205644
2025-08-04 18:35:34,345 - Joint training - Val IDs: ['01', '19', '13'], size: 58177
2025-08-04 18:35:34,347 - Joint training - Test ID: 17, size: 22872
2025-08-04 18:35:34,364 -   (Scaler) Scaler centers: [ 3.342422    0.17992967 27.75      ]
2025-08-04 18:35:34,371 -   (Scaler) Scaler scales: [0.18428363 1.77955483 1.81783333]
2025-08-04 18:35:34,801 - Training full model with 208513 parameters
2025-08-04 18:44:11,853 - Epoch 0 train=1.7949e-02 val=2.5120e-03 lr=1.00e-04 time=238.74s
2025-08-04 18:48:12,072 - Epoch 1 train=6.5982e-03 val=1.6559e-03 lr=1.00e-04 time=223.54s
2025-08-04 18:52:07,640 - Epoch 2 train=4.2046e-03 val=2.1427e-03 lr=1.00e-04 time=218.93s
2025-08-04 18:56:03,080 - Epoch 3 train=2.5837e-03 val=1.1665e-03 lr=1.00e-04 time=218.83s
2025-08-04 18:59:54,013 - Epoch 4 train=1.6416e-03 val=7.4783e-04 lr=1.00e-04 time=214.26s
2025-08-04 19:04:21,508 - Epoch 5 train=1.0313e-03 val=6.6285e-04 lr=1.00e-04 time=250.85s
2025-08-04 19:08:43,284 - Epoch 6 train=7.4494e-04 val=5.7249e-04 lr=1.00e-04 time=245.11s
2025-08-04 19:13:08,814 - Epoch 7 train=4.3454e-04 val=1.3513e-03 lr=1.00e-04 time=248.84s
2025-08-04 19:17:26,951 - Epoch 8 train=2.8853e-04 val=6.5939e-04 lr=1.00e-04 time=241.47s
2025-08-04 19:21:50,455 - Epoch 9 train=2.0612e-04 val=4.5780e-04 lr=1.00e-04 time=246.87s
2025-08-04 19:26:41,654 - Epoch 10 train=1.7974e-04 val=4.9040e-04 lr=1.00e-04 time=274.54s
2025-08-04 19:31:00,719 - Epoch 11 train=1.3610e-04 val=5.0822e-04 lr=1.00e-04 time=242.46s
2025-08-04 19:35:11,999 - Epoch 12 train=1.1598e-04 val=7.4476e-04 lr=1.00e-04 time=234.66s
2025-08-04 19:39:27,363 - Epoch 13 train=1.0737e-04 val=9.3879e-04 lr=1.00e-04 time=238.76s
2025-08-04 19:43:09,185 - Epoch 14 train=1.0303e-04 val=8.2136e-04 lr=1.00e-04 time=205.20s
2025-08-04 19:47:06,870 - Epoch 15 train=9.9025e-05 val=7.0266e-04 lr=1.00e-04 time=221.04s
2025-08-04 19:51:03,149 - Epoch 16 train=8.0732e-05 val=7.4719e-04 lr=5.00e-05 time=219.66s
2025-08-04 19:54:54,806 - Epoch 17 train=8.1181e-05 val=7.9510e-04 lr=5.00e-05 time=215.04s
2025-08-04 19:58:49,269 - Epoch 18 train=8.0706e-05 val=6.5364e-04 lr=5.00e-05 time=217.87s
2025-08-04 20:02:44,212 - Epoch 19 train=7.8654e-05 val=7.4294e-04 lr=5.00e-05 time=218.33s
2025-08-04 20:06:29,922 - Epoch 20 train=7.9538e-05 val=6.9276e-04 lr=5.00e-05 time=209.09s
2025-08-04 20:10:07,048 - Epoch 21 train=7.6866e-05 val=6.3988e-04 lr=5.00e-05 time=200.54s
2025-08-04 20:13:43,976 - Epoch 22 train=7.0670e-05 val=6.9753e-04 lr=2.50e-05 time=200.33s
2025-08-04 20:17:25,262 - Epoch 23 train=6.9899e-05 val=7.2098e-04 lr=2.50e-05 time=204.68s
2025-08-04 20:21:22,359 - Epoch 24 train=6.9969e-05 val=6.5738e-04 lr=2.50e-05 time=220.50s
2025-08-04 20:25:19,390 - Epoch 25 train=6.9215e-05 val=6.5217e-04 lr=2.50e-05 time=220.43s
2025-08-04 20:29:17,527 - Epoch 26 train=6.8898e-05 val=6.1805e-04 lr=2.50e-05 time=221.51s
2025-08-04 20:33:22,803 - Epoch 27 train=6.8426e-05 val=6.2539e-04 lr=2.50e-05 time=228.68s
2025-08-04 20:37:22,892 - Epoch 28 train=6.4378e-05 val=6.1934e-04 lr=1.25e-05 time=223.48s
2025-08-04 20:41:17,277 - Epoch 29 train=6.3955e-05 val=5.9967e-04 lr=1.25e-05 time=217.74s
2025-08-04 20:41:17,282 - Early stopping at epoch 29
2025-08-04 20:41:30,728 - Eval RMSE 1.9217e-02 MAE 1.3227e-02 R2 0.9478
2025-08-04 20:41:37,268 - ==== Joint Training Complete ====
2025-08-04 20:41:37,273 - ==== Experiment Complete ====
