Using device: cuda:0

Degradation categories and rates:
    cell_id      rate category
0       01  0.000391   normal
1       03  0.000518   normal
2       05  0.000499   normal
3       07  0.000750   normal
4       09  0.003106   faster
5       11  0.003046   faster
6       13  0.008297   faster
7       15  0.006153   faster
8       17  0.001771     fast
9       19  0.001001     fast
10      21  0.001098     fast
11      23  0.000973     fast
12      25  0.002719     fast
13      27  0.000463   normal
14      29  0.006876   faster 

Train IDs: ['03', '05', '07', '09', '11', '15', '21', '23', '25', '27', '29'], Val IDs: ['01', '19', '13'], Test IDs: ['17']
Shapes -> Train: (205444, 7), Val: (58110, 7), Test: (22846, 7)

Features scaled with StandardScaler
Model architecture:
SOHLSTM(
  (lstm): LSTM(3, 128, num_layers=5, batch_first=True, dropout=0.3)
  (fc_layers): Sequential(
    (0): Linear(in_features=128, out_features=64, bias=True)
    (1): LeakyReLU(negative_slope=0.01)
    (2): Dropout(p=0.3, inplace=False)
    (3): Linear(in_features=64, out_features=1, bias=True)
  )
)
Total trainable parameters: 604,801

Start training...
Epoch 1/100 | Train Loss: 1.166e-02 | Val Loss: 1.838e-03 | LR: 1.00e-04
Epoch 2/100 | Train Loss: 3.435e-03 | Val Loss: 1.136e-03 | LR: 1.00e-04
Epoch 3/100 | Train Loss: 1.653e-03 | Val Loss: 8.985e-04 | LR: 1.00e-04
Epoch 4/100 | Train Loss: 1.153e-03 | Val Loss: 9.920e-04 | LR: 1.00e-04
Epoch 5/100 | Train Loss: 9.733e-04 | Val Loss: 6.639e-04 | LR: 1.00e-04
Epoch 6/100 | Train Loss: 8.865e-04 | Val Loss: 1.059e-03 | LR: 1.00e-04
Epoch 7/100 | Train Loss: 8.366e-04 | Val Loss: 1.149e-03 | LR: 1.00e-04
Epoch 8/100 | Train Loss: 8.232e-04 | Val Loss: 6.653e-04 | LR: 1.00e-04
Epoch 9/100 | Train Loss: 8.121e-04 | Val Loss: 6.445e-04 | LR: 1.00e-04
Epoch 10/100 | Train Loss: 7.945e-04 | Val Loss: 5.669e-04 | LR: 1.00e-04
Epoch 11/100 | Train Loss: 7.853e-04 | Val Loss: 7.326e-04 | LR: 1.00e-04
Epoch 12/100 | Train Loss: 7.766e-04 | Val Loss: 5.466e-04 | LR: 1.00e-04
Epoch 13/100 | Train Loss: 7.733e-04 | Val Loss: 6.063e-04 | LR: 1.00e-04
Epoch 14/100 | Train Loss: 7.695e-04 | Val Loss: 6.653e-04 | LR: 1.00e-04
Epoch 15/100 | Train Loss: 7.622e-04 | Val Loss: 7.292e-04 | LR: 1.00e-04
Epoch 16/100 | Train Loss: 7.497e-04 | Val Loss: 6.568e-04 | LR: 1.00e-04
Epoch 17/100 | Train Loss: 7.483e-04 | Val Loss: 7.487e-04 | LR: 1.00e-04
Epoch 18/100 | Train Loss: 7.407e-04 | Val Loss: 1.053e-03 | LR: 5.00e-05
Epoch 19/100 | Train Loss: 6.842e-04 | Val Loss: 9.437e-04 | LR: 5.00e-05
Epoch 20/100 | Train Loss: 6.730e-04 | Val Loss: 6.958e-04 | LR: 5.00e-05
Epoch 21/100 | Train Loss: 6.616e-04 | Val Loss: 1.263e-03 | LR: 5.00e-05
Epoch 22/100 | Train Loss: 6.600e-04 | Val Loss: 1.370e-03 | LR: 5.00e-05
Early stopping at epoch 22
Final model saved to /beegfs/home/users/z/zzhuqshun/Thesis/04_NNs/models/LSTM/resample-10min/seq2days/last_soh_model.pth
Best model saved to /beegfs/home/users/z/zzhuqshun/Thesis/04_NNs/models/LSTM/resample-10min/seq2days/best_soh_model.pth

Training complete. Best validation loss: 0.000547

Evaluating the model on the testing set...
RMSE: 0.0195
MAE: 0.0155
R²: 0.9475
Prediction plot saved for cell 17
Prediction scatter plot saved for cell 17
