2025-08-14 19:21:08,330 - INFO - ==== Incremental Training (SI + KD via IncTrainer) ====
2025-08-14 19:21:08,376 - INFO - Number of tasks: 3
2025-08-14 19:22:34,616 - INFO - Incremental training - Task 0 Train IDs: ['03', '27', '05', '21', '11'], size: 107395
2025-08-14 19:22:34,624 - INFO - Incremental training - Task 0 Val IDs: ['01'], size: 20028
2025-08-14 19:22:34,631 - INFO - Incremental training - Test Task 0 size: 8584
2025-08-14 19:22:34,637 - INFO - Incremental training - Task 1 Train IDs: ['09', '29', '25'], size: 41175
2025-08-14 19:22:34,644 - INFO - Incremental training - Task 1 Val IDs: ['19'], size: 16183
2025-08-14 19:22:34,654 - INFO - Incremental training - Test Task 1 size: 6937
2025-08-14 19:22:34,662 - INFO - Incremental training - Task 2 Train IDs: ['15', '07', '23'], size: 57074
2025-08-14 19:22:34,669 - INFO - Incremental training - Task 2 Val IDs: ['13'], size: 4511
2025-08-14 19:22:34,676 - INFO - Incremental training - Test Task 2 size: 1934
2025-08-14 19:22:34,705 - INFO -   (Scaler) Scaler centers: [ 3.3374245   0.101279   27.50083333]
2025-08-14 19:22:34,713 - INFO -   (Scaler) Scaler scales: [0.18253608 1.77971742 1.05683333]
2025-08-14 19:22:35,326 - INFO - ========== Model Structure ==========
2025-08-14 19:22:35,333 - INFO - 
SOHLSTM(
  (lstm): LSTM(3, 128, num_layers=2, batch_first=True, dropout=0.3)
  (fc): Sequential(
    (0): Linear(in_features=128, out_features=64, bias=True)
    (1): LeakyReLU(negative_slope=0.01)
    (2): Dropout(p=0.3, inplace=False)
    (3): Linear(in_features=64, out_features=1, bias=True)
  )
)
2025-08-14 19:22:35,342 - INFO - =====================================
2025-08-14 19:22:35,350 - INFO - ====== Model Parameters Details ======
2025-08-14 19:22:35,358 - INFO - lstm.weight_ih_l0                                  | trainable |     1536 params
2025-08-14 19:22:35,366 - INFO - lstm.weight_hh_l0                                  | trainable |    65536 params
2025-08-14 19:22:35,374 - INFO - lstm.bias_ih_l0                                    | trainable |      512 params
2025-08-14 19:22:35,382 - INFO - lstm.bias_hh_l0                                    | trainable |      512 params
2025-08-14 19:22:35,390 - INFO - lstm.weight_ih_l1                                  | trainable |    65536 params
2025-08-14 19:22:35,398 - INFO - lstm.weight_hh_l1                                  | trainable |    65536 params
2025-08-14 19:22:35,403 - INFO - lstm.bias_ih_l1                                    | trainable |      512 params
2025-08-14 19:22:35,412 - INFO - lstm.bias_hh_l1                                    | trainable |      512 params
2025-08-14 19:22:35,418 - INFO - fc.0.weight                                        | trainable |     8192 params
2025-08-14 19:22:35,426 - INFO - fc.0.bias                                          | trainable |       64 params
2025-08-14 19:22:35,433 - INFO - fc.3.weight                                        | trainable |       64 params
2025-08-14 19:22:35,441 - INFO - fc.3.bias                                          | trainable |        1 params
2025-08-14 19:22:35,446 - INFO - --------------------------------------------------------------------------------
2025-08-14 19:22:35,451 - INFO - Total params:                                          208513 params (only trainable)
2025-08-14 19:22:35,456 - INFO - =====================================
2025-08-14 19:28:55,218 - INFO - [Task 0][Ep 0] train=3.4183e-02 val=1.8106e-03 | KL=0.000 | Lambda: KD=0.0000 SI=0.0000 | Ratio: KD=0.00 SI=0.00 | lr=1.00e-04 time=151.09s
2025-08-14 19:30:59,641 - INFO - [Task 0][Ep 1] train=7.4524e-03 val=9.6827e-04 | KL=0.000 | Lambda: KD=0.0000 SI=0.0000 | Ratio: KD=0.00 SI=0.00 | lr=1.00e-04 time=124.36s
2025-08-14 19:33:33,753 - INFO - [Task 0][Ep 2] train=5.6415e-03 val=1.1449e-03 | KL=0.000 | Lambda: KD=0.0000 SI=0.0000 | Ratio: KD=0.00 SI=0.00 | lr=1.00e-04 time=154.04s
2025-08-14 19:36:10,975 - INFO - [Task 0][Ep 3] train=4.6389e-03 val=5.0094e-04 | KL=0.000 | Lambda: KD=0.0000 SI=0.0000 | Ratio: KD=0.00 SI=0.00 | lr=1.00e-04 time=157.20s
2025-08-14 19:38:15,227 - INFO - [Task 0][Ep 4] train=3.7085e-03 val=1.0208e-03 | KL=0.000 | Lambda: KD=0.0000 SI=0.0000 | Ratio: KD=0.00 SI=0.00 | lr=1.00e-04 time=124.19s
2025-08-14 19:40:00,103 - INFO - [Task 0][Ep 5] train=2.8454e-03 val=3.8385e-04 | KL=0.000 | Lambda: KD=0.0000 SI=0.0000 | Ratio: KD=0.00 SI=0.00 | lr=1.00e-04 time=104.87s
2025-08-14 19:41:44,737 - INFO - [Task 0][Ep 6] train=1.9421e-03 val=3.4660e-04 | KL=0.000 | Lambda: KD=0.0000 SI=0.0000 | Ratio: KD=0.00 SI=0.00 | lr=1.00e-04 time=104.61s
2025-08-14 19:44:27,750 - INFO - [Task 0][Ep 7] train=1.3745e-03 val=2.3536e-04 | KL=0.000 | Lambda: KD=0.0000 SI=0.0000 | Ratio: KD=0.00 SI=0.00 | lr=1.00e-04 time=162.98s
2025-08-14 19:47:25,336 - INFO - [Task 0][Ep 8] train=1.1364e-03 val=2.8731e-04 | KL=0.000 | Lambda: KD=0.0000 SI=0.0000 | Ratio: KD=0.00 SI=0.00 | lr=1.00e-04 time=177.45s
2025-08-14 19:49:59,975 - INFO - [Task 0][Ep 9] train=8.5875e-04 val=9.2570e-04 | KL=0.000 | Lambda: KD=0.0000 SI=0.0000 | Ratio: KD=0.00 SI=0.00 | lr=1.00e-04 time=154.63s
2025-08-14 19:52:34,733 - INFO - [Task 0][Ep 10] train=6.4584e-04 val=9.1032e-04 | KL=0.000 | Lambda: KD=0.0000 SI=0.0000 | Ratio: KD=0.00 SI=0.00 | lr=1.00e-04 time=154.75s
2025-08-14 19:55:21,590 - INFO - [Task 0][Ep 11] train=5.3215e-04 val=1.2565e-03 | KL=0.000 | Lambda: KD=0.0000 SI=0.0000 | Ratio: KD=0.00 SI=0.00 | lr=1.00e-04 time=166.84s
2025-08-14 19:58:43,376 - INFO - [Task 0][Ep 12] train=4.7213e-04 val=8.5282e-03 | KL=0.000 | Lambda: KD=0.0000 SI=0.0000 | Ratio: KD=0.00 SI=0.00 | lr=1.00e-04 time=201.77s
2025-08-14 20:02:01,074 - INFO - [Task 0][Ep 13] train=4.5206e-04 val=2.6870e-03 | KL=0.000 | Lambda: KD=0.0000 SI=0.0000 | Ratio: KD=0.00 SI=0.00 | lr=5.00e-05 time=197.66s
2025-08-14 20:05:05,432 - INFO - [Task 0][Ep 14] train=3.1625e-04 val=1.1495e-02 | KL=0.000 | Lambda: KD=0.0000 SI=0.0000 | Ratio: KD=0.00 SI=0.00 | lr=5.00e-05 time=184.33s
2025-08-14 20:08:54,212 - INFO - [Task 0][Ep 15] train=2.0442e-04 val=1.1450e-02 | KL=0.000 | Lambda: KD=0.0000 SI=0.0000 | Ratio: KD=0.00 SI=0.00 | lr=5.00e-05 time=228.75s
2025-08-14 20:12:42,021 - INFO - [Task 0][Ep 16] train=2.8454e-04 val=5.0561e-03 | KL=0.000 | Lambda: KD=0.0000 SI=0.0000 | Ratio: KD=0.00 SI=0.00 | lr=5.00e-05 time=227.76s
2025-08-14 20:16:25,652 - INFO - [Task 0][Ep 17] train=4.2232e-04 val=7.1749e-03 | KL=0.000 | Lambda: KD=0.0000 SI=0.0000 | Ratio: KD=0.00 SI=0.00 | lr=5.00e-05 time=223.59s
2025-08-14 20:20:10,868 - INFO - [Task 0][Ep 18] train=2.4178e-04 val=7.7412e-03 | KL=0.000 | Lambda: KD=0.0000 SI=0.0000 | Ratio: KD=0.00 SI=0.00 | lr=5.00e-05 time=225.19s
2025-08-14 20:23:50,818 - INFO - [Task 0][Ep 19] train=1.7374e-04 val=8.2510e-03 | KL=0.000 | Lambda: KD=0.0000 SI=0.0000 | Ratio: KD=0.00 SI=0.00 | lr=2.50e-05 time=219.90s
2025-08-14 20:27:33,615 - INFO - [Task 0][Ep 20] train=1.1908e-04 val=7.0348e-03 | KL=0.000 | Lambda: KD=0.0000 SI=0.0000 | Ratio: KD=0.00 SI=0.00 | lr=2.50e-05 time=222.76s
2025-08-14 20:30:54,622 - INFO - [Task 0][Ep 21] train=1.0881e-04 val=4.9684e-03 | KL=0.000 | Lambda: KD=0.0000 SI=0.0000 | Ratio: KD=0.00 SI=0.00 | lr=2.50e-05 time=200.98s
2025-08-14 20:32:45,102 - INFO - [Task 0][Ep 22] train=9.9826e-05 val=5.4105e-03 | KL=0.000 | Lambda: KD=0.0000 SI=0.0000 | Ratio: KD=0.00 SI=0.00 | lr=2.50e-05 time=110.47s
2025-08-14 20:34:38,295 - INFO - [Task 0][Ep 23] train=9.6723e-05 val=4.8673e-03 | KL=0.000 | Lambda: KD=0.0000 SI=0.0000 | Ratio: KD=0.00 SI=0.00 | lr=2.50e-05 time=113.19s
2025-08-14 20:36:34,336 - INFO - [Task 0][Ep 24] train=9.0518e-05 val=4.2275e-03 | KL=0.000 | Lambda: KD=0.0000 SI=0.0000 | Ratio: KD=0.00 SI=0.00 | lr=2.50e-05 time=116.03s
2025-08-14 20:38:18,320 - INFO - [Task 0][Ep 25] train=8.6469e-05 val=8.7125e-03 | KL=0.000 | Lambda: KD=0.0000 SI=0.0000 | Ratio: KD=0.00 SI=0.00 | lr=1.25e-05 time=103.98s
2025-08-14 20:40:00,633 - INFO - [Task 0][Ep 26] train=8.0020e-05 val=4.1118e-03 | KL=0.000 | Lambda: KD=0.0000 SI=0.0000 | Ratio: KD=0.00 SI=0.00 | lr=1.25e-05 time=102.31s
2025-08-14 20:41:43,294 - INFO - [Task 0][Ep 27] train=7.8008e-05 val=4.4624e-03 | KL=0.000 | Lambda: KD=0.0000 SI=0.0000 | Ratio: KD=0.00 SI=0.00 | lr=1.25e-05 time=102.66s
2025-08-14 20:41:43,317 - INFO - [Task 0] Early stopping at epoch 27
2025-08-14 20:42:44,851 - INFO - [Task 1][Ep 0] train=4.2359e-03 val=6.9734e-04 | KL=0.163 | Lambda: KD=0.1011 SI=0.0806 | Ratio: KD=44.18 SI=0.00 | lr=1.00e-04 time=53.22s
2025-08-14 20:43:40,063 - INFO - [Task 1][Ep 1] train=3.8844e-03 val=1.5194e-03 | KL=0.163 | Lambda: KD=0.1011 SI=0.0806 | Ratio: KD=48.59 SI=0.00 | lr=1.00e-04 time=55.17s
2025-08-14 20:44:32,927 - INFO - [Task 1][Ep 2] train=3.6380e-03 val=4.5568e-04 | KL=0.163 | Lambda: KD=0.1011 SI=0.0806 | Ratio: KD=52.38 SI=0.00 | lr=1.00e-04 time=52.86s
2025-08-14 20:45:25,853 - INFO - [Task 1][Ep 3] train=3.5047e-03 val=7.4368e-04 | KL=0.164 | Lambda: KD=0.1011 SI=0.0806 | Ratio: KD=53.34 SI=0.00 | lr=1.00e-04 time=52.90s
2025-08-14 20:46:18,789 - INFO - [Task 1][Ep 4] train=3.3374e-03 val=5.1601e-04 | KL=0.164 | Lambda: KD=0.1011 SI=0.0806 | Ratio: KD=56.92 SI=0.00 | lr=1.00e-04 time=52.93s
2025-08-14 20:47:12,065 - INFO - [Task 1][Ep 5] train=3.1684e-03 val=3.2692e-04 | KL=0.163 | Lambda: KD=0.1011 SI=0.0806 | Ratio: KD=60.13 SI=0.00 | lr=1.00e-04 time=53.27s
2025-08-14 20:48:05,408 - INFO - [Task 1][Ep 6] train=3.0442e-03 val=5.1474e-04 | KL=0.163 | Lambda: KD=0.1011 SI=0.0806 | Ratio: KD=61.56 SI=0.00 | lr=1.00e-04 time=53.31s
2025-08-14 20:48:58,570 - INFO - [Task 1][Ep 7] train=2.8628e-03 val=3.7862e-04 | KL=0.163 | Lambda: KD=0.1011 SI=0.0806 | Ratio: KD=65.20 SI=0.00 | lr=1.00e-04 time=53.16s
2025-08-14 20:49:51,842 - INFO - [Task 1][Ep 8] train=2.7842e-03 val=1.9909e-04 | KL=0.163 | Lambda: KD=0.1011 SI=0.0806 | Ratio: KD=67.02 SI=0.00 | lr=1.00e-04 time=53.27s
2025-08-14 20:50:45,117 - INFO - [Task 1][Ep 9] train=2.8947e-03 val=4.5055e-04 | KL=0.163 | Lambda: KD=0.1011 SI=0.0806 | Ratio: KD=65.17 SI=0.00 | lr=1.00e-04 time=53.24s
2025-08-14 20:51:38,370 - INFO - [Task 1][Ep 10] train=2.7700e-03 val=4.3545e-04 | KL=0.163 | Lambda: KD=0.1011 SI=0.0806 | Ratio: KD=67.85 SI=0.00 | lr=1.00e-04 time=53.23s
2025-08-14 20:52:31,620 - INFO - [Task 1][Ep 11] train=2.6823e-03 val=1.4007e-04 | KL=0.163 | Lambda: KD=0.1011 SI=0.0806 | Ratio: KD=69.52 SI=0.00 | lr=1.00e-04 time=53.25s
2025-08-14 20:53:24,555 - INFO - [Task 1][Ep 12] train=2.6400e-03 val=1.2449e-04 | KL=0.163 | Lambda: KD=0.1011 SI=0.0806 | Ratio: KD=70.91 SI=0.00 | lr=1.00e-04 time=52.91s
2025-08-14 20:54:17,680 - INFO - [Task 1][Ep 13] train=2.6028e-03 val=1.3587e-04 | KL=0.163 | Lambda: KD=0.1011 SI=0.0806 | Ratio: KD=71.80 SI=0.00 | lr=1.00e-04 time=53.10s
2025-08-14 20:55:11,089 - INFO - [Task 1][Ep 14] train=2.6452e-03 val=3.4956e-04 | KL=0.163 | Lambda: KD=0.1011 SI=0.0806 | Ratio: KD=70.79 SI=0.00 | lr=1.00e-04 time=53.40s
2025-08-14 20:56:04,939 - INFO - [Task 1][Ep 15] train=2.5388e-03 val=4.5546e-04 | KL=0.163 | Lambda: KD=0.1011 SI=0.0806 | Ratio: KD=73.73 SI=0.00 | lr=1.00e-04 time=53.85s
2025-08-14 20:56:58,439 - INFO - [Task 1][Ep 16] train=2.5507e-03 val=2.3726e-04 | KL=0.163 | Lambda: KD=0.1011 SI=0.0806 | Ratio: KD=73.35 SI=0.00 | lr=1.00e-04 time=53.50s
2025-08-14 20:57:53,312 - INFO - [Task 1][Ep 17] train=2.4551e-03 val=2.6025e-04 | KL=0.163 | Lambda: KD=0.1011 SI=0.0806 | Ratio: KD=76.22 SI=0.00 | lr=1.00e-04 time=54.87s
2025-08-14 20:58:46,524 - INFO - [Task 1][Ep 18] train=2.4311e-03 val=2.8367e-04 | KL=0.163 | Lambda: KD=0.1011 SI=0.0806 | Ratio: KD=76.89 SI=0.00 | lr=5.00e-05 time=53.20s
2025-08-14 20:59:40,135 - INFO - [Task 1][Ep 19] train=2.3740e-03 val=4.7395e-04 | KL=0.163 | Lambda: KD=0.1011 SI=0.0806 | Ratio: KD=78.75 SI=0.00 | lr=5.00e-05 time=53.61s
2025-08-14 21:00:33,723 - INFO - [Task 1][Ep 20] train=2.3612e-03 val=3.7344e-04 | KL=0.164 | Lambda: KD=0.1011 SI=0.0806 | Ratio: KD=79.05 SI=0.00 | lr=5.00e-05 time=53.59s
2025-08-14 21:01:26,782 - INFO - [Task 1][Ep 21] train=2.3535e-03 val=1.7704e-04 | KL=0.163 | Lambda: KD=0.1011 SI=0.0806 | Ratio: KD=79.43 SI=0.00 | lr=5.00e-05 time=53.06s
2025-08-14 21:02:20,650 - INFO - [Task 1][Ep 22] train=2.3623e-03 val=7.3193e-05 | KL=0.163 | Lambda: KD=0.1011 SI=0.0806 | Ratio: KD=79.00 SI=0.00 | lr=5.00e-05 time=53.87s
2025-08-14 21:03:13,935 - INFO - [Task 1][Ep 23] train=2.3367e-03 val=3.3340e-04 | KL=0.164 | Lambda: KD=0.1011 SI=0.0806 | Ratio: KD=79.81 SI=0.00 | lr=5.00e-05 time=53.24s
2025-08-14 21:04:08,849 - INFO - [Task 1][Ep 24] train=2.3273e-03 val=6.4750e-04 | KL=0.163 | Lambda: KD=0.1011 SI=0.0806 | Ratio: KD=80.22 SI=0.00 | lr=5.00e-05 time=54.91s
2025-08-14 21:05:04,332 - INFO - [Task 1][Ep 25] train=2.3428e-03 val=4.2899e-04 | KL=0.163 | Lambda: KD=0.1011 SI=0.0806 | Ratio: KD=79.70 SI=0.00 | lr=5.00e-05 time=55.48s
2025-08-14 21:06:00,642 - INFO - [Task 1][Ep 26] train=2.3191e-03 val=4.0158e-04 | KL=0.164 | Lambda: KD=0.1011 SI=0.0806 | Ratio: KD=80.40 SI=0.00 | lr=5.00e-05 time=56.31s
2025-08-14 21:06:55,880 - INFO - [Task 1][Ep 27] train=2.3166e-03 val=1.2542e-04 | KL=0.163 | Lambda: KD=0.1011 SI=0.0806 | Ratio: KD=80.53 SI=0.00 | lr=5.00e-05 time=55.23s
2025-08-14 21:07:50,842 - INFO - [Task 1][Ep 28] train=2.3066e-03 val=7.2595e-05 | KL=0.163 | Lambda: KD=0.1011 SI=0.0806 | Ratio: KD=80.81 SI=0.00 | lr=5.00e-05 time=54.96s
2025-08-14 21:08:45,470 - INFO - [Task 1][Ep 29] train=2.3024e-03 val=2.6917e-04 | KL=0.164 | Lambda: KD=0.1011 SI=0.0806 | Ratio: KD=80.93 SI=0.00 | lr=5.00e-05 time=54.60s
2025-08-14 21:09:40,795 - INFO - [Task 1][Ep 30] train=2.2966e-03 val=2.7348e-04 | KL=0.163 | Lambda: KD=0.1011 SI=0.0806 | Ratio: KD=81.10 SI=0.00 | lr=5.00e-05 time=55.32s
2025-08-14 21:10:34,014 - INFO - [Task 1][Ep 31] train=2.2930e-03 val=5.2031e-05 | KL=0.163 | Lambda: KD=0.1011 SI=0.0806 | Ratio: KD=81.19 SI=0.00 | lr=5.00e-05 time=53.19s
2025-08-14 21:11:27,453 - INFO - [Task 1][Ep 32] train=2.2873e-03 val=2.0803e-04 | KL=0.163 | Lambda: KD=0.1011 SI=0.0806 | Ratio: KD=81.43 SI=0.00 | lr=5.00e-05 time=53.37s
2025-08-14 21:12:20,785 - INFO - [Task 1][Ep 33] train=2.2879e-03 val=8.8390e-05 | KL=0.163 | Lambda: KD=0.1011 SI=0.0806 | Ratio: KD=81.40 SI=0.00 | lr=5.00e-05 time=53.31s
2025-08-14 21:13:13,797 - INFO - [Task 1][Ep 34] train=2.2831e-03 val=5.3306e-05 | KL=0.164 | Lambda: KD=0.1011 SI=0.0806 | Ratio: KD=81.54 SI=0.00 | lr=5.00e-05 time=53.01s
2025-08-14 21:14:07,422 - INFO - [Task 1][Ep 35] train=2.2989e-03 val=3.2996e-04 | KL=0.163 | Lambda: KD=0.1011 SI=0.0806 | Ratio: KD=80.91 SI=0.00 | lr=5.00e-05 time=53.62s
2025-08-14 21:15:01,224 - INFO - [Task 1][Ep 36] train=2.2698e-03 val=2.5869e-04 | KL=0.164 | Lambda: KD=0.1011 SI=0.0806 | Ratio: KD=82.04 SI=0.00 | lr=5.00e-05 time=53.80s
2025-08-14 21:15:55,033 - INFO - [Task 1][Ep 37] train=2.2734e-03 val=3.6521e-04 | KL=0.164 | Lambda: KD=0.1011 SI=0.0806 | Ratio: KD=81.92 SI=0.00 | lr=2.50e-05 time=53.80s
2025-08-14 21:16:48,847 - INFO - [Task 1][Ep 38] train=2.2493e-03 val=3.6331e-04 | KL=0.163 | Lambda: KD=0.1011 SI=0.0806 | Ratio: KD=82.75 SI=0.00 | lr=2.50e-05 time=53.81s
2025-08-14 21:17:42,596 - INFO - [Task 1][Ep 39] train=2.2490e-03 val=2.7831e-04 | KL=0.163 | Lambda: KD=0.1011 SI=0.0806 | Ratio: KD=82.74 SI=0.00 | lr=2.50e-05 time=53.74s
2025-08-14 21:18:36,224 - INFO - [Task 1][Ep 40] train=2.2427e-03 val=1.9935e-04 | KL=0.163 | Lambda: KD=0.1011 SI=0.0806 | Ratio: KD=82.92 SI=0.00 | lr=2.50e-05 time=53.62s
2025-08-14 21:19:29,908 - INFO - [Task 1][Ep 41] train=2.2429e-03 val=2.3250e-04 | KL=0.163 | Lambda: KD=0.1011 SI=0.0806 | Ratio: KD=83.01 SI=0.00 | lr=2.50e-05 time=53.68s
2025-08-14 21:20:23,523 - INFO - [Task 1][Ep 42] train=2.2494e-03 val=2.8055e-04 | KL=0.163 | Lambda: KD=0.1011 SI=0.0806 | Ratio: KD=82.70 SI=0.00 | lr=2.50e-05 time=53.61s
2025-08-14 21:21:17,117 - INFO - [Task 1][Ep 43] train=2.2376e-03 val=9.6330e-05 | KL=0.163 | Lambda: KD=0.1011 SI=0.0806 | Ratio: KD=83.12 SI=0.00 | lr=1.25e-05 time=53.59s
2025-08-14 21:22:10,728 - INFO - [Task 1][Ep 44] train=2.2295e-03 val=1.3716e-04 | KL=0.163 | Lambda: KD=0.1011 SI=0.0806 | Ratio: KD=83.48 SI=0.00 | lr=1.25e-05 time=53.61s
2025-08-14 21:23:04,496 - INFO - [Task 1][Ep 45] train=2.2267e-03 val=1.4637e-04 | KL=0.163 | Lambda: KD=0.1011 SI=0.0806 | Ratio: KD=83.56 SI=0.00 | lr=1.25e-05 time=53.76s
2025-08-14 21:23:58,289 - INFO - [Task 1][Ep 46] train=2.2271e-03 val=1.3285e-04 | KL=0.163 | Lambda: KD=0.1011 SI=0.0806 | Ratio: KD=83.56 SI=0.00 | lr=1.25e-05 time=53.78s
2025-08-14 21:24:52,109 - INFO - [Task 1][Ep 47] train=2.2223e-03 val=1.8913e-04 | KL=0.163 | Lambda: KD=0.1011 SI=0.0806 | Ratio: KD=83.76 SI=0.00 | lr=1.25e-05 time=53.81s
2025-08-14 21:25:46,087 - INFO - [Task 1][Ep 48] train=2.2210e-03 val=1.5114e-04 | KL=0.163 | Lambda: KD=0.1011 SI=0.0806 | Ratio: KD=83.73 SI=0.00 | lr=1.25e-05 time=53.98s
2025-08-14 21:26:39,892 - INFO - [Task 1][Ep 49] train=2.2220e-03 val=1.2195e-04 | KL=0.163 | Lambda: KD=0.1011 SI=0.0806 | Ratio: KD=83.77 SI=0.00 | lr=6.25e-06 time=53.80s
2025-08-14 21:27:33,724 - INFO - [Task 1][Ep 50] train=2.2159e-03 val=8.2474e-05 | KL=0.164 | Lambda: KD=0.1011 SI=0.0806 | Ratio: KD=84.01 SI=0.00 | lr=6.25e-06 time=53.83s
2025-08-14 21:28:27,552 - INFO - [Task 1][Ep 51] train=2.2141e-03 val=1.1122e-04 | KL=0.164 | Lambda: KD=0.1011 SI=0.0806 | Ratio: KD=84.02 SI=0.00 | lr=6.25e-06 time=53.82s
2025-08-14 21:28:27,557 - INFO - [Task 1] Early stopping at epoch 51
2025-08-14 21:29:41,009 - INFO - [Task 2][Ep 0] train=4.3874e-04 val=2.0364e-04 | KL=0.042 | Lambda: KD=0.1003 SI=0.0802 | Ratio: KD=28.74 SI=0.00 | lr=1.00e-04 time=69.77s
2025-08-14 21:30:50,929 - INFO - [Task 2][Ep 1] train=3.7591e-04 val=1.1895e-04 | KL=0.042 | Lambda: KD=0.1003 SI=0.0802 | Ratio: KD=32.96 SI=0.00 | lr=1.00e-04 time=69.84s
2025-08-14 21:32:00,685 - INFO - [Task 2][Ep 2] train=3.4312e-04 val=2.9712e-04 | KL=0.042 | Lambda: KD=0.1003 SI=0.0802 | Ratio: KD=35.45 SI=0.00 | lr=1.00e-04 time=69.71s
2025-08-14 21:33:10,287 - INFO - [Task 2][Ep 3] train=3.1630e-04 val=1.1018e-04 | KL=0.042 | Lambda: KD=0.1003 SI=0.0802 | Ratio: KD=38.13 SI=0.00 | lr=1.00e-04 time=69.60s
2025-08-14 21:34:20,089 - INFO - [Task 2][Ep 4] train=2.9471e-04 val=9.8083e-05 | KL=0.042 | Lambda: KD=0.1003 SI=0.0802 | Ratio: KD=40.56 SI=0.00 | lr=1.00e-04 time=69.76s
2025-08-14 21:35:29,827 - INFO - [Task 2][Ep 5] train=2.7281e-04 val=9.2293e-05 | KL=0.042 | Lambda: KD=0.1003 SI=0.0802 | Ratio: KD=43.36 SI=0.00 | lr=1.00e-04 time=69.70s
2025-08-14 21:36:39,521 - INFO - [Task 2][Ep 6] train=2.7216e-04 val=1.3409e-04 | KL=0.042 | Lambda: KD=0.1003 SI=0.0802 | Ratio: KD=43.44 SI=0.00 | lr=1.00e-04 time=69.64s
2025-08-14 21:37:49,178 - INFO - [Task 2][Ep 7] train=2.5621e-04 val=6.8157e-05 | KL=0.042 | Lambda: KD=0.1003 SI=0.0802 | Ratio: KD=46.01 SI=0.00 | lr=1.00e-04 time=69.66s
2025-08-14 21:38:58,885 - INFO - [Task 2][Ep 8] train=2.5253e-04 val=2.0124e-04 | KL=0.042 | Lambda: KD=0.1003 SI=0.0802 | Ratio: KD=46.46 SI=0.00 | lr=1.00e-04 time=69.64s
2025-08-14 21:40:08,466 - INFO - [Task 2][Ep 9] train=2.4314e-04 val=7.5908e-05 | KL=0.042 | Lambda: KD=0.1003 SI=0.0802 | Ratio: KD=48.13 SI=0.00 | lr=1.00e-04 time=69.58s
2025-08-14 21:41:18,077 - INFO - [Task 2][Ep 10] train=2.4176e-04 val=2.3146e-04 | KL=0.042 | Lambda: KD=0.1003 SI=0.0802 | Ratio: KD=48.31 SI=0.00 | lr=1.00e-04 time=69.61s
2025-08-14 21:42:27,395 - INFO - [Task 2][Ep 11] train=2.3671e-04 val=2.5149e-04 | KL=0.042 | Lambda: KD=0.1003 SI=0.0802 | Ratio: KD=49.12 SI=0.00 | lr=1.00e-04 time=69.32s
2025-08-14 21:43:36,925 - INFO - [Task 2][Ep 12] train=2.3898e-04 val=3.2070e-04 | KL=0.042 | Lambda: KD=0.1003 SI=0.0802 | Ratio: KD=48.78 SI=0.00 | lr=1.00e-04 time=69.53s
2025-08-14 21:44:46,351 - INFO - [Task 2][Ep 13] train=2.3742e-04 val=1.4359e-04 | KL=0.042 | Lambda: KD=0.1003 SI=0.0802 | Ratio: KD=48.94 SI=0.00 | lr=5.00e-05 time=69.43s
2025-08-14 21:45:55,364 - INFO - [Task 2][Ep 14] train=2.1243e-04 val=1.4829e-04 | KL=0.042 | Lambda: KD=0.1003 SI=0.0802 | Ratio: KD=54.19 SI=0.00 | lr=5.00e-05 time=68.98s
2025-08-14 21:47:03,373 - INFO - [Task 2][Ep 15] train=2.1286e-04 val=1.0253e-04 | KL=0.042 | Lambda: KD=0.1003 SI=0.0802 | Ratio: KD=54.01 SI=0.00 | lr=5.00e-05 time=68.00s
2025-08-14 21:48:10,446 - INFO - [Task 2][Ep 16] train=2.1409e-04 val=2.8666e-04 | KL=0.042 | Lambda: KD=0.1003 SI=0.0802 | Ratio: KD=53.79 SI=0.00 | lr=5.00e-05 time=67.07s
2025-08-14 21:49:17,509 - INFO - [Task 2][Ep 17] train=2.1148e-04 val=1.2844e-04 | KL=0.042 | Lambda: KD=0.1003 SI=0.0802 | Ratio: KD=54.29 SI=0.00 | lr=5.00e-05 time=67.06s
2025-08-14 21:50:24,450 - INFO - [Task 2][Ep 18] train=2.1187e-04 val=8.1695e-05 | KL=0.042 | Lambda: KD=0.1003 SI=0.0802 | Ratio: KD=54.27 SI=0.00 | lr=5.00e-05 time=66.94s
2025-08-14 21:51:31,114 - INFO - [Task 2][Ep 19] train=2.0677e-04 val=1.1678e-04 | KL=0.042 | Lambda: KD=0.1003 SI=0.0802 | Ratio: KD=55.50 SI=0.00 | lr=2.50e-05 time=66.65s
2025-08-14 21:52:37,926 - INFO - [Task 2][Ep 20] train=2.0229e-04 val=1.4917e-04 | KL=0.042 | Lambda: KD=0.1003 SI=0.0802 | Ratio: KD=56.52 SI=0.00 | lr=2.50e-05 time=66.81s
2025-08-14 21:53:44,931 - INFO - [Task 2][Ep 21] train=1.9981e-04 val=9.0005e-05 | KL=0.042 | Lambda: KD=0.1003 SI=0.0802 | Ratio: KD=57.08 SI=0.00 | lr=2.50e-05 time=67.00s
2025-08-14 21:54:52,039 - INFO - [Task 2][Ep 22] train=1.9962e-04 val=1.2900e-04 | KL=0.042 | Lambda: KD=0.1003 SI=0.0802 | Ratio: KD=57.32 SI=0.00 | lr=2.50e-05 time=67.11s
2025-08-14 21:56:00,427 - INFO - [Task 2][Ep 23] train=1.9691e-04 val=8.7023e-05 | KL=0.042 | Lambda: KD=0.1003 SI=0.0802 | Ratio: KD=57.97 SI=0.00 | lr=2.50e-05 time=68.38s
2025-08-14 21:57:06,747 - INFO - [Task 2][Ep 24] train=1.9610e-04 val=1.3084e-04 | KL=0.042 | Lambda: KD=0.1003 SI=0.0802 | Ratio: KD=58.17 SI=0.00 | lr=2.50e-05 time=66.32s
2025-08-14 21:58:12,824 - INFO - [Task 2][Ep 25] train=1.9646e-04 val=1.2122e-04 | KL=0.042 | Lambda: KD=0.1003 SI=0.0802 | Ratio: KD=57.95 SI=0.00 | lr=1.25e-05 time=66.08s
2025-08-14 21:59:18,956 - INFO - [Task 2][Ep 26] train=1.9098e-04 val=8.7573e-05 | KL=0.042 | Lambda: KD=0.1003 SI=0.0802 | Ratio: KD=59.58 SI=0.00 | lr=1.25e-05 time=66.11s
2025-08-14 22:00:25,632 - INFO - [Task 2][Ep 27] train=1.9154e-04 val=9.8651e-05 | KL=0.042 | Lambda: KD=0.1003 SI=0.0802 | Ratio: KD=59.36 SI=0.00 | lr=1.25e-05 time=66.68s
2025-08-14 22:00:25,634 - INFO - [Task 2] Early stopping at epoch 27
2025-08-14 22:00:29,681 - INFO - ==== Incremental Training Complete ====
2025-08-14 22:00:29,682 - INFO - Evaluating final model...
2025-08-14 22:00:29,684 - INFO - ==== Starting Comprehensive Evaluation ====
2025-08-14 22:00:29,703 - INFO - Evaluating model trained after task 0...
2025-08-14 22:00:36,081 - INFO - Full test set evaluation: MAE=5.6224e-02, R2=0.1693
2025-08-14 22:00:41,593 - INFO -   Task 0 -> Test Task 0: MAE=2.7923e-02, R2=-29.2707
2025-08-14 22:00:43,359 - INFO -   Task 0 -> Test Task 1: MAE=3.5453e-02, R2=-2.1284
2025-08-14 22:00:43,708 - INFO -   Task 0 -> Test Task 2: MAE=7.2164e-01, R2=-980.0900
2025-08-14 22:00:43,711 - INFO - Evaluating model trained after task 1...
2025-08-14 22:00:50,132 - INFO - Full test set evaluation: MAE=3.5645e-02, R2=0.7528
2025-08-14 22:00:55,709 - INFO -   Task 1 -> Test Task 0: MAE=4.1395e-02, R2=-67.0829
2025-08-14 22:00:57,477 - INFO -   Task 1 -> Test Task 1: MAE=2.2415e-02, R2=-0.3317
2025-08-14 22:00:57,829 - INFO -   Task 1 -> Test Task 2: MAE=5.9855e-02, R2=-6.3281
2025-08-14 22:00:57,832 - INFO - Evaluating model trained after task 2...
2025-08-14 22:01:04,227 - INFO - Full test set evaluation: MAE=3.8824e-02, R2=0.7091
2025-08-14 22:01:10,033 - INFO -   Task 2 -> Test Task 0: MAE=3.7181e-02, R2=-54.0599
2025-08-14 22:01:11,800 - INFO -   Task 2 -> Test Task 1: MAE=2.6067e-02, R2=-0.5885
2025-08-14 22:01:12,150 - INFO -   Task 2 -> Test Task 2: MAE=7.7850e-03, R2=0.8523
2025-08-14 22:01:12,152 - INFO - ==== Computing Continual Learning Metrics ====
2025-08-14 22:01:12,155 - INFO - Computing random initialization baselines...
2025-08-14 22:01:14,420 - INFO -   Baseline Task 0: R=-0.9732
2025-08-14 22:01:16,165 - INFO -   Baseline Task 1: R=-0.9253
2025-08-14 22:01:16,510 - INFO -   Baseline Task 2: R=-0.6923
2025-08-14 22:01:16,513 - INFO - ==== Continual Learning Results ====
2025-08-14 22:01:16,515 - INFO - BWT (Backward Transfer): -0.0065 (negative = forgetting)
2025-08-14 22:01:16,518 - INFO - FWT (Forward Transfer): 0.7611 (positive = beneficial transfer)
2025-08-14 22:01:16,520 - INFO - ACC (Average Accuracy): -0.0237
2025-08-14 22:01:16,524 - INFO - ==== Performance Matrix R[i][j] ====
2025-08-14 22:01:16,527 - INFO - Rows: trained after task i, Columns: evaluated on task j
2025-08-14 22:01:16,529 - INFO -        Task 0 Task 1 Task 2
2025-08-14 22:01:16,532 - INFO - Task 0: -0.0279 -0.0355 -0.7216
2025-08-14 22:01:16,534 - INFO - Task 1: -0.0414 -0.0224 -0.0599
2025-08-14 22:01:16,536 - INFO - Task 2: -0.0372 -0.0261 -0.0078
2025-08-14 22:01:16,613 - INFO - ==== Evaluation Complete ====
2025-08-14 22:01:16,615 - INFO - All results saved to: /beegfs/home/users/z/zzhuqshun/Thesis/final/tryout_train_input/metrics
