2025-07-21 13:02:46,538 - ==== Incremental Training Phase ====
2025-07-21 13:04:31,192 - Incremental training - Task 0 Train IDs: ['03', '05', '07', '27'], size: 92079
2025-07-21 13:04:31,194 - Incremental training - Task 0 Val IDs: ['01'], size: 28612
2025-07-21 13:04:31,196 - Incremental training - Task 1 Train IDs: ['21', '23', '25'], size: 65674
2025-07-21 13:04:31,198 - Incremental training - Task 1 Val IDs: ['19'], size: 23120
2025-07-21 13:04:31,201 - Incremental training - Task 2 Train IDs: ['09', '11', '15', '29'], size: 47891
2025-07-21 13:04:31,203 - Incremental training - Task 2 Val IDs: ['13'], size: 6445
2025-07-21 13:04:31,206 - Incremental training - Test ID: 17, size: 22872
2025-07-21 13:04:31,208 - Incremental training - Test Task 0 size: 11139
2025-07-21 13:04:31,211 - Incremental training - Test Task 1 size: 6312
2025-07-21 13:04:31,213 - Incremental training - Test Task 2 size: 5421
2025-07-21 13:04:31,226 -   (Scaler) Scaler centers: [ 3.31975183  0.         27.55116667]
2025-07-21 13:04:31,229 -   (Scaler) Scaler scales: [0.20016217 1.86108033 1.05333333]
2025-07-21 13:04:37,320 - ==== Training task task0 ====
2025-07-21 13:04:37,322 - Applying LWF alpha: 0.0000
2025-07-21 13:07:41,993 - Epoch 000 | task 3.8185e-02 | kd 0.0000e+00 | ewc 0.0000e+00 | val 3.9701e-04 | lr 1.00e-04 | 88.22s
2025-07-21 13:09:06,527 - Epoch 001 | task 7.2809e-03 | kd 0.0000e+00 | ewc 0.0000e+00 | val 1.2390e-03 | lr 1.00e-04 | 84.46s
2025-07-21 13:10:34,287 - Epoch 002 | task 5.3336e-03 | kd 0.0000e+00 | ewc 0.0000e+00 | val 4.1007e-04 | lr 1.00e-04 | 87.73s
2025-07-21 13:12:07,239 - Epoch 003 | task 4.3114e-03 | kd 0.0000e+00 | ewc 0.0000e+00 | val 5.2683e-04 | lr 1.00e-04 | 92.95s
2025-07-21 13:13:43,817 - Epoch 004 | task 3.4078e-03 | kd 0.0000e+00 | ewc 0.0000e+00 | val 4.0077e-04 | lr 1.00e-04 | 96.57s
2025-07-21 13:15:13,088 - Epoch 005 | task 2.6546e-03 | kd 0.0000e+00 | ewc 0.0000e+00 | val 4.2909e-04 | lr 1.00e-04 | 89.23s
2025-07-21 13:16:38,692 - Epoch 006 | task 2.0628e-03 | kd 0.0000e+00 | ewc 0.0000e+00 | val 4.1929e-04 | lr 5.00e-05 | 85.58s
2025-07-21 13:18:00,527 - Epoch 007 | task 1.6437e-03 | kd 0.0000e+00 | ewc 0.0000e+00 | val 4.1027e-04 | lr 5.00e-05 | 81.81s
2025-07-21 13:19:25,778 - Epoch 008 | task 1.3989e-03 | kd 0.0000e+00 | ewc 0.0000e+00 | val 4.0465e-04 | lr 5.00e-05 | 85.25s
2025-07-21 13:20:51,845 - Epoch 009 | task 1.1847e-03 | kd 0.0000e+00 | ewc 0.0000e+00 | val 5.2821e-04 | lr 5.00e-05 | 86.06s
2025-07-21 13:22:14,391 - Epoch 010 | task 1.0242e-03 | kd 0.0000e+00 | ewc 0.0000e+00 | val 4.1433e-04 | lr 5.00e-05 | 82.54s
2025-07-21 13:23:36,782 - Epoch 011 | task 8.8463e-04 | kd 0.0000e+00 | ewc 0.0000e+00 | val 4.8046e-04 | lr 5.00e-05 | 82.39s
2025-07-21 13:25:00,200 - Epoch 012 | task 7.6670e-04 | kd 0.0000e+00 | ewc 0.0000e+00 | val 4.4364e-04 | lr 2.50e-05 | 83.41s
2025-07-21 13:26:24,751 - Epoch 013 | task 6.8916e-04 | kd 0.0000e+00 | ewc 0.0000e+00 | val 4.5429e-04 | lr 2.50e-05 | 84.52s
2025-07-21 13:27:49,134 - Epoch 014 | task 6.5441e-04 | kd 0.0000e+00 | ewc 0.0000e+00 | val 4.0813e-04 | lr 2.50e-05 | 84.38s
2025-07-21 13:29:13,608 - Epoch 015 | task 6.1887e-04 | kd 0.0000e+00 | ewc 0.0000e+00 | val 4.5552e-04 | lr 2.50e-05 | 84.47s
2025-07-21 13:30:38,290 - Epoch 016 | task 5.8771e-04 | kd 0.0000e+00 | ewc 0.0000e+00 | val 4.4893e-04 | lr 2.50e-05 | 84.68s
2025-07-21 13:32:04,764 - Epoch 017 | task 5.6182e-04 | kd 0.0000e+00 | ewc 0.0000e+00 | val 4.4863e-04 | lr 2.50e-05 | 84.65s
2025-07-21 13:33:28,584 - Epoch 018 | task 5.3662e-04 | kd 0.0000e+00 | ewc 0.0000e+00 | val 4.3634e-04 | lr 1.25e-05 | 83.82s
2025-07-21 13:34:52,165 - Epoch 019 | task 5.0902e-04 | kd 0.0000e+00 | ewc 0.0000e+00 | val 4.3794e-04 | lr 1.25e-05 | 83.58s
2025-07-21 13:36:16,303 - Epoch 020 | task 4.9672e-04 | kd 0.0000e+00 | ewc 0.0000e+00 | val 3.9440e-04 | lr 1.25e-05 | 84.13s
2025-07-21 13:37:41,096 - Epoch 021 | task 4.8163e-04 | kd 0.0000e+00 | ewc 0.0000e+00 | val 3.8731e-04 | lr 1.25e-05 | 84.76s
2025-07-21 13:39:05,830 - Epoch 022 | task 4.6823e-04 | kd 0.0000e+00 | ewc 0.0000e+00 | val 4.1554e-04 | lr 1.25e-05 | 84.71s
2025-07-21 13:40:30,411 - Epoch 023 | task 4.0172e-04 | kd 0.0000e+00 | ewc 0.0000e+00 | val 1.0952e-03 | lr 1.25e-05 | 84.58s
2025-07-21 13:41:54,905 - Epoch 024 | task 3.2500e-04 | kd 0.0000e+00 | ewc 0.0000e+00 | val 6.6763e-04 | lr 1.25e-05 | 84.49s
2025-07-21 13:43:23,078 - Epoch 025 | task 2.9481e-04 | kd 0.0000e+00 | ewc 0.0000e+00 | val 6.9162e-04 | lr 1.25e-05 | 88.17s
2025-07-21 13:44:48,512 - Epoch 026 | task 2.7917e-04 | kd 0.0000e+00 | ewc 0.0000e+00 | val 6.5801e-04 | lr 1.25e-05 | 85.43s
2025-07-21 13:46:12,588 - Epoch 027 | task 2.6036e-04 | kd 0.0000e+00 | ewc 0.0000e+00 | val 5.1247e-04 | lr 6.25e-06 | 84.07s
2025-07-21 13:47:36,231 - Epoch 028 | task 2.3755e-04 | kd 0.0000e+00 | ewc 0.0000e+00 | val 4.9484e-04 | lr 6.25e-06 | 83.64s
2025-07-21 13:49:00,324 - Epoch 029 | task 2.2858e-04 | kd 0.0000e+00 | ewc 0.0000e+00 | val 4.9019e-04 | lr 6.25e-06 | 84.09s
2025-07-21 13:50:24,406 - Epoch 030 | task 2.1826e-04 | kd 0.0000e+00 | ewc 0.0000e+00 | val 4.7769e-04 | lr 6.25e-06 | 84.08s
2025-07-21 13:51:48,542 - Epoch 031 | task 2.1277e-04 | kd 0.0000e+00 | ewc 0.0000e+00 | val 4.6255e-04 | lr 6.25e-06 | 84.13s
2025-07-21 13:53:12,927 - Epoch 032 | task 2.0780e-04 | kd 0.0000e+00 | ewc 0.0000e+00 | val 5.2453e-04 | lr 6.25e-06 | 84.38s
2025-07-21 13:54:37,200 - Epoch 033 | task 2.0206e-04 | kd 0.0000e+00 | ewc 0.0000e+00 | val 6.0088e-04 | lr 3.13e-06 | 84.27s
2025-07-21 13:56:01,435 - Epoch 034 | task 1.9538e-04 | kd 0.0000e+00 | ewc 0.0000e+00 | val 5.9399e-04 | lr 3.13e-06 | 84.23s
2025-07-21 13:57:25,483 - Epoch 035 | task 1.9295e-04 | kd 0.0000e+00 | ewc 0.0000e+00 | val 5.4762e-04 | lr 3.13e-06 | 84.04s
2025-07-21 13:58:49,797 - Epoch 036 | task 1.9009e-04 | kd 0.0000e+00 | ewc 0.0000e+00 | val 6.5012e-04 | lr 3.13e-06 | 84.31s
2025-07-21 14:00:14,837 - Epoch 037 | task 1.8772e-04 | kd 0.0000e+00 | ewc 0.0000e+00 | val 6.8606e-04 | lr 3.13e-06 | 85.00s
2025-07-21 14:01:36,715 - Epoch 038 | task 1.8481e-04 | kd 0.0000e+00 | ewc 0.0000e+00 | val 6.5710e-04 | lr 3.13e-06 | 81.87s
2025-07-21 14:02:57,663 - Epoch 039 | task 1.8222e-04 | kd 0.0000e+00 | ewc 0.0000e+00 | val 6.4095e-04 | lr 1.56e-06 | 80.94s
2025-07-21 14:04:20,765 - Epoch 040 | task 1.7913e-04 | kd 0.0000e+00 | ewc 0.0000e+00 | val 6.6573e-04 | lr 1.56e-06 | 83.10s
2025-07-21 14:05:47,054 - Epoch 041 | task 1.7879e-04 | kd 0.0000e+00 | ewc 0.0000e+00 | val 6.4861e-04 | lr 1.56e-06 | 86.29s
2025-07-21 14:05:47,058 - Early stopping at epoch 42
2025-07-21 14:05:54,510 - Consolidate lambda: 555.8804
2025-07-21 14:06:58,329 - ==== Training task task0 completed ====
2025-07-21 14:06:58,335 - ==== Training task task1 ====
2025-07-21 14:06:58,341 - Applying LWF alpha: 0.3079
2025-07-21 14:08:40,352 - Epoch 000 | task 2.4218e-03 | kd 1.8100e-03 | ewc 3.8382e-06 | val 8.5820e-04 | lr 1.00e-04 | 101.72s
2025-07-21 14:10:34,029 - Epoch 001 | task 1.1538e-03 | kd 2.6217e-03 | ewc 2.0062e-06 | val 1.4233e-03 | lr 1.00e-04 | 113.54s
2025-07-21 14:12:24,094 - Epoch 002 | task 1.0661e-03 | kd 2.7071e-03 | ewc 2.8154e-06 | val 1.0573e-03 | lr 1.00e-04 | 110.05s
2025-07-21 14:14:37,341 - Epoch 003 | task 8.3867e-04 | kd 2.7991e-03 | ewc 2.8850e-06 | val 2.2574e-03 | lr 1.00e-04 | 133.22s
2025-07-21 14:16:27,309 - Epoch 004 | task 8.2059e-04 | kd 2.7971e-03 | ewc 3.3571e-06 | val 1.6864e-03 | lr 1.00e-04 | 109.93s
2025-07-21 14:18:10,237 - Epoch 005 | task 7.8690e-04 | kd 2.8316e-03 | ewc 3.9466e-06 | val 1.1941e-03 | lr 1.00e-04 | 102.92s
2025-07-21 14:20:04,988 - Epoch 006 | task 9.0995e-04 | kd 2.7302e-03 | ewc 4.3590e-06 | val 1.0860e-03 | lr 5.00e-05 | 114.72s
2025-07-21 14:21:40,830 - Epoch 007 | task 6.5206e-04 | kd 2.8742e-03 | ewc 4.4924e-06 | val 1.5183e-03 | lr 5.00e-05 | 95.83s
2025-07-21 14:23:31,960 - Epoch 008 | task 6.2548e-04 | kd 2.8980e-03 | ewc 5.0805e-06 | val 2.5656e-03 | lr 5.00e-05 | 111.12s
2025-07-21 14:25:58,811 - Epoch 009 | task 6.2261e-04 | kd 2.8885e-03 | ewc 5.1648e-06 | val 1.7875e-03 | lr 5.00e-05 | 145.88s
2025-07-21 14:27:48,237 - Epoch 010 | task 5.8384e-04 | kd 2.8985e-03 | ewc 5.1682e-06 | val 2.0062e-03 | lr 5.00e-05 | 109.42s
2025-07-21 14:29:18,945 - Epoch 011 | task 5.7364e-04 | kd 2.9164e-03 | ewc 5.5432e-06 | val 1.5395e-03 | lr 5.00e-05 | 90.70s
2025-07-21 14:30:44,242 - Epoch 012 | task 5.9925e-04 | kd 2.9110e-03 | ewc 5.6676e-06 | val 2.2449e-03 | lr 2.50e-05 | 85.29s
2025-07-21 14:32:34,384 - Epoch 013 | task 5.6155e-04 | kd 2.9131e-03 | ewc 5.1944e-06 | val 1.9508e-03 | lr 2.50e-05 | 110.13s
2025-07-21 14:34:33,464 - Epoch 014 | task 5.3404e-04 | kd 2.9103e-03 | ewc 5.1805e-06 | val 2.0859e-03 | lr 2.50e-05 | 119.07s
2025-07-21 14:36:35,649 - Epoch 015 | task 5.1734e-04 | kd 2.9323e-03 | ewc 5.5371e-06 | val 2.2594e-03 | lr 2.50e-05 | 122.16s
2025-07-21 14:38:43,474 - Epoch 016 | task 5.0326e-04 | kd 2.9256e-03 | ewc 5.7455e-06 | val 2.5436e-03 | lr 2.50e-05 | 127.81s
2025-07-21 14:40:41,398 - Epoch 017 | task 4.9579e-04 | kd 2.9379e-03 | ewc 5.9721e-06 | val 2.5860e-03 | lr 2.50e-05 | 117.89s
2025-07-21 14:42:39,674 - Epoch 018 | task 4.9011e-04 | kd 2.9299e-03 | ewc 6.4597e-06 | val 3.0582e-03 | lr 1.25e-05 | 118.26s
2025-07-21 14:44:34,014 - Epoch 019 | task 4.7528e-04 | kd 2.9274e-03 | ewc 6.3345e-06 | val 3.4521e-03 | lr 1.25e-05 | 114.32s
2025-07-21 14:46:29,959 - Epoch 020 | task 4.7208e-04 | kd 2.9287e-03 | ewc 6.0814e-06 | val 3.1190e-03 | lr 1.25e-05 | 115.93s
2025-07-21 14:46:29,966 - Early stopping at epoch 21
2025-07-21 14:46:33,797 - Consolidate lambda: 1964.1799
2025-07-21 14:47:18,944 - ==== Training task task1 completed ====
2025-07-21 14:47:18,956 - ==== Training task task2 ====
2025-07-21 14:47:18,965 - Applying LWF alpha: 1.2620
2025-07-21 14:48:28,414 - Epoch 000 | task 4.6052e-03 | kd 1.5259e-03 | ewc 2.2798e-05 | val 5.4121e-03 | lr 1.00e-04 | 69.23s
2025-07-21 14:49:33,813 - Epoch 001 | task 4.0902e-03 | kd 1.6431e-03 | ewc 2.9575e-05 | val 6.7977e-03 | lr 1.00e-04 | 65.29s
2025-07-21 14:50:44,119 - Epoch 002 | task 3.9668e-03 | kd 1.6825e-03 | ewc 3.1898e-05 | val 6.0499e-03 | lr 1.00e-04 | 70.28s
2025-07-21 14:51:49,489 - Epoch 003 | task 3.8103e-03 | kd 1.7184e-03 | ewc 3.3823e-05 | val 4.6107e-03 | lr 1.00e-04 | 65.36s
2025-07-21 14:52:53,494 - Epoch 004 | task 3.7079e-03 | kd 1.7023e-03 | ewc 3.5299e-05 | val 4.9777e-03 | lr 1.00e-04 | 63.94s
2025-07-21 14:53:51,068 - Epoch 005 | task 3.6535e-03 | kd 1.6906e-03 | ewc 3.7170e-05 | val 5.5175e-03 | lr 1.00e-04 | 57.57s
2025-07-21 14:54:47,758 - Epoch 006 | task 3.5896e-03 | kd 1.6921e-03 | ewc 3.7963e-05 | val 5.3384e-03 | lr 1.00e-04 | 56.68s
2025-07-21 14:55:43,273 - Epoch 007 | task 3.5942e-03 | kd 1.6899e-03 | ewc 3.9367e-05 | val 4.7514e-03 | lr 1.00e-04 | 55.51s
2025-07-21 14:56:37,974 - Epoch 008 | task 3.5010e-03 | kd 1.6920e-03 | ewc 4.0494e-05 | val 3.9838e-03 | lr 1.00e-04 | 54.69s
2025-07-21 14:57:32,638 - Epoch 009 | task 3.4458e-03 | kd 1.6930e-03 | ewc 4.1051e-05 | val 4.1434e-03 | lr 1.00e-04 | 54.64s
2025-07-21 14:58:27,891 - Epoch 010 | task 3.4536e-03 | kd 1.7038e-03 | ewc 4.1253e-05 | val 4.7601e-03 | lr 1.00e-04 | 55.25s
2025-07-21 14:59:23,430 - Epoch 011 | task 3.4653e-03 | kd 1.7161e-03 | ewc 4.1491e-05 | val 4.6744e-03 | lr 1.00e-04 | 55.53s
2025-07-21 15:00:19,002 - Epoch 012 | task 3.4116e-03 | kd 1.7079e-03 | ewc 4.2311e-05 | val 4.6170e-03 | lr 1.00e-04 | 55.57s
2025-07-21 15:01:14,554 - Epoch 013 | task 3.3909e-03 | kd 1.7077e-03 | ewc 4.2580e-05 | val 4.9344e-03 | lr 1.00e-04 | 55.55s
2025-07-21 15:02:10,260 - Epoch 014 | task 3.3934e-03 | kd 1.7107e-03 | ewc 4.3010e-05 | val 4.6857e-03 | lr 5.00e-05 | 55.70s
2025-07-21 15:03:06,004 - Epoch 015 | task 3.3092e-03 | kd 1.7070e-03 | ewc 4.3162e-05 | val 4.2493e-03 | lr 5.00e-05 | 55.74s
2025-07-21 15:04:02,165 - Epoch 016 | task 3.3061e-03 | kd 1.7083e-03 | ewc 4.2422e-05 | val 3.9658e-03 | lr 5.00e-05 | 56.16s
2025-07-21 15:04:57,937 - Epoch 017 | task 3.3070e-03 | kd 1.7099e-03 | ewc 4.2025e-05 | val 4.2429e-03 | lr 5.00e-05 | 55.75s
2025-07-21 15:05:53,770 - Epoch 018 | task 3.2947e-03 | kd 1.7122e-03 | ewc 4.1684e-05 | val 4.1168e-03 | lr 5.00e-05 | 55.83s
2025-07-21 15:06:49,530 - Epoch 019 | task 3.2818e-03 | kd 1.7130e-03 | ewc 4.1401e-05 | val 5.4565e-03 | lr 5.00e-05 | 55.75s
2025-07-21 15:07:45,329 - Epoch 020 | task 3.2800e-03 | kd 1.7148e-03 | ewc 4.1148e-05 | val 4.2255e-03 | lr 5.00e-05 | 55.80s
2025-07-21 15:08:41,066 - Epoch 021 | task 3.2691e-03 | kd 1.7135e-03 | ewc 4.0977e-05 | val 4.3460e-03 | lr 5.00e-05 | 55.73s
2025-07-21 15:09:36,331 - Epoch 022 | task 3.2576e-03 | kd 1.7172e-03 | ewc 4.0713e-05 | val 4.6770e-03 | lr 2.50e-05 | 55.26s
2025-07-21 15:10:31,454 - Epoch 023 | task 3.2307e-03 | kd 1.7146e-03 | ewc 4.0540e-05 | val 4.8676e-03 | lr 2.50e-05 | 55.12s
2025-07-21 15:11:25,965 - Epoch 024 | task 3.2286e-03 | kd 1.7159e-03 | ewc 4.0276e-05 | val 4.4790e-03 | lr 2.50e-05 | 54.51s
2025-07-21 15:12:20,652 - Epoch 025 | task 3.2230e-03 | kd 1.7169e-03 | ewc 4.0016e-05 | val 4.6400e-03 | lr 2.50e-05 | 54.68s
2025-07-21 15:13:19,497 - Epoch 026 | task 3.2194e-03 | kd 1.7195e-03 | ewc 3.9774e-05 | val 4.8002e-03 | lr 2.50e-05 | 58.84s
2025-07-21 15:14:14,653 - Epoch 027 | task 3.2210e-03 | kd 1.7167e-03 | ewc 3.9571e-05 | val 4.5890e-03 | lr 2.50e-05 | 55.15s
2025-07-21 15:15:11,055 - Epoch 028 | task 3.2154e-03 | kd 1.7179e-03 | ewc 3.9377e-05 | val 4.8885e-03 | lr 1.25e-05 | 56.40s
2025-07-21 15:16:06,633 - Epoch 029 | task 3.1962e-03 | kd 1.7197e-03 | ewc 3.9172e-05 | val 4.6393e-03 | lr 1.25e-05 | 55.58s
2025-07-21 15:17:02,189 - Epoch 030 | task 3.1954e-03 | kd 1.7216e-03 | ewc 3.9034e-05 | val 4.6473e-03 | lr 1.25e-05 | 55.55s
2025-07-21 15:17:57,568 - Epoch 031 | task 3.1942e-03 | kd 1.7210e-03 | ewc 3.8874e-05 | val 4.6893e-03 | lr 1.25e-05 | 55.37s
2025-07-21 15:18:53,309 - Epoch 032 | task 3.1958e-03 | kd 1.7191e-03 | ewc 3.8713e-05 | val 4.9728e-03 | lr 1.25e-05 | 55.74s
2025-07-21 15:19:48,712 - Epoch 033 | task 3.1927e-03 | kd 1.7201e-03 | ewc 3.8513e-05 | val 4.4789e-03 | lr 1.25e-05 | 55.40s
2025-07-21 15:20:46,670 - Epoch 034 | task 3.1952e-03 | kd 1.7214e-03 | ewc 3.8401e-05 | val 4.9261e-03 | lr 6.25e-06 | 57.96s
2025-07-21 15:21:43,258 - Epoch 035 | task 3.1877e-03 | kd 1.7175e-03 | ewc 3.8283e-05 | val 4.5532e-03 | lr 6.25e-06 | 56.33s
2025-07-21 15:22:38,676 - Epoch 036 | task 3.1796e-03 | kd 1.7235e-03 | ewc 3.8217e-05 | val 4.5367e-03 | lr 6.25e-06 | 55.41s
2025-07-21 15:22:38,693 - Early stopping at epoch 37
2025-07-21 15:22:41,657 - Consolidate lambda: 0.0000
2025-07-21 15:23:14,525 - ==== Training task task2 completed ====
2025-07-21 15:23:14,526 - ==== Incremental Training Completed ====
2025-07-21 15:23:14,527 - ==== Final Model Evaluation on Full Test Set ====
2025-07-21 15:23:20,974 - Final Model Performance on Full Test Set:
2025-07-21 15:23:20,976 -   MAE: 5.0415e-02
2025-07-21 15:23:20,977 -   RMSE: 6.2534e-02
2025-07-21 15:23:20,978 -   R²: 0.4476
2025-07-21 15:23:20,979 -   MAE (smooth): 5.0449e-02
2025-07-21 15:23:20,980 -   RMSE (smooth): 6.2502e-02
2025-07-21 15:23:20,981 -   R² (smooth): 0.4482
2025-07-21 15:23:35,743 - Final evaluation plots saved to: /beegfs/home/users/z/zzhuqshun/Thesis/05_Final/3inputs/strategies/trial21/incremental/final_evaluation
2025-07-21 15:23:35,744 - ==== Starting Comprehensive Evaluation ====
2025-07-21 15:23:54,029 - ==== Computing BWT, FWT, ACC Metrics ====
2025-07-21 15:23:54,032 - Computing random initialization baselines for FWT calculation...
2025-07-21 15:23:59,982 - ==== Continual Learning Metrics ====
2025-07-21 15:23:59,986 - BWT: 0.0010
2025-07-21 15:23:59,988 - FWT: 0.6492
2025-07-21 15:23:59,991 - ACC: -0.0582
2025-07-21 15:23:59,994 - ==== R Matrix (Performance Matrix) ====
2025-07-21 15:23:59,997 - Task 0: [-0.0462 -0.0521 -0.1586]
2025-07-21 15:24:00,000 - Task 1: [-0.0207 -0.0505 -0.1341]
2025-07-21 15:24:00,003 - Task 2: [-0.0197 -0.0748 -0.0799]
2025-07-21 15:24:00,084 - ==== Incremental Training and Evaluation Completed ====
2025-07-21 15:24:00,086 - All evaluation results saved to: /beegfs/home/users/z/zzhuqshun/Thesis/05_Final/3inputs/strategies/trial21/incremental/evaluation
