2025-08-02 14:18:57,460 - ==== Experiment Setup ====
2025-08-02 14:18:57,476 - Mode: incremental
2025-08-02 14:18:57,484 - Number of tasks: 3
2025-08-02 14:18:57,490 - MAS lambdas: [32.908998, 274.536126, 0.0]
2025-08-02 14:18:57,496 - LWF alphas: [0.0, 0.0, 0.0]
2025-08-02 14:18:57,502 - Base directory: /beegfs/home/users/z/zzhuqshun/Thesis/05_Final/mas/strategies/best
2025-08-02 14:18:57,508 - ==== Incremental Training with MAS ====
2025-08-02 14:18:57,530 - Number of tasks: 3
2025-08-02 14:20:33,889 - Incremental training - Task 0 Train IDs: ['03', '05', '07', '27'], size: 92079
2025-08-02 14:20:33,906 - Incremental training - Task 0 Val IDs: ['01'], size: 28612
2025-08-02 14:20:33,914 - Incremental training - Test Task 0 size: 11139
2025-08-02 14:20:33,920 - Incremental training - Task 1 Train IDs: ['21', '23', '25'], size: 65674
2025-08-02 14:20:33,925 - Incremental training - Task 1 Val IDs: ['19'], size: 23120
2025-08-02 14:20:33,935 - Incremental training - Test Task 1 size: 6312
2025-08-02 14:20:33,941 - Incremental training - Task 2 Train IDs: ['09', '11', '15', '29'], size: 47891
2025-08-02 14:20:33,947 - Incremental training - Task 2 Val IDs: ['13'], size: 6445
2025-08-02 14:20:33,950 - Incremental training - Test Task 2 size: 5421
2025-08-02 14:20:33,973 -   (Scaler) Scaler centers: [ 3.31975183  0.         27.55116667]
2025-08-02 14:20:33,988 -   (Scaler) Scaler scales: [0.20016217 1.86108033 1.05333333]
2025-08-02 14:20:35,308 - --- task0 (LWF α=0.0000, MAS λ=32.9090) ---
2025-08-02 14:28:43,683 - Epoch 0 task=3.8185e-02 kd=0.0000e+00 mas=0.0000e+00 val=3.9701e-04 lr=1.00e-04 time=140.19s
2025-08-02 14:30:59,046 - Epoch 1 task=7.2809e-03 kd=0.0000e+00 mas=0.0000e+00 val=1.2390e-03 lr=1.00e-04 time=127.24s
2025-08-02 14:33:36,068 - Epoch 2 task=5.3336e-03 kd=0.0000e+00 mas=0.0000e+00 val=4.1007e-04 lr=1.00e-04 time=148.98s
2025-08-02 14:35:59,069 - Epoch 3 task=4.3114e-03 kd=0.0000e+00 mas=0.0000e+00 val=5.2683e-04 lr=1.00e-04 time=134.98s
2025-08-02 14:38:19,059 - Epoch 4 task=3.4078e-03 kd=0.0000e+00 mas=0.0000e+00 val=4.0077e-04 lr=1.00e-04 time=131.96s
2025-08-02 14:40:24,133 - Epoch 5 task=2.6546e-03 kd=0.0000e+00 mas=0.0000e+00 val=4.2909e-04 lr=1.00e-04 time=117.04s
2025-08-02 14:42:44,035 - Epoch 6 task=2.0628e-03 kd=0.0000e+00 mas=0.0000e+00 val=4.1929e-04 lr=1.00e-04 time=131.83s
2025-08-02 14:44:51,077 - Epoch 7 task=1.6437e-03 kd=0.0000e+00 mas=0.0000e+00 val=4.1027e-04 lr=5.00e-05 time=118.97s
2025-08-02 14:46:31,039 - Epoch 8 task=1.3989e-03 kd=0.0000e+00 mas=0.0000e+00 val=4.0465e-04 lr=5.00e-05 time=91.94s
2025-08-02 14:48:06,587 - Epoch 9 task=1.1847e-03 kd=0.0000e+00 mas=0.0000e+00 val=5.2821e-04 lr=5.00e-05 time=87.54s
2025-08-02 14:49:45,282 - Epoch 10 task=1.0242e-03 kd=0.0000e+00 mas=0.0000e+00 val=4.1433e-04 lr=5.00e-05 time=90.60s
2025-08-02 14:51:18,907 - Epoch 11 task=8.8463e-04 kd=0.0000e+00 mas=0.0000e+00 val=4.8046e-04 lr=5.00e-05 time=81.05s
2025-08-02 14:52:45,459 - Epoch 12 task=7.6670e-04 kd=0.0000e+00 mas=0.0000e+00 val=4.4364e-04 lr=5.00e-05 time=78.55s
2025-08-02 14:54:10,884 - Epoch 13 task=6.8916e-04 kd=0.0000e+00 mas=0.0000e+00 val=4.5429e-04 lr=2.50e-05 time=77.41s
2025-08-02 14:55:34,458 - Epoch 14 task=6.5441e-04 kd=0.0000e+00 mas=0.0000e+00 val=4.0813e-04 lr=2.50e-05 time=75.57s
2025-08-02 14:56:58,271 - Epoch 15 task=6.1887e-04 kd=0.0000e+00 mas=0.0000e+00 val=4.5552e-04 lr=2.50e-05 time=75.80s
2025-08-02 14:58:22,111 - Epoch 16 task=5.8771e-04 kd=0.0000e+00 mas=0.0000e+00 val=4.4893e-04 lr=2.50e-05 time=75.83s
2025-08-02 14:59:45,983 - Epoch 17 task=5.6182e-04 kd=0.0000e+00 mas=0.0000e+00 val=4.4863e-04 lr=2.50e-05 time=75.87s
2025-08-02 15:01:09,911 - Epoch 18 task=5.3662e-04 kd=0.0000e+00 mas=0.0000e+00 val=4.3634e-04 lr=2.50e-05 time=75.93s
2025-08-02 15:02:33,008 - Epoch 19 task=5.0902e-04 kd=0.0000e+00 mas=0.0000e+00 val=4.3794e-04 lr=1.25e-05 time=75.13s
2025-08-02 15:03:56,847 - Epoch 20 task=4.9672e-04 kd=0.0000e+00 mas=0.0000e+00 val=3.9440e-04 lr=1.25e-05 time=75.88s
2025-08-02 15:05:19,792 - Epoch 21 task=4.8163e-04 kd=0.0000e+00 mas=0.0000e+00 val=3.8731e-04 lr=1.25e-05 time=74.96s
2025-08-02 15:06:43,137 - Epoch 22 task=4.6823e-04 kd=0.0000e+00 mas=0.0000e+00 val=4.1554e-04 lr=1.25e-05 time=75.33s
2025-08-02 15:08:06,995 - Epoch 23 task=4.0172e-04 kd=0.0000e+00 mas=0.0000e+00 val=1.0952e-03 lr=1.25e-05 time=75.91s
2025-08-02 15:09:30,991 - Epoch 24 task=3.2500e-04 kd=0.0000e+00 mas=0.0000e+00 val=6.6763e-04 lr=1.25e-05 time=76.02s
2025-08-02 15:10:54,903 - Epoch 25 task=2.9481e-04 kd=0.0000e+00 mas=0.0000e+00 val=6.9162e-04 lr=1.25e-05 time=75.79s
2025-08-02 15:12:18,675 - Epoch 26 task=2.7917e-04 kd=0.0000e+00 mas=0.0000e+00 val=6.5801e-04 lr=1.25e-05 time=75.81s
2025-08-02 15:13:42,822 - Epoch 27 task=2.6036e-04 kd=0.0000e+00 mas=0.0000e+00 val=5.1247e-04 lr=1.25e-05 time=76.15s
2025-08-02 15:15:10,833 - Epoch 28 task=2.3755e-04 kd=0.0000e+00 mas=0.0000e+00 val=4.9484e-04 lr=6.25e-06 time=80.03s
2025-08-02 15:16:39,806 - Epoch 29 task=2.2858e-04 kd=0.0000e+00 mas=0.0000e+00 val=4.9019e-04 lr=6.25e-06 time=80.98s
2025-08-02 15:18:03,575 - Epoch 30 task=2.1826e-04 kd=0.0000e+00 mas=0.0000e+00 val=4.7769e-04 lr=6.25e-06 time=75.80s
2025-08-02 15:19:27,764 - Epoch 31 task=2.1277e-04 kd=0.0000e+00 mas=0.0000e+00 val=4.6255e-04 lr=6.25e-06 time=76.23s
2025-08-02 15:20:51,530 - Epoch 32 task=2.0780e-04 kd=0.0000e+00 mas=0.0000e+00 val=5.2453e-04 lr=6.25e-06 time=75.80s
2025-08-02 15:22:15,294 - Epoch 33 task=2.0206e-04 kd=0.0000e+00 mas=0.0000e+00 val=6.0088e-04 lr=6.25e-06 time=75.78s
2025-08-02 15:23:39,026 - Epoch 34 task=1.9538e-04 kd=0.0000e+00 mas=0.0000e+00 val=5.9399e-04 lr=3.13e-06 time=75.75s
2025-08-02 15:25:07,660 - Epoch 35 task=1.9295e-04 kd=0.0000e+00 mas=0.0000e+00 val=5.4762e-04 lr=3.13e-06 time=80.66s
2025-08-02 15:26:31,643 - Epoch 36 task=1.9009e-04 kd=0.0000e+00 mas=0.0000e+00 val=6.5012e-04 lr=3.13e-06 time=75.99s
2025-08-02 15:27:55,466 - Epoch 37 task=1.8772e-04 kd=0.0000e+00 mas=0.0000e+00 val=6.8606e-04 lr=3.13e-06 time=75.86s
2025-08-02 15:29:24,683 - Epoch 38 task=1.8481e-04 kd=0.0000e+00 mas=0.0000e+00 val=6.5710e-04 lr=3.13e-06 time=81.25s
2025-08-02 15:30:48,176 - Epoch 39 task=1.8222e-04 kd=0.0000e+00 mas=0.0000e+00 val=6.4095e-04 lr=3.13e-06 time=75.53s
2025-08-02 15:32:11,777 - Epoch 40 task=1.7913e-04 kd=0.0000e+00 mas=0.0000e+00 val=6.6573e-04 lr=1.56e-06 time=75.60s
2025-08-02 15:33:34,933 - Epoch 41 task=1.7879e-04 kd=0.0000e+00 mas=0.0000e+00 val=6.4861e-04 lr=1.56e-06 time=75.19s
2025-08-02 15:33:34,934 - Early stopping at epoch 41
2025-08-02 15:33:40,338 - Consolidating task 0 with MAS lambda: 32.9090
2025-08-02 15:34:44,469 - Task 0 consolidated with MAS lambda=32.9090
2025-08-02 15:34:44,471 - Task 0 completed and consolidated.
2025-08-02 15:34:44,472 - --- task1 (LWF α=0.0000, MAS λ=274.5361) ---
2025-08-02 15:35:45,836 - Epoch 0 task=5.1276e-03 kd=0.0000e+00 mas=6.4136e-05 val=2.8366e-03 lr=1.00e-04 time=54.86s
2025-08-02 15:36:46,887 - Epoch 1 task=5.1246e-03 kd=0.0000e+00 mas=7.1489e-05 val=2.8520e-03 lr=1.00e-04 time=54.61s
2025-08-02 15:37:50,506 - Epoch 2 task=5.1193e-03 kd=0.0000e+00 mas=6.8262e-05 val=2.8313e-03 lr=1.00e-04 time=57.19s
2025-08-02 15:38:53,849 - Epoch 3 task=5.1222e-03 kd=0.0000e+00 mas=7.0811e-05 val=2.8609e-03 lr=1.00e-04 time=56.91s
2025-08-02 15:39:55,950 - Epoch 4 task=5.1201e-03 kd=0.0000e+00 mas=6.0317e-05 val=2.9046e-03 lr=1.00e-04 time=55.68s
2025-08-02 15:40:58,981 - Epoch 5 task=5.1241e-03 kd=0.0000e+00 mas=7.0281e-05 val=2.8910e-03 lr=1.00e-04 time=56.59s
2025-08-02 15:42:01,413 - Epoch 6 task=5.1145e-03 kd=0.0000e+00 mas=6.3656e-05 val=2.8492e-03 lr=1.00e-04 time=56.00s
2025-08-02 15:43:07,729 - Epoch 7 task=5.1237e-03 kd=0.0000e+00 mas=6.7207e-05 val=2.8514e-03 lr=1.00e-04 time=59.90s
2025-08-02 15:44:09,891 - Epoch 8 task=5.1245e-03 kd=0.0000e+00 mas=6.4289e-05 val=2.8661e-03 lr=1.00e-04 time=55.75s
2025-08-02 15:45:14,064 - Epoch 9 task=5.1202e-03 kd=0.0000e+00 mas=3.5053e-05 val=2.8667e-03 lr=5.00e-05 time=57.76s
2025-08-02 15:46:16,557 - Epoch 10 task=5.1215e-03 kd=0.0000e+00 mas=4.3040e-05 val=2.8431e-03 lr=5.00e-05 time=56.05s
2025-08-02 15:47:19,062 - Epoch 11 task=5.1199e-03 kd=0.0000e+00 mas=4.1795e-05 val=2.8567e-03 lr=5.00e-05 time=56.09s
2025-08-02 15:48:22,540 - Epoch 12 task=5.1174e-03 kd=0.0000e+00 mas=3.7723e-05 val=2.8289e-03 lr=5.00e-05 time=57.07s
2025-08-02 15:49:26,772 - Epoch 13 task=5.1261e-03 kd=0.0000e+00 mas=4.2849e-05 val=2.8289e-03 lr=5.00e-05 time=57.80s
2025-08-02 15:50:30,993 - Epoch 14 task=5.1186e-03 kd=0.0000e+00 mas=4.1727e-05 val=2.8181e-03 lr=5.00e-05 time=57.78s
2025-08-02 15:51:33,784 - Epoch 15 task=5.1240e-03 kd=0.0000e+00 mas=4.4718e-05 val=2.8737e-03 lr=5.00e-05 time=56.35s
2025-08-02 15:52:36,061 - Epoch 16 task=5.1236e-03 kd=0.0000e+00 mas=3.9632e-05 val=2.8614e-03 lr=5.00e-05 time=55.87s
2025-08-02 15:53:38,394 - Epoch 17 task=5.1222e-03 kd=0.0000e+00 mas=4.2350e-05 val=2.8474e-03 lr=5.00e-05 time=55.92s
2025-08-02 15:54:40,768 - Epoch 18 task=5.1218e-03 kd=0.0000e+00 mas=3.9544e-05 val=2.9048e-03 lr=5.00e-05 time=55.93s
2025-08-02 15:55:43,170 - Epoch 19 task=5.1196e-03 kd=0.0000e+00 mas=3.8612e-05 val=2.8528e-03 lr=5.00e-05 time=56.00s
2025-08-02 15:56:46,072 - Epoch 20 task=5.1189e-03 kd=0.0000e+00 mas=4.1389e-05 val=2.8486e-03 lr=5.00e-05 time=56.48s
2025-08-02 15:57:48,570 - Epoch 21 task=5.1206e-03 kd=0.0000e+00 mas=2.6537e-05 val=2.8673e-03 lr=2.50e-05 time=56.08s
2025-08-02 15:58:54,694 - Epoch 22 task=5.1237e-03 kd=0.0000e+00 mas=2.7183e-05 val=2.8712e-03 lr=2.50e-05 time=59.71s
2025-08-02 16:00:12,438 - Epoch 23 task=5.1181e-03 kd=0.0000e+00 mas=2.9019e-05 val=2.8549e-03 lr=2.50e-05 time=71.32s
2025-08-02 16:01:30,681 - Epoch 24 task=5.1186e-03 kd=0.0000e+00 mas=2.6608e-05 val=2.8455e-03 lr=2.50e-05 time=71.82s
2025-08-02 16:02:38,030 - Epoch 25 task=5.1286e-03 kd=0.0000e+00 mas=2.7864e-05 val=2.8485e-03 lr=2.50e-05 time=60.89s
2025-08-02 16:03:42,575 - Epoch 26 task=5.1155e-03 kd=0.0000e+00 mas=2.6796e-05 val=2.8528e-03 lr=2.50e-05 time=58.13s
2025-08-02 16:04:48,523 - Epoch 27 task=5.1235e-03 kd=0.0000e+00 mas=1.9498e-05 val=2.8584e-03 lr=1.25e-05 time=59.54s
2025-08-02 16:05:50,211 - Epoch 28 task=5.1210e-03 kd=0.0000e+00 mas=2.0333e-05 val=2.8672e-03 lr=1.25e-05 time=55.26s
2025-08-02 16:06:55,603 - Epoch 29 task=5.1196e-03 kd=0.0000e+00 mas=2.0520e-05 val=2.8430e-03 lr=1.25e-05 time=58.98s
2025-08-02 16:07:56,449 - Epoch 30 task=5.1169e-03 kd=0.0000e+00 mas=1.9968e-05 val=2.8535e-03 lr=1.25e-05 time=54.43s
2025-08-02 16:08:57,605 - Epoch 31 task=5.1170e-03 kd=0.0000e+00 mas=1.9412e-05 val=2.8734e-03 lr=1.25e-05 time=54.75s
2025-08-02 16:09:58,838 - Epoch 32 task=5.1218e-03 kd=0.0000e+00 mas=2.1015e-05 val=2.8655e-03 lr=1.25e-05 time=54.82s
2025-08-02 16:11:00,200 - Epoch 33 task=5.1185e-03 kd=0.0000e+00 mas=1.6004e-05 val=2.8519e-03 lr=6.25e-06 time=54.95s
2025-08-02 16:12:09,202 - Epoch 34 task=5.1181e-03 kd=0.0000e+00 mas=1.6065e-05 val=2.8565e-03 lr=6.25e-06 time=62.58s
2025-08-02 16:12:09,205 - Early stopping at epoch 34
2025-08-02 16:12:11,869 - Consolidating task 1 with MAS lambda: 274.5361
2025-08-02 16:12:57,597 - Task 1 consolidated with MAS lambda=274.5361
2025-08-02 16:12:57,604 - Task 1 completed and consolidated.
2025-08-02 16:12:57,611 - --- task2 (LWF α=0.0000, MAS λ=0.0000) ---
2025-08-02 16:13:48,518 - Epoch 0 task=1.5702e-02 kd=0.0000e+00 mas=1.2195e-04 val=2.3309e-02 lr=1.00e-04 time=49.01s
2025-08-02 16:14:55,293 - Epoch 1 task=1.5700e-02 kd=0.0000e+00 mas=8.7678e-05 val=2.3361e-02 lr=1.00e-04 time=65.05s
2025-08-02 16:16:11,226 - Epoch 2 task=1.5688e-02 kd=0.0000e+00 mas=8.3684e-05 val=2.3368e-02 lr=1.00e-04 time=74.25s
2025-08-02 16:17:27,903 - Epoch 3 task=1.5708e-02 kd=0.0000e+00 mas=8.8414e-05 val=2.3338e-02 lr=1.00e-04 time=75.00s
2025-08-02 16:18:45,723 - Epoch 4 task=1.5707e-02 kd=0.0000e+00 mas=8.5787e-05 val=2.3311e-02 lr=1.00e-04 time=76.12s
2025-08-02 16:20:07,493 - Epoch 5 task=1.5710e-02 kd=0.0000e+00 mas=8.8918e-05 val=2.3316e-02 lr=1.00e-04 time=80.08s
2025-08-02 16:21:28,327 - Epoch 6 task=1.5702e-02 kd=0.0000e+00 mas=8.5813e-05 val=2.3350e-02 lr=1.00e-04 time=79.14s
2025-08-02 16:22:46,834 - Epoch 7 task=1.5695e-02 kd=0.0000e+00 mas=5.8081e-05 val=2.3399e-02 lr=5.00e-05 time=76.80s
2025-08-02 16:23:47,804 - Epoch 8 task=1.5703e-02 kd=0.0000e+00 mas=6.0371e-05 val=2.3425e-02 lr=5.00e-05 time=59.27s
2025-08-02 16:25:06,795 - Epoch 9 task=1.5710e-02 kd=0.0000e+00 mas=6.0435e-05 val=2.3223e-02 lr=5.00e-05 time=77.31s
2025-08-02 16:26:28,842 - Epoch 10 task=1.5698e-02 kd=0.0000e+00 mas=6.5077e-05 val=2.3402e-02 lr=5.00e-05 time=80.17s
2025-08-02 16:27:51,935 - Epoch 11 task=1.5708e-02 kd=0.0000e+00 mas=6.1804e-05 val=2.3380e-02 lr=5.00e-05 time=81.40s
2025-08-02 16:28:55,515 - Epoch 12 task=1.5702e-02 kd=0.0000e+00 mas=6.1464e-05 val=2.3341e-02 lr=5.00e-05 time=61.89s
2025-08-02 16:30:08,444 - Epoch 13 task=1.5707e-02 kd=0.0000e+00 mas=6.1283e-05 val=2.3313e-02 lr=5.00e-05 time=71.26s
2025-08-02 16:31:14,433 - Epoch 14 task=1.5709e-02 kd=0.0000e+00 mas=6.2311e-05 val=2.3403e-02 lr=5.00e-05 time=64.10s
2025-08-02 16:32:14,870 - Epoch 15 task=1.5700e-02 kd=0.0000e+00 mas=6.2323e-05 val=2.3394e-02 lr=5.00e-05 time=58.77s
2025-08-02 16:33:33,790 - Epoch 16 task=1.5700e-02 kd=0.0000e+00 mas=4.7029e-05 val=2.3386e-02 lr=2.50e-05 time=77.24s
2025-08-02 16:34:52,973 - Epoch 17 task=1.5693e-02 kd=0.0000e+00 mas=4.8635e-05 val=2.3404e-02 lr=2.50e-05 time=77.49s
2025-08-02 16:36:10,107 - Epoch 18 task=1.5703e-02 kd=0.0000e+00 mas=4.8426e-05 val=2.3388e-02 lr=2.50e-05 time=75.45s
2025-08-02 16:37:30,009 - Epoch 19 task=1.5697e-02 kd=0.0000e+00 mas=5.0296e-05 val=2.3357e-02 lr=2.50e-05 time=78.21s
2025-08-02 16:38:49,897 - Epoch 20 task=1.5699e-02 kd=0.0000e+00 mas=4.8999e-05 val=2.3330e-02 lr=2.50e-05 time=78.15s
2025-08-02 16:40:10,298 - Epoch 21 task=1.5707e-02 kd=0.0000e+00 mas=5.0450e-05 val=2.3356e-02 lr=2.50e-05 time=78.71s
2025-08-02 16:41:29,036 - Epoch 22 task=1.5691e-02 kd=0.0000e+00 mas=4.2157e-05 val=2.3382e-02 lr=1.25e-05 time=77.05s
2025-08-02 16:42:49,032 - Epoch 23 task=1.5697e-02 kd=0.0000e+00 mas=4.2278e-05 val=2.3374e-02 lr=1.25e-05 time=78.30s
2025-08-02 16:44:07,062 - Epoch 24 task=1.5698e-02 kd=0.0000e+00 mas=4.2037e-05 val=2.3398e-02 lr=1.25e-05 time=76.32s
2025-08-02 16:45:19,255 - Epoch 25 task=1.5703e-02 kd=0.0000e+00 mas=4.2930e-05 val=2.3349e-02 lr=1.25e-05 time=70.49s
2025-08-02 16:46:34,611 - Epoch 26 task=1.5689e-02 kd=0.0000e+00 mas=4.2596e-05 val=2.3377e-02 lr=1.25e-05 time=73.65s
2025-08-02 16:47:48,853 - Epoch 27 task=1.5710e-02 kd=0.0000e+00 mas=4.2473e-05 val=2.3371e-02 lr=1.25e-05 time=72.55s
2025-08-02 16:48:58,439 - Epoch 28 task=1.5698e-02 kd=0.0000e+00 mas=3.8635e-05 val=2.3355e-02 lr=6.25e-06 time=67.92s
2025-08-02 16:50:19,427 - Epoch 29 task=1.5709e-02 kd=0.0000e+00 mas=3.9269e-05 val=2.3359e-02 lr=6.25e-06 time=79.30s
2025-08-02 16:50:19,487 - Early stopping at epoch 29
2025-08-02 16:50:22,998 - Consolidating task 2 with MAS lambda: 0.0000
2025-08-02 16:50:56,081 - Task 2 consolidated with MAS lambda=0.0000
2025-08-02 16:50:56,107 - Task 2 completed and consolidated.
2025-08-02 16:50:56,117 - ==== Incremental Training Complete ====
2025-08-02 16:50:56,127 - ==== Starting Comprehensive Evaluation ====
2025-08-02 16:50:56,273 - Evaluating model trained after task 0...
2025-08-02 16:51:09,364 -   Task 0 -> Test Task 0: MAE=4.6181e-02, R=-0.0462
2025-08-02 16:51:10,967 -   Task 0 -> Test Task 1: MAE=5.2121e-02, R=-0.0521
2025-08-02 16:51:12,317 -   Task 0 -> Test Task 2: MAE=1.5861e-01, R=-0.1586
2025-08-02 16:51:12,324 - Evaluating model trained after task 1...
2025-08-02 16:51:25,349 -   Task 1 -> Test Task 0: MAE=4.6219e-02, R=-0.0462
2025-08-02 16:51:26,959 -   Task 1 -> Test Task 1: MAE=5.1989e-02, R=-0.0520
2025-08-02 16:51:28,319 -   Task 1 -> Test Task 2: MAE=1.5847e-01, R=-0.1585
2025-08-02 16:51:28,338 - Evaluating model trained after task 2...
2025-08-02 16:51:42,067 -   Task 2 -> Test Task 0: MAE=4.6689e-02, R=-0.0467
2025-08-02 16:51:43,677 -   Task 2 -> Test Task 1: MAE=5.1215e-02, R=-0.0512
2025-08-02 16:51:45,037 -   Task 2 -> Test Task 2: MAE=1.5767e-01, R=-0.1577
2025-08-02 16:51:45,057 - ==== Computing Continual Learning Metrics ====
2025-08-02 16:51:45,070 - Computing random initialization baselines...
2025-08-02 16:51:48,287 -   Baseline Task 0: R=-0.9926
2025-08-02 16:51:49,884 -   Baseline Task 1: R=-0.8954
2025-08-02 16:51:51,232 -   Baseline Task 2: R=-0.7892
2025-08-02 16:51:51,244 - ==== Continual Learning Results ====
2025-08-02 16:51:51,260 - BWT (Backward Transfer): 0.0001 (positive = backward gain)
2025-08-02 16:51:51,280 - FWT (Forward Transfer): 0.7370 (positive = beneficial transfer)
2025-08-02 16:51:51,298 - ACC (Average Accuracy): -0.0852
2025-08-02 16:51:51,316 - ==== Performance Matrix R[i][j] ====
2025-08-02 16:51:51,331 - Rows: trained after task i, Columns: evaluated on task j
2025-08-02 16:51:51,352 -        Task 0 Task 1 Task 2
2025-08-02 16:51:51,366 - Task 0: -0.0462 -0.0521 -0.1586
2025-08-02 16:51:51,385 - Task 1: -0.0462 -0.0520 -0.1585
2025-08-02 16:51:51,402 - Task 2: -0.0467 -0.0512 -0.1577
2025-08-02 16:51:51,908 - ==== Evaluation Complete ====
2025-08-02 16:51:51,921 - All results saved to: /beegfs/home/users/z/zzhuqshun/Thesis/05_Final/mas/strategies/best/metrics
2025-08-02 16:51:51,933 - ==== Final Summary ====
2025-08-02 16:51:51,945 - Continual Learning Metrics:
2025-08-02 16:51:51,958 -   BWT: 0.0001
2025-08-02 16:51:51,971 -   FWT: 0.7370
2025-08-02 16:51:51,983 -   ACC: -0.0852
2025-08-02 16:51:51,996 -   num_tasks: 3.0000
2025-08-02 16:51:52,007 - ==== Experiment Complete ====
