2025-07-29 18:33:30,800 - ==== Experiment Setup ====
2025-07-29 18:33:30,822 - Mode: joint
2025-07-29 18:33:30,843 - Number of tasks: 3
2025-07-29 18:33:30,861 - EWC lambdas: [0.0, 0.0, 0.0]
2025-07-29 18:33:30,882 - LWF alphas: [0.0, 0.0, 0.0]
2025-07-29 18:33:30,907 - Base directory: /beegfs/home/users/z/zzhuqshun/Thesis/05_Final/ewc/strategies/joint
2025-07-29 18:33:30,930 - ==== Joint Training (Baseline) ====
2025-07-29 18:35:06,808 - Joint training - Train IDs: ['03', '05', '07', '09', '11', '15', '21', '23', '25', '27', '29'], size: 205644
2025-07-29 18:35:06,836 - Joint training - Val IDs: ['01', '19', '13'], size: 58177
2025-07-29 18:35:06,846 - Joint training - Test ID: 17, size: 22872
2025-07-29 18:35:06,871 -   (Scaler) Scaler centers: [ 3.342422    0.17992967 27.75      ]
2025-07-29 18:35:06,883 -   (Scaler) Scaler scales: [0.18428363 1.77955483 1.81783333]
2025-07-29 18:43:53,212 - Epoch 0 task=2.2723e-02 kd=0.0000e+00 ewc=0.0000e+00 val=2.2427e-03 lr=1.00e-04 time=232.40s
2025-07-29 18:47:54,617 - Epoch 1 task=6.2867e-03 kd=0.0000e+00 ewc=0.0000e+00 val=1.1379e-03 lr=1.00e-04 time=224.93s
2025-07-29 18:51:56,050 - Epoch 2 task=3.6614e-03 kd=0.0000e+00 ewc=0.0000e+00 val=1.2391e-03 lr=1.00e-04 time=224.96s
2025-07-29 18:55:56,928 - Epoch 3 task=2.0000e-03 kd=0.0000e+00 ewc=0.0000e+00 val=1.2032e-03 lr=1.00e-04 time=224.53s
2025-07-29 18:59:56,470 - Epoch 4 task=1.1192e-03 kd=0.0000e+00 ewc=0.0000e+00 val=5.6654e-04 lr=1.00e-04 time=222.34s
2025-07-29 19:03:58,304 - Epoch 5 task=5.9559e-04 kd=0.0000e+00 ewc=0.0000e+00 val=8.9163e-04 lr=1.00e-04 time=224.63s
2025-07-29 19:08:00,047 - Epoch 6 task=4.0951e-04 kd=0.0000e+00 ewc=0.0000e+00 val=5.7827e-04 lr=1.00e-04 time=224.59s
2025-07-29 19:12:02,019 - Epoch 7 task=3.1060e-04 kd=0.0000e+00 ewc=0.0000e+00 val=3.5550e-04 lr=1.00e-04 time=224.88s
2025-07-29 19:16:03,285 - Epoch 8 task=2.3761e-04 kd=0.0000e+00 ewc=0.0000e+00 val=4.8509e-04 lr=1.00e-04 time=224.10s
2025-07-29 19:20:04,189 - Epoch 9 task=2.0217e-04 kd=0.0000e+00 ewc=0.0000e+00 val=3.0042e-04 lr=1.00e-04 time=223.78s
2025-07-29 19:24:07,021 - Epoch 10 task=1.8876e-04 kd=0.0000e+00 ewc=0.0000e+00 val=3.5375e-04 lr=1.00e-04 time=225.67s
2025-07-29 19:28:10,792 - Epoch 11 task=1.6527e-04 kd=0.0000e+00 ewc=0.0000e+00 val=2.6464e-04 lr=1.00e-04 time=226.59s
2025-07-29 19:32:12,817 - Epoch 12 task=1.4900e-04 kd=0.0000e+00 ewc=0.0000e+00 val=2.8292e-04 lr=1.00e-04 time=224.82s
2025-07-29 19:36:12,012 - Epoch 13 task=2.1938e-04 kd=0.0000e+00 ewc=0.0000e+00 val=3.0634e-04 lr=1.00e-04 time=222.04s
2025-07-29 19:40:11,162 - Epoch 14 task=1.3704e-04 kd=0.0000e+00 ewc=0.0000e+00 val=3.6347e-04 lr=1.00e-04 time=221.97s
2025-07-29 19:44:12,409 - Epoch 15 task=1.3580e-04 kd=0.0000e+00 ewc=0.0000e+00 val=3.0101e-04 lr=1.00e-04 time=224.14s
2025-07-29 19:48:18,540 - Epoch 16 task=1.3260e-04 kd=0.0000e+00 ewc=0.0000e+00 val=3.0864e-04 lr=1.00e-04 time=228.95s
2025-07-29 19:52:17,907 - Epoch 17 task=1.2779e-04 kd=0.0000e+00 ewc=0.0000e+00 val=2.7150e-04 lr=1.00e-04 time=222.17s
2025-07-29 19:56:17,509 - Epoch 18 task=1.0744e-04 kd=0.0000e+00 ewc=0.0000e+00 val=3.5201e-04 lr=5.00e-05 time=222.43s
2025-07-29 20:00:19,332 - Epoch 19 task=1.0336e-04 kd=0.0000e+00 ewc=0.0000e+00 val=3.4272e-04 lr=5.00e-05 time=224.64s
2025-07-29 20:04:21,373 - Epoch 20 task=1.0237e-04 kd=0.0000e+00 ewc=0.0000e+00 val=3.9322e-04 lr=5.00e-05 time=224.88s
2025-07-29 20:08:21,976 - Epoch 21 task=1.0328e-04 kd=0.0000e+00 ewc=0.0000e+00 val=3.8363e-04 lr=5.00e-05 time=223.41s
2025-07-29 20:12:21,418 - Epoch 22 task=9.9646e-05 kd=0.0000e+00 ewc=0.0000e+00 val=4.8348e-04 lr=5.00e-05 time=222.24s
2025-07-29 20:16:22,046 - Epoch 23 task=9.8422e-05 kd=0.0000e+00 ewc=0.0000e+00 val=4.9786e-04 lr=5.00e-05 time=223.43s
2025-07-29 20:20:22,190 - Epoch 24 task=9.1085e-05 kd=0.0000e+00 ewc=0.0000e+00 val=4.0165e-04 lr=2.50e-05 time=223.00s
2025-07-29 20:24:22,289 - Epoch 25 task=9.0751e-05 kd=0.0000e+00 ewc=0.0000e+00 val=4.5738e-04 lr=2.50e-05 time=222.94s
2025-07-29 20:28:22,855 - Epoch 26 task=8.9891e-05 kd=0.0000e+00 ewc=0.0000e+00 val=4.5964e-04 lr=2.50e-05 time=223.40s
2025-07-29 20:32:23,552 - Epoch 27 task=9.0781e-05 kd=0.0000e+00 ewc=0.0000e+00 val=4.7109e-04 lr=2.50e-05 time=223.48s
2025-07-29 20:36:28,682 - Epoch 28 task=8.7675e-05 kd=0.0000e+00 ewc=0.0000e+00 val=5.2180e-04 lr=2.50e-05 time=227.95s
2025-07-29 20:40:28,858 - Epoch 29 task=8.7188e-05 kd=0.0000e+00 ewc=0.0000e+00 val=4.4292e-04 lr=2.50e-05 time=223.01s
2025-07-29 20:44:28,877 - Epoch 30 task=8.4346e-05 kd=0.0000e+00 ewc=0.0000e+00 val=5.1190e-04 lr=1.25e-05 time=222.85s
2025-07-29 20:48:03,463 - Epoch 31 task=8.3343e-05 kd=0.0000e+00 ewc=0.0000e+00 val=4.7098e-04 lr=1.25e-05 time=197.40s
2025-07-29 20:48:03,467 - Early stopping at epoch 31
2025-07-29 20:48:18,454 - Eval RMSE 7.2272e-03 MAE 5.6535e-03 R2 0.9926
2025-07-29 20:48:25,604 - ==== Joint Training Complete ====
2025-07-29 20:48:25,610 - ==== Experiment Complete ====
