2025-08-15 18:53:56,115 - INFO - ==== Incremental Training (SI + KD via IncTrainer) ====
2025-08-15 18:53:56,138 - INFO - Number of tasks: 3
2025-08-15 18:55:42,318 - INFO - Incremental training - Task 0 Train IDs: ['03', '27', '05', '21', '11'], size: 107395
2025-08-15 18:55:42,342 - INFO - Incremental training - Task 0 Val IDs: ['01'], size: 20028
2025-08-15 18:55:42,360 - INFO - Incremental training - Test Task 0 size: 8584
2025-08-15 18:55:42,377 - INFO - Incremental training - Task 1 Train IDs: ['09', '29', '25'], size: 41175
2025-08-15 18:55:42,391 - INFO - Incremental training - Task 1 Val IDs: ['19'], size: 16183
2025-08-15 18:55:42,407 - INFO - Incremental training - Test Task 1 size: 6937
2025-08-15 18:55:42,423 - INFO - Incremental training - Task 2 Train IDs: ['15', '07', '23'], size: 57074
2025-08-15 18:55:42,442 - INFO - Incremental training - Task 2 Val IDs: ['13'], size: 4511
2025-08-15 18:55:42,459 - INFO - Incremental training - Test Task 2 size: 1934
2025-08-15 18:55:42,498 - INFO -   (Scaler) Scaler centers: [ 3.3374245   0.101279   27.50083333]
2025-08-15 18:55:42,555 - INFO -   (Scaler) Scaler scales: [0.18253608 1.77971742 1.05683333]
2025-08-15 18:55:44,607 - INFO - ========== Model Structure ==========
2025-08-15 18:55:44,620 - INFO - 
SOHLSTM(
  (lstm): LSTM(3, 128, num_layers=2, batch_first=True, dropout=0.3)
  (fc): Sequential(
    (0): Linear(in_features=128, out_features=64, bias=True)
    (1): LeakyReLU(negative_slope=0.01)
    (2): Dropout(p=0.3, inplace=False)
    (3): Linear(in_features=64, out_features=1, bias=True)
  )
)
2025-08-15 18:55:44,629 - INFO - =====================================
2025-08-15 18:55:44,642 - INFO - ====== Model Parameters Details ======
2025-08-15 18:55:44,660 - INFO - lstm.weight_ih_l0                                  | trainable |     1536 params
2025-08-15 18:55:44,670 - INFO - lstm.weight_hh_l0                                  | trainable |    65536 params
2025-08-15 18:55:44,683 - INFO - lstm.bias_ih_l0                                    | trainable |      512 params
2025-08-15 18:55:44,696 - INFO - lstm.bias_hh_l0                                    | trainable |      512 params
2025-08-15 18:55:44,712 - INFO - lstm.weight_ih_l1                                  | trainable |    65536 params
2025-08-15 18:55:44,721 - INFO - lstm.weight_hh_l1                                  | trainable |    65536 params
2025-08-15 18:55:44,732 - INFO - lstm.bias_ih_l1                                    | trainable |      512 params
2025-08-15 18:55:44,746 - INFO - lstm.bias_hh_l1                                    | trainable |      512 params
2025-08-15 18:55:44,760 - INFO - fc.0.weight                                        | trainable |     8192 params
2025-08-15 18:55:44,774 - INFO - fc.0.bias                                          | trainable |       64 params
2025-08-15 18:55:44,785 - INFO - fc.3.weight                                        | trainable |       64 params
2025-08-15 18:55:44,802 - INFO - fc.3.bias                                          | trainable |        1 params
2025-08-15 18:55:44,817 - INFO - --------------------------------------------------------------------------------
2025-08-15 18:55:44,828 - INFO - Total params:                                          208513 params (only trainable)
2025-08-15 18:55:44,841 - INFO - =====================================
2025-08-15 18:55:45,237 - INFO - [Skip] Loaded Task0 best from task0_best.pt
2025-08-15 18:55:45,250 - INFO - [Skip] Restored SI (omega/theta_star).
2025-08-15 18:56:16,863 - INFO - [Skip] Built teacher & KL stats from task0_train.
2025-08-15 18:56:16,870 - INFO - [Skip] Task0 training skipped. Start Task1.
2025-08-15 19:02:11,622 - INFO - [Task 1][Ep 0] train=2.0958e-03 val=8.7926e-04 | KL=1.963 | Lambda: KD=0.0000 SI=0.0000 | Ratio: KD=0.00% SI=0.00% | lr=1.00e-04 time=76.46s
2025-08-15 19:03:25,064 - INFO - [Task 1][Ep 1] train=2.8463e-03 val=6.3004e-04 | KL=1.961 | Lambda: KD=0.0485 SI=0.0004 | Ratio: KD=33.88% SI=0.34% | lr=1.00e-04 time=73.06s
2025-08-15 19:04:50,513 - INFO - [Task 1][Ep 2] train=3.5757e-03 val=4.6948e-04 | KL=1.963 | Lambda: KD=0.0970 SI=0.0007 | Ratio: KD=51.39% SI=1.29% | lr=1.00e-04 time=85.42s
2025-08-15 19:06:23,007 - INFO - [Task 1][Ep 3] train=4.0533e-03 val=3.1893e-04 | KL=1.962 | Lambda: KD=0.1455 SI=0.0011 | Ratio: KD=61.92% SI=2.16% | lr=1.00e-04 time=92.46s
2025-08-15 19:07:55,409 - INFO - [Task 1][Ep 4] train=4.8607e-03 val=4.0721e-04 | KL=1.963 | Lambda: KD=0.1940 SI=0.0015 | Ratio: KD=63.84% SI=2.69% | lr=1.00e-04 time=92.38s
2025-08-15 19:09:27,524 - INFO - [Task 1][Ep 5] train=5.4295e-03 val=4.6765e-04 | KL=1.967 | Lambda: KD=0.2425 SI=0.0019 | Ratio: KD=67.72% SI=2.89% | lr=1.00e-04 time=92.10s
2025-08-15 19:11:00,172 - INFO - [Task 1][Ep 6] train=6.1359e-03 val=3.8402e-04 | KL=1.958 | Lambda: KD=0.2910 SI=0.0022 | Ratio: KD=66.00% SI=2.96% | lr=1.00e-04 time=92.63s
2025-08-15 19:12:32,767 - INFO - [Task 1][Ep 7] train=6.7152e-03 val=3.4253e-04 | KL=1.961 | Lambda: KD=0.3395 SI=0.0026 | Ratio: KD=65.64% SI=2.98% | lr=1.00e-04 time=92.58s
2025-08-15 19:14:05,118 - INFO - [Task 1][Ep 8] train=7.3994e-03 val=2.7202e-04 | KL=1.964 | Lambda: KD=0.3880 SI=0.0030 | Ratio: KD=63.37% SI=3.11% | lr=1.00e-04 time=92.32s
2025-08-15 19:15:38,096 - INFO - [Task 1][Ep 9] train=7.8925e-03 val=4.9815e-04 | KL=1.961 | Lambda: KD=0.4365 SI=0.0034 | Ratio: KD=62.54% SI=3.17% | lr=1.00e-04 time=92.96s
2025-08-15 19:17:11,496 - INFO - [Task 1][Ep 10] train=8.5649e-03 val=4.8475e-04 | KL=1.963 | Lambda: KD=0.4850 SI=0.0037 | Ratio: KD=60.26% SI=3.08% | lr=1.00e-04 time=93.37s
2025-08-15 19:18:45,811 - INFO - [Task 1][Ep 11] train=8.3952e-03 val=2.1821e-04 | KL=1.964 | Lambda: KD=0.4850 SI=0.0037 | Ratio: KD=60.72% SI=2.97% | lr=1.00e-04 time=94.31s
2025-08-15 19:20:14,934 - INFO - [Task 1][Ep 12] train=8.5736e-03 val=4.3983e-04 | KL=1.964 | Lambda: KD=0.4850 SI=0.0037 | Ratio: KD=59.56% SI=3.10% | lr=1.00e-04 time=89.11s
