2025-07-27 11:33:55,506 - ==== Incremental Training Phase ====
2025-07-27 11:35:25,316 - Incremental training - Task 0 Train IDs: ['03', '05', '07', '27'], size: 92079
2025-07-27 11:35:25,318 - Incremental training - Task 0 Val IDs: ['01'], size: 28612
2025-07-27 11:35:25,320 - Incremental training - Task 1 Train IDs: ['21', '23', '25'], size: 65674
2025-07-27 11:35:25,321 - Incremental training - Task 1 Val IDs: ['19'], size: 23120
2025-07-27 11:35:25,322 - Incremental training - Task 2 Train IDs: ['09', '11', '15', '29'], size: 47891
2025-07-27 11:35:25,323 - Incremental training - Task 2 Val IDs: ['13'], size: 6445
2025-07-27 11:35:25,324 - Incremental training - Test ID: 17, size: 22872
2025-07-27 11:35:25,325 - Incremental training - Test Task 0 size: 11139
2025-07-27 11:35:25,326 - Incremental training - Test Task 1 size: 6312
2025-07-27 11:35:25,327 - Incremental training - Test Task 2 size: 5421
2025-07-27 11:35:25,340 -   (Scaler) Scaler centers: [ 3.31975183  0.         27.55116667]
2025-07-27 11:35:25,347 -   (Scaler) Scaler scales: [0.20016217 1.86108033 1.05333333]
2025-07-27 11:35:26,109 - ==== Training task task0 ====
2025-07-27 11:35:26,110 - Applying LWF alpha: 0.0000
2025-07-27 11:38:39,520 - Epoch 000 | task 3.8185e-02 | kd 0.0000e+00 | ewc 0.0000e+00 | val 3.9701e-04 | lr 1.00e-04 | 90.63s
2025-07-27 11:40:07,251 - Epoch 001 | task 7.2809e-03 | kd 0.0000e+00 | ewc 0.0000e+00 | val 1.2390e-03 | lr 1.00e-04 | 87.65s
2025-07-27 11:41:32,840 - Epoch 002 | task 5.3336e-03 | kd 0.0000e+00 | ewc 0.0000e+00 | val 4.1007e-04 | lr 1.00e-04 | 85.59s
2025-07-27 11:42:59,960 - Epoch 003 | task 4.3114e-03 | kd 0.0000e+00 | ewc 0.0000e+00 | val 5.2683e-04 | lr 1.00e-04 | 87.08s
2025-07-27 11:44:22,491 - Epoch 004 | task 3.4078e-03 | kd 0.0000e+00 | ewc 0.0000e+00 | val 4.0077e-04 | lr 1.00e-04 | 82.53s
2025-07-27 11:45:45,300 - Epoch 005 | task 2.6546e-03 | kd 0.0000e+00 | ewc 0.0000e+00 | val 4.2909e-04 | lr 1.00e-04 | 82.78s
2025-07-27 11:47:08,926 - Epoch 006 | task 2.0628e-03 | kd 0.0000e+00 | ewc 0.0000e+00 | val 4.1929e-04 | lr 5.00e-05 | 83.57s
2025-07-27 11:48:32,736 - Epoch 007 | task 1.6437e-03 | kd 0.0000e+00 | ewc 0.0000e+00 | val 4.1027e-04 | lr 5.00e-05 | 83.80s
2025-07-27 11:49:57,831 - Epoch 008 | task 1.3989e-03 | kd 0.0000e+00 | ewc 0.0000e+00 | val 4.0465e-04 | lr 5.00e-05 | 85.06s
2025-07-27 11:51:22,145 - Epoch 009 | task 1.1847e-03 | kd 0.0000e+00 | ewc 0.0000e+00 | val 5.2821e-04 | lr 5.00e-05 | 84.31s
2025-07-27 11:52:45,417 - Epoch 010 | task 1.0242e-03 | kd 0.0000e+00 | ewc 0.0000e+00 | val 4.1433e-04 | lr 5.00e-05 | 83.27s
2025-07-27 11:54:09,031 - Epoch 011 | task 8.8463e-04 | kd 0.0000e+00 | ewc 0.0000e+00 | val 4.8046e-04 | lr 5.00e-05 | 83.61s
2025-07-27 11:55:33,370 - Epoch 012 | task 7.6670e-04 | kd 0.0000e+00 | ewc 0.0000e+00 | val 4.4364e-04 | lr 2.50e-05 | 84.34s
2025-07-27 11:56:58,910 - Epoch 013 | task 6.8916e-04 | kd 0.0000e+00 | ewc 0.0000e+00 | val 4.5429e-04 | lr 2.50e-05 | 85.51s
2025-07-27 11:58:23,459 - Epoch 014 | task 6.5441e-04 | kd 0.0000e+00 | ewc 0.0000e+00 | val 4.0813e-04 | lr 2.50e-05 | 84.54s
2025-07-27 11:59:48,418 - Epoch 015 | task 6.1887e-04 | kd 0.0000e+00 | ewc 0.0000e+00 | val 4.5552e-04 | lr 2.50e-05 | 84.96s
2025-07-27 12:01:14,586 - Epoch 016 | task 5.8771e-04 | kd 0.0000e+00 | ewc 0.0000e+00 | val 4.4893e-04 | lr 2.50e-05 | 86.17s
2025-07-27 12:02:40,881 - Epoch 017 | task 5.6182e-04 | kd 0.0000e+00 | ewc 0.0000e+00 | val 4.4863e-04 | lr 2.50e-05 | 86.29s
2025-07-27 12:04:06,604 - Epoch 018 | task 5.3662e-04 | kd 0.0000e+00 | ewc 0.0000e+00 | val 4.3634e-04 | lr 1.25e-05 | 85.72s
2025-07-27 12:05:32,630 - Epoch 019 | task 5.0902e-04 | kd 0.0000e+00 | ewc 0.0000e+00 | val 4.3794e-04 | lr 1.25e-05 | 86.02s
2025-07-27 12:06:58,219 - Epoch 020 | task 4.9672e-04 | kd 0.0000e+00 | ewc 0.0000e+00 | val 3.9440e-04 | lr 1.25e-05 | 85.59s
2025-07-27 12:08:24,053 - Epoch 021 | task 4.8163e-04 | kd 0.0000e+00 | ewc 0.0000e+00 | val 3.8731e-04 | lr 1.25e-05 | 85.81s
2025-07-27 12:09:49,734 - Epoch 022 | task 4.6823e-04 | kd 0.0000e+00 | ewc 0.0000e+00 | val 4.1554e-04 | lr 1.25e-05 | 85.65s
2025-07-27 12:11:15,143 - Epoch 023 | task 4.0172e-04 | kd 0.0000e+00 | ewc 0.0000e+00 | val 1.0952e-03 | lr 1.25e-05 | 85.40s
2025-07-27 12:12:40,751 - Epoch 024 | task 3.2500e-04 | kd 0.0000e+00 | ewc 0.0000e+00 | val 6.6763e-04 | lr 1.25e-05 | 85.61s
2025-07-27 12:14:06,188 - Epoch 025 | task 2.9481e-04 | kd 0.0000e+00 | ewc 0.0000e+00 | val 6.9162e-04 | lr 1.25e-05 | 85.43s
2025-07-27 12:15:31,752 - Epoch 026 | task 2.7917e-04 | kd 0.0000e+00 | ewc 0.0000e+00 | val 6.5801e-04 | lr 1.25e-05 | 85.56s
2025-07-27 12:16:57,891 - Epoch 027 | task 2.6036e-04 | kd 0.0000e+00 | ewc 0.0000e+00 | val 5.1247e-04 | lr 6.25e-06 | 86.14s
2025-07-27 12:18:23,810 - Epoch 028 | task 2.3755e-04 | kd 0.0000e+00 | ewc 0.0000e+00 | val 4.9484e-04 | lr 6.25e-06 | 85.91s
2025-07-27 12:19:49,654 - Epoch 029 | task 2.2858e-04 | kd 0.0000e+00 | ewc 0.0000e+00 | val 4.9019e-04 | lr 6.25e-06 | 85.84s
2025-07-27 12:21:15,469 - Epoch 030 | task 2.1826e-04 | kd 0.0000e+00 | ewc 0.0000e+00 | val 4.7769e-04 | lr 6.25e-06 | 85.80s
2025-07-27 12:22:41,389 - Epoch 031 | task 2.1277e-04 | kd 0.0000e+00 | ewc 0.0000e+00 | val 4.6255e-04 | lr 6.25e-06 | 85.91s
2025-07-27 12:24:07,138 - Epoch 032 | task 2.0780e-04 | kd 0.0000e+00 | ewc 0.0000e+00 | val 5.2453e-04 | lr 6.25e-06 | 85.64s
2025-07-27 12:25:32,988 - Epoch 033 | task 2.0206e-04 | kd 0.0000e+00 | ewc 0.0000e+00 | val 6.0088e-04 | lr 3.13e-06 | 85.85s
2025-07-27 12:27:03,359 - Epoch 034 | task 1.9538e-04 | kd 0.0000e+00 | ewc 0.0000e+00 | val 5.9399e-04 | lr 3.13e-06 | 90.37s
2025-07-27 12:28:30,348 - Epoch 035 | task 1.9295e-04 | kd 0.0000e+00 | ewc 0.0000e+00 | val 5.4762e-04 | lr 3.13e-06 | 86.98s
2025-07-27 12:29:55,358 - Epoch 036 | task 1.9009e-04 | kd 0.0000e+00 | ewc 0.0000e+00 | val 6.5012e-04 | lr 3.13e-06 | 85.01s
2025-07-27 12:31:20,733 - Epoch 037 | task 1.8772e-04 | kd 0.0000e+00 | ewc 0.0000e+00 | val 6.8606e-04 | lr 3.13e-06 | 85.37s
2025-07-27 12:32:46,305 - Epoch 038 | task 1.8481e-04 | kd 0.0000e+00 | ewc 0.0000e+00 | val 6.5710e-04 | lr 3.13e-06 | 85.57s
2025-07-27 12:34:11,428 - Epoch 039 | task 1.8222e-04 | kd 0.0000e+00 | ewc 0.0000e+00 | val 6.4095e-04 | lr 1.56e-06 | 85.12s
2025-07-27 12:35:36,435 - Epoch 040 | task 1.7913e-04 | kd 0.0000e+00 | ewc 0.0000e+00 | val 6.6573e-04 | lr 1.56e-06 | 84.99s
2025-07-27 12:37:02,739 - Epoch 041 | task 1.7879e-04 | kd 0.0000e+00 | ewc 0.0000e+00 | val 6.4861e-04 | lr 1.56e-06 | 86.28s
2025-07-27 12:37:02,741 - Early stopping at epoch 42
2025-07-27 12:37:07,360 - Consolidate lambda: 215.9545
2025-07-27 12:38:10,862 - ==== Training task task0 completed ====
2025-07-27 12:38:10,863 - ==== Training task task1 ====
2025-07-27 12:38:10,864 - Applying LWF alpha: 0.0000
2025-07-27 12:39:14,029 - Epoch 000 | task 2.3296e-03 | kd 0.0000e+00 | ewc 1.8372e-06 | val 1.2783e-03 | lr 1.00e-04 | 63.06s
2025-07-27 12:40:17,329 - Epoch 001 | task 1.2304e-03 | kd 0.0000e+00 | ewc 1.2030e-06 | val 2.2708e-03 | lr 1.00e-04 | 63.26s
2025-07-27 12:41:19,524 - Epoch 002 | task 1.0675e-03 | kd 0.0000e+00 | ewc 1.4753e-06 | val 2.5611e-03 | lr 1.00e-04 | 62.19s
2025-07-27 12:42:21,269 - Epoch 003 | task 8.7068e-04 | kd 0.0000e+00 | ewc 1.3510e-06 | val 2.6229e-03 | lr 1.00e-04 | 61.74s
2025-07-27 12:43:52,688 - Epoch 004 | task 6.6616e-04 | kd 0.0000e+00 | ewc 1.5162e-06 | val 1.2942e-03 | lr 1.00e-04 | 91.42s
2025-07-27 12:45:38,215 - Epoch 005 | task 6.6993e-04 | kd 0.0000e+00 | ewc 1.9141e-06 | val 2.2873e-03 | lr 1.00e-04 | 105.51s
2025-07-27 12:47:23,948 - Epoch 006 | task 5.8211e-04 | kd 0.0000e+00 | ewc 2.0712e-06 | val 2.7631e-03 | lr 5.00e-05 | 105.72s
2025-07-27 12:49:12,215 - Epoch 007 | task 3.8583e-04 | kd 0.0000e+00 | ewc 2.1713e-06 | val 3.5381e-03 | lr 5.00e-05 | 108.25s
2025-07-27 12:50:51,380 - Epoch 008 | task 3.9901e-04 | kd 0.0000e+00 | ewc 2.3753e-06 | val 3.2712e-03 | lr 5.00e-05 | 99.16s
2025-07-27 12:52:40,573 - Epoch 009 | task 3.7041e-04 | kd 0.0000e+00 | ewc 2.5490e-06 | val 3.7132e-03 | lr 5.00e-05 | 109.18s
2025-07-27 12:54:28,069 - Epoch 010 | task 3.4943e-04 | kd 0.0000e+00 | ewc 2.7065e-06 | val 3.1733e-03 | lr 5.00e-05 | 107.47s
2025-07-27 12:56:04,822 - Epoch 011 | task 3.5663e-04 | kd 0.0000e+00 | ewc 2.7766e-06 | val 3.2951e-03 | lr 5.00e-05 | 96.74s
2025-07-27 12:57:30,343 - Epoch 012 | task 3.0652e-04 | kd 0.0000e+00 | ewc 2.8637e-06 | val 3.2046e-03 | lr 2.50e-05 | 85.48s
2025-07-27 12:58:53,820 - Epoch 013 | task 2.6133e-04 | kd 0.0000e+00 | ewc 2.8496e-06 | val 3.1272e-03 | lr 2.50e-05 | 83.47s
2025-07-27 13:00:17,174 - Epoch 014 | task 2.5209e-04 | kd 0.0000e+00 | ewc 2.8211e-06 | val 3.5443e-03 | lr 2.50e-05 | 83.35s
2025-07-27 13:01:40,436 - Epoch 015 | task 2.5316e-04 | kd 0.0000e+00 | ewc 2.7933e-06 | val 3.6243e-03 | lr 2.50e-05 | 83.25s
2025-07-27 13:03:03,275 - Epoch 016 | task 2.3951e-04 | kd 0.0000e+00 | ewc 2.8240e-06 | val 3.2804e-03 | lr 2.50e-05 | 82.59s
2025-07-27 13:04:24,773 - Epoch 017 | task 2.3164e-04 | kd 0.0000e+00 | ewc 2.8524e-06 | val 3.9418e-03 | lr 2.50e-05 | 81.49s
2025-07-27 13:05:45,562 - Epoch 018 | task 2.3438e-04 | kd 0.0000e+00 | ewc 2.8901e-06 | val 3.6404e-03 | lr 1.25e-05 | 80.78s
2025-07-27 13:07:08,626 - Epoch 019 | task 2.1480e-04 | kd 0.0000e+00 | ewc 2.9077e-06 | val 3.6466e-03 | lr 1.25e-05 | 83.06s
2025-07-27 13:08:42,231 - Epoch 020 | task 2.0275e-04 | kd 0.0000e+00 | ewc 2.8970e-06 | val 3.9003e-03 | lr 1.25e-05 | 93.60s
2025-07-27 13:08:42,250 - Early stopping at epoch 21
2025-07-27 13:08:46,826 - Consolidate lambda: 588.6713
2025-07-27 13:09:32,313 - ==== Training task task1 completed ====
2025-07-27 13:09:32,327 - ==== Training task task2 ====
2025-07-27 13:09:32,338 - Applying LWF alpha: 0.0000
2025-07-27 13:10:37,851 - Epoch 000 | task 3.4447e-03 | kd 0.0000e+00 | ewc 7.4910e-05 | val 1.7588e-03 | lr 1.00e-04 | 65.24s
2025-07-27 13:11:38,659 - Epoch 001 | task 1.7817e-03 | kd 0.0000e+00 | ewc 8.9502e-05 | val 3.3693e-03 | lr 1.00e-04 | 60.73s
2025-07-27 13:12:32,396 - Epoch 002 | task 1.6479e-03 | kd 0.0000e+00 | ewc 8.6194e-05 | val 3.2460e-03 | lr 1.00e-04 | 53.73s
2025-07-27 13:13:19,347 - Epoch 003 | task 1.5318e-03 | kd 0.0000e+00 | ewc 8.4512e-05 | val 1.6529e-03 | lr 1.00e-04 | 46.95s
2025-07-27 13:14:11,913 - Epoch 004 | task 1.5754e-03 | kd 0.0000e+00 | ewc 8.5121e-05 | val 2.3145e-03 | lr 1.00e-04 | 52.51s
2025-07-27 13:15:07,219 - Epoch 005 | task 1.2697e-03 | kd 0.0000e+00 | ewc 8.4911e-05 | val 1.2912e-03 | lr 1.00e-04 | 55.30s
2025-07-27 13:16:06,954 - Epoch 006 | task 1.1922e-03 | kd 0.0000e+00 | ewc 8.3454e-05 | val 2.5053e-03 | lr 1.00e-04 | 59.66s
2025-07-27 13:17:13,125 - Epoch 007 | task 1.1489e-03 | kd 0.0000e+00 | ewc 8.3906e-05 | val 1.4484e-03 | lr 1.00e-04 | 66.17s
2025-07-27 13:18:11,498 - Epoch 008 | task 1.1152e-03 | kd 0.0000e+00 | ewc 8.3319e-05 | val 1.0477e-03 | lr 1.00e-04 | 58.36s
2025-07-27 13:19:21,886 - Epoch 009 | task 1.0651e-03 | kd 0.0000e+00 | ewc 8.3075e-05 | val 8.0690e-04 | lr 1.00e-04 | 70.34s
2025-07-27 13:20:34,353 - Epoch 010 | task 1.0713e-03 | kd 0.0000e+00 | ewc 8.3025e-05 | val 1.3334e-03 | lr 1.00e-04 | 72.34s
2025-07-27 13:21:40,992 - Epoch 011 | task 1.0151e-03 | kd 0.0000e+00 | ewc 8.4035e-05 | val 1.4979e-03 | lr 1.00e-04 | 66.63s
2025-07-27 13:22:56,429 - Epoch 012 | task 9.6680e-04 | kd 0.0000e+00 | ewc 8.5369e-05 | val 1.7447e-03 | lr 1.00e-04 | 75.42s
2025-07-27 13:24:13,555 - Epoch 013 | task 1.4352e-03 | kd 0.0000e+00 | ewc 8.4835e-05 | val 1.6142e-03 | lr 1.00e-04 | 77.12s
2025-07-27 13:25:27,647 - Epoch 014 | task 9.9392e-04 | kd 0.0000e+00 | ewc 8.8523e-05 | val 1.2831e-03 | lr 1.00e-04 | 74.08s
2025-07-27 13:26:35,023 - Epoch 015 | task 8.9553e-04 | kd 0.0000e+00 | ewc 8.5121e-05 | val 1.1370e-03 | lr 5.00e-05 | 67.37s
2025-07-27 13:27:41,057 - Epoch 016 | task 7.2789e-04 | kd 0.0000e+00 | ewc 8.2282e-05 | val 8.9095e-04 | lr 5.00e-05 | 66.01s
2025-07-27 13:28:28,571 - Epoch 017 | task 6.8024e-04 | kd 0.0000e+00 | ewc 8.0896e-05 | val 1.1766e-03 | lr 5.00e-05 | 47.51s
2025-07-27 13:29:15,946 - Epoch 018 | task 7.0815e-04 | kd 0.0000e+00 | ewc 7.9617e-05 | val 1.0437e-03 | lr 5.00e-05 | 47.37s
2025-07-27 13:30:03,366 - Epoch 019 | task 6.2425e-04 | kd 0.0000e+00 | ewc 7.8718e-05 | val 1.1129e-03 | lr 5.00e-05 | 47.41s
2025-07-27 13:30:57,317 - Epoch 020 | task 6.3951e-04 | kd 0.0000e+00 | ewc 7.7354e-05 | val 1.1053e-03 | lr 5.00e-05 | 53.94s
2025-07-27 13:31:53,121 - Epoch 021 | task 6.2394e-04 | kd 0.0000e+00 | ewc 7.6487e-05 | val 9.3713e-04 | lr 2.50e-05 | 55.80s
2025-07-27 13:32:48,898 - Epoch 022 | task 5.4062e-04 | kd 0.0000e+00 | ewc 7.5334e-05 | val 8.3176e-04 | lr 2.50e-05 | 55.77s
2025-07-27 13:33:44,602 - Epoch 023 | task 5.1897e-04 | kd 0.0000e+00 | ewc 7.4385e-05 | val 8.4669e-04 | lr 2.50e-05 | 55.67s
2025-07-27 13:34:40,376 - Epoch 024 | task 5.4307e-04 | kd 0.0000e+00 | ewc 7.3538e-05 | val 8.6028e-04 | lr 2.50e-05 | 55.77s
2025-07-27 13:35:36,201 - Epoch 025 | task 5.2719e-04 | kd 0.0000e+00 | ewc 7.2682e-05 | val 9.6787e-04 | lr 2.50e-05 | 55.82s
2025-07-27 13:36:31,797 - Epoch 026 | task 5.0325e-04 | kd 0.0000e+00 | ewc 7.2365e-05 | val 8.3532e-04 | lr 2.50e-05 | 55.59s
2025-07-27 13:37:23,338 - Epoch 027 | task 5.0048e-04 | kd 0.0000e+00 | ewc 7.1944e-05 | val 8.6883e-04 | lr 1.25e-05 | 51.53s
2025-07-27 13:38:06,973 - Epoch 028 | task 4.6910e-04 | kd 0.0000e+00 | ewc 7.1309e-05 | val 8.5008e-04 | lr 1.25e-05 | 43.63s
2025-07-27 13:38:50,398 - Epoch 029 | task 4.7259e-04 | kd 0.0000e+00 | ewc 7.0761e-05 | val 7.6461e-04 | lr 1.25e-05 | 43.42s
2025-07-27 13:39:34,882 - Epoch 030 | task 4.6768e-04 | kd 0.0000e+00 | ewc 7.0445e-05 | val 8.2504e-04 | lr 1.25e-05 | 44.46s
2025-07-27 13:40:19,530 - Epoch 031 | task 4.6545e-04 | kd 0.0000e+00 | ewc 6.9833e-05 | val 7.5537e-04 | lr 1.25e-05 | 44.64s
2025-07-27 13:41:05,912 - Epoch 032 | task 4.5512e-04 | kd 0.0000e+00 | ewc 6.9331e-05 | val 9.2883e-04 | lr 1.25e-05 | 46.35s
2025-07-27 13:41:56,096 - Epoch 033 | task 4.6251e-04 | kd 0.0000e+00 | ewc 6.8851e-05 | val 7.6733e-04 | lr 1.25e-05 | 50.18s
2025-07-27 13:42:47,697 - Epoch 034 | task 4.5321e-04 | kd 0.0000e+00 | ewc 6.8467e-05 | val 8.1655e-04 | lr 1.25e-05 | 51.60s
2025-07-27 13:43:32,327 - Epoch 035 | task 4.5931e-04 | kd 0.0000e+00 | ewc 6.8126e-05 | val 7.8441e-04 | lr 1.25e-05 | 44.63s
2025-07-27 13:44:16,844 - Epoch 036 | task 4.5330e-04 | kd 0.0000e+00 | ewc 6.7730e-05 | val 7.2415e-04 | lr 1.25e-05 | 44.51s
2025-07-27 13:45:01,625 - Epoch 037 | task 4.4417e-04 | kd 0.0000e+00 | ewc 6.7461e-05 | val 7.9222e-04 | lr 1.25e-05 | 44.75s
2025-07-27 13:45:46,201 - Epoch 038 | task 4.5090e-04 | kd 0.0000e+00 | ewc 6.6991e-05 | val 7.8022e-04 | lr 1.25e-05 | 44.57s
2025-07-27 13:46:33,149 - Epoch 039 | task 4.3607e-04 | kd 0.0000e+00 | ewc 6.6592e-05 | val 7.1261e-04 | lr 1.25e-05 | 46.95s
2025-07-27 13:47:22,354 - Epoch 040 | task 4.2862e-04 | kd 0.0000e+00 | ewc 6.6374e-05 | val 7.9167e-04 | lr 1.25e-05 | 48.60s
2025-07-27 13:48:07,321 - Epoch 041 | task 4.3840e-04 | kd 0.0000e+00 | ewc 6.5978e-05 | val 7.7994e-04 | lr 1.25e-05 | 44.96s
2025-07-27 13:48:57,741 - Epoch 042 | task 4.3750e-04 | kd 0.0000e+00 | ewc 6.5602e-05 | val 7.2617e-04 | lr 1.25e-05 | 50.42s
2025-07-27 13:49:45,803 - Epoch 043 | task 4.3586e-04 | kd 0.0000e+00 | ewc 6.5413e-05 | val 7.7718e-04 | lr 1.25e-05 | 48.06s
2025-07-27 13:50:36,704 - Epoch 044 | task 4.2570e-04 | kd 0.0000e+00 | ewc 6.5155e-05 | val 7.0920e-04 | lr 1.25e-05 | 50.90s
2025-07-27 13:51:27,274 - Epoch 045 | task 4.2704e-04 | kd 0.0000e+00 | ewc 6.4880e-05 | val 7.5698e-04 | lr 1.25e-05 | 50.54s
2025-07-27 13:52:16,586 - Epoch 046 | task 4.2260e-04 | kd 0.0000e+00 | ewc 6.4607e-05 | val 6.9700e-04 | lr 1.25e-05 | 49.31s
2025-07-27 13:53:01,109 - Epoch 047 | task 4.1488e-04 | kd 0.0000e+00 | ewc 6.4276e-05 | val 6.5162e-04 | lr 1.25e-05 | 44.50s
2025-07-27 13:53:52,570 - Epoch 048 | task 4.1752e-04 | kd 0.0000e+00 | ewc 6.4016e-05 | val 6.3124e-04 | lr 1.25e-05 | 51.43s
2025-07-27 13:54:37,508 - Epoch 049 | task 4.1800e-04 | kd 0.0000e+00 | ewc 6.3798e-05 | val 7.5503e-04 | lr 1.25e-05 | 44.89s
2025-07-27 13:55:22,260 - Epoch 050 | task 4.1264e-04 | kd 0.0000e+00 | ewc 6.3720e-05 | val 7.5316e-04 | lr 1.25e-05 | 44.75s
2025-07-27 13:56:06,557 - Epoch 051 | task 4.1043e-04 | kd 0.0000e+00 | ewc 6.3392e-05 | val 7.8792e-04 | lr 1.25e-05 | 44.29s
2025-07-27 13:56:51,003 - Epoch 052 | task 4.1416e-04 | kd 0.0000e+00 | ewc 6.3133e-05 | val 7.4601e-04 | lr 1.25e-05 | 44.44s
2025-07-27 13:57:35,668 - Epoch 053 | task 4.1007e-04 | kd 0.0000e+00 | ewc 6.2860e-05 | val 6.4371e-04 | lr 1.25e-05 | 44.66s
2025-07-27 13:58:20,442 - Epoch 054 | task 4.0296e-04 | kd 0.0000e+00 | ewc 6.2693e-05 | val 7.0859e-04 | lr 6.25e-06 | 44.77s
2025-07-27 13:59:05,333 - Epoch 055 | task 3.8596e-04 | kd 0.0000e+00 | ewc 6.2508e-05 | val 6.9616e-04 | lr 6.25e-06 | 44.89s
2025-07-27 13:59:57,253 - Epoch 056 | task 3.9104e-04 | kd 0.0000e+00 | ewc 6.2340e-05 | val 6.2070e-04 | lr 6.25e-06 | 51.92s
2025-07-27 14:00:45,672 - Epoch 057 | task 3.8159e-04 | kd 0.0000e+00 | ewc 6.2198e-05 | val 7.1731e-04 | lr 6.25e-06 | 48.35s
2025-07-27 14:01:38,041 - Epoch 058 | task 3.8185e-04 | kd 0.0000e+00 | ewc 6.2088e-05 | val 6.6068e-04 | lr 6.25e-06 | 52.37s
2025-07-27 14:02:31,879 - Epoch 059 | task 3.8851e-04 | kd 0.0000e+00 | ewc 6.1999e-05 | val 6.6684e-04 | lr 6.25e-06 | 53.83s
2025-07-27 14:03:27,416 - Epoch 060 | task 3.7844e-04 | kd 0.0000e+00 | ewc 6.1876e-05 | val 6.1196e-04 | lr 6.25e-06 | 55.53s
2025-07-27 14:04:12,276 - Epoch 061 | task 3.8061e-04 | kd 0.0000e+00 | ewc 6.1701e-05 | val 6.4839e-04 | lr 6.25e-06 | 44.83s
2025-07-27 14:05:04,693 - Epoch 062 | task 3.8295e-04 | kd 0.0000e+00 | ewc 6.1541e-05 | val 6.7021e-04 | lr 6.25e-06 | 52.41s
2025-07-27 14:05:49,535 - Epoch 063 | task 3.7822e-04 | kd 0.0000e+00 | ewc 6.1370e-05 | val 6.6855e-04 | lr 6.25e-06 | 44.84s
2025-07-27 14:06:34,421 - Epoch 064 | task 3.7153e-04 | kd 0.0000e+00 | ewc 6.1302e-05 | val 6.2786e-04 | lr 6.25e-06 | 44.88s
2025-07-27 14:07:19,202 - Epoch 065 | task 3.7191e-04 | kd 0.0000e+00 | ewc 6.1176e-05 | val 6.4109e-04 | lr 6.25e-06 | 44.78s
2025-07-27 14:08:03,920 - Epoch 066 | task 3.7554e-04 | kd 0.0000e+00 | ewc 6.1053e-05 | val 6.4027e-04 | lr 3.13e-06 | 44.71s
2025-07-27 14:08:48,775 - Epoch 067 | task 3.6479e-04 | kd 0.0000e+00 | ewc 6.0982e-05 | val 6.1556e-04 | lr 3.13e-06 | 44.85s
2025-07-27 14:09:33,534 - Epoch 068 | task 3.6248e-04 | kd 0.0000e+00 | ewc 6.0862e-05 | val 6.7107e-04 | lr 3.13e-06 | 44.75s
2025-07-27 14:10:26,365 - Epoch 069 | task 3.6318e-04 | kd 0.0000e+00 | ewc 6.0724e-05 | val 6.3144e-04 | lr 3.13e-06 | 52.83s
2025-07-27 14:11:10,994 - Epoch 070 | task 3.6356e-04 | kd 0.0000e+00 | ewc 6.0711e-05 | val 6.8241e-04 | lr 3.13e-06 | 44.63s
2025-07-27 14:11:55,786 - Epoch 071 | task 3.6055e-04 | kd 0.0000e+00 | ewc 6.0624e-05 | val 6.3547e-04 | lr 3.13e-06 | 44.79s
2025-07-27 14:12:40,585 - Epoch 072 | task 3.5936e-04 | kd 0.0000e+00 | ewc 6.0593e-05 | val 7.0423e-04 | lr 1.56e-06 | 44.80s
2025-07-27 14:13:24,985 - Epoch 073 | task 3.5515e-04 | kd 0.0000e+00 | ewc 6.0536e-05 | val 7.0487e-04 | lr 1.56e-06 | 44.39s
2025-07-27 14:14:09,646 - Epoch 074 | task 3.6044e-04 | kd 0.0000e+00 | ewc 6.0507e-05 | val 6.6541e-04 | lr 1.56e-06 | 44.66s
2025-07-27 14:14:54,421 - Epoch 075 | task 3.5443e-04 | kd 0.0000e+00 | ewc 6.0481e-05 | val 6.8938e-04 | lr 1.56e-06 | 44.77s
2025-07-27 14:15:39,080 - Epoch 076 | task 3.5453e-04 | kd 0.0000e+00 | ewc 6.0430e-05 | val 7.0131e-04 | lr 1.56e-06 | 44.66s
2025-07-27 14:16:23,828 - Epoch 077 | task 3.5188e-04 | kd 0.0000e+00 | ewc 6.0370e-05 | val 6.9307e-04 | lr 1.56e-06 | 44.74s
2025-07-27 14:17:08,978 - Epoch 078 | task 3.5156e-04 | kd 0.0000e+00 | ewc 6.0345e-05 | val 6.1699e-04 | lr 7.81e-07 | 45.14s
2025-07-27 14:17:58,892 - Epoch 079 | task 3.5173e-04 | kd 0.0000e+00 | ewc 6.0319e-05 | val 6.3199e-04 | lr 7.81e-07 | 49.91s
2025-07-27 14:18:43,640 - Epoch 080 | task 3.5001e-04 | kd 0.0000e+00 | ewc 6.0309e-05 | val 6.7322e-04 | lr 7.81e-07 | 44.74s
2025-07-27 14:18:43,642 - Early stopping at epoch 81
2025-07-27 14:18:46,589 - Consolidate lambda: 0.0000
2025-07-27 14:19:19,519 - ==== Training task task2 completed ====
2025-07-27 14:19:19,521 - ==== Incremental Training Completed ====
2025-07-27 14:19:19,522 - ==== Starting Comprehensive Evaluation ====
2025-07-27 14:20:15,525 - ==== Computing BWT, FWT, ACC Metrics ====
2025-07-27 14:20:15,528 - Computing random initialization baselines for FWT calculation...
2025-07-27 14:20:21,483 - ==== Continual Learning Metrics ====
2025-07-27 14:20:21,485 - BWT: 0.0067
2025-07-27 14:20:21,486 - FWT: 0.6527
2025-07-27 14:20:21,487 - ACC: -0.0538
2025-07-27 14:20:21,488 - ==== R Matrix (Performance Matrix) ====
2025-07-27 14:20:21,490 - Task 0: [-0.0462 -0.0521 -0.1586]
2025-07-27 14:20:21,493 - Task 1: [-0.0239 -0.0683 -0.1271]
2025-07-27 14:20:21,497 - Task 2: [-0.0484 -0.0527 -0.0605]
2025-07-27 14:20:21,563 - ==== Incremental Training and Evaluation Completed ====
2025-07-27 14:20:21,564 - All evaluation results saved to: /beegfs/home/users/z/zzhuqshun/Thesis/05_Final/3inputs/strategies/ewc/incremental/evaluation
