2025-06-06 15:15:00,239 - ==== Skipping Regular LSTM Training Phase ====
2025-06-06 15:15:00,239 - ==== Incremental EWC Training Phase ====
2025-06-06 15:16:06,494 - Base train IDs: ['01', '03', '05', '21', '27']
2025-06-06 15:16:06,500 - Base train size: 119705
2025-06-06 15:16:06,509 - Base val IDs: ['23']
2025-06-06 15:16:06,509 - Base val size: 24176
2025-06-06 15:16:06,510 - Update1 train IDs: ['07', '09', '11', '19', '23']
2025-06-06 15:16:06,510 - Update1 train size: 102537
2025-06-06 15:16:06,510 - Update1 val IDs: ['25']
2025-06-06 15:16:06,510 - Update1 val size: 18326
2025-06-06 15:16:06,510 - Update2 train IDs: ['15', '25', '29']
2025-06-06 15:16:06,510 - Update2 train size: 35134
2025-06-06 15:16:06,510 - Update2 val IDs: ['13']
2025-06-06 15:16:06,524 - Update2 val size: 6445
2025-06-06 15:16:11,342 - Test cell ID: 17
2025-06-06 15:16:11,342 - Test size: 22872
2025-06-06 15:16:11,342 - Test base size: 11139
2025-06-06 15:16:11,342 - Test update1 size: 6312
2025-06-06 15:16:11,343 - Test update2 size: 5421
2025-06-06 15:16:12,004 - [task0] Training...
2025-06-06 15:16:14,130 - Epoch 1/200
2025-06-06 15:18:03,895 - Epoch 1, Train Loss: 3.1457e-02, Val Loss: 2.4490e-03, LR: 1.0000e-04, Time: 109.77s
2025-06-06 15:18:03,935 - Epoch 2/200
2025-06-06 15:20:23,474 - Epoch 2, Train Loss: 6.3905e-03, Val Loss: 1.7141e-03, LR: 1.0000e-04, Time: 139.54s
2025-06-06 15:20:23,569 - Epoch 3/200
2025-06-06 15:22:33,907 - Epoch 3, Train Loss: 4.6734e-03, Val Loss: 1.6492e-03, LR: 1.0000e-04, Time: 130.34s
2025-06-06 15:22:33,918 - Epoch 4/200
2025-06-06 15:24:50,691 - Epoch 4, Train Loss: 3.5425e-03, Val Loss: 2.2326e-03, LR: 1.0000e-04, Time: 136.77s
2025-06-06 15:24:50,723 - Epoch 5/200
2025-06-06 15:27:15,147 - Epoch 5, Train Loss: 2.5967e-03, Val Loss: 1.8372e-03, LR: 1.0000e-04, Time: 144.42s
2025-06-06 15:27:15,163 - Epoch 6/200
2025-06-06 15:29:35,277 - Epoch 6, Train Loss: 1.7688e-03, Val Loss: 1.5429e-03, LR: 1.0000e-04, Time: 140.11s
2025-06-06 15:29:35,324 - Epoch 7/200
2025-06-06 15:31:50,012 - Epoch 7, Train Loss: 1.1626e-03, Val Loss: 2.3183e-03, LR: 1.0000e-04, Time: 134.69s
2025-06-06 15:31:50,026 - Epoch 8/200
2025-06-06 15:34:05,032 - Epoch 8, Train Loss: 7.7329e-04, Val Loss: 2.8197e-03, LR: 1.0000e-04, Time: 135.01s
2025-06-06 15:34:05,048 - Epoch 9/200
2025-06-06 15:36:23,469 - Epoch 9, Train Loss: 6.3262e-04, Val Loss: 3.3261e-03, LR: 1.0000e-04, Time: 138.42s
2025-06-06 15:36:23,506 - Epoch 10/200
2025-06-06 15:38:42,139 - Epoch 10, Train Loss: 4.6034e-04, Val Loss: 3.8829e-03, LR: 1.0000e-04, Time: 138.63s
2025-06-06 15:38:42,162 - Epoch 11/200
2025-06-06 15:41:05,897 - Epoch 11, Train Loss: 3.8691e-04, Val Loss: 5.8035e-03, LR: 1.0000e-04, Time: 143.74s
2025-06-06 15:41:05,922 - Epoch 12/200
2025-06-06 15:43:38,503 - Epoch 12, Train Loss: 4.0401e-04, Val Loss: 3.7288e-03, LR: 5.0000e-05, Time: 152.58s
2025-06-06 15:43:38,503 - Epoch 13/200
2025-06-06 15:45:53,156 - Epoch 13, Train Loss: 3.7631e-04, Val Loss: 5.7539e-03, LR: 5.0000e-05, Time: 134.65s
2025-06-06 15:45:53,167 - Epoch 14/200
2025-06-06 15:48:15,462 - Epoch 14, Train Loss: 2.2580e-04, Val Loss: 4.8487e-03, LR: 5.0000e-05, Time: 142.29s
2025-06-06 15:48:15,473 - Epoch 15/200
2025-06-06 15:50:28,359 - Epoch 15, Train Loss: 2.0130e-04, Val Loss: 3.5834e-03, LR: 5.0000e-05, Time: 132.89s
2025-06-06 15:50:28,379 - Epoch 16/200
2025-06-06 15:52:51,160 - Epoch 16, Train Loss: 1.6301e-04, Val Loss: 4.7411e-03, LR: 5.0000e-05, Time: 142.78s
2025-06-06 15:52:51,176 - Epoch 17/200
2025-06-06 15:55:06,587 - Epoch 17, Train Loss: 1.9017e-04, Val Loss: 4.4036e-03, LR: 5.0000e-05, Time: 135.41s
2025-06-06 15:55:06,590 - Epoch 18/200
2025-06-06 15:57:22,440 - Epoch 18, Train Loss: 3.0190e-04, Val Loss: 4.9948e-03, LR: 2.5000e-05, Time: 135.85s
2025-06-06 15:57:22,460 - Epoch 19/200
2025-06-06 15:59:36,355 - Epoch 19, Train Loss: 1.4184e-04, Val Loss: 5.5582e-03, LR: 2.5000e-05, Time: 133.89s
2025-06-06 15:59:36,371 - Epoch 20/200
2025-06-06 16:02:17,778 - Epoch 20, Train Loss: 1.2228e-04, Val Loss: 5.3884e-03, LR: 2.5000e-05, Time: 161.41s
2025-06-06 16:02:17,810 - Epoch 21/200
2025-06-06 16:05:23,092 - Epoch 21, Train Loss: 1.2435e-04, Val Loss: 5.5893e-03, LR: 2.5000e-05, Time: 185.28s
2025-06-06 16:05:23,108 - Epoch 22/200
2025-06-06 16:07:42,713 - Epoch 22, Train Loss: 1.0887e-04, Val Loss: 5.4994e-03, LR: 2.5000e-05, Time: 139.61s
2025-06-06 16:07:42,730 - Epoch 23/200
2025-06-06 16:10:23,594 - Epoch 23, Train Loss: 1.1511e-04, Val Loss: 5.2388e-03, LR: 2.5000e-05, Time: 160.86s
2025-06-06 16:10:23,606 - Epoch 24/200
2025-06-06 16:12:49,054 - Epoch 24, Train Loss: 9.9451e-05, Val Loss: 5.6583e-03, LR: 1.2500e-05, Time: 145.45s
2025-06-06 16:12:49,070 - Epoch 25/200
2025-06-06 16:15:05,193 - Epoch 25, Train Loss: 9.6324e-05, Val Loss: 5.6302e-03, LR: 1.2500e-05, Time: 136.12s
2025-06-06 16:15:05,229 - Epoch 26/200
2025-06-06 16:17:37,207 - Epoch 26, Train Loss: 9.4384e-05, Val Loss: 4.9174e-03, LR: 1.2500e-05, Time: 151.98s
2025-06-06 16:17:37,226 - Early stopping at epoch 26
2025-06-06 16:17:37,252 - [task0] Training completed.
2025-06-06 16:17:37,254 - [task0] Consolidating...
2025-06-06 16:20:06,100 - [task0] Consolidation completed.
2025-06-06 16:20:27,383 - [task0 BEST] RMSE: 0.1097, MAE: 0.0829, R2: -0.7012
2025-06-06 16:20:38,707 - [task0 LAST] RMSE: 0.0836, MAE: 0.0689, R2: 0.0124
2025-06-06 16:20:38,708 - [task0] Finished.
2025-06-06 16:20:38,711 - [task1] Training...
2025-06-06 16:20:38,713 - Epoch 1/200
2025-06-06 16:22:53,788 - Epoch 1, Train Loss: 1.1959e-03, Val Loss: 2.5658e-03, LR: 1.0000e-04, Time: 135.08s
2025-06-06 16:22:53,836 - Epoch 2/200
2025-06-06 16:24:51,195 - Epoch 2, Train Loss: 9.1553e-04, Val Loss: 4.0095e-03, LR: 1.0000e-04, Time: 117.36s
2025-06-06 16:24:51,236 - Epoch 3/200
2025-06-06 16:26:49,479 - Epoch 3, Train Loss: 7.4767e-04, Val Loss: 2.2705e-03, LR: 1.0000e-04, Time: 118.24s
2025-06-06 16:26:49,511 - Epoch 4/200
2025-06-06 16:28:48,689 - Epoch 4, Train Loss: 7.8936e-04, Val Loss: 2.3377e-03, LR: 1.0000e-04, Time: 119.18s
2025-06-06 16:28:48,736 - Epoch 5/200
2025-06-06 16:30:49,519 - Epoch 5, Train Loss: 7.1089e-04, Val Loss: 1.3588e-03, LR: 1.0000e-04, Time: 120.78s
2025-06-06 16:30:49,534 - Epoch 6/200
2025-06-06 16:32:50,998 - Epoch 6, Train Loss: 6.7018e-04, Val Loss: 1.1778e-03, LR: 1.0000e-04, Time: 121.46s
2025-06-06 16:32:51,030 - Epoch 7/200
2025-06-06 16:34:58,536 - Epoch 7, Train Loss: 6.5403e-04, Val Loss: 1.6039e-03, LR: 1.0000e-04, Time: 127.51s
2025-06-06 16:34:58,563 - Epoch 8/200
2025-06-06 16:36:57,828 - Epoch 8, Train Loss: 6.0070e-04, Val Loss: 1.7297e-03, LR: 1.0000e-04, Time: 119.26s
2025-06-06 16:36:57,834 - Epoch 9/200
2025-06-06 16:38:57,093 - Epoch 9, Train Loss: 5.6435e-04, Val Loss: 1.5605e-03, LR: 1.0000e-04, Time: 119.26s
2025-06-06 16:38:57,127 - Epoch 10/200
2025-06-06 16:41:09,919 - Epoch 10, Train Loss: 5.7779e-04, Val Loss: 1.3189e-03, LR: 1.0000e-04, Time: 132.79s
2025-06-06 16:41:09,935 - Epoch 11/200
2025-06-06 16:43:21,747 - Epoch 11, Train Loss: 5.9513e-04, Val Loss: 2.5903e-03, LR: 1.0000e-04, Time: 131.81s
2025-06-06 16:43:21,779 - Epoch 12/200
2025-06-06 16:45:29,638 - Epoch 12, Train Loss: 6.4316e-04, Val Loss: 3.2225e-03, LR: 5.0000e-05, Time: 127.86s
2025-06-06 16:45:29,654 - Epoch 13/200
2025-06-06 16:47:35,685 - Epoch 13, Train Loss: 5.2662e-04, Val Loss: 2.1823e-03, LR: 5.0000e-05, Time: 126.03s
2025-06-06 16:47:35,717 - Epoch 14/200
2025-06-06 16:49:44,557 - Epoch 14, Train Loss: 5.6649e-04, Val Loss: 1.4203e-03, LR: 5.0000e-05, Time: 128.84s
2025-06-06 16:49:44,598 - Epoch 15/200
2025-06-06 16:51:56,755 - Epoch 15, Train Loss: 4.2624e-04, Val Loss: 2.3954e-03, LR: 5.0000e-05, Time: 132.16s
2025-06-06 16:51:56,803 - Epoch 16/200
2025-06-06 16:54:11,768 - Epoch 16, Train Loss: 4.4236e-04, Val Loss: 1.5249e-03, LR: 5.0000e-05, Time: 134.96s
2025-06-06 16:54:11,799 - Epoch 17/200
2025-06-06 16:56:19,905 - Epoch 17, Train Loss: 4.6065e-04, Val Loss: 2.0438e-03, LR: 5.0000e-05, Time: 128.11s
2025-06-06 16:56:19,935 - Epoch 18/200
2025-06-06 16:58:38,384 - Epoch 18, Train Loss: 3.9209e-04, Val Loss: 1.7141e-03, LR: 2.5000e-05, Time: 138.45s
2025-06-06 16:58:38,405 - Epoch 19/200
2025-06-06 17:00:45,280 - Epoch 19, Train Loss: 3.1988e-04, Val Loss: 1.3391e-03, LR: 2.5000e-05, Time: 126.88s
2025-06-06 17:00:45,326 - Epoch 20/200
2025-06-06 17:02:52,174 - Epoch 20, Train Loss: 2.9447e-04, Val Loss: 1.3250e-03, LR: 2.5000e-05, Time: 126.85s
2025-06-06 17:02:52,205 - Epoch 21/200
2025-06-06 17:04:56,699 - Epoch 21, Train Loss: 2.6027e-04, Val Loss: 1.4746e-03, LR: 2.5000e-05, Time: 124.49s
2025-06-06 17:04:56,730 - Epoch 22/200
2025-06-06 17:07:19,082 - Epoch 22, Train Loss: 2.7190e-04, Val Loss: 1.3398e-03, LR: 2.5000e-05, Time: 142.35s
2025-06-06 17:07:19,119 - Epoch 23/200
2025-06-06 17:09:55,039 - Epoch 23, Train Loss: 2.5705e-04, Val Loss: 1.6146e-03, LR: 2.5000e-05, Time: 155.92s
2025-06-06 17:09:55,069 - Epoch 24/200
2025-06-06 17:12:23,664 - Epoch 24, Train Loss: 2.5530e-04, Val Loss: 1.3325e-03, LR: 1.2500e-05, Time: 148.59s
2025-06-06 17:12:23,696 - Epoch 25/200
2025-06-06 17:14:25,401 - Epoch 25, Train Loss: 2.3193e-04, Val Loss: 1.5663e-03, LR: 1.2500e-05, Time: 121.70s
2025-06-06 17:14:25,417 - Epoch 26/200
2025-06-06 17:16:30,301 - Epoch 26, Train Loss: 2.2601e-04, Val Loss: 1.3182e-03, LR: 1.2500e-05, Time: 124.88s
2025-06-06 17:16:30,318 - Early stopping at epoch 26
2025-06-06 17:16:30,345 - [task1] Training completed.
2025-06-06 17:16:30,345 - [task1] Consolidating...
2025-06-06 17:18:13,074 - [task1] Consolidation completed.
2025-06-06 17:18:26,395 - [task1 BEST] RMSE: 0.0263, MAE: 0.0170, R2: 0.9026
2025-06-06 17:18:36,478 - [task1 LAST] RMSE: 0.0212, MAE: 0.0140, R2: 0.9365
2025-06-06 17:18:36,478 - [task1] Finished.
2025-06-06 17:18:36,478 - [task2] Training...
2025-06-06 17:18:36,493 - Epoch 1/200
2025-06-06 17:19:18,505 - Epoch 1, Train Loss: 1.0841e-03, Val Loss: 9.6383e-04, LR: 1.0000e-04, Time: 42.01s
2025-06-06 17:19:18,557 - Epoch 2/200
2025-06-06 17:20:08,974 - Epoch 2, Train Loss: 9.1831e-04, Val Loss: 1.1446e-03, LR: 1.0000e-04, Time: 50.42s
2025-06-06 17:20:09,014 - Epoch 3/200
2025-06-06 17:20:58,582 - Epoch 3, Train Loss: 9.8188e-04, Val Loss: 1.2607e-03, LR: 1.0000e-04, Time: 49.57s
2025-06-06 17:20:58,606 - Epoch 4/200
2025-06-06 17:21:41,764 - Epoch 4, Train Loss: 7.4737e-04, Val Loss: 1.1766e-03, LR: 1.0000e-04, Time: 43.16s
2025-06-06 17:21:41,771 - Epoch 5/200
2025-06-06 17:22:23,369 - Epoch 5, Train Loss: 6.9380e-04, Val Loss: 1.5040e-03, LR: 1.0000e-04, Time: 41.60s
2025-06-06 17:22:23,404 - Epoch 6/200
2025-06-06 17:23:04,280 - Epoch 6, Train Loss: 9.6439e-04, Val Loss: 1.5333e-03, LR: 1.0000e-04, Time: 40.88s
2025-06-06 17:23:04,303 - Epoch 7/200
2025-06-06 17:23:51,351 - Epoch 7, Train Loss: 7.1643e-04, Val Loss: 1.8028e-03, LR: 5.0000e-05, Time: 47.05s
2025-06-06 17:23:51,396 - Epoch 8/200
2025-06-06 17:24:41,776 - Epoch 8, Train Loss: 5.8740e-04, Val Loss: 1.5254e-03, LR: 5.0000e-05, Time: 50.38s
2025-06-06 17:24:41,813 - Epoch 9/200
2025-06-06 17:25:33,780 - Epoch 9, Train Loss: 5.5444e-04, Val Loss: 1.8248e-03, LR: 5.0000e-05, Time: 51.97s
2025-06-06 17:25:33,793 - Epoch 10/200
2025-06-06 17:26:15,542 - Epoch 10, Train Loss: 5.3209e-04, Val Loss: 1.6684e-03, LR: 5.0000e-05, Time: 41.75s
2025-06-06 17:26:15,559 - Epoch 11/200
2025-06-06 17:27:25,672 - Epoch 11, Train Loss: 4.8792e-04, Val Loss: 1.5955e-03, LR: 5.0000e-05, Time: 70.11s
2025-06-06 17:27:25,722 - Epoch 12/200
2025-06-06 17:28:32,887 - Epoch 12, Train Loss: 4.5476e-04, Val Loss: 1.5225e-03, LR: 5.0000e-05, Time: 67.17s
2025-06-06 17:28:32,925 - Epoch 13/200
2025-06-06 17:29:26,968 - Epoch 13, Train Loss: 4.7264e-04, Val Loss: 1.8074e-03, LR: 2.5000e-05, Time: 54.04s
2025-06-06 17:29:27,005 - Epoch 14/200
2025-06-06 17:30:12,201 - Epoch 14, Train Loss: 4.2603e-04, Val Loss: 1.2648e-03, LR: 2.5000e-05, Time: 45.20s
2025-06-06 17:30:12,223 - Epoch 15/200
2025-06-06 17:30:56,876 - Epoch 15, Train Loss: 4.1899e-04, Val Loss: 1.4622e-03, LR: 2.5000e-05, Time: 44.65s
2025-06-06 17:30:56,892 - Epoch 16/200
2025-06-06 17:31:44,701 - Epoch 16, Train Loss: 4.0345e-04, Val Loss: 1.4841e-03, LR: 2.5000e-05, Time: 47.81s
2025-06-06 17:31:44,708 - Epoch 17/200
2025-06-06 17:32:30,872 - Epoch 17, Train Loss: 3.8590e-04, Val Loss: 1.4161e-03, LR: 2.5000e-05, Time: 46.16s
2025-06-06 17:32:30,888 - Epoch 18/200
2025-06-06 17:33:19,652 - Epoch 18, Train Loss: 3.7224e-04, Val Loss: 1.6791e-03, LR: 2.5000e-05, Time: 48.76s
2025-06-06 17:33:19,671 - Epoch 19/200
2025-06-06 17:34:15,719 - Epoch 19, Train Loss: 3.7702e-04, Val Loss: 1.5092e-03, LR: 1.2500e-05, Time: 56.05s
2025-06-06 17:34:15,756 - Epoch 20/200
2025-06-06 17:35:24,985 - Epoch 20, Train Loss: 3.5750e-04, Val Loss: 1.5795e-03, LR: 1.2500e-05, Time: 69.23s
2025-06-06 17:35:25,176 - Epoch 21/200
2025-06-06 17:36:36,194 - Epoch 21, Train Loss: 3.5447e-04, Val Loss: 1.5724e-03, LR: 1.2500e-05, Time: 71.02s
2025-06-06 17:36:36,234 - Early stopping at epoch 21
2025-06-06 17:36:36,244 - [task2] Training completed.
2025-06-06 17:36:36,244 - [task2] Consolidating...
2025-06-06 17:37:16,464 - [task2] Consolidation completed.
2025-06-06 17:37:35,089 - [task2 BEST] RMSE: 0.0200, MAE: 0.0160, R2: 0.9435
2025-06-06 17:37:47,065 - [task2 LAST] RMSE: 0.0353, MAE: 0.0313, R2: 0.8244
2025-06-06 17:37:47,065 - [task2] Finished.
2025-06-06 17:37:47,065 - ==== All tasks completed ====
