2025-05-16 08:03:03,365 - ==== Regular LSTM Training Phase ====
2025-05-16 08:04:22,671 - Base train IDs: ['03', '05', '07', '09', '11', '15', '21', '23', '25', '27', '29']
2025-05-16 08:04:22,673 - Base train size: 205644
2025-05-16 08:04:22,675 - Base val IDs: ['01', '19', '13']
2025-05-16 08:04:22,676 - Base val size: 58177
2025-05-16 08:04:22,677 - Update1 train IDs: []
2025-05-16 08:04:22,679 - Update1 train size: 0
2025-05-16 08:04:22,680 - Update1 val IDs: []
2025-05-16 08:04:22,681 - Update1 val size: 0
2025-05-16 08:04:22,683 - Update2 train IDs: []
2025-05-16 08:04:22,684 - Update2 train size: 0
2025-05-16 08:04:22,685 - Update2 val IDs: []
2025-05-16 08:04:22,686 - Update2 val size: 0
2025-05-16 08:04:29,290 - Test cell ID: 17
2025-05-16 08:04:29,292 - Test size: 22872
2025-05-16 08:04:29,294 - Test base size: 11139
2025-05-16 08:04:29,295 - Test update1 size: 6312
2025-05-16 08:04:29,296 - Test update2 size: 5421
2025-05-16 08:04:49,726 - Epoch 1/200
2025-05-16 08:07:42,351 - Epoch 1, Train Loss: 2.2745e-02, Val Loss: 1.4791e-03, LR: 1.0000e-04, Time: 172.62s
2025-05-16 08:07:42,387 - Epoch 2/200
2025-05-16 08:10:34,377 - Epoch 2, Train Loss: 6.1153e-03, Val Loss: 6.7165e-03, LR: 1.0000e-04, Time: 171.99s
2025-05-16 08:10:34,404 - Epoch 3/200
2025-05-16 08:13:26,579 - Epoch 3, Train Loss: 4.2222e-03, Val Loss: 1.2340e-03, LR: 1.0000e-04, Time: 172.17s
2025-05-16 08:13:26,619 - Epoch 4/200
2025-05-16 08:16:18,479 - Epoch 4, Train Loss: 2.4164e-03, Val Loss: 7.1357e-04, LR: 1.0000e-04, Time: 171.86s
2025-05-16 08:16:18,513 - Epoch 5/200
2025-05-16 08:19:09,787 - Epoch 5, Train Loss: 1.4490e-03, Val Loss: 6.0501e-04, LR: 1.0000e-04, Time: 171.27s
2025-05-16 08:19:09,822 - Epoch 6/200
2025-05-16 08:22:01,052 - Epoch 6, Train Loss: 9.5946e-04, Val Loss: 3.2629e-03, LR: 1.0000e-04, Time: 171.23s
2025-05-16 08:22:01,079 - Epoch 7/200
2025-05-16 08:24:52,443 - Epoch 7, Train Loss: 7.0245e-04, Val Loss: 6.5181e-04, LR: 1.0000e-04, Time: 171.36s
2025-05-16 08:24:52,469 - Epoch 8/200
2025-05-16 08:27:43,729 - Epoch 8, Train Loss: 4.4117e-04, Val Loss: 4.0561e-04, LR: 1.0000e-04, Time: 171.26s
2025-05-16 08:27:43,763 - Epoch 9/200
2025-05-16 08:30:34,575 - Epoch 9, Train Loss: 3.2421e-04, Val Loss: 4.3281e-04, LR: 1.0000e-04, Time: 170.81s
2025-05-16 08:30:34,601 - Epoch 10/200
2025-05-16 08:33:25,666 - Epoch 10, Train Loss: 2.9121e-04, Val Loss: 5.0091e-04, LR: 1.0000e-04, Time: 171.06s
2025-05-16 08:33:25,695 - Epoch 11/200
2025-05-16 08:36:16,582 - Epoch 11, Train Loss: 1.9894e-04, Val Loss: 2.5671e-04, LR: 1.0000e-04, Time: 170.89s
2025-05-16 08:36:16,615 - Epoch 12/200
2025-05-16 08:39:07,568 - Epoch 12, Train Loss: 1.7032e-04, Val Loss: 2.5040e-04, LR: 1.0000e-04, Time: 170.95s
2025-05-16 08:39:07,604 - Epoch 13/200
2025-05-16 08:41:58,939 - Epoch 13, Train Loss: 1.5530e-04, Val Loss: 2.9334e-04, LR: 1.0000e-04, Time: 171.33s
2025-05-16 08:41:58,966 - Epoch 14/200
2025-05-16 08:44:50,403 - Epoch 14, Train Loss: 1.4350e-04, Val Loss: 3.8095e-04, LR: 1.0000e-04, Time: 171.44s
2025-05-16 08:44:50,430 - Epoch 15/200
2025-05-16 08:47:42,019 - Epoch 15, Train Loss: 1.4166e-04, Val Loss: 2.5898e-04, LR: 1.0000e-04, Time: 171.59s
2025-05-16 08:47:42,057 - Epoch 16/200
2025-05-16 08:50:33,752 - Epoch 16, Train Loss: 1.3119e-04, Val Loss: 2.0584e-04, LR: 1.0000e-04, Time: 171.70s
2025-05-16 08:50:33,787 - Epoch 17/200
2025-05-16 08:53:25,420 - Epoch 17, Train Loss: 1.2486e-04, Val Loss: 3.2017e-04, LR: 1.0000e-04, Time: 171.63s
2025-05-16 08:53:25,448 - Epoch 18/200
2025-05-16 08:56:17,033 - Epoch 18, Train Loss: 1.2349e-04, Val Loss: 2.7831e-04, LR: 1.0000e-04, Time: 171.59s
2025-05-16 08:56:17,060 - Epoch 19/200
2025-05-16 08:59:08,828 - Epoch 19, Train Loss: 1.2054e-04, Val Loss: 3.5354e-04, LR: 1.0000e-04, Time: 171.77s
2025-05-16 08:59:08,858 - Epoch 20/200
2025-05-16 09:02:00,518 - Epoch 20, Train Loss: 1.1551e-04, Val Loss: 4.4270e-04, LR: 1.0000e-04, Time: 171.66s
2025-05-16 09:02:00,546 - Epoch 21/200
2025-05-16 09:04:52,232 - Epoch 21, Train Loss: 1.1557e-04, Val Loss: 2.0188e-04, LR: 1.0000e-04, Time: 171.69s
2025-05-16 09:04:52,272 - Epoch 22/200
2025-05-16 09:07:44,111 - Epoch 22, Train Loss: 1.2358e-04, Val Loss: 3.1107e-04, LR: 1.0000e-04, Time: 171.84s
2025-05-16 09:07:44,160 - Epoch 23/200
2025-05-16 09:10:35,654 - Epoch 23, Train Loss: 1.2163e-04, Val Loss: 3.7269e-04, LR: 1.0000e-04, Time: 171.49s
2025-05-16 09:10:35,702 - Epoch 24/200
2025-05-16 09:13:27,203 - Epoch 24, Train Loss: 1.2244e-04, Val Loss: 3.1861e-04, LR: 1.0000e-04, Time: 171.50s
2025-05-16 09:13:27,277 - Epoch 25/200
2025-05-16 09:16:19,281 - Epoch 25, Train Loss: 1.0990e-04, Val Loss: 3.0579e-04, LR: 1.0000e-04, Time: 172.00s
2025-05-16 09:16:19,309 - Epoch 26/200
2025-05-16 09:19:11,145 - Epoch 26, Train Loss: 1.1232e-04, Val Loss: 2.8055e-04, LR: 1.0000e-04, Time: 171.84s
2025-05-16 09:19:11,231 - Epoch 27/200
2025-05-16 09:22:03,910 - Epoch 27, Train Loss: 1.0816e-04, Val Loss: 2.4892e-04, LR: 5.0000e-05, Time: 172.68s
2025-05-16 09:22:03,937 - Epoch 28/200
2025-05-16 09:24:57,934 - Epoch 28, Train Loss: 9.6035e-05, Val Loss: 2.0900e-04, LR: 5.0000e-05, Time: 174.00s
2025-05-16 09:24:57,989 - Epoch 29/200
2025-05-16 09:28:03,688 - Epoch 29, Train Loss: 9.3624e-05, Val Loss: 2.3169e-04, LR: 5.0000e-05, Time: 185.70s
2025-05-16 09:28:03,715 - Epoch 30/200
2025-05-16 09:30:55,643 - Epoch 30, Train Loss: 9.5290e-05, Val Loss: 2.2319e-04, LR: 5.0000e-05, Time: 171.93s
2025-05-16 09:30:55,670 - Epoch 31/200
2025-05-16 09:33:47,464 - Epoch 31, Train Loss: 9.3230e-05, Val Loss: 1.6735e-04, LR: 5.0000e-05, Time: 171.79s
2025-05-16 09:33:47,532 - Epoch 32/200
2025-05-16 09:36:39,347 - Epoch 32, Train Loss: 9.1712e-05, Val Loss: 2.2047e-04, LR: 5.0000e-05, Time: 171.82s
2025-05-16 09:36:39,374 - Epoch 33/200
2025-05-16 09:39:31,206 - Epoch 33, Train Loss: 9.3225e-05, Val Loss: 2.8511e-04, LR: 5.0000e-05, Time: 171.83s
2025-05-16 09:39:31,234 - Epoch 34/200
2025-05-16 09:42:22,935 - Epoch 34, Train Loss: 9.1709e-05, Val Loss: 1.7741e-04, LR: 5.0000e-05, Time: 171.70s
2025-05-16 09:42:22,978 - Epoch 35/200
2025-05-16 09:45:14,816 - Epoch 35, Train Loss: 9.0732e-05, Val Loss: 1.5024e-04, LR: 5.0000e-05, Time: 171.84s
2025-05-16 09:45:14,903 - Epoch 36/200
2025-05-16 09:48:06,761 - Epoch 36, Train Loss: 9.0985e-05, Val Loss: 2.5952e-04, LR: 5.0000e-05, Time: 171.86s
2025-05-16 09:48:06,812 - Epoch 37/200
2025-05-16 09:51:02,145 - Epoch 37, Train Loss: 9.0232e-05, Val Loss: 1.6914e-04, LR: 5.0000e-05, Time: 175.33s
2025-05-16 09:51:02,369 - Epoch 38/200
2025-05-16 09:53:59,453 - Epoch 38, Train Loss: 8.8607e-05, Val Loss: 1.4786e-04, LR: 5.0000e-05, Time: 177.08s
2025-05-16 09:53:59,521 - Epoch 39/200
2025-05-16 09:56:52,235 - Epoch 39, Train Loss: 8.8985e-05, Val Loss: 1.3372e-04, LR: 5.0000e-05, Time: 172.71s
2025-05-16 09:56:52,340 - Epoch 40/200
2025-05-16 09:59:44,640 - Epoch 40, Train Loss: 8.9296e-05, Val Loss: 2.2525e-04, LR: 5.0000e-05, Time: 172.30s
2025-05-16 09:59:44,668 - Epoch 41/200
2025-05-16 10:02:36,055 - Epoch 41, Train Loss: 8.7746e-05, Val Loss: 2.0429e-04, LR: 5.0000e-05, Time: 171.39s
2025-05-16 10:02:36,106 - Epoch 42/200
2025-05-16 10:05:27,600 - Epoch 42, Train Loss: 9.6615e-05, Val Loss: 2.2695e-04, LR: 5.0000e-05, Time: 171.49s
2025-05-16 10:05:27,628 - Epoch 43/200
2025-05-16 10:08:19,045 - Epoch 43, Train Loss: 8.8876e-05, Val Loss: 1.9490e-04, LR: 5.0000e-05, Time: 171.42s
2025-05-16 10:08:19,073 - Epoch 44/200
2025-05-16 10:11:10,357 - Epoch 44, Train Loss: 8.7250e-05, Val Loss: 1.6132e-04, LR: 5.0000e-05, Time: 171.28s
2025-05-16 10:11:10,384 - Epoch 45/200
2025-05-16 10:14:01,722 - Epoch 45, Train Loss: 8.6025e-05, Val Loss: 1.9599e-04, LR: 2.5000e-05, Time: 171.34s
2025-05-16 10:14:01,749 - Epoch 46/200
2025-05-16 10:16:53,170 - Epoch 46, Train Loss: 8.1907e-05, Val Loss: 1.8122e-04, LR: 2.5000e-05, Time: 171.42s
2025-05-16 10:16:53,226 - Epoch 47/200
2025-05-16 10:19:44,596 - Epoch 47, Train Loss: 7.9655e-05, Val Loss: 1.4769e-04, LR: 2.5000e-05, Time: 171.37s
2025-05-16 10:19:44,668 - Epoch 48/200
2025-05-16 10:22:36,481 - Epoch 48, Train Loss: 8.0862e-05, Val Loss: 1.5477e-04, LR: 2.5000e-05, Time: 171.81s
2025-05-16 10:22:36,519 - Epoch 49/200
2025-05-16 10:25:28,527 - Epoch 49, Train Loss: 8.0356e-05, Val Loss: 1.8572e-04, LR: 2.5000e-05, Time: 172.01s
2025-05-16 10:25:28,597 - Epoch 50/200
2025-05-16 10:28:22,181 - Epoch 50, Train Loss: 8.0501e-05, Val Loss: 1.9063e-04, LR: 2.5000e-05, Time: 173.58s
2025-05-16 10:28:22,208 - Epoch 51/200
2025-05-16 10:31:15,989 - Epoch 51, Train Loss: 7.9660e-05, Val Loss: 1.3500e-04, LR: 1.2500e-05, Time: 173.78s
2025-05-16 10:31:16,041 - Epoch 52/200
2025-05-16 10:34:08,223 - Epoch 52, Train Loss: 7.6055e-05, Val Loss: 1.4637e-04, LR: 1.2500e-05, Time: 172.18s
2025-05-16 10:34:08,252 - Epoch 53/200
2025-05-16 10:36:59,972 - Epoch 53, Train Loss: 7.5882e-05, Val Loss: 1.5158e-04, LR: 1.2500e-05, Time: 171.72s
2025-05-16 10:37:00,021 - Epoch 54/200
2025-05-16 10:39:52,439 - Epoch 54, Train Loss: 7.4571e-05, Val Loss: 1.3455e-04, LR: 1.2500e-05, Time: 172.42s
2025-05-16 10:39:52,502 - Epoch 55/200
2025-05-16 10:42:45,272 - Epoch 55, Train Loss: 7.5669e-05, Val Loss: 1.4429e-04, LR: 1.2500e-05, Time: 172.77s
2025-05-16 10:42:45,298 - Epoch 56/200
2025-05-16 10:45:37,819 - Epoch 56, Train Loss: 7.5793e-05, Val Loss: 1.5214e-04, LR: 1.2500e-05, Time: 172.52s
2025-05-16 10:45:37,849 - Epoch 57/200
2025-05-16 10:48:29,834 - Epoch 57, Train Loss: 7.4830e-05, Val Loss: 1.7144e-04, LR: 6.2500e-06, Time: 171.98s
2025-05-16 10:48:29,905 - Epoch 58/200
2025-05-16 10:51:22,006 - Epoch 58, Train Loss: 7.3107e-05, Val Loss: 1.6929e-04, LR: 6.2500e-06, Time: 172.10s
2025-05-16 10:51:22,036 - Epoch 59/200
2025-05-16 10:54:14,486 - Epoch 59, Train Loss: 7.2488e-05, Val Loss: 1.5544e-04, LR: 6.2500e-06, Time: 172.45s
2025-05-16 10:54:14,528 - Early stopping at epoch 59
2025-05-16 10:54:26,015 - [Regular BEST] RMSE: 0.0063, MAE: 0.0048, R2: 0.9944
2025-05-16 10:54:34,739 - [Regular LAST] RMSE: 0.0078, MAE: 0.0064, R2: 0.9915
2025-05-16 10:54:34,740 - ==== Incremental EWC Training Phase ====
2025-05-16 10:56:21,487 - Base train IDs: ['01', '03', '05', '07', '27']
2025-05-16 10:56:21,489 - Base train size: 120691
2025-05-16 10:56:21,490 - Base val IDs: ['23']
2025-05-16 10:56:21,492 - Base val size: 24176
2025-05-16 10:56:21,493 - Update1 train IDs: ['19', '21', '23', '25']
2025-05-16 10:56:21,494 - Update1 train size: 88794
2025-05-16 10:56:21,496 - Update1 val IDs: ['11']
2025-05-16 10:56:21,497 - Update1 val size: 16302
2025-05-16 10:56:21,498 - Update2 train IDs: ['09', '11', '15', '29']
2025-05-16 10:56:21,500 - Update2 train size: 47891
2025-05-16 10:56:21,501 - Update2 val IDs: ['13']
2025-05-16 10:56:21,503 - Update2 val size: 6445
2025-05-16 10:56:29,202 - Test cell ID: 17
2025-05-16 10:56:29,204 - Test size: 22872
2025-05-16 10:56:29,205 - Test base size: 11139
2025-05-16 10:56:29,206 - Test update1 size: 6312
2025-05-16 10:56:29,208 - Test update2 size: 5421
2025-05-16 10:56:29,365 - [task0] Training...
2025-05-16 10:56:29,387 - Epoch 1/200
2025-05-16 10:58:06,892 - Epoch 1, Train Loss: 1.7064e-02, Val Loss: 2.2357e-03, LR: 1.0000e-04, Time: 97.51s
2025-05-16 10:58:06,970 - Epoch 2/200
2025-05-16 10:59:44,557 - Epoch 2, Train Loss: 4.4762e-03, Val Loss: 1.6136e-03, LR: 1.0000e-04, Time: 97.59s
2025-05-16 10:59:44,592 - Epoch 3/200
2025-05-16 11:01:22,242 - Epoch 3, Train Loss: 3.0765e-03, Val Loss: 1.5275e-03, LR: 1.0000e-04, Time: 97.65s
2025-05-16 11:01:22,278 - Epoch 4/200
2025-05-16 11:02:59,724 - Epoch 4, Train Loss: 2.1787e-03, Val Loss: 1.6868e-03, LR: 1.0000e-04, Time: 97.44s
2025-05-16 11:02:59,751 - Epoch 5/200
2025-05-16 11:04:37,955 - Epoch 5, Train Loss: 1.5135e-03, Val Loss: 1.5585e-03, LR: 1.0000e-04, Time: 98.20s
2025-05-16 11:04:37,998 - Epoch 6/200
2025-05-16 11:06:15,616 - Epoch 6, Train Loss: 1.0337e-03, Val Loss: 1.4698e-03, LR: 1.0000e-04, Time: 97.62s
2025-05-16 11:06:15,653 - Epoch 7/200
2025-05-16 11:07:53,130 - Epoch 7, Train Loss: 7.3162e-04, Val Loss: 1.5368e-03, LR: 1.0000e-04, Time: 97.48s
2025-05-16 11:07:53,157 - Epoch 8/200
2025-05-16 11:09:30,339 - Epoch 8, Train Loss: 5.5830e-04, Val Loss: 1.4774e-03, LR: 1.0000e-04, Time: 97.18s
2025-05-16 11:09:30,366 - Epoch 9/200
2025-05-16 11:11:07,312 - Epoch 9, Train Loss: 4.3781e-04, Val Loss: 2.0798e-03, LR: 1.0000e-04, Time: 96.95s
2025-05-16 11:11:07,339 - Epoch 10/200
2025-05-16 11:12:44,375 - Epoch 10, Train Loss: 2.8227e-04, Val Loss: 1.8055e-03, LR: 1.0000e-04, Time: 97.04s
2025-05-16 11:12:44,403 - Epoch 11/200
2025-05-16 11:14:21,721 - Epoch 11, Train Loss: 3.0011e-04, Val Loss: 1.7792e-03, LR: 1.0000e-04, Time: 97.32s
2025-05-16 11:14:21,749 - Epoch 12/200
2025-05-16 11:15:59,264 - Epoch 12, Train Loss: 2.8013e-04, Val Loss: 3.7642e-03, LR: 5.0000e-05, Time: 97.52s
2025-05-16 11:15:59,290 - Epoch 13/200
2025-05-16 11:17:36,629 - Epoch 13, Train Loss: 2.3005e-04, Val Loss: 4.6699e-03, LR: 5.0000e-05, Time: 97.34s
2025-05-16 11:17:36,655 - Epoch 14/200
2025-05-16 11:19:14,186 - Epoch 14, Train Loss: 1.8538e-04, Val Loss: 3.9327e-03, LR: 5.0000e-05, Time: 97.53s
2025-05-16 11:19:14,210 - Epoch 15/200
2025-05-16 11:20:57,300 - Epoch 15, Train Loss: 1.7482e-04, Val Loss: 4.2361e-03, LR: 5.0000e-05, Time: 103.09s
2025-05-16 11:20:57,326 - Epoch 16/200
2025-05-16 11:22:45,671 - Epoch 16, Train Loss: 1.9834e-04, Val Loss: 4.3372e-03, LR: 5.0000e-05, Time: 108.34s
2025-05-16 11:22:45,699 - Epoch 17/200
2025-05-16 11:24:23,269 - Epoch 17, Train Loss: 1.6061e-04, Val Loss: 3.9921e-03, LR: 5.0000e-05, Time: 97.57s
2025-05-16 11:24:23,296 - Epoch 18/200
2025-05-16 11:26:00,846 - Epoch 18, Train Loss: 1.7134e-04, Val Loss: 4.1515e-03, LR: 2.5000e-05, Time: 97.55s
2025-05-16 11:26:00,872 - Epoch 19/200
2025-05-16 11:27:38,981 - Epoch 19, Train Loss: 1.2403e-04, Val Loss: 4.0381e-03, LR: 2.5000e-05, Time: 98.11s
2025-05-16 11:27:39,009 - Epoch 20/200
2025-05-16 11:29:16,531 - Epoch 20, Train Loss: 1.2590e-04, Val Loss: 4.6478e-03, LR: 2.5000e-05, Time: 97.52s
2025-05-16 11:29:16,559 - Epoch 21/200
2025-05-16 11:30:54,407 - Epoch 21, Train Loss: 1.2371e-04, Val Loss: 4.5361e-03, LR: 2.5000e-05, Time: 97.85s
2025-05-16 11:30:54,435 - Epoch 22/200
2025-05-16 11:32:31,885 - Epoch 22, Train Loss: 1.0217e-04, Val Loss: 5.0595e-03, LR: 2.5000e-05, Time: 97.45s
2025-05-16 11:32:31,957 - Epoch 23/200
2025-05-16 11:34:14,166 - Epoch 23, Train Loss: 8.1441e-05, Val Loss: 5.3928e-03, LR: 2.5000e-05, Time: 102.21s
2025-05-16 11:34:14,365 - Epoch 24/200
2025-05-16 11:35:58,134 - Epoch 24, Train Loss: 7.3411e-05, Val Loss: 5.6015e-03, LR: 1.2500e-05, Time: 103.77s
2025-05-16 11:35:58,160 - Epoch 25/200
2025-05-16 11:37:35,625 - Epoch 25, Train Loss: 6.2351e-05, Val Loss: 5.8249e-03, LR: 1.2500e-05, Time: 97.46s
2025-05-16 11:37:35,653 - Epoch 26/200
2025-05-16 11:39:14,234 - Epoch 26, Train Loss: 5.8446e-05, Val Loss: 6.1684e-03, LR: 1.2500e-05, Time: 98.58s
2025-05-16 11:39:14,259 - Early stopping at epoch 26
2025-05-16 11:39:14,282 - [task0] Training completed.
2025-05-16 11:39:14,284 - [task0] Consolidating...
2025-05-16 11:40:39,114 - [task0] Consolidation completed.
2025-05-16 11:40:47,769 - [task0 BEST] RMSE: 0.0918, MAE: 0.0731, R2: -0.1914
2025-05-16 11:40:56,423 - [task0 LAST] RMSE: 0.1000, MAE: 0.0777, R2: -0.4139
2025-05-16 11:40:56,424 - [task0] Finished.
2025-05-16 11:40:56,509 - [task1] Training...
2025-05-16 11:40:56,516 - Epoch 1/200
2025-05-16 11:42:10,504 - Epoch 1, Train Loss: 7.8527e-04, Val Loss: 6.5714e-03, LR: 1.0000e-04, Time: 73.99s
2025-05-16 11:42:10,576 - Epoch 2/200
2025-05-16 11:43:23,809 - Epoch 2, Train Loss: 4.8410e-04, Val Loss: 4.3329e-03, LR: 1.0000e-04, Time: 73.23s
2025-05-16 11:43:23,854 - Epoch 3/200
2025-05-16 11:44:37,391 - Epoch 3, Train Loss: 3.4238e-04, Val Loss: 3.4257e-03, LR: 1.0000e-04, Time: 73.54s
2025-05-16 11:44:37,437 - Epoch 4/200
2025-05-16 11:45:51,396 - Epoch 4, Train Loss: 3.5709e-04, Val Loss: 4.3537e-03, LR: 1.0000e-04, Time: 73.96s
2025-05-16 11:45:51,431 - Epoch 5/200
2025-05-16 11:47:04,897 - Epoch 5, Train Loss: 2.9910e-04, Val Loss: 2.5873e-03, LR: 1.0000e-04, Time: 73.47s
2025-05-16 11:47:04,944 - Epoch 6/200
2025-05-16 11:48:18,664 - Epoch 6, Train Loss: 3.7876e-04, Val Loss: 3.3122e-03, LR: 1.0000e-04, Time: 73.72s
2025-05-16 11:48:18,702 - Epoch 7/200
2025-05-16 11:49:32,806 - Epoch 7, Train Loss: 3.6397e-04, Val Loss: 3.1016e-03, LR: 1.0000e-04, Time: 74.10s
2025-05-16 11:49:32,845 - Epoch 8/200
2025-05-16 11:50:45,742 - Epoch 8, Train Loss: 2.6726e-04, Val Loss: 2.5221e-03, LR: 1.0000e-04, Time: 72.90s
2025-05-16 11:50:45,795 - Epoch 9/200
2025-05-16 11:51:59,064 - Epoch 9, Train Loss: 2.3333e-04, Val Loss: 2.2517e-03, LR: 1.0000e-04, Time: 73.27s
2025-05-16 11:51:59,111 - Epoch 10/200
2025-05-16 11:53:12,452 - Epoch 10, Train Loss: 2.1803e-04, Val Loss: 2.2066e-03, LR: 1.0000e-04, Time: 73.34s
2025-05-16 11:53:12,495 - Epoch 11/200
2025-05-16 11:54:25,903 - Epoch 11, Train Loss: 2.1853e-04, Val Loss: 1.8454e-03, LR: 1.0000e-04, Time: 73.41s
2025-05-16 11:54:25,947 - Epoch 12/200
2025-05-16 11:55:39,293 - Epoch 12, Train Loss: 1.9000e-04, Val Loss: 1.7292e-03, LR: 1.0000e-04, Time: 73.35s
2025-05-16 11:55:39,336 - Epoch 13/200
2025-05-16 11:56:52,432 - Epoch 13, Train Loss: 1.8517e-04, Val Loss: 1.8918e-03, LR: 1.0000e-04, Time: 73.10s
2025-05-16 11:56:52,463 - Epoch 14/200
2025-05-16 11:58:05,772 - Epoch 14, Train Loss: 1.7932e-04, Val Loss: 1.9763e-03, LR: 1.0000e-04, Time: 73.31s
2025-05-16 11:58:05,809 - Epoch 15/200
2025-05-16 11:59:19,028 - Epoch 15, Train Loss: 1.7787e-04, Val Loss: 1.6482e-03, LR: 1.0000e-04, Time: 73.22s
2025-05-16 11:59:19,074 - Epoch 16/200
2025-05-16 12:00:32,417 - Epoch 16, Train Loss: 1.7295e-04, Val Loss: 2.2406e-03, LR: 1.0000e-04, Time: 73.34s
2025-05-16 12:00:32,453 - Epoch 17/200
2025-05-16 12:01:45,835 - Epoch 17, Train Loss: 1.6473e-04, Val Loss: 1.6933e-03, LR: 1.0000e-04, Time: 73.38s
2025-05-16 12:01:45,870 - Epoch 18/200
2025-05-16 12:02:59,055 - Epoch 18, Train Loss: 1.6059e-04, Val Loss: 1.3934e-03, LR: 1.0000e-04, Time: 73.18s
2025-05-16 12:02:59,099 - Epoch 19/200
2025-05-16 12:04:12,606 - Epoch 19, Train Loss: 1.5793e-04, Val Loss: 1.9878e-03, LR: 1.0000e-04, Time: 73.51s
2025-05-16 12:04:12,641 - Epoch 20/200
2025-05-16 12:05:26,245 - Epoch 20, Train Loss: 1.6141e-04, Val Loss: 1.7283e-03, LR: 1.0000e-04, Time: 73.60s
2025-05-16 12:05:26,284 - Epoch 21/200
2025-05-16 12:06:39,763 - Epoch 21, Train Loss: 1.5376e-04, Val Loss: 1.7102e-03, LR: 1.0000e-04, Time: 73.48s
2025-05-16 12:06:39,801 - Epoch 22/200
2025-05-16 12:07:53,458 - Epoch 22, Train Loss: 1.5651e-04, Val Loss: 1.1865e-03, LR: 1.0000e-04, Time: 73.66s
2025-05-16 12:07:53,502 - Epoch 23/200
2025-05-16 12:09:06,911 - Epoch 23, Train Loss: 1.4850e-04, Val Loss: 1.5617e-03, LR: 1.0000e-04, Time: 73.41s
2025-05-16 12:09:06,946 - Epoch 24/200
2025-05-16 12:10:20,637 - Epoch 24, Train Loss: 1.6283e-04, Val Loss: 1.4353e-03, LR: 1.0000e-04, Time: 73.69s
2025-05-16 12:10:20,674 - Epoch 25/200
2025-05-16 12:11:34,425 - Epoch 25, Train Loss: 1.5468e-04, Val Loss: 1.4317e-03, LR: 1.0000e-04, Time: 73.75s
2025-05-16 12:11:34,463 - Epoch 26/200
2025-05-16 12:12:48,032 - Epoch 26, Train Loss: 1.4896e-04, Val Loss: 1.5068e-03, LR: 1.0000e-04, Time: 73.57s
2025-05-16 12:12:48,069 - Epoch 27/200
2025-05-16 12:14:01,773 - Epoch 27, Train Loss: 1.7089e-04, Val Loss: 1.5072e-03, LR: 1.0000e-04, Time: 73.70s
2025-05-16 12:14:01,808 - Epoch 28/200
2025-05-16 12:15:15,322 - Epoch 28, Train Loss: 2.0888e-04, Val Loss: 1.9094e-03, LR: 5.0000e-05, Time: 73.51s
2025-05-16 12:15:15,355 - Epoch 29/200
2025-05-16 12:16:29,558 - Epoch 29, Train Loss: 1.3368e-04, Val Loss: 1.4576e-03, LR: 5.0000e-05, Time: 74.20s
2025-05-16 12:16:29,594 - Epoch 30/200
2025-05-16 12:17:44,477 - Epoch 30, Train Loss: 1.3078e-04, Val Loss: 1.6711e-03, LR: 5.0000e-05, Time: 74.88s
2025-05-16 12:17:44,514 - Epoch 31/200
2025-05-16 12:18:59,416 - Epoch 31, Train Loss: 1.2628e-04, Val Loss: 1.2655e-03, LR: 5.0000e-05, Time: 74.90s
2025-05-16 12:18:59,452 - Epoch 32/200
2025-05-16 12:20:13,857 - Epoch 32, Train Loss: 1.2065e-04, Val Loss: 1.2144e-03, LR: 5.0000e-05, Time: 74.40s
2025-05-16 12:20:13,893 - Epoch 33/200
2025-05-16 12:21:27,442 - Epoch 33, Train Loss: 1.1586e-04, Val Loss: 1.1809e-03, LR: 5.0000e-05, Time: 73.55s
2025-05-16 12:21:27,486 - Epoch 34/200
2025-05-16 12:22:41,225 - Epoch 34, Train Loss: 1.1258e-04, Val Loss: 1.3200e-03, LR: 5.0000e-05, Time: 73.74s
2025-05-16 12:22:41,264 - Epoch 35/200
2025-05-16 12:23:54,990 - Epoch 35, Train Loss: 1.0927e-04, Val Loss: 1.1536e-03, LR: 5.0000e-05, Time: 73.73s
2025-05-16 12:23:55,038 - Epoch 36/200
2025-05-16 12:25:08,751 - Epoch 36, Train Loss: 1.0528e-04, Val Loss: 1.1985e-03, LR: 5.0000e-05, Time: 73.71s
2025-05-16 12:25:08,786 - Epoch 37/200
2025-05-16 12:26:22,526 - Epoch 37, Train Loss: 1.1160e-04, Val Loss: 1.3858e-03, LR: 5.0000e-05, Time: 73.74s
2025-05-16 12:26:22,564 - Epoch 38/200
2025-05-16 12:27:36,230 - Epoch 38, Train Loss: 1.0860e-04, Val Loss: 1.2242e-03, LR: 5.0000e-05, Time: 73.67s
2025-05-16 12:27:36,267 - Epoch 39/200
2025-05-16 12:28:49,903 - Epoch 39, Train Loss: 1.1254e-04, Val Loss: 1.2464e-03, LR: 5.0000e-05, Time: 73.64s
2025-05-16 12:28:49,940 - Epoch 40/200
2025-05-16 12:30:03,584 - Epoch 40, Train Loss: 1.0440e-04, Val Loss: 1.3483e-03, LR: 5.0000e-05, Time: 73.64s
2025-05-16 12:30:03,621 - Epoch 41/200
2025-05-16 12:31:17,464 - Epoch 41, Train Loss: 1.0641e-04, Val Loss: 1.3876e-03, LR: 2.5000e-05, Time: 73.84s
2025-05-16 12:31:17,499 - Epoch 42/200
2025-05-16 12:32:31,189 - Epoch 42, Train Loss: 1.0149e-04, Val Loss: 1.4351e-03, LR: 2.5000e-05, Time: 73.69s
2025-05-16 12:32:31,225 - Epoch 43/200
2025-05-16 12:33:44,884 - Epoch 43, Train Loss: 9.7319e-05, Val Loss: 1.4231e-03, LR: 2.5000e-05, Time: 73.66s
2025-05-16 12:33:44,921 - Epoch 44/200
2025-05-16 12:34:58,544 - Epoch 44, Train Loss: 1.0037e-04, Val Loss: 1.3652e-03, LR: 2.5000e-05, Time: 73.62s
2025-05-16 12:34:58,580 - Epoch 45/200
2025-05-16 12:36:12,193 - Epoch 45, Train Loss: 1.0698e-04, Val Loss: 1.4645e-03, LR: 2.5000e-05, Time: 73.61s
2025-05-16 12:36:12,229 - Epoch 46/200
2025-05-16 12:37:25,959 - Epoch 46, Train Loss: 1.0171e-04, Val Loss: 1.5205e-03, LR: 2.5000e-05, Time: 73.73s
2025-05-16 12:37:25,996 - Epoch 47/200
2025-05-16 12:38:39,692 - Epoch 47, Train Loss: 1.0190e-04, Val Loss: 1.4456e-03, LR: 1.2500e-05, Time: 73.70s
2025-05-16 12:38:39,729 - Epoch 48/200
2025-05-16 12:39:53,740 - Epoch 48, Train Loss: 9.6562e-05, Val Loss: 1.4604e-03, LR: 1.2500e-05, Time: 74.01s
2025-05-16 12:39:53,776 - Epoch 49/200
2025-05-16 12:41:07,403 - Epoch 49, Train Loss: 9.3096e-05, Val Loss: 1.4510e-03, LR: 1.2500e-05, Time: 73.63s
2025-05-16 12:41:07,437 - Epoch 50/200
2025-05-16 12:42:21,070 - Epoch 50, Train Loss: 9.3930e-05, Val Loss: 1.4818e-03, LR: 1.2500e-05, Time: 73.63s
2025-05-16 12:42:21,107 - Epoch 51/200
2025-05-16 12:43:34,806 - Epoch 51, Train Loss: 9.3474e-05, Val Loss: 1.5250e-03, LR: 1.2500e-05, Time: 73.70s
2025-05-16 12:43:34,925 - Epoch 52/200
2025-05-16 12:44:48,597 - Epoch 52, Train Loss: 9.5867e-05, Val Loss: 1.4360e-03, LR: 1.2500e-05, Time: 73.67s
2025-05-16 12:44:48,633 - Epoch 53/200
2025-05-16 12:46:02,376 - Epoch 53, Train Loss: 9.2358e-05, Val Loss: 1.4815e-03, LR: 6.2500e-06, Time: 73.74s
2025-05-16 12:46:02,413 - Epoch 54/200
2025-05-16 12:47:15,846 - Epoch 54, Train Loss: 9.0847e-05, Val Loss: 1.4056e-03, LR: 6.2500e-06, Time: 73.43s
2025-05-16 12:47:15,883 - Epoch 55/200
2025-05-16 12:48:29,495 - Epoch 55, Train Loss: 8.8266e-05, Val Loss: 1.4157e-03, LR: 6.2500e-06, Time: 73.61s
2025-05-16 12:48:29,530 - Early stopping at epoch 55
2025-05-16 12:48:29,553 - [task1] Training completed.
2025-05-16 12:48:29,555 - [task1] Consolidating...
2025-05-16 12:49:32,358 - [task1] Consolidation completed.
2025-05-16 12:49:40,922 - [task1 BEST] RMSE: 0.0298, MAE: 0.0225, R2: 0.8747
2025-05-16 12:49:49,474 - [task1 LAST] RMSE: 0.0319, MAE: 0.0235, R2: 0.8565
2025-05-16 12:49:49,475 - [task1] Finished.
2025-05-16 12:49:49,561 - [task2] Training...
2025-05-16 12:49:49,567 - Epoch 1/200
2025-05-16 12:50:30,455 - Epoch 1, Train Loss: 4.6838e-04, Val Loss: 3.9282e-04, LR: 1.0000e-04, Time: 40.89s
2025-05-16 12:50:30,508 - Epoch 2/200
2025-05-16 12:51:11,169 - Epoch 2, Train Loss: 3.7451e-04, Val Loss: 8.4918e-04, LR: 1.0000e-04, Time: 40.66s
2025-05-16 12:51:11,215 - Epoch 3/200
2025-05-16 12:51:50,940 - Epoch 3, Train Loss: 3.7405e-04, Val Loss: 6.3790e-04, LR: 1.0000e-04, Time: 39.72s
2025-05-16 12:51:50,989 - Epoch 4/200
2025-05-16 12:52:30,660 - Epoch 4, Train Loss: 3.4717e-04, Val Loss: 1.1754e-03, LR: 1.0000e-04, Time: 39.67s
2025-05-16 12:52:30,700 - Epoch 5/200
2025-05-16 12:53:10,419 - Epoch 5, Train Loss: 3.4267e-04, Val Loss: 1.1151e-03, LR: 1.0000e-04, Time: 39.72s
2025-05-16 12:53:10,467 - Epoch 6/200
2025-05-16 12:53:50,716 - Epoch 6, Train Loss: 3.3653e-04, Val Loss: 3.1668e-04, LR: 1.0000e-04, Time: 40.25s
2025-05-16 12:53:50,772 - Epoch 7/200
2025-05-16 12:54:30,523 - Epoch 7, Train Loss: 3.3979e-04, Val Loss: 9.0771e-04, LR: 1.0000e-04, Time: 39.75s
2025-05-16 12:54:30,565 - Epoch 8/200
2025-05-16 12:55:09,903 - Epoch 8, Train Loss: 3.1983e-04, Val Loss: 1.1504e-03, LR: 1.0000e-04, Time: 39.34s
2025-05-16 12:55:09,949 - Epoch 9/200
2025-05-16 12:55:50,449 - Epoch 9, Train Loss: 3.1042e-04, Val Loss: 1.0021e-03, LR: 1.0000e-04, Time: 40.50s
2025-05-16 12:55:51,985 - Epoch 10/200
2025-05-16 12:56:31,449 - Epoch 10, Train Loss: 3.1610e-04, Val Loss: 5.2628e-04, LR: 1.0000e-04, Time: 39.46s
2025-05-16 12:56:31,494 - Epoch 11/200
2025-05-16 12:57:11,307 - Epoch 11, Train Loss: 3.1697e-04, Val Loss: 8.2405e-04, LR: 1.0000e-04, Time: 39.81s
2025-05-16 12:57:11,356 - Epoch 12/200
2025-05-16 12:57:51,336 - Epoch 12, Train Loss: 3.0456e-04, Val Loss: 8.0595e-04, LR: 5.0000e-05, Time: 39.98s
2025-05-16 12:57:51,409 - Epoch 13/200
2025-05-16 12:58:31,168 - Epoch 13, Train Loss: 2.8629e-04, Val Loss: 1.1014e-03, LR: 5.0000e-05, Time: 39.76s
2025-05-16 12:58:31,212 - Epoch 14/200
2025-05-16 12:59:10,958 - Epoch 14, Train Loss: 2.8723e-04, Val Loss: 5.4991e-04, LR: 5.0000e-05, Time: 39.75s
2025-05-16 12:59:11,005 - Epoch 15/200
2025-05-16 12:59:50,913 - Epoch 15, Train Loss: 2.7741e-04, Val Loss: 8.6369e-04, LR: 5.0000e-05, Time: 39.91s
2025-05-16 12:59:50,958 - Epoch 16/200
2025-05-16 13:00:30,699 - Epoch 16, Train Loss: 2.8302e-04, Val Loss: 8.8819e-04, LR: 5.0000e-05, Time: 39.74s
2025-05-16 13:00:30,746 - Epoch 17/200
2025-05-16 13:01:10,673 - Epoch 17, Train Loss: 2.7860e-04, Val Loss: 5.9005e-04, LR: 5.0000e-05, Time: 39.93s
2025-05-16 13:01:10,721 - Epoch 18/200
2025-05-16 13:01:50,445 - Epoch 18, Train Loss: 2.7793e-04, Val Loss: 8.4133e-04, LR: 2.5000e-05, Time: 39.72s
2025-05-16 13:01:50,490 - Epoch 19/200
2025-05-16 13:02:30,274 - Epoch 19, Train Loss: 2.6415e-04, Val Loss: 5.8423e-04, LR: 2.5000e-05, Time: 39.78s
2025-05-16 13:02:30,322 - Epoch 20/200
2025-05-16 13:03:10,288 - Epoch 20, Train Loss: 2.6315e-04, Val Loss: 6.9991e-04, LR: 2.5000e-05, Time: 39.97s
2025-05-16 13:03:10,336 - Epoch 21/200
2025-05-16 13:03:50,083 - Epoch 21, Train Loss: 2.5843e-04, Val Loss: 5.6160e-04, LR: 2.5000e-05, Time: 39.75s
2025-05-16 13:03:50,131 - Epoch 22/200
2025-05-16 13:04:29,983 - Epoch 22, Train Loss: 2.6460e-04, Val Loss: 6.2953e-04, LR: 2.5000e-05, Time: 39.85s
2025-05-16 13:04:30,030 - Epoch 23/200
2025-05-16 13:05:09,892 - Epoch 23, Train Loss: 2.5725e-04, Val Loss: 6.7116e-04, LR: 2.5000e-05, Time: 39.86s
2025-05-16 13:05:09,939 - Epoch 24/200
2025-05-16 13:05:49,573 - Epoch 24, Train Loss: 2.6762e-04, Val Loss: 5.8150e-04, LR: 1.2500e-05, Time: 39.63s
2025-05-16 13:05:49,619 - Epoch 25/200
2025-05-16 13:06:30,647 - Epoch 25, Train Loss: 2.5310e-04, Val Loss: 5.9065e-04, LR: 1.2500e-05, Time: 41.03s
2025-05-16 13:06:30,755 - Epoch 26/200
2025-05-16 13:07:23,879 - Epoch 26, Train Loss: 2.5156e-04, Val Loss: 5.9688e-04, LR: 1.2500e-05, Time: 53.12s
2025-05-16 13:07:23,994 - Early stopping at epoch 26
2025-05-16 13:07:24,031 - [task2] Training completed.
2025-05-16 13:07:24,044 - [task2] Consolidating...
2025-05-16 13:07:57,623 - [task2] Consolidation completed.
2025-05-16 13:08:06,757 - [task2 BEST] RMSE: 0.0296, MAE: 0.0255, R2: 0.8758
2025-05-16 13:08:15,981 - [task2 LAST] RMSE: 0.0348, MAE: 0.0303, R2: 0.8292
2025-05-16 13:08:15,985 - [task2] Finished.
2025-05-16 13:08:15,988 - ==== All tasks completed ====
