2025-08-03 07:55:06,058 - ==== Experiment Setup ====
2025-08-03 07:55:06,074 - Mode: incremental
2025-08-03 07:55:06,075 - Number of tasks: 3
2025-08-03 07:55:06,076 - EWC lambdas: [0.0, 0.0, 0.0]
2025-08-03 07:55:06,078 - LWF alphas: [0.0, 0.0, 0.0]
2025-08-03 07:55:06,079 - Base directory: /beegfs/home/users/z/zzhuqshun/Thesis/05_Final/ewc/strategies/fine-tuning
2025-08-03 07:55:06,081 - ==== Incremental Training with EWC ====
2025-08-03 07:55:06,087 - Number of tasks: 3
2025-08-03 07:56:37,821 - Incremental training - Task 0 Train IDs: ['03', '05', '07', '27'], size: 92079
2025-08-03 07:56:37,824 - Incremental training - Task 0 Val IDs: ['01'], size: 20028
2025-08-03 07:56:37,826 - Incremental training - Test Task 0 size: 8584
2025-08-03 07:56:37,829 - Incremental training - Task 1 Train IDs: ['21', '23', '25'], size: 65674
2025-08-03 07:56:37,832 - Incremental training - Task 1 Val IDs: ['19'], size: 16183
2025-08-03 07:56:37,835 - Incremental training - Test Task 1 size: 6937
2025-08-03 07:56:37,838 - Incremental training - Task 2 Train IDs: ['09', '11', '15', '29'], size: 47891
2025-08-03 07:56:37,841 - Incremental training - Task 2 Val IDs: ['13'], size: 4511
2025-08-03 07:56:37,844 - Incremental training - Test Task 2 size: 1934
2025-08-03 07:56:37,855 -   (Scaler) Scaler centers: [ 3.31975183  0.         27.55116667]
2025-08-03 07:56:37,858 -   (Scaler) Scaler scales: [0.20016217 1.86108033 1.05333333]
2025-08-03 07:56:38,204 - --- task0 (LWF α=0.0000, EWC λ=0.0000) ---
2025-08-03 07:59:35,778 - Epoch 0: EWC loss is 0.00% of task loss
2025-08-03 07:59:41,368 - Epoch 0 task=3.8185e-02 kd=0.0000e+00 ewc=0.0000e+00 val=4.0232e-04 lr=1.00e-04 time=79.10s
2025-08-03 08:01:00,666 - Epoch 1: EWC loss is 0.00% of task loss
2025-08-03 08:01:06,174 - Epoch 1 task=7.2809e-03 kd=0.0000e+00 ewc=0.0000e+00 val=1.7597e-03 lr=1.00e-04 time=78.74s
2025-08-03 08:02:23,798 - Epoch 2: EWC loss is 0.00% of task loss
2025-08-03 08:02:29,302 - Epoch 2 task=5.3336e-03 kd=0.0000e+00 ewc=0.0000e+00 val=4.1706e-04 lr=1.00e-04 time=77.62s
2025-08-03 08:03:44,230 - Epoch 3: EWC loss is 0.00% of task loss
2025-08-03 08:03:49,733 - Epoch 3 task=4.3114e-03 kd=0.0000e+00 ewc=0.0000e+00 val=6.8748e-04 lr=1.00e-04 time=74.92s
2025-08-03 08:05:03,500 - Epoch 4: EWC loss is 0.00% of task loss
2025-08-03 08:05:09,002 - Epoch 4 task=3.4078e-03 kd=0.0000e+00 ewc=0.0000e+00 val=3.6582e-04 lr=1.00e-04 time=73.77s
2025-08-03 08:06:26,018 - Epoch 5: EWC loss is 0.00% of task loss
2025-08-03 08:06:31,525 - Epoch 5 task=2.6546e-03 kd=0.0000e+00 ewc=0.0000e+00 val=4.8129e-04 lr=1.00e-04 time=76.98s
2025-08-03 08:07:48,346 - Epoch 6: EWC loss is 0.00% of task loss
2025-08-03 08:07:53,851 - Epoch 6 task=2.0628e-03 kd=0.0000e+00 ewc=0.0000e+00 val=4.4023e-04 lr=1.00e-04 time=76.82s
2025-08-03 08:09:09,166 - Epoch 7: EWC loss is 0.00% of task loss
2025-08-03 08:09:14,670 - Epoch 7 task=1.5515e-03 kd=0.0000e+00 ewc=0.0000e+00 val=4.8434e-04 lr=1.00e-04 time=75.31s
2025-08-03 08:10:30,924 - Epoch 8: EWC loss is 0.00% of task loss
2025-08-03 08:10:36,430 - Epoch 8 task=1.1550e-03 kd=0.0000e+00 ewc=0.0000e+00 val=2.7226e-04 lr=1.00e-04 time=76.25s
2025-08-03 08:11:52,524 - Epoch 9: EWC loss is 0.00% of task loss
2025-08-03 08:11:58,033 - Epoch 9 task=8.6879e-04 kd=0.0000e+00 ewc=0.0000e+00 val=5.7891e-04 lr=1.00e-04 time=76.05s
2025-08-03 08:13:16,593 - Epoch 10: EWC loss is 0.00% of task loss
2025-08-03 08:13:22,104 - Epoch 10 task=6.8756e-04 kd=0.0000e+00 ewc=0.0000e+00 val=3.5973e-04 lr=1.00e-04 time=78.55s
2025-08-03 08:14:37,329 - Epoch 11: EWC loss is 0.00% of task loss
2025-08-03 08:14:42,844 - Epoch 11 task=5.7616e-04 kd=0.0000e+00 ewc=0.0000e+00 val=5.6247e-04 lr=1.00e-04 time=75.22s
2025-08-03 08:15:59,246 - Epoch 12: EWC loss is 0.00% of task loss
2025-08-03 08:16:04,778 - Epoch 12 task=5.1071e-04 kd=0.0000e+00 ewc=0.0000e+00 val=4.8547e-04 lr=1.00e-04 time=76.40s
2025-08-03 08:17:20,413 - Epoch 13: EWC loss is 0.00% of task loss
2025-08-03 08:17:25,898 - Epoch 13 task=4.8133e-04 kd=0.0000e+00 ewc=0.0000e+00 val=4.9939e-04 lr=1.00e-04 time=75.63s
2025-08-03 08:18:41,773 - Epoch 14: EWC loss is 0.00% of task loss
2025-08-03 08:18:47,266 - Epoch 14 task=4.6047e-04 kd=0.0000e+00 ewc=0.0000e+00 val=4.9492e-04 lr=1.00e-04 time=75.87s
2025-08-03 08:20:10,009 - Epoch 15: EWC loss is 0.00% of task loss
2025-08-03 08:20:15,504 - Epoch 15 task=3.7164e-04 kd=0.0000e+00 ewc=0.0000e+00 val=5.8680e-04 lr=5.00e-05 time=82.74s
2025-08-03 08:21:48,191 - Epoch 16: EWC loss is 0.00% of task loss
2025-08-03 08:21:53,665 - Epoch 16 task=3.2067e-04 kd=0.0000e+00 ewc=0.0000e+00 val=8.5837e-04 lr=5.00e-05 time=92.68s
2025-08-03 08:23:17,528 - Epoch 17: EWC loss is 0.00% of task loss
2025-08-03 08:23:22,987 - Epoch 17 task=2.9085e-04 kd=0.0000e+00 ewc=0.0000e+00 val=7.3020e-04 lr=5.00e-05 time=83.85s
2025-08-03 08:24:49,484 - Epoch 18: EWC loss is 0.00% of task loss
2025-08-03 08:24:54,952 - Epoch 18 task=2.9829e-04 kd=0.0000e+00 ewc=0.0000e+00 val=5.0135e-04 lr=5.00e-05 time=86.50s
2025-08-03 08:26:50,138 - Epoch 19: EWC loss is 0.00% of task loss
2025-08-03 08:26:55,609 - Epoch 19 task=3.1292e-04 kd=0.0000e+00 ewc=0.0000e+00 val=6.2593e-04 lr=5.00e-05 time=115.19s
2025-08-03 08:28:35,281 - Epoch 20: EWC loss is 0.00% of task loss
2025-08-03 08:28:40,745 - Epoch 20 task=2.5953e-04 kd=0.0000e+00 ewc=0.0000e+00 val=9.0416e-04 lr=5.00e-05 time=99.65s
2025-08-03 08:30:30,870 - Epoch 21: EWC loss is 0.00% of task loss
2025-08-03 08:30:36,331 - Epoch 21 task=2.1207e-04 kd=0.0000e+00 ewc=0.0000e+00 val=6.8088e-04 lr=2.50e-05 time=110.12s
2025-08-03 08:32:26,236 - Epoch 22: EWC loss is 0.00% of task loss
2025-08-03 08:32:31,702 - Epoch 22 task=2.0596e-04 kd=0.0000e+00 ewc=0.0000e+00 val=6.7780e-04 lr=2.50e-05 time=109.88s
2025-08-03 08:34:08,976 - Epoch 23: EWC loss is 0.00% of task loss
2025-08-03 08:34:14,434 - Epoch 23 task=2.1482e-04 kd=0.0000e+00 ewc=0.0000e+00 val=8.5682e-04 lr=2.50e-05 time=97.26s
2025-08-03 08:35:44,612 - Epoch 24: EWC loss is 0.00% of task loss
2025-08-03 08:35:50,068 - Epoch 24 task=2.1359e-04 kd=0.0000e+00 ewc=0.0000e+00 val=6.7052e-04 lr=2.50e-05 time=90.18s
2025-08-03 08:37:11,590 - Epoch 25: EWC loss is 0.00% of task loss
2025-08-03 08:37:17,066 - Epoch 25 task=2.0047e-04 kd=0.0000e+00 ewc=0.0000e+00 val=4.8121e-04 lr=2.50e-05 time=81.52s
2025-08-03 08:38:36,351 - Epoch 26: EWC loss is 0.00% of task loss
2025-08-03 08:38:41,826 - Epoch 26 task=1.9404e-04 kd=0.0000e+00 ewc=0.0000e+00 val=4.7754e-04 lr=2.50e-05 time=79.28s
2025-08-03 08:40:13,401 - Epoch 27: EWC loss is 0.00% of task loss
2025-08-03 08:40:18,867 - Epoch 27 task=1.9440e-04 kd=0.0000e+00 ewc=0.0000e+00 val=5.5475e-04 lr=1.25e-05 time=91.57s
2025-08-03 08:42:01,922 - Epoch 28: EWC loss is 0.00% of task loss
2025-08-03 08:42:07,397 - Epoch 28 task=1.8160e-04 kd=0.0000e+00 ewc=0.0000e+00 val=3.6687e-04 lr=1.25e-05 time=103.04s
2025-08-03 08:42:07,399 - Early stopping at epoch 28
2025-08-03 08:42:17,345 - Consolidating task 0 with EWC lambda: 0.0000
2025-08-03 08:43:20,876 - EWC fisher normalized with scale 0.0000
2025-08-03 08:43:20,890 - Task 0 consolidated with EWC lambda=0.0000
2025-08-03 08:43:20,902 - Task 0 completed and consolidated.
2025-08-03 08:43:20,916 - --- task1 (LWF α=0.0000, EWC λ=0.0000) ---
2025-08-03 08:44:43,697 - Epoch 0: EWC loss is 0.00% of task loss
2025-08-03 08:44:48,174 - Epoch 0 task=2.5955e-03 kd=0.0000e+00 ewc=0.0000e+00 val=8.7024e-04 lr=1.00e-04 time=82.37s
2025-08-03 08:46:11,756 - Epoch 1: EWC loss is 0.00% of task loss
2025-08-03 08:46:16,234 - Epoch 1 task=1.9430e-03 kd=0.0000e+00 ewc=0.0000e+00 val=1.3521e-03 lr=1.00e-04 time=83.48s
2025-08-03 08:47:40,209 - Epoch 2: EWC loss is 0.00% of task loss
2025-08-03 08:47:44,685 - Epoch 2 task=1.5836e-03 kd=0.0000e+00 ewc=0.0000e+00 val=4.3355e-04 lr=1.00e-04 time=83.96s
2025-08-03 08:48:59,383 - Epoch 3: EWC loss is 0.00% of task loss
2025-08-03 08:49:03,861 - Epoch 3 task=1.4219e-03 kd=0.0000e+00 ewc=0.0000e+00 val=1.4225e-03 lr=1.00e-04 time=74.60s
2025-08-03 08:50:25,248 - Epoch 4: EWC loss is 0.00% of task loss
2025-08-03 08:50:29,729 - Epoch 4 task=1.2357e-03 kd=0.0000e+00 ewc=0.0000e+00 val=5.3312e-04 lr=1.00e-04 time=81.38s
2025-08-03 08:51:59,285 - Epoch 5: EWC loss is 0.00% of task loss
2025-08-03 08:52:03,751 - Epoch 5 task=1.1648e-03 kd=0.0000e+00 ewc=0.0000e+00 val=9.8105e-04 lr=1.00e-04 time=89.54s
2025-08-03 08:53:27,858 - Epoch 6: EWC loss is 0.00% of task loss
2025-08-03 08:53:32,356 - Epoch 6 task=1.1290e-03 kd=0.0000e+00 ewc=0.0000e+00 val=6.9671e-04 lr=1.00e-04 time=84.12s
2025-08-03 08:54:54,921 - Epoch 7: EWC loss is 0.00% of task loss
2025-08-03 08:54:59,395 - Epoch 7 task=1.0328e-03 kd=0.0000e+00 ewc=0.0000e+00 val=9.9193e-04 lr=1.00e-04 time=82.53s
2025-08-03 08:56:22,100 - Epoch 8: EWC loss is 0.00% of task loss
2025-08-03 08:56:26,577 - Epoch 8 task=1.1253e-03 kd=0.0000e+00 ewc=0.0000e+00 val=8.3216e-04 lr=1.00e-04 time=82.70s
2025-08-03 08:57:49,306 - Epoch 9: EWC loss is 0.00% of task loss
2025-08-03 08:57:53,783 - Epoch 9 task=1.0929e-03 kd=0.0000e+00 ewc=0.0000e+00 val=5.9628e-04 lr=5.00e-05 time=82.72s
2025-08-03 08:59:16,760 - Epoch 10: EWC loss is 0.00% of task loss
2025-08-03 08:59:21,249 - Epoch 10 task=8.9604e-04 kd=0.0000e+00 ewc=0.0000e+00 val=5.0200e-04 lr=5.00e-05 time=82.98s
2025-08-03 09:00:44,559 - Epoch 11: EWC loss is 0.00% of task loss
2025-08-03 09:00:49,040 - Epoch 11 task=5.3148e-04 kd=0.0000e+00 ewc=0.0000e+00 val=6.5949e-04 lr=5.00e-05 time=83.28s
2025-08-03 09:02:12,271 - Epoch 12: EWC loss is 0.00% of task loss
2025-08-03 09:02:16,747 - Epoch 12 task=4.4405e-04 kd=0.0000e+00 ewc=0.0000e+00 val=7.8278e-04 lr=5.00e-05 time=83.19s
2025-08-03 09:03:39,878 - Epoch 13: EWC loss is 0.00% of task loss
2025-08-03 09:03:44,360 - Epoch 13 task=4.0289e-04 kd=0.0000e+00 ewc=0.0000e+00 val=8.4582e-04 lr=5.00e-05 time=83.12s
2025-08-03 09:05:07,748 - Epoch 14: EWC loss is 0.00% of task loss
2025-08-03 09:05:12,224 - Epoch 14 task=3.4723e-04 kd=0.0000e+00 ewc=0.0000e+00 val=6.8055e-04 lr=5.00e-05 time=83.38s
2025-08-03 09:06:44,815 - Epoch 15: EWC loss is 0.00% of task loss
2025-08-03 09:06:49,291 - Epoch 15 task=3.1838e-04 kd=0.0000e+00 ewc=0.0000e+00 val=7.8412e-04 lr=2.50e-05 time=92.57s
2025-08-03 09:08:13,457 - Epoch 16: EWC loss is 0.00% of task loss
2025-08-03 09:08:17,928 - Epoch 16 task=3.1232e-04 kd=0.0000e+00 ewc=0.0000e+00 val=1.6567e-03 lr=2.50e-05 time=84.16s
2025-08-03 09:09:41,914 - Epoch 17: EWC loss is 0.00% of task loss
2025-08-03 09:09:46,384 - Epoch 17 task=3.2023e-04 kd=0.0000e+00 ewc=0.0000e+00 val=1.8930e-03 lr=2.50e-05 time=83.98s
2025-08-03 09:11:20,611 - Epoch 18: EWC loss is 0.00% of task loss
2025-08-03 09:11:25,083 - Epoch 18 task=2.9230e-04 kd=0.0000e+00 ewc=0.0000e+00 val=7.0888e-04 lr=2.50e-05 time=94.21s
2025-08-03 09:12:50,635 - Epoch 19: EWC loss is 0.00% of task loss
2025-08-03 09:12:55,106 - Epoch 19 task=3.0038e-04 kd=0.0000e+00 ewc=0.0000e+00 val=2.3767e-03 lr=2.50e-05 time=85.55s
2025-08-03 09:14:19,508 - Epoch 20: EWC loss is 0.00% of task loss
2025-08-03 09:14:23,981 - Epoch 20 task=2.8370e-04 kd=0.0000e+00 ewc=0.0000e+00 val=1.6504e-03 lr=2.50e-05 time=84.39s
2025-08-03 09:15:48,193 - Epoch 21: EWC loss is 0.00% of task loss
2025-08-03 09:15:52,663 - Epoch 21 task=2.6284e-04 kd=0.0000e+00 ewc=0.0000e+00 val=1.7220e-03 lr=1.25e-05 time=84.20s
2025-08-03 09:17:17,196 - Epoch 22: EWC loss is 0.00% of task loss
2025-08-03 09:17:21,677 - Epoch 22 task=2.5397e-04 kd=0.0000e+00 ewc=0.0000e+00 val=8.4130e-04 lr=1.25e-05 time=84.53s
2025-08-03 09:17:21,687 - Early stopping at epoch 22
2025-08-03 09:17:24,638 - Consolidating task 1 with EWC lambda: 0.0000
2025-08-03 09:18:10,158 - EWC fisher normalized with scale 0.0000
2025-08-03 09:18:10,172 - Task 1 consolidated with EWC lambda=0.0000
2025-08-03 09:18:10,182 - Task 1 completed and consolidated.
2025-08-03 09:18:10,188 - --- task2 (LWF α=0.0000, EWC λ=0.0000) ---
2025-08-03 09:19:18,118 - Epoch 0: EWC loss is 0.00% of task loss
2025-08-03 09:19:19,231 - Epoch 0 task=3.3798e-03 kd=0.0000e+00 ewc=0.0000e+00 val=3.1482e-03 lr=1.00e-04 time=67.69s
2025-08-03 09:20:32,486 - Epoch 1: EWC loss is 0.00% of task loss
2025-08-03 09:20:33,600 - Epoch 1 task=2.6248e-03 kd=0.0000e+00 ewc=0.0000e+00 val=9.2421e-04 lr=1.00e-04 time=73.16s
2025-08-03 09:21:40,148 - Epoch 2: EWC loss is 0.00% of task loss
2025-08-03 09:21:41,263 - Epoch 2 task=2.0668e-03 kd=0.0000e+00 ewc=0.0000e+00 val=1.6334e-03 lr=1.00e-04 time=66.46s
2025-08-03 09:22:47,550 - Epoch 3: EWC loss is 0.00% of task loss
2025-08-03 09:22:48,660 - Epoch 3 task=1.7482e-03 kd=0.0000e+00 ewc=0.0000e+00 val=1.0797e-03 lr=1.00e-04 time=66.27s
2025-08-03 09:23:57,879 - Epoch 4: EWC loss is 0.00% of task loss
2025-08-03 09:23:59,001 - Epoch 4 task=1.9242e-03 kd=0.0000e+00 ewc=0.0000e+00 val=8.4953e-04 lr=1.00e-04 time=69.22s
2025-08-03 09:25:04,071 - Epoch 5: EWC loss is 0.00% of task loss
2025-08-03 09:25:05,198 - Epoch 5 task=1.4506e-03 kd=0.0000e+00 ewc=0.0000e+00 val=8.4803e-04 lr=1.00e-04 time=64.86s
2025-08-03 09:26:10,334 - Epoch 6: EWC loss is 0.00% of task loss
2025-08-03 09:26:11,448 - Epoch 6 task=1.1951e-03 kd=0.0000e+00 ewc=0.0000e+00 val=7.7895e-04 lr=1.00e-04 time=65.05s
2025-08-03 09:27:14,308 - Epoch 7: EWC loss is 0.00% of task loss
2025-08-03 09:27:15,420 - Epoch 7 task=1.1232e-03 kd=0.0000e+00 ewc=0.0000e+00 val=8.4621e-04 lr=1.00e-04 time=62.77s
2025-08-03 09:28:16,658 - Epoch 8: EWC loss is 0.00% of task loss
2025-08-03 09:28:17,771 - Epoch 8 task=9.5543e-04 kd=0.0000e+00 ewc=0.0000e+00 val=9.0318e-04 lr=1.00e-04 time=61.23s
2025-08-03 09:29:20,716 - Epoch 9: EWC loss is 0.00% of task loss
2025-08-03 09:29:21,829 - Epoch 9 task=8.6728e-04 kd=0.0000e+00 ewc=0.0000e+00 val=5.6677e-04 lr=1.00e-04 time=62.94s
2025-08-03 09:30:40,134 - Epoch 10: EWC loss is 0.00% of task loss
2025-08-03 09:30:41,261 - Epoch 10 task=9.0646e-04 kd=0.0000e+00 ewc=0.0000e+00 val=6.2755e-04 lr=1.00e-04 time=78.23s
2025-08-03 09:32:04,344 - Epoch 11: EWC loss is 0.00% of task loss
2025-08-03 09:32:05,456 - Epoch 11 task=6.9770e-04 kd=0.0000e+00 ewc=0.0000e+00 val=3.8988e-04 lr=1.00e-04 time=83.04s
2025-08-03 09:33:13,854 - Epoch 12: EWC loss is 0.00% of task loss
2025-08-03 09:33:14,968 - Epoch 12 task=5.6238e-04 kd=0.0000e+00 ewc=0.0000e+00 val=9.0180e-04 lr=1.00e-04 time=68.32s
2025-08-03 09:34:18,159 - Epoch 13: EWC loss is 0.00% of task loss
2025-08-03 09:34:19,269 - Epoch 13 task=4.7903e-04 kd=0.0000e+00 ewc=0.0000e+00 val=2.7599e-04 lr=1.00e-04 time=63.16s
2025-08-03 09:35:12,638 - Epoch 14: EWC loss is 0.00% of task loss
2025-08-03 09:35:13,747 - Epoch 14 task=5.4229e-04 kd=0.0000e+00 ewc=0.0000e+00 val=9.4814e-04 lr=1.00e-04 time=53.31s
2025-08-03 09:36:05,159 - Epoch 15: EWC loss is 0.00% of task loss
2025-08-03 09:36:06,270 - Epoch 15 task=4.1571e-04 kd=0.0000e+00 ewc=0.0000e+00 val=6.8477e-04 lr=1.00e-04 time=51.40s
2025-08-03 09:37:01,676 - Epoch 16: EWC loss is 0.00% of task loss
2025-08-03 09:37:02,788 - Epoch 16 task=3.8080e-04 kd=0.0000e+00 ewc=0.0000e+00 val=2.3015e-04 lr=1.00e-04 time=55.40s
2025-08-03 09:37:48,410 - Epoch 17: EWC loss is 0.00% of task loss
2025-08-03 09:37:49,536 - Epoch 17 task=3.7644e-04 kd=0.0000e+00 ewc=0.0000e+00 val=3.2776e-04 lr=1.00e-04 time=45.60s
2025-08-03 09:38:39,599 - Epoch 18: EWC loss is 0.00% of task loss
2025-08-03 09:38:40,707 - Epoch 18 task=3.5074e-04 kd=0.0000e+00 ewc=0.0000e+00 val=3.0891e-04 lr=1.00e-04 time=50.04s
2025-08-03 09:39:24,474 - Epoch 19: EWC loss is 0.00% of task loss
2025-08-03 09:39:25,585 - Epoch 19 task=3.5020e-04 kd=0.0000e+00 ewc=0.0000e+00 val=2.1331e-04 lr=1.00e-04 time=43.77s
2025-08-03 09:40:12,691 - Epoch 20: EWC loss is 0.00% of task loss
2025-08-03 09:40:13,801 - Epoch 20 task=3.2576e-04 kd=0.0000e+00 ewc=0.0000e+00 val=2.1129e-04 lr=1.00e-04 time=47.07s
2025-08-03 09:41:03,483 - Epoch 21: EWC loss is 0.00% of task loss
2025-08-03 09:41:04,592 - Epoch 21 task=3.3702e-04 kd=0.0000e+00 ewc=0.0000e+00 val=1.5282e-04 lr=1.00e-04 time=49.64s
2025-08-03 09:41:55,507 - Epoch 22: EWC loss is 0.00% of task loss
2025-08-03 09:41:56,619 - Epoch 22 task=3.2323e-04 kd=0.0000e+00 ewc=0.0000e+00 val=3.7049e-04 lr=1.00e-04 time=50.88s
2025-08-03 09:42:48,089 - Epoch 23: EWC loss is 0.00% of task loss
2025-08-03 09:42:49,201 - Epoch 23 task=3.1538e-04 kd=0.0000e+00 ewc=0.0000e+00 val=1.8719e-04 lr=1.00e-04 time=51.47s
2025-08-03 09:43:41,222 - Epoch 24: EWC loss is 0.00% of task loss
2025-08-03 09:43:42,330 - Epoch 24 task=3.3892e-04 kd=0.0000e+00 ewc=0.0000e+00 val=2.1901e-04 lr=1.00e-04 time=52.02s
2025-08-03 09:44:36,142 - Epoch 25: EWC loss is 0.00% of task loss
2025-08-03 09:44:37,252 - Epoch 25 task=3.0499e-04 kd=0.0000e+00 ewc=0.0000e+00 val=1.1960e-04 lr=1.00e-04 time=53.81s
2025-08-03 09:45:29,798 - Epoch 26: EWC loss is 0.00% of task loss
2025-08-03 09:45:30,912 - Epoch 26 task=2.9504e-04 kd=0.0000e+00 ewc=0.0000e+00 val=1.1710e-04 lr=1.00e-04 time=52.51s
2025-08-03 09:46:22,723 - Epoch 27: EWC loss is 0.00% of task loss
2025-08-03 09:46:23,832 - Epoch 27 task=2.9076e-04 kd=0.0000e+00 ewc=0.0000e+00 val=1.0945e-04 lr=1.00e-04 time=51.78s
2025-08-03 09:47:21,878 - Epoch 28: EWC loss is 0.00% of task loss
2025-08-03 09:47:22,993 - Epoch 28 task=2.7597e-04 kd=0.0000e+00 ewc=0.0000e+00 val=8.5770e-05 lr=1.00e-04 time=58.02s
2025-08-03 09:48:25,600 - Epoch 29: EWC loss is 0.00% of task loss
2025-08-03 09:48:26,712 - Epoch 29 task=2.8154e-04 kd=0.0000e+00 ewc=0.0000e+00 val=9.0010e-05 lr=1.00e-04 time=62.55s
2025-08-03 09:49:20,090 - Epoch 30: EWC loss is 0.00% of task loss
2025-08-03 09:49:21,202 - Epoch 30 task=2.8747e-04 kd=0.0000e+00 ewc=0.0000e+00 val=3.9246e-04 lr=1.00e-04 time=53.37s
2025-08-03 09:50:13,341 - Epoch 31: EWC loss is 0.00% of task loss
2025-08-03 09:50:14,452 - Epoch 31 task=2.8997e-04 kd=0.0000e+00 ewc=0.0000e+00 val=4.6610e-04 lr=1.00e-04 time=52.13s
2025-08-03 09:51:05,710 - Epoch 32: EWC loss is 0.00% of task loss
2025-08-03 09:51:06,831 - Epoch 32 task=2.6024e-04 kd=0.0000e+00 ewc=0.0000e+00 val=1.4874e-04 lr=1.00e-04 time=51.27s
2025-08-03 09:51:54,097 - Epoch 33: EWC loss is 0.00% of task loss
2025-08-03 09:51:55,212 - Epoch 33 task=2.5743e-04 kd=0.0000e+00 ewc=0.0000e+00 val=1.2914e-04 lr=1.00e-04 time=47.26s
2025-08-03 09:53:06,863 - Epoch 34: EWC loss is 0.00% of task loss
2025-08-03 09:53:07,975 - Epoch 34 task=2.5904e-04 kd=0.0000e+00 ewc=0.0000e+00 val=1.0967e-04 lr=1.00e-04 time=71.64s
2025-08-03 09:54:00,049 - Epoch 35: EWC loss is 0.00% of task loss
2025-08-03 09:54:01,158 - Epoch 35 task=2.2710e-04 kd=0.0000e+00 ewc=0.0000e+00 val=1.3517e-04 lr=5.00e-05 time=52.07s
2025-08-03 09:54:52,923 - Epoch 36: EWC loss is 0.00% of task loss
2025-08-03 09:54:54,032 - Epoch 36 task=2.3184e-04 kd=0.0000e+00 ewc=0.0000e+00 val=1.2330e-04 lr=5.00e-05 time=51.76s
2025-08-03 09:55:45,764 - Epoch 37: EWC loss is 0.00% of task loss
2025-08-03 09:55:46,873 - Epoch 37 task=2.1541e-04 kd=0.0000e+00 ewc=0.0000e+00 val=1.3258e-04 lr=5.00e-05 time=51.73s
2025-08-03 09:56:34,020 - Epoch 38: EWC loss is 0.00% of task loss
2025-08-03 09:56:35,133 - Epoch 38 task=2.1299e-04 kd=0.0000e+00 ewc=0.0000e+00 val=1.0575e-04 lr=5.00e-05 time=47.15s
2025-08-03 09:57:24,825 - Epoch 39: EWC loss is 0.00% of task loss
2025-08-03 09:57:25,933 - Epoch 39 task=2.0599e-04 kd=0.0000e+00 ewc=0.0000e+00 val=1.7529e-04 lr=5.00e-05 time=49.69s
2025-08-03 09:58:16,088 - Epoch 40: EWC loss is 0.00% of task loss
2025-08-03 09:58:17,200 - Epoch 40 task=2.0973e-04 kd=0.0000e+00 ewc=0.0000e+00 val=1.7081e-04 lr=5.00e-05 time=50.16s
2025-08-03 09:59:08,046 - Epoch 41: EWC loss is 0.00% of task loss
2025-08-03 09:59:09,155 - Epoch 41 task=1.8840e-04 kd=0.0000e+00 ewc=0.0000e+00 val=1.8684e-04 lr=2.50e-05 time=50.85s
2025-08-03 09:59:57,239 - Epoch 42: EWC loss is 0.00% of task loss
2025-08-03 09:59:58,351 - Epoch 42 task=2.6393e-04 kd=0.0000e+00 ewc=0.0000e+00 val=1.8218e-04 lr=2.50e-05 time=48.09s
2025-08-03 10:01:02,407 - Epoch 43: EWC loss is 0.00% of task loss
2025-08-03 10:01:03,519 - Epoch 43 task=1.8647e-04 kd=0.0000e+00 ewc=0.0000e+00 val=1.4848e-04 lr=2.50e-05 time=64.05s
2025-08-03 10:01:57,111 - Epoch 44: EWC loss is 0.00% of task loss
2025-08-03 10:01:58,220 - Epoch 44 task=1.8199e-04 kd=0.0000e+00 ewc=0.0000e+00 val=1.4685e-04 lr=2.50e-05 time=53.59s
2025-08-03 10:02:53,165 - Epoch 45: EWC loss is 0.00% of task loss
2025-08-03 10:02:54,274 - Epoch 45 task=1.8532e-04 kd=0.0000e+00 ewc=0.0000e+00 val=1.5603e-04 lr=2.50e-05 time=54.94s
2025-08-03 10:03:49,255 - Epoch 46: EWC loss is 0.00% of task loss
2025-08-03 10:03:50,364 - Epoch 46 task=1.7478e-04 kd=0.0000e+00 ewc=0.0000e+00 val=1.7098e-04 lr=2.50e-05 time=54.98s
2025-08-03 10:04:45,128 - Epoch 47: EWC loss is 0.00% of task loss
2025-08-03 10:04:46,240 - Epoch 47 task=1.7079e-04 kd=0.0000e+00 ewc=0.0000e+00 val=1.6606e-04 lr=1.25e-05 time=54.76s
2025-08-03 10:05:41,165 - Epoch 48: EWC loss is 0.00% of task loss
2025-08-03 10:05:42,273 - Epoch 48 task=1.6759e-04 kd=0.0000e+00 ewc=0.0000e+00 val=1.9393e-04 lr=1.25e-05 time=54.92s
2025-08-03 10:05:42,275 - Early stopping at epoch 48
2025-08-03 10:05:45,298 - Consolidating task 2 with EWC lambda: 0.0000
2025-08-03 10:06:18,303 - EWC fisher normalized with scale 0.0000
2025-08-03 10:06:18,307 - Task 2 consolidated with EWC lambda=0.0000
2025-08-03 10:06:18,309 - Task 2 completed and consolidated.
2025-08-03 10:06:18,310 - ==== Incremental Training Complete ====
2025-08-03 10:06:18,312 - ==== Starting Comprehensive Evaluation ====
2025-08-03 10:06:18,441 - Evaluating model trained after task 0...
2025-08-03 10:06:30,863 -   Task 0 -> Test Task 0: MAE=2.7281e-02
2025-08-03 10:06:32,652 -   Task 0 -> Test Task 1: MAE=4.0750e-02
2025-08-03 10:06:33,006 -   Task 0 -> Test Task 2: MAE=2.7352e-01
2025-08-03 10:06:33,009 - Evaluating model trained after task 1...
2025-08-03 10:06:45,206 -   Task 1 -> Test Task 0: MAE=7.7699e-02
2025-08-03 10:06:47,003 -   Task 1 -> Test Task 1: MAE=5.9894e-02
2025-08-03 10:06:47,359 -   Task 1 -> Test Task 2: MAE=5.5082e-02
2025-08-03 10:06:47,363 - Evaluating model trained after task 2...
2025-08-03 10:06:59,687 -   Task 2 -> Test Task 0: MAE=3.3732e-02
2025-08-03 10:07:01,479 -   Task 2 -> Test Task 1: MAE=3.3393e-02
2025-08-03 10:07:01,835 -   Task 2 -> Test Task 2: MAE=1.9683e-02
2025-08-03 10:07:01,840 - ==== Computing Continual Learning Metrics ====
2025-08-03 10:07:01,844 - Computing random initialization baselines...
2025-08-03 10:07:04,145 -   Baseline Task 0: R=-0.9731
2025-08-03 10:07:05,901 -   Baseline Task 1: R=-0.9252
2025-08-03 10:07:06,248 -   Baseline Task 2: R=-0.6922
2025-08-03 10:07:06,249 - ==== Continual Learning Results ====
2025-08-03 10:07:06,251 - BWT (Backward Transfer): 0.0100 (positive = backward gain)
2025-08-03 10:07:06,254 - FWT (Forward Transfer): 0.7608 (positive = beneficial transfer)
2025-08-03 10:07:06,256 - ACC (Average Accuracy): -0.0289
2025-08-03 10:07:06,257 - ==== Performance Matrix R[i][j] ====
2025-08-03 10:07:06,260 - Rows: trained after task i, Columns: evaluated on task j
2025-08-03 10:07:06,262 -        Task 0 Task 1 Task 2
2025-08-03 10:07:06,263 - Task 0: -0.0273 -0.0407 -0.2735
2025-08-03 10:07:06,266 - Task 1: -0.0777 -0.0599 -0.0551
2025-08-03 10:07:06,268 - Task 2: -0.0337 -0.0334 -0.0197
2025-08-03 10:07:06,399 - ==== Evaluation Complete ====
2025-08-03 10:07:06,404 - All results saved to: /beegfs/home/users/z/zzhuqshun/Thesis/05_Final/ewc/strategies/fine-tuning/metrics
2025-08-03 10:07:06,412 - ==== Final Summary ====
2025-08-03 10:07:06,413 - Continual Learning Metrics:
2025-08-03 10:07:06,414 -   BWT: 0.0100
2025-08-03 10:07:06,416 -   FWT: 0.7608
2025-08-03 10:07:06,418 -   ACC: -0.0289
2025-08-03 10:07:06,419 -   num_tasks: 3.0000
2025-08-03 10:07:06,421 - ==== Experiment Complete ====
