2025-05-13 14:00:57,324 - ==== Regular LSTM Training Phase ====
2025-05-13 14:03:25,943 - Base train IDs: ['03', '05', '07', '09', '11', '15', '21', '23', '25', '27', '29']
2025-05-13 14:03:25,944 - Base train size: 205644
2025-05-13 14:03:25,945 - Base val IDs: ['01', '13', '19']
2025-05-13 14:03:25,946 - Base val size: 58177
2025-05-13 14:03:25,947 - Update1 train IDs: []
2025-05-13 14:03:25,948 - Update1 train size: 0
2025-05-13 14:03:25,949 - Update1 val IDs: []
2025-05-13 14:03:25,950 - Update1 val size: 0
2025-05-13 14:03:25,951 - Update2 train IDs: []
2025-05-13 14:03:25,952 - Update2 train size: 0
2025-05-13 14:03:25,953 - Update2 val IDs: []
2025-05-13 14:03:25,954 - Update2 val size: 0
2025-05-13 14:03:45,212 - Test cell ID: 17
2025-05-13 14:03:45,213 - Test size: 22872
2025-05-13 14:03:45,215 - Test base size: 11139
2025-05-13 14:03:45,216 - Test update1 size: 6312
2025-05-13 14:03:45,217 - Test update2 size: 5421
2025-05-13 14:04:14,044 - Epoch 1/200
2025-05-13 14:16:59,151 - Epoch 1, Train Loss: 1.5888e-02, Val Loss: 3.1763e-03, LR: 1.0000e-04, Time: 765.11s
2025-05-13 14:16:59,233 - Epoch 2/200
2025-05-13 14:29:41,616 - Epoch 2, Train Loss: 4.7899e-03, Val Loss: 2.5137e-03, LR: 1.0000e-04, Time: 762.38s
2025-05-13 14:29:41,796 - Epoch 3/200
2025-05-13 14:42:26,034 - Epoch 3, Train Loss: 3.1397e-03, Val Loss: 1.0603e-03, LR: 1.0000e-04, Time: 764.24s
2025-05-13 14:42:26,166 - Epoch 4/200
2025-05-13 14:55:07,219 - Epoch 4, Train Loss: 1.9024e-03, Val Loss: 6.1014e-04, LR: 1.0000e-04, Time: 761.05s
2025-05-13 14:55:07,291 - Epoch 5/200
2025-05-13 15:07:48,165 - Epoch 5, Train Loss: 1.1729e-03, Val Loss: 7.4146e-04, LR: 1.0000e-04, Time: 760.87s
2025-05-13 15:07:48,310 - Epoch 6/200
2025-05-13 15:20:31,511 - Epoch 6, Train Loss: 7.2854e-04, Val Loss: 9.3797e-04, LR: 1.0000e-04, Time: 763.20s
2025-05-13 15:20:31,602 - Epoch 7/200
2025-05-13 15:33:13,769 - Epoch 7, Train Loss: 5.2067e-04, Val Loss: 4.2094e-04, LR: 1.0000e-04, Time: 762.17s
2025-05-13 15:33:13,933 - Epoch 8/200
2025-05-13 15:45:54,256 - Epoch 8, Train Loss: 1.0776e-03, Val Loss: 9.7661e-04, LR: 1.0000e-04, Time: 760.32s
2025-05-13 15:45:54,323 - Epoch 9/200
2025-05-13 15:58:37,653 - Epoch 9, Train Loss: 9.1473e-04, Val Loss: 5.8685e-04, LR: 1.0000e-04, Time: 763.33s
2025-05-13 15:58:37,742 - Epoch 10/200
2025-05-13 16:11:32,251 - Epoch 10, Train Loss: 4.4885e-04, Val Loss: 4.9886e-04, LR: 1.0000e-04, Time: 774.51s
2025-05-13 16:11:32,312 - Epoch 11/200
2025-05-13 16:24:13,485 - Epoch 11, Train Loss: 2.7744e-04, Val Loss: 4.7032e-04, LR: 1.0000e-04, Time: 761.17s
2025-05-13 16:24:13,603 - Epoch 12/200
2025-05-13 16:36:54,752 - Epoch 12, Train Loss: 2.5001e-04, Val Loss: 3.1993e-04, LR: 1.0000e-04, Time: 761.15s
2025-05-13 16:36:54,837 - Epoch 13/200
2025-05-13 16:49:52,591 - Epoch 13, Train Loss: 2.2799e-04, Val Loss: 3.1479e-04, LR: 1.0000e-04, Time: 777.75s
2025-05-13 16:49:52,825 - Epoch 14/200
2025-05-13 17:02:40,009 - Epoch 14, Train Loss: 1.7354e-04, Val Loss: 3.0635e-04, LR: 1.0000e-04, Time: 767.18s
2025-05-13 17:02:40,128 - Epoch 15/200
2025-05-13 17:15:38,303 - Epoch 15, Train Loss: 1.5888e-04, Val Loss: 2.1811e-04, LR: 1.0000e-04, Time: 778.17s
2025-05-13 17:15:38,457 - Epoch 16/200
2025-05-13 17:28:20,129 - Epoch 16, Train Loss: 3.7361e-04, Val Loss: 3.6974e-04, LR: 1.0000e-04, Time: 761.67s
2025-05-13 17:28:20,183 - Epoch 17/200
2025-05-13 17:40:59,762 - Epoch 17, Train Loss: 1.8293e-04, Val Loss: 1.8725e-04, LR: 1.0000e-04, Time: 759.58s
2025-05-13 17:40:59,882 - Epoch 18/200
2025-05-13 17:53:42,697 - Epoch 18, Train Loss: 1.3764e-04, Val Loss: 2.0085e-04, LR: 1.0000e-04, Time: 762.81s
2025-05-13 17:53:42,767 - Epoch 19/200
2025-05-13 18:06:24,943 - Epoch 19, Train Loss: 1.2604e-04, Val Loss: 1.8141e-04, LR: 1.0000e-04, Time: 762.18s
2025-05-13 18:06:25,051 - Epoch 20/200
2025-05-13 18:19:10,751 - Epoch 20, Train Loss: 1.2247e-04, Val Loss: 2.1301e-04, LR: 1.0000e-04, Time: 765.70s
2025-05-13 18:19:10,853 - Epoch 21/200
2025-05-13 18:31:55,768 - Epoch 21, Train Loss: 1.1688e-04, Val Loss: 1.9956e-04, LR: 1.0000e-04, Time: 764.91s
2025-05-13 18:31:55,875 - Epoch 22/200
2025-05-13 18:44:37,575 - Epoch 22, Train Loss: 1.1292e-04, Val Loss: 2.0095e-04, LR: 1.0000e-04, Time: 761.70s
2025-05-13 18:44:37,703 - Epoch 23/200
2025-05-13 18:57:18,902 - Epoch 23, Train Loss: 1.1103e-04, Val Loss: 1.7890e-04, LR: 1.0000e-04, Time: 761.20s
2025-05-13 18:57:19,051 - Epoch 24/200
2025-05-13 19:09:59,858 - Epoch 24, Train Loss: 1.1614e-04, Val Loss: 2.0042e-04, LR: 1.0000e-04, Time: 760.81s
2025-05-13 19:09:59,937 - Epoch 25/200
2025-05-13 19:22:42,166 - Epoch 25, Train Loss: 1.0267e-04, Val Loss: 1.7361e-04, LR: 1.0000e-04, Time: 762.23s
2025-05-13 19:22:42,381 - Epoch 26/200
2025-05-13 19:35:31,247 - Epoch 26, Train Loss: 1.0326e-04, Val Loss: 1.8161e-04, LR: 1.0000e-04, Time: 768.87s
2025-05-13 19:35:31,300 - Epoch 27/200
2025-05-13 19:48:14,501 - Epoch 27, Train Loss: 1.0190e-04, Val Loss: 2.5297e-04, LR: 1.0000e-04, Time: 763.20s
2025-05-13 19:48:14,558 - Epoch 28/200
2025-05-13 20:00:55,277 - Epoch 28, Train Loss: 9.9721e-05, Val Loss: 2.3268e-04, LR: 1.0000e-04, Time: 760.72s
2025-05-13 20:00:55,349 - Epoch 29/200
2025-05-13 20:13:35,767 - Epoch 29, Train Loss: 9.8460e-05, Val Loss: 1.8642e-04, LR: 1.0000e-04, Time: 760.42s
2025-05-13 20:13:35,852 - Epoch 30/200
2025-05-13 20:26:19,440 - Epoch 30, Train Loss: 9.7522e-05, Val Loss: 1.8170e-04, LR: 1.0000e-04, Time: 763.59s
2025-05-13 20:26:19,493 - Epoch 31/200
2025-05-13 20:39:15,110 - Epoch 31, Train Loss: 9.7546e-05, Val Loss: 1.6401e-04, LR: 1.0000e-04, Time: 775.62s
2025-05-13 20:39:15,352 - Epoch 32/200
2025-05-13 20:52:21,049 - Epoch 32, Train Loss: 9.7068e-05, Val Loss: 1.7356e-04, LR: 1.0000e-04, Time: 785.70s
2025-05-13 20:52:21,137 - Epoch 33/200
2025-05-13 21:05:08,306 - Epoch 33, Train Loss: 1.0164e-04, Val Loss: 2.0734e-04, LR: 1.0000e-04, Time: 767.17s
2025-05-13 21:05:08,392 - Epoch 34/200
2025-05-13 21:17:53,200 - Epoch 34, Train Loss: 9.4814e-05, Val Loss: 1.5180e-04, LR: 1.0000e-04, Time: 764.81s
2025-05-13 21:17:53,317 - Epoch 35/200
2025-05-13 21:30:37,630 - Epoch 35, Train Loss: 9.3786e-05, Val Loss: 2.1774e-04, LR: 1.0000e-04, Time: 764.31s
2025-05-13 21:30:37,743 - Epoch 36/200
2025-05-13 21:43:20,817 - Epoch 36, Train Loss: 9.3353e-05, Val Loss: 2.1830e-04, LR: 1.0000e-04, Time: 763.07s
2025-05-13 21:43:20,925 - Epoch 37/200
2025-05-13 21:56:03,909 - Epoch 37, Train Loss: 9.4955e-05, Val Loss: 1.6955e-04, LR: 1.0000e-04, Time: 762.98s
2025-05-13 21:56:03,982 - Epoch 38/200
2025-05-13 22:08:48,466 - Epoch 38, Train Loss: 9.2536e-05, Val Loss: 1.7622e-04, LR: 1.0000e-04, Time: 764.48s
2025-05-13 22:08:48,603 - Epoch 39/200
2025-05-13 22:21:33,728 - Epoch 39, Train Loss: 9.2788e-05, Val Loss: 1.8346e-04, LR: 1.0000e-04, Time: 765.13s
2025-05-13 22:21:33,780 - Epoch 40/200
2025-05-13 22:34:16,094 - Epoch 40, Train Loss: 9.3008e-05, Val Loss: 1.9760e-04, LR: 5.0000e-05, Time: 762.31s
2025-05-13 22:34:16,153 - Epoch 41/200
2025-05-13 22:47:00,528 - Epoch 41, Train Loss: 8.2945e-05, Val Loss: 1.8474e-04, LR: 5.0000e-05, Time: 764.38s
2025-05-13 22:47:00,604 - Epoch 42/200
2025-05-13 22:59:49,597 - Epoch 42, Train Loss: 8.2377e-05, Val Loss: 2.0257e-04, LR: 5.0000e-05, Time: 768.99s
2025-05-13 22:59:49,671 - Epoch 43/200
2025-05-13 23:12:40,850 - Epoch 43, Train Loss: 8.3404e-05, Val Loss: 2.0466e-04, LR: 5.0000e-05, Time: 771.18s
2025-05-13 23:12:40,931 - Epoch 44/200
2025-05-13 23:25:22,633 - Epoch 44, Train Loss: 8.3422e-05, Val Loss: 1.3964e-04, LR: 5.0000e-05, Time: 761.70s
2025-05-13 23:25:22,786 - Epoch 45/200
2025-05-13 23:38:06,104 - Epoch 45, Train Loss: 8.1746e-05, Val Loss: 1.6983e-04, LR: 5.0000e-05, Time: 763.32s
2025-05-13 23:38:06,169 - Epoch 46/200
2025-05-13 23:50:50,647 - Epoch 46, Train Loss: 8.2294e-05, Val Loss: 1.7685e-04, LR: 5.0000e-05, Time: 764.48s
2025-05-13 23:50:50,698 - Epoch 47/200
2025-05-14 00:03:35,703 - Epoch 47, Train Loss: 8.1803e-05, Val Loss: 1.8745e-04, LR: 5.0000e-05, Time: 765.01s
2025-05-14 00:03:35,853 - Epoch 48/200
2025-05-14 00:16:25,837 - Epoch 48, Train Loss: 8.1944e-05, Val Loss: 1.8225e-04, LR: 5.0000e-05, Time: 769.98s
2025-05-14 00:16:25,897 - Epoch 49/200
2025-05-14 00:29:08,658 - Epoch 49, Train Loss: 8.1359e-05, Val Loss: 2.0650e-04, LR: 5.0000e-05, Time: 762.76s
2025-05-14 00:29:08,709 - Epoch 50/200
2025-05-14 00:41:52,860 - Epoch 50, Train Loss: 8.1738e-05, Val Loss: 1.9707e-04, LR: 2.5000e-05, Time: 764.15s
2025-05-14 00:41:52,910 - Epoch 51/200
2025-05-14 00:54:39,033 - Epoch 51, Train Loss: 7.7455e-05, Val Loss: 2.0315e-04, LR: 2.5000e-05, Time: 766.12s
2025-05-14 00:54:39,147 - Epoch 52/200
2025-05-14 01:07:22,015 - Epoch 52, Train Loss: 7.6203e-05, Val Loss: 1.5151e-04, LR: 2.5000e-05, Time: 762.87s
2025-05-14 01:07:22,104 - Epoch 53/200
2025-05-14 01:20:08,499 - Epoch 53, Train Loss: 7.6678e-05, Val Loss: 1.7232e-04, LR: 2.5000e-05, Time: 766.39s
2025-05-14 01:20:08,625 - Epoch 54/200
2025-05-14 01:32:53,584 - Epoch 54, Train Loss: 7.6314e-05, Val Loss: 1.6091e-04, LR: 2.5000e-05, Time: 764.96s
2025-05-14 01:32:53,639 - Epoch 55/200
2025-05-14 01:45:38,581 - Epoch 55, Train Loss: 7.7965e-05, Val Loss: 1.9484e-04, LR: 2.5000e-05, Time: 764.94s
2025-05-14 01:45:38,654 - Epoch 56/200
2025-05-14 01:58:19,732 - Epoch 56, Train Loss: 7.6380e-05, Val Loss: 1.9286e-04, LR: 1.2500e-05, Time: 761.08s
2025-05-14 01:58:19,834 - Epoch 57/200
2025-05-14 02:11:01,899 - Epoch 57, Train Loss: 7.3477e-05, Val Loss: 1.8448e-04, LR: 1.2500e-05, Time: 762.06s
2025-05-14 02:11:01,964 - Epoch 58/200
2025-05-14 02:23:44,461 - Epoch 58, Train Loss: 7.3362e-05, Val Loss: 1.8437e-04, LR: 1.2500e-05, Time: 762.50s
2025-05-14 02:23:44,554 - Epoch 59/200
2025-05-14 02:36:47,408 - Epoch 59, Train Loss: 7.3441e-05, Val Loss: 1.6664e-04, LR: 1.2500e-05, Time: 782.85s
2025-05-14 02:36:47,572 - Epoch 60/200
2025-05-14 02:49:28,376 - Epoch 60, Train Loss: 7.3058e-05, Val Loss: 1.7240e-04, LR: 1.2500e-05, Time: 760.80s
2025-05-14 02:49:28,474 - Epoch 61/200
2025-05-14 03:02:08,955 - Epoch 61, Train Loss: 7.3367e-05, Val Loss: 1.7806e-04, LR: 1.2500e-05, Time: 760.48s
2025-05-14 03:02:09,022 - Epoch 62/200
2025-05-14 03:14:50,810 - Epoch 62, Train Loss: 7.3156e-05, Val Loss: 1.7655e-04, LR: 6.2500e-06, Time: 761.79s
2025-05-14 03:14:50,858 - Epoch 63/200
2025-05-14 03:27:33,832 - Epoch 63, Train Loss: 7.1636e-05, Val Loss: 1.7049e-04, LR: 6.2500e-06, Time: 762.97s
2025-05-14 03:27:33,886 - Epoch 64/200
2025-05-14 03:40:19,139 - Epoch 64, Train Loss: 7.0513e-05, Val Loss: 1.8403e-04, LR: 6.2500e-06, Time: 765.25s
2025-05-14 03:40:19,189 - Early stopping at epoch 64
2025-05-14 03:40:51,980 - [Regular BEST] RMSE: 0.0060, MAE: 0.0043, R2: 0.9950
2025-05-14 03:41:22,659 - [Regular LAST] RMSE: 0.0059, MAE: 0.0047, R2: 0.9951
2025-05-14 03:41:22,661 - ==== Incremental EWC Training Phase ====
2025-05-14 03:43:03,307 - Base train IDs: ['01', '03', '05', '21', '27']
2025-05-14 03:43:03,309 - Base train size: 119705
2025-05-14 03:43:03,310 - Base val IDs: ['23']
2025-05-14 03:43:03,313 - Base val size: 24176
2025-05-14 03:43:03,314 - Update1 train IDs: ['07', '09', '11', '19', '23']
2025-05-14 03:43:03,316 - Update1 train size: 102537
2025-05-14 03:43:03,317 - Update1 val IDs: ['25']
2025-05-14 03:43:03,319 - Update1 val size: 18326
2025-05-14 03:43:03,321 - Update2 train IDs: ['15', '25', '29']
2025-05-14 03:43:03,322 - Update2 train size: 35134
2025-05-14 03:43:03,324 - Update2 val IDs: ['13']
2025-05-14 03:43:03,325 - Update2 val size: 6445
2025-05-14 03:43:10,924 - Test cell ID: 17
2025-05-14 03:43:10,925 - Test size: 22872
2025-05-14 03:43:10,927 - Test base size: 11139
2025-05-14 03:43:10,928 - Test update1 size: 6312
2025-05-14 03:43:10,929 - Test update2 size: 5421
