2025-06-14 11:21:30,900 - ==== Regular LSTM Training Phase ====
2025-06-14 11:22:21,309 - Base train IDs: ['03', '05', '07', '09', '11', '15', '21', '23', '25', '27', '29']
2025-06-14 11:22:21,327 - Base train size: 205644
2025-06-14 11:22:21,328 - Base val IDs: ['01', '19', '13']
2025-06-14 11:22:21,328 - Base val size: 58177
2025-06-14 11:22:21,328 - Update1 train IDs: []
2025-06-14 11:22:21,328 - Update1 train size: 0
2025-06-14 11:22:21,328 - Update1 val IDs: []
2025-06-14 11:22:21,328 - Update1 val size: 0
2025-06-14 11:22:21,328 - Update2 train IDs: []
2025-06-14 11:22:21,328 - Update2 train size: 0
2025-06-14 11:22:21,328 - Update2 val IDs: []
2025-06-14 11:22:21,328 - Update2 val size: 0
2025-06-14 11:22:25,075 - Test cell ID: 17
2025-06-14 11:22:25,101 - Test size: 22872
2025-06-14 11:22:25,101 - Test base size: 11139
2025-06-14 11:22:25,101 - Test update1 size: 6312
2025-06-14 11:22:25,101 - Test update2 size: 5421
2025-06-14 11:26:04,583 - Epoch 1, Train Loss: 2.2571e-02, Val Loss: 1.8462e-03, LR: 1.0000e-04, Time: 217.25s
2025-06-14 11:31:02,021 - Epoch 2, Train Loss: 6.4996e-03, Val Loss: 1.5726e-03, LR: 1.0000e-04, Time: 296.80s
