2025-08-16 15:37:58,946 - INFO - ==== Incremental Training (SI + KD via IncTrainer) ====
2025-08-16 15:37:58,955 - INFO - Number of tasks: 3
2025-08-16 15:39:26,942 - INFO - Incremental training - Task 0 Train IDs: ['03', '27', '05', '21', '11'], size: 107395
2025-08-16 15:39:26,943 - INFO - Incremental training - Task 0 Val IDs: ['01'], size: 20028
2025-08-16 15:39:26,944 - INFO - Incremental training - Test Task 0 size: 8584
2025-08-16 15:39:26,945 - INFO - Incremental training - Task 1 Train IDs: ['09', '29', '25'], size: 41175
2025-08-16 15:39:26,946 - INFO - Incremental training - Task 1 Val IDs: ['19'], size: 16183
2025-08-16 15:39:26,948 - INFO - Incremental training - Test Task 1 size: 6937
2025-08-16 15:39:26,952 - INFO - Incremental training - Task 2 Train IDs: ['15', '07', '23'], size: 57074
2025-08-16 15:39:26,954 - INFO - Incremental training - Task 2 Val IDs: ['13'], size: 4511
2025-08-16 15:39:26,956 - INFO - Incremental training - Test Task 2 size: 1934
2025-08-16 15:39:26,972 - INFO -   (Scaler) Scaler centers: [ 3.3374245   0.101279   27.50083333]
2025-08-16 15:39:26,978 - INFO -   (Scaler) Scaler scales: [0.18253608 1.77971742 1.05683333]
2025-08-16 15:39:27,443 - INFO - ========== Model Structure ==========
2025-08-16 15:39:27,444 - INFO - 
SOHLSTM(
  (lstm): LSTM(3, 128, num_layers=2, batch_first=True, dropout=0.3)
  (fc): Sequential(
    (0): Linear(in_features=128, out_features=64, bias=True)
    (1): LeakyReLU(negative_slope=0.01)
    (2): Dropout(p=0.3, inplace=False)
    (3): Linear(in_features=64, out_features=1, bias=True)
  )
)
2025-08-16 15:39:27,445 - INFO - =====================================
2025-08-16 15:39:27,446 - INFO - ====== Model Parameters Details ======
2025-08-16 15:39:27,447 - INFO - lstm.weight_ih_l0                                  | trainable |     1536 params
2025-08-16 15:39:27,449 - INFO - lstm.weight_hh_l0                                  | trainable |    65536 params
2025-08-16 15:39:27,450 - INFO - lstm.bias_ih_l0                                    | trainable |      512 params
2025-08-16 15:39:27,451 - INFO - lstm.bias_hh_l0                                    | trainable |      512 params
2025-08-16 15:39:27,452 - INFO - lstm.weight_ih_l1                                  | trainable |    65536 params
2025-08-16 15:39:27,454 - INFO - lstm.weight_hh_l1                                  | trainable |    65536 params
2025-08-16 15:39:27,455 - INFO - lstm.bias_ih_l1                                    | trainable |      512 params
2025-08-16 15:39:27,456 - INFO - lstm.bias_hh_l1                                    | trainable |      512 params
2025-08-16 15:39:27,457 - INFO - fc.0.weight                                        | trainable |     8192 params
2025-08-16 15:39:27,458 - INFO - fc.0.bias                                          | trainable |       64 params
2025-08-16 15:39:27,459 - INFO - fc.3.weight                                        | trainable |       64 params
2025-08-16 15:39:27,460 - INFO - fc.3.bias                                          | trainable |        1 params
2025-08-16 15:39:27,462 - INFO - --------------------------------------------------------------------------------
2025-08-16 15:39:27,463 - INFO - Total params:                                          208513 params (only trainable)
2025-08-16 15:39:27,464 - INFO - =====================================
2025-08-16 15:43:21,705 - INFO - [Task 0][Epoch 0] train=5.2254e-02 val=1.6397e-03 | KL=0.000 | Lambda: KD=0.0000e+00 SI=0.0000e+00 | Ratio: KD=0.00% SI=0.00% | lr=5.00e-05 time=101.37s
2025-08-16 15:45:03,290 - INFO - [Task 0][Epoch 1] train=9.7881e-03 val=5.4201e-04 | KL=0.000 | Lambda: KD=0.0000e+00 SI=0.0000e+00 | Ratio: KD=0.00% SI=0.00% | lr=5.00e-05 time=101.54s
2025-08-16 15:46:50,357 - INFO - [Task 0][Epoch 2] train=6.9406e-03 val=3.7465e-04 | KL=0.000 | Lambda: KD=0.0000e+00 SI=0.0000e+00 | Ratio: KD=0.00% SI=0.00% | lr=5.00e-05 time=107.04s
2025-08-16 15:48:36,406 - INFO - [Task 0][Epoch 3] train=6.0860e-03 val=7.1794e-04 | KL=0.000 | Lambda: KD=0.0000e+00 SI=0.0000e+00 | Ratio: KD=0.00% SI=0.00% | lr=5.00e-05 time=106.01s
2025-08-16 15:50:21,091 - INFO - [Task 0][Epoch 4] train=5.3302e-03 val=1.0879e-03 | KL=0.000 | Lambda: KD=0.0000e+00 SI=0.0000e+00 | Ratio: KD=0.00% SI=0.00% | lr=5.00e-05 time=104.67s
2025-08-16 15:52:11,719 - INFO - [Task 0][Epoch 5] train=4.7500e-03 val=2.4038e-04 | KL=0.000 | Lambda: KD=0.0000e+00 SI=0.0000e+00 | Ratio: KD=0.00% SI=0.00% | lr=5.00e-05 time=110.62s
2025-08-16 15:54:13,521 - INFO - [Task 0][Epoch 6] train=3.9479e-03 val=2.7289e-04 | KL=0.000 | Lambda: KD=0.0000e+00 SI=0.0000e+00 | Ratio: KD=0.00% SI=0.00% | lr=5.00e-05 time=121.74s
2025-08-16 15:56:26,566 - INFO - [Task 0][Epoch 7] train=3.3024e-03 val=2.8707e-04 | KL=0.000 | Lambda: KD=0.0000e+00 SI=0.0000e+00 | Ratio: KD=0.00% SI=0.00% | lr=5.00e-05 time=133.04s
2025-08-16 15:59:42,495 - INFO - [Task 0][Epoch 8] train=2.8989e-03 val=3.8603e-04 | KL=0.000 | Lambda: KD=0.0000e+00 SI=0.0000e+00 | Ratio: KD=0.00% SI=0.00% | lr=5.00e-05 time=195.92s
2025-08-16 16:03:23,350 - INFO - [Task 0][Epoch 9] train=2.4792e-03 val=4.7059e-04 | KL=0.000 | Lambda: KD=0.0000e+00 SI=0.0000e+00 | Ratio: KD=0.00% SI=0.00% | lr=5.00e-05 time=220.83s
2025-08-16 16:07:04,546 - INFO - [Task 0][Epoch 10] train=2.1016e-03 val=3.2091e-04 | KL=0.000 | Lambda: KD=0.0000e+00 SI=0.0000e+00 | Ratio: KD=0.00% SI=0.00% | lr=5.00e-05 time=221.17s
2025-08-16 16:10:42,415 - INFO - [Task 0][Epoch 11] train=1.7586e-03 val=5.7318e-04 | KL=0.000 | Lambda: KD=0.0000e+00 SI=0.0000e+00 | Ratio: KD=0.00% SI=0.00% | lr=2.50e-05 time=217.83s
2025-08-16 16:14:13,277 - INFO - [Task 0][Epoch 12] train=1.4904e-03 val=4.3886e-04 | KL=0.000 | Lambda: KD=0.0000e+00 SI=0.0000e+00 | Ratio: KD=0.00% SI=0.00% | lr=2.50e-05 time=210.85s
2025-08-16 16:17:49,688 - INFO - [Task 0][Epoch 13] train=1.3589e-03 val=3.9898e-04 | KL=0.000 | Lambda: KD=0.0000e+00 SI=0.0000e+00 | Ratio: KD=0.00% SI=0.00% | lr=2.50e-05 time=216.39s
2025-08-16 16:21:19,574 - INFO - [Task 0][Epoch 14] train=1.2419e-03 val=3.1853e-04 | KL=0.000 | Lambda: KD=0.0000e+00 SI=0.0000e+00 | Ratio: KD=0.00% SI=0.00% | lr=2.50e-05 time=209.86s
2025-08-16 16:24:44,534 - INFO - [Task 0][Epoch 15] train=1.1449e-03 val=6.5294e-04 | KL=0.000 | Lambda: KD=0.0000e+00 SI=0.0000e+00 | Ratio: KD=0.00% SI=0.00% | lr=2.50e-05 time=204.95s
2025-08-16 16:27:36,153 - INFO - [Task 0][Epoch 16] train=1.0387e-03 val=4.7285e-04 | KL=0.000 | Lambda: KD=0.0000e+00 SI=0.0000e+00 | Ratio: KD=0.00% SI=0.00% | lr=2.50e-05 time=171.60s
2025-08-16 16:29:32,202 - INFO - [Task 0][Epoch 17] train=9.6082e-04 val=7.2000e-04 | KL=0.000 | Lambda: KD=0.0000e+00 SI=0.0000e+00 | Ratio: KD=0.00% SI=0.00% | lr=1.25e-05 time=116.03s
2025-08-16 16:31:25,045 - INFO - [Task 0][Epoch 18] train=8.8064e-04 val=1.3992e-03 | KL=0.000 | Lambda: KD=0.0000e+00 SI=0.0000e+00 | Ratio: KD=0.00% SI=0.00% | lr=1.25e-05 time=112.84s
2025-08-16 16:33:07,910 - INFO - [Task 0][Epoch 19] train=8.4158e-04 val=1.7387e-03 | KL=0.000 | Lambda: KD=0.0000e+00 SI=0.0000e+00 | Ratio: KD=0.00% SI=0.00% | lr=1.25e-05 time=102.86s
2025-08-16 16:34:49,342 - INFO - [Task 0][Epoch 20] train=8.1698e-04 val=3.4222e-04 | KL=0.000 | Lambda: KD=0.0000e+00 SI=0.0000e+00 | Ratio: KD=0.00% SI=0.00% | lr=1.25e-05 time=101.43s
2025-08-16 16:36:30,964 - INFO - [Task 0][Epoch 21] train=7.7204e-04 val=2.7500e-03 | KL=0.000 | Lambda: KD=0.0000e+00 SI=0.0000e+00 | Ratio: KD=0.00% SI=0.00% | lr=1.25e-05 time=101.62s
2025-08-16 16:38:13,017 - INFO - [Task 0][Epoch 22] train=7.4549e-04 val=1.6092e-03 | KL=0.000 | Lambda: KD=0.0000e+00 SI=0.0000e+00 | Ratio: KD=0.00% SI=0.00% | lr=1.25e-05 time=102.05s
2025-08-16 16:39:57,255 - INFO - [Task 0][Epoch 23] train=7.2313e-04 val=1.6191e-03 | KL=0.000 | Lambda: KD=0.0000e+00 SI=0.0000e+00 | Ratio: KD=0.00% SI=0.00% | lr=6.25e-06 time=104.21s
2025-08-16 16:41:40,651 - INFO - [Task 0][Epoch 24] train=6.9636e-04 val=1.6526e-03 | KL=0.000 | Lambda: KD=0.0000e+00 SI=0.0000e+00 | Ratio: KD=0.00% SI=0.00% | lr=6.25e-06 time=103.40s
2025-08-16 16:43:24,168 - INFO - [Task 0][Epoch 25] train=6.9114e-04 val=1.6169e-03 | KL=0.000 | Lambda: KD=0.0000e+00 SI=0.0000e+00 | Ratio: KD=0.00% SI=0.00% | lr=6.25e-06 time=103.51s
2025-08-16 16:43:24,177 - INFO - [Task 0] Early stopping at epoch 25
2025-08-16 16:45:30,945 - INFO - [Task 1][Epoch 0] train=4.8850e-03 val=7.5357e-04 | KL=5.516 | Lambda: KD=0.0000e+00 SI=0.0000e+00 | Ratio: KD=0.00% SI=0.00% | lr=5.00e-05 time=86.67s
2025-08-16 16:47:12,041 - INFO - [Task 1][Epoch 1] train=4.3209e-03 val=9.6871e-04 | KL=5.508 | Lambda: KD=5.6340e-04 SI=1.2299e-04 | Ratio: KD=0.13% SI=0.00% | lr=5.00e-05 time=100.98s
2025-08-16 16:48:53,717 - INFO - [Task 1][Epoch 2] train=4.0519e-03 val=1.0436e-03 | KL=5.516 | Lambda: KD=1.1326e-03 SI=2.4414e-04 | Ratio: KD=0.27% SI=0.00% | lr=5.00e-05 time=101.65s
2025-08-16 16:50:38,053 - INFO - [Task 1][Epoch 3] train=3.8577e-03 val=6.8195e-04 | KL=5.517 | Lambda: KD=1.7053e-03 SI=3.6420e-04 | Ratio: KD=0.42% SI=0.01% | lr=5.00e-05 time=104.30s
2025-08-16 16:52:23,459 - INFO - [Task 1][Epoch 4] train=3.7082e-03 val=7.9505e-04 | KL=5.516 | Lambda: KD=2.2644e-03 SI=4.8854e-04 | Ratio: KD=0.58% SI=0.01% | lr=5.00e-05 time=105.25s
2025-08-16 16:54:05,426 - INFO - [Task 1][Epoch 5] train=3.4848e-03 val=6.2582e-04 | KL=5.516 | Lambda: KD=2.8147e-03 SI=6.1565e-04 | Ratio: KD=0.76% SI=0.02% | lr=5.00e-05 time=101.94s
2025-08-16 16:55:46,803 - INFO - [Task 1][Epoch 6] train=3.4947e-03 val=7.3997e-04 | KL=5.499 | Lambda: KD=3.3692e-03 SI=7.4143e-04 | Ratio: KD=0.91% SI=0.03% | lr=5.00e-05 time=101.23s
2025-08-16 16:57:27,446 - INFO - [Task 1][Epoch 7] train=3.2851e-03 val=6.0201e-04 | KL=5.515 | Lambda: KD=3.9624e-03 SI=8.5506e-04 | Ratio: KD=1.12% SI=0.05% | lr=5.00e-05 time=100.62s
2025-08-16 16:59:06,919 - INFO - [Task 1][Epoch 8] train=3.0122e-03 val=6.8903e-04 | KL=5.514 | Lambda: KD=4.5211e-03 SI=9.7953e-04 | Ratio: KD=1.40% SI=0.08% | lr=5.00e-05 time=99.30s
2025-08-16 17:00:50,255 - INFO - [Task 1][Epoch 9] train=2.7786e-03 val=1.2057e-03 | KL=5.509 | Lambda: KD=5.0773e-03 SI=1.1048e-03 | Ratio: KD=1.69% SI=0.12% | lr=5.00e-05 time=103.32s
2025-08-16 17:02:34,309 - INFO - [Task 1][Epoch 10] train=2.7215e-03 val=5.4269e-04 | KL=5.510 | Lambda: KD=5.6350e-03 SI=1.2296e-03 | Ratio: KD=1.92% SI=0.16% | lr=5.00e-05 time=104.01s
2025-08-16 17:04:17,139 - INFO - [Task 1][Epoch 11] train=2.5417e-03 val=6.6436e-04 | KL=5.515 | Lambda: KD=5.6688e-03 SI=1.2189e-03 | Ratio: KD=2.06% SI=0.19% | lr=5.00e-05 time=102.66s
2025-08-16 17:06:02,093 - INFO - [Task 1][Epoch 12] train=2.3996e-03 val=5.4416e-04 | KL=5.520 | Lambda: KD=5.6784e-03 SI=1.2159e-03 | Ratio: KD=2.18% SI=0.23% | lr=5.00e-05 time=104.94s
2025-08-16 17:07:49,321 - INFO - [Task 1][Epoch 13] train=2.2594e-03 val=6.0949e-04 | KL=5.513 | Lambda: KD=5.6507e-03 SI=1.2246e-03 | Ratio: KD=2.30% SI=0.29% | lr=5.00e-05 time=107.20s
2025-08-16 17:09:35,534 - INFO - [Task 1][Epoch 14] train=2.0515e-03 val=5.1909e-04 | KL=5.509 | Lambda: KD=5.6411e-03 SI=1.2276e-03 | Ratio: KD=2.52% SI=0.36% | lr=5.00e-05 time=106.18s
2025-08-16 17:11:22,225 - INFO - [Task 1][Epoch 15] train=1.8708e-03 val=5.4176e-04 | KL=5.508 | Lambda: KD=5.6415e-03 SI=1.2275e-03 | Ratio: KD=2.77% SI=0.44% | lr=5.00e-05 time=106.50s
2025-08-16 17:13:07,924 - INFO - [Task 1][Epoch 16] train=1.7134e-03 val=3.9386e-04 | KL=5.513 | Lambda: KD=5.6646e-03 SI=1.2203e-03 | Ratio: KD=3.03% SI=0.53% | lr=5.00e-05 time=105.67s
2025-08-16 17:14:37,504 - INFO - [Task 1][Epoch 17] train=1.6099e-03 val=4.1737e-04 | KL=5.514 | Lambda: KD=5.6468e-03 SI=1.2258e-03 | Ratio: KD=3.20% SI=0.63% | lr=5.00e-05 time=89.42s
2025-08-16 17:16:23,551 - INFO - [Task 1][Epoch 18] train=1.4735e-03 val=7.8853e-04 | KL=5.512 | Lambda: KD=5.6479e-03 SI=1.2255e-03 | Ratio: KD=3.48% SI=0.76% | lr=5.00e-05 time=106.03s
2025-08-16 17:17:52,127 - INFO - [Task 1][Epoch 19] train=1.3815e-03 val=9.1723e-04 | KL=5.514 | Lambda: KD=5.6319e-03 SI=1.2305e-03 | Ratio: KD=3.68% SI=0.89% | lr=5.00e-05 time=88.55s
2025-08-16 17:19:39,285 - INFO - [Task 1][Epoch 20] train=1.2984e-03 val=3.3549e-04 | KL=5.517 | Lambda: KD=5.6701e-03 SI=1.2185e-03 | Ratio: KD=3.89% SI=1.03% | lr=5.00e-05 time=107.13s
2025-08-16 17:21:28,806 - INFO - [Task 1][Epoch 21] train=1.1893e-03 val=1.6075e-04 | KL=5.507 | Lambda: KD=5.6229e-03 SI=1.2334e-03 | Ratio: KD=4.22% SI=1.23% | lr=5.00e-05 time=109.32s
2025-08-16 17:23:17,600 - INFO - [Task 1][Epoch 22] train=1.1474e-03 val=2.0427e-04 | KL=5.514 | Lambda: KD=5.6467e-03 SI=1.2259e-03 | Ratio: KD=4.34% SI=1.37% | lr=5.00e-05 time=108.59s
2025-08-16 17:25:03,717 - INFO - [Task 1][Epoch 23] train=1.0411e-03 val=3.7390e-04 | KL=5.515 | Lambda: KD=5.6468e-03 SI=1.2258e-03 | Ratio: KD=4.80% SI=1.62% | lr=5.00e-05 time=106.09s
2025-08-16 17:26:50,687 - INFO - [Task 1][Epoch 24] train=1.0613e-03 val=7.2025e-04 | KL=5.510 | Lambda: KD=5.6383e-03 SI=1.2285e-03 | Ratio: KD=4.66% SI=1.71% | lr=5.00e-05 time=106.95s
2025-08-16 17:28:41,773 - INFO - [Task 1][Epoch 25] train=9.5845e-04 val=4.8142e-04 | KL=5.508 | Lambda: KD=5.6301e-03 SI=1.2311e-03 | Ratio: KD=5.12% SI=2.02% | lr=5.00e-05 time=110.73s
2025-08-16 17:30:29,820 - INFO - [Task 1][Epoch 26] train=9.1440e-04 val=4.0398e-04 | KL=5.515 | Lambda: KD=5.6399e-03 SI=1.2280e-03 | Ratio: KD=5.33% SI=2.24% | lr=5.00e-05 time=108.01s
2025-08-16 17:32:17,438 - INFO - [Task 1][Epoch 27] train=8.7402e-04 val=2.5214e-04 | KL=5.505 | Lambda: KD=5.6295e-03 SI=1.2313e-03 | Ratio: KD=5.58% SI=2.49% | lr=2.50e-05 time=107.58s
2025-08-16 17:34:03,427 - INFO - [Task 1][Epoch 28] train=7.8840e-04 val=2.4184e-04 | KL=5.506 | Lambda: KD=5.6435e-03 SI=1.2269e-03 | Ratio: KD=6.19% SI=2.86% | lr=2.50e-05 time=105.96s
2025-08-16 17:35:48,956 - INFO - [Task 1][Epoch 29] train=7.1566e-04 val=3.0750e-04 | KL=5.512 | Lambda: KD=5.6385e-03 SI=1.2285e-03 | Ratio: KD=6.87% SI=3.25% | lr=2.50e-05 time=105.51s
2025-08-16 17:37:35,678 - INFO - [Task 1][Epoch 30] train=7.1335e-04 val=1.9855e-04 | KL=5.509 | Lambda: KD=5.6360e-03 SI=1.2292e-03 | Ratio: KD=6.82% SI=3.35% | lr=2.50e-05 time=106.69s
2025-08-16 17:39:22,208 - INFO - [Task 1][Epoch 31] train=6.8475e-04 val=1.3692e-04 | KL=5.511 | Lambda: KD=5.6730e-03 SI=1.2176e-03 | Ratio: KD=7.12% SI=3.55% | lr=2.50e-05 time=106.51s
2025-08-16 17:41:08,911 - INFO - [Task 1][Epoch 32] train=6.6101e-04 val=3.2119e-04 | KL=5.512 | Lambda: KD=5.6596e-03 SI=1.2218e-03 | Ratio: KD=7.35% SI=3.79% | lr=2.50e-05 time=106.52s
2025-08-16 17:42:39,680 - INFO - [Task 1][Epoch 33] train=6.8453e-04 val=1.7452e-04 | KL=5.517 | Lambda: KD=5.6726e-03 SI=1.2177e-03 | Ratio: KD=7.12% SI=3.74% | lr=2.50e-05 time=90.75s
2025-08-16 17:44:11,785 - INFO - [Task 1][Epoch 34] train=6.4959e-04 val=1.7413e-04 | KL=5.514 | Lambda: KD=5.6663e-03 SI=1.2197e-03 | Ratio: KD=7.47% SI=4.04% | lr=2.50e-05 time=92.09s
2025-08-16 17:45:56,497 - INFO - [Task 1][Epoch 35] train=6.4239e-04 val=2.9839e-04 | KL=5.511 | Lambda: KD=5.6549e-03 SI=1.2233e-03 | Ratio: KD=7.52% SI=4.19% | lr=2.50e-05 time=104.69s
2025-08-16 17:47:41,990 - INFO - [Task 1][Epoch 36] train=6.0826e-04 val=2.3986e-04 | KL=5.522 | Lambda: KD=5.6902e-03 SI=1.2122e-03 | Ratio: KD=7.95% SI=4.47% | lr=2.50e-05 time=105.47s
2025-08-16 17:49:26,676 - INFO - [Task 1][Epoch 37] train=6.0925e-04 val=4.7768e-04 | KL=5.512 | Lambda: KD=5.6569e-03 SI=1.2227e-03 | Ratio: KD=7.95% SI=4.60% | lr=1.25e-05 time=104.66s
2025-08-16 17:51:12,383 - INFO - [Task 1][Epoch 38] train=5.6875e-04 val=3.7846e-04 | KL=5.522 | Lambda: KD=5.6911e-03 SI=1.2119e-03 | Ratio: KD=8.48% SI=4.95% | lr=1.25e-05 time=105.68s
2025-08-16 17:52:56,968 - INFO - [Task 1][Epoch 39] train=5.6218e-04 val=1.8483e-04 | KL=5.515 | Lambda: KD=5.6443e-03 SI=1.2266e-03 | Ratio: KD=8.56% SI=5.11% | lr=1.25e-05 time=104.57s
2025-08-16 17:54:42,210 - INFO - [Task 1][Epoch 40] train=5.6073e-04 val=3.4118e-04 | KL=5.517 | Lambda: KD=5.6672e-03 SI=1.2194e-03 | Ratio: KD=8.57% SI=5.15% | lr=1.25e-05 time=105.21s
2025-08-16 17:56:28,098 - INFO - [Task 1][Epoch 41] train=5.5606e-04 val=3.1544e-04 | KL=5.505 | Lambda: KD=5.6256e-03 SI=1.2325e-03 | Ratio: KD=8.64% SI=5.29% | lr=1.25e-05 time=105.86s
2025-08-16 17:58:12,526 - INFO - [Task 1][Epoch 42] train=5.4323e-04 val=9.3471e-04 | KL=5.509 | Lambda: KD=5.6381e-03 SI=1.2286e-03 | Ratio: KD=8.84% SI=5.45% | lr=1.25e-05 time=104.40s
2025-08-16 17:59:56,255 - INFO - [Task 1][Epoch 43] train=5.2888e-04 val=4.3672e-04 | KL=5.516 | Lambda: KD=5.6627e-03 SI=1.2208e-03 | Ratio: KD=9.09% SI=5.60% | lr=6.25e-06 time=103.69s
2025-08-16 18:01:39,147 - INFO - [Task 1][Epoch 44] train=5.2567e-04 val=5.2520e-04 | KL=5.508 | Lambda: KD=5.6420e-03 SI=1.2274e-03 | Ratio: KD=9.15% SI=5.70% | lr=6.25e-06 time=102.88s
2025-08-16 18:03:23,423 - INFO - [Task 1][Epoch 45] train=5.2042e-04 val=6.7120e-04 | KL=5.521 | Lambda: KD=5.6835e-03 SI=1.2143e-03 | Ratio: KD=9.26% SI=5.72% | lr=6.25e-06 time=104.26s
2025-08-16 18:05:06,808 - INFO - [Task 1][Epoch 46] train=5.2318e-04 val=3.2887e-04 | KL=5.509 | Lambda: KD=5.6515e-03 SI=1.2244e-03 | Ratio: KD=9.20% SI=5.76% | lr=6.25e-06 time=103.36s
2025-08-16 18:06:48,430 - INFO - [Task 1][Epoch 47] train=5.1630e-04 val=4.7315e-04 | KL=5.504 | Lambda: KD=5.6366e-03 SI=1.2291e-03 | Ratio: KD=9.34% SI=5.88% | lr=6.25e-06 time=101.60s
2025-08-16 18:08:28,816 - INFO - [Task 1][Epoch 48] train=5.1873e-04 val=4.9780e-04 | KL=5.514 | Lambda: KD=5.6639e-03 SI=1.2205e-03 | Ratio: KD=9.26% SI=5.84% | lr=6.25e-06 time=100.37s
2025-08-16 18:10:11,826 - INFO - [Task 1][Epoch 49] train=5.1401e-04 val=5.1425e-04 | KL=5.518 | Lambda: KD=5.6805e-03 SI=1.2152e-03 | Ratio: KD=9.34% SI=5.89% | lr=3.13e-06 time=102.98s
2025-08-16 18:11:55,958 - INFO - [Task 1][Epoch 50] train=4.9870e-04 val=3.8791e-04 | KL=5.517 | Lambda: KD=5.6531e-03 SI=1.2239e-03 | Ratio: KD=9.61% SI=6.13% | lr=3.13e-06 time=104.11s
2025-08-16 18:13:37,588 - INFO - [Task 1][Epoch 51] train=5.0887e-04 val=4.2038e-04 | KL=5.512 | Lambda: KD=5.6474e-03 SI=1.2257e-03 | Ratio: KD=9.48% SI=6.02% | lr=3.13e-06 time=101.61s
2025-08-16 18:13:37,607 - INFO - [Task 1] Early stopping at epoch 51
2025-08-16 18:16:11,075 - INFO - [Task 2][Epoch 0] train=9.3319e-04 val=2.4364e-03 | KL=0.346 | Lambda: KD=0.0000e+00 SI=0.0000e+00 | Ratio: KD=0.00% SI=0.00% | lr=5.00e-05 time=137.39s
2025-08-16 18:18:25,770 - INFO - [Task 2][Epoch 1] train=7.7965e-04 val=8.9572e-04 | KL=0.344 | Lambda: KD=8.1112e-04 SI=4.5042e-05 | Ratio: KD=0.15% SI=0.00% | lr=5.00e-05 time=134.56s
2025-08-16 18:20:31,737 - INFO - [Task 2][Epoch 2] train=6.6202e-04 val=1.5650e-03 | KL=0.341 | Lambda: KD=1.6223e-03 SI=9.0079e-05 | Ratio: KD=0.33% SI=0.01% | lr=5.00e-05 time=125.79s
2025-08-16 18:21:54,614 - INFO - [Task 2][Epoch 3] train=6.7953e-04 val=8.6547e-04 | KL=0.344 | Lambda: KD=2.4333e-03 SI=1.3513e-04 | Ratio: KD=0.49% SI=0.02% | lr=5.00e-05 time=82.87s
2025-08-16 18:23:17,564 - INFO - [Task 2][Epoch 4] train=5.8064e-04 val=1.6738e-03 | KL=0.346 | Lambda: KD=3.2445e-03 SI=1.8016e-04 | Ratio: KD=0.72% SI=0.04% | lr=5.00e-05 time=82.92s
2025-08-16 18:24:41,948 - INFO - [Task 2][Epoch 5] train=5.5331e-04 val=1.0266e-03 | KL=0.346 | Lambda: KD=4.0556e-03 SI=2.2520e-04 | Ratio: KD=0.93% SI=0.07% | lr=5.00e-05 time=84.38s
2025-08-16 18:26:04,969 - INFO - [Task 2][Epoch 6] train=5.1805e-04 val=6.4663e-04 | KL=0.351 | Lambda: KD=4.8666e-03 SI=2.7028e-04 | Ratio: KD=1.17% SI=0.11% | lr=5.00e-05 time=83.02s
2025-08-16 18:27:27,944 - INFO - [Task 2][Epoch 7] train=4.4959e-04 val=1.2486e-03 | KL=0.341 | Lambda: KD=5.6779e-03 SI=3.1528e-04 | Ratio: KD=1.53% SI=0.18% | lr=5.00e-05 time=82.94s
2025-08-16 18:28:50,586 - INFO - [Task 2][Epoch 8] train=4.9847e-04 val=1.0782e-03 | KL=0.345 | Lambda: KD=6.4890e-03 SI=3.6034e-04 | Ratio: KD=1.66% SI=0.22% | lr=5.00e-05 time=82.64s
2025-08-16 18:30:13,486 - INFO - [Task 2][Epoch 9] train=4.4502e-04 val=1.1625e-03 | KL=0.348 | Lambda: KD=7.3000e-03 SI=4.0540e-04 | Ratio: KD=2.01% SI=0.32% | lr=5.00e-05 time=82.90s
2025-08-16 18:31:36,370 - INFO - [Task 2][Epoch 10] train=3.7468e-04 val=7.0271e-04 | KL=0.346 | Lambda: KD=8.1112e-03 SI=4.5041e-04 | Ratio: KD=2.57% SI=0.49% | lr=5.00e-05 time=82.88s
2025-08-16 18:32:59,115 - INFO - [Task 2][Epoch 11] train=3.4196e-04 val=4.7366e-04 | KL=0.340 | Lambda: KD=8.1112e-03 SI=4.5043e-04 | Ratio: KD=2.80% SI=0.62% | lr=5.00e-05 time=82.74s
2025-08-16 18:34:22,685 - INFO - [Task 2][Epoch 12] train=3.2675e-04 val=4.9196e-04 | KL=0.343 | Lambda: KD=8.1112e-03 SI=4.5042e-04 | Ratio: KD=2.91% SI=0.74% | lr=5.00e-05 time=83.54s
2025-08-16 18:35:46,248 - INFO - [Task 2][Epoch 13] train=2.9528e-04 val=3.3622e-04 | KL=0.345 | Lambda: KD=8.1112e-03 SI=4.5043e-04 | Ratio: KD=3.20% SI=0.93% | lr=5.00e-05 time=83.56s
2025-08-16 18:37:09,355 - INFO - [Task 2][Epoch 14] train=2.7464e-04 val=5.6762e-04 | KL=0.343 | Lambda: KD=8.1112e-03 SI=4.5043e-04 | Ratio: KD=3.42% SI=1.11% | lr=5.00e-05 time=83.07s
2025-08-16 18:38:35,798 - INFO - [Task 2][Epoch 15] train=2.7211e-04 val=5.7733e-04 | KL=0.345 | Lambda: KD=8.1110e-03 SI=4.5050e-04 | Ratio: KD=3.47% SI=1.23% | lr=5.00e-05 time=86.44s
2025-08-16 18:40:01,242 - INFO - [Task 2][Epoch 16] train=2.4657e-04 val=4.0511e-04 | KL=0.340 | Lambda: KD=8.1112e-03 SI=4.5041e-04 | Ratio: KD=3.77% SI=1.47% | lr=5.00e-05 time=85.44s
2025-08-16 18:41:25,389 - INFO - [Task 2][Epoch 17] train=2.4132e-04 val=5.5015e-04 | KL=0.346 | Lambda: KD=8.1111e-03 SI=4.5045e-04 | Ratio: KD=3.85% SI=1.63% | lr=5.00e-05 time=84.15s
2025-08-16 18:42:48,725 - INFO - [Task 2][Epoch 18] train=2.2568e-04 val=3.9338e-04 | KL=0.346 | Lambda: KD=8.1111e-03 SI=4.5044e-04 | Ratio: KD=4.07% SI=1.88% | lr=5.00e-05 time=83.33s
2025-08-16 18:44:12,103 - INFO - [Task 2][Epoch 19] train=2.2967e-04 val=3.3060e-04 | KL=0.343 | Lambda: KD=8.1112e-03 SI=4.5044e-04 | Ratio: KD=4.06% SI=1.98% | lr=5.00e-05 time=83.38s
2025-08-16 18:45:35,452 - INFO - [Task 2][Epoch 20] train=2.3054e-04 val=2.4428e-04 | KL=0.345 | Lambda: KD=8.1111e-03 SI=4.5046e-04 | Ratio: KD=4.00% SI=2.09% | lr=5.00e-05 time=83.32s
2025-08-16 18:46:58,859 - INFO - [Task 2][Epoch 21] train=2.0730e-04 val=3.5214e-04 | KL=0.345 | Lambda: KD=8.1112e-03 SI=4.5043e-04 | Ratio: KD=4.40% SI=2.45% | lr=5.00e-05 time=83.37s
2025-08-16 18:48:22,393 - INFO - [Task 2][Epoch 22] train=1.9932e-04 val=3.1714e-04 | KL=0.347 | Lambda: KD=8.1112e-03 SI=4.5044e-04 | Ratio: KD=4.55% SI=2.69% | lr=5.00e-05 time=83.53s
2025-08-16 18:49:45,728 - INFO - [Task 2][Epoch 23] train=1.9253e-04 val=2.7562e-04 | KL=0.349 | Lambda: KD=8.1112e-03 SI=4.5044e-04 | Ratio: KD=4.73% SI=2.93% | lr=5.00e-05 time=83.33s
2025-08-16 18:51:08,652 - INFO - [Task 2][Epoch 24] train=1.9233e-04 val=2.9561e-04 | KL=0.345 | Lambda: KD=8.1111e-03 SI=4.5046e-04 | Ratio: KD=4.70% SI=3.08% | lr=5.00e-05 time=82.91s
2025-08-16 18:52:31,478 - INFO - [Task 2][Epoch 25] train=1.8642e-04 val=7.3369e-05 | KL=0.345 | Lambda: KD=8.1111e-03 SI=4.5045e-04 | Ratio: KD=4.88% SI=3.32% | lr=5.00e-05 time=82.82s
2025-08-16 18:53:53,995 - INFO - [Task 2][Epoch 26] train=1.7997e-04 val=1.7136e-04 | KL=0.346 | Lambda: KD=8.1112e-03 SI=4.5043e-04 | Ratio: KD=4.99% SI=3.58% | lr=5.00e-05 time=82.48s
2025-08-16 18:55:16,192 - INFO - [Task 2][Epoch 27] train=1.8935e-04 val=1.6493e-04 | KL=0.340 | Lambda: KD=8.1111e-03 SI=4.5045e-04 | Ratio: KD=4.76% SI=3.54% | lr=5.00e-05 time=82.19s
2025-08-16 18:56:37,946 - INFO - [Task 2][Epoch 28] train=1.7075e-04 val=1.7924e-04 | KL=0.345 | Lambda: KD=8.1111e-03 SI=4.5046e-04 | Ratio: KD=5.31% SI=4.08% | lr=5.00e-05 time=81.74s
2025-08-16 18:57:59,565 - INFO - [Task 2][Epoch 29] train=1.6799e-04 val=2.0475e-04 | KL=0.346 | Lambda: KD=8.1113e-03 SI=4.5040e-04 | Ratio: KD=5.37% SI=4.29% | lr=5.00e-05 time=81.62s
2025-08-16 18:59:21,006 - INFO - [Task 2][Epoch 30] train=1.7016e-04 val=1.3935e-04 | KL=0.343 | Lambda: KD=8.1110e-03 SI=4.5050e-04 | Ratio: KD=5.32% SI=4.38% | lr=5.00e-05 time=81.44s
2025-08-16 19:00:42,355 - INFO - [Task 2][Epoch 31] train=1.6824e-04 val=2.0318e-04 | KL=0.345 | Lambda: KD=8.1112e-03 SI=4.5043e-04 | Ratio: KD=5.37% SI=4.59% | lr=2.50e-05 time=81.35s
2025-08-16 19:02:03,528 - INFO - [Task 2][Epoch 32] train=1.4399e-04 val=9.9824e-05 | KL=0.342 | Lambda: KD=8.1111e-03 SI=4.5044e-04 | Ratio: KD=6.22% SI=5.50% | lr=2.50e-05 time=81.17s
2025-08-16 19:03:24,811 - INFO - [Task 2][Epoch 33] train=1.4169e-04 val=8.0137e-05 | KL=0.343 | Lambda: KD=8.1112e-03 SI=4.5042e-04 | Ratio: KD=6.33% SI=5.69% | lr=2.50e-05 time=81.28s
2025-08-16 19:04:45,954 - INFO - [Task 2][Epoch 34] train=1.4226e-04 val=7.8109e-05 | KL=0.348 | Lambda: KD=8.1112e-03 SI=4.5042e-04 | Ratio: KD=6.30% SI=5.75% | lr=2.50e-05 time=81.14s
2025-08-16 19:06:07,038 - INFO - [Task 2][Epoch 35] train=1.3599e-04 val=1.0132e-04 | KL=0.348 | Lambda: KD=8.1112e-03 SI=4.5041e-04 | Ratio: KD=6.56% SI=6.11% | lr=2.50e-05 time=81.08s
2025-08-16 19:07:28,184 - INFO - [Task 2][Epoch 36] train=1.3835e-04 val=1.2923e-04 | KL=0.344 | Lambda: KD=8.1112e-03 SI=4.5042e-04 | Ratio: KD=6.45% SI=6.10% | lr=2.50e-05 time=81.14s
2025-08-16 19:08:49,338 - INFO - [Task 2][Epoch 37] train=1.3478e-04 val=1.4196e-04 | KL=0.345 | Lambda: KD=8.1111e-03 SI=4.5044e-04 | Ratio: KD=6.64% SI=6.35% | lr=1.25e-05 time=81.15s
2025-08-16 19:10:10,530 - INFO - [Task 2][Epoch 38] train=1.2346e-04 val=1.3532e-04 | KL=0.344 | Lambda: KD=8.1111e-03 SI=4.5045e-04 | Ratio: KD=7.21% SI=7.01% | lr=1.25e-05 time=81.19s
2025-08-16 19:11:31,712 - INFO - [Task 2][Epoch 39] train=1.2445e-04 val=1.2596e-04 | KL=0.342 | Lambda: KD=8.1112e-03 SI=4.5043e-04 | Ratio: KD=7.14% SI=7.01% | lr=1.25e-05 time=81.16s
2025-08-16 19:12:52,813 - INFO - [Task 2][Epoch 40] train=1.2377e-04 val=9.5538e-05 | KL=0.347 | Lambda: KD=8.1113e-03 SI=4.5041e-04 | Ratio: KD=7.20% SI=7.11% | lr=1.25e-05 time=81.10s
2025-08-16 19:14:13,796 - INFO - [Task 2][Epoch 41] train=1.2107e-04 val=1.3566e-04 | KL=0.345 | Lambda: KD=8.1113e-03 SI=4.5041e-04 | Ratio: KD=7.35% SI=7.32% | lr=1.25e-05 time=80.98s
2025-08-16 19:15:34,934 - INFO - [Task 2][Epoch 42] train=1.2274e-04 val=1.2155e-04 | KL=0.346 | Lambda: KD=8.1112e-03 SI=4.5043e-04 | Ratio: KD=7.29% SI=7.27% | lr=1.25e-05 time=81.14s
2025-08-16 19:16:56,096 - INFO - [Task 2][Epoch 43] train=1.1875e-04 val=1.3005e-04 | KL=0.345 | Lambda: KD=8.1111e-03 SI=4.5046e-04 | Ratio: KD=7.51% SI=7.56% | lr=6.25e-06 time=81.16s
2025-08-16 19:18:17,206 - INFO - [Task 2][Epoch 44] train=1.1348e-04 val=1.3439e-04 | KL=0.345 | Lambda: KD=8.1111e-03 SI=4.5046e-04 | Ratio: KD=7.84% SI=7.95% | lr=6.25e-06 time=81.11s
2025-08-16 19:19:38,271 - INFO - [Task 2][Epoch 45] train=1.1439e-04 val=1.0904e-04 | KL=0.344 | Lambda: KD=8.1113e-03 SI=4.5040e-04 | Ratio: KD=7.78% SI=7.91% | lr=6.25e-06 time=81.06s
2025-08-16 19:19:38,273 - INFO - [Task 2] Early stopping at epoch 45
2025-08-16 19:19:57,077 - INFO - ==== Incremental Training Complete ====
2025-08-16 19:19:57,078 - INFO - Evaluating final model...
2025-08-16 19:19:57,080 - INFO - ==== Starting Comprehensive Evaluation ====
2025-08-16 19:19:57,104 - INFO - Evaluating model trained after task 0...
2025-08-16 19:20:03,581 - INFO - Full test set evaluation: MAE=8.2612e-02, R2=-0.5691
2025-08-16 19:20:09,119 - INFO -   Task 0 -> Test Task 0: MAE=2.9096e-02, R2=-32.1953
2025-08-16 19:20:10,912 - INFO -   Task 0 -> Test Task 1: MAE=7.7732e-02, R2=-12.4907
2025-08-16 19:20:11,263 - INFO -   Task 0 -> Test Task 2: MAE=2.6696e-01, R2=-103.0353
2025-08-16 19:20:11,266 - INFO - Evaluating model trained after task 1...
2025-08-16 19:20:17,720 - INFO - Full test set evaluation: MAE=2.5098e-02, R2=0.8807
2025-08-16 19:20:22,850 - INFO -   Task 1 -> Test Task 0: MAE=3.6018e-02, R2=-51.4714
2025-08-16 19:20:24,636 - INFO -   Task 1 -> Test Task 1: MAE=4.0997e-02, R2=-2.9902
2025-08-16 19:20:24,989 - INFO -   Task 1 -> Test Task 2: MAE=4.6729e-02, R2=-2.6915
2025-08-16 19:20:24,990 - INFO - Evaluating model trained after task 2...
2025-08-16 19:20:31,370 - INFO - Full test set evaluation: MAE=2.2953e-02, R2=0.8702
2025-08-16 19:20:36,752 - INFO -   Task 2 -> Test Task 0: MAE=3.7573e-02, R2=-63.6455
2025-08-16 19:20:38,539 - INFO -   Task 2 -> Test Task 1: MAE=1.2966e-02, R2=0.5171
2025-08-16 19:20:38,893 - INFO -   Task 2 -> Test Task 2: MAE=2.1549e-02, R2=0.2659
2025-08-16 19:20:38,895 - INFO - ==== Computing Continual Learning Metrics ====
2025-08-16 19:20:38,896 - INFO - Computing random initialization baselines...
2025-08-16 19:20:41,179 - INFO -   Baseline Task 0: R=-0.9732
2025-08-16 19:20:42,947 - INFO -   Baseline Task 1: R=-0.9253
2025-08-16 19:20:43,296 - INFO -   Baseline Task 2: R=-0.6923
2025-08-16 19:20:43,298 - INFO - ==== Continual Learning Results ====
2025-08-16 19:20:43,301 - INFO - BWT (Backward Transfer): 0.0098 (positive = backward gain)
2025-08-16 19:20:43,304 - INFO - FWT (Forward Transfer): 0.7465 (positive = beneficial transfer)
2025-08-16 19:20:43,307 - INFO - ACC (Average Accuracy): -0.0240
2025-08-16 19:20:43,310 - INFO - ==== Performance Matrix R[i][j] ====
2025-08-16 19:20:43,312 - INFO - Rows: trained after task i, Columns: evaluated on task j
2025-08-16 19:20:43,315 - INFO -        Task 0 Task 1 Task 2
2025-08-16 19:20:43,318 - INFO - Task 0: -0.0291 -0.0777 -0.2670
2025-08-16 19:20:43,322 - INFO - Task 1: -0.0360 -0.0410 -0.0467
2025-08-16 19:20:43,325 - INFO - Task 2: -0.0376 -0.0130 -0.0215
2025-08-16 19:20:43,384 - INFO - ==== Evaluation Complete ====
2025-08-16 19:20:43,386 - INFO - All results saved to: /beegfs/home/users/z/zzhuqshun/Thesis/final/108997/tryout_optuna_init_s_min0.15_lr5e-5/metrics
