2025-07-11 11:33:28,408 - ==== Regular LSTM Training Phase ====
2025-07-11 11:35:08,465 - Base train IDs: ['03', '05', '07', '09', '11', '15', '21', '23', '25', '27', '29']
2025-07-11 11:35:08,467 - Base val IDs: ['01', '19', '13']
2025-07-11 11:35:08,467 - Update1 train IDs: []
2025-07-11 11:35:08,468 - Update1 val IDs: []
2025-07-11 11:35:08,469 - Update2 train IDs: []
2025-07-11 11:35:08,470 - Update2 val IDs: []
2025-07-11 11:35:15,936 - Test cell ID: 17
2025-07-11 11:35:15,975 - [Scaler after fit] center_=[ 3.342422    0.17992967 27.75      ]
2025-07-11 11:35:15,981 - [Scaler after fit] scale_ =[0.18428363 1.77955483 1.81783333]
2025-07-11 11:35:15,982 - Resampling and scaling complete with RobustScaler
2025-07-11 11:35:15,984 - 
Creating dataset for base_train...
2025-07-11 11:35:20,606 - 
=== Dataset Statistics ===
2025-07-11 11:35:20,607 - Grouping mode: By Cell
2025-07-11 11:35:20,609 - Total cells: 11
2025-07-11 11:35:20,610 - Total samples created: 197724
2025-07-11 11:35:20,611 - Sequence length: 720
2025-07-11 11:35:20,612 - 
Per-cell breakdown:
2025-07-11 11:35:20,613 -   Cell 03: 22085 points → 21365 samples (dropped 720 at end)
2025-07-11 11:35:20,614 -   Cell 05: 23940 points → 23220 samples (dropped 720 at end)
2025-07-11 11:35:20,615 -   Cell 07: 24158 points → 23438 samples (dropped 720 at end)
2025-07-11 11:35:20,616 -   Cell 09: 14781 points → 14061 samples (dropped 720 at end)
2025-07-11 11:35:20,617 -   Cell 11: 16302 points → 15582 samples (dropped 720 at end)
2025-07-11 11:35:20,618 -   Cell 15: 8740 points → 8020 samples (dropped 720 at end)
2025-07-11 11:35:20,619 -   Cell 21: 23172 points → 22452 samples (dropped 720 at end)
2025-07-11 11:35:20,619 -   Cell 23: 24176 points → 23456 samples (dropped 720 at end)
2025-07-11 11:35:20,621 -   Cell 25: 18326 points → 17606 samples (dropped 720 at end)
2025-07-11 11:35:20,621 -   Cell 27: 21896 points → 21176 samples (dropped 720 at end)
2025-07-11 11:35:20,622 -   Cell 29: 8068 points → 7348 samples (dropped 720 at end)
2025-07-11 11:35:20,623 - 
Overall efficiency: 96.1% (197724/205644 points used)
2025-07-11 11:35:20,630 - Cell IDs: ['03', '05', '07', '09', '11', '15', '21', '23', '25', '27', '29']
2025-07-11 11:35:20,631 - ==============================
2025-07-11 11:35:20,632 - DataLoader for base_train: 197724 samples, 6179 batches (shuffle=True)
2025-07-11 11:35:20,634 - 
Creating dataset for base_val...
2025-07-11 11:35:21,975 - 
=== Dataset Statistics ===
2025-07-11 11:35:21,976 - Grouping mode: By Cell
2025-07-11 11:35:21,977 - Total cells: 3
2025-07-11 11:35:21,978 - Total samples created: 56017
2025-07-11 11:35:21,979 - Sequence length: 720
2025-07-11 11:35:21,979 - 
Per-cell breakdown:
2025-07-11 11:35:21,980 -   Cell 01: 28612 points → 27892 samples (dropped 720 at end)
2025-07-11 11:35:21,981 -   Cell 13: 6445 points → 5725 samples (dropped 720 at end)
2025-07-11 11:35:21,982 -   Cell 19: 23120 points → 22400 samples (dropped 720 at end)
2025-07-11 11:35:21,983 - 
Overall efficiency: 96.3% (56017/58177 points used)
2025-07-11 11:35:21,985 - Cell IDs: ['01', '13', '19']
2025-07-11 11:35:21,986 - ==============================
2025-07-11 11:35:21,987 - DataLoader for base_val: 56017 samples, 1751 batches (shuffle=False)
2025-07-11 11:35:21,988 - 
Creating dataset for test_full...
2025-07-11 11:35:22,435 - 
=== Dataset Statistics ===
2025-07-11 11:35:22,436 - Grouping mode: By Cell
2025-07-11 11:35:22,437 - Total cells: 1
2025-07-11 11:35:22,438 - Total samples created: 22152
2025-07-11 11:35:22,438 - Sequence length: 720
2025-07-11 11:35:22,439 - 
Per-cell breakdown:
2025-07-11 11:35:22,440 -   Cell 17: 22872 points → 22152 samples (dropped 720 at end)
2025-07-11 11:35:22,441 - 
Overall efficiency: 96.9% (22152/22872 points used)
2025-07-11 11:35:22,443 - Cell IDs: ['17']
2025-07-11 11:35:22,444 - ==============================
2025-07-11 11:35:22,445 - DataLoader for test_full: 22152 samples, 693 batches (shuffle=False)
2025-07-11 11:35:22,445 - 
Creating dataset for test_base...
2025-07-11 11:35:22,658 - 
=== Dataset Statistics ===
2025-07-11 11:35:22,659 - Grouping mode: By Cell
2025-07-11 11:35:22,660 - Total cells: 1
2025-07-11 11:35:22,661 - Total samples created: 10419
2025-07-11 11:35:22,661 - Sequence length: 720
2025-07-11 11:35:22,662 - 
Per-cell breakdown:
2025-07-11 11:35:22,662 -   Cell 17: 11139 points → 10419 samples (dropped 720 at end)
2025-07-11 11:35:22,663 - 
Overall efficiency: 93.5% (10419/11139 points used)
2025-07-11 11:35:22,664 - Cell IDs: ['17']
2025-07-11 11:35:22,665 - ==============================
2025-07-11 11:35:22,666 - DataLoader for test_base: 10419 samples, 326 batches (shuffle=False)
2025-07-11 11:35:22,667 - 
Creating dataset for test_update1...
2025-07-11 11:35:22,780 - 
=== Dataset Statistics ===
2025-07-11 11:35:22,781 - Grouping mode: By Cell
2025-07-11 11:35:22,782 - Total cells: 1
2025-07-11 11:35:22,783 - Total samples created: 5592
2025-07-11 11:35:22,784 - Sequence length: 720
2025-07-11 11:35:22,784 - 
Per-cell breakdown:
2025-07-11 11:35:22,785 -   Cell 17: 6312 points → 5592 samples (dropped 720 at end)
2025-07-11 11:35:22,786 - 
Overall efficiency: 88.6% (5592/6312 points used)
2025-07-11 11:35:22,787 - Cell IDs: ['17']
2025-07-11 11:35:22,788 - ==============================
2025-07-11 11:35:22,788 - DataLoader for test_update1: 5592 samples, 175 batches (shuffle=False)
2025-07-11 11:35:22,789 - 
Creating dataset for test_update2...
2025-07-11 11:35:22,885 - 
=== Dataset Statistics ===
2025-07-11 11:35:22,886 - Grouping mode: By Cell
2025-07-11 11:35:22,887 - Total cells: 1
2025-07-11 11:35:22,888 - Total samples created: 4701
2025-07-11 11:35:22,888 - Sequence length: 720
2025-07-11 11:35:22,889 - 
Per-cell breakdown:
2025-07-11 11:35:22,890 -   Cell 17: 5421 points → 4701 samples (dropped 720 at end)
2025-07-11 11:35:22,890 - 
Overall efficiency: 86.7% (4701/5421 points used)
2025-07-11 11:35:22,891 - Cell IDs: ['17']
2025-07-11 11:35:22,892 - ==============================
2025-07-11 11:35:22,893 - DataLoader for test_update2: 4701 samples, 147 batches (shuffle=False)
2025-07-11 11:38:57,629 - Epoch 001 | task 2.2875e-02 | kd 0.0000e+00 | ewc 0.0000e+00 | val 3.0131e-03 | lr 1.00e-04 | 168.98s
2025-07-11 11:41:42,349 - Epoch 002 | task 6.3554e-03 | kd 0.0000e+00 | ewc 0.0000e+00 | val 2.2910e-03 | lr 1.00e-04 | 164.62s
2025-07-11 11:44:31,387 - Epoch 003 | task 4.0138e-03 | kd 0.0000e+00 | ewc 0.0000e+00 | val 9.3793e-04 | lr 1.00e-04 | 168.96s
2025-07-11 11:47:20,273 - Epoch 004 | task 2.0643e-03 | kd 0.0000e+00 | ewc 0.0000e+00 | val 7.2618e-04 | lr 1.00e-04 | 168.74s
2025-07-11 11:50:07,163 - Epoch 005 | task 1.0965e-03 | kd 0.0000e+00 | ewc 0.0000e+00 | val 7.3430e-04 | lr 1.00e-04 | 166.72s
2025-07-11 11:52:54,580 - Epoch 006 | task 6.2293e-04 | kd 0.0000e+00 | ewc 0.0000e+00 | val 4.0717e-04 | lr 1.00e-04 | 167.32s
2025-07-11 11:55:41,186 - Epoch 007 | task 4.3780e-04 | kd 0.0000e+00 | ewc 0.0000e+00 | val 3.3770e-04 | lr 1.00e-04 | 166.47s
2025-07-11 11:58:27,195 - Epoch 008 | task 3.3373e-04 | kd 0.0000e+00 | ewc 0.0000e+00 | val 4.4328e-04 | lr 1.00e-04 | 165.90s
2025-07-11 12:01:14,401 - Epoch 009 | task 2.7706e-04 | kd 0.0000e+00 | ewc 0.0000e+00 | val 4.2246e-04 | lr 1.00e-04 | 165.73s
2025-07-11 12:03:59,755 - Epoch 010 | task 2.5170e-04 | kd 0.0000e+00 | ewc 0.0000e+00 | val 3.3870e-04 | lr 1.00e-04 | 165.25s
2025-07-11 12:06:44,838 - Epoch 011 | task 2.0426e-04 | kd 0.0000e+00 | ewc 0.0000e+00 | val 3.3881e-04 | lr 1.00e-04 | 165.01s
2025-07-11 12:09:34,042 - Epoch 012 | task 2.1834e-04 | kd 0.0000e+00 | ewc 0.0000e+00 | val 4.5783e-04 | lr 1.00e-04 | 169.14s
2025-07-11 12:12:20,760 - Epoch 013 | task 1.5318e-04 | kd 0.0000e+00 | ewc 0.0000e+00 | val 4.7584e-04 | lr 5.00e-05 | 166.61s
2025-07-11 12:15:06,938 - Epoch 014 | task 1.1693e-04 | kd 0.0000e+00 | ewc 0.0000e+00 | val 8.2416e-04 | lr 5.00e-05 | 166.13s
2025-07-11 12:17:53,525 - Epoch 015 | task 1.0841e-04 | kd 0.0000e+00 | ewc 0.0000e+00 | val 7.9616e-04 | lr 5.00e-05 | 166.49s
2025-07-11 12:20:40,298 - Epoch 016 | task 1.0497e-04 | kd 0.0000e+00 | ewc 0.0000e+00 | val 7.7351e-04 | lr 5.00e-05 | 166.70s
2025-07-11 12:23:28,257 - Epoch 017 | task 1.0202e-04 | kd 0.0000e+00 | ewc 0.0000e+00 | val 7.9021e-04 | lr 5.00e-05 | 167.88s
2025-07-11 12:26:14,796 - Epoch 018 | task 9.8806e-05 | kd 0.0000e+00 | ewc 0.0000e+00 | val 7.4624e-04 | lr 5.00e-05 | 166.45s
2025-07-11 12:29:01,583 - Epoch 019 | task 9.7911e-05 | kd 0.0000e+00 | ewc 0.0000e+00 | val 8.3980e-04 | lr 2.50e-05 | 166.70s
2025-07-11 12:31:46,784 - Epoch 020 | task 8.7438e-05 | kd 0.0000e+00 | ewc 0.0000e+00 | val 7.9106e-04 | lr 2.50e-05 | 165.15s
2025-07-11 12:34:30,819 - Epoch 021 | task 8.6659e-05 | kd 0.0000e+00 | ewc 0.0000e+00 | val 8.3897e-04 | lr 2.50e-05 | 163.96s
2025-07-11 12:37:15,943 - Epoch 022 | task 8.6021e-05 | kd 0.0000e+00 | ewc 0.0000e+00 | val 8.5405e-04 | lr 2.50e-05 | 165.04s
2025-07-11 12:40:03,951 - Epoch 023 | task 8.4756e-05 | kd 0.0000e+00 | ewc 0.0000e+00 | val 8.5087e-04 | lr 2.50e-05 | 167.95s
2025-07-11 12:42:51,456 - Epoch 024 | task 8.3710e-05 | kd 0.0000e+00 | ewc 0.0000e+00 | val 9.3011e-04 | lr 2.50e-05 | 167.45s
2025-07-11 12:45:37,296 - Epoch 025 | task 8.4717e-05 | kd 0.0000e+00 | ewc 0.0000e+00 | val 9.0143e-04 | lr 1.25e-05 | 165.77s
2025-07-11 12:48:24,772 - Epoch 026 | task 7.8379e-05 | kd 0.0000e+00 | ewc 0.0000e+00 | val 8.5881e-04 | lr 1.25e-05 | 167.42s
2025-07-11 12:51:13,489 - Epoch 027 | task 7.7815e-05 | kd 0.0000e+00 | ewc 0.0000e+00 | val 9.3505e-04 | lr 1.25e-05 | 168.64s
2025-07-11 12:51:15,727 - Early stopping at epoch 27
2025-07-11 12:51:26,625 - [Joint training best model predictions] RMSE: 2.4419e-02, MAE: 1.9050e-02, R2: 0.9158
