2025-08-11 14:42:25,094 - INFO - ==== Incremental Training (SI + KD via SITrainer) ====
2025-08-11 14:42:25,122 - INFO - Number of tasks: 3
2025-08-11 14:44:08,245 - INFO - Incremental training - Task 0 Train IDs: ['03', '27', '05', '21', '11'], size: 107395
2025-08-11 14:44:08,260 - INFO - Incremental training - Task 0 Val IDs: ['01'], size: 20028
2025-08-11 14:44:08,270 - INFO - Incremental training - Test Task 0 size: 8584
2025-08-11 14:44:08,275 - INFO - Incremental training - Task 1 Train IDs: ['09', '29', '25'], size: 41175
2025-08-11 14:44:08,279 - INFO - Incremental training - Task 1 Val IDs: ['19'], size: 16183
2025-08-11 14:44:08,288 - INFO - Incremental training - Test Task 1 size: 6937
2025-08-11 14:44:08,295 - INFO - Incremental training - Task 2 Train IDs: ['15', '07', '23'], size: 57074
2025-08-11 14:44:08,302 - INFO - Incremental training - Task 2 Val IDs: ['13'], size: 4511
2025-08-11 14:44:08,311 - INFO - Incremental training - Test Task 2 size: 1934
2025-08-11 14:44:08,342 - INFO -   (Scaler) Scaler centers: [ 3.3374245   0.101279   27.50083333]
2025-08-11 14:44:08,351 - INFO -   (Scaler) Scaler scales: [0.18253608 1.77971742 1.05683333]
2025-08-11 14:44:09,778 - INFO - ========== Model Structure ==========
2025-08-11 14:44:09,787 - INFO - 
SOHLSTM(
  (lstm): LSTM(3, 128, num_layers=2, batch_first=True, dropout=0.3)
  (fc): Sequential(
    (0): Linear(in_features=128, out_features=64, bias=True)
    (1): LeakyReLU(negative_slope=0.01)
    (2): Dropout(p=0.3, inplace=False)
    (3): Linear(in_features=64, out_features=1, bias=True)
  )
)
2025-08-11 14:44:09,797 - INFO - =====================================
2025-08-11 14:44:09,802 - INFO - ====== Model Parameters Details ======
2025-08-11 14:44:09,811 - INFO - lstm.weight_ih_l0                                  | trainable |     1536 params
2025-08-11 14:44:09,820 - INFO - lstm.weight_hh_l0                                  | trainable |    65536 params
2025-08-11 14:44:09,826 - INFO - lstm.bias_ih_l0                                    | trainable |      512 params
2025-08-11 14:44:09,832 - INFO - lstm.bias_hh_l0                                    | trainable |      512 params
2025-08-11 14:44:09,839 - INFO - lstm.weight_ih_l1                                  | trainable |    65536 params
2025-08-11 14:44:09,850 - INFO - lstm.weight_hh_l1                                  | trainable |    65536 params
2025-08-11 14:44:09,856 - INFO - lstm.bias_ih_l1                                    | trainable |      512 params
2025-08-11 14:44:09,867 - INFO - lstm.bias_hh_l1                                    | trainable |      512 params
2025-08-11 14:44:09,872 - INFO - fc.0.weight                                        | trainable |     8192 params
2025-08-11 14:44:09,881 - INFO - fc.0.bias                                          | trainable |       64 params
2025-08-11 14:44:09,889 - INFO - fc.3.weight                                        | trainable |       64 params
2025-08-11 14:44:09,895 - INFO - fc.3.bias                                          | trainable |        1 params
2025-08-11 14:44:09,905 - INFO - --------------------------------------------------------------------------------
2025-08-11 14:44:09,913 - INFO - Total params:                                          208513 params (only trainable)
2025-08-11 14:44:09,921 - INFO - =====================================
2025-08-11 14:44:09,928 - INFO - --- task0 (LWF alpha=0.0000, SI lambda=0.0000, SI epsilon=0.0000) ---
2025-08-11 14:52:44,900 - INFO - Epoch 0: SI penalty is 0.00% of task loss
2025-08-11 14:52:50,603 - INFO - Epoch 0 task=3.4183e-02 kd=0.0000e+00 si=0.0000e+00 val=1.8106e-03 lr=1.00e-04 time=184.36s
2025-08-11 14:55:53,402 - INFO - Epoch 1: SI penalty is 0.00% of task loss
2025-08-11 14:55:58,991 - INFO - Epoch 1 task=7.4524e-03 kd=0.0000e+00 si=0.0000e+00 val=9.6827e-04 lr=1.00e-04 time=178.62s
2025-08-11 14:58:27,576 - INFO - Epoch 2: SI penalty is 0.00% of task loss
2025-08-11 14:58:33,119 - INFO - Epoch 2 task=5.6415e-03 kd=0.0000e+00 si=0.0000e+00 val=1.1449e-03 lr=1.00e-04 time=148.46s
2025-08-11 15:00:47,891 - INFO - Epoch 3: SI penalty is 0.00% of task loss
2025-08-11 15:00:53,449 - INFO - Epoch 3 task=4.6389e-03 kd=0.0000e+00 si=0.0000e+00 val=5.0094e-04 lr=1.00e-04 time=134.78s
2025-08-11 15:03:08,909 - INFO - Epoch 4: SI penalty is 0.00% of task loss
2025-08-11 15:03:14,447 - INFO - Epoch 4 task=3.7085e-03 kd=0.0000e+00 si=0.0000e+00 val=1.0208e-03 lr=1.00e-04 time=135.37s
2025-08-11 15:05:30,801 - INFO - Epoch 5: SI penalty is 0.00% of task loss
2025-08-11 15:05:36,342 - INFO - Epoch 5 task=2.8454e-03 kd=0.0000e+00 si=0.0000e+00 val=3.8385e-04 lr=1.00e-04 time=136.35s
2025-08-11 15:08:33,760 - INFO - Epoch 6: SI penalty is 0.00% of task loss
2025-08-11 15:08:39,334 - INFO - Epoch 6 task=1.9421e-03 kd=0.0000e+00 si=0.0000e+00 val=3.4660e-04 lr=1.00e-04 time=177.37s
2025-08-11 15:11:59,225 - INFO - Epoch 7: SI penalty is 0.00% of task loss
2025-08-11 15:12:04,793 - INFO - Epoch 7 task=1.3745e-03 kd=0.0000e+00 si=0.0000e+00 val=2.3536e-04 lr=1.00e-04 time=199.72s
2025-08-11 15:15:37,777 - INFO - Epoch 8: SI penalty is 0.00% of task loss
2025-08-11 15:15:43,334 - INFO - Epoch 8 task=1.1364e-03 kd=0.0000e+00 si=0.0000e+00 val=2.8731e-04 lr=1.00e-04 time=212.81s
2025-08-11 15:19:07,123 - INFO - Epoch 9: SI penalty is 0.00% of task loss
2025-08-11 15:19:12,699 - INFO - Epoch 9 task=8.5875e-04 kd=0.0000e+00 si=0.0000e+00 val=9.2570e-04 lr=1.00e-04 time=203.81s
2025-08-11 15:22:31,338 - INFO - Epoch 10: SI penalty is 0.00% of task loss
2025-08-11 15:22:36,905 - INFO - Epoch 10 task=6.4584e-04 kd=0.0000e+00 si=0.0000e+00 val=9.1032e-04 lr=1.00e-04 time=198.65s
2025-08-11 15:25:45,560 - INFO - Epoch 11: SI penalty is 0.00% of task loss
2025-08-11 15:25:51,137 - INFO - Epoch 11 task=5.3215e-04 kd=0.0000e+00 si=0.0000e+00 val=1.2565e-03 lr=1.00e-04 time=188.65s
2025-08-11 15:27:38,276 - INFO - Epoch 12: SI penalty is 0.00% of task loss
2025-08-11 15:27:43,825 - INFO - Epoch 12 task=4.7213e-04 kd=0.0000e+00 si=0.0000e+00 val=8.5282e-03 lr=1.00e-04 time=107.12s
2025-08-11 15:29:22,325 - INFO - Epoch 13: SI penalty is 0.00% of task loss
2025-08-11 15:29:27,859 - INFO - Epoch 13 task=4.5206e-04 kd=0.0000e+00 si=0.0000e+00 val=2.6870e-03 lr=1.00e-04 time=98.50s
2025-08-11 15:31:07,920 - INFO - Epoch 14: SI penalty is 0.00% of task loss
2025-08-11 15:31:13,478 - INFO - Epoch 14 task=3.1625e-04 kd=0.0000e+00 si=0.0000e+00 val=1.1495e-02 lr=5.00e-05 time=100.06s
2025-08-11 15:32:53,924 - INFO - Epoch 15: SI penalty is 0.00% of task loss
2025-08-11 15:32:59,498 - INFO - Epoch 15 task=2.0442e-04 kd=0.0000e+00 si=0.0000e+00 val=1.1450e-02 lr=5.00e-05 time=100.45s
2025-08-11 15:34:38,721 - INFO - Epoch 16: SI penalty is 0.00% of task loss
2025-08-11 15:34:44,292 - INFO - Epoch 16 task=2.8454e-04 kd=0.0000e+00 si=0.0000e+00 val=5.0561e-03 lr=5.00e-05 time=99.22s
2025-08-11 15:36:22,881 - INFO - Epoch 17: SI penalty is 0.00% of task loss
2025-08-11 15:36:28,450 - INFO - Epoch 17 task=4.2232e-04 kd=0.0000e+00 si=0.0000e+00 val=7.1749e-03 lr=5.00e-05 time=98.59s
2025-08-11 15:38:07,325 - INFO - Epoch 18: SI penalty is 0.00% of task loss
2025-08-11 15:38:12,890 - INFO - Epoch 18 task=2.4178e-04 kd=0.0000e+00 si=0.0000e+00 val=7.7412e-03 lr=5.00e-05 time=98.88s
2025-08-11 15:39:52,808 - INFO - Epoch 19: SI penalty is 0.00% of task loss
2025-08-11 15:39:58,368 - INFO - Epoch 19 task=1.7374e-04 kd=0.0000e+00 si=0.0000e+00 val=8.2510e-03 lr=5.00e-05 time=99.91s
2025-08-11 15:41:39,591 - INFO - Epoch 20: SI penalty is 0.00% of task loss
2025-08-11 15:41:45,168 - INFO - Epoch 20 task=1.1908e-04 kd=0.0000e+00 si=0.0000e+00 val=7.0348e-03 lr=2.50e-05 time=101.24s
2025-08-11 15:43:24,574 - INFO - Epoch 21: SI penalty is 0.00% of task loss
2025-08-11 15:43:30,138 - INFO - Epoch 21 task=1.0881e-04 kd=0.0000e+00 si=0.0000e+00 val=4.9684e-03 lr=2.50e-05 time=99.40s
2025-08-11 15:45:09,960 - INFO - Epoch 22: SI penalty is 0.00% of task loss
2025-08-11 15:45:15,523 - INFO - Epoch 22 task=9.9826e-05 kd=0.0000e+00 si=0.0000e+00 val=5.4105e-03 lr=2.50e-05 time=99.82s
2025-08-11 15:46:56,282 - INFO - Epoch 23: SI penalty is 0.00% of task loss
2025-08-11 15:47:01,843 - INFO - Epoch 23 task=9.6723e-05 kd=0.0000e+00 si=0.0000e+00 val=4.8673e-03 lr=2.50e-05 time=100.76s
2025-08-11 15:48:46,723 - INFO - Epoch 24: SI penalty is 0.00% of task loss
2025-08-11 15:48:52,294 - INFO - Epoch 24 task=9.0518e-05 kd=0.0000e+00 si=0.0000e+00 val=4.2275e-03 lr=2.50e-05 time=104.88s
2025-08-11 15:50:33,384 - INFO - Epoch 25: SI penalty is 0.00% of task loss
2025-08-11 15:50:38,970 - INFO - Epoch 25 task=8.6469e-05 kd=0.0000e+00 si=0.0000e+00 val=8.7125e-03 lr=2.50e-05 time=101.11s
2025-08-11 15:52:19,684 - INFO - Epoch 26: SI penalty is 0.00% of task loss
2025-08-11 15:52:25,248 - INFO - Epoch 26 task=8.0020e-05 kd=0.0000e+00 si=0.0000e+00 val=4.1118e-03 lr=1.25e-05 time=100.72s
2025-08-11 15:54:08,835 - INFO - Epoch 27: SI penalty is 0.00% of task loss
2025-08-11 15:54:14,397 - INFO - Epoch 27 task=7.8008e-05 kd=0.0000e+00 si=0.0000e+00 val=4.4624e-03 lr=1.25e-05 time=103.59s
2025-08-11 15:54:14,401 - INFO - Early stopping at epoch 27
2025-08-11 15:54:14,755 - INFO - Task 0 consolidated (SI). KD teacher updated.
2025-08-11 15:54:21,247 - INFO - --- task1 (LWF alpha=0.0000, SI lambda=0.0000, SI epsilon=0.0000) ---
2025-08-11 15:55:03,531 - INFO - Epoch 0: SI penalty is 0.00% of task loss
2025-08-11 15:55:08,002 - INFO - Epoch 0 task=2.0958e-03 kd=0.0000e+00 si=2.4725e+03 val=8.7926e-04 lr=1.00e-04 time=42.06s
2025-08-11 15:55:50,835 - INFO - Epoch 1: SI penalty is 0.00% of task loss
2025-08-11 15:55:55,305 - INFO - Epoch 1 task=1.6442e-03 kd=0.0000e+00 si=5.1567e+03 val=7.1954e-04 lr=1.00e-04 time=42.81s
2025-08-11 15:56:39,689 - INFO - Epoch 2: SI penalty is 0.00% of task loss
2025-08-11 15:56:44,135 - INFO - Epoch 2 task=1.5009e-03 kd=0.0000e+00 si=1.2822e+04 val=4.7417e-04 lr=1.00e-04 time=44.35s
2025-08-11 15:57:27,790 - INFO - Epoch 3: SI penalty is 0.00% of task loss
2025-08-11 15:57:32,240 - INFO - Epoch 3 task=1.2994e-03 kd=0.0000e+00 si=1.1277e+04 val=3.7329e-04 lr=1.00e-04 time=43.62s
2025-08-11 15:58:13,828 - INFO - Epoch 4: SI penalty is 0.00% of task loss
2025-08-11 15:58:18,286 - INFO - Epoch 4 task=1.0590e-03 kd=0.0000e+00 si=1.3400e+04 val=4.7772e-04 lr=1.00e-04 time=41.54s
2025-08-11 15:58:58,968 - INFO - Epoch 5: SI penalty is 0.00% of task loss
2025-08-11 15:59:03,422 - INFO - Epoch 5 task=8.4249e-04 kd=0.0000e+00 si=1.7041e+04 val=4.0576e-04 lr=1.00e-04 time=40.68s
2025-08-11 15:59:44,846 - INFO - Epoch 6: SI penalty is 0.00% of task loss
2025-08-11 15:59:49,298 - INFO - Epoch 6 task=7.0588e-04 kd=0.0000e+00 si=1.8634e+04 val=6.2500e-04 lr=1.00e-04 time=41.42s
2025-08-11 16:00:30,790 - INFO - Epoch 7: SI penalty is 0.00% of task loss
2025-08-11 16:00:35,246 - INFO - Epoch 7 task=6.8628e-04 kd=0.0000e+00 si=2.1347e+04 val=2.4323e-04 lr=1.00e-04 time=41.49s
2025-08-11 16:01:16,632 - INFO - Epoch 8: SI penalty is 0.00% of task loss
2025-08-11 16:01:21,085 - INFO - Epoch 8 task=5.5688e-04 kd=0.0000e+00 si=2.4670e+04 val=2.4353e-04 lr=1.00e-04 time=41.35s
2025-08-11 16:02:02,057 - INFO - Epoch 9: SI penalty is 0.00% of task loss
2025-08-11 16:02:06,507 - INFO - Epoch 9 task=4.9624e-04 kd=0.0000e+00 si=2.6800e+04 val=3.0656e-04 lr=1.00e-04 time=40.97s
2025-08-11 16:02:49,948 - INFO - Epoch 10: SI penalty is 0.00% of task loss
2025-08-11 16:02:54,401 - INFO - Epoch 10 task=4.6589e-04 kd=0.0000e+00 si=2.7833e+04 val=5.8967e-04 lr=1.00e-04 time=43.44s
2025-08-11 16:03:35,835 - INFO - Epoch 11: SI penalty is 0.00% of task loss
2025-08-11 16:03:40,285 - INFO - Epoch 11 task=4.2230e-04 kd=0.0000e+00 si=2.8154e+04 val=2.0482e-04 lr=1.00e-04 time=41.43s
2025-08-11 16:04:19,808 - INFO - Epoch 12: SI penalty is 0.00% of task loss
2025-08-11 16:04:24,259 - INFO - Epoch 12 task=3.9808e-04 kd=0.0000e+00 si=2.8484e+04 val=1.7507e-04 lr=1.00e-04 time=39.48s
2025-08-11 16:05:03,803 - INFO - Epoch 13: SI penalty is 0.00% of task loss
2025-08-11 16:05:08,253 - INFO - Epoch 13 task=3.8329e-04 kd=0.0000e+00 si=2.9479e+04 val=2.4895e-04 lr=1.00e-04 time=39.51s
2025-08-11 16:05:49,388 - INFO - Epoch 14: SI penalty is 0.00% of task loss
2025-08-11 16:05:53,836 - INFO - Epoch 14 task=3.7674e-04 kd=0.0000e+00 si=3.1644e+04 val=3.1296e-04 lr=1.00e-04 time=41.13s
2025-08-11 16:06:35,152 - INFO - Epoch 15: SI penalty is 0.00% of task loss
2025-08-11 16:06:39,613 - INFO - Epoch 15 task=4.4213e-04 kd=0.0000e+00 si=3.4000e+04 val=7.2634e-04 lr=1.00e-04 time=41.32s
2025-08-11 16:07:20,843 - INFO - Epoch 16: SI penalty is 0.00% of task loss
2025-08-11 16:07:25,293 - INFO - Epoch 16 task=3.4531e-04 kd=0.0000e+00 si=3.6189e+04 val=8.6469e-05 lr=1.00e-04 time=41.23s
2025-08-11 16:08:04,395 - INFO - Epoch 17: SI penalty is 0.00% of task loss
2025-08-11 16:08:08,844 - INFO - Epoch 17 task=3.3336e-04 kd=0.0000e+00 si=3.8157e+04 val=3.3549e-04 lr=1.00e-04 time=39.06s
2025-08-11 16:08:49,800 - INFO - Epoch 18: SI penalty is 0.00% of task loss
2025-08-11 16:08:54,247 - INFO - Epoch 18 task=3.2019e-04 kd=0.0000e+00 si=3.8753e+04 val=3.6287e-04 lr=1.00e-04 time=40.95s
2025-08-11 16:09:34,251 - INFO - Epoch 19: SI penalty is 0.00% of task loss
2025-08-11 16:09:38,704 - INFO - Epoch 19 task=3.1644e-04 kd=0.0000e+00 si=4.2049e+04 val=3.8994e-04 lr=1.00e-04 time=40.00s
2025-08-11 16:10:19,399 - INFO - Epoch 20: SI penalty is 0.00% of task loss
2025-08-11 16:10:23,853 - INFO - Epoch 20 task=3.0246e-04 kd=0.0000e+00 si=4.5707e+04 val=5.7178e-04 lr=1.00e-04 time=40.70s
2025-08-11 16:11:04,612 - INFO - Epoch 21: SI penalty is 0.00% of task loss
2025-08-11 16:11:09,070 - INFO - Epoch 21 task=2.9928e-04 kd=0.0000e+00 si=4.8064e+04 val=4.4575e-04 lr=1.00e-04 time=40.76s
2025-08-11 16:11:50,029 - INFO - Epoch 22: SI penalty is 0.00% of task loss
2025-08-11 16:11:54,489 - INFO - Epoch 22 task=2.9358e-04 kd=0.0000e+00 si=5.0438e+04 val=8.4612e-04 lr=1.00e-04 time=40.96s
2025-08-11 16:12:35,558 - INFO - Epoch 23: SI penalty is 0.00% of task loss
2025-08-11 16:12:40,007 - INFO - Epoch 23 task=2.6107e-04 kd=0.0000e+00 si=5.1010e+04 val=5.8152e-04 lr=5.00e-05 time=41.06s
2025-08-11 16:13:21,184 - INFO - Epoch 24: SI penalty is 0.00% of task loss
2025-08-11 16:13:25,640 - INFO - Epoch 24 task=2.5857e-04 kd=0.0000e+00 si=5.3139e+04 val=8.9328e-04 lr=5.00e-05 time=41.18s
2025-08-11 16:14:05,859 - INFO - Epoch 25: SI penalty is 0.00% of task loss
2025-08-11 16:14:10,314 - INFO - Epoch 25 task=2.5899e-04 kd=0.0000e+00 si=5.5204e+04 val=1.0855e-03 lr=5.00e-05 time=40.22s
2025-08-11 16:14:51,305 - INFO - Epoch 26: SI penalty is 0.00% of task loss
2025-08-11 16:14:55,764 - INFO - Epoch 26 task=3.8520e-04 kd=0.0000e+00 si=5.5152e+04 val=6.4272e-04 lr=5.00e-05 time=40.99s
2025-08-11 16:15:37,029 - INFO - Epoch 27: SI penalty is 0.00% of task loss
2025-08-11 16:15:41,483 - INFO - Epoch 27 task=2.9010e-04 kd=0.0000e+00 si=5.6825e+04 val=3.6897e-04 lr=5.00e-05 time=41.26s
2025-08-11 16:16:22,080 - INFO - Epoch 28: SI penalty is 0.00% of task loss
2025-08-11 16:16:26,538 - INFO - Epoch 28 task=2.5311e-04 kd=0.0000e+00 si=6.1036e+04 val=3.5261e-04 lr=5.00e-05 time=40.59s
2025-08-11 16:17:07,389 - INFO - Epoch 29: SI penalty is 0.00% of task loss
2025-08-11 16:17:11,846 - INFO - Epoch 29 task=2.3926e-04 kd=0.0000e+00 si=6.2010e+04 val=5.7172e-04 lr=2.50e-05 time=40.85s
2025-08-11 16:17:52,953 - INFO - Epoch 30: SI penalty is 0.00% of task loss
2025-08-11 16:17:57,419 - INFO - Epoch 30 task=2.3323e-04 kd=0.0000e+00 si=6.2837e+04 val=5.6165e-04 lr=2.50e-05 time=41.10s
2025-08-11 16:18:38,463 - INFO - Epoch 31: SI penalty is 0.00% of task loss
2025-08-11 16:18:42,921 - INFO - Epoch 31 task=2.2948e-04 kd=0.0000e+00 si=6.3397e+04 val=4.9250e-04 lr=2.50e-05 time=41.05s
2025-08-11 16:19:23,830 - INFO - Epoch 32: SI penalty is 0.00% of task loss
2025-08-11 16:19:28,302 - INFO - Epoch 32 task=2.2485e-04 kd=0.0000e+00 si=6.5175e+04 val=8.6014e-04 lr=2.50e-05 time=40.91s
2025-08-11 16:20:09,068 - INFO - Epoch 33: SI penalty is 0.00% of task loss
2025-08-11 16:20:13,529 - INFO - Epoch 33 task=2.2526e-04 kd=0.0000e+00 si=6.5504e+04 val=1.0945e-03 lr=2.50e-05 time=40.76s
2025-08-11 16:20:54,184 - INFO - Epoch 34: SI penalty is 0.00% of task loss
2025-08-11 16:20:58,642 - INFO - Epoch 34 task=2.2881e-04 kd=0.0000e+00 si=6.7607e+04 val=6.6243e-04 lr=2.50e-05 time=40.66s
2025-08-11 16:21:39,868 - INFO - Epoch 35: SI penalty is 0.00% of task loss
2025-08-11 16:21:44,328 - INFO - Epoch 35 task=2.1315e-04 kd=0.0000e+00 si=6.7968e+04 val=1.0783e-03 lr=1.25e-05 time=41.23s
2025-08-11 16:22:25,099 - INFO - Epoch 36: SI penalty is 0.00% of task loss
2025-08-11 16:22:29,558 - INFO - Epoch 36 task=2.0796e-04 kd=0.0000e+00 si=6.6886e+04 val=1.1810e-03 lr=1.25e-05 time=40.77s
2025-08-11 16:22:29,562 - INFO - Early stopping at epoch 36
2025-08-11 16:22:29,569 - INFO - Task 1 consolidated (SI). KD teacher updated.
2025-08-11 16:22:31,486 - INFO - --- task2 (LWF alpha=0.0000, SI lambda=0.0000, SI epsilon=0.0000) ---
2025-08-11 16:23:26,079 - INFO - Epoch 0: SI penalty is 0.00% of task loss
2025-08-11 16:23:27,188 - INFO - Epoch 0 task=3.7836e-04 kd=0.0000e+00 si=2.3300e+03 val=1.6968e-03 lr=1.00e-04 time=54.50s
2025-08-11 16:24:23,300 - INFO - Epoch 1: SI penalty is 0.00% of task loss
2025-08-11 16:24:24,407 - INFO - Epoch 1 task=3.0410e-04 kd=0.0000e+00 si=6.3470e+03 val=7.8972e-04 lr=1.00e-04 time=56.08s
2025-08-11 16:25:21,379 - INFO - Epoch 2: SI penalty is 0.00% of task loss
2025-08-11 16:25:22,487 - INFO - Epoch 2 task=2.6267e-04 kd=0.0000e+00 si=1.8443e+04 val=1.6394e-03 lr=1.00e-04 time=56.94s
2025-08-11 16:26:15,252 - INFO - Epoch 3: SI penalty is 0.00% of task loss
2025-08-11 16:26:16,359 - INFO - Epoch 3 task=2.3238e-04 kd=0.0000e+00 si=3.2140e+04 val=3.4116e-04 lr=1.00e-04 time=52.76s
