2025-07-08 18:43:05,040 - ==== Regular LSTM Training Phase ====
2025-07-08 18:44:32,967 - Base train IDs: ['03', '05', '07', '09', '11', '15', '21', '23', '25', '27', '29']
2025-07-08 18:44:32,968 - Base train size: 205644
2025-07-08 18:44:32,970 - Base val IDs: ['01', '19', '13']
2025-07-08 18:44:32,971 - Base val size: 58177
2025-07-08 18:44:32,972 - Update1 train IDs: []
2025-07-08 18:44:32,973 - Update1 train size: 0
2025-07-08 18:44:32,974 - Update1 val IDs: []
2025-07-08 18:44:32,975 - Update1 val size: 0
2025-07-08 18:44:32,977 - Update2 train IDs: []
2025-07-08 18:44:32,979 - Update2 train size: 0
2025-07-08 18:44:32,979 - Update2 val IDs: []
2025-07-08 18:44:32,981 - Update2 val size: 0
2025-07-08 18:44:39,943 - Test cell ID: 17
2025-07-08 18:44:39,945 - Test size: 22872
2025-07-08 18:44:39,946 - Test base size: 11139
2025-07-08 18:44:39,947 - Test update1 size: 6312
2025-07-08 18:44:39,948 - Test update2 size: 5421
2025-07-08 18:44:39,988 - [Scaler after fit] center_=[ 3.342422    0.17992967 27.75      ]
2025-07-08 18:44:40,861 - [Scaler after fit] scale_ =[0.18428363 1.77955483 1.81783333]
2025-07-08 18:44:40,862 - Resampling and scaling complete with RobustScaler
2025-07-08 18:45:20,690 - Epoch 001 | task 3.0348e-01 | kd 0.0000e+00 | ewc 0.0000e+00 | val 1.2754e-02
2025-07-08 18:45:25,978 - Epoch 002 | task 3.8411e-02 | kd 0.0000e+00 | ewc 0.0000e+00 | val 5.4761e-03
2025-07-08 18:45:31,288 - Epoch 003 | task 2.9410e-02 | kd 0.0000e+00 | ewc 0.0000e+00 | val 5.3700e-03
2025-07-08 18:45:37,415 - Epoch 004 | task 3.4115e-02 | kd 0.0000e+00 | ewc 0.0000e+00 | val 7.2645e-03
2025-07-08 18:45:42,588 - Epoch 005 | task 2.5902e-02 | kd 0.0000e+00 | ewc 0.0000e+00 | val 6.2498e-03
2025-07-08 18:45:47,756 - Epoch 006 | task 2.3435e-02 | kd 0.0000e+00 | ewc 0.0000e+00 | val 4.1094e-03
2025-07-08 18:45:53,300 - Epoch 007 | task 2.6603e-02 | kd 0.0000e+00 | ewc 0.0000e+00 | val 5.7977e-03
2025-07-08 18:45:58,547 - Epoch 008 | task 2.5533e-02 | kd 0.0000e+00 | ewc 0.0000e+00 | val 4.7569e-03
2025-07-08 18:46:03,717 - Epoch 009 | task 2.8503e-02 | kd 0.0000e+00 | ewc 0.0000e+00 | val 4.7625e-03
2025-07-08 18:46:08,888 - Epoch 010 | task 2.2157e-02 | kd 0.0000e+00 | ewc 0.0000e+00 | val 5.2566e-03
2025-07-08 18:46:14,111 - Epoch 011 | task 2.0937e-02 | kd 0.0000e+00 | ewc 0.0000e+00 | val 4.6302e-03
2025-07-08 18:46:19,303 - Epoch 012 | task 2.0322e-02 | kd 0.0000e+00 | ewc 0.0000e+00 | val 6.2734e-03
2025-07-08 18:46:24,490 - Epoch 013 | task 2.6566e-02 | kd 0.0000e+00 | ewc 0.0000e+00 | val 5.9891e-03
2025-07-08 18:46:29,661 - Epoch 014 | task 2.4186e-02 | kd 0.0000e+00 | ewc 0.0000e+00 | val 4.0336e-03
2025-07-08 18:46:34,920 - Epoch 015 | task 2.2148e-02 | kd 0.0000e+00 | ewc 0.0000e+00 | val 4.0626e-03
2025-07-08 18:46:40,077 - Epoch 016 | task 1.9548e-02 | kd 0.0000e+00 | ewc 0.0000e+00 | val 7.4241e-03
2025-07-08 18:46:45,244 - Epoch 017 | task 2.1050e-02 | kd 0.0000e+00 | ewc 0.0000e+00 | val 4.2853e-03
2025-07-08 18:46:50,411 - Epoch 018 | task 2.2178e-02 | kd 0.0000e+00 | ewc 0.0000e+00 | val 4.2187e-03
2025-07-08 18:46:55,585 - Epoch 019 | task 1.8021e-02 | kd 0.0000e+00 | ewc 0.0000e+00 | val 4.0077e-03
2025-07-08 18:47:00,811 - Epoch 020 | task 1.7983e-02 | kd 0.0000e+00 | ewc 0.0000e+00 | val 3.7820e-03
2025-07-08 18:47:05,993 - Epoch 021 | task 1.9074e-02 | kd 0.0000e+00 | ewc 0.0000e+00 | val 4.5635e-03
2025-07-08 18:47:11,160 - Epoch 022 | task 2.2549e-02 | kd 0.0000e+00 | ewc 0.0000e+00 | val 3.9837e-03
2025-07-08 18:47:16,320 - Epoch 023 | task 2.1099e-02 | kd 0.0000e+00 | ewc 0.0000e+00 | val 4.9043e-03
2025-07-08 18:47:21,483 - Epoch 024 | task 1.8173e-02 | kd 0.0000e+00 | ewc 0.0000e+00 | val 5.1636e-03
2025-07-08 18:47:26,654 - Epoch 025 | task 2.1593e-02 | kd 0.0000e+00 | ewc 0.0000e+00 | val 3.9430e-03
2025-07-08 18:47:31,807 - Epoch 026 | task 2.0930e-02 | kd 0.0000e+00 | ewc 0.0000e+00 | val 3.8813e-03
2025-07-08 18:47:37,026 - Epoch 027 | task 1.6441e-02 | kd 0.0000e+00 | ewc 0.0000e+00 | val 3.8508e-03
2025-07-08 18:47:42,188 - Epoch 028 | task 1.7576e-02 | kd 0.0000e+00 | ewc 0.0000e+00 | val 3.9127e-03
2025-07-08 18:47:47,371 - Epoch 029 | task 1.8033e-02 | kd 0.0000e+00 | ewc 0.0000e+00 | val 4.0501e-03
2025-07-08 18:47:52,532 - Epoch 030 | task 1.9343e-02 | kd 0.0000e+00 | ewc 0.0000e+00 | val 3.9209e-03
2025-07-08 18:47:57,691 - Epoch 031 | task 2.1043e-02 | kd 0.0000e+00 | ewc 0.0000e+00 | val 7.8243e-03
2025-07-08 18:48:02,905 - Epoch 032 | task 1.7890e-02 | kd 0.0000e+00 | ewc 0.0000e+00 | val 4.3378e-03
2025-07-08 18:48:08,072 - Epoch 033 | task 1.7316e-02 | kd 0.0000e+00 | ewc 0.0000e+00 | val 4.8398e-03
2025-07-08 18:48:13,247 - Epoch 034 | task 2.1400e-02 | kd 0.0000e+00 | ewc 0.0000e+00 | val 3.7604e-03
2025-07-08 18:48:18,465 - Epoch 035 | task 1.6166e-02 | kd 0.0000e+00 | ewc 0.0000e+00 | val 4.6725e-03
2025-07-08 18:48:23,641 - Epoch 036 | task 1.6749e-02 | kd 0.0000e+00 | ewc 0.0000e+00 | val 4.0465e-03
2025-07-08 18:48:28,809 - Epoch 037 | task 1.8288e-02 | kd 0.0000e+00 | ewc 0.0000e+00 | val 4.6262e-03
2025-07-08 18:48:33,983 - Epoch 038 | task 1.5992e-02 | kd 0.0000e+00 | ewc 0.0000e+00 | val 5.1662e-03
2025-07-08 18:48:39,213 - Epoch 039 | task 1.7320e-02 | kd 0.0000e+00 | ewc 0.0000e+00 | val 4.3433e-03
2025-07-08 18:48:44,449 - Epoch 040 | task 2.1186e-02 | kd 0.0000e+00 | ewc 0.0000e+00 | val 3.8978e-03
2025-07-08 18:48:49,629 - Epoch 041 | task 1.7294e-02 | kd 0.0000e+00 | ewc 0.0000e+00 | val 4.7985e-03
2025-07-08 18:48:54,804 - Epoch 042 | task 1.5638e-02 | kd 0.0000e+00 | ewc 0.0000e+00 | val 3.7803e-03
2025-07-08 18:48:59,980 - Epoch 043 | task 1.8533e-02 | kd 0.0000e+00 | ewc 0.0000e+00 | val 4.1730e-03
2025-07-08 18:49:05,155 - Epoch 044 | task 1.6882e-02 | kd 0.0000e+00 | ewc 0.0000e+00 | val 5.0796e-03
2025-07-08 18:49:10,326 - Epoch 045 | task 1.7194e-02 | kd 0.0000e+00 | ewc 0.0000e+00 | val 4.6005e-03
2025-07-08 18:49:15,502 - Epoch 046 | task 1.8438e-02 | kd 0.0000e+00 | ewc 0.0000e+00 | val 4.0002e-03
2025-07-08 18:49:20,669 - Epoch 047 | task 1.7299e-02 | kd 0.0000e+00 | ewc 0.0000e+00 | val 4.4198e-03
2025-07-08 18:49:25,839 - Epoch 048 | task 1.5707e-02 | kd 0.0000e+00 | ewc 0.0000e+00 | val 4.2846e-03
2025-07-08 18:49:31,025 - Epoch 049 | task 1.7457e-02 | kd 0.0000e+00 | ewc 0.0000e+00 | val 4.2069e-03
2025-07-08 18:49:36,196 - Epoch 050 | task 1.7776e-02 | kd 0.0000e+00 | ewc 0.0000e+00 | val 4.3273e-03
2025-07-08 18:49:41,368 - Epoch 051 | task 1.5565e-02 | kd 0.0000e+00 | ewc 0.0000e+00 | val 4.1386e-03
2025-07-08 18:49:46,534 - Epoch 052 | task 1.6032e-02 | kd 0.0000e+00 | ewc 0.0000e+00 | val 4.1101e-03
2025-07-08 18:49:52,095 - Epoch 053 | task 1.7669e-02 | kd 0.0000e+00 | ewc 0.0000e+00 | val 4.0588e-03
2025-07-08 18:49:57,759 - Epoch 054 | task 1.5402e-02 | kd 0.0000e+00 | ewc 0.0000e+00 | val 4.0624e-03
2025-07-08 18:49:57,788 - Early stopping @ epoch 54
2025-07-08 18:50:02,763 - [Joint training best model predictions] RMSE: 9.1499e-02, MAE: 7.1723e-02, R2: -0.1059
