2025-07-19 14:33:16,202 - ==== Incremental Training Phase ====
2025-07-19 14:34:41,101 - Incremental training - Task 0 Train IDs: ['03', '05', '07', '27'], size: 92079
2025-07-19 14:34:41,103 - Incremental training - Task 0 Val IDs: ['01'], size: 28612
2025-07-19 14:34:41,104 - Incremental training - Task 1 Train IDs: ['21', '23', '25'], size: 65674
2025-07-19 14:34:41,105 - Incremental training - Task 1 Val IDs: ['19'], size: 23120
2025-07-19 14:34:41,106 - Incremental training - Task 2 Train IDs: ['09', '11', '15', '29'], size: 47891
2025-07-19 14:34:41,107 - Incremental training - Task 2 Val IDs: ['13'], size: 6445
2025-07-19 14:34:41,109 - Incremental training - Test ID: 17, size: 22872
2025-07-19 14:34:41,110 - Incremental training - Test Task 0 size: 11139
2025-07-19 14:34:41,112 - Incremental training - Test Task 1 size: 6312
2025-07-19 14:34:41,113 - Incremental training - Test Task 2 size: 5421
2025-07-19 14:34:41,677 - ==== Training task task0 ====
2025-07-19 14:36:15,740 - Epoch 000 | task 3.8182e-02 | kd 0.0000e+00 | ewc 0.0000e+00 | val 3.7162e-04 | lr 1.00e-04 | 77.91s
2025-07-19 14:37:37,809 - Epoch 001 | task 7.2867e-03 | kd 0.0000e+00 | ewc 0.0000e+00 | val 1.0398e-03 | lr 1.00e-04 | 82.02s
2025-07-19 14:38:54,406 - Epoch 002 | task 5.3097e-03 | kd 0.0000e+00 | ewc 0.0000e+00 | val 3.9763e-04 | lr 1.00e-04 | 76.59s
2025-07-19 14:40:10,746 - Epoch 003 | task 4.3294e-03 | kd 0.0000e+00 | ewc 0.0000e+00 | val 5.3001e-04 | lr 1.00e-04 | 76.34s
2025-07-19 14:41:27,452 - Epoch 004 | task 3.4420e-03 | kd 0.0000e+00 | ewc 0.0000e+00 | val 4.4389e-04 | lr 1.00e-04 | 76.70s
2025-07-19 14:42:43,809 - Epoch 005 | task 2.6740e-03 | kd 0.0000e+00 | ewc 0.0000e+00 | val 4.3592e-04 | lr 1.00e-04 | 76.35s
2025-07-19 14:44:01,256 - Epoch 006 | task 2.0609e-03 | kd 0.0000e+00 | ewc 0.0000e+00 | val 4.5443e-04 | lr 5.00e-05 | 77.44s
2025-07-19 14:45:20,177 - Epoch 007 | task 1.6517e-03 | kd 0.0000e+00 | ewc 0.0000e+00 | val 4.0441e-04 | lr 5.00e-05 | 78.92s
2025-07-19 14:46:38,929 - Epoch 008 | task 1.4034e-03 | kd 0.0000e+00 | ewc 0.0000e+00 | val 4.0720e-04 | lr 5.00e-05 | 78.75s
2025-07-19 14:47:55,694 - Epoch 009 | task 1.1964e-03 | kd 0.0000e+00 | ewc 0.0000e+00 | val 5.0908e-04 | lr 5.00e-05 | 76.76s
2025-07-19 14:49:18,020 - Epoch 010 | task 1.0292e-03 | kd 0.0000e+00 | ewc 0.0000e+00 | val 4.2328e-04 | lr 5.00e-05 | 82.32s
2025-07-19 14:50:54,258 - Epoch 011 | task 8.7673e-04 | kd 0.0000e+00 | ewc 0.0000e+00 | val 4.3260e-04 | lr 5.00e-05 | 96.23s
2025-07-19 14:52:32,773 - Epoch 012 | task 7.6261e-04 | kd 0.0000e+00 | ewc 0.0000e+00 | val 4.6050e-04 | lr 2.50e-05 | 98.50s
2025-07-19 14:53:54,160 - Epoch 013 | task 6.8891e-04 | kd 0.0000e+00 | ewc 0.0000e+00 | val 4.3581e-04 | lr 2.50e-05 | 81.38s
2025-07-19 14:55:15,258 - Epoch 014 | task 6.5224e-04 | kd 0.0000e+00 | ewc 0.0000e+00 | val 4.0288e-04 | lr 2.50e-05 | 81.09s
2025-07-19 14:56:44,729 - Epoch 015 | task 6.1891e-04 | kd 0.0000e+00 | ewc 0.0000e+00 | val 4.0849e-04 | lr 2.50e-05 | 89.46s
2025-07-19 14:58:23,506 - Epoch 016 | task 5.8846e-04 | kd 0.0000e+00 | ewc 0.0000e+00 | val 4.4307e-04 | lr 2.50e-05 | 98.77s
2025-07-19 15:00:00,971 - Epoch 017 | task 5.6076e-04 | kd 0.0000e+00 | ewc 0.0000e+00 | val 4.2150e-04 | lr 2.50e-05 | 97.45s
2025-07-19 15:01:22,679 - Epoch 018 | task 5.3125e-04 | kd 0.0000e+00 | ewc 0.0000e+00 | val 4.3309e-04 | lr 1.25e-05 | 81.70s
2025-07-19 15:02:42,509 - Epoch 019 | task 5.0491e-04 | kd 0.0000e+00 | ewc 0.0000e+00 | val 3.9249e-04 | lr 1.25e-05 | 79.82s
2025-07-19 15:04:01,912 - Epoch 020 | task 4.9213e-04 | kd 0.0000e+00 | ewc 0.0000e+00 | val 3.9523e-04 | lr 1.25e-05 | 79.40s
2025-07-19 15:04:01,914 - Early stopping at epoch 21
2025-07-19 15:04:07,096 - Consolidate lambda: 0.0000
2025-07-19 15:04:07,098 - Applying LWF alpha: 0.0000
2025-07-19 15:05:11,023 - ==== Training task task0 completed ====
2025-07-19 15:05:11,025 - ==== Evaluating task task0 ====
2025-07-19 15:05:14,006 - RMSE: 5.1834e-02, MAE: 4.5294e-02, R²: -3.2686
2025-07-19 15:05:14,007 - Current task task0 metrics: RMSE=5.1834e-02, MAE=4.5294e-02, R²=-3.2686
2025-07-19 15:05:28,496 - RMSE: 8.5567e-02, MAE: 6.7164e-02, R²: -0.0342
2025-07-19 15:05:28,498 - Full test metrics: RMSE=8.5567e-02, MAE=6.7164e-02, R²=-0.0342
2025-07-19 15:05:36,735 - ==== Evaluation for task task0 completed ====
2025-07-19 15:05:36,737 - ==== Training task task1 ====
2025-07-19 15:06:33,660 - Epoch 000 | task 8.4508e-03 | kd 0.0000e+00 | ewc 0.0000e+00 | val 2.5076e-03 | lr 1.00e-04 | 56.81s
2025-07-19 15:07:30,404 - Epoch 001 | task 6.9543e-03 | kd 0.0000e+00 | ewc 0.0000e+00 | val 2.0700e-03 | lr 1.00e-04 | 56.73s
2025-07-19 15:08:27,173 - Epoch 002 | task 6.0664e-03 | kd 0.0000e+00 | ewc 0.0000e+00 | val 2.4015e-03 | lr 1.00e-04 | 56.75s
2025-07-19 15:09:23,765 - Epoch 003 | task 5.4782e-03 | kd 0.0000e+00 | ewc 0.0000e+00 | val 1.8217e-03 | lr 1.00e-04 | 56.59s
2025-07-19 15:10:20,477 - Epoch 004 | task 4.7313e-03 | kd 0.0000e+00 | ewc 0.0000e+00 | val 1.1596e-03 | lr 1.00e-04 | 56.70s
2025-07-19 15:11:17,330 - Epoch 005 | task 3.9678e-03 | kd 0.0000e+00 | ewc 0.0000e+00 | val 9.8619e-04 | lr 1.00e-04 | 56.84s
2025-07-19 15:12:14,317 - Epoch 006 | task 3.4491e-03 | kd 0.0000e+00 | ewc 0.0000e+00 | val 1.3185e-03 | lr 1.00e-04 | 56.97s
2025-07-19 15:13:11,331 - Epoch 007 | task 2.7815e-03 | kd 0.0000e+00 | ewc 0.0000e+00 | val 1.5554e-03 | lr 1.00e-04 | 57.01s
2025-07-19 15:14:08,377 - Epoch 008 | task 2.4187e-03 | kd 0.0000e+00 | ewc 0.0000e+00 | val 2.1953e-03 | lr 1.00e-04 | 57.04s
2025-07-19 15:15:05,385 - Epoch 009 | task 1.9253e-03 | kd 0.0000e+00 | ewc 0.0000e+00 | val 1.8444e-03 | lr 1.00e-04 | 57.00s
2025-07-19 15:16:05,227 - Epoch 010 | task 1.6147e-03 | kd 0.0000e+00 | ewc 0.0000e+00 | val 1.8057e-03 | lr 1.00e-04 | 59.84s
2025-07-19 15:17:01,970 - Epoch 011 | task 1.2965e-03 | kd 0.0000e+00 | ewc 0.0000e+00 | val 2.4752e-03 | lr 5.00e-05 | 56.74s
2025-07-19 15:17:58,886 - Epoch 012 | task 1.0639e-03 | kd 0.0000e+00 | ewc 0.0000e+00 | val 2.4752e-03 | lr 5.00e-05 | 56.91s
2025-07-19 15:18:56,383 - Epoch 013 | task 8.4512e-04 | kd 0.0000e+00 | ewc 0.0000e+00 | val 1.9207e-03 | lr 5.00e-05 | 57.49s
2025-07-19 15:19:55,404 - Epoch 014 | task 8.0042e-04 | kd 0.0000e+00 | ewc 0.0000e+00 | val 2.1288e-03 | lr 5.00e-05 | 59.02s
2025-07-19 15:20:52,424 - Epoch 015 | task 7.4849e-04 | kd 0.0000e+00 | ewc 0.0000e+00 | val 3.0864e-03 | lr 5.00e-05 | 57.02s
2025-07-19 15:21:49,395 - Epoch 016 | task 6.5319e-04 | kd 0.0000e+00 | ewc 0.0000e+00 | val 3.1501e-03 | lr 5.00e-05 | 56.97s
2025-07-19 15:22:46,342 - Epoch 017 | task 6.1211e-04 | kd 0.0000e+00 | ewc 0.0000e+00 | val 3.9636e-03 | lr 2.50e-05 | 56.94s
2025-07-19 15:23:43,623 - Epoch 018 | task 5.2146e-04 | kd 0.0000e+00 | ewc 0.0000e+00 | val 3.5451e-03 | lr 2.50e-05 | 57.28s
2025-07-19 15:24:42,178 - Epoch 019 | task 5.1891e-04 | kd 0.0000e+00 | ewc 0.0000e+00 | val 3.7371e-03 | lr 2.50e-05 | 58.55s
2025-07-19 15:25:39,516 - Epoch 020 | task 4.7084e-04 | kd 0.0000e+00 | ewc 0.0000e+00 | val 4.4133e-03 | lr 2.50e-05 | 57.34s
2025-07-19 15:26:36,518 - Epoch 021 | task 4.6900e-04 | kd 0.0000e+00 | ewc 0.0000e+00 | val 4.0763e-03 | lr 2.50e-05 | 57.00s
2025-07-19 15:27:33,601 - Epoch 022 | task 4.5986e-04 | kd 0.0000e+00 | ewc 0.0000e+00 | val 3.8913e-03 | lr 2.50e-05 | 57.08s
2025-07-19 15:28:30,729 - Epoch 023 | task 4.4278e-04 | kd 0.0000e+00 | ewc 0.0000e+00 | val 4.1047e-03 | lr 1.25e-05 | 57.12s
2025-07-19 15:29:27,800 - Epoch 024 | task 4.1272e-04 | kd 0.0000e+00 | ewc 0.0000e+00 | val 3.9946e-03 | lr 1.25e-05 | 57.07s
2025-07-19 15:30:25,020 - Epoch 025 | task 4.0674e-04 | kd 0.0000e+00 | ewc 0.0000e+00 | val 4.1474e-03 | lr 1.25e-05 | 57.22s
2025-07-19 15:30:25,021 - Early stopping at epoch 26
2025-07-19 15:30:27,472 - Consolidate lambda: 0.0000
2025-07-19 15:30:27,473 - Applying LWF alpha: 0.0000
2025-07-19 15:31:12,793 - ==== Training task task1 completed ====
2025-07-19 15:31:12,794 - ==== Evaluating task task1 ====
2025-07-19 15:31:14,406 - RMSE: 7.2468e-02, MAE: 6.6578e-02, R²: -7.1183
2025-07-19 15:31:14,407 - Current task task1 metrics: RMSE=7.2468e-02, MAE=6.6578e-02, R²=-7.1183
2025-07-19 15:31:28,849 - RMSE: 7.8886e-02, MAE: 6.0158e-02, R²: 0.1209
2025-07-19 15:31:28,851 - Full test metrics: RMSE=7.8886e-02, MAE=6.0158e-02, R²=0.1209
2025-07-19 15:31:37,049 - ==== Evaluation for task task1 completed ====
2025-07-19 15:31:37,050 - ==== Training task task2 ====
2025-07-19 15:32:16,796 - Epoch 000 | task 6.4334e-03 | kd 0.0000e+00 | ewc 0.0000e+00 | val 2.5607e-03 | lr 1.00e-04 | 39.67s
2025-07-19 15:32:56,501 - Epoch 001 | task 3.5818e-03 | kd 0.0000e+00 | ewc 0.0000e+00 | val 1.9076e-03 | lr 1.00e-04 | 39.69s
2025-07-19 15:33:36,324 - Epoch 002 | task 3.0153e-03 | kd 0.0000e+00 | ewc 0.0000e+00 | val 1.0876e-03 | lr 1.00e-04 | 39.81s
2025-07-19 15:34:16,053 - Epoch 003 | task 2.7117e-03 | kd 0.0000e+00 | ewc 0.0000e+00 | val 2.2309e-03 | lr 1.00e-04 | 39.71s
2025-07-19 15:34:55,736 - Epoch 004 | task 2.3089e-03 | kd 0.0000e+00 | ewc 0.0000e+00 | val 1.0105e-03 | lr 1.00e-04 | 39.68s
2025-07-19 15:35:35,416 - Epoch 005 | task 2.0527e-03 | kd 0.0000e+00 | ewc 0.0000e+00 | val 1.4313e-03 | lr 1.00e-04 | 39.67s
2025-07-19 15:36:15,136 - Epoch 006 | task 1.8546e-03 | kd 0.0000e+00 | ewc 0.0000e+00 | val 1.1683e-03 | lr 1.00e-04 | 39.72s
2025-07-19 15:36:54,811 - Epoch 007 | task 1.7907e-03 | kd 0.0000e+00 | ewc 0.0000e+00 | val 1.2454e-03 | lr 1.00e-04 | 39.67s
2025-07-19 15:37:34,888 - Epoch 008 | task 1.6340e-03 | kd 0.0000e+00 | ewc 0.0000e+00 | val 1.2966e-03 | lr 1.00e-04 | 40.07s
2025-07-19 15:38:14,787 - Epoch 009 | task 1.3923e-03 | kd 0.0000e+00 | ewc 0.0000e+00 | val 1.9168e-03 | lr 1.00e-04 | 39.90s
2025-07-19 15:38:54,584 - Epoch 010 | task 1.2902e-03 | kd 0.0000e+00 | ewc 0.0000e+00 | val 1.0632e-03 | lr 5.00e-05 | 39.79s
2025-07-19 15:39:34,320 - Epoch 011 | task 1.0396e-03 | kd 0.0000e+00 | ewc 0.0000e+00 | val 1.1177e-03 | lr 5.00e-05 | 39.73s
2025-07-19 15:40:14,003 - Epoch 012 | task 9.4693e-04 | kd 0.0000e+00 | ewc 0.0000e+00 | val 1.1339e-03 | lr 5.00e-05 | 39.68s
2025-07-19 15:40:53,715 - Epoch 013 | task 9.2979e-04 | kd 0.0000e+00 | ewc 0.0000e+00 | val 1.4288e-03 | lr 5.00e-05 | 39.71s
2025-07-19 15:41:34,177 - Epoch 014 | task 8.9388e-04 | kd 0.0000e+00 | ewc 0.0000e+00 | val 9.7375e-04 | lr 5.00e-05 | 40.46s
2025-07-19 15:42:14,296 - Epoch 015 | task 9.0067e-04 | kd 0.0000e+00 | ewc 0.0000e+00 | val 1.0453e-03 | lr 5.00e-05 | 40.11s
2025-07-19 15:42:54,343 - Epoch 016 | task 8.0327e-04 | kd 0.0000e+00 | ewc 0.0000e+00 | val 1.0712e-03 | lr 5.00e-05 | 40.04s
2025-07-19 15:43:35,183 - Epoch 017 | task 8.0529e-04 | kd 0.0000e+00 | ewc 0.0000e+00 | val 1.2574e-03 | lr 5.00e-05 | 40.84s
2025-07-19 15:44:14,862 - Epoch 018 | task 7.8083e-04 | kd 0.0000e+00 | ewc 0.0000e+00 | val 1.8190e-03 | lr 5.00e-05 | 39.67s
2025-07-19 15:44:54,598 - Epoch 019 | task 7.8837e-04 | kd 0.0000e+00 | ewc 0.0000e+00 | val 2.2586e-03 | lr 5.00e-05 | 39.73s
2025-07-19 15:45:34,591 - Epoch 020 | task 8.4269e-04 | kd 0.0000e+00 | ewc 0.0000e+00 | val 1.4339e-03 | lr 2.50e-05 | 39.99s
2025-07-19 15:46:14,605 - Epoch 021 | task 6.5643e-04 | kd 0.0000e+00 | ewc 0.0000e+00 | val 1.4765e-03 | lr 2.50e-05 | 40.01s
2025-07-19 15:46:54,802 - Epoch 022 | task 6.3999e-04 | kd 0.0000e+00 | ewc 0.0000e+00 | val 1.4480e-03 | lr 2.50e-05 | 40.19s
2025-07-19 15:47:34,508 - Epoch 023 | task 6.4216e-04 | kd 0.0000e+00 | ewc 0.0000e+00 | val 1.5457e-03 | lr 2.50e-05 | 39.70s
2025-07-19 15:48:14,483 - Epoch 024 | task 5.9253e-04 | kd 0.0000e+00 | ewc 0.0000e+00 | val 1.3421e-03 | lr 2.50e-05 | 39.97s
2025-07-19 15:48:55,328 - Epoch 025 | task 5.6503e-04 | kd 0.0000e+00 | ewc 0.0000e+00 | val 1.5881e-03 | lr 2.50e-05 | 40.84s
2025-07-19 15:49:35,452 - Epoch 026 | task 5.6193e-04 | kd 0.0000e+00 | ewc 0.0000e+00 | val 1.4503e-03 | lr 1.25e-05 | 40.12s
2025-07-19 15:50:17,053 - Epoch 027 | task 5.2302e-04 | kd 0.0000e+00 | ewc 0.0000e+00 | val 1.5503e-03 | lr 1.25e-05 | 41.60s
2025-07-19 15:50:57,664 - Epoch 028 | task 5.1776e-04 | kd 0.0000e+00 | ewc 0.0000e+00 | val 1.8023e-03 | lr 1.25e-05 | 40.61s
2025-07-19 15:51:38,220 - Epoch 029 | task 5.1685e-04 | kd 0.0000e+00 | ewc 0.0000e+00 | val 1.3515e-03 | lr 1.25e-05 | 40.55s
2025-07-19 15:52:21,093 - Epoch 030 | task 5.0547e-04 | kd 0.0000e+00 | ewc 0.0000e+00 | val 1.4503e-03 | lr 1.25e-05 | 42.87s
2025-07-19 15:53:01,479 - Epoch 031 | task 4.9975e-04 | kd 0.0000e+00 | ewc 0.0000e+00 | val 1.7437e-03 | lr 1.25e-05 | 40.38s
2025-07-19 15:53:41,539 - Epoch 032 | task 5.0343e-04 | kd 0.0000e+00 | ewc 0.0000e+00 | val 1.3586e-03 | lr 6.25e-06 | 40.06s
2025-07-19 15:54:21,253 - Epoch 033 | task 4.6890e-04 | kd 0.0000e+00 | ewc 0.0000e+00 | val 1.3866e-03 | lr 6.25e-06 | 39.71s
2025-07-19 15:55:00,878 - Epoch 034 | task 4.6830e-04 | kd 0.0000e+00 | ewc 0.0000e+00 | val 1.3600e-03 | lr 6.25e-06 | 39.62s
2025-07-19 15:55:00,880 - Early stopping at epoch 35
2025-07-19 15:55:03,163 - Consolidate lambda: 0.0000
2025-07-19 15:55:03,164 - Applying LWF alpha: 0.0000
2025-07-19 15:55:36,091 - ==== Training task task2 completed ====
2025-07-19 15:55:36,092 - ==== Evaluating task task2 ====
2025-07-19 15:55:37,448 - RMSE: 1.4101e-01, MAE: 1.3178e-01, R²: -61.6239
2025-07-19 15:55:37,450 - Current task task2 metrics: RMSE=1.4101e-01, MAE=1.3178e-01, R²=-61.6239
2025-07-19 15:55:51,218 - RMSE: 9.6029e-02, MAE: 7.7599e-02, R²: -0.3026
2025-07-19 15:55:51,220 - Full test metrics: RMSE=9.6029e-02, MAE=7.7599e-02, R²=-0.3026
2025-07-19 15:55:59,951 - ==== Evaluation for task task2 completed ====
2025-07-19 15:55:59,961 - ==== Incremental Training Completed ====
