2025-08-15 20:57:48,009 - INFO - ==== Incremental Training (SI + KD via IncTrainer) ====
2025-08-15 20:57:48,013 - INFO - Number of tasks: 3
2025-08-15 21:00:18,593 - INFO - Incremental training - Task 0 Train IDs: ['03', '27', '05', '21', '11'], size: 107395
2025-08-15 21:00:18,619 - INFO - Incremental training - Task 0 Val IDs: ['01'], size: 20028
2025-08-15 21:00:18,626 - INFO - Incremental training - Test Task 0 size: 8584
2025-08-15 21:00:18,633 - INFO - Incremental training - Task 1 Train IDs: ['23', '25', '07'], size: 66660
2025-08-15 21:00:18,640 - INFO - Incremental training - Task 1 Val IDs: ['19'], size: 16183
2025-08-15 21:00:18,648 - INFO - Incremental training - Test Task 1 size: 6937
2025-08-15 21:00:18,655 - INFO - Incremental training - Task 2 Train IDs: ['09', '15', '29'], size: 31589
2025-08-15 21:00:18,662 - INFO - Incremental training - Task 2 Val IDs: ['13'], size: 4511
2025-08-15 21:00:18,668 - INFO - Incremental training - Test Task 2 size: 1934
2025-08-15 21:00:18,865 - INFO -   (Scaler) Scaler centers: [ 3.3374245   0.101279   27.50083333]
2025-08-15 21:00:19,098 - INFO -   (Scaler) Scaler scales: [0.18253608 1.77971742 1.05683333]
2025-08-15 21:00:31,179 - INFO - ========== Model Structure ==========
2025-08-15 21:00:31,184 - INFO - 
SOHLSTM(
  (lstm): LSTM(3, 128, num_layers=2, batch_first=True, dropout=0.3)
  (fc): Sequential(
    (0): Linear(in_features=128, out_features=64, bias=True)
    (1): LeakyReLU(negative_slope=0.01)
    (2): Dropout(p=0.3, inplace=False)
    (3): Linear(in_features=64, out_features=1, bias=True)
  )
)
2025-08-15 21:00:31,190 - INFO - =====================================
2025-08-15 21:00:31,192 - INFO - ====== Model Parameters Details ======
2025-08-15 21:00:31,197 - INFO - lstm.weight_ih_l0                                  | trainable |     1536 params
2025-08-15 21:00:31,202 - INFO - lstm.weight_hh_l0                                  | trainable |    65536 params
2025-08-15 21:00:31,207 - INFO - lstm.bias_ih_l0                                    | trainable |      512 params
2025-08-15 21:00:31,214 - INFO - lstm.bias_hh_l0                                    | trainable |      512 params
2025-08-15 21:00:31,217 - INFO - lstm.weight_ih_l1                                  | trainable |    65536 params
2025-08-15 21:00:31,221 - INFO - lstm.weight_hh_l1                                  | trainable |    65536 params
2025-08-15 21:00:31,226 - INFO - lstm.bias_ih_l1                                    | trainable |      512 params
2025-08-15 21:00:31,230 - INFO - lstm.bias_hh_l1                                    | trainable |      512 params
2025-08-15 21:00:31,236 - INFO - fc.0.weight                                        | trainable |     8192 params
2025-08-15 21:00:31,241 - INFO - fc.0.bias                                          | trainable |       64 params
2025-08-15 21:00:31,247 - INFO - fc.3.weight                                        | trainable |       64 params
2025-08-15 21:00:31,251 - INFO - fc.3.bias                                          | trainable |        1 params
2025-08-15 21:00:31,255 - INFO - --------------------------------------------------------------------------------
2025-08-15 21:00:31,261 - INFO - Total params:                                          208513 params (only trainable)
2025-08-15 21:00:31,268 - INFO - =====================================
2025-08-15 21:06:10,085 - INFO - [Task 0][Epoch 0] train=3.4183e-02 val=1.8106e-03 | KL=0.000 | Lambda: KD=0.0000 SI=0.0000 | Ratio: KD=0.00% SI=0.00% | lr=1.00e-04 time=121.16s
2025-08-15 21:08:22,255 - INFO - [Task 0][Epoch 1] train=7.4524e-03 val=9.6827e-04 | KL=0.000 | Lambda: KD=0.0000 SI=0.0000 | Ratio: KD=0.00% SI=0.00% | lr=1.00e-04 time=132.07s
2025-08-15 21:10:57,889 - INFO - [Task 0][Epoch 2] train=5.6415e-03 val=1.1449e-03 | KL=0.000 | Lambda: KD=0.0000 SI=0.0000 | Ratio: KD=0.00% SI=0.00% | lr=1.00e-04 time=155.55s
2025-08-15 21:13:41,277 - INFO - [Task 0][Epoch 3] train=4.6389e-03 val=5.0094e-04 | KL=0.000 | Lambda: KD=0.0000 SI=0.0000 | Ratio: KD=0.00% SI=0.00% | lr=1.00e-04 time=163.37s
2025-08-15 21:16:24,615 - INFO - [Task 0][Epoch 4] train=3.7085e-03 val=1.0208e-03 | KL=0.000 | Lambda: KD=0.0000 SI=0.0000 | Ratio: KD=0.00% SI=0.00% | lr=1.00e-04 time=163.25s
2025-08-15 21:19:08,005 - INFO - [Task 0][Epoch 5] train=2.8454e-03 val=3.8385e-04 | KL=0.000 | Lambda: KD=0.0000 SI=0.0000 | Ratio: KD=0.00% SI=0.00% | lr=1.00e-04 time=163.37s
2025-08-15 21:21:51,544 - INFO - [Task 0][Epoch 6] train=1.9421e-03 val=3.4660e-04 | KL=0.000 | Lambda: KD=0.0000 SI=0.0000 | Ratio: KD=0.00% SI=0.00% | lr=1.00e-04 time=163.45s
2025-08-15 21:24:18,564 - INFO - [Task 0][Epoch 7] train=1.3745e-03 val=2.3536e-04 | KL=0.000 | Lambda: KD=0.0000 SI=0.0000 | Ratio: KD=0.00% SI=0.00% | lr=1.00e-04 time=146.92s
2025-08-15 21:27:08,496 - INFO - [Task 0][Epoch 8] train=1.1364e-03 val=2.8731e-04 | KL=0.000 | Lambda: KD=0.0000 SI=0.0000 | Ratio: KD=0.00% SI=0.00% | lr=1.00e-04 time=169.82s
2025-08-15 21:29:54,614 - INFO - [Task 0][Epoch 9] train=8.5875e-04 val=9.2570e-04 | KL=0.000 | Lambda: KD=0.0000 SI=0.0000 | Ratio: KD=0.00% SI=0.00% | lr=1.00e-04 time=166.09s
2025-08-15 21:32:09,215 - INFO - [Task 0][Epoch 10] train=6.4584e-04 val=9.1032e-04 | KL=0.000 | Lambda: KD=0.0000 SI=0.0000 | Ratio: KD=0.00% SI=0.00% | lr=1.00e-04 time=134.59s
2025-08-15 21:34:20,050 - INFO - [Task 0][Epoch 11] train=5.3215e-04 val=1.2565e-03 | KL=0.000 | Lambda: KD=0.0000 SI=0.0000 | Ratio: KD=0.00% SI=0.00% | lr=1.00e-04 time=130.82s
2025-08-15 21:37:02,791 - INFO - [Task 0][Epoch 12] train=4.7213e-04 val=8.5282e-03 | KL=0.000 | Lambda: KD=0.0000 SI=0.0000 | Ratio: KD=0.00% SI=0.00% | lr=1.00e-04 time=162.73s
2025-08-15 21:39:52,178 - INFO - [Task 0][Epoch 13] train=4.5206e-04 val=2.6870e-03 | KL=0.000 | Lambda: KD=0.0000 SI=0.0000 | Ratio: KD=0.00% SI=0.00% | lr=5.00e-05 time=169.36s
2025-08-15 21:42:41,923 - INFO - [Task 0][Epoch 14] train=3.1625e-04 val=1.1495e-02 | KL=0.000 | Lambda: KD=0.0000 SI=0.0000 | Ratio: KD=0.00% SI=0.00% | lr=5.00e-05 time=169.73s
2025-08-15 21:45:33,046 - INFO - [Task 0][Epoch 15] train=2.0442e-04 val=1.1450e-02 | KL=0.000 | Lambda: KD=0.0000 SI=0.0000 | Ratio: KD=0.00% SI=0.00% | lr=5.00e-05 time=171.08s
2025-08-15 21:48:24,836 - INFO - [Task 0][Epoch 16] train=2.8454e-04 val=5.0561e-03 | KL=0.000 | Lambda: KD=0.0000 SI=0.0000 | Ratio: KD=0.00% SI=0.00% | lr=5.00e-05 time=171.77s
2025-08-15 21:51:18,135 - INFO - [Task 0][Epoch 17] train=4.2232e-04 val=7.1749e-03 | KL=0.000 | Lambda: KD=0.0000 SI=0.0000 | Ratio: KD=0.00% SI=0.00% | lr=5.00e-05 time=173.28s
2025-08-15 21:54:11,292 - INFO - [Task 0][Epoch 18] train=2.4178e-04 val=7.7412e-03 | KL=0.000 | Lambda: KD=0.0000 SI=0.0000 | Ratio: KD=0.00% SI=0.00% | lr=5.00e-05 time=173.14s
2025-08-15 21:57:00,359 - INFO - [Task 0][Epoch 19] train=1.7374e-04 val=8.2510e-03 | KL=0.000 | Lambda: KD=0.0000 SI=0.0000 | Ratio: KD=0.00% SI=0.00% | lr=2.50e-05 time=169.05s
2025-08-15 21:59:47,233 - INFO - [Task 0][Epoch 20] train=1.1908e-04 val=7.0348e-03 | KL=0.000 | Lambda: KD=0.0000 SI=0.0000 | Ratio: KD=0.00% SI=0.00% | lr=2.50e-05 time=166.85s
2025-08-15 22:02:28,328 - INFO - [Task 0][Epoch 21] train=1.0881e-04 val=4.9684e-03 | KL=0.000 | Lambda: KD=0.0000 SI=0.0000 | Ratio: KD=0.00% SI=0.00% | lr=2.50e-05 time=161.08s
2025-08-15 22:05:09,602 - INFO - [Task 0][Epoch 22] train=9.9826e-05 val=5.4105e-03 | KL=0.000 | Lambda: KD=0.0000 SI=0.0000 | Ratio: KD=0.00% SI=0.00% | lr=2.50e-05 time=161.26s
2025-08-15 22:07:57,216 - INFO - [Task 0][Epoch 23] train=9.6723e-05 val=4.8673e-03 | KL=0.000 | Lambda: KD=0.0000 SI=0.0000 | Ratio: KD=0.00% SI=0.00% | lr=2.50e-05 time=167.59s
2025-08-15 22:10:42,793 - INFO - [Task 0][Epoch 24] train=9.0518e-05 val=4.2275e-03 | KL=0.000 | Lambda: KD=0.0000 SI=0.0000 | Ratio: KD=0.00% SI=0.00% | lr=2.50e-05 time=165.56s
2025-08-15 22:13:11,498 - INFO - [Task 0][Epoch 25] train=8.6469e-05 val=8.7125e-03 | KL=0.000 | Lambda: KD=0.0000 SI=0.0000 | Ratio: KD=0.00% SI=0.00% | lr=1.25e-05 time=148.69s
2025-08-15 22:15:37,960 - INFO - [Task 0][Epoch 26] train=8.0020e-05 val=4.1118e-03 | KL=0.000 | Lambda: KD=0.0000 SI=0.0000 | Ratio: KD=0.00% SI=0.00% | lr=1.25e-05 time=146.45s
2025-08-15 22:18:03,564 - INFO - [Task 0][Epoch 27] train=7.8008e-05 val=4.4624e-03 | KL=0.000 | Lambda: KD=0.0000 SI=0.0000 | Ratio: KD=0.00% SI=0.00% | lr=1.25e-05 time=145.57s
2025-08-15 22:18:03,575 - INFO - [Task 0] Early stopping at epoch 27
2025-08-15 22:18:33,470 - INFO - [Task 0] Saved model + SI state at /beegfs/home/users/z/zzhuqshun/Thesis/final/tryout_tau10_small_kd_si_decay/task0/task0_best.pt
2025-08-15 22:20:21,340 - INFO - [Task 1][Epoch 0] train=1.4131e-03 val=7.1453e-04 | KL=0.570 | Lambda: KD=0.0000 SI=0.0000 | Ratio: KD=0.00% SI=0.00% | lr=1.00e-04 time=100.77s
2025-08-15 22:22:02,147 - INFO - [Task 1][Epoch 1] train=9.2287e-04 val=1.5438e-03 | KL=0.569 | Lambda: KD=0.0095 SI=0.0004 | Ratio: KD=13.44% SI=2.44% | lr=1.00e-04 time=100.79s
2025-08-15 22:23:43,974 - INFO - [Task 1][Epoch 2] train=9.7279e-04 val=1.8050e-03 | KL=0.566 | Lambda: KD=0.0191 SI=0.0007 | Ratio: KD=25.14% SI=5.48% | lr=1.00e-04 time=101.81s
2025-08-15 22:25:20,421 - INFO - [Task 1][Epoch 3] train=1.0219e-03 val=1.3386e-03 | KL=0.569 | Lambda: KD=0.0286 SI=0.0011 | Ratio: KD=34.81% SI=8.11% | lr=1.00e-04 time=96.44s
2025-08-15 22:26:56,891 - INFO - [Task 1][Epoch 4] train=1.0742e-03 val=1.3722e-03 | KL=0.564 | Lambda: KD=0.0381 SI=0.0014 | Ratio: KD=43.60% SI=9.31% | lr=1.00e-04 time=96.47s
2025-08-15 22:28:32,999 - INFO - [Task 1][Epoch 5] train=1.2301e-03 val=2.3138e-03 | KL=0.572 | Lambda: KD=0.0476 SI=0.0018 | Ratio: KD=46.69% SI=9.55% | lr=1.00e-04 time=96.09s
2025-08-15 22:30:08,972 - INFO - [Task 1][Epoch 6] train=1.3489e-03 val=2.2080e-03 | KL=0.562 | Lambda: KD=0.0572 SI=0.0021 | Ratio: KD=49.84% SI=9.82% | lr=5.00e-05 time=95.97s
2025-08-15 22:31:44,801 - INFO - [Task 1][Epoch 7] train=1.3678e-03 val=2.0152e-03 | KL=0.567 | Lambda: KD=0.0667 SI=0.0025 | Ratio: KD=56.46% SI=10.51% | lr=5.00e-05 time=95.83s
2025-08-15 22:33:21,134 - INFO - [Task 1][Epoch 8] train=1.5008e-03 val=1.9088e-03 | KL=0.572 | Lambda: KD=0.0762 SI=0.0029 | Ratio: KD=58.00% SI=10.23% | lr=5.00e-05 time=96.33s
2025-08-15 22:34:56,304 - INFO - [Task 1][Epoch 9] train=1.5965e-03 val=1.7591e-03 | KL=0.563 | Lambda: KD=0.0858 SI=0.0032 | Ratio: KD=60.19% SI=9.75% | lr=5.00e-05 time=95.17s
2025-08-15 22:36:33,646 - INFO - [Task 1][Epoch 10] train=1.7042e-03 val=1.7491e-03 | KL=0.560 | Lambda: KD=0.0954 SI=0.0035 | Ratio: KD=61.59% SI=9.68% | lr=5.00e-05 time=97.34s
2025-08-15 22:38:09,972 - INFO - [Task 1][Epoch 11] train=1.7039e-03 val=1.4441e-03 | KL=0.569 | Lambda: KD=0.0953 SI=0.0035 | Ratio: KD=61.13% SI=9.60% | lr=5.00e-05 time=96.32s
2025-08-15 22:39:51,225 - INFO - [Task 1][Epoch 12] train=1.6934e-03 val=1.4420e-03 | KL=0.570 | Lambda: KD=0.0953 SI=0.0036 | Ratio: KD=61.74% SI=9.49% | lr=2.50e-05 time=101.25s
2025-08-15 22:42:06,239 - INFO - [Task 1][Epoch 13] train=1.6590e-03 val=1.2340e-03 | KL=0.574 | Lambda: KD=0.0953 SI=0.0036 | Ratio: KD=62.64% SI=9.60% | lr=2.50e-05 time=135.00s
2025-08-15 22:44:20,751 - INFO - [Task 1][Epoch 14] train=1.6348e-03 val=1.7225e-03 | KL=0.563 | Lambda: KD=0.0954 SI=0.0035 | Ratio: KD=63.65% SI=9.34% | lr=2.50e-05 time=134.49s
2025-08-15 22:46:56,886 - INFO - [Task 1][Epoch 15] train=1.6321e-03 val=1.9615e-03 | KL=0.567 | Lambda: KD=0.0953 SI=0.0035 | Ratio: KD=63.67% SI=9.30% | lr=2.50e-05 time=156.12s
2025-08-15 22:50:00,900 - INFO - [Task 1][Epoch 16] train=1.6193e-03 val=2.0812e-03 | KL=0.568 | Lambda: KD=0.0953 SI=0.0035 | Ratio: KD=64.27% SI=9.21% | lr=2.50e-05 time=183.98s
2025-08-15 22:52:53,113 - INFO - [Task 1][Epoch 17] train=1.6334e-03 val=1.8948e-03 | KL=0.572 | Lambda: KD=0.0953 SI=0.0036 | Ratio: KD=63.62% SI=9.07% | lr=2.50e-05 time=172.20s
2025-08-15 22:55:47,363 - INFO - [Task 1][Epoch 18] train=1.6183e-03 val=1.8642e-03 | KL=0.570 | Lambda: KD=0.0953 SI=0.0036 | Ratio: KD=64.17% SI=9.05% | lr=1.25e-05 time=174.22s
2025-08-15 22:58:38,245 - INFO - [Task 1][Epoch 19] train=1.5899e-03 val=2.0376e-03 | KL=0.564 | Lambda: KD=0.0953 SI=0.0035 | Ratio: KD=65.21% SI=9.17% | lr=1.25e-05 time=170.84s
2025-08-15 23:01:33,408 - INFO - [Task 1][Epoch 20] train=1.5867e-03 val=1.9214e-03 | KL=0.566 | Lambda: KD=0.0953 SI=0.0035 | Ratio: KD=65.19% SI=9.19% | lr=1.25e-05 time=175.14s
2025-08-15 23:01:33,429 - INFO - [Task 1] Early stopping at epoch 20
2025-08-15 23:03:13,861 - INFO - [Task 2][Epoch 0] train=2.3111e-03 val=1.8268e-03 | KL=1.554 | Lambda: KD=0.0000 SI=0.0000 | Ratio: KD=0.00% SI=0.00% | lr=1.00e-04 time=78.00s
2025-08-15 23:04:38,863 - INFO - [Task 2][Epoch 1] train=1.7325e-03 val=1.1707e-03 | KL=1.552 | Lambda: KD=0.0088 SI=0.0008 | Ratio: KD=4.32% SI=1.80% | lr=1.00e-04 time=84.75s
2025-08-15 23:06:01,319 - INFO - [Task 2][Epoch 2] train=1.6534e-03 val=1.7741e-03 | KL=1.553 | Lambda: KD=0.0176 SI=0.0015 | Ratio: KD=9.08% SI=5.16% | lr=1.00e-04 time=82.25s
2025-08-15 23:07:24,399 - INFO - [Task 2][Epoch 3] train=1.5216e-03 val=1.9418e-03 | KL=1.552 | Lambda: KD=0.0264 SI=0.0023 | Ratio: KD=14.83% SI=9.14% | lr=1.00e-04 time=83.06s
2025-08-15 23:08:45,349 - INFO - [Task 2][Epoch 4] train=1.7929e-03 val=1.0435e-03 | KL=1.553 | Lambda: KD=0.0352 SI=0.0030 | Ratio: KD=16.22% SI=10.09% | lr=1.00e-04 time=80.92s
2025-08-15 23:10:08,464 - INFO - [Task 2][Epoch 5] train=2.1929e-03 val=1.4085e-03 | KL=1.551 | Lambda: KD=0.0440 SI=0.0038 | Ratio: KD=16.34% SI=10.72% | lr=1.00e-04 time=82.94s
2025-08-15 23:11:31,875 - INFO - [Task 2][Epoch 6] train=1.8769e-03 val=1.3579e-03 | KL=1.552 | Lambda: KD=0.0528 SI=0.0045 | Ratio: KD=22.83% SI=13.25% | lr=1.00e-04 time=83.39s
2025-08-15 23:12:49,719 - INFO - [Task 2][Epoch 7] train=1.9435e-03 val=1.2614e-03 | KL=1.553 | Lambda: KD=0.0616 SI=0.0053 | Ratio: KD=25.63% SI=13.69% | lr=1.00e-04 time=77.82s
2025-08-15 23:14:09,592 - INFO - [Task 2][Epoch 8] train=2.1170e-03 val=7.5482e-04 | KL=1.553 | Lambda: KD=0.0704 SI=0.0060 | Ratio: KD=26.07% SI=13.74% | lr=1.00e-04 time=79.85s
2025-08-15 23:15:28,893 - INFO - [Task 2][Epoch 9] train=2.2647e-03 val=1.2169e-03 | KL=1.551 | Lambda: KD=0.0792 SI=0.0068 | Ratio: KD=26.87% SI=14.10% | lr=1.00e-04 time=79.11s
2025-08-15 23:16:48,353 - INFO - [Task 2][Epoch 10] train=2.3824e-03 val=1.4981e-03 | KL=1.553 | Lambda: KD=0.0880 SI=0.0075 | Ratio: KD=27.98% SI=14.23% | lr=1.00e-04 time=79.44s
2025-08-15 23:18:08,620 - INFO - [Task 2][Epoch 11] train=2.2513e-03 val=1.1222e-03 | KL=1.551 | Lambda: KD=0.0880 SI=0.0075 | Ratio: KD=29.66% SI=14.73% | lr=1.00e-04 time=80.24s
2025-08-15 23:19:27,479 - INFO - [Task 2][Epoch 12] train=2.3019e-03 val=8.8906e-04 | KL=1.554 | Lambda: KD=0.0880 SI=0.0075 | Ratio: KD=28.99% SI=13.06% | lr=1.00e-04 time=78.83s
2025-08-15 23:20:46,932 - INFO - [Task 2][Epoch 13] train=2.1554e-03 val=5.7421e-04 | KL=1.554 | Lambda: KD=0.0880 SI=0.0075 | Ratio: KD=31.13% SI=13.54% | lr=1.00e-04 time=79.43s
2025-08-15 23:22:07,197 - INFO - [Task 2][Epoch 14] train=2.2822e-03 val=6.2243e-04 | KL=1.552 | Lambda: KD=0.0880 SI=0.0075 | Ratio: KD=29.33% SI=12.94% | lr=1.00e-04 time=80.06s
2025-08-15 23:23:27,485 - INFO - [Task 2][Epoch 15] train=2.1351e-03 val=9.2248e-04 | KL=1.553 | Lambda: KD=0.0880 SI=0.0075 | Ratio: KD=31.61% SI=13.35% | lr=1.00e-04 time=80.22s
2025-08-15 23:24:38,553 - INFO - [Task 2][Epoch 16] train=2.2007e-03 val=8.7004e-04 | KL=1.552 | Lambda: KD=0.0880 SI=0.0075 | Ratio: KD=30.46% SI=12.69% | lr=1.00e-04 time=71.05s
2025-08-15 23:25:57,971 - INFO - [Task 2][Epoch 17] train=2.1436e-03 val=1.3728e-03 | KL=1.554 | Lambda: KD=0.0880 SI=0.0075 | Ratio: KD=31.47% SI=12.81% | lr=1.00e-04 time=79.40s
2025-08-15 23:27:19,596 - INFO - [Task 2][Epoch 18] train=2.1330e-03 val=1.0134e-03 | KL=1.553 | Lambda: KD=0.0880 SI=0.0075 | Ratio: KD=31.58% SI=12.58% | lr=1.00e-04 time=81.60s
2025-08-15 23:28:39,219 - INFO - [Task 2][Epoch 19] train=2.1068e-03 val=1.1420e-03 | KL=1.555 | Lambda: KD=0.0880 SI=0.0075 | Ratio: KD=32.05% SI=12.61% | lr=5.00e-05 time=79.59s
2025-08-15 23:29:59,936 - INFO - [Task 2][Epoch 20] train=2.0452e-03 val=1.3426e-03 | KL=1.553 | Lambda: KD=0.0880 SI=0.0075 | Ratio: KD=33.09% SI=12.91% | lr=5.00e-05 time=80.69s
2025-08-15 23:31:13,385 - INFO - [Task 2][Epoch 21] train=2.0358e-03 val=1.0700e-03 | KL=1.553 | Lambda: KD=0.0880 SI=0.0075 | Ratio: KD=33.32% SI=12.66% | lr=5.00e-05 time=73.43s
2025-08-15 23:32:25,368 - INFO - [Task 2][Epoch 22] train=1.9577e-03 val=1.0744e-03 | KL=1.553 | Lambda: KD=0.0880 SI=0.0075 | Ratio: KD=34.84% SI=13.05% | lr=5.00e-05 time=71.94s
2025-08-15 23:33:35,716 - INFO - [Task 2][Epoch 23] train=1.9993e-03 val=1.4735e-03 | KL=1.553 | Lambda: KD=0.0880 SI=0.0075 | Ratio: KD=34.10% SI=12.62% | lr=5.00e-05 time=70.33s
2025-08-15 23:34:47,188 - INFO - [Task 2][Epoch 24] train=2.0197e-03 val=1.3246e-03 | KL=1.552 | Lambda: KD=0.0880 SI=0.0075 | Ratio: KD=33.45% SI=12.26% | lr=5.00e-05 time=71.46s
2025-08-15 23:36:01,327 - INFO - [Task 2][Epoch 25] train=1.9757e-03 val=1.5536e-03 | KL=1.552 | Lambda: KD=0.0880 SI=0.0075 | Ratio: KD=34.25% SI=12.40% | lr=2.50e-05 time=74.12s
2025-08-15 23:37:13,768 - INFO - [Task 2][Epoch 26] train=1.9039e-03 val=1.4226e-03 | KL=1.553 | Lambda: KD=0.0880 SI=0.0075 | Ratio: KD=35.83% SI=12.61% | lr=2.50e-05 time=72.42s
2025-08-15 23:38:25,922 - INFO - [Task 2][Epoch 27] train=1.8881e-03 val=1.5156e-03 | KL=1.554 | Lambda: KD=0.0880 SI=0.0075 | Ratio: KD=36.12% SI=12.59% | lr=2.50e-05 time=72.13s
2025-08-15 23:39:38,282 - INFO - [Task 2][Epoch 28] train=1.9111e-03 val=1.4996e-03 | KL=1.551 | Lambda: KD=0.0880 SI=0.0075 | Ratio: KD=35.68% SI=12.32% | lr=2.50e-05 time=72.34s
2025-08-15 23:40:48,723 - INFO - [Task 2][Epoch 29] train=1.8959e-03 val=1.2536e-03 | KL=1.552 | Lambda: KD=0.0880 SI=0.0075 | Ratio: KD=35.96% SI=12.37% | lr=2.50e-05 time=70.40s
2025-08-15 23:42:01,741 - INFO - [Task 2][Epoch 30] train=1.9169e-03 val=1.5060e-03 | KL=1.553 | Lambda: KD=0.0880 SI=0.0075 | Ratio: KD=35.55% SI=12.16% | lr=2.50e-05 time=73.00s
2025-08-15 23:42:59,202 - INFO - [Task 2][Epoch 31] train=1.8939e-03 val=1.4363e-03 | KL=1.552 | Lambda: KD=0.0880 SI=0.0075 | Ratio: KD=35.98% SI=12.23% | lr=1.25e-05 time=57.44s
2025-08-15 23:44:09,651 - INFO - [Task 2][Epoch 32] train=1.8532e-03 val=1.5301e-03 | KL=1.552 | Lambda: KD=0.0880 SI=0.0075 | Ratio: KD=36.66% SI=12.47% | lr=1.25e-05 time=70.44s
2025-08-15 23:45:08,454 - INFO - [Task 2][Epoch 33] train=1.8418e-03 val=1.6737e-03 | KL=1.553 | Lambda: KD=0.0880 SI=0.0075 | Ratio: KD=36.98% SI=12.46% | lr=1.25e-05 time=58.79s
2025-08-15 23:45:08,462 - INFO - [Task 2] Early stopping at epoch 33
2025-08-15 23:45:19,944 - INFO - ==== Incremental Training Complete ====
2025-08-15 23:45:19,955 - INFO - Evaluating final model...
2025-08-15 23:45:19,965 - INFO - ==== Starting Comprehensive Evaluation ====
2025-08-15 23:45:19,999 - INFO - Evaluating model trained after task 0...
2025-08-15 23:45:26,566 - INFO - Full test set evaluation: MAE=5.6224e-02, R2=0.1693
2025-08-15 23:45:31,899 - INFO -   Task 0 -> Test Task 0: MAE=2.7923e-02, R2=-29.2707
2025-08-15 23:45:33,693 - INFO -   Task 0 -> Test Task 1: MAE=3.5453e-02, R2=-2.1284
2025-08-15 23:45:34,053 - INFO -   Task 0 -> Test Task 2: MAE=7.2164e-01, R2=-980.0900
2025-08-15 23:45:34,058 - INFO - Evaluating model trained after task 1...
2025-08-15 23:45:40,528 - INFO - Full test set evaluation: MAE=3.7049e-02, R2=0.6358
2025-08-15 23:45:46,155 - INFO -   Task 1 -> Test Task 0: MAE=4.2722e-02, R2=-70.4009
2025-08-15 23:45:47,963 - INFO -   Task 1 -> Test Task 1: MAE=6.0735e-02, R2=-7.4590
2025-08-15 23:45:48,339 - INFO -   Task 1 -> Test Task 2: MAE=5.3572e-02, R2=-4.1418
2025-08-15 23:45:48,359 - INFO - Evaluating model trained after task 2...
2025-08-15 23:45:54,865 - INFO - Full test set evaluation: MAE=5.4242e-02, R2=0.4002
2025-08-15 23:46:00,769 - INFO -   Task 2 -> Test Task 0: MAE=3.9035e-02, R2=-204.8921
2025-08-15 23:46:02,577 - INFO -   Task 2 -> Test Task 1: MAE=7.2565e-02, R2=-10.8520
2025-08-15 23:46:02,951 - INFO -   Task 2 -> Test Task 2: MAE=6.6341e-02, R2=-6.4607
2025-08-15 23:46:02,969 - INFO - ==== Computing Continual Learning Metrics ====
2025-08-15 23:46:02,986 - INFO - Computing random initialization baselines...
2025-08-15 23:46:05,622 - INFO -   Baseline Task 0: R=-0.9732
2025-08-15 23:46:07,408 - INFO -   Baseline Task 1: R=-0.9253
2025-08-15 23:46:07,776 - INFO -   Baseline Task 2: R=-0.6923
2025-08-15 23:46:07,796 - INFO - ==== Continual Learning Results ====
2025-08-15 23:46:07,815 - INFO - BWT (Backward Transfer): -0.0115 (negative = forgetting)
2025-08-15 23:46:07,836 - INFO - FWT (Forward Transfer): 0.7642 (positive = beneficial transfer)
2025-08-15 23:46:07,862 - INFO - ACC (Average Accuracy): -0.0593
2025-08-15 23:46:07,885 - INFO - ==== Performance Matrix R[i][j] ====
2025-08-15 23:46:07,906 - INFO - Rows: trained after task i, Columns: evaluated on task j
2025-08-15 23:46:07,931 - INFO -        Task 0 Task 1 Task 2
2025-08-15 23:46:07,953 - INFO - Task 0: -0.0279 -0.0355 -0.7216
2025-08-15 23:46:07,973 - INFO - Task 1: -0.0427 -0.0607 -0.0536
2025-08-15 23:46:07,997 - INFO - Task 2: -0.0390 -0.0726 -0.0663
2025-08-15 23:46:08,503 - INFO - ==== Evaluation Complete ====
2025-08-15 23:46:08,524 - INFO - All results saved to: /beegfs/home/users/z/zzhuqshun/Thesis/final/tryout_tau10_small_kd_si_decay/metrics
