2025-08-03 07:37:03,810 - ==== Experiment Setup ====
2025-08-03 07:37:03,828 - Mode: incremental
2025-08-03 07:37:03,830 - Number of tasks: 3
2025-08-03 07:37:03,832 - MAS lambdas: [0.0, 0.0, 0.0]
2025-08-03 07:37:03,833 - LWF alphas: [0.0, 0.0, 0.0]
2025-08-03 07:37:03,834 - Base directory: /beegfs/home/users/z/zzhuqshun/Thesis/05_Final/mas/strategies/fine-tuning
2025-08-03 07:37:03,836 - ==== Incremental Training with MAS ====
2025-08-03 07:37:03,843 - Number of tasks: 3
2025-08-03 07:38:38,946 - Incremental training - Task 0 Train IDs: ['03', '05', '07', '27'], size: 92079
2025-08-03 07:38:38,948 - Incremental training - Task 0 Val IDs: ['01'], size: 20028
2025-08-03 07:38:38,949 - Incremental training - Test Task 0 size: 8584
2025-08-03 07:38:38,951 - Incremental training - Task 1 Train IDs: ['21', '23', '25'], size: 65674
2025-08-03 07:38:38,952 - Incremental training - Task 1 Val IDs: ['19'], size: 16183
2025-08-03 07:38:38,954 - Incremental training - Test Task 1 size: 6937
2025-08-03 07:38:38,955 - Incremental training - Task 2 Train IDs: ['09', '11', '15', '29'], size: 47891
2025-08-03 07:38:38,958 - Incremental training - Task 2 Val IDs: ['13'], size: 4511
2025-08-03 07:38:38,961 - Incremental training - Test Task 2 size: 1934
2025-08-03 07:38:38,975 -   (Scaler) Scaler centers: [ 3.31975183  0.         27.55116667]
2025-08-03 07:38:38,983 -   (Scaler) Scaler scales: [0.20016217 1.86108033 1.05333333]
2025-08-03 07:38:39,765 - --- task0 (LWF α=0.0000, MAS λ=0.0000) ---
2025-08-03 07:41:45,011 - Epoch 0: MAS loss is 0.00% of task loss
2025-08-03 07:41:50,621 - Epoch 0 task=3.8185e-02 kd=0.0000e+00 mas=0.0000e+00 val=4.0232e-04 lr=1.00e-04 time=79.20s
2025-08-03 07:43:08,637 - Epoch 1: MAS loss is 0.00% of task loss
2025-08-03 07:43:14,190 - Epoch 1 task=7.2809e-03 kd=0.0000e+00 mas=0.0000e+00 val=1.7597e-03 lr=1.00e-04 time=77.92s
2025-08-03 07:44:35,690 - Epoch 2: MAS loss is 0.00% of task loss
2025-08-03 07:44:41,243 - Epoch 2 task=5.3336e-03 kd=0.0000e+00 mas=0.0000e+00 val=4.1706e-04 lr=1.00e-04 time=81.50s
2025-08-03 07:45:58,868 - Epoch 3: MAS loss is 0.00% of task loss
2025-08-03 07:46:04,420 - Epoch 3 task=4.3114e-03 kd=0.0000e+00 mas=0.0000e+00 val=6.8748e-04 lr=1.00e-04 time=77.61s
2025-08-03 07:47:22,101 - Epoch 4: MAS loss is 0.00% of task loss
2025-08-03 07:47:27,651 - Epoch 4 task=3.4078e-03 kd=0.0000e+00 mas=0.0000e+00 val=3.6582e-04 lr=1.00e-04 time=77.68s
2025-08-03 07:48:45,667 - Epoch 5: MAS loss is 0.00% of task loss
2025-08-03 07:48:51,217 - Epoch 5 task=2.6546e-03 kd=0.0000e+00 mas=0.0000e+00 val=4.8129e-04 lr=1.00e-04 time=77.99s
2025-08-03 07:50:08,760 - Epoch 6: MAS loss is 0.00% of task loss
2025-08-03 07:50:14,311 - Epoch 6 task=2.0628e-03 kd=0.0000e+00 mas=0.0000e+00 val=4.4023e-04 lr=1.00e-04 time=77.54s
2025-08-03 07:51:31,817 - Epoch 7: MAS loss is 0.00% of task loss
2025-08-03 07:51:37,368 - Epoch 7 task=1.5515e-03 kd=0.0000e+00 mas=0.0000e+00 val=4.8434e-04 lr=1.00e-04 time=77.50s
2025-08-03 07:52:55,220 - Epoch 8: MAS loss is 0.00% of task loss
2025-08-03 07:53:00,769 - Epoch 8 task=1.1550e-03 kd=0.0000e+00 mas=0.0000e+00 val=2.7226e-04 lr=1.00e-04 time=77.85s
2025-08-03 07:54:18,447 - Epoch 9: MAS loss is 0.00% of task loss
2025-08-03 07:54:23,998 - Epoch 9 task=8.6879e-04 kd=0.0000e+00 mas=0.0000e+00 val=5.7891e-04 lr=1.00e-04 time=77.62s
2025-08-03 07:55:41,966 - Epoch 10: MAS loss is 0.00% of task loss
2025-08-03 07:55:47,520 - Epoch 10 task=6.8756e-04 kd=0.0000e+00 mas=0.0000e+00 val=3.5973e-04 lr=1.00e-04 time=77.97s
2025-08-03 07:57:05,338 - Epoch 11: MAS loss is 0.00% of task loss
2025-08-03 07:57:10,890 - Epoch 11 task=5.7616e-04 kd=0.0000e+00 mas=0.0000e+00 val=5.6247e-04 lr=1.00e-04 time=77.81s
2025-08-03 07:58:29,534 - Epoch 12: MAS loss is 0.00% of task loss
2025-08-03 07:58:35,092 - Epoch 12 task=5.1071e-04 kd=0.0000e+00 mas=0.0000e+00 val=4.8547e-04 lr=1.00e-04 time=78.65s
2025-08-03 07:59:57,949 - Epoch 13: MAS loss is 0.00% of task loss
2025-08-03 08:00:03,473 - Epoch 13 task=4.8133e-04 kd=0.0000e+00 mas=0.0000e+00 val=4.9939e-04 lr=1.00e-04 time=82.85s
2025-08-03 08:01:21,709 - Epoch 14: MAS loss is 0.00% of task loss
2025-08-03 08:01:27,235 - Epoch 14 task=4.6047e-04 kd=0.0000e+00 mas=0.0000e+00 val=4.9492e-04 lr=1.00e-04 time=78.22s
2025-08-03 08:02:45,611 - Epoch 15: MAS loss is 0.00% of task loss
2025-08-03 08:02:51,138 - Epoch 15 task=3.7164e-04 kd=0.0000e+00 mas=0.0000e+00 val=5.8680e-04 lr=5.00e-05 time=78.37s
2025-08-03 08:04:05,147 - Epoch 16: MAS loss is 0.00% of task loss
2025-08-03 08:04:10,666 - Epoch 16 task=3.2067e-04 kd=0.0000e+00 mas=0.0000e+00 val=8.5837e-04 lr=5.00e-05 time=74.01s
2025-08-03 08:05:25,196 - Epoch 17: MAS loss is 0.00% of task loss
2025-08-03 08:05:30,706 - Epoch 17 task=2.9085e-04 kd=0.0000e+00 mas=0.0000e+00 val=7.3020e-04 lr=5.00e-05 time=74.53s
2025-08-03 08:06:48,225 - Epoch 18: MAS loss is 0.00% of task loss
2025-08-03 08:06:53,737 - Epoch 18 task=2.9829e-04 kd=0.0000e+00 mas=0.0000e+00 val=5.0135e-04 lr=5.00e-05 time=77.49s
2025-08-03 08:08:08,720 - Epoch 19: MAS loss is 0.00% of task loss
2025-08-03 08:08:14,230 - Epoch 19 task=3.1292e-04 kd=0.0000e+00 mas=0.0000e+00 val=6.2593e-04 lr=5.00e-05 time=74.98s
2025-08-03 08:09:29,912 - Epoch 20: MAS loss is 0.00% of task loss
2025-08-03 08:09:35,421 - Epoch 20 task=2.5953e-04 kd=0.0000e+00 mas=0.0000e+00 val=9.0416e-04 lr=5.00e-05 time=75.68s
2025-08-03 08:10:52,333 - Epoch 21: MAS loss is 0.00% of task loss
2025-08-03 08:10:57,843 - Epoch 21 task=2.1207e-04 kd=0.0000e+00 mas=0.0000e+00 val=6.8088e-04 lr=2.50e-05 time=76.91s
2025-08-03 08:12:13,495 - Epoch 22: MAS loss is 0.00% of task loss
2025-08-03 08:12:19,006 - Epoch 22 task=2.0596e-04 kd=0.0000e+00 mas=0.0000e+00 val=6.7780e-04 lr=2.50e-05 time=75.65s
2025-08-03 08:13:37,364 - Epoch 23: MAS loss is 0.00% of task loss
2025-08-03 08:13:42,876 - Epoch 23 task=2.1482e-04 kd=0.0000e+00 mas=0.0000e+00 val=8.5682e-04 lr=2.50e-05 time=78.36s
2025-08-03 08:14:58,314 - Epoch 24: MAS loss is 0.00% of task loss
2025-08-03 08:15:03,827 - Epoch 24 task=2.1359e-04 kd=0.0000e+00 mas=0.0000e+00 val=6.7052e-04 lr=2.50e-05 time=75.43s
2025-08-03 08:16:20,123 - Epoch 25: MAS loss is 0.00% of task loss
2025-08-03 08:16:25,643 - Epoch 25 task=2.0047e-04 kd=0.0000e+00 mas=0.0000e+00 val=4.8121e-04 lr=2.50e-05 time=76.29s
2025-08-03 08:17:41,101 - Epoch 26: MAS loss is 0.00% of task loss
2025-08-03 08:17:46,620 - Epoch 26 task=1.9404e-04 kd=0.0000e+00 mas=0.0000e+00 val=4.7754e-04 lr=2.50e-05 time=75.46s
2025-08-03 08:19:04,043 - Epoch 27: MAS loss is 0.00% of task loss
2025-08-03 08:19:09,558 - Epoch 27 task=1.9440e-04 kd=0.0000e+00 mas=0.0000e+00 val=5.5475e-04 lr=1.25e-05 time=77.42s
2025-08-03 08:20:39,718 - Epoch 28: MAS loss is 0.00% of task loss
2025-08-03 08:20:45,238 - Epoch 28 task=1.8160e-04 kd=0.0000e+00 mas=0.0000e+00 val=3.6687e-04 lr=1.25e-05 time=90.16s
2025-08-03 08:20:45,321 - Early stopping at epoch 28
2025-08-03 08:20:51,012 - Consolidating task 0 with MAS lambda: 0.0000
2025-08-03 08:21:55,656 - MAS importance normalized with scale 0.0186
2025-08-03 08:21:55,662 - Task 0 consolidated with MAS lambda=0.0000
2025-08-03 08:21:55,665 - Task 0 completed and consolidated.
2025-08-03 08:21:55,667 - --- task1 (LWF α=0.0000, MAS λ=0.0000) ---
2025-08-03 08:23:00,092 - Epoch 0: MAS loss is 0.00% of task loss
2025-08-03 08:23:04,585 - Epoch 0 task=2.5955e-03 kd=0.0000e+00 mas=0.0000e+00 val=8.7024e-04 lr=1.00e-04 time=64.26s
2025-08-03 08:24:04,040 - Epoch 1: MAS loss is 0.00% of task loss
2025-08-03 08:24:08,523 - Epoch 1 task=1.9430e-03 kd=0.0000e+00 mas=0.0000e+00 val=1.3521e-03 lr=1.00e-04 time=59.35s
2025-08-03 08:25:21,185 - Epoch 2: MAS loss is 0.00% of task loss
2025-08-03 08:25:25,679 - Epoch 2 task=1.5836e-03 kd=0.0000e+00 mas=0.0000e+00 val=4.3355e-04 lr=1.00e-04 time=72.64s
2025-08-03 08:26:50,060 - Epoch 3: MAS loss is 0.00% of task loss
2025-08-03 08:26:54,560 - Epoch 3 task=1.4219e-03 kd=0.0000e+00 mas=0.0000e+00 val=1.4225e-03 lr=1.00e-04 time=84.33s
2025-08-03 08:28:06,737 - Epoch 4: MAS loss is 0.00% of task loss
2025-08-03 08:28:11,232 - Epoch 4 task=1.2357e-03 kd=0.0000e+00 mas=0.0000e+00 val=5.3312e-04 lr=1.00e-04 time=72.15s
2025-08-03 08:29:29,720 - Epoch 5: MAS loss is 0.00% of task loss
2025-08-03 08:29:34,206 - Epoch 5 task=1.1648e-03 kd=0.0000e+00 mas=0.0000e+00 val=9.8105e-04 lr=1.00e-04 time=78.48s
2025-08-03 08:30:55,174 - Epoch 6: MAS loss is 0.00% of task loss
2025-08-03 08:30:59,659 - Epoch 6 task=1.1290e-03 kd=0.0000e+00 mas=0.0000e+00 val=6.9671e-04 lr=1.00e-04 time=80.96s
2025-08-03 08:32:18,111 - Epoch 7: MAS loss is 0.00% of task loss
2025-08-03 08:32:22,597 - Epoch 7 task=1.0328e-03 kd=0.0000e+00 mas=0.0000e+00 val=9.9193e-04 lr=1.00e-04 time=78.44s
2025-08-03 08:33:35,933 - Epoch 8: MAS loss is 0.00% of task loss
2025-08-03 08:33:40,422 - Epoch 8 task=1.1253e-03 kd=0.0000e+00 mas=0.0000e+00 val=8.3216e-04 lr=1.00e-04 time=73.33s
2025-08-03 08:34:47,995 - Epoch 9: MAS loss is 0.00% of task loss
2025-08-03 08:34:52,499 - Epoch 9 task=1.0929e-03 kd=0.0000e+00 mas=0.0000e+00 val=5.9628e-04 lr=5.00e-05 time=67.58s
2025-08-03 08:36:00,054 - Epoch 10: MAS loss is 0.00% of task loss
2025-08-03 08:36:04,539 - Epoch 10 task=8.9604e-04 kd=0.0000e+00 mas=0.0000e+00 val=5.0200e-04 lr=5.00e-05 time=67.52s
2025-08-03 08:37:04,190 - Epoch 11: MAS loss is 0.00% of task loss
2025-08-03 08:37:08,684 - Epoch 11 task=5.3148e-04 kd=0.0000e+00 mas=0.0000e+00 val=6.5949e-04 lr=5.00e-05 time=59.65s
2025-08-03 08:38:07,670 - Epoch 12: MAS loss is 0.00% of task loss
2025-08-03 08:38:12,158 - Epoch 12 task=4.4405e-04 kd=0.0000e+00 mas=0.0000e+00 val=7.8278e-04 lr=5.00e-05 time=58.97s
2025-08-03 08:39:13,139 - Epoch 13: MAS loss is 0.00% of task loss
2025-08-03 08:39:17,628 - Epoch 13 task=4.0289e-04 kd=0.0000e+00 mas=0.0000e+00 val=8.4582e-04 lr=5.00e-05 time=60.98s
2025-08-03 08:40:31,317 - Epoch 14: MAS loss is 0.00% of task loss
2025-08-03 08:40:35,811 - Epoch 14 task=3.4723e-04 kd=0.0000e+00 mas=0.0000e+00 val=6.8055e-04 lr=5.00e-05 time=73.68s
2025-08-03 08:41:50,184 - Epoch 15: MAS loss is 0.00% of task loss
2025-08-03 08:41:54,677 - Epoch 15 task=3.1838e-04 kd=0.0000e+00 mas=0.0000e+00 val=7.8412e-04 lr=2.50e-05 time=74.37s
2025-08-03 08:43:09,966 - Epoch 16: MAS loss is 0.00% of task loss
2025-08-03 08:43:14,455 - Epoch 16 task=3.1232e-04 kd=0.0000e+00 mas=0.0000e+00 val=1.6567e-03 lr=2.50e-05 time=75.28s
2025-08-03 08:44:36,937 - Epoch 17: MAS loss is 0.00% of task loss
2025-08-03 08:44:41,444 - Epoch 17 task=3.2023e-04 kd=0.0000e+00 mas=0.0000e+00 val=1.8930e-03 lr=2.50e-05 time=82.50s
2025-08-03 08:46:03,694 - Epoch 18: MAS loss is 0.00% of task loss
2025-08-03 08:46:08,181 - Epoch 18 task=2.9230e-04 kd=0.0000e+00 mas=0.0000e+00 val=7.0888e-04 lr=2.50e-05 time=82.24s
2025-08-03 08:47:27,709 - Epoch 19: MAS loss is 0.00% of task loss
2025-08-03 08:47:32,203 - Epoch 19 task=3.0038e-04 kd=0.0000e+00 mas=0.0000e+00 val=2.3767e-03 lr=2.50e-05 time=79.52s
2025-08-03 08:48:50,355 - Epoch 20: MAS loss is 0.00% of task loss
2025-08-03 08:48:54,842 - Epoch 20 task=2.8370e-04 kd=0.0000e+00 mas=0.0000e+00 val=1.6504e-03 lr=2.50e-05 time=78.14s
2025-08-03 08:50:14,518 - Epoch 21: MAS loss is 0.00% of task loss
2025-08-03 08:50:19,010 - Epoch 21 task=2.6284e-04 kd=0.0000e+00 mas=0.0000e+00 val=1.7220e-03 lr=1.25e-05 time=79.67s
2025-08-03 08:51:48,040 - Epoch 22: MAS loss is 0.00% of task loss
2025-08-03 08:51:52,534 - Epoch 22 task=2.5397e-04 kd=0.0000e+00 mas=0.0000e+00 val=8.4130e-04 lr=1.25e-05 time=89.02s
2025-08-03 08:51:52,547 - Early stopping at epoch 22
2025-08-03 08:51:55,522 - Consolidating task 1 with MAS lambda: 0.0000
2025-08-03 08:52:41,579 - MAS importance normalized with scale 0.0251
2025-08-03 08:52:41,607 - Task 1 consolidated with MAS lambda=0.0000
2025-08-03 08:52:41,619 - Task 1 completed and consolidated.
2025-08-03 08:52:41,632 - --- task2 (LWF α=0.0000, MAS λ=0.0000) ---
2025-08-03 08:53:43,297 - Epoch 0: MAS loss is 0.00% of task loss
2025-08-03 08:53:44,420 - Epoch 0 task=3.3798e-03 kd=0.0000e+00 mas=0.0000e+00 val=3.1482e-03 lr=1.00e-04 time=61.39s
2025-08-03 08:54:45,685 - Epoch 1: MAS loss is 0.00% of task loss
2025-08-03 08:54:46,800 - Epoch 1 task=2.6248e-03 kd=0.0000e+00 mas=0.0000e+00 val=9.2421e-04 lr=1.00e-04 time=61.19s
2025-08-03 08:55:48,418 - Epoch 2: MAS loss is 0.00% of task loss
2025-08-03 08:55:49,536 - Epoch 2 task=2.0668e-03 kd=0.0000e+00 mas=0.0000e+00 val=1.6334e-03 lr=1.00e-04 time=61.52s
2025-08-03 08:56:51,159 - Epoch 3: MAS loss is 0.00% of task loss
2025-08-03 08:56:52,276 - Epoch 3 task=1.7482e-03 kd=0.0000e+00 mas=0.0000e+00 val=1.0797e-03 lr=1.00e-04 time=61.60s
2025-08-03 08:57:53,912 - Epoch 4: MAS loss is 0.00% of task loss
2025-08-03 08:57:55,029 - Epoch 4 task=1.9242e-03 kd=0.0000e+00 mas=0.0000e+00 val=8.4953e-04 lr=1.00e-04 time=61.63s
2025-08-03 08:58:56,600 - Epoch 5: MAS loss is 0.00% of task loss
2025-08-03 08:58:57,717 - Epoch 5 task=1.4506e-03 kd=0.0000e+00 mas=0.0000e+00 val=8.4803e-04 lr=1.00e-04 time=61.49s
2025-08-03 08:59:59,414 - Epoch 6: MAS loss is 0.00% of task loss
2025-08-03 09:00:00,531 - Epoch 6 task=1.1951e-03 kd=0.0000e+00 mas=0.0000e+00 val=7.7895e-04 lr=1.00e-04 time=61.61s
2025-08-03 09:01:02,066 - Epoch 7: MAS loss is 0.00% of task loss
2025-08-03 09:01:03,180 - Epoch 7 task=1.1232e-03 kd=0.0000e+00 mas=0.0000e+00 val=8.4621e-04 lr=1.00e-04 time=61.44s
2025-08-03 09:02:04,797 - Epoch 8: MAS loss is 0.00% of task loss
2025-08-03 09:02:05,913 - Epoch 8 task=9.5543e-04 kd=0.0000e+00 mas=0.0000e+00 val=9.0318e-04 lr=1.00e-04 time=61.61s
2025-08-03 09:03:07,503 - Epoch 9: MAS loss is 0.00% of task loss
2025-08-03 09:03:08,621 - Epoch 9 task=8.6728e-04 kd=0.0000e+00 mas=0.0000e+00 val=5.6677e-04 lr=1.00e-04 time=61.58s
2025-08-03 09:04:10,862 - Epoch 10: MAS loss is 0.00% of task loss
2025-08-03 09:04:11,981 - Epoch 10 task=9.0646e-04 kd=0.0000e+00 mas=0.0000e+00 val=6.2755e-04 lr=1.00e-04 time=62.14s
2025-08-03 09:05:13,806 - Epoch 11: MAS loss is 0.00% of task loss
2025-08-03 09:05:14,923 - Epoch 11 task=6.9770e-04 kd=0.0000e+00 mas=0.0000e+00 val=3.8988e-04 lr=1.00e-04 time=61.81s
2025-08-03 09:06:25,853 - Epoch 12: MAS loss is 0.00% of task loss
2025-08-03 09:06:26,970 - Epoch 12 task=5.6238e-04 kd=0.0000e+00 mas=0.0000e+00 val=9.0180e-04 lr=1.00e-04 time=70.83s
2025-08-03 09:07:28,763 - Epoch 13: MAS loss is 0.00% of task loss
2025-08-03 09:07:29,877 - Epoch 13 task=4.7903e-04 kd=0.0000e+00 mas=0.0000e+00 val=2.7599e-04 lr=1.00e-04 time=61.78s
2025-08-03 09:08:32,168 - Epoch 14: MAS loss is 0.00% of task loss
2025-08-03 09:08:33,284 - Epoch 14 task=5.4229e-04 kd=0.0000e+00 mas=0.0000e+00 val=9.4814e-04 lr=1.00e-04 time=62.19s
2025-08-03 09:09:35,605 - Epoch 15: MAS loss is 0.00% of task loss
2025-08-03 09:09:36,726 - Epoch 15 task=4.1571e-04 kd=0.0000e+00 mas=0.0000e+00 val=6.8477e-04 lr=1.00e-04 time=62.32s
2025-08-03 09:10:46,203 - Epoch 16: MAS loss is 0.00% of task loss
2025-08-03 09:10:47,329 - Epoch 16 task=3.8080e-04 kd=0.0000e+00 mas=0.0000e+00 val=2.3015e-04 lr=1.00e-04 time=69.48s
2025-08-03 09:11:54,464 - Epoch 17: MAS loss is 0.00% of task loss
2025-08-03 09:11:55,583 - Epoch 17 task=3.7644e-04 kd=0.0000e+00 mas=0.0000e+00 val=3.2776e-04 lr=1.00e-04 time=66.89s
2025-08-03 09:12:57,950 - Epoch 18: MAS loss is 0.00% of task loss
2025-08-03 09:12:59,067 - Epoch 18 task=3.5074e-04 kd=0.0000e+00 mas=0.0000e+00 val=3.0891e-04 lr=1.00e-04 time=62.35s
2025-08-03 09:14:01,890 - Epoch 19: MAS loss is 0.00% of task loss
2025-08-03 09:14:03,008 - Epoch 19 task=3.5020e-04 kd=0.0000e+00 mas=0.0000e+00 val=2.1331e-04 lr=1.00e-04 time=62.82s
2025-08-03 09:15:05,230 - Epoch 20: MAS loss is 0.00% of task loss
2025-08-03 09:15:06,349 - Epoch 20 task=3.2576e-04 kd=0.0000e+00 mas=0.0000e+00 val=2.1129e-04 lr=1.00e-04 time=62.14s
2025-08-03 09:16:08,887 - Epoch 21: MAS loss is 0.00% of task loss
2025-08-03 09:16:10,004 - Epoch 21 task=3.3702e-04 kd=0.0000e+00 mas=0.0000e+00 val=1.5282e-04 lr=1.00e-04 time=62.42s
2025-08-03 09:17:12,660 - Epoch 22: MAS loss is 0.00% of task loss
2025-08-03 09:17:13,779 - Epoch 22 task=3.2323e-04 kd=0.0000e+00 mas=0.0000e+00 val=3.7049e-04 lr=1.00e-04 time=62.55s
2025-08-03 09:18:16,008 - Epoch 23: MAS loss is 0.00% of task loss
2025-08-03 09:18:17,131 - Epoch 23 task=3.1538e-04 kd=0.0000e+00 mas=0.0000e+00 val=1.8719e-04 lr=1.00e-04 time=62.22s
2025-08-03 09:19:20,615 - Epoch 24: MAS loss is 0.00% of task loss
2025-08-03 09:19:21,740 - Epoch 24 task=3.3892e-04 kd=0.0000e+00 mas=0.0000e+00 val=2.1901e-04 lr=1.00e-04 time=63.48s
2025-08-03 09:20:31,085 - Epoch 25: MAS loss is 0.00% of task loss
2025-08-03 09:20:32,201 - Epoch 25 task=3.0499e-04 kd=0.0000e+00 mas=0.0000e+00 val=1.1960e-04 lr=1.00e-04 time=69.33s
2025-08-03 09:21:34,464 - Epoch 26: MAS loss is 0.00% of task loss
2025-08-03 09:21:35,582 - Epoch 26 task=2.9504e-04 kd=0.0000e+00 mas=0.0000e+00 val=1.1710e-04 lr=1.00e-04 time=62.17s
2025-08-03 09:22:37,886 - Epoch 27: MAS loss is 0.00% of task loss
2025-08-03 09:22:39,002 - Epoch 27 task=2.9076e-04 kd=0.0000e+00 mas=0.0000e+00 val=1.0945e-04 lr=1.00e-04 time=62.19s
2025-08-03 09:23:40,906 - Epoch 28: MAS loss is 0.00% of task loss
2025-08-03 09:23:42,023 - Epoch 28 task=2.7597e-04 kd=0.0000e+00 mas=0.0000e+00 val=8.5770e-05 lr=1.00e-04 time=61.80s
2025-08-03 09:24:47,090 - Epoch 29: MAS loss is 0.00% of task loss
2025-08-03 09:24:48,210 - Epoch 29 task=2.8154e-04 kd=0.0000e+00 mas=0.0000e+00 val=9.0010e-05 lr=1.00e-04 time=64.97s
2025-08-03 09:25:49,716 - Epoch 30: MAS loss is 0.00% of task loss
2025-08-03 09:25:50,835 - Epoch 30 task=2.8747e-04 kd=0.0000e+00 mas=0.0000e+00 val=3.9246e-04 lr=1.00e-04 time=61.50s
2025-08-03 09:26:50,059 - Epoch 31: MAS loss is 0.00% of task loss
2025-08-03 09:26:51,177 - Epoch 31 task=2.8997e-04 kd=0.0000e+00 mas=0.0000e+00 val=4.6610e-04 lr=1.00e-04 time=59.22s
2025-08-03 09:27:48,690 - Epoch 32: MAS loss is 0.00% of task loss
2025-08-03 09:27:49,813 - Epoch 32 task=2.6024e-04 kd=0.0000e+00 mas=0.0000e+00 val=1.4874e-04 lr=1.00e-04 time=57.51s
2025-08-03 09:28:49,474 - Epoch 33: MAS loss is 0.00% of task loss
2025-08-03 09:28:50,591 - Epoch 33 task=2.5743e-04 kd=0.0000e+00 mas=0.0000e+00 val=1.2914e-04 lr=1.00e-04 time=59.65s
2025-08-03 09:29:55,837 - Epoch 34: MAS loss is 0.00% of task loss
2025-08-03 09:29:56,956 - Epoch 34 task=2.5904e-04 kd=0.0000e+00 mas=0.0000e+00 val=1.0967e-04 lr=1.00e-04 time=65.24s
2025-08-03 09:31:20,569 - Epoch 35: MAS loss is 0.00% of task loss
2025-08-03 09:31:21,694 - Epoch 35 task=2.2710e-04 kd=0.0000e+00 mas=0.0000e+00 val=1.3517e-04 lr=5.00e-05 time=83.61s
2025-08-03 09:32:26,129 - Epoch 36: MAS loss is 0.00% of task loss
2025-08-03 09:32:27,245 - Epoch 36 task=2.3184e-04 kd=0.0000e+00 mas=0.0000e+00 val=1.2330e-04 lr=5.00e-05 time=64.42s
2025-08-03 09:33:32,150 - Epoch 37: MAS loss is 0.00% of task loss
2025-08-03 09:33:33,267 - Epoch 37 task=2.1541e-04 kd=0.0000e+00 mas=0.0000e+00 val=1.3258e-04 lr=5.00e-05 time=64.90s
2025-08-03 09:34:30,801 - Epoch 38: MAS loss is 0.00% of task loss
2025-08-03 09:34:31,919 - Epoch 38 task=2.1299e-04 kd=0.0000e+00 mas=0.0000e+00 val=1.0575e-04 lr=5.00e-05 time=57.53s
2025-08-03 09:35:22,496 - Epoch 39: MAS loss is 0.00% of task loss
2025-08-03 09:35:23,611 - Epoch 39 task=2.0599e-04 kd=0.0000e+00 mas=0.0000e+00 val=1.7529e-04 lr=5.00e-05 time=50.57s
2025-08-03 09:36:14,098 - Epoch 40: MAS loss is 0.00% of task loss
2025-08-03 09:36:15,214 - Epoch 40 task=2.0973e-04 kd=0.0000e+00 mas=0.0000e+00 val=1.7081e-04 lr=5.00e-05 time=50.48s
2025-08-03 09:37:08,024 - Epoch 41: MAS loss is 0.00% of task loss
2025-08-03 09:37:09,138 - Epoch 41 task=1.8840e-04 kd=0.0000e+00 mas=0.0000e+00 val=1.8684e-04 lr=2.50e-05 time=52.80s
2025-08-03 09:37:58,082 - Epoch 42: MAS loss is 0.00% of task loss
2025-08-03 09:37:59,197 - Epoch 42 task=2.6393e-04 kd=0.0000e+00 mas=0.0000e+00 val=1.8218e-04 lr=2.50e-05 time=48.94s
2025-08-03 09:38:44,699 - Epoch 43: MAS loss is 0.00% of task loss
2025-08-03 09:38:45,811 - Epoch 43 task=1.8647e-04 kd=0.0000e+00 mas=0.0000e+00 val=1.4848e-04 lr=2.50e-05 time=45.50s
2025-08-03 09:39:30,908 - Epoch 44: MAS loss is 0.00% of task loss
2025-08-03 09:39:32,022 - Epoch 44 task=1.8199e-04 kd=0.0000e+00 mas=0.0000e+00 val=1.4685e-04 lr=2.50e-05 time=45.10s
2025-08-03 09:40:20,382 - Epoch 45: MAS loss is 0.00% of task loss
2025-08-03 09:40:21,496 - Epoch 45 task=1.8532e-04 kd=0.0000e+00 mas=0.0000e+00 val=1.5603e-04 lr=2.50e-05 time=48.36s
2025-08-03 09:41:10,093 - Epoch 46: MAS loss is 0.00% of task loss
2025-08-03 09:41:11,208 - Epoch 46 task=1.7478e-04 kd=0.0000e+00 mas=0.0000e+00 val=1.7098e-04 lr=2.50e-05 time=48.59s
2025-08-03 09:41:59,880 - Epoch 47: MAS loss is 0.00% of task loss
2025-08-03 09:42:00,995 - Epoch 47 task=1.7079e-04 kd=0.0000e+00 mas=0.0000e+00 val=1.6606e-04 lr=1.25e-05 time=48.67s
2025-08-03 09:42:50,357 - Epoch 48: MAS loss is 0.00% of task loss
2025-08-03 09:42:51,473 - Epoch 48 task=1.6759e-04 kd=0.0000e+00 mas=0.0000e+00 val=1.9393e-04 lr=1.25e-05 time=49.36s
2025-08-03 09:42:51,477 - Early stopping at epoch 48
2025-08-03 09:42:54,482 - Consolidating task 2 with MAS lambda: 0.0000
2025-08-03 09:43:27,925 - MAS importance normalized with scale 0.0621
2025-08-03 09:43:27,933 - Task 2 consolidated with MAS lambda=0.0000
2025-08-03 09:43:27,938 - Task 2 completed and consolidated.
2025-08-03 09:43:27,943 - ==== Incremental Training Complete ====
2025-08-03 09:43:27,950 - ==== Starting Comprehensive Evaluation ====
2025-08-03 09:43:28,025 - Evaluating model trained after task 0...
2025-08-03 09:43:40,479 -   Task 0 -> Test Task 0: MAE=2.7281e-02, R=-0.0273
2025-08-03 09:43:42,281 -   Task 0 -> Test Task 1: MAE=4.0750e-02, R=-0.0407
2025-08-03 09:43:42,660 -   Task 0 -> Test Task 2: MAE=2.7352e-01, R=-0.2735
2025-08-03 09:43:42,662 - Evaluating model trained after task 1...
2025-08-03 09:43:54,956 -   Task 1 -> Test Task 0: MAE=7.7699e-02, R=-0.0777
2025-08-03 09:43:56,760 -   Task 1 -> Test Task 1: MAE=5.9894e-02, R=-0.0599
2025-08-03 09:43:57,181 -   Task 1 -> Test Task 2: MAE=5.5082e-02, R=-0.0551
2025-08-03 09:43:57,222 - Evaluating model trained after task 2...
2025-08-03 09:44:09,703 -   Task 2 -> Test Task 0: MAE=3.3732e-02, R=-0.0337
2025-08-03 09:44:11,503 -   Task 2 -> Test Task 1: MAE=3.3393e-02, R=-0.0334
2025-08-03 09:44:11,861 -   Task 2 -> Test Task 2: MAE=1.9683e-02, R=-0.0197
2025-08-03 09:44:11,862 - ==== Computing Continual Learning Metrics ====
2025-08-03 09:44:11,863 - Computing random initialization baselines...
2025-08-03 09:44:14,193 -   Baseline Task 0: R=-0.9731
2025-08-03 09:44:15,966 -   Baseline Task 1: R=-0.9252
2025-08-03 09:44:16,315 -   Baseline Task 2: R=-0.6922
2025-08-03 09:44:16,316 - ==== Continual Learning Results ====
2025-08-03 09:44:16,317 - BWT (Backward Transfer): 0.0100 (positive = backward gain)
2025-08-03 09:44:16,319 - FWT (Forward Transfer): 0.7608 (positive = beneficial transfer)
2025-08-03 09:44:16,320 - ACC (Average Accuracy): -0.0289
2025-08-03 09:44:16,322 - ==== Performance Matrix R[i][j] ====
2025-08-03 09:44:16,324 - Rows: trained after task i, Columns: evaluated on task j
2025-08-03 09:44:16,325 -        Task 0 Task 1 Task 2
2025-08-03 09:44:16,327 - Task 0: -0.0273 -0.0407 -0.2735
2025-08-03 09:44:16,328 - Task 1: -0.0777 -0.0599 -0.0551
2025-08-03 09:44:16,330 - Task 2: -0.0337 -0.0334 -0.0197
2025-08-03 09:44:16,498 - ==== Evaluation Complete ====
2025-08-03 09:44:16,499 - All results saved to: /beegfs/home/users/z/zzhuqshun/Thesis/05_Final/mas/strategies/fine-tuning/metrics
2025-08-03 09:44:16,503 - ==== Final Summary ====
2025-08-03 09:44:16,504 - Continual Learning Metrics:
2025-08-03 09:44:16,506 -   BWT: 0.0100
2025-08-03 09:44:16,507 -   FWT: 0.7608
2025-08-03 09:44:16,508 -   ACC: -0.0289
2025-08-03 09:44:16,509 -   num_tasks: 3.0000
2025-08-03 09:44:16,510 - ==== Experiment Complete ====
