2025-07-15 07:57:37,412 - INFO - [EXPERIMENT] Directory: model/tryouts/3inputs/incremental
2025-07-15 07:57:37,464 - INFO - [EXPERIMENT] Device: cuda
2025-07-15 07:57:37,468 - INFO - ============================================================
2025-07-15 07:57:37,471 - INFO - [INCREMENTAL] Starting Incremental Learning
2025-07-15 07:57:37,475 - INFO - ============================================================
2025-07-15 07:57:37,485 - INFO - [DATA] Mode: INCREMENTAL
2025-07-15 07:57:37,489 - INFO - [DATA] Resample rate: 10min
2025-07-15 07:59:31,670 - INFO -   (Split) Details:
    base_train: 92079 samples, ids=['03', '05', '07', '27']
    base_val: 28612 samples, ids=['01']
    update1_train: 65674 samples, ids=['21', '23', '25']
    update1_val: 23120 samples, ids=['19']
    update2_train: 47891 samples, ids=['09', '11', '15', '29']
    update2_val: 6445 samples, ids=['13']
2025-07-15 07:59:39,834 - INFO -   (Split) Test splits: test_full(22872), test_base(11139), test_update1(6312), test_update2(5421)
2025-07-15 07:59:39,839 - INFO - [DATA] Fitting scaler: RobustScaler
2025-07-15 07:59:39,856 - INFO -   (Scaler) Features scaled: ['Voltage[V]', 'Current[A]', 'Temperature[°C]']
2025-07-15 07:59:39,893 - INFO - [DATA] Preparation complete. Keys: ['base_train', 'base_val', 'update1_train', 'update1_val', 'update2_train', 'update2_val', 'test_full', 'test_base', 'test_update1', 'test_update2']
2025-07-15 07:59:39,897 - INFO - [DATA] Grouping datasets by cell_id: False
2025-07-15 07:59:42,668 - INFO - [DATA] Created dataset with 91359 samples
2025-07-15 07:59:43,297 - INFO - [DATA] Created dataset with 27892 samples
2025-07-15 07:59:45,156 - INFO - [DATA] Created dataset with 64954 samples
2025-07-15 07:59:45,667 - INFO - [DATA] Created dataset with 22400 samples
2025-07-15 07:59:46,979 - INFO - [DATA] Created dataset with 47171 samples
2025-07-15 07:59:47,117 - INFO - [DATA] Created dataset with 5725 samples
2025-07-15 07:59:47,619 - INFO - [DATA] Created dataset with 22152 samples
2025-07-15 07:59:47,865 - INFO - [DATA] Created dataset with 10419 samples
2025-07-15 07:59:48,001 - INFO - [DATA] Created dataset with 5592 samples
2025-07-15 07:59:48,121 - INFO - [DATA] Created dataset with 4701 samples
2025-07-15 07:59:48,132 - INFO -   (DATA) Dataloaders created for: ['base_train', 'base_val', 'update1_train', 'update1_val', 'update2_train', 'update2_val', 'test_full', 'test_base', 'test_update1', 'test_update2']
2025-07-15 07:59:48,276 - INFO -   (MODEL) SOHLSTM initialized: input_size=3, hidden=128, layers=2, dropout=0.30
2025-07-15 07:59:50,158 - INFO -   (FWT) Computing FWT baselines (randomly initialized model)
2025-07-15 07:59:55,106 - INFO -     (FWT BASELINE) [test_base] MAE = 9.7065e-01
2025-07-15 07:59:56,714 - INFO -     (FWT BASELINE) [test_update1] MAE = 8.7252e-01
2025-07-15 07:59:58,071 - INFO -     (FWT BASELINE) [test_update2] MAE = 7.6615e-01
2025-07-15 07:59:58,084 - INFO - 
============================================================
2025-07-15 07:59:58,098 - INFO - [TASK] task0 (phase=base, id=0)
2025-07-15 07:59:58,113 - INFO - ------------------------------------------------------------
2025-07-15 07:59:58,217 - INFO -   (EWC) Active penalty: None
2025-07-15 08:06:01,452 - INFO - [TRAIN] Epoch 0: Train Loss: 3.8145e-02, Val Loss: 4.0041e-04, Task: 3.8145e-02, KD: 0.0000e+00, EWC: 0.0000e+00, LR: 1.000000e-04
2025-07-15 08:07:46,852 - INFO - [TRAIN] Epoch 1: Train Loss: 7.2891e-03, Val Loss: 1.0834e-03, Task: 7.2891e-03, KD: 0.0000e+00, EWC: 0.0000e+00, LR: 1.000000e-04
2025-07-15 08:09:33,156 - INFO - [TRAIN] Epoch 2: Train Loss: 5.3204e-03, Val Loss: 4.5473e-04, Task: 5.3204e-03, KD: 0.0000e+00, EWC: 0.0000e+00, LR: 1.000000e-04
2025-07-15 08:11:19,225 - INFO - [TRAIN] Epoch 3: Train Loss: 4.3193e-03, Val Loss: 5.6402e-04, Task: 4.3193e-03, KD: 0.0000e+00, EWC: 0.0000e+00, LR: 1.000000e-04
2025-07-15 08:13:04,906 - INFO - [TRAIN] Epoch 4: Train Loss: 3.4230e-03, Val Loss: 3.9754e-04, Task: 3.4230e-03, KD: 0.0000e+00, EWC: 0.0000e+00, LR: 1.000000e-04
2025-07-15 08:14:50,386 - INFO - [TRAIN] Epoch 5: Train Loss: 2.6605e-03, Val Loss: 4.5130e-04, Task: 2.6605e-03, KD: 0.0000e+00, EWC: 0.0000e+00, LR: 1.000000e-04
2025-07-15 08:16:39,168 - INFO - [TRAIN] Epoch 6: Train Loss: 2.0695e-03, Val Loss: 4.5030e-04, Task: 2.0695e-03, KD: 0.0000e+00, EWC: 0.0000e+00, LR: 1.000000e-04
2025-07-15 08:18:27,536 - INFO - [TRAIN] Epoch 7: Train Loss: 1.5643e-03, Val Loss: 4.1618e-04, Task: 1.5643e-03, KD: 0.0000e+00, EWC: 0.0000e+00, LR: 1.000000e-04
