2025-08-13 23:58:37,036 - INFO - ==== Incremental Training (SI + KD via SITrainer) ====
2025-08-13 23:58:37,058 - INFO - Number of tasks: 3
2025-08-14 00:00:10,494 - INFO - Incremental training - Task 0 Train IDs: ['03', '27', '05', '21', '11'], size: 107395
2025-08-14 00:00:10,496 - INFO - Incremental training - Task 0 Val IDs: ['01'], size: 20028
2025-08-14 00:00:10,498 - INFO - Incremental training - Test Task 0 size: 8584
2025-08-14 00:00:10,499 - INFO - Incremental training - Task 1 Train IDs: ['09', '29', '25'], size: 41175
2025-08-14 00:00:10,500 - INFO - Incremental training - Task 1 Val IDs: ['19'], size: 16183
2025-08-14 00:00:10,501 - INFO - Incremental training - Test Task 1 size: 6937
2025-08-14 00:00:10,503 - INFO - Incremental training - Task 2 Train IDs: ['15', '07', '23'], size: 57074
2025-08-14 00:00:10,504 - INFO - Incremental training - Task 2 Val IDs: ['13'], size: 4511
2025-08-14 00:00:10,505 - INFO - Incremental training - Test Task 2 size: 1934
2025-08-14 00:00:10,517 - INFO -   (Scaler) Scaler centers: [ 3.3374245   0.101279   27.50083333]
2025-08-14 00:00:10,524 - INFO -   (Scaler) Scaler scales: [0.18253608 1.77971742 1.05683333]
2025-08-14 00:02:04,489 - INFO - ========== Model Structure ==========
2025-08-14 00:02:04,491 - INFO - 
SOHLSTM(
  (lstm): LSTM(3, 128, num_layers=2, batch_first=True, dropout=0.3)
  (fc): Sequential(
    (0): Linear(in_features=128, out_features=64, bias=True)
    (1): LeakyReLU(negative_slope=0.01)
    (2): Dropout(p=0.3, inplace=False)
    (3): Linear(in_features=64, out_features=1, bias=True)
  )
)
2025-08-14 00:02:04,495 - INFO - =====================================
2025-08-14 00:02:04,498 - INFO - ====== Model Parameters Details ======
2025-08-14 00:02:04,501 - INFO - lstm.weight_ih_l0                                  | trainable |     1536 params
2025-08-14 00:02:04,504 - INFO - lstm.weight_hh_l0                                  | trainable |    65536 params
2025-08-14 00:02:04,507 - INFO - lstm.bias_ih_l0                                    | trainable |      512 params
2025-08-14 00:02:04,510 - INFO - lstm.bias_hh_l0                                    | trainable |      512 params
2025-08-14 00:02:04,513 - INFO - lstm.weight_ih_l1                                  | trainable |    65536 params
2025-08-14 00:02:04,517 - INFO - lstm.weight_hh_l1                                  | trainable |    65536 params
2025-08-14 00:02:04,521 - INFO - lstm.bias_ih_l1                                    | trainable |      512 params
2025-08-14 00:02:04,525 - INFO - lstm.bias_hh_l1                                    | trainable |      512 params
2025-08-14 00:02:04,528 - INFO - fc.0.weight                                        | trainable |     8192 params
2025-08-14 00:02:04,532 - INFO - fc.0.bias                                          | trainable |       64 params
2025-08-14 00:02:04,535 - INFO - fc.3.weight                                        | trainable |       64 params
2025-08-14 00:02:04,539 - INFO - fc.3.bias                                          | trainable |        1 params
2025-08-14 00:02:04,543 - INFO - --------------------------------------------------------------------------------
2025-08-14 00:02:04,547 - INFO - Total params:                                          208513 params (only trainable)
2025-08-14 00:02:04,550 - INFO - =====================================
2025-08-14 00:02:04,553 - INFO - --- task0 (KL-scheduled KD+SI, eps=0.001) ---
2025-08-14 00:02:04,717 - INFO - === Train task 0 in mode: SI+KD ===
2025-08-14 00:03:53,126 - INFO - Epoch 0: task=3.4180e-02 kd%=0.00% si%=0.00% kl=0.000 val_mse=1.8106e-03
2025-08-14 00:05:41,973 - INFO - Epoch 1: task=7.4519e-03 kd%=0.00% si%=0.00% kl=0.000 val_mse=9.6827e-04
2025-08-14 00:07:27,826 - INFO - Epoch 2: task=5.6411e-03 kd%=0.00% si%=0.00% kl=0.000 val_mse=1.1449e-03
2025-08-14 00:09:10,265 - INFO - Epoch 3: task=4.6387e-03 kd%=0.00% si%=0.00% kl=0.000 val_mse=5.0094e-04
2025-08-14 00:10:52,628 - INFO - Epoch 4: task=3.7086e-03 kd%=0.00% si%=0.00% kl=0.000 val_mse=1.0208e-03
2025-08-14 00:12:34,736 - INFO - Epoch 5: task=2.8452e-03 kd%=0.00% si%=0.00% kl=0.000 val_mse=3.8385e-04
2025-08-14 00:14:17,066 - INFO - Epoch 6: task=1.9421e-03 kd%=0.00% si%=0.00% kl=0.000 val_mse=3.4660e-04
2025-08-14 00:15:59,843 - INFO - Epoch 7: task=1.3745e-03 kd%=0.00% si%=0.00% kl=0.000 val_mse=2.3536e-04
2025-08-14 00:17:41,940 - INFO - Epoch 8: task=1.1364e-03 kd%=0.00% si%=0.00% kl=0.000 val_mse=2.8731e-04
2025-08-14 00:19:24,186 - INFO - Epoch 9: task=8.5870e-04 kd%=0.00% si%=0.00% kl=0.000 val_mse=9.2570e-04
2025-08-14 00:21:06,681 - INFO - Epoch 10: task=6.4581e-04 kd%=0.00% si%=0.00% kl=0.000 val_mse=9.1032e-04
2025-08-14 00:22:49,201 - INFO - Epoch 11: task=5.3212e-04 kd%=0.00% si%=0.00% kl=0.000 val_mse=1.2565e-03
2025-08-14 00:24:31,665 - INFO - Epoch 12: task=4.7212e-04 kd%=0.00% si%=0.00% kl=0.000 val_mse=8.5282e-03
2025-08-14 00:26:14,288 - INFO - Epoch 13: task=4.5203e-04 kd%=0.00% si%=0.00% kl=0.000 val_mse=2.6870e-03
2025-08-14 00:27:55,977 - INFO - Epoch 14: task=3.3810e-04 kd%=0.00% si%=0.00% kl=0.000 val_mse=8.8346e-03
2025-08-14 00:29:37,262 - INFO - Epoch 15: task=2.4410e-04 kd%=0.00% si%=0.00% kl=0.000 val_mse=3.2509e-03
2025-08-14 00:31:20,446 - INFO - Epoch 16: task=1.8534e-04 kd%=0.00% si%=0.00% kl=0.000 val_mse=1.7877e-03
2025-08-14 00:33:13,165 - INFO - Epoch 17: task=1.6709e-04 kd%=0.00% si%=0.00% kl=0.000 val_mse=1.4942e-03
2025-08-14 00:34:57,294 - INFO - Epoch 18: task=2.0490e-04 kd%=0.00% si%=0.00% kl=0.000 val_mse=5.7224e-03
2025-08-14 00:37:05,570 - INFO - Epoch 19: task=1.2737e-04 kd%=0.00% si%=0.00% kl=0.000 val_mse=9.8971e-04
2025-08-14 00:39:12,678 - INFO - Epoch 20: task=1.1671e-04 kd%=0.00% si%=0.00% kl=0.000 val_mse=1.1320e-03
2025-08-14 00:41:15,079 - INFO - Epoch 21: task=1.0792e-04 kd%=0.00% si%=0.00% kl=0.000 val_mse=4.0022e-03
2025-08-14 00:44:09,963 - INFO - Epoch 22: task=1.0172e-04 kd%=0.00% si%=0.00% kl=0.000 val_mse=6.9070e-03
2025-08-14 00:46:58,205 - INFO - Epoch 23: task=9.6846e-05 kd%=0.00% si%=0.00% kl=0.000 val_mse=1.1130e-02
2025-08-14 00:49:40,924 - INFO - Epoch 24: task=2.2406e-04 kd%=0.00% si%=0.00% kl=0.000 val_mse=8.6479e-04
2025-08-14 00:52:16,886 - INFO - Epoch 25: task=9.7281e-05 kd%=0.00% si%=0.00% kl=0.000 val_mse=5.2411e-03
2025-08-14 00:54:50,706 - INFO - Epoch 26: task=1.1489e-04 kd%=0.00% si%=0.00% kl=0.000 val_mse=1.9420e-03
2025-08-14 00:57:24,305 - INFO - Epoch 27: task=1.0920e-04 kd%=0.00% si%=0.00% kl=0.000 val_mse=1.1501e-02
2025-08-14 00:57:24,334 - INFO - Early stopping at epoch 27
2025-08-14 00:57:30,040 - INFO - Task 0 picked ValBest weights for consolidation (val_mse=2.353589e-04).
2025-08-14 00:57:30,258 - INFO - Saved best checkpoint: /beegfs/home/users/z/zzhuqshun/Thesis/final/inc_dynamical_tau60_retry_output_hidden/task0/task0_best.pt
2025-08-14 00:57:42,001 - INFO - --- task1 (KL-scheduled KD+SI, eps=0.001) ---
2025-08-14 00:57:42,285 - INFO - === Train task 1 in mode: SI+KD ===
2025-08-14 00:58:59,352 - INFO - Epoch 0: task=2.0718e-03 kd%=8.22% si%=2.58% kl=0.777 val_mse=4.5793e-04
2025-08-14 01:00:14,144 - INFO - Epoch 1: task=1.8963e-03 kd%=16.44% si%=5.16% kl=0.777 val_mse=5.9328e-04
2025-08-14 01:01:29,386 - INFO - Epoch 2: task=1.6742e-03 kd%=24.66% si%=7.74% kl=0.778 val_mse=8.1608e-04
2025-08-14 01:02:44,699 - INFO - Epoch 3: task=1.5650e-03 kd%=32.90% si%=10.31% kl=0.778 val_mse=1.1120e-03
2025-08-14 01:03:59,243 - INFO - Epoch 4: task=1.5727e-03 kd%=41.08% si%=12.91% kl=0.777 val_mse=4.9768e-04
2025-08-14 01:05:15,580 - INFO - Epoch 5: task=1.7577e-03 kd%=41.01% si%=12.95% kl=0.775 val_mse=1.2192e-03
2025-08-14 01:06:30,714 - INFO - Epoch 6: task=1.6269e-03 kd%=41.28% si%=12.79% kl=0.782 val_mse=7.3264e-04
2025-08-14 01:07:47,250 - INFO - Epoch 7: task=1.5932e-03 kd%=41.16% si%=12.86% kl=0.779 val_mse=6.8636e-04
2025-08-14 01:09:06,026 - INFO - Epoch 8: task=1.7093e-03 kd%=41.06% si%=12.92% kl=0.776 val_mse=7.7700e-04
2025-08-14 01:10:25,731 - INFO - Epoch 9: task=1.6375e-03 kd%=41.16% si%=12.86% kl=0.779 val_mse=6.1843e-04
2025-08-14 01:11:42,789 - INFO - Epoch 10: task=1.6585e-03 kd%=41.12% si%=12.88% kl=0.778 val_mse=4.2139e-04
2025-08-14 01:13:02,073 - INFO - Epoch 11: task=1.7292e-03 kd%=41.12% si%=12.89% kl=0.778 val_mse=4.7240e-04
2025-08-14 01:14:20,930 - INFO - Epoch 12: task=1.6759e-03 kd%=41.03% si%=12.93% kl=0.776 val_mse=6.2186e-04
2025-08-14 01:15:38,891 - INFO - Epoch 13: task=1.6918e-03 kd%=41.15% si%=12.87% kl=0.779 val_mse=5.5296e-04
2025-08-14 01:17:00,848 - INFO - Epoch 14: task=1.6776e-03 kd%=41.19% si%=12.85% kl=0.780 val_mse=8.1575e-04
2025-08-14 01:18:19,787 - INFO - Epoch 15: task=1.7019e-03 kd%=41.16% si%=12.86% kl=0.779 val_mse=9.6605e-04
2025-08-14 01:19:39,267 - INFO - Epoch 16: task=1.7247e-03 kd%=41.11% si%=12.89% kl=0.778 val_mse=5.5985e-04
2025-08-14 01:20:57,165 - INFO - Epoch 17: task=1.7547e-03 kd%=41.06% si%=12.92% kl=0.777 val_mse=3.3888e-03
2025-08-14 01:22:12,531 - INFO - Epoch 18: task=1.5863e-03 kd%=41.07% si%=12.91% kl=0.777 val_mse=7.0318e-04
2025-08-14 01:23:31,739 - INFO - Epoch 19: task=1.6441e-03 kd%=41.15% si%=12.87% kl=0.779 val_mse=4.5994e-04
2025-08-14 01:24:49,852 - INFO - Epoch 20: task=1.7483e-03 kd%=41.08% si%=12.91% kl=0.777 val_mse=1.6573e-03
2025-08-14 01:26:07,027 - INFO - Epoch 21: task=1.8536e-03 kd%=41.17% si%=12.86% kl=0.779 val_mse=9.0741e-04
2025-08-14 01:27:28,898 - INFO - Epoch 22: task=2.2168e-03 kd%=41.09% si%=12.90% kl=0.777 val_mse=5.5584e-04
2025-08-14 01:28:51,243 - INFO - Epoch 23: task=1.4960e-03 kd%=41.06% si%=12.92% kl=0.776 val_mse=5.8271e-04
2025-08-14 01:30:12,501 - INFO - Epoch 24: task=1.4365e-03 kd%=41.14% si%=12.87% kl=0.778 val_mse=1.4185e-03
2025-08-14 01:31:36,981 - INFO - Epoch 25: task=1.8349e-03 kd%=41.10% si%=12.89% kl=0.778 val_mse=1.4887e-03
2025-08-14 01:33:04,725 - INFO - Epoch 26: task=1.4990e-03 kd%=40.99% si%=12.95% kl=0.775 val_mse=3.4419e-04
2025-08-14 01:34:32,685 - INFO - Epoch 27: task=1.5275e-03 kd%=41.14% si%=12.87% kl=0.779 val_mse=9.3488e-04
2025-08-14 01:36:03,515 - INFO - Epoch 28: task=1.3090e-03 kd%=41.15% si%=12.87% kl=0.779 val_mse=4.9381e-04
2025-08-14 01:37:32,216 - INFO - Epoch 29: task=1.3328e-03 kd%=41.10% si%=12.89% kl=0.778 val_mse=1.2770e-03
2025-08-14 01:38:44,335 - INFO - Epoch 30: task=1.4416e-03 kd%=41.17% si%=12.86% kl=0.779 val_mse=6.5542e-04
2025-08-14 01:39:57,454 - INFO - Epoch 31: task=1.3074e-03 kd%=41.14% si%=12.88% kl=0.778 val_mse=4.0904e-04
2025-08-14 01:41:11,355 - INFO - Epoch 32: task=1.4112e-03 kd%=41.16% si%=12.86% kl=0.779 val_mse=6.3923e-04
2025-08-14 01:42:24,887 - INFO - Epoch 33: task=1.4631e-03 kd%=41.12% si%=12.89% kl=0.778 val_mse=6.0045e-04
2025-08-14 01:43:38,925 - INFO - Epoch 34: task=1.3676e-03 kd%=41.09% si%=12.90% kl=0.777 val_mse=5.8010e-04
2025-08-14 01:44:53,136 - INFO - Epoch 35: task=1.3676e-03 kd%=41.10% si%=12.90% kl=0.777 val_mse=3.7145e-04
2025-08-14 01:46:08,052 - INFO - Epoch 36: task=1.1134e-03 kd%=41.02% si%=12.94% kl=0.775 val_mse=1.1554e-03
2025-08-14 01:47:23,486 - INFO - Epoch 37: task=1.2621e-03 kd%=41.16% si%=12.86% kl=0.779 val_mse=9.8962e-04
2025-08-14 01:48:38,900 - INFO - Epoch 38: task=1.0215e-03 kd%=41.03% si%=12.93% kl=0.776 val_mse=6.1054e-04
2025-08-14 01:49:54,546 - INFO - Epoch 39: task=9.7187e-04 kd%=41.05% si%=12.92% kl=0.776 val_mse=5.7261e-04
2025-08-14 01:51:09,866 - INFO - Epoch 40: task=1.0351e-03 kd%=41.11% si%=12.89% kl=0.778 val_mse=1.2201e-03
2025-08-14 01:52:25,512 - INFO - Epoch 41: task=9.5584e-04 kd%=41.18% si%=12.85% kl=0.780 val_mse=7.8640e-04
2025-08-14 01:53:41,593 - INFO - Epoch 42: task=9.1667e-04 kd%=41.13% si%=12.88% kl=0.778 val_mse=2.4177e-04
2025-08-14 01:54:58,332 - INFO - Epoch 43: task=8.6427e-04 kd%=41.15% si%=12.87% kl=0.779 val_mse=1.7279e-04
2025-08-14 01:56:15,019 - INFO - Epoch 44: task=7.9422e-04 kd%=41.16% si%=12.86% kl=0.779 val_mse=1.2470e-04
2025-08-14 01:57:31,857 - INFO - Epoch 45: task=7.5058e-04 kd%=40.95% si%=12.98% kl=0.774 val_mse=2.4660e-04
2025-08-14 01:58:48,826 - INFO - Epoch 46: task=8.0144e-04 kd%=41.19% si%=12.84% kl=0.780 val_mse=2.4969e-04
2025-08-14 02:00:06,899 - INFO - Epoch 47: task=6.2920e-04 kd%=41.18% si%=12.85% kl=0.779 val_mse=3.9369e-04
2025-08-14 02:01:26,466 - INFO - Epoch 48: task=6.2211e-04 kd%=41.10% si%=12.89% kl=0.778 val_mse=1.1220e-04
2025-08-14 02:02:46,759 - INFO - Epoch 49: task=6.1393e-04 kd%=41.09% si%=12.90% kl=0.777 val_mse=2.7697e-04
2025-08-14 02:04:25,312 - INFO - Epoch 50: task=5.2302e-04 kd%=41.01% si%=12.95% kl=0.775 val_mse=7.2366e-05
2025-08-14 02:05:48,723 - INFO - Epoch 51: task=6.2448e-04 kd%=41.15% si%=12.87% kl=0.779 val_mse=1.2589e-04
2025-08-14 02:07:11,248 - INFO - Epoch 52: task=5.0165e-04 kd%=41.03% si%=12.93% kl=0.776 val_mse=3.3899e-04
2025-08-14 02:08:31,300 - INFO - Epoch 53: task=4.7476e-04 kd%=41.22% si%=12.83% kl=0.781 val_mse=1.9819e-04
2025-08-14 02:09:27,804 - INFO - Epoch 54: task=4.7385e-04 kd%=41.13% si%=12.88% kl=0.778 val_mse=3.9886e-04
2025-08-14 02:10:25,684 - INFO - Epoch 55: task=4.2834e-04 kd%=41.13% si%=12.88% kl=0.778 val_mse=2.5558e-04
2025-08-14 02:11:23,110 - INFO - Epoch 56: task=4.7708e-04 kd%=41.15% si%=12.87% kl=0.779 val_mse=2.9313e-04
2025-08-14 02:12:20,823 - INFO - Epoch 57: task=4.3367e-04 kd%=41.18% si%=12.85% kl=0.779 val_mse=3.0971e-04
2025-08-14 02:13:17,375 - INFO - Epoch 58: task=3.9878e-04 kd%=41.04% si%=12.93% kl=0.776 val_mse=6.4277e-04
2025-08-14 02:14:14,715 - INFO - Epoch 59: task=3.7869e-04 kd%=41.14% si%=12.87% kl=0.778 val_mse=4.2814e-04
2025-08-14 02:15:11,263 - INFO - Epoch 60: task=3.6188e-04 kd%=41.09% si%=12.90% kl=0.777 val_mse=2.2273e-04
2025-08-14 02:16:08,177 - INFO - Epoch 61: task=3.5551e-04 kd%=41.08% si%=12.91% kl=0.777 val_mse=4.3060e-04
2025-08-14 02:17:04,937 - INFO - Epoch 62: task=3.4725e-04 kd%=41.10% si%=12.90% kl=0.777 val_mse=8.8306e-04
2025-08-14 02:18:01,556 - INFO - Epoch 63: task=3.2480e-04 kd%=41.12% si%=12.88% kl=0.778 val_mse=5.2205e-04
2025-08-14 02:18:58,368 - INFO - Epoch 64: task=3.1796e-04 kd%=41.11% si%=12.89% kl=0.778 val_mse=5.6369e-04
2025-08-14 02:19:56,149 - INFO - Epoch 65: task=3.2106e-04 kd%=41.04% si%=12.93% kl=0.776 val_mse=8.0848e-04
2025-08-14 02:20:52,918 - INFO - Epoch 66: task=3.0942e-04 kd%=41.19% si%=12.85% kl=0.780 val_mse=2.6631e-04
2025-08-14 02:21:49,512 - INFO - Epoch 67: task=3.0642e-04 kd%=41.13% si%=12.88% kl=0.778 val_mse=2.7817e-04
2025-08-14 02:22:46,657 - INFO - Epoch 68: task=2.9862e-04 kd%=41.15% si%=12.87% kl=0.779 val_mse=4.9002e-04
2025-08-14 02:23:43,508 - INFO - Epoch 69: task=2.8726e-04 kd%=41.10% si%=12.90% kl=0.777 val_mse=7.2009e-04
2025-08-14 02:24:43,575 - INFO - Epoch 70: task=2.8876e-04 kd%=41.04% si%=12.93% kl=0.776 val_mse=5.3000e-04
2025-08-14 02:24:43,578 - INFO - Early stopping at epoch 70
2025-08-14 02:24:48,132 - INFO - Task 1 picked ValBest weights for consolidation (val_mse=7.236563e-05).
2025-08-14 02:24:48,188 - INFO - Saved best checkpoint: /beegfs/home/users/z/zzhuqshun/Thesis/final/inc_dynamical_tau60_retry_output_hidden/task1/task1_best.pt
2025-08-14 02:24:51,518 - INFO - --- task2 (KL-scheduled KD+SI, eps=0.001) ---
2025-08-14 02:24:51,659 - INFO - === Train task 2 in mode: SI+KD ===
2025-08-14 02:26:08,510 - INFO - Epoch 0: task=5.7474e-04 kd%=9.34% si%=1.96% kl=0.918 val_mse=6.9440e-04
2025-08-14 02:27:23,750 - INFO - Epoch 1: task=4.6596e-04 kd%=18.68% si%=3.93% kl=0.917 val_mse=1.0807e-03
2025-08-14 02:28:37,844 - INFO - Epoch 2: task=4.2827e-04 kd%=28.01% si%=5.89% kl=0.917 val_mse=1.8739e-03
2025-08-14 02:29:51,204 - INFO - Epoch 3: task=4.4546e-04 kd%=37.33% si%=7.87% kl=0.917 val_mse=1.1209e-03
2025-08-14 02:31:05,358 - INFO - Epoch 4: task=3.7475e-04 kd%=46.70% si%=9.82% kl=0.917 val_mse=1.3069e-03
2025-08-14 02:32:19,035 - INFO - Epoch 5: task=3.2543e-04 kd%=46.69% si%=9.82% kl=0.917 val_mse=1.1466e-03
2025-08-14 02:33:32,605 - INFO - Epoch 6: task=2.9180e-04 kd%=46.71% si%=9.81% kl=0.918 val_mse=1.0351e-03
2025-08-14 02:34:46,288 - INFO - Epoch 7: task=2.5925e-04 kd%=46.68% si%=9.83% kl=0.917 val_mse=5.8349e-04
2025-08-14 02:36:00,057 - INFO - Epoch 8: task=2.5036e-04 kd%=46.68% si%=9.83% kl=0.917 val_mse=7.2749e-04
2025-08-14 02:37:13,771 - INFO - Epoch 9: task=2.3594e-04 kd%=46.70% si%=9.82% kl=0.917 val_mse=4.9023e-04
2025-08-14 02:38:27,421 - INFO - Epoch 10: task=2.1370e-04 kd%=46.70% si%=9.82% kl=0.917 val_mse=2.6057e-04
2025-08-14 02:39:41,107 - INFO - Epoch 11: task=2.0681e-04 kd%=46.65% si%=9.84% kl=0.916 val_mse=1.6936e-04
2025-08-14 02:40:54,754 - INFO - Epoch 12: task=2.0447e-04 kd%=46.65% si%=9.84% kl=0.916 val_mse=6.9149e-05
2025-08-14 02:42:08,368 - INFO - Epoch 13: task=1.9061e-04 kd%=46.66% si%=9.84% kl=0.916 val_mse=3.5769e-04
2025-08-14 02:43:21,959 - INFO - Epoch 14: task=1.7863e-04 kd%=46.68% si%=9.83% kl=0.917 val_mse=2.5400e-04
2025-08-14 02:44:35,607 - INFO - Epoch 15: task=1.7529e-04 kd%=46.66% si%=9.84% kl=0.916 val_mse=1.5494e-04
2025-08-14 02:45:49,647 - INFO - Epoch 16: task=1.6702e-04 kd%=46.65% si%=9.84% kl=0.916 val_mse=9.0035e-05
2025-08-14 02:47:03,431 - INFO - Epoch 17: task=1.6186e-04 kd%=46.68% si%=9.83% kl=0.917 val_mse=2.4594e-04
2025-08-14 02:48:17,043 - INFO - Epoch 18: task=1.6389e-04 kd%=46.69% si%=9.82% kl=0.917 val_mse=4.1285e-04
2025-08-14 02:49:30,879 - INFO - Epoch 19: task=1.4994e-04 kd%=46.67% si%=9.83% kl=0.917 val_mse=2.1823e-04
2025-08-14 02:50:45,002 - INFO - Epoch 20: task=1.5335e-04 kd%=46.66% si%=9.83% kl=0.917 val_mse=3.3185e-04
2025-08-14 02:51:58,646 - INFO - Epoch 21: task=1.4768e-04 kd%=46.69% si%=9.82% kl=0.917 val_mse=4.3454e-04
2025-08-14 02:53:12,343 - INFO - Epoch 22: task=1.4526e-04 kd%=46.65% si%=9.84% kl=0.916 val_mse=1.6112e-04
2025-08-14 02:54:26,175 - INFO - Epoch 23: task=1.4097e-04 kd%=46.70% si%=9.81% kl=0.918 val_mse=3.4031e-04
2025-08-14 02:55:39,964 - INFO - Epoch 24: task=1.3663e-04 kd%=46.69% si%=9.82% kl=0.917 val_mse=5.8200e-04
2025-08-14 02:56:53,694 - INFO - Epoch 25: task=1.3502e-04 kd%=46.66% si%=9.84% kl=0.916 val_mse=3.2522e-04
2025-08-14 02:58:07,425 - INFO - Epoch 26: task=1.3370e-04 kd%=46.68% si%=9.83% kl=0.917 val_mse=3.8985e-04
2025-08-14 02:59:21,003 - INFO - Epoch 27: task=1.3301e-04 kd%=46.66% si%=9.84% kl=0.917 val_mse=2.9680e-04
2025-08-14 03:00:35,086 - INFO - Epoch 28: task=1.3008e-04 kd%=46.68% si%=9.82% kl=0.917 val_mse=3.5272e-04
2025-08-14 03:01:48,717 - INFO - Epoch 29: task=1.3386e-04 kd%=46.71% si%=9.81% kl=0.918 val_mse=2.9984e-04
2025-08-14 03:03:02,285 - INFO - Epoch 30: task=1.2304e-04 kd%=46.67% si%=9.83% kl=0.917 val_mse=3.0251e-04
2025-08-14 03:04:15,823 - INFO - Epoch 31: task=1.3005e-04 kd%=46.69% si%=9.82% kl=0.917 val_mse=3.0245e-04
2025-08-14 03:05:29,749 - INFO - Epoch 32: task=1.2096e-04 kd%=46.68% si%=9.83% kl=0.917 val_mse=4.2372e-04
2025-08-14 03:05:29,754 - INFO - Early stopping at epoch 32
2025-08-14 03:05:30,883 - INFO - Task 2 picked ValBest weights for consolidation (val_mse=6.914857e-05).
2025-08-14 03:05:30,934 - INFO - Saved best checkpoint: /beegfs/home/users/z/zzhuqshun/Thesis/final/inc_dynamical_tau60_retry_output_hidden/task2/task2_best.pt
2025-08-14 03:05:33,475 - INFO - ==== Incremental Training Complete ====
2025-08-14 03:05:33,479 - INFO - Evaluating final model...
2025-08-14 03:05:33,484 - INFO - ==== Starting Comprehensive Evaluation ====
2025-08-14 03:05:33,584 - INFO - Evaluating model trained after task 0...
2025-08-14 03:05:40,178 - INFO - Full test set evaluation: MAE=5.6224e-02, R2=0.1693
2025-08-14 03:05:46,126 - INFO -   Task 0 -> Test Task 0: MAE=2.7923e-02, R2=-29.2707
2025-08-14 03:05:47,960 - INFO -   Task 0 -> Test Task 1: MAE=3.5453e-02, R2=-2.1284
2025-08-14 03:05:48,324 - INFO -   Task 0 -> Test Task 2: MAE=7.2164e-01, R2=-980.0900
2025-08-14 03:05:48,325 - INFO - Evaluating model trained after task 1...
2025-08-14 03:05:54,897 - INFO - Full test set evaluation: MAE=3.3500e-02, R2=0.8054
2025-08-14 03:06:00,698 - INFO -   Task 1 -> Test Task 0: MAE=4.7624e-02, R2=-89.1952
2025-08-14 03:06:02,530 - INFO -   Task 1 -> Test Task 1: MAE=2.1680e-02, R2=-0.1043
2025-08-14 03:06:02,896 - INFO -   Task 1 -> Test Task 2: MAE=4.6840e-02, R2=-4.1778
2025-08-14 03:06:02,904 - INFO - Evaluating model trained after task 2...
2025-08-14 03:06:09,461 - INFO - Full test set evaluation: MAE=2.4009e-02, R2=0.8986
2025-08-14 03:06:15,484 - INFO -   Task 2 -> Test Task 0: MAE=4.0732e-02, R2=-64.2533
2025-08-14 03:06:17,316 - INFO -   Task 2 -> Test Task 1: MAE=1.4877e-02, R2=0.4287
2025-08-14 03:06:17,679 - INFO -   Task 2 -> Test Task 2: MAE=2.1452e-02, R2=-0.0614
2025-08-14 03:06:17,685 - INFO - ==== Computing Continual Learning Metrics ====
2025-08-14 03:06:17,688 - INFO - Computing random initialization baselines...
2025-08-14 03:06:20,063 - INFO -   Baseline Task 0: R=-0.9732
2025-08-14 03:06:21,874 - INFO -   Baseline Task 1: R=-0.9253
2025-08-14 03:06:22,234 - INFO -   Baseline Task 2: R=-0.6923
2025-08-14 03:06:22,240 - INFO - ==== Continual Learning Results ====
2025-08-14 03:06:22,246 - INFO - BWT (Backward Transfer): -0.0030 (negative = forgetting)
2025-08-14 03:06:22,252 - INFO - FWT (Forward Transfer): 0.7676 (positive = beneficial transfer)
2025-08-14 03:06:22,258 - INFO - ACC (Average Accuracy): -0.0257
2025-08-14 03:06:22,261 - INFO - ==== Performance Matrix R[i][j] ====
2025-08-14 03:06:22,264 - INFO - Rows: trained after task i, Columns: evaluated on task j
2025-08-14 03:06:22,268 - INFO -        Task 0 Task 1 Task 2
2025-08-14 03:06:22,272 - INFO - Task 0: -0.0279 -0.0355 -0.7216
2025-08-14 03:06:22,276 - INFO - Task 1: -0.0476 -0.0217 -0.0468
2025-08-14 03:06:22,278 - INFO - Task 2: -0.0407 -0.0149 -0.0215
2025-08-14 03:06:22,463 - INFO - ==== Evaluation Complete ====
2025-08-14 03:06:22,466 - INFO - All results saved to: /beegfs/home/users/z/zzhuqshun/Thesis/final/inc_dynamical_tau60_retry_output_hidden/metrics
