2025-06-11 09:19:35,235 - ==== Skipping Regular LSTM Training Phase ====
2025-06-11 09:19:35,254 - ==== Incremental EWC Training Phase ====
2025-06-11 09:22:38,088 - Base train IDs: ['03', '05', '07', '27']
2025-06-11 09:22:38,096 - Base train size: 92079
2025-06-11 09:22:38,098 - Base val IDs: ['01']
2025-06-11 09:22:38,099 - Base val size: 28612
2025-06-11 09:22:38,100 - Update1 train IDs: ['21', '23', '25']
2025-06-11 09:22:38,101 - Update1 train size: 65674
2025-06-11 09:22:38,102 - Update1 val IDs: ['19']
2025-06-11 09:22:38,103 - Update1 val size: 23120
2025-06-11 09:22:38,104 - Update2 train IDs: ['09', '11', '15', '29']
2025-06-11 09:22:38,105 - Update2 train size: 47891
2025-06-11 09:22:38,106 - Update2 val IDs: ['13']
2025-06-11 09:22:38,107 - Update2 val size: 6445
2025-06-11 09:22:58,175 - Test cell ID: 17
2025-06-11 09:22:58,176 - Test size: 22872
2025-06-11 09:22:59,085 - [task0] Training...
2025-06-11 09:24:53,228 - Epoch 1, Train Loss: 3.8182e-02, Val Loss: 3.7162e-04, LR: 1.0000e-04, Time: 81.30s
2025-06-11 09:26:11,220 - Epoch 2, Train Loss: 7.2867e-03, Val Loss: 1.0398e-03, LR: 1.0000e-04, Time: 77.88s
2025-06-11 09:27:29,350 - Epoch 3, Train Loss: 5.3097e-03, Val Loss: 3.9763e-04, LR: 1.0000e-04, Time: 77.96s
2025-06-11 09:28:46,749 - Epoch 4, Train Loss: 4.3294e-03, Val Loss: 5.3001e-04, LR: 1.0000e-04, Time: 77.32s
2025-06-11 09:30:04,063 - Epoch 5, Train Loss: 3.4420e-03, Val Loss: 4.4389e-04, LR: 1.0000e-04, Time: 77.23s
2025-06-11 09:31:21,616 - Epoch 6, Train Loss: 2.6740e-03, Val Loss: 4.3592e-04, LR: 1.0000e-04, Time: 77.47s
2025-06-11 09:32:39,164 - Epoch 7, Train Loss: 2.0609e-03, Val Loss: 4.5443e-04, LR: 5.0000e-05, Time: 77.51s
2025-06-11 09:33:56,129 - Epoch 8, Train Loss: 1.6517e-03, Val Loss: 4.0441e-04, LR: 5.0000e-05, Time: 76.88s
2025-06-11 09:35:13,478 - Epoch 9, Train Loss: 1.4034e-03, Val Loss: 4.0720e-04, LR: 5.0000e-05, Time: 77.32s
2025-06-11 09:36:30,237 - Epoch 10, Train Loss: 1.1964e-03, Val Loss: 5.0908e-04, LR: 5.0000e-05, Time: 76.72s
2025-06-11 09:37:47,260 - Epoch 11, Train Loss: 1.0292e-03, Val Loss: 4.2328e-04, LR: 5.0000e-05, Time: 76.97s
2025-06-11 09:39:03,753 - Epoch 12, Train Loss: 8.7673e-04, Val Loss: 4.3260e-04, LR: 5.0000e-05, Time: 76.42s
2025-06-11 09:40:20,183 - Epoch 13, Train Loss: 7.6261e-04, Val Loss: 4.6050e-04, LR: 2.5000e-05, Time: 76.37s
2025-06-11 09:41:36,395 - Epoch 14, Train Loss: 6.8891e-04, Val Loss: 4.3581e-04, LR: 2.5000e-05, Time: 76.15s
2025-06-11 09:42:53,308 - Epoch 15, Train Loss: 6.5224e-04, Val Loss: 4.0288e-04, LR: 2.5000e-05, Time: 76.85s
2025-06-11 09:44:09,903 - Epoch 16, Train Loss: 6.1891e-04, Val Loss: 4.0849e-04, LR: 2.5000e-05, Time: 76.54s
2025-06-11 09:45:26,695 - Epoch 17, Train Loss: 5.8846e-04, Val Loss: 4.4307e-04, LR: 2.5000e-05, Time: 76.72s
2025-06-11 09:46:44,006 - Epoch 18, Train Loss: 5.6076e-04, Val Loss: 4.2150e-04, LR: 2.5000e-05, Time: 77.03s
2025-06-11 09:48:01,301 - Epoch 19, Train Loss: 5.3125e-04, Val Loss: 4.3309e-04, LR: 1.2500e-05, Time: 76.93s
2025-06-11 09:49:17,877 - Epoch 20, Train Loss: 5.0491e-04, Val Loss: 3.9249e-04, LR: 1.2500e-05, Time: 76.54s
2025-06-11 09:50:34,530 - Epoch 21, Train Loss: 4.9213e-04, Val Loss: 3.9523e-04, LR: 1.2500e-05, Time: 76.58s
2025-06-11 09:50:34,572 - Early stopping at epoch 21
2025-06-11 09:50:37,457 - [task0] Training completed.
2025-06-11 09:50:37,460 - [task0] Consolidating EWC...
2025-06-11 09:51:42,389 - [task0] Consolidation done.
2025-06-11 09:51:42,401 - [task0] Evaluating BEST checkpoint...
2025-06-11 09:51:51,316 - [task0 FORWARD on test] RMSE: 0.0856, MAE: 0.0672, R2: -0.0342
2025-06-11 09:51:51,318 - [task0] Forward testing completed.
2025-06-11 09:51:51,320 - [task1] Loading best checkpoint from previous task task0...
2025-06-11 09:51:51,546 - [task1] Training...
2025-06-11 09:52:49,818 - Epoch 1, Train Loss: 4.3956e-02, Val Loss: 1.6526e-03, LR: 1.0000e-04, Time: 58.25s
2025-06-11 09:54:12,808 - Epoch 2, Train Loss: 2.6877e-02, Val Loss: 1.6868e-03, LR: 1.0000e-04, Time: 82.87s
2025-06-11 09:55:40,402 - Epoch 3, Train Loss: 1.5177e-02, Val Loss: 2.2167e-03, LR: 1.0000e-04, Time: 87.45s
2025-06-11 09:57:11,584 - Epoch 4, Train Loss: 7.7541e-03, Val Loss: 1.3007e-03, LR: 1.0000e-04, Time: 91.07s
2025-06-11 09:58:40,361 - Epoch 5, Train Loss: 3.3110e-03, Val Loss: 1.1950e-03, LR: 1.0000e-04, Time: 88.55s
2025-06-11 10:00:12,371 - Epoch 6, Train Loss: 1.7081e-03, Val Loss: 1.7844e-03, LR: 1.0000e-04, Time: 91.78s
2025-06-11 10:01:30,132 - Epoch 7, Train Loss: 1.2520e-03, Val Loss: 2.3135e-03, LR: 1.0000e-04, Time: 77.61s
2025-06-11 10:02:57,863 - Epoch 8, Train Loss: 1.0523e-03, Val Loss: 7.8473e-04, LR: 1.0000e-04, Time: 87.61s
2025-06-11 10:04:21,163 - Epoch 9, Train Loss: 1.1811e-03, Val Loss: 1.2877e-03, LR: 1.0000e-04, Time: 83.06s
2025-06-11 10:05:24,799 - Epoch 10, Train Loss: 9.6732e-04, Val Loss: 3.0122e-03, LR: 1.0000e-04, Time: 63.45s
2025-06-11 10:06:22,591 - Epoch 11, Train Loss: 8.0561e-04, Val Loss: 2.2740e-03, LR: 1.0000e-04, Time: 57.71s
2025-06-11 10:07:19,795 - Epoch 12, Train Loss: 8.1538e-04, Val Loss: 1.6390e-03, LR: 1.0000e-04, Time: 57.13s
2025-06-11 10:08:17,190 - Epoch 13, Train Loss: 7.4759e-04, Val Loss: 4.8604e-03, LR: 1.0000e-04, Time: 57.31s
2025-06-11 10:09:15,331 - Epoch 14, Train Loss: 5.9603e-04, Val Loss: 1.7060e-03, LR: 5.0000e-05, Time: 58.08s
2025-06-11 10:10:12,899 - Epoch 15, Train Loss: 5.3059e-04, Val Loss: 2.8498e-03, LR: 5.0000e-05, Time: 57.49s
2025-06-11 10:11:10,570 - Epoch 16, Train Loss: 5.6779e-04, Val Loss: 3.3419e-03, LR: 5.0000e-05, Time: 57.42s
2025-06-11 10:12:08,241 - Epoch 17, Train Loss: 4.9119e-04, Val Loss: 3.7196e-03, LR: 5.0000e-05, Time: 57.60s
2025-06-11 10:13:07,828 - Epoch 18, Train Loss: 4.9102e-04, Val Loss: 3.3761e-03, LR: 5.0000e-05, Time: 59.55s
2025-06-11 10:14:12,967 - Epoch 19, Train Loss: 4.1238e-04, Val Loss: 2.9645e-03, LR: 5.0000e-05, Time: 65.08s
2025-06-11 10:15:11,804 - Epoch 20, Train Loss: 3.6378e-04, Val Loss: 4.7652e-03, LR: 2.5000e-05, Time: 58.80s
2025-06-11 10:16:09,758 - Epoch 21, Train Loss: 3.1632e-04, Val Loss: 3.7820e-03, LR: 2.5000e-05, Time: 57.89s
2025-06-11 10:17:07,744 - Epoch 22, Train Loss: 2.9710e-04, Val Loss: 3.9647e-03, LR: 2.5000e-05, Time: 57.94s
2025-06-11 10:18:05,471 - Epoch 23, Train Loss: 2.6393e-04, Val Loss: 3.9028e-03, LR: 2.5000e-05, Time: 57.69s
2025-06-11 10:19:03,289 - Epoch 24, Train Loss: 2.5072e-04, Val Loss: 4.0748e-03, LR: 2.5000e-05, Time: 57.78s
2025-06-11 10:20:01,180 - Epoch 25, Train Loss: 2.6553e-04, Val Loss: 4.2186e-03, LR: 2.5000e-05, Time: 57.85s
2025-06-11 10:20:59,409 - Epoch 26, Train Loss: 2.5098e-04, Val Loss: 4.4600e-03, LR: 1.2500e-05, Time: 58.19s
2025-06-11 10:21:57,588 - Epoch 27, Train Loss: 2.4516e-04, Val Loss: 4.3649e-03, LR: 1.2500e-05, Time: 58.14s
2025-06-11 10:22:55,693 - Epoch 28, Train Loss: 2.3060e-04, Val Loss: 4.4481e-03, LR: 1.2500e-05, Time: 58.07s
2025-06-11 10:22:55,729 - Early stopping at epoch 28
2025-06-11 10:22:56,321 - [task1] Training completed.
2025-06-11 10:22:56,323 - [task1] Consolidating EWC...
2025-06-11 10:23:42,574 - [task1] Consolidation done.
2025-06-11 10:23:42,577 - [task1] Backward testing on task0...
2025-06-11 10:23:55,634 - [task1 BACKWARD on task0] RMSE: 0.0193, MAE: 0.0164, R2: -0.0063
2025-06-11 10:23:55,636 - [task1] Backward tests completed.
2025-06-11 10:23:55,638 - [task1] Evaluating BEST checkpoint...
2025-06-11 10:24:04,156 - [task1 FORWARD on test] RMSE: 0.0668, MAE: 0.0520, R2: 0.3701
2025-06-11 10:24:04,157 - [task1] Forward testing completed.
2025-06-11 10:24:04,160 - [task2] Loading best checkpoint from previous task task1...
2025-06-11 10:24:04,325 - [task2] Training...
2025-06-11 10:24:44,857 - Epoch 1, Train Loss: 2.7919e-03, Val Loss: 1.7818e-03, LR: 1.0000e-04, Time: 40.53s
2025-06-11 10:25:25,249 - Epoch 2, Train Loss: 1.5795e-03, Val Loss: 3.0519e-03, LR: 1.0000e-04, Time: 40.31s
2025-06-11 10:26:04,876 - Epoch 3, Train Loss: 1.3219e-03, Val Loss: 2.6813e-03, LR: 1.0000e-04, Time: 39.58s
2025-06-11 10:26:44,282 - Epoch 4, Train Loss: 1.1966e-03, Val Loss: 1.9789e-03, LR: 1.0000e-04, Time: 39.36s
2025-06-11 10:27:23,750 - Epoch 5, Train Loss: 1.1050e-03, Val Loss: 3.4615e-03, LR: 1.0000e-04, Time: 39.05s
2025-06-11 10:28:03,104 - Epoch 6, Train Loss: 9.9724e-04, Val Loss: 2.9189e-03, LR: 1.0000e-04, Time: 39.31s
2025-06-11 10:28:50,551 - Epoch 7, Train Loss: 9.2668e-04, Val Loss: 2.2793e-03, LR: 5.0000e-05, Time: 47.40s
2025-06-11 10:29:55,367 - Epoch 8, Train Loss: 7.8112e-04, Val Loss: 2.2836e-03, LR: 5.0000e-05, Time: 64.67s
2025-06-11 10:30:59,317 - Epoch 9, Train Loss: 7.6836e-04, Val Loss: 2.4234e-03, LR: 5.0000e-05, Time: 63.82s
2025-06-11 10:32:07,034 - Epoch 10, Train Loss: 7.1942e-04, Val Loss: 1.7366e-03, LR: 5.0000e-05, Time: 67.59s
2025-06-11 10:33:14,452 - Epoch 11, Train Loss: 6.9450e-04, Val Loss: 1.9323e-03, LR: 5.0000e-05, Time: 67.14s
2025-06-11 10:34:17,672 - Epoch 12, Train Loss: 6.8270e-04, Val Loss: 2.1564e-03, LR: 5.0000e-05, Time: 63.09s
2025-06-11 10:35:22,424 - Epoch 13, Train Loss: 6.7886e-04, Val Loss: 2.1517e-03, LR: 5.0000e-05, Time: 64.62s
2025-06-11 10:36:26,973 - Epoch 14, Train Loss: 6.5994e-04, Val Loss: 2.0067e-03, LR: 5.0000e-05, Time: 64.37s
2025-06-11 10:37:32,811 - Epoch 15, Train Loss: 6.4583e-04, Val Loss: 2.0170e-03, LR: 5.0000e-05, Time: 65.65s
2025-06-11 10:38:40,313 - Epoch 16, Train Loss: 6.2640e-04, Val Loss: 1.9037e-03, LR: 2.5000e-05, Time: 67.36s
2025-06-11 10:39:45,320 - Epoch 17, Train Loss: 5.5448e-04, Val Loss: 1.6807e-03, LR: 2.5000e-05, Time: 64.84s
2025-06-11 10:40:41,094 - Epoch 18, Train Loss: 5.5059e-04, Val Loss: 1.8801e-03, LR: 2.5000e-05, Time: 55.53s
2025-06-11 10:41:41,187 - Epoch 19, Train Loss: 5.3359e-04, Val Loss: 1.8721e-03, LR: 2.5000e-05, Time: 59.96s
2025-06-11 10:42:20,494 - Epoch 20, Train Loss: 5.2580e-04, Val Loss: 2.0299e-03, LR: 2.5000e-05, Time: 39.24s
2025-06-11 10:43:00,001 - Epoch 21, Train Loss: 5.1661e-04, Val Loss: 2.2677e-03, LR: 2.5000e-05, Time: 39.46s
2025-06-11 10:43:39,228 - Epoch 22, Train Loss: 5.0960e-04, Val Loss: 2.1597e-03, LR: 2.5000e-05, Time: 39.18s
2025-06-11 10:44:18,616 - Epoch 23, Train Loss: 4.9543e-04, Val Loss: 1.9247e-03, LR: 1.2500e-05, Time: 39.31s
2025-06-11 10:44:58,337 - Epoch 24, Train Loss: 4.6357e-04, Val Loss: 1.7337e-03, LR: 1.2500e-05, Time: 39.67s
2025-06-11 10:45:37,983 - Epoch 25, Train Loss: 4.6494e-04, Val Loss: 2.0909e-03, LR: 1.2500e-05, Time: 39.60s
2025-06-11 10:46:17,744 - Epoch 26, Train Loss: 4.7436e-04, Val Loss: 1.7436e-03, LR: 1.2500e-05, Time: 39.66s
2025-06-11 10:46:57,872 - Epoch 27, Train Loss: 4.5706e-04, Val Loss: 1.7623e-03, LR: 1.2500e-05, Time: 40.07s
2025-06-11 10:47:37,902 - Epoch 28, Train Loss: 4.4552e-04, Val Loss: 1.8517e-03, LR: 1.2500e-05, Time: 39.98s
2025-06-11 10:48:17,875 - Epoch 29, Train Loss: 4.4350e-04, Val Loss: 1.7444e-03, LR: 6.2500e-06, Time: 39.93s
2025-06-11 10:48:57,779 - Epoch 30, Train Loss: 4.2876e-04, Val Loss: 1.6336e-03, LR: 6.2500e-06, Time: 39.85s
2025-06-11 10:49:37,341 - Epoch 31, Train Loss: 4.2827e-04, Val Loss: 1.8370e-03, LR: 6.2500e-06, Time: 39.46s
2025-06-11 10:50:17,387 - Epoch 32, Train Loss: 4.2762e-04, Val Loss: 1.9317e-03, LR: 6.2500e-06, Time: 40.00s
2025-06-11 10:50:57,999 - Epoch 33, Train Loss: 4.2977e-04, Val Loss: 1.8820e-03, LR: 6.2500e-06, Time: 40.27s
2025-06-11 10:51:38,296 - Epoch 34, Train Loss: 4.2819e-04, Val Loss: 1.7368e-03, LR: 6.2500e-06, Time: 40.25s
2025-06-11 10:52:18,541 - Epoch 35, Train Loss: 4.2870e-04, Val Loss: 1.8633e-03, LR: 6.2500e-06, Time: 40.20s
2025-06-11 10:52:59,060 - Epoch 36, Train Loss: 4.2295e-04, Val Loss: 1.7416e-03, LR: 3.1250e-06, Time: 40.46s
2025-06-11 10:53:39,958 - Epoch 37, Train Loss: 4.1465e-04, Val Loss: 1.8640e-03, LR: 3.1250e-06, Time: 40.85s
2025-06-11 10:54:20,205 - Epoch 38, Train Loss: 4.1104e-04, Val Loss: 2.0059e-03, LR: 3.1250e-06, Time: 40.19s
2025-06-11 10:55:00,460 - Epoch 39, Train Loss: 4.1126e-04, Val Loss: 1.9158e-03, LR: 3.1250e-06, Time: 40.21s
2025-06-11 10:55:40,458 - Epoch 40, Train Loss: 4.0978e-04, Val Loss: 1.8307e-03, LR: 3.1250e-06, Time: 39.95s
2025-06-11 10:56:20,975 - Epoch 41, Train Loss: 4.0709e-04, Val Loss: 1.9140e-03, LR: 3.1250e-06, Time: 40.47s
2025-06-11 10:57:01,478 - Epoch 42, Train Loss: 4.0690e-04, Val Loss: 1.8318e-03, LR: 1.5625e-06, Time: 40.46s
2025-06-11 10:57:41,240 - Epoch 43, Train Loss: 4.0324e-04, Val Loss: 1.9372e-03, LR: 1.5625e-06, Time: 39.70s
2025-06-11 10:58:21,036 - Epoch 44, Train Loss: 3.9995e-04, Val Loss: 1.8874e-03, LR: 1.5625e-06, Time: 39.75s
2025-06-11 10:59:01,124 - Epoch 45, Train Loss: 4.0328e-04, Val Loss: 1.8913e-03, LR: 1.5625e-06, Time: 40.04s
2025-06-11 10:59:40,886 - Epoch 46, Train Loss: 4.0436e-04, Val Loss: 1.8811e-03, LR: 1.5625e-06, Time: 39.72s
2025-06-11 11:00:20,691 - Epoch 47, Train Loss: 4.0219e-04, Val Loss: 1.9211e-03, LR: 1.5625e-06, Time: 39.76s
2025-06-11 11:01:00,155 - Epoch 48, Train Loss: 4.0094e-04, Val Loss: 1.8692e-03, LR: 7.8125e-07, Time: 39.42s
2025-06-11 11:01:39,365 - Epoch 49, Train Loss: 4.0299e-04, Val Loss: 1.8824e-03, LR: 7.8125e-07, Time: 39.13s
2025-06-11 11:02:18,765 - Epoch 50, Train Loss: 4.0250e-04, Val Loss: 1.8820e-03, LR: 7.8125e-07, Time: 39.36s
2025-06-11 11:02:18,809 - Early stopping at epoch 50
2025-06-11 11:02:19,403 - [task2] Training completed.
2025-06-11 11:02:19,405 - [task2] Consolidating EWC...
2025-06-11 11:02:52,920 - [task2] Consolidation done.
2025-06-11 11:02:52,943 - [task2] Backward testing on task0...
2025-06-11 11:03:03,423 - [task2 BACKWARD on task0] RMSE: 0.0193, MAE: 0.0164, R2: -0.0063
2025-06-11 11:03:03,426 - [task2] Backward testing on task1...
2025-06-11 11:03:11,989 - [task2 BACKWARD on task1] RMSE: 0.0280, MAE: 0.0242, R2: 0.5039
2025-06-11 11:03:11,990 - [task2] Backward tests completed.
2025-06-11 11:03:11,992 - [task2] Evaluating BEST checkpoint...
2025-06-11 11:03:20,826 - [task2 FORWARD on test] RMSE: 0.0359, MAE: 0.0251, R2: 0.8175
2025-06-11 11:03:20,828 - [task2] Forward testing completed.
2025-06-11 11:03:20,829 - ==== All tasks completed ====
