2025-07-23 12:04:19,231 - ==== Incremental Training Phase ====
2025-07-23 12:06:05,024 - Incremental training - Task 0 Train IDs: ['03', '05', '07', '27'], size: 92079
2025-07-23 12:06:05,027 - Incremental training - Task 0 Val IDs: ['01'], size: 28612
2025-07-23 12:06:05,030 - Incremental training - Task 1 Train IDs: ['21', '23', '25'], size: 65674
2025-07-23 12:06:05,033 - Incremental training - Task 1 Val IDs: ['19'], size: 23120
2025-07-23 12:06:05,036 - Incremental training - Task 2 Train IDs: ['09', '11', '15', '29'], size: 47891
2025-07-23 12:06:05,037 - Incremental training - Task 2 Val IDs: ['13'], size: 6445
2025-07-23 12:06:05,039 - Incremental training - Test ID: 17, size: 22872
2025-07-23 12:06:05,040 - Incremental training - Test Task 0 size: 11139
2025-07-23 12:06:05,042 - Incremental training - Test Task 1 size: 6312
2025-07-23 12:06:05,043 - Incremental training - Test Task 2 size: 5421
2025-07-23 12:06:05,059 -   (Scaler) Scaler centers: [ 3.31975183  0.         27.55116667]
2025-07-23 12:06:05,067 -   (Scaler) Scaler scales: [0.20016217 1.86108033 1.05333333]
2025-07-23 12:06:06,067 - ==== Training task task0 ====
2025-07-23 12:06:06,070 - Applying LWF alpha: 0.0000
2025-07-23 12:09:17,353 - Epoch 000 | task 3.8185e-02 | kd 0.0000e+00 | ewc 0.0000e+00 | val 3.9701e-04 | lr 1.00e-04 | 91.22s
2025-07-23 12:10:45,068 - Epoch 001 | task 7.2809e-03 | kd 0.0000e+00 | ewc 0.0000e+00 | val 1.2390e-03 | lr 1.00e-04 | 87.68s
2025-07-23 12:12:12,205 - Epoch 002 | task 5.3336e-03 | kd 0.0000e+00 | ewc 0.0000e+00 | val 4.1007e-04 | lr 1.00e-04 | 87.13s
2025-07-23 12:13:38,698 - Epoch 003 | task 4.3114e-03 | kd 0.0000e+00 | ewc 0.0000e+00 | val 5.2683e-04 | lr 1.00e-04 | 86.49s
2025-07-23 12:15:05,042 - Epoch 004 | task 3.4078e-03 | kd 0.0000e+00 | ewc 0.0000e+00 | val 4.0077e-04 | lr 1.00e-04 | 86.34s
2025-07-23 12:16:31,755 - Epoch 005 | task 2.6546e-03 | kd 0.0000e+00 | ewc 0.0000e+00 | val 4.2909e-04 | lr 1.00e-04 | 86.71s
2025-07-23 12:17:59,439 - Epoch 006 | task 2.0628e-03 | kd 0.0000e+00 | ewc 0.0000e+00 | val 4.1929e-04 | lr 5.00e-05 | 87.68s
2025-07-23 12:19:27,379 - Epoch 007 | task 1.6437e-03 | kd 0.0000e+00 | ewc 0.0000e+00 | val 4.1027e-04 | lr 5.00e-05 | 87.94s
2025-07-23 12:20:54,940 - Epoch 008 | task 1.3989e-03 | kd 0.0000e+00 | ewc 0.0000e+00 | val 4.0465e-04 | lr 5.00e-05 | 87.53s
2025-07-23 12:22:22,501 - Epoch 009 | task 1.1847e-03 | kd 0.0000e+00 | ewc 0.0000e+00 | val 5.2821e-04 | lr 5.00e-05 | 87.52s
2025-07-23 12:23:54,088 - Epoch 010 | task 1.0242e-03 | kd 0.0000e+00 | ewc 0.0000e+00 | val 4.1433e-04 | lr 5.00e-05 | 91.56s
2025-07-23 12:25:21,500 - Epoch 011 | task 8.8463e-04 | kd 0.0000e+00 | ewc 0.0000e+00 | val 4.8046e-04 | lr 5.00e-05 | 87.41s
2025-07-23 12:26:49,189 - Epoch 012 | task 7.6670e-04 | kd 0.0000e+00 | ewc 0.0000e+00 | val 4.4364e-04 | lr 2.50e-05 | 87.65s
2025-07-23 12:28:17,516 - Epoch 013 | task 6.8916e-04 | kd 0.0000e+00 | ewc 0.0000e+00 | val 4.5429e-04 | lr 2.50e-05 | 88.32s
2025-07-23 12:29:46,199 - Epoch 014 | task 6.5441e-04 | kd 0.0000e+00 | ewc 0.0000e+00 | val 4.0813e-04 | lr 2.50e-05 | 88.65s
2025-07-23 12:31:13,786 - Epoch 015 | task 6.1887e-04 | kd 0.0000e+00 | ewc 0.0000e+00 | val 4.5552e-04 | lr 2.50e-05 | 87.58s
2025-07-23 12:32:41,678 - Epoch 016 | task 5.8771e-04 | kd 0.0000e+00 | ewc 0.0000e+00 | val 4.4893e-04 | lr 2.50e-05 | 87.89s
2025-07-23 12:34:17,457 - Epoch 017 | task 5.6182e-04 | kd 0.0000e+00 | ewc 0.0000e+00 | val 4.4863e-04 | lr 2.50e-05 | 95.78s
2025-07-23 12:35:45,702 - Epoch 018 | task 5.3662e-04 | kd 0.0000e+00 | ewc 0.0000e+00 | val 4.3634e-04 | lr 1.25e-05 | 88.24s
2025-07-23 12:37:13,573 - Epoch 019 | task 5.0902e-04 | kd 0.0000e+00 | ewc 0.0000e+00 | val 4.3794e-04 | lr 1.25e-05 | 87.87s
2025-07-23 12:38:41,322 - Epoch 020 | task 4.9672e-04 | kd 0.0000e+00 | ewc 0.0000e+00 | val 3.9440e-04 | lr 1.25e-05 | 87.73s
2025-07-23 12:40:09,031 - Epoch 021 | task 4.8163e-04 | kd 0.0000e+00 | ewc 0.0000e+00 | val 3.8731e-04 | lr 1.25e-05 | 87.65s
2025-07-23 12:41:36,926 - Epoch 022 | task 4.6823e-04 | kd 0.0000e+00 | ewc 0.0000e+00 | val 4.1554e-04 | lr 1.25e-05 | 87.87s
2025-07-23 12:43:04,901 - Epoch 023 | task 4.0172e-04 | kd 0.0000e+00 | ewc 0.0000e+00 | val 1.0952e-03 | lr 1.25e-05 | 87.95s
2025-07-23 12:44:33,262 - Epoch 024 | task 3.2500e-04 | kd 0.0000e+00 | ewc 0.0000e+00 | val 6.6763e-04 | lr 1.25e-05 | 88.36s
2025-07-23 12:46:03,898 - Epoch 025 | task 2.9481e-04 | kd 0.0000e+00 | ewc 0.0000e+00 | val 6.9162e-04 | lr 1.25e-05 | 90.60s
2025-07-23 12:47:37,631 - Epoch 026 | task 2.7917e-04 | kd 0.0000e+00 | ewc 0.0000e+00 | val 6.5801e-04 | lr 1.25e-05 | 93.70s
2025-07-23 12:49:38,841 - Epoch 027 | task 2.6036e-04 | kd 0.0000e+00 | ewc 0.0000e+00 | val 5.1247e-04 | lr 6.25e-06 | 121.19s
2025-07-23 12:51:42,861 - Epoch 028 | task 2.3755e-04 | kd 0.0000e+00 | ewc 0.0000e+00 | val 4.9484e-04 | lr 6.25e-06 | 124.02s
2025-07-23 12:53:23,073 - Epoch 029 | task 2.2858e-04 | kd 0.0000e+00 | ewc 0.0000e+00 | val 4.9019e-04 | lr 6.25e-06 | 100.15s
2025-07-23 12:54:53,314 - Epoch 030 | task 2.1826e-04 | kd 0.0000e+00 | ewc 0.0000e+00 | val 4.7769e-04 | lr 6.25e-06 | 90.24s
2025-07-23 12:56:24,600 - Epoch 031 | task 2.1277e-04 | kd 0.0000e+00 | ewc 0.0000e+00 | val 4.6255e-04 | lr 6.25e-06 | 91.28s
2025-07-23 12:58:22,645 - Epoch 032 | task 2.0780e-04 | kd 0.0000e+00 | ewc 0.0000e+00 | val 5.2453e-04 | lr 6.25e-06 | 118.04s
2025-07-23 12:59:51,260 - Epoch 033 | task 2.0206e-04 | kd 0.0000e+00 | ewc 0.0000e+00 | val 6.0088e-04 | lr 3.13e-06 | 88.61s
2025-07-23 13:01:15,870 - Epoch 034 | task 1.9538e-04 | kd 0.0000e+00 | ewc 0.0000e+00 | val 5.9399e-04 | lr 3.13e-06 | 84.60s
2025-07-23 13:02:49,813 - Epoch 035 | task 1.9295e-04 | kd 0.0000e+00 | ewc 0.0000e+00 | val 5.4762e-04 | lr 3.13e-06 | 93.91s
2025-07-23 13:04:40,133 - Epoch 036 | task 1.9009e-04 | kd 0.0000e+00 | ewc 0.0000e+00 | val 6.5012e-04 | lr 3.13e-06 | 110.24s
2025-07-23 13:06:24,126 - Epoch 037 | task 1.8772e-04 | kd 0.0000e+00 | ewc 0.0000e+00 | val 6.8606e-04 | lr 3.13e-06 | 103.99s
2025-07-23 13:08:14,131 - Epoch 038 | task 1.8481e-04 | kd 0.0000e+00 | ewc 0.0000e+00 | val 6.5710e-04 | lr 3.13e-06 | 110.00s
2025-07-23 13:09:57,530 - Epoch 039 | task 1.8222e-04 | kd 0.0000e+00 | ewc 0.0000e+00 | val 6.4095e-04 | lr 1.56e-06 | 103.39s
2025-07-23 13:11:51,674 - Epoch 040 | task 1.7913e-04 | kd 0.0000e+00 | ewc 0.0000e+00 | val 6.6573e-04 | lr 1.56e-06 | 114.11s
2025-07-23 13:13:39,771 - Epoch 041 | task 1.7879e-04 | kd 0.0000e+00 | ewc 0.0000e+00 | val 6.4861e-04 | lr 1.56e-06 | 108.08s
2025-07-23 13:13:39,780 - Early stopping at epoch 42
2025-07-23 13:13:48,670 - Consolidate lambda: 215.9545
2025-07-23 13:14:52,777 - ==== Training task task0 completed ====
2025-07-23 13:14:52,789 - ==== Training task task1 ====
2025-07-23 13:14:52,792 - Applying LWF alpha: 1.5968
2025-07-23 13:16:40,340 - Epoch 000 | task 2.0188e-03 | kd 2.8353e-03 | ewc 4.4893e-08 | val 1.6024e-03 | lr 1.00e-04 | 107.27s
2025-07-23 13:18:47,124 - Epoch 001 | task 1.0867e-03 | kd 3.2636e-03 | ewc 1.9357e-07 | val 1.2819e-03 | lr 1.00e-04 | 126.58s
2025-07-23 13:20:46,872 - Epoch 002 | task 9.2826e-04 | kd 2.9897e-03 | ewc 2.0272e-07 | val 1.1556e-03 | lr 1.00e-04 | 119.61s
2025-07-23 13:22:59,063 - Epoch 003 | task 9.9652e-04 | kd 2.6607e-03 | ewc 2.5419e-07 | val 1.6128e-03 | lr 1.00e-04 | 132.02s
2025-07-23 13:25:04,630 - Epoch 004 | task 9.2861e-04 | kd 2.4657e-03 | ewc 4.9313e-07 | val 1.3392e-03 | lr 1.00e-04 | 125.54s
2025-07-23 13:27:13,339 - Epoch 005 | task 1.0420e-03 | kd 2.2515e-03 | ewc 1.3046e-06 | val 1.0400e-03 | lr 1.00e-04 | 128.69s
2025-07-23 13:29:25,819 - Epoch 006 | task 1.2434e-03 | kd 1.9937e-03 | ewc 2.3564e-06 | val 1.1274e-03 | lr 1.00e-04 | 132.31s
2025-07-23 13:31:36,224 - Epoch 007 | task 1.1076e-03 | kd 1.8718e-03 | ewc 3.2129e-06 | val 1.1631e-03 | lr 1.00e-04 | 130.36s
2025-07-23 13:33:55,253 - Epoch 008 | task 1.1760e-03 | kd 1.7089e-03 | ewc 3.7952e-06 | val 1.1860e-03 | lr 1.00e-04 | 138.98s
2025-07-23 13:36:12,218 - Epoch 009 | task 1.2604e-03 | kd 1.5594e-03 | ewc 4.7510e-06 | val 1.4433e-03 | lr 1.00e-04 | 136.89s
2025-07-23 13:38:25,187 - Epoch 010 | task 1.3465e-03 | kd 1.4304e-03 | ewc 5.7244e-06 | val 1.6369e-03 | lr 1.00e-04 | 132.94s
2025-07-23 13:40:47,317 - Epoch 011 | task 1.4392e-03 | kd 1.3179e-03 | ewc 6.6352e-06 | val 1.3914e-03 | lr 5.00e-05 | 142.05s
2025-07-23 13:43:04,125 - Epoch 012 | task 1.4923e-03 | kd 1.2197e-03 | ewc 7.5669e-06 | val 2.0454e-03 | lr 5.00e-05 | 136.72s
2025-07-23 13:45:16,872 - Epoch 013 | task 1.5857e-03 | kd 1.1344e-03 | ewc 8.0943e-06 | val 1.9727e-03 | lr 5.00e-05 | 132.71s
2025-07-23 13:47:36,282 - Epoch 014 | task 1.6741e-03 | kd 1.0541e-03 | ewc 8.8198e-06 | val 1.3139e-03 | lr 5.00e-05 | 139.38s
2025-07-23 13:49:51,789 - Epoch 015 | task 1.7582e-03 | kd 9.8281e-04 | ewc 9.4745e-06 | val 2.2813e-03 | lr 5.00e-05 | 135.47s
2025-07-23 13:51:43,192 - Epoch 016 | task 1.8406e-03 | kd 9.2287e-04 | ewc 1.0713e-05 | val 2.0071e-03 | lr 5.00e-05 | 111.38s
2025-07-23 13:53:45,842 - Epoch 017 | task 1.9215e-03 | kd 8.6283e-04 | ewc 1.1687e-05 | val 1.7044e-03 | lr 2.50e-05 | 122.63s
2025-07-23 13:55:52,448 - Epoch 018 | task 1.9703e-03 | kd 8.1271e-04 | ewc 1.2339e-05 | val 1.4851e-03 | lr 2.50e-05 | 126.58s
2025-07-23 13:57:58,198 - Epoch 019 | task 2.0447e-03 | kd 7.6451e-04 | ewc 1.3197e-05 | val 1.8273e-03 | lr 2.50e-05 | 125.70s
2025-07-23 14:00:06,790 - Epoch 020 | task 2.0431e-03 | kd 7.6497e-04 | ewc 1.3280e-05 | val 1.7167e-03 | lr 2.50e-05 | 128.53s
2025-07-23 14:02:17,180 - Epoch 021 | task 2.0410e-03 | kd 7.6289e-04 | ewc 1.3288e-05 | val 1.9152e-03 | lr 2.50e-05 | 130.35s
2025-07-23 14:04:22,463 - Epoch 022 | task 2.0421e-03 | kd 7.6281e-04 | ewc 1.3400e-05 | val 1.9362e-03 | lr 2.50e-05 | 125.23s
2025-07-23 14:06:30,568 - Epoch 023 | task 2.0436e-03 | kd 7.6369e-04 | ewc 1.3290e-05 | val 1.5640e-03 | lr 1.25e-05 | 128.09s
2025-07-23 14:08:40,359 - Epoch 024 | task 2.0322e-03 | kd 7.6232e-04 | ewc 1.3396e-05 | val 1.6061e-03 | lr 1.25e-05 | 129.76s
2025-07-23 14:10:49,954 - Epoch 025 | task 2.0334e-03 | kd 7.6210e-04 | ewc 1.3438e-05 | val 1.8734e-03 | lr 1.25e-05 | 129.55s
2025-07-23 14:10:49,994 - Early stopping at epoch 26
2025-07-23 14:10:54,525 - Consolidate lambda: 588.6713
2025-07-23 14:11:40,723 - ==== Training task task1 completed ====
2025-07-23 14:11:40,727 - ==== Training task task2 ====
2025-07-23 14:11:40,733 - Applying LWF alpha: 0.7225
2025-07-23 14:12:59,818 - Epoch 000 | task 3.9470e-03 | kd 4.7737e-03 | ewc 6.4499e-07 | val 1.1920e-02 | lr 1.00e-04 | 78.93s
2025-07-23 14:14:29,755 - Epoch 001 | task 2.5222e-03 | kd 5.6154e-03 | ewc 2.9975e-06 | val 3.2399e-03 | lr 1.00e-04 | 89.81s
2025-07-23 14:15:58,013 - Epoch 002 | task 1.8572e-03 | kd 5.7325e-03 | ewc 7.1710e-06 | val 4.4151e-03 | lr 1.00e-04 | 88.11s
2025-07-23 14:17:15,176 - Epoch 003 | task 1.7528e-03 | kd 5.4492e-03 | ewc 1.2592e-05 | val 3.7613e-03 | lr 1.00e-04 | 77.15s
2025-07-23 14:18:18,848 - Epoch 004 | task 1.5999e-03 | kd 5.2385e-03 | ewc 1.7920e-05 | val 6.8325e-03 | lr 1.00e-04 | 63.66s
2025-07-23 14:19:24,251 - Epoch 005 | task 1.5758e-03 | kd 5.0287e-03 | ewc 2.5363e-05 | val 3.2301e-03 | lr 1.00e-04 | 65.39s
2025-07-23 14:20:29,114 - Epoch 006 | task 1.6236e-03 | kd 4.7525e-03 | ewc 2.5810e-05 | val 3.5055e-03 | lr 1.00e-04 | 64.83s
2025-07-23 14:21:35,309 - Epoch 007 | task 1.5033e-03 | kd 4.5541e-03 | ewc 3.2047e-05 | val 3.1067e-03 | lr 1.00e-04 | 66.14s
2025-07-23 14:22:39,920 - Epoch 008 | task 1.4164e-03 | kd 4.3956e-03 | ewc 3.4570e-05 | val 4.8646e-03 | lr 1.00e-04 | 64.55s
2025-07-23 14:23:40,846 - Epoch 009 | task 1.6166e-03 | kd 4.1461e-03 | ewc 3.5564e-05 | val 2.0064e-03 | lr 1.00e-04 | 60.84s
2025-07-23 14:24:36,323 - Epoch 010 | task 1.4788e-03 | kd 3.9902e-03 | ewc 3.8415e-05 | val 2.4204e-03 | lr 1.00e-04 | 55.43s
2025-07-23 14:25:32,051 - Epoch 011 | task 1.5571e-03 | kd 3.8365e-03 | ewc 4.0601e-05 | val 2.6599e-03 | lr 1.00e-04 | 55.70s
2025-07-23 14:26:27,803 - Epoch 012 | task 1.7171e-03 | kd 3.6324e-03 | ewc 4.4656e-05 | val 2.4441e-03 | lr 1.00e-04 | 55.73s
2025-07-23 14:27:23,727 - Epoch 013 | task 1.6777e-03 | kd 3.4502e-03 | ewc 4.4712e-05 | val 2.1053e-03 | lr 1.00e-04 | 55.89s
2025-07-23 14:28:19,851 - Epoch 014 | task 1.7616e-03 | kd 3.3185e-03 | ewc 4.5070e-05 | val 2.3841e-03 | lr 1.00e-04 | 56.10s
2025-07-23 14:29:15,794 - Epoch 015 | task 1.8600e-03 | kd 3.1607e-03 | ewc 4.8510e-05 | val 3.8278e-03 | lr 5.00e-05 | 55.94s
2025-07-23 14:30:11,468 - Epoch 016 | task 1.7700e-03 | kd 3.0317e-03 | ewc 4.9334e-05 | val 2.3089e-03 | lr 5.00e-05 | 55.62s
2025-07-23 14:31:07,011 - Epoch 017 | task 1.7564e-03 | kd 2.9439e-03 | ewc 5.0386e-05 | val 2.3708e-03 | lr 5.00e-05 | 55.52s
2025-07-23 14:32:02,505 - Epoch 018 | task 1.8318e-03 | kd 2.8082e-03 | ewc 5.0894e-05 | val 2.6193e-03 | lr 5.00e-05 | 55.43s
2025-07-23 14:32:58,379 - Epoch 019 | task 1.8940e-03 | kd 2.6957e-03 | ewc 5.0911e-05 | val 2.6804e-03 | lr 5.00e-05 | 55.85s
2025-07-23 14:33:54,362 - Epoch 020 | task 1.9013e-03 | kd 2.6800e-03 | ewc 4.8766e-05 | val 2.2961e-03 | lr 5.00e-05 | 55.94s
2025-07-23 14:34:55,167 - Epoch 021 | task 1.9918e-03 | kd 2.6565e-03 | ewc 4.6365e-05 | val 2.2657e-03 | lr 2.50e-05 | 60.64s
2025-07-23 14:35:58,228 - Epoch 022 | task 1.8539e-03 | kd 2.6785e-03 | ewc 4.6352e-05 | val 2.4135e-03 | lr 2.50e-05 | 63.03s
2025-07-23 14:37:36,633 - Epoch 023 | task 1.8447e-03 | kd 2.6790e-03 | ewc 4.5609e-05 | val 2.3317e-03 | lr 2.50e-05 | 98.36s
2025-07-23 14:39:20,148 - Epoch 024 | task 1.8425e-03 | kd 2.6863e-03 | ewc 4.4568e-05 | val 2.1875e-03 | lr 2.50e-05 | 103.44s
2025-07-23 14:40:38,040 - Epoch 025 | task 1.8326e-03 | kd 2.6845e-03 | ewc 4.3875e-05 | val 2.4000e-03 | lr 2.50e-05 | 77.84s
2025-07-23 14:41:55,219 - Epoch 026 | task 1.8262e-03 | kd 2.6876e-03 | ewc 4.3126e-05 | val 2.3599e-03 | lr 2.50e-05 | 77.13s
2025-07-23 14:43:14,160 - Epoch 027 | task 1.8252e-03 | kd 2.6973e-03 | ewc 4.2663e-05 | val 2.3021e-03 | lr 1.25e-05 | 78.88s
2025-07-23 14:44:31,387 - Epoch 028 | task 1.7991e-03 | kd 2.7014e-03 | ewc 4.2508e-05 | val 2.2594e-03 | lr 1.25e-05 | 77.19s
2025-07-23 14:45:48,178 - Epoch 029 | task 1.8045e-03 | kd 2.6952e-03 | ewc 4.2104e-05 | val 2.0996e-03 | lr 1.25e-05 | 76.75s
2025-07-23 14:45:48,206 - Early stopping at epoch 30
2025-07-23 14:45:52,250 - Consolidate lambda: 0.0000
2025-07-23 14:46:25,867 - ==== Training task task2 completed ====
2025-07-23 14:46:25,899 - ==== Incremental Training Completed ====
2025-07-23 14:46:25,908 - ==== Starting Comprehensive Evaluation ====
2025-07-23 14:47:24,775 - ==== Computing BWT, FWT, ACC Metrics ====
2025-07-23 14:47:24,803 - Computing random initialization baselines for FWT calculation...
2025-07-23 14:47:31,155 - ==== Continual Learning Metrics ====
2025-07-23 14:47:31,164 - BWT: -0.0010
2025-07-23 14:47:31,174 - FWT: 0.6509
2025-07-23 14:47:31,183 - ACC: -0.0549
2025-07-23 14:47:31,191 - ==== R Matrix (Performance Matrix) ====
2025-07-23 14:47:31,199 - Task 0: [-0.0462 -0.0521 -0.1586]
2025-07-23 14:47:31,209 - Task 1: [-0.0199 -0.0515 -0.1307]
2025-07-23 14:47:31,222 - Task 2: [-0.0196 -0.0803 -0.0649]
2025-07-23 14:47:31,494 - ==== Incremental Training and Evaluation Completed ====
2025-07-23 14:47:31,499 - All evaluation results saved to: /beegfs/home/users/z/zzhuqshun/Thesis/05_Final/3inputs/strategies/trial17_dynamical_kd-ewc/incremental/evaluation
