2025-05-15 10:52:02,130 - ==== Regular LSTM Training Phase ====
2025-05-15 10:53:20,271 - Base train IDs: ['03', '05', '07', '09', '11', '15', '21', '23', '25', '27', '29']
2025-05-15 10:53:20,273 - Base train size: 205644
2025-05-15 10:53:20,275 - Base val IDs: ['01', '19', '13']
2025-05-15 10:53:20,276 - Base val size: 58177
2025-05-15 10:53:20,277 - Update1 train IDs: []
2025-05-15 10:53:20,279 - Update1 train size: 0
2025-05-15 10:53:20,280 - Update1 val IDs: []
2025-05-15 10:53:20,281 - Update1 val size: 0
2025-05-15 10:53:20,283 - Update2 train IDs: []
2025-05-15 10:53:20,284 - Update2 train size: 0
2025-05-15 10:53:20,286 - Update2 val IDs: []
2025-05-15 10:53:20,287 - Update2 val size: 0
2025-05-15 10:53:26,977 - Test cell ID: 17
2025-05-15 10:53:26,978 - Test size: 22872
2025-05-15 10:53:26,979 - Test base size: 11139
2025-05-15 10:53:26,980 - Test update1 size: 6312
2025-05-15 10:53:26,981 - Test update2 size: 5421
2025-05-15 10:53:45,170 - Epoch 1/200
2025-05-15 10:56:38,298 - Epoch 1, Train Loss: 2.2745e-02, Val Loss: 1.4791e-03, LR: 1.0000e-04, Time: 173.13s
2025-05-15 10:56:38,371 - Epoch 2/200
2025-05-15 10:59:30,516 - Epoch 2, Train Loss: 6.1153e-03, Val Loss: 6.7165e-03, LR: 1.0000e-04, Time: 172.15s
2025-05-15 10:59:30,560 - Epoch 3/200
2025-05-15 11:02:22,195 - Epoch 3, Train Loss: 4.2222e-03, Val Loss: 1.2340e-03, LR: 1.0000e-04, Time: 171.63s
2025-05-15 11:02:22,274 - Epoch 4/200
2025-05-15 11:05:14,695 - Epoch 4, Train Loss: 2.4164e-03, Val Loss: 7.1357e-04, LR: 1.0000e-04, Time: 172.42s
2025-05-15 11:05:14,768 - Epoch 5/200
2025-05-15 11:08:06,200 - Epoch 5, Train Loss: 1.4490e-03, Val Loss: 6.0501e-04, LR: 1.0000e-04, Time: 171.43s
2025-05-15 11:08:06,235 - Epoch 6/200
2025-05-15 11:10:57,515 - Epoch 6, Train Loss: 9.5946e-04, Val Loss: 3.2629e-03, LR: 1.0000e-04, Time: 171.28s
2025-05-15 11:10:57,543 - Epoch 7/200
2025-05-15 11:13:49,743 - Epoch 7, Train Loss: 7.0245e-04, Val Loss: 6.5181e-04, LR: 1.0000e-04, Time: 172.20s
2025-05-15 11:13:49,800 - Epoch 8/200
2025-05-15 11:16:42,525 - Epoch 8, Train Loss: 4.4117e-04, Val Loss: 4.0561e-04, LR: 1.0000e-04, Time: 172.72s
2025-05-15 11:16:42,558 - Epoch 9/200
2025-05-15 11:19:35,900 - Epoch 9, Train Loss: 3.2421e-04, Val Loss: 4.3281e-04, LR: 1.0000e-04, Time: 173.34s
2025-05-15 11:19:35,983 - Epoch 10/200
2025-05-15 11:22:28,425 - Epoch 10, Train Loss: 2.9121e-04, Val Loss: 5.0091e-04, LR: 1.0000e-04, Time: 172.44s
2025-05-15 11:22:28,488 - Epoch 11/200
2025-05-15 11:25:21,497 - Epoch 11, Train Loss: 1.9894e-04, Val Loss: 2.5671e-04, LR: 1.0000e-04, Time: 173.01s
2025-05-15 11:25:21,551 - Epoch 12/200
2025-05-15 11:28:14,169 - Epoch 12, Train Loss: 1.7032e-04, Val Loss: 2.5040e-04, LR: 1.0000e-04, Time: 172.62s
2025-05-15 11:28:14,235 - Epoch 13/200
2025-05-15 11:31:07,422 - Epoch 13, Train Loss: 1.5530e-04, Val Loss: 2.9334e-04, LR: 1.0000e-04, Time: 173.19s
2025-05-15 11:31:07,504 - Epoch 14/200
2025-05-15 11:34:00,115 - Epoch 14, Train Loss: 1.4350e-04, Val Loss: 3.8095e-04, LR: 1.0000e-04, Time: 172.61s
2025-05-15 11:34:00,142 - Epoch 15/200
2025-05-15 11:36:52,806 - Epoch 15, Train Loss: 1.4166e-04, Val Loss: 2.5898e-04, LR: 1.0000e-04, Time: 172.66s
2025-05-15 11:36:52,833 - Epoch 16/200
2025-05-15 11:39:44,586 - Epoch 16, Train Loss: 1.3119e-04, Val Loss: 2.0584e-04, LR: 1.0000e-04, Time: 171.75s
2025-05-15 11:39:44,619 - Epoch 17/200
2025-05-15 11:42:37,321 - Epoch 17, Train Loss: 1.2486e-04, Val Loss: 3.2017e-04, LR: 1.0000e-04, Time: 172.70s
2025-05-15 11:42:37,373 - Epoch 18/200
2025-05-15 11:45:30,667 - Epoch 18, Train Loss: 1.2349e-04, Val Loss: 2.7831e-04, LR: 1.0000e-04, Time: 173.29s
2025-05-15 11:45:30,760 - Epoch 19/200
2025-05-15 11:48:23,876 - Epoch 19, Train Loss: 1.2054e-04, Val Loss: 3.5354e-04, LR: 1.0000e-04, Time: 173.12s
2025-05-15 11:48:23,903 - Epoch 20/200
2025-05-15 11:51:17,007 - Epoch 20, Train Loss: 1.1551e-04, Val Loss: 4.4270e-04, LR: 1.0000e-04, Time: 173.10s
2025-05-15 11:51:17,036 - Epoch 21/200
2025-05-15 11:54:10,489 - Epoch 21, Train Loss: 1.1557e-04, Val Loss: 2.0188e-04, LR: 1.0000e-04, Time: 173.45s
2025-05-15 11:54:10,525 - Epoch 22/200
2025-05-15 11:57:03,567 - Epoch 22, Train Loss: 1.2358e-04, Val Loss: 3.1107e-04, LR: 1.0000e-04, Time: 173.04s
2025-05-15 11:57:03,594 - Epoch 23/200
2025-05-15 11:59:56,825 - Epoch 23, Train Loss: 1.2163e-04, Val Loss: 3.7269e-04, LR: 1.0000e-04, Time: 173.23s
2025-05-15 11:59:56,868 - Epoch 24/200
2025-05-15 12:02:49,788 - Epoch 24, Train Loss: 1.2244e-04, Val Loss: 3.1861e-04, LR: 1.0000e-04, Time: 172.92s
2025-05-15 12:02:49,830 - Epoch 25/200
2025-05-15 12:05:43,137 - Epoch 25, Train Loss: 1.0990e-04, Val Loss: 3.0579e-04, LR: 1.0000e-04, Time: 173.31s
2025-05-15 12:05:43,203 - Epoch 26/200
2025-05-15 12:08:38,030 - Epoch 26, Train Loss: 1.1232e-04, Val Loss: 2.8055e-04, LR: 1.0000e-04, Time: 174.83s
2025-05-15 12:08:38,168 - Epoch 27/200
2025-05-15 12:11:43,748 - Epoch 27, Train Loss: 1.0816e-04, Val Loss: 2.4892e-04, LR: 5.0000e-05, Time: 185.58s
2025-05-15 12:11:43,816 - Epoch 28/200
2025-05-15 12:14:41,264 - Epoch 28, Train Loss: 9.6035e-05, Val Loss: 2.0900e-04, LR: 5.0000e-05, Time: 177.45s
2025-05-15 12:14:41,377 - Epoch 29/200
2025-05-15 12:17:33,804 - Epoch 29, Train Loss: 9.3624e-05, Val Loss: 2.3169e-04, LR: 5.0000e-05, Time: 172.43s
2025-05-15 12:17:33,882 - Epoch 30/200
2025-05-15 12:20:28,914 - Epoch 30, Train Loss: 9.5290e-05, Val Loss: 2.2319e-04, LR: 5.0000e-05, Time: 175.03s
2025-05-15 12:20:28,940 - Epoch 31/200
2025-05-15 12:23:21,513 - Epoch 31, Train Loss: 9.3230e-05, Val Loss: 1.6735e-04, LR: 5.0000e-05, Time: 172.57s
2025-05-15 12:23:21,575 - Epoch 32/200
2025-05-15 12:26:14,496 - Epoch 32, Train Loss: 9.1712e-05, Val Loss: 2.2047e-04, LR: 5.0000e-05, Time: 172.92s
2025-05-15 12:26:14,547 - Epoch 33/200
2025-05-15 12:29:06,264 - Epoch 33, Train Loss: 9.3225e-05, Val Loss: 2.8511e-04, LR: 5.0000e-05, Time: 171.72s
2025-05-15 12:29:06,350 - Epoch 34/200
2025-05-15 12:31:58,141 - Epoch 34, Train Loss: 9.1709e-05, Val Loss: 1.7741e-04, LR: 5.0000e-05, Time: 171.79s
2025-05-15 12:31:58,215 - Epoch 35/200
2025-05-15 12:34:49,822 - Epoch 35, Train Loss: 9.0732e-05, Val Loss: 1.5024e-04, LR: 5.0000e-05, Time: 171.61s
2025-05-15 12:34:49,856 - Epoch 36/200
2025-05-15 12:37:42,005 - Epoch 36, Train Loss: 9.0985e-05, Val Loss: 2.5952e-04, LR: 5.0000e-05, Time: 172.15s
2025-05-15 12:37:42,032 - Epoch 37/200
2025-05-15 12:40:34,194 - Epoch 37, Train Loss: 9.0232e-05, Val Loss: 1.6914e-04, LR: 5.0000e-05, Time: 172.16s
2025-05-15 12:40:34,220 - Epoch 38/200
2025-05-15 12:43:26,956 - Epoch 38, Train Loss: 8.8607e-05, Val Loss: 1.4786e-04, LR: 5.0000e-05, Time: 172.74s
2025-05-15 12:43:27,044 - Epoch 39/200
2025-05-15 12:46:18,987 - Epoch 39, Train Loss: 8.8985e-05, Val Loss: 1.3372e-04, LR: 5.0000e-05, Time: 171.94s
2025-05-15 12:46:19,021 - Epoch 40/200
2025-05-15 12:49:11,002 - Epoch 40, Train Loss: 8.9296e-05, Val Loss: 2.2525e-04, LR: 5.0000e-05, Time: 171.98s
2025-05-15 12:49:11,029 - Epoch 41/200
2025-05-15 12:52:02,938 - Epoch 41, Train Loss: 8.7746e-05, Val Loss: 2.0429e-04, LR: 5.0000e-05, Time: 171.91s
2025-05-15 12:52:02,973 - Epoch 42/200
2025-05-15 12:54:54,640 - Epoch 42, Train Loss: 9.6615e-05, Val Loss: 2.2695e-04, LR: 5.0000e-05, Time: 171.67s
2025-05-15 12:54:54,666 - Epoch 43/200
2025-05-15 12:57:46,779 - Epoch 43, Train Loss: 8.8876e-05, Val Loss: 1.9490e-04, LR: 5.0000e-05, Time: 172.11s
2025-05-15 12:57:46,805 - Epoch 44/200
2025-05-15 13:00:38,900 - Epoch 44, Train Loss: 8.7250e-05, Val Loss: 1.6132e-04, LR: 5.0000e-05, Time: 172.09s
2025-05-15 13:00:38,927 - Epoch 45/200
2025-05-15 13:03:31,858 - Epoch 45, Train Loss: 8.6025e-05, Val Loss: 1.9599e-04, LR: 2.5000e-05, Time: 172.93s
2025-05-15 13:03:31,885 - Epoch 46/200
2025-05-15 13:06:23,952 - Epoch 46, Train Loss: 8.1907e-05, Val Loss: 1.8122e-04, LR: 2.5000e-05, Time: 172.07s
2025-05-15 13:06:23,979 - Epoch 47/200
2025-05-15 13:09:16,033 - Epoch 47, Train Loss: 7.9655e-05, Val Loss: 1.4769e-04, LR: 2.5000e-05, Time: 172.05s
2025-05-15 13:09:16,060 - Epoch 48/200
2025-05-15 13:12:08,746 - Epoch 48, Train Loss: 8.0862e-05, Val Loss: 1.5477e-04, LR: 2.5000e-05, Time: 172.69s
2025-05-15 13:12:08,775 - Epoch 49/200
2025-05-15 13:15:02,567 - Epoch 49, Train Loss: 8.0356e-05, Val Loss: 1.8572e-04, LR: 2.5000e-05, Time: 173.79s
2025-05-15 13:15:02,594 - Epoch 50/200
2025-05-15 13:17:55,917 - Epoch 50, Train Loss: 8.0501e-05, Val Loss: 1.9063e-04, LR: 2.5000e-05, Time: 173.32s
2025-05-15 13:17:55,964 - Epoch 51/200
2025-05-15 13:20:49,248 - Epoch 51, Train Loss: 7.9660e-05, Val Loss: 1.3500e-04, LR: 1.2500e-05, Time: 173.28s
2025-05-15 13:20:49,276 - Epoch 52/200
2025-05-15 13:23:43,254 - Epoch 52, Train Loss: 7.6055e-05, Val Loss: 1.4637e-04, LR: 1.2500e-05, Time: 173.98s
2025-05-15 13:23:43,298 - Epoch 53/200
2025-05-15 13:26:35,366 - Epoch 53, Train Loss: 7.5882e-05, Val Loss: 1.5158e-04, LR: 1.2500e-05, Time: 172.07s
2025-05-15 13:26:35,392 - Epoch 54/200
2025-05-15 13:29:31,842 - Epoch 54, Train Loss: 7.4571e-05, Val Loss: 1.3455e-04, LR: 1.2500e-05, Time: 176.45s
2025-05-15 13:29:31,868 - Epoch 55/200
2025-05-15 13:32:28,490 - Epoch 55, Train Loss: 7.5669e-05, Val Loss: 1.4429e-04, LR: 1.2500e-05, Time: 176.62s
2025-05-15 13:32:28,521 - Epoch 56/200
2025-05-15 13:35:30,481 - Epoch 56, Train Loss: 7.5793e-05, Val Loss: 1.5214e-04, LR: 1.2500e-05, Time: 181.96s
2025-05-15 13:35:30,549 - Epoch 57/200
2025-05-15 13:38:26,041 - Epoch 57, Train Loss: 7.4830e-05, Val Loss: 1.7144e-04, LR: 6.2500e-06, Time: 175.49s
2025-05-15 13:38:26,136 - Epoch 58/200
2025-05-15 13:41:18,041 - Epoch 58, Train Loss: 7.3107e-05, Val Loss: 1.6929e-04, LR: 6.2500e-06, Time: 171.91s
2025-05-15 13:41:18,070 - Epoch 59/200
2025-05-15 13:44:09,872 - Epoch 59, Train Loss: 7.2488e-05, Val Loss: 1.5544e-04, LR: 6.2500e-06, Time: 171.80s
2025-05-15 13:44:09,921 - Early stopping at epoch 59
2025-05-15 13:44:20,127 - [Regular BEST] RMSE: 0.0063, MAE: 0.0048, R2: 0.9944
2025-05-15 13:44:28,731 - [Regular LAST] RMSE: 0.0078, MAE: 0.0064, R2: 0.9915
2025-05-15 13:44:28,733 - ==== Incremental EWC Training Phase ====
2025-05-15 13:46:02,211 - Base train IDs: ['01', '03', '05', '21', '27']
2025-05-15 13:46:02,212 - Base train size: 119705
2025-05-15 13:46:02,214 - Base val IDs: ['23']
2025-05-15 13:46:02,215 - Base val size: 24176
2025-05-15 13:46:02,216 - Update1 train IDs: ['07', '09', '11', '19', '23']
2025-05-15 13:46:02,217 - Update1 train size: 102537
2025-05-15 13:46:02,219 - Update1 val IDs: ['25']
2025-05-15 13:46:02,220 - Update1 val size: 18326
2025-05-15 13:46:02,221 - Update2 train IDs: ['15', '25', '29']
2025-05-15 13:46:02,223 - Update2 train size: 35134
2025-05-15 13:46:02,224 - Update2 val IDs: ['13']
2025-05-15 13:46:02,225 - Update2 val size: 6445
2025-05-15 13:46:09,584 - Test cell ID: 17
2025-05-15 13:46:09,586 - Test size: 22872
2025-05-15 13:46:09,587 - Test base size: 11139
2025-05-15 13:46:09,589 - Test update1 size: 6312
2025-05-15 13:46:09,590 - Test update2 size: 5421
2025-05-15 13:46:09,682 - [task0] Training...
2025-05-15 13:46:09,689 - Epoch 1/200
2025-05-15 13:47:46,612 - Epoch 1, Train Loss: 1.7349e-02, Val Loss: 1.4676e-03, LR: 1.0000e-04, Time: 96.92s
2025-05-15 13:47:46,658 - Epoch 2/200
2025-05-15 13:49:23,396 - Epoch 2, Train Loss: 4.6005e-03, Val Loss: 2.4133e-03, LR: 1.0000e-04, Time: 96.74s
2025-05-15 13:49:23,421 - Epoch 3/200
2025-05-15 13:51:00,165 - Epoch 3, Train Loss: 3.2265e-03, Val Loss: 2.6123e-03, LR: 1.0000e-04, Time: 96.74s
2025-05-15 13:51:00,209 - Epoch 4/200
2025-05-15 13:52:37,063 - Epoch 4, Train Loss: 2.3188e-03, Val Loss: 1.9477e-03, LR: 1.0000e-04, Time: 96.85s
2025-05-15 13:52:37,090 - Epoch 5/200
2025-05-15 13:54:13,875 - Epoch 5, Train Loss: 1.6495e-03, Val Loss: 1.4624e-03, LR: 1.0000e-04, Time: 96.78s
2025-05-15 13:54:13,908 - Epoch 6/200
2025-05-15 13:55:51,207 - Epoch 6, Train Loss: 1.0786e-03, Val Loss: 1.2470e-03, LR: 1.0000e-04, Time: 97.30s
2025-05-15 13:55:51,241 - Epoch 7/200
2025-05-15 13:57:28,406 - Epoch 7, Train Loss: 7.0067e-04, Val Loss: 1.5924e-03, LR: 1.0000e-04, Time: 97.17s
2025-05-15 13:57:28,434 - Epoch 8/200
2025-05-15 13:59:05,706 - Epoch 8, Train Loss: 5.4936e-04, Val Loss: 2.8804e-03, LR: 1.0000e-04, Time: 97.27s
2025-05-15 13:59:05,758 - Epoch 9/200
2025-05-15 14:00:43,049 - Epoch 9, Train Loss: 5.1205e-04, Val Loss: 4.0639e-03, LR: 1.0000e-04, Time: 97.29s
2025-05-15 14:00:43,075 - Epoch 10/200
2025-05-15 14:02:20,003 - Epoch 10, Train Loss: 3.4530e-04, Val Loss: 5.0183e-03, LR: 1.0000e-04, Time: 96.93s
2025-05-15 14:02:20,030 - Epoch 11/200
2025-05-15 14:03:56,892 - Epoch 11, Train Loss: 2.8243e-04, Val Loss: 5.0056e-03, LR: 1.0000e-04, Time: 96.86s
2025-05-15 14:03:56,920 - Epoch 12/200
2025-05-15 14:05:33,490 - Epoch 12, Train Loss: 2.2310e-04, Val Loss: 4.7751e-03, LR: 5.0000e-05, Time: 96.57s
2025-05-15 14:05:33,528 - Epoch 13/200
2025-05-15 14:07:10,465 - Epoch 13, Train Loss: 2.8806e-04, Val Loss: 5.8105e-03, LR: 5.0000e-05, Time: 96.94s
2025-05-15 14:07:10,490 - Epoch 14/200
2025-05-15 14:08:47,371 - Epoch 14, Train Loss: 1.8005e-04, Val Loss: 5.9417e-03, LR: 5.0000e-05, Time: 96.88s
2025-05-15 14:08:47,454 - Epoch 15/200
2025-05-15 14:10:24,016 - Epoch 15, Train Loss: 1.8361e-04, Val Loss: 4.9013e-03, LR: 5.0000e-05, Time: 96.56s
2025-05-15 14:10:24,146 - Epoch 16/200
2025-05-15 14:12:00,738 - Epoch 16, Train Loss: 1.6801e-04, Val Loss: 5.1594e-03, LR: 5.0000e-05, Time: 96.59s
2025-05-15 14:12:00,811 - Epoch 17/200
2025-05-15 14:13:37,340 - Epoch 17, Train Loss: 1.4495e-04, Val Loss: 5.7039e-03, LR: 5.0000e-05, Time: 96.53s
2025-05-15 14:13:37,367 - Epoch 18/200
2025-05-15 14:15:13,900 - Epoch 18, Train Loss: 1.7126e-04, Val Loss: 6.2454e-03, LR: 2.5000e-05, Time: 96.53s
2025-05-15 14:15:13,926 - Epoch 19/200
2025-05-15 14:16:50,348 - Epoch 19, Train Loss: 1.1347e-04, Val Loss: 5.9796e-03, LR: 2.5000e-05, Time: 96.42s
2025-05-15 14:16:50,374 - Epoch 20/200
2025-05-15 14:18:26,749 - Epoch 20, Train Loss: 1.0506e-04, Val Loss: 5.8962e-03, LR: 2.5000e-05, Time: 96.37s
2025-05-15 14:18:26,776 - Epoch 21/200
2025-05-15 14:20:03,158 - Epoch 21, Train Loss: 9.8494e-05, Val Loss: 5.5375e-03, LR: 2.5000e-05, Time: 96.38s
2025-05-15 14:20:03,199 - Epoch 22/200
2025-05-15 14:21:39,825 - Epoch 22, Train Loss: 9.6792e-05, Val Loss: 5.5345e-03, LR: 2.5000e-05, Time: 96.63s
2025-05-15 14:21:39,853 - Epoch 23/200
2025-05-15 14:23:16,372 - Epoch 23, Train Loss: 9.2377e-05, Val Loss: 5.1378e-03, LR: 2.5000e-05, Time: 96.52s
2025-05-15 14:23:16,400 - Epoch 24/200
2025-05-15 14:24:52,904 - Epoch 24, Train Loss: 9.3161e-05, Val Loss: 5.8712e-03, LR: 1.2500e-05, Time: 96.50s
2025-05-15 14:24:52,931 - Epoch 25/200
2025-05-15 14:26:29,475 - Epoch 25, Train Loss: 7.9267e-05, Val Loss: 5.3420e-03, LR: 1.2500e-05, Time: 96.54s
2025-05-15 14:26:29,500 - Epoch 26/200
2025-05-15 14:28:05,879 - Epoch 26, Train Loss: 7.8275e-05, Val Loss: 5.4747e-03, LR: 1.2500e-05, Time: 96.38s
2025-05-15 14:28:05,916 - Early stopping at epoch 26
2025-05-15 14:28:05,941 - [task0] Training completed.
2025-05-15 14:28:05,943 - [task0] Consolidating...
2025-05-15 14:29:30,185 - [task0] Consolidation completed.
2025-05-15 14:29:38,817 - [task0 BEST] RMSE: 0.0814, MAE: 0.0653, R2: 0.0636
2025-05-15 14:29:47,571 - [task0 LAST] RMSE: 0.0668, MAE: 0.0592, R2: 0.3706
2025-05-15 14:29:47,573 - [task0] Finished.
2025-05-15 14:29:47,654 - [task1] Training...
2025-05-15 14:29:47,660 - Epoch 1/200
2025-05-15 14:31:12,178 - Epoch 1, Train Loss: 7.9437e-04, Val Loss: 9.5087e-04, LR: 1.0000e-04, Time: 84.52s
2025-05-15 14:31:12,225 - Epoch 2/200
2025-05-15 14:32:36,880 - Epoch 2, Train Loss: 5.4550e-04, Val Loss: 1.1536e-03, LR: 1.0000e-04, Time: 84.66s
2025-05-15 14:32:36,918 - Epoch 3/200
2025-05-15 14:34:01,443 - Epoch 3, Train Loss: 4.1467e-04, Val Loss: 1.5204e-03, LR: 1.0000e-04, Time: 84.53s
2025-05-15 14:34:01,481 - Epoch 4/200
2025-05-15 14:35:26,062 - Epoch 4, Train Loss: 3.8841e-04, Val Loss: 1.1811e-03, LR: 1.0000e-04, Time: 84.58s
2025-05-15 14:35:26,098 - Epoch 5/200
2025-05-15 14:36:50,652 - Epoch 5, Train Loss: 3.3916e-04, Val Loss: 1.5960e-03, LR: 1.0000e-04, Time: 84.55s
2025-05-15 14:36:50,690 - Epoch 6/200
2025-05-15 14:38:15,446 - Epoch 6, Train Loss: 3.1141e-04, Val Loss: 1.0498e-03, LR: 1.0000e-04, Time: 84.76s
2025-05-15 14:38:15,482 - Epoch 7/200
2025-05-15 14:39:40,757 - Epoch 7, Train Loss: 2.5488e-04, Val Loss: 1.3003e-03, LR: 5.0000e-05, Time: 85.27s
2025-05-15 14:39:40,794 - Epoch 8/200
2025-05-15 14:41:05,691 - Epoch 8, Train Loss: 2.0932e-04, Val Loss: 1.4133e-03, LR: 5.0000e-05, Time: 84.90s
2025-05-15 14:41:05,730 - Epoch 9/200
2025-05-15 14:42:30,153 - Epoch 9, Train Loss: 2.0558e-04, Val Loss: 1.2295e-03, LR: 5.0000e-05, Time: 84.42s
2025-05-15 14:42:30,191 - Epoch 10/200
2025-05-15 14:43:57,103 - Epoch 10, Train Loss: 1.9250e-04, Val Loss: 1.3778e-03, LR: 5.0000e-05, Time: 86.91s
2025-05-15 14:43:57,143 - Epoch 11/200
2025-05-15 14:45:24,704 - Epoch 11, Train Loss: 1.8276e-04, Val Loss: 1.4157e-03, LR: 5.0000e-05, Time: 87.56s
2025-05-15 14:45:24,748 - Epoch 12/200
2025-05-15 14:46:50,576 - Epoch 12, Train Loss: 1.7990e-04, Val Loss: 1.3053e-03, LR: 5.0000e-05, Time: 85.83s
2025-05-15 14:46:50,613 - Epoch 13/200
2025-05-15 14:48:15,119 - Epoch 13, Train Loss: 1.7378e-04, Val Loss: 1.4879e-03, LR: 2.5000e-05, Time: 84.51s
2025-05-15 14:48:15,156 - Epoch 14/200
2025-05-15 14:49:39,643 - Epoch 14, Train Loss: 1.5176e-04, Val Loss: 1.2953e-03, LR: 2.5000e-05, Time: 84.49s
2025-05-15 14:49:39,681 - Epoch 15/200
2025-05-15 14:51:04,217 - Epoch 15, Train Loss: 1.5267e-04, Val Loss: 1.5524e-03, LR: 2.5000e-05, Time: 84.54s
2025-05-15 14:51:04,256 - Epoch 16/200
2025-05-15 14:52:28,815 - Epoch 16, Train Loss: 1.5915e-04, Val Loss: 1.6479e-03, LR: 2.5000e-05, Time: 84.56s
2025-05-15 14:52:28,854 - Epoch 17/200
2025-05-15 14:53:53,341 - Epoch 17, Train Loss: 1.4557e-04, Val Loss: 1.5233e-03, LR: 2.5000e-05, Time: 84.49s
2025-05-15 14:53:53,377 - Epoch 18/200
2025-05-15 14:55:18,013 - Epoch 18, Train Loss: 1.4504e-04, Val Loss: 1.5014e-03, LR: 2.5000e-05, Time: 84.64s
2025-05-15 14:55:18,050 - Epoch 19/200
2025-05-15 14:56:42,563 - Epoch 19, Train Loss: 1.4445e-04, Val Loss: 1.4145e-03, LR: 1.2500e-05, Time: 84.51s
2025-05-15 14:56:42,601 - Epoch 20/200
2025-05-15 14:58:07,091 - Epoch 20, Train Loss: 1.3641e-04, Val Loss: 1.4010e-03, LR: 1.2500e-05, Time: 84.49s
2025-05-15 14:58:07,128 - Epoch 21/200
2025-05-15 14:59:31,627 - Epoch 21, Train Loss: 1.3419e-04, Val Loss: 1.5982e-03, LR: 1.2500e-05, Time: 84.50s
2025-05-15 14:59:31,663 - Early stopping at epoch 21
2025-05-15 14:59:31,690 - [task1] Training completed.
2025-05-15 14:59:31,694 - [task1] Consolidating...
2025-05-15 15:00:43,668 - [task1] Consolidation completed.
2025-05-15 15:00:52,283 - [task1 BEST] RMSE: 0.0234, MAE: 0.0190, R2: 0.9225
2025-05-15 15:01:00,972 - [task1 LAST] RMSE: 0.0250, MAE: 0.0160, R2: 0.9120
2025-05-15 15:01:00,974 - [task1] Finished.
2025-05-15 15:01:01,073 - [task2] Training...
2025-05-15 15:01:01,081 - Epoch 1/200
2025-05-15 15:01:30,469 - Epoch 1, Train Loss: 7.3045e-04, Val Loss: 7.9984e-04, LR: 1.0000e-04, Time: 29.39s
2025-05-15 15:01:30,549 - Epoch 2/200
2025-05-15 15:01:59,927 - Epoch 2, Train Loss: 5.2574e-04, Val Loss: 8.4810e-04, LR: 1.0000e-04, Time: 29.38s
2025-05-15 15:01:59,975 - Epoch 3/200
2025-05-15 15:02:29,453 - Epoch 3, Train Loss: 4.5351e-04, Val Loss: 9.4452e-04, LR: 1.0000e-04, Time: 29.48s
2025-05-15 15:02:29,507 - Epoch 4/200
2025-05-15 15:02:58,964 - Epoch 4, Train Loss: 4.3263e-04, Val Loss: 8.4174e-04, LR: 1.0000e-04, Time: 29.46s
2025-05-15 15:02:59,020 - Epoch 5/200
2025-05-15 15:03:28,415 - Epoch 5, Train Loss: 4.7339e-04, Val Loss: 8.5065e-04, LR: 1.0000e-04, Time: 29.40s
2025-05-15 15:03:28,462 - Epoch 6/200
2025-05-15 15:03:57,909 - Epoch 6, Train Loss: 4.2893e-04, Val Loss: 1.2533e-03, LR: 1.0000e-04, Time: 29.45s
2025-05-15 15:03:57,954 - Epoch 7/200
2025-05-15 15:04:27,350 - Epoch 7, Train Loss: 4.1084e-04, Val Loss: 9.0772e-04, LR: 5.0000e-05, Time: 29.40s
2025-05-15 15:04:27,398 - Epoch 8/200
2025-05-15 15:04:56,781 - Epoch 8, Train Loss: 3.5757e-04, Val Loss: 9.7533e-04, LR: 5.0000e-05, Time: 29.38s
2025-05-15 15:04:56,830 - Epoch 9/200
2025-05-15 15:05:26,212 - Epoch 9, Train Loss: 3.4640e-04, Val Loss: 1.0347e-03, LR: 5.0000e-05, Time: 29.38s
2025-05-15 15:05:26,259 - Epoch 10/200
2025-05-15 15:05:55,649 - Epoch 10, Train Loss: 3.4753e-04, Val Loss: 8.7717e-04, LR: 5.0000e-05, Time: 29.39s
2025-05-15 15:05:55,695 - Epoch 11/200
2025-05-15 15:06:25,029 - Epoch 11, Train Loss: 3.5334e-04, Val Loss: 1.0062e-03, LR: 5.0000e-05, Time: 29.33s
2025-05-15 15:06:25,076 - Epoch 12/200
2025-05-15 15:06:54,476 - Epoch 12, Train Loss: 3.5237e-04, Val Loss: 9.5224e-04, LR: 5.0000e-05, Time: 29.40s
2025-05-15 15:06:54,524 - Epoch 13/200
2025-05-15 15:07:23,940 - Epoch 13, Train Loss: 3.4974e-04, Val Loss: 1.1564e-03, LR: 2.5000e-05, Time: 29.42s
2025-05-15 15:07:23,990 - Epoch 14/200
2025-05-15 15:07:53,340 - Epoch 14, Train Loss: 3.1520e-04, Val Loss: 1.0265e-03, LR: 2.5000e-05, Time: 29.35s
2025-05-15 15:07:53,382 - Epoch 15/200
2025-05-15 15:08:22,750 - Epoch 15, Train Loss: 3.1129e-04, Val Loss: 1.0693e-03, LR: 2.5000e-05, Time: 29.37s
2025-05-15 15:08:22,794 - Epoch 16/200
2025-05-15 15:08:52,134 - Epoch 16, Train Loss: 3.1638e-04, Val Loss: 9.2829e-04, LR: 2.5000e-05, Time: 29.34s
2025-05-15 15:08:52,181 - Epoch 17/200
2025-05-15 15:09:21,685 - Epoch 17, Train Loss: 3.0517e-04, Val Loss: 1.1732e-03, LR: 2.5000e-05, Time: 29.50s
2025-05-15 15:09:21,730 - Epoch 18/200
2025-05-15 15:09:51,112 - Epoch 18, Train Loss: 3.0590e-04, Val Loss: 8.3904e-04, LR: 2.5000e-05, Time: 29.38s
2025-05-15 15:09:51,158 - Epoch 19/200
2025-05-15 15:10:20,547 - Epoch 19, Train Loss: 3.1552e-04, Val Loss: 7.8379e-04, LR: 2.5000e-05, Time: 29.39s
2025-05-15 15:10:20,604 - Epoch 20/200
2025-05-15 15:10:50,085 - Epoch 20, Train Loss: 3.0074e-04, Val Loss: 1.1858e-03, LR: 2.5000e-05, Time: 29.48s
2025-05-15 15:10:50,128 - Epoch 21/200
2025-05-15 15:11:19,580 - Epoch 21, Train Loss: 3.0159e-04, Val Loss: 9.2008e-04, LR: 2.5000e-05, Time: 29.45s
2025-05-15 15:11:19,635 - Epoch 22/200
2025-05-15 15:11:49,052 - Epoch 22, Train Loss: 3.0511e-04, Val Loss: 9.6285e-04, LR: 2.5000e-05, Time: 29.42s
2025-05-15 15:11:49,100 - Epoch 23/200
2025-05-15 15:12:18,504 - Epoch 23, Train Loss: 3.0102e-04, Val Loss: 1.0691e-03, LR: 2.5000e-05, Time: 29.40s
2025-05-15 15:12:18,551 - Epoch 24/200
2025-05-15 15:12:47,930 - Epoch 24, Train Loss: 3.0356e-04, Val Loss: 1.0175e-03, LR: 2.5000e-05, Time: 29.38s
2025-05-15 15:12:47,977 - Epoch 25/200
2025-05-15 15:13:17,376 - Epoch 25, Train Loss: 2.9662e-04, Val Loss: 9.4954e-04, LR: 1.2500e-05, Time: 29.40s
2025-05-15 15:13:17,431 - Epoch 26/200
2025-05-15 15:13:46,849 - Epoch 26, Train Loss: 2.8505e-04, Val Loss: 1.0033e-03, LR: 1.2500e-05, Time: 29.42s
2025-05-15 15:13:46,896 - Epoch 27/200
2025-05-15 15:14:16,297 - Epoch 27, Train Loss: 2.8025e-04, Val Loss: 1.1688e-03, LR: 1.2500e-05, Time: 29.40s
2025-05-15 15:14:16,343 - Epoch 28/200
2025-05-15 15:14:45,673 - Epoch 28, Train Loss: 2.8239e-04, Val Loss: 1.0477e-03, LR: 1.2500e-05, Time: 29.33s
2025-05-15 15:14:45,721 - Epoch 29/200
2025-05-15 15:15:15,132 - Epoch 29, Train Loss: 2.8362e-04, Val Loss: 1.0388e-03, LR: 1.2500e-05, Time: 29.41s
2025-05-15 15:15:15,181 - Epoch 30/200
2025-05-15 15:15:44,572 - Epoch 30, Train Loss: 2.8209e-04, Val Loss: 1.0522e-03, LR: 1.2500e-05, Time: 29.39s
2025-05-15 15:15:44,620 - Epoch 31/200
2025-05-15 15:16:13,994 - Epoch 31, Train Loss: 2.8238e-04, Val Loss: 1.0026e-03, LR: 6.2500e-06, Time: 29.37s
2025-05-15 15:16:14,040 - Epoch 32/200
2025-05-15 15:16:43,418 - Epoch 32, Train Loss: 2.7455e-04, Val Loss: 1.0637e-03, LR: 6.2500e-06, Time: 29.38s
2025-05-15 15:16:43,465 - Epoch 33/200
2025-05-15 15:17:12,844 - Epoch 33, Train Loss: 2.7630e-04, Val Loss: 1.0467e-03, LR: 6.2500e-06, Time: 29.38s
2025-05-15 15:17:12,891 - Epoch 34/200
2025-05-15 15:17:42,213 - Epoch 34, Train Loss: 2.7251e-04, Val Loss: 9.8147e-04, LR: 6.2500e-06, Time: 29.32s
2025-05-15 15:17:42,257 - Epoch 35/200
2025-05-15 15:18:11,643 - Epoch 35, Train Loss: 2.7516e-04, Val Loss: 1.0274e-03, LR: 6.2500e-06, Time: 29.39s
2025-05-15 15:18:11,690 - Epoch 36/200
2025-05-15 15:18:41,082 - Epoch 36, Train Loss: 2.8089e-04, Val Loss: 1.0549e-03, LR: 6.2500e-06, Time: 29.39s
2025-05-15 15:18:41,130 - Epoch 37/200
2025-05-15 15:19:10,496 - Epoch 37, Train Loss: 2.7150e-04, Val Loss: 1.0927e-03, LR: 3.1250e-06, Time: 29.37s
2025-05-15 15:19:10,543 - Epoch 38/200
2025-05-15 15:19:40,005 - Epoch 38, Train Loss: 2.6555e-04, Val Loss: 1.0414e-03, LR: 3.1250e-06, Time: 29.46s
2025-05-15 15:19:40,051 - Epoch 39/200
2025-05-15 15:20:10,086 - Epoch 39, Train Loss: 2.7128e-04, Val Loss: 9.8408e-04, LR: 3.1250e-06, Time: 30.04s
2025-05-15 15:20:10,498 - Early stopping at epoch 39
2025-05-15 15:20:10,689 - [task2] Training completed.
2025-05-15 15:20:10,747 - [task2] Consolidating...
2025-05-15 15:20:35,140 - [task2] Consolidation completed.
2025-05-15 15:20:43,553 - [task2 BEST] RMSE: 0.0156, MAE: 0.0130, R2: 0.9657
2025-05-15 15:20:52,052 - [task2 LAST] RMSE: 0.0133, MAE: 0.0113, R2: 0.9752
2025-05-15 15:20:52,053 - [task2] Finished.
2025-05-15 15:20:52,054 - ==== All tasks completed ====
