2025-08-05 20:01:15,037 - INFO - ==== Starting Joint Training ====
2025-08-05 20:02:15,689 - INFO - Joint training - Train IDs: ['03', '05', '07', '09', '11', '15', '21', '23', '25', '27', '29'], size: 205644
2025-08-05 20:02:15,714 - INFO - Joint training - Val IDs: ['01', '19', '13'], size: 58177
2025-08-05 20:02:15,714 - INFO - Joint training - Test ID: 17, size: 22872
2025-08-05 20:02:15,792 - INFO -   (Scaler) Scaler centers: [ 3.342422    0.17992967 27.75      ]
2025-08-05 20:02:15,813 - INFO -   (Scaler) Scaler scales: [0.18428363 1.77955483 1.81783333]
2025-08-05 20:02:16,320 - INFO - ========== Model Structure ==========
2025-08-05 20:02:16,320 - INFO - 
SOHLSTM(
  (lstm1): LSTM(3, 128, batch_first=True)
  (dropout_between): Dropout(p=0.3, inplace=False)
  (lstm2): LSTM(128, 128, batch_first=True)
  (fc): Sequential(
    (0): Linear(in_features=128, out_features=64, bias=True)
    (1): LeakyReLU(negative_slope=0.01)
    (2): Dropout(p=0.3, inplace=False)
    (3): Linear(in_features=64, out_features=1, bias=True)
  )
)
2025-08-05 20:02:16,335 - INFO - =====================================
2025-08-05 20:02:16,335 - INFO - ====== Model Parameters Details ======
2025-08-05 20:02:16,336 - INFO - lstm1.weight_ih_l0                                 | trainable |     1536 params
2025-08-05 20:02:16,336 - INFO - lstm1.weight_hh_l0                                 | trainable |    65536 params
2025-08-05 20:02:16,336 - INFO - lstm1.bias_ih_l0                                   | trainable |      512 params
2025-08-05 20:02:16,336 - INFO - lstm1.bias_hh_l0                                   | trainable |      512 params
2025-08-05 20:02:16,336 - INFO - lstm2.weight_ih_l0                                 | trainable |    65536 params
2025-08-05 20:02:16,336 - INFO - lstm2.weight_hh_l0                                 | trainable |    65536 params
2025-08-05 20:02:16,337 - INFO - lstm2.bias_ih_l0                                   | trainable |      512 params
2025-08-05 20:02:16,337 - INFO - lstm2.bias_hh_l0                                   | trainable |      512 params
2025-08-05 20:02:16,337 - INFO - fc.0.weight                                        | trainable |     8192 params
2025-08-05 20:02:16,337 - INFO - fc.0.bias                                          | trainable |       64 params
2025-08-05 20:02:16,337 - INFO - fc.3.weight                                        | trainable |       64 params
2025-08-05 20:02:16,337 - INFO - fc.3.bias                                          | trainable |        1 params
2025-08-05 20:02:16,337 - INFO - --------------------------------------------------------------------------------
2025-08-05 20:02:16,337 - INFO - Total params:                                          208513 params (only trainable)
2025-08-05 20:02:16,337 - INFO - =====================================
2025-08-05 20:10:37,374 - INFO - ==== Starting Joint Training ====
2025-08-05 20:11:36,766 - INFO - Joint training - Train IDs: ['03', '05', '07', '09', '11', '15', '21', '23', '25', '27', '29'], size: 205644
2025-08-05 20:11:36,789 - INFO - Joint training - Val IDs: ['01', '19', '13'], size: 58177
2025-08-05 20:11:36,790 - INFO - Joint training - Test ID: 17, size: 22872
2025-08-05 20:11:36,875 - INFO -   (Scaler) Scaler centers: [ 3.342422    0.17992967 27.75      ]
2025-08-05 20:11:36,892 - INFO -   (Scaler) Scaler scales: [0.18428363 1.77955483 1.81783333]
2025-08-05 20:11:37,387 - INFO - ========== Model Structure ==========
2025-08-05 20:11:37,387 - INFO - 
SOHLSTM(
  (lstm1): LSTM(3, 128, batch_first=True)
  (dropout_between): Dropout(p=0.3, inplace=False)
  (lstm2): LSTM(128, 128, batch_first=True)
  (fc): Sequential(
    (0): Linear(in_features=128, out_features=64, bias=True)
    (1): LeakyReLU(negative_slope=0.01)
    (2): Dropout(p=0.3, inplace=False)
    (3): Linear(in_features=64, out_features=1, bias=True)
  )
)
2025-08-05 20:11:37,388 - INFO - =====================================
2025-08-05 20:11:37,388 - INFO - ====== Model Parameters Details ======
2025-08-05 20:11:37,403 - INFO - lstm1.weight_ih_l0                                 | trainable |     1536 params
2025-08-05 20:11:37,404 - INFO - lstm1.weight_hh_l0                                 | trainable |    65536 params
2025-08-05 20:11:37,404 - INFO - lstm1.bias_ih_l0                                   | trainable |      512 params
2025-08-05 20:11:37,404 - INFO - lstm1.bias_hh_l0                                   | trainable |      512 params
2025-08-05 20:11:37,404 - INFO - lstm2.weight_ih_l0                                 | trainable |    65536 params
2025-08-05 20:11:37,404 - INFO - lstm2.weight_hh_l0                                 | trainable |    65536 params
2025-08-05 20:11:37,404 - INFO - lstm2.bias_ih_l0                                   | trainable |      512 params
2025-08-05 20:11:37,404 - INFO - lstm2.bias_hh_l0                                   | trainable |      512 params
2025-08-05 20:11:37,404 - INFO - fc.0.weight                                        | trainable |     8192 params
2025-08-05 20:11:37,404 - INFO - fc.0.bias                                          | trainable |       64 params
2025-08-05 20:11:37,404 - INFO - fc.3.weight                                        | trainable |       64 params
2025-08-05 20:11:37,404 - INFO - fc.3.bias                                          | trainable |        1 params
2025-08-05 20:11:37,404 - INFO - --------------------------------------------------------------------------------
2025-08-05 20:11:37,404 - INFO - Total params:                                          208513 params (only trainable)
2025-08-05 20:11:37,404 - INFO - =====================================
2025-08-05 20:15:24,257 - INFO - Epoch 0 train=2.2537e-02 val=1.4586e-03 lr=1.00e-04 time=223.90s
2025-08-05 20:19:55,210 - INFO - Epoch 1 train=6.3005e-03 val=1.6837e-03 lr=1.00e-04 time=270.90s
2025-08-05 20:24:40,039 - INFO - Epoch 2 train=3.8768e-03 val=2.9129e-03 lr=1.00e-04 time=284.83s
