[I 2024-11-14 13:07:34,927] A new study created in memory with name: no-name-5f934599-c3bf-4632-a3c3-560db1497932
GPU available: True (cuda), used: True
TPU available: False, using: 0 TPU cores
HPU available: False, using: 0 HPUs
You are using a CUDA device ('NVIDIA A100-PCIE-40GB') that has Tensor Cores. To properly utilize them, you should set `torch.set_float32_matmul_precision('medium' | 'high')` which will trade-off precision for performance. For more details, read https://pytorch.org/docs/stable/generated/torch.set_float32_matmul_precision.html#torch.set_float32_matmul_precision
LOCAL_RANK: 0 - CUDA_VISIBLE_DEVICES: [0]

  | Name            | Type             | Params | Mode 
-------------------------------------------------------------
0 | criterion       | MSELoss          | 0      | train
1 | train_criterion | MSELoss          | 0      | train
2 | val_criterion   | MSELoss          | 0      | train
3 | train_metrics   | MetricCollection | 0      | train
4 | val_metrics     | MetricCollection | 0      | train
5 | stacks          | ModuleList       | 852 K  | train
-------------------------------------------------------------
850 K     Trainable params
1.6 K     Non-trainable params
852 K     Total params
3.409     Total estimated model params size (MB)
54        Modules in train mode
0         Modules in eval mode
SLURM auto-requeueing enabled. Setting signal handlers.
`Trainer.fit` stopped: `max_epochs=100` reached.
`predict()` was called with `n > output_chunk_length`: using auto-regression to forecast the values after `output_chunk_length` points. The model will access `(n - output_chunk_length)` future values of your `past_covariates` (relative to the first predicted time step). To hide this warning, set `show_warnings=False`.
GPU available: True (cuda), used: True
TPU available: False, using: 0 TPU cores
HPU available: False, using: 0 HPUs
LOCAL_RANK: 0 - CUDA_VISIBLE_DEVICES: [0]
SLURM auto-requeueing enabled. Setting signal handlers.
[I 2024-11-14 13:10:05,732] Trial 0 finished with value: 0.10543365544342036 and parameters: {'input_chunk_length': 12, 'output_chunk_length': 12, 'batch_size': 32, 'num_blocks': 2, 'num_stacks': 2}. Best is trial 0 with value: 0.10543365544342036.
GPU available: True (cuda), used: True
TPU available: False, using: 0 TPU cores
HPU available: False, using: 0 HPUs
LOCAL_RANK: 0 - CUDA_VISIBLE_DEVICES: [0]

  | Name            | Type             | Params | Mode 
-------------------------------------------------------------
0 | criterion       | MSELoss          | 0      | train
1 | train_criterion | MSELoss          | 0      | train
2 | val_criterion   | MSELoss          | 0      | train
3 | train_metrics   | MetricCollection | 0      | train
4 | val_metrics     | MetricCollection | 0      | train
5 | stacks          | ModuleList       | 2.0 M  | train
-------------------------------------------------------------
2.0 M     Trainable params
1.8 K     Non-trainable params
2.0 M     Total params
8.047     Total estimated model params size (MB)
111       Modules in train mode
0         Modules in eval mode
SLURM auto-requeueing enabled. Setting signal handlers.
`Trainer.fit` stopped: `max_epochs=100` reached.
`predict()` was called with `n > output_chunk_length`: using auto-regression to forecast the values after `output_chunk_length` points. The model will access `(n - output_chunk_length)` future values of your `past_covariates` (relative to the first predicted time step). To hide this warning, set `show_warnings=False`.
GPU available: True (cuda), used: True
TPU available: False, using: 0 TPU cores
HPU available: False, using: 0 HPUs
LOCAL_RANK: 0 - CUDA_VISIBLE_DEVICES: [0]
SLURM auto-requeueing enabled. Setting signal handlers.
[I 2024-11-14 13:12:09,741] Trial 1 finished with value: 0.058736483511616006 and parameters: {'input_chunk_length': 22, 'output_chunk_length': 11, 'batch_size': 64, 'num_blocks': 3, 'num_stacks': 3}. Best is trial 1 with value: 0.058736483511616006.
GPU available: True (cuda), used: True
TPU available: False, using: 0 TPU cores
HPU available: False, using: 0 HPUs
LOCAL_RANK: 0 - CUDA_VISIBLE_DEVICES: [0]

  | Name            | Type             | Params | Mode 
-------------------------------------------------------------
0 | criterion       | MSELoss          | 0      | train
1 | train_criterion | MSELoss          | 0      | train
2 | val_criterion   | MSELoss          | 0      | train
3 | train_metrics   | MetricCollection | 0      | train
4 | val_metrics     | MetricCollection | 0      | train
5 | stacks          | ModuleList       | 2.0 M  | train
-------------------------------------------------------------
2.0 M     Trainable params
1.8 K     Non-trainable params
2.0 M     Total params
8.042     Total estimated model params size (MB)
111       Modules in train mode
0         Modules in eval mode
SLURM auto-requeueing enabled. Setting signal handlers.
`Trainer.fit` stopped: `max_epochs=100` reached.
`predict()` was called with `n > output_chunk_length`: using auto-regression to forecast the values after `output_chunk_length` points. The model will access `(n - output_chunk_length)` future values of your `past_covariates` (relative to the first predicted time step). To hide this warning, set `show_warnings=False`.
GPU available: True (cuda), used: True
TPU available: False, using: 0 TPU cores
HPU available: False, using: 0 HPUs
LOCAL_RANK: 0 - CUDA_VISIBLE_DEVICES: [0]
SLURM auto-requeueing enabled. Setting signal handlers.
[I 2024-11-14 13:15:52,256] Trial 2 finished with value: 0.0349201596721665 and parameters: {'input_chunk_length': 22, 'output_chunk_length': 5, 'batch_size': 32, 'num_blocks': 3, 'num_stacks': 3}. Best is trial 2 with value: 0.0349201596721665.
GPU available: True (cuda), used: True
TPU available: False, using: 0 TPU cores
HPU available: False, using: 0 HPUs
LOCAL_RANK: 0 - CUDA_VISIBLE_DEVICES: [0]

  | Name            | Type             | Params | Mode 
-------------------------------------------------------------
0 | criterion       | MSELoss          | 0      | train
1 | train_criterion | MSELoss          | 0      | train
2 | val_criterion   | MSELoss          | 0      | train
3 | train_metrics   | MetricCollection | 0      | train
4 | val_metrics     | MetricCollection | 0      | train
5 | stacks          | ModuleList       | 860 K  | train
-------------------------------------------------------------
858 K     Trainable params
1.6 K     Non-trainable params
860 K     Total params
3.441     Total estimated model params size (MB)
54        Modules in train mode
0         Modules in eval mode
SLURM auto-requeueing enabled. Setting signal handlers.
`Trainer.fit` stopped: `max_epochs=100` reached.
`predict()` was called with `n > output_chunk_length`: using auto-regression to forecast the values after `output_chunk_length` points. The model will access `(n - output_chunk_length)` future values of your `past_covariates` (relative to the first predicted time step). To hide this warning, set `show_warnings=False`.
GPU available: True (cuda), used: True
TPU available: False, using: 0 TPU cores
HPU available: False, using: 0 HPUs
LOCAL_RANK: 0 - CUDA_VISIBLE_DEVICES: [0]
SLURM auto-requeueing enabled. Setting signal handlers.
[I 2024-11-14 13:18:05,833] Trial 3 finished with value: 0.035401286711706954 and parameters: {'input_chunk_length': 14, 'output_chunk_length': 9, 'batch_size': 32, 'num_blocks': 2, 'num_stacks': 2}. Best is trial 2 with value: 0.0349201596721665.
GPU available: True (cuda), used: True
TPU available: False, using: 0 TPU cores
HPU available: False, using: 0 HPUs
LOCAL_RANK: 0 - CUDA_VISIBLE_DEVICES: [0]

  | Name            | Type             | Params | Mode 
-------------------------------------------------------------
0 | criterion       | MSELoss          | 0      | train
1 | train_criterion | MSELoss          | 0      | train
2 | val_criterion   | MSELoss          | 0      | train
3 | train_metrics   | MetricCollection | 0      | train
4 | val_metrics     | MetricCollection | 0      | train
5 | stacks          | ModuleList       | 873 K  | train
-------------------------------------------------------------
871 K     Trainable params
1.7 K     Non-trainable params
873 K     Total params
3.493     Total estimated model params size (MB)
54        Modules in train mode
0         Modules in eval mode
SLURM auto-requeueing enabled. Setting signal handlers.
`Trainer.fit` stopped: `max_epochs=100` reached.
`predict()` was called with `n > output_chunk_length`: using auto-regression to forecast the values after `output_chunk_length` points. The model will access `(n - output_chunk_length)` future values of your `past_covariates` (relative to the first predicted time step). To hide this warning, set `show_warnings=False`.
GPU available: True (cuda), used: True
TPU available: False, using: 0 TPU cores
HPU available: False, using: 0 HPUs
LOCAL_RANK: 0 - CUDA_VISIBLE_DEVICES: [0]
SLURM auto-requeueing enabled. Setting signal handlers.
[I 2024-11-14 13:19:18,326] Trial 4 finished with value: 0.05767149435376618 and parameters: {'input_chunk_length': 17, 'output_chunk_length': 12, 'batch_size': 64, 'num_blocks': 2, 'num_stacks': 2}. Best is trial 2 with value: 0.0349201596721665.
GPU available: True (cuda), used: True
TPU available: False, using: 0 TPU cores
HPU available: False, using: 0 HPUs
LOCAL_RANK: 0 - CUDA_VISIBLE_DEVICES: [0]

  | Name            | Type             | Params | Mode 
-------------------------------------------------------------
0 | criterion       | MSELoss          | 0      | train
1 | train_criterion | MSELoss          | 0      | train
2 | val_criterion   | MSELoss          | 0      | train
3 | train_metrics   | MetricCollection | 0      | train
4 | val_metrics     | MetricCollection | 0      | train
5 | stacks          | ModuleList       | 1.3 M  | train
-------------------------------------------------------------
1.3 M     Trainable params
1.6 K     Non-trainable params
1.3 M     Total params
5.111     Total estimated model params size (MB)
76        Modules in train mode
0         Modules in eval mode
SLURM auto-requeueing enabled. Setting signal handlers.
`Trainer.fit` stopped: `max_epochs=100` reached.
`predict()` was called with `n > output_chunk_length`: using auto-regression to forecast the values after `output_chunk_length` points. The model will access `(n - output_chunk_length)` future values of your `past_covariates` (relative to the first predicted time step). To hide this warning, set `show_warnings=False`.
GPU available: True (cuda), used: True
TPU available: False, using: 0 TPU cores
HPU available: False, using: 0 HPUs
LOCAL_RANK: 0 - CUDA_VISIBLE_DEVICES: [0]
SLURM auto-requeueing enabled. Setting signal handlers.
[I 2024-11-14 13:20:50,087] Trial 5 finished with value: 0.03462782062312804 and parameters: {'input_chunk_length': 12, 'output_chunk_length': 7, 'batch_size': 64, 'num_blocks': 3, 'num_stacks': 2}. Best is trial 5 with value: 0.03462782062312804.
GPU available: True (cuda), used: True
TPU available: False, using: 0 TPU cores
HPU available: False, using: 0 HPUs
LOCAL_RANK: 0 - CUDA_VISIBLE_DEVICES: [0]

  | Name            | Type             | Params | Mode 
-------------------------------------------------------------
0 | criterion       | MSELoss          | 0      | train
1 | train_criterion | MSELoss          | 0      | train
2 | val_criterion   | MSELoss          | 0      | train
3 | train_metrics   | MetricCollection | 0      | train
4 | val_metrics     | MetricCollection | 0      | train
5 | stacks          | ModuleList       | 2.0 M  | train
-------------------------------------------------------------
2.0 M     Trainable params
1.7 K     Non-trainable params
2.0 M     Total params
7.930     Total estimated model params size (MB)
111       Modules in train mode
0         Modules in eval mode
SLURM auto-requeueing enabled. Setting signal handlers.
`Trainer.fit` stopped: `max_epochs=100` reached.
`predict()` was called with `n > output_chunk_length`: using auto-regression to forecast the values after `output_chunk_length` points. The model will access `(n - output_chunk_length)` future values of your `past_covariates` (relative to the first predicted time step). To hide this warning, set `show_warnings=False`.
GPU available: True (cuda), used: True
TPU available: False, using: 0 TPU cores
HPU available: False, using: 0 HPUs
LOCAL_RANK: 0 - CUDA_VISIBLE_DEVICES: [0]
SLURM auto-requeueing enabled. Setting signal handlers.
[I 2024-11-14 13:24:44,094] Trial 6 finished with value: 0.05899421256689817 and parameters: {'input_chunk_length': 19, 'output_chunk_length': 7, 'batch_size': 32, 'num_blocks': 3, 'num_stacks': 3}. Best is trial 5 with value: 0.03462782062312804.
GPU available: True (cuda), used: True
TPU available: False, using: 0 TPU cores
HPU available: False, using: 0 HPUs
LOCAL_RANK: 0 - CUDA_VISIBLE_DEVICES: [0]

  | Name            | Type             | Params | Mode 
-------------------------------------------------------------
0 | criterion       | MSELoss          | 0      | train
1 | train_criterion | MSELoss          | 0      | train
2 | val_criterion   | MSELoss          | 0      | train
3 | train_metrics   | MetricCollection | 0      | train
4 | val_metrics     | MetricCollection | 0      | train
5 | stacks          | ModuleList       | 868 K  | train
-------------------------------------------------------------
866 K     Trainable params
1.7 K     Non-trainable params
868 K     Total params
3.475     Total estimated model params size (MB)
54        Modules in train mode
0         Modules in eval mode
SLURM auto-requeueing enabled. Setting signal handlers.
`Trainer.fit` stopped: `max_epochs=100` reached.
`predict()` was called with `n > output_chunk_length`: using auto-regression to forecast the values after `output_chunk_length` points. The model will access `(n - output_chunk_length)` future values of your `past_covariates` (relative to the first predicted time step). To hide this warning, set `show_warnings=False`.
GPU available: True (cuda), used: True
TPU available: False, using: 0 TPU cores
HPU available: False, using: 0 HPUs
LOCAL_RANK: 0 - CUDA_VISIBLE_DEVICES: [0]
SLURM auto-requeueing enabled. Setting signal handlers.
[I 2024-11-14 13:26:57,962] Trial 7 finished with value: 0.020702073996952737 and parameters: {'input_chunk_length': 16, 'output_chunk_length': 8, 'batch_size': 32, 'num_blocks': 2, 'num_stacks': 2}. Best is trial 7 with value: 0.020702073996952737.
GPU available: True (cuda), used: True
TPU available: False, using: 0 TPU cores
HPU available: False, using: 0 HPUs
LOCAL_RANK: 0 - CUDA_VISIBLE_DEVICES: [0]

  | Name            | Type             | Params | Mode 
-------------------------------------------------------------
0 | criterion       | MSELoss          | 0      | train
1 | train_criterion | MSELoss          | 0      | train
2 | val_criterion   | MSELoss          | 0      | train
3 | train_metrics   | MetricCollection | 0      | train
4 | val_metrics     | MetricCollection | 0      | train
5 | stacks          | ModuleList       | 2.0 M  | train
-------------------------------------------------------------
2.0 M     Trainable params
1.7 K     Non-trainable params
2.0 M     Total params
7.820     Total estimated model params size (MB)
111       Modules in train mode
0         Modules in eval mode
SLURM auto-requeueing enabled. Setting signal handlers.
`Trainer.fit` stopped: `max_epochs=100` reached.
`predict()` was called with `n > output_chunk_length`: using auto-regression to forecast the values after `output_chunk_length` points. The model will access `(n - output_chunk_length)` future values of your `past_covariates` (relative to the first predicted time step). To hide this warning, set `show_warnings=False`.
GPU available: True (cuda), used: True
TPU available: False, using: 0 TPU cores
HPU available: False, using: 0 HPUs
LOCAL_RANK: 0 - CUDA_VISIBLE_DEVICES: [0]
SLURM auto-requeueing enabled. Setting signal handlers.
[I 2024-11-14 13:30:50,756] Trial 8 finished with value: 0.12376385155781555 and parameters: {'input_chunk_length': 16, 'output_chunk_length': 11, 'batch_size': 32, 'num_blocks': 3, 'num_stacks': 3}. Best is trial 7 with value: 0.020702073996952737.
GPU available: True (cuda), used: True
TPU available: False, using: 0 TPU cores
HPU available: False, using: 0 HPUs
LOCAL_RANK: 0 - CUDA_VISIBLE_DEVICES: [0]

  | Name            | Type             | Params | Mode 
-------------------------------------------------------------
0 | criterion       | MSELoss          | 0      | train
1 | train_criterion | MSELoss          | 0      | train
2 | val_criterion   | MSELoss          | 0      | train
3 | train_metrics   | MetricCollection | 0      | train
4 | val_metrics     | MetricCollection | 0      | train
5 | stacks          | ModuleList       | 1.3 M  | train
-------------------------------------------------------------
1.3 M     Trainable params
1.6 K     Non-trainable params
1.3 M     Total params
5.139     Total estimated model params size (MB)
76        Modules in train mode
0         Modules in eval mode
SLURM auto-requeueing enabled. Setting signal handlers.
`Trainer.fit` stopped: `max_epochs=100` reached.
`predict()` was called with `n > output_chunk_length`: using auto-regression to forecast the values after `output_chunk_length` points. The model will access `(n - output_chunk_length)` future values of your `past_covariates` (relative to the first predicted time step). To hide this warning, set `show_warnings=False`.
GPU available: True (cuda), used: True
TPU available: False, using: 0 TPU cores
HPU available: False, using: 0 HPUs
LOCAL_RANK: 0 - CUDA_VISIBLE_DEVICES: [0]
SLURM auto-requeueing enabled. Setting signal handlers.
[I 2024-11-14 13:32:21,145] Trial 9 finished with value: 0.057887658285707334 and parameters: {'input_chunk_length': 13, 'output_chunk_length': 12, 'batch_size': 64, 'num_blocks': 3, 'num_stacks': 2}. Best is trial 7 with value: 0.020702073996952737.
GPU available: True (cuda), used: True
TPU available: False, using: 0 TPU cores
HPU available: False, using: 0 HPUs
LOCAL_RANK: 0 - CUDA_VISIBLE_DEVICES: [0]

  | Name            | Type             | Params | Mode 
-------------------------------------------------------------
0 | criterion       | MSELoss          | 0      | train
1 | train_criterion | MSELoss          | 0      | train
2 | val_criterion   | MSELoss          | 0      | train
3 | train_metrics   | MetricCollection | 0      | train
4 | val_metrics     | MetricCollection | 0      | train
5 | stacks          | ModuleList       | 884 K  | train
-------------------------------------------------------------
882 K     Trainable params
1.8 K     Non-trainable params
884 K     Total params
3.539     Total estimated model params size (MB)
54        Modules in train mode
0         Modules in eval mode
SLURM auto-requeueing enabled. Setting signal handlers.
`Trainer.fit` stopped: `max_epochs=100` reached.
`predict()` was called with `n > output_chunk_length`: using auto-regression to forecast the values after `output_chunk_length` points. The model will access `(n - output_chunk_length)` future values of your `past_covariates` (relative to the first predicted time step). To hide this warning, set `show_warnings=False`.
GPU available: True (cuda), used: True
TPU available: False, using: 0 TPU cores
HPU available: False, using: 0 HPUs
LOCAL_RANK: 0 - CUDA_VISIBLE_DEVICES: [0]
SLURM auto-requeueing enabled. Setting signal handlers.
[I 2024-11-14 13:36:38,803] Trial 10 finished with value: 0.0612561875320853 and parameters: {'input_chunk_length': 20, 'output_chunk_length': 1, 'batch_size': 16, 'num_blocks': 2, 'num_stacks': 2}. Best is trial 7 with value: 0.020702073996952737.
GPU available: True (cuda), used: True
TPU available: False, using: 0 TPU cores
HPU available: False, using: 0 HPUs
LOCAL_RANK: 0 - CUDA_VISIBLE_DEVICES: [0]

  | Name            | Type             | Params | Mode 
-------------------------------------------------------------
0 | criterion       | MSELoss          | 0      | train
1 | train_criterion | MSELoss          | 0      | train
2 | val_criterion   | MSELoss          | 0      | train
3 | train_metrics   | MetricCollection | 0      | train
4 | val_metrics     | MetricCollection | 0      | train
5 | stacks          | ModuleList       | 864 K  | train
-------------------------------------------------------------
862 K     Trainable params
1.6 K     Non-trainable params
864 K     Total params
3.457     Total estimated model params size (MB)
54        Modules in train mode
0         Modules in eval mode
SLURM auto-requeueing enabled. Setting signal handlers.
`Trainer.fit` stopped: `max_epochs=100` reached.
`predict()` was called with `n > output_chunk_length`: using auto-regression to forecast the values after `output_chunk_length` points. The model will access `(n - output_chunk_length)` future values of your `past_covariates` (relative to the first predicted time step). To hide this warning, set `show_warnings=False`.
GPU available: True (cuda), used: True
TPU available: False, using: 0 TPU cores
HPU available: False, using: 0 HPUs
LOCAL_RANK: 0 - CUDA_VISIBLE_DEVICES: [0]
SLURM auto-requeueing enabled. Setting signal handlers.
[I 2024-11-14 13:40:59,654] Trial 11 finished with value: 0.07355530250015292 and parameters: {'input_chunk_length': 15, 'output_chunk_length': 6, 'batch_size': 16, 'num_blocks': 2, 'num_stacks': 2}. Best is trial 7 with value: 0.020702073996952737.
GPU available: True (cuda), used: True
TPU available: False, using: 0 TPU cores
HPU available: False, using: 0 HPUs
LOCAL_RANK: 0 - CUDA_VISIBLE_DEVICES: [0]

  | Name            | Type             | Params | Mode 
-------------------------------------------------------------
0 | criterion       | MSELoss          | 0      | train
1 | train_criterion | MSELoss          | 0      | train
2 | val_criterion   | MSELoss          | 0      | train
3 | train_metrics   | MetricCollection | 0      | train
4 | val_metrics     | MetricCollection | 0      | train
5 | stacks          | ModuleList       | 1.3 M  | train
-------------------------------------------------------------
1.3 M     Trainable params
1.6 K     Non-trainable params
1.3 M     Total params
5.111     Total estimated model params size (MB)
76        Modules in train mode
0         Modules in eval mode
SLURM auto-requeueing enabled. Setting signal handlers.
`Trainer.fit` stopped: `max_epochs=100` reached.
`predict()` was called with `n > output_chunk_length`: using auto-regression to forecast the values after `output_chunk_length` points. The model will access `(n - output_chunk_length)` future values of your `past_covariates` (relative to the first predicted time step). To hide this warning, set `show_warnings=False`.
GPU available: True (cuda), used: True
TPU available: False, using: 0 TPU cores
HPU available: False, using: 0 HPUs
LOCAL_RANK: 0 - CUDA_VISIBLE_DEVICES: [0]
SLURM auto-requeueing enabled. Setting signal handlers.
[I 2024-11-14 13:42:34,300] Trial 12 finished with value: 0.05344895369327026 and parameters: {'input_chunk_length': 12, 'output_chunk_length': 8, 'batch_size': 64, 'num_blocks': 3, 'num_stacks': 2}. Best is trial 7 with value: 0.020702073996952737.
GPU available: True (cuda), used: True
TPU available: False, using: 0 TPU cores
HPU available: False, using: 0 HPUs
LOCAL_RANK: 0 - CUDA_VISIBLE_DEVICES: [0]

  | Name            | Type             | Params | Mode 
-------------------------------------------------------------
0 | criterion       | MSELoss          | 0      | train
1 | train_criterion | MSELoss          | 0      | train
2 | val_criterion   | MSELoss          | 0      | train
3 | train_metrics   | MetricCollection | 0      | train
4 | val_metrics     | MetricCollection | 0      | train
5 | stacks          | ModuleList       | 876 K  | train
-------------------------------------------------------------
874 K     Trainable params
1.7 K     Non-trainable params
876 K     Total params
3.507     Total estimated model params size (MB)
54        Modules in train mode
0         Modules in eval mode
SLURM auto-requeueing enabled. Setting signal handlers.
`Trainer.fit` stopped: `max_epochs=100` reached.
`predict()` was called with `n > output_chunk_length`: using auto-regression to forecast the values after `output_chunk_length` points. The model will access `(n - output_chunk_length)` future values of your `past_covariates` (relative to the first predicted time step). To hide this warning, set `show_warnings=False`.
GPU available: True (cuda), used: True
TPU available: False, using: 0 TPU cores
HPU available: False, using: 0 HPUs
LOCAL_RANK: 0 - CUDA_VISIBLE_DEVICES: [0]
SLURM auto-requeueing enabled. Setting signal handlers.
[I 2024-11-14 13:43:48,048] Trial 13 finished with value: 0.0490510329406654 and parameters: {'input_chunk_length': 18, 'output_chunk_length': 4, 'batch_size': 64, 'num_blocks': 2, 'num_stacks': 2}. Best is trial 7 with value: 0.020702073996952737.
GPU available: True (cuda), used: True
TPU available: False, using: 0 TPU cores
HPU available: False, using: 0 HPUs
LOCAL_RANK: 0 - CUDA_VISIBLE_DEVICES: [0]

  | Name            | Type             | Params | Mode 
-------------------------------------------------------------
0 | criterion       | MSELoss          | 0      | train
1 | train_criterion | MSELoss          | 0      | train
2 | val_criterion   | MSELoss          | 0      | train
3 | train_metrics   | MetricCollection | 0      | train
4 | val_metrics     | MetricCollection | 0      | train
5 | stacks          | ModuleList       | 1.4 M  | train
-------------------------------------------------------------
1.4 M     Trainable params
1.9 K     Non-trainable params
1.4 M     Total params
5.414     Total estimated model params size (MB)
76        Modules in train mode
0         Modules in eval mode
SLURM auto-requeueing enabled. Setting signal handlers.
`Trainer.fit` stopped: `max_epochs=100` reached.
`predict()` was called with `n > output_chunk_length`: using auto-regression to forecast the values after `output_chunk_length` points. The model will access `(n - output_chunk_length)` future values of your `past_covariates` (relative to the first predicted time step). To hide this warning, set `show_warnings=False`.
GPU available: True (cuda), used: True
TPU available: False, using: 0 TPU cores
HPU available: False, using: 0 HPUs
LOCAL_RANK: 0 - CUDA_VISIBLE_DEVICES: [0]
SLURM auto-requeueing enabled. Setting signal handlers.
[I 2024-11-14 13:49:30,863] Trial 14 finished with value: 0.08008696490250528 and parameters: {'input_chunk_length': 24, 'output_chunk_length': 9, 'batch_size': 16, 'num_blocks': 3, 'num_stacks': 2}. Best is trial 7 with value: 0.020702073996952737.
GPU available: True (cuda), used: True
TPU available: False, using: 0 TPU cores
HPU available: False, using: 0 HPUs
LOCAL_RANK: 0 - CUDA_VISIBLE_DEVICES: [0]

  | Name            | Type             | Params | Mode 
-------------------------------------------------------------
0 | criterion       | MSELoss          | 0      | train
1 | train_criterion | MSELoss          | 0      | train
2 | val_criterion   | MSELoss          | 0      | train
3 | train_metrics   | MetricCollection | 0      | train
4 | val_metrics     | MetricCollection | 0      | train
5 | stacks          | ModuleList       | 864 K  | train
-------------------------------------------------------------
862 K     Trainable params
1.6 K     Non-trainable params
864 K     Total params
3.456     Total estimated model params size (MB)
54        Modules in train mode
0         Modules in eval mode
SLURM auto-requeueing enabled. Setting signal handlers.
`Trainer.fit` stopped: `max_epochs=100` reached.
`predict()` was called with `n > output_chunk_length`: using auto-regression to forecast the values after `output_chunk_length` points. The model will access `(n - output_chunk_length)` future values of your `past_covariates` (relative to the first predicted time step). To hide this warning, set `show_warnings=False`.
GPU available: True (cuda), used: True
TPU available: False, using: 0 TPU cores
HPU available: False, using: 0 HPUs
LOCAL_RANK: 0 - CUDA_VISIBLE_DEVICES: [0]
SLURM auto-requeueing enabled. Setting signal handlers.
[I 2024-11-14 13:51:47,396] Trial 15 finished with value: 0.03989883475675596 and parameters: {'input_chunk_length': 15, 'output_chunk_length': 4, 'batch_size': 32, 'num_blocks': 2, 'num_stacks': 2}. Best is trial 7 with value: 0.020702073996952737.
GPU available: True (cuda), used: True
TPU available: False, using: 0 TPU cores
HPU available: False, using: 0 HPUs
LOCAL_RANK: 0 - CUDA_VISIBLE_DEVICES: [0]

  | Name            | Type             | Params | Mode 
-------------------------------------------------------------
0 | criterion       | MSELoss          | 0      | train
1 | train_criterion | MSELoss          | 0      | train
2 | val_criterion   | MSELoss          | 0      | train
3 | train_metrics   | MetricCollection | 0      | train
4 | val_metrics     | MetricCollection | 0      | train
5 | stacks          | ModuleList       | 859 K  | train
-------------------------------------------------------------
858 K     Trainable params
1.6 K     Non-trainable params
859 K     Total params
3.439     Total estimated model params size (MB)
54        Modules in train mode
0         Modules in eval mode
SLURM auto-requeueing enabled. Setting signal handlers.
`Trainer.fit` stopped: `max_epochs=100` reached.
`predict()` was called with `n > output_chunk_length`: using auto-regression to forecast the values after `output_chunk_length` points. The model will access `(n - output_chunk_length)` future values of your `past_covariates` (relative to the first predicted time step). To hide this warning, set `show_warnings=False`.
GPU available: True (cuda), used: True
TPU available: False, using: 0 TPU cores
HPU available: False, using: 0 HPUs
LOCAL_RANK: 0 - CUDA_VISIBLE_DEVICES: [0]
SLURM auto-requeueing enabled. Setting signal handlers.
[I 2024-11-14 13:53:01,485] Trial 16 finished with value: 0.08676797910459343 and parameters: {'input_chunk_length': 14, 'output_chunk_length': 2, 'batch_size': 64, 'num_blocks': 2, 'num_stacks': 2}. Best is trial 7 with value: 0.020702073996952737.
GPU available: True (cuda), used: True
TPU available: False, using: 0 TPU cores
HPU available: False, using: 0 HPUs
LOCAL_RANK: 0 - CUDA_VISIBLE_DEVICES: [0]

  | Name            | Type             | Params | Mode 
-------------------------------------------------------------
0 | criterion       | MSELoss          | 0      | train
1 | train_criterion | MSELoss          | 0      | train
2 | val_criterion   | MSELoss          | 0      | train
3 | train_metrics   | MetricCollection | 0      | train
4 | val_metrics     | MetricCollection | 0      | train
5 | stacks          | ModuleList       | 2.0 M  | train
-------------------------------------------------------------
2.0 M     Trainable params
1.7 K     Non-trainable params
2.0 M     Total params
7.855     Total estimated model params size (MB)
111       Modules in train mode
0         Modules in eval mode
SLURM auto-requeueing enabled. Setting signal handlers.
`Trainer.fit` stopped: `max_epochs=100` reached.
`predict()` was called with `n > output_chunk_length`: using auto-regression to forecast the values after `output_chunk_length` points. The model will access `(n - output_chunk_length)` future values of your `past_covariates` (relative to the first predicted time step). To hide this warning, set `show_warnings=False`.
GPU available: True (cuda), used: True
TPU available: False, using: 0 TPU cores
HPU available: False, using: 0 HPUs
LOCAL_RANK: 0 - CUDA_VISIBLE_DEVICES: [0]
SLURM auto-requeueing enabled. Setting signal handlers.
[I 2024-11-14 13:55:04,806] Trial 17 finished with value: 0.08517739343525431 and parameters: {'input_chunk_length': 17, 'output_chunk_length': 7, 'batch_size': 64, 'num_blocks': 3, 'num_stacks': 3}. Best is trial 7 with value: 0.020702073996952737.
GPU available: True (cuda), used: True
TPU available: False, using: 0 TPU cores
HPU available: False, using: 0 HPUs
LOCAL_RANK: 0 - CUDA_VISIBLE_DEVICES: [0]

  | Name            | Type             | Params | Mode 
-------------------------------------------------------------
0 | criterion       | MSELoss          | 0      | train
1 | train_criterion | MSELoss          | 0      | train
2 | val_criterion   | MSELoss          | 0      | train
3 | train_metrics   | MetricCollection | 0      | train
4 | val_metrics     | MetricCollection | 0      | train
5 | stacks          | ModuleList       | 856 K  | train
-------------------------------------------------------------
854 K     Trainable params
1.6 K     Non-trainable params
856 K     Total params
3.425     Total estimated model params size (MB)
54        Modules in train mode
0         Modules in eval mode
SLURM auto-requeueing enabled. Setting signal handlers.
`Trainer.fit` stopped: `max_epochs=100` reached.
`predict()` was called with `n > output_chunk_length`: using auto-regression to forecast the values after `output_chunk_length` points. The model will access `(n - output_chunk_length)` future values of your `past_covariates` (relative to the first predicted time step). To hide this warning, set `show_warnings=False`.
GPU available: True (cuda), used: True
TPU available: False, using: 0 TPU cores
HPU available: False, using: 0 HPUs
LOCAL_RANK: 0 - CUDA_VISIBLE_DEVICES: [0]
SLURM auto-requeueing enabled. Setting signal handlers.
[I 2024-11-14 13:57:20,606] Trial 18 finished with value: 0.020947844406513833 and parameters: {'input_chunk_length': 13, 'output_chunk_length': 9, 'batch_size': 32, 'num_blocks': 2, 'num_stacks': 2}. Best is trial 7 with value: 0.020702073996952737.
GPU available: True (cuda), used: True
TPU available: False, using: 0 TPU cores
HPU available: False, using: 0 HPUs
LOCAL_RANK: 0 - CUDA_VISIBLE_DEVICES: [0]

  | Name            | Type             | Params | Mode 
-------------------------------------------------------------
0 | criterion       | MSELoss          | 0      | train
1 | train_criterion | MSELoss          | 0      | train
2 | val_criterion   | MSELoss          | 0      | train
3 | train_metrics   | MetricCollection | 0      | train
4 | val_metrics     | MetricCollection | 0      | train
5 | stacks          | ModuleList       | 860 K  | train
-------------------------------------------------------------
858 K     Trainable params
1.6 K     Non-trainable params
860 K     Total params
3.441     Total estimated model params size (MB)
54        Modules in train mode
0         Modules in eval mode
SLURM auto-requeueing enabled. Setting signal handlers.
`Trainer.fit` stopped: `max_epochs=100` reached.
`predict()` was called with `n > output_chunk_length`: using auto-regression to forecast the values after `output_chunk_length` points. The model will access `(n - output_chunk_length)` future values of your `past_covariates` (relative to the first predicted time step). To hide this warning, set `show_warnings=False`.
GPU available: True (cuda), used: True
TPU available: False, using: 0 TPU cores
HPU available: False, using: 0 HPUs
LOCAL_RANK: 0 - CUDA_VISIBLE_DEVICES: [0]
SLURM auto-requeueing enabled. Setting signal handlers.
[I 2024-11-14 13:59:38,567] Trial 19 finished with value: 0.035401286711706954 and parameters: {'input_chunk_length': 14, 'output_chunk_length': 9, 'batch_size': 32, 'num_blocks': 2, 'num_stacks': 2}. Best is trial 7 with value: 0.020702073996952737.
GPU available: True (cuda), used: True
TPU available: False, using: 0 TPU cores
HPU available: False, using: 0 HPUs
LOCAL_RANK: 0 - CUDA_VISIBLE_DEVICES: [0]

  | Name            | Type             | Params | Mode 
-------------------------------------------------------------
0 | criterion       | MSELoss          | 0      | train
1 | train_criterion | MSELoss          | 0      | train
2 | val_criterion   | MSELoss          | 0      | train
3 | train_metrics   | MetricCollection | 0      | train
4 | val_metrics     | MetricCollection | 0      | train
5 | stacks          | ModuleList       | 1.3 M  | train
-------------------------------------------------------------
1.3 M     Trainable params
1.7 K     Non-trainable params
1.3 M     Total params
5.212     Total estimated model params size (MB)
78        Modules in train mode
0         Modules in eval mode
SLURM auto-requeueing enabled. Setting signal handlers.
`Trainer.fit` stopped: `max_epochs=100` reached.
`predict()` was called with `n > output_chunk_length`: using auto-regression to forecast the values after `output_chunk_length` points. The model will access `(n - output_chunk_length)` future values of your `past_covariates` (relative to the first predicted time step). To hide this warning, set `show_warnings=False`.
GPU available: True (cuda), used: True
TPU available: False, using: 0 TPU cores
HPU available: False, using: 0 HPUs
LOCAL_RANK: 0 - CUDA_VISIBLE_DEVICES: [0]
SLURM auto-requeueing enabled. Setting signal handlers.
[I 2024-11-14 14:02:38,572] Trial 20 finished with value: 0.01928192179244312 and parameters: {'input_chunk_length': 16, 'output_chunk_length': 9, 'batch_size': 32, 'num_blocks': 2, 'num_stacks': 3}. Best is trial 20 with value: 0.01928192179244312.
GPU available: True (cuda), used: True
TPU available: False, using: 0 TPU cores
HPU available: False, using: 0 HPUs
LOCAL_RANK: 0 - CUDA_VISIBLE_DEVICES: [0]

  | Name            | Type             | Params | Mode 
-------------------------------------------------------------
0 | criterion       | MSELoss          | 0      | train
1 | train_criterion | MSELoss          | 0      | train
2 | val_criterion   | MSELoss          | 0      | train
3 | train_metrics   | MetricCollection | 0      | train
4 | val_metrics     | MetricCollection | 0      | train
5 | stacks          | ModuleList       | 1.3 M  | train
-------------------------------------------------------------
1.3 M     Trainable params
1.7 K     Non-trainable params
1.3 M     Total params
5.213     Total estimated model params size (MB)
78        Modules in train mode
0         Modules in eval mode
SLURM auto-requeueing enabled. Setting signal handlers.
`Trainer.fit` stopped: `max_epochs=100` reached.
`predict()` was called with `n > output_chunk_length`: using auto-regression to forecast the values after `output_chunk_length` points. The model will access `(n - output_chunk_length)` future values of your `past_covariates` (relative to the first predicted time step). To hide this warning, set `show_warnings=False`.
GPU available: True (cuda), used: True
TPU available: False, using: 0 TPU cores
HPU available: False, using: 0 HPUs
LOCAL_RANK: 0 - CUDA_VISIBLE_DEVICES: [0]
SLURM auto-requeueing enabled. Setting signal handlers.
[I 2024-11-14 14:05:37,330] Trial 21 finished with value: 0.0648825433868973 and parameters: {'input_chunk_length': 16, 'output_chunk_length': 10, 'batch_size': 32, 'num_blocks': 2, 'num_stacks': 3}. Best is trial 20 with value: 0.01928192179244312.
GPU available: True (cuda), used: True
TPU available: False, using: 0 TPU cores
HPU available: False, using: 0 HPUs
LOCAL_RANK: 0 - CUDA_VISIBLE_DEVICES: [0]

  | Name            | Type             | Params | Mode 
-------------------------------------------------------------
0 | criterion       | MSELoss          | 0      | train
1 | train_criterion | MSELoss          | 0      | train
2 | val_criterion   | MSELoss          | 0      | train
3 | train_metrics   | MetricCollection | 0      | train
4 | val_metrics     | MetricCollection | 0      | train
5 | stacks          | ModuleList       | 1.3 M  | train
-------------------------------------------------------------
1.3 M     Trainable params
1.7 K     Non-trainable params
1.3 M     Total params
5.212     Total estimated model params size (MB)
78        Modules in train mode
0         Modules in eval mode
SLURM auto-requeueing enabled. Setting signal handlers.
`Trainer.fit` stopped: `max_epochs=100` reached.
`predict()` was called with `n > output_chunk_length`: using auto-regression to forecast the values after `output_chunk_length` points. The model will access `(n - output_chunk_length)` future values of your `past_covariates` (relative to the first predicted time step). To hide this warning, set `show_warnings=False`.
GPU available: True (cuda), used: True
TPU available: False, using: 0 TPU cores
HPU available: False, using: 0 HPUs
LOCAL_RANK: 0 - CUDA_VISIBLE_DEVICES: [0]
SLURM auto-requeueing enabled. Setting signal handlers.
[I 2024-11-14 14:08:37,969] Trial 22 finished with value: 0.06106116811072481 and parameters: {'input_chunk_length': 16, 'output_chunk_length': 8, 'batch_size': 32, 'num_blocks': 2, 'num_stacks': 3}. Best is trial 20 with value: 0.01928192179244312.
GPU available: True (cuda), used: True
TPU available: False, using: 0 TPU cores
HPU available: False, using: 0 HPUs
LOCAL_RANK: 0 - CUDA_VISIBLE_DEVICES: [0]

  | Name            | Type             | Params | Mode 
-------------------------------------------------------------
0 | criterion       | MSELoss          | 0      | train
1 | train_criterion | MSELoss          | 0      | train
2 | val_criterion   | MSELoss          | 0      | train
3 | train_metrics   | MetricCollection | 0      | train
4 | val_metrics     | MetricCollection | 0      | train
5 | stacks          | ModuleList       | 1.3 M  | train
-------------------------------------------------------------
1.3 M     Trainable params
1.7 K     Non-trainable params
1.3 M     Total params
5.263     Total estimated model params size (MB)
78        Modules in train mode
0         Modules in eval mode
SLURM auto-requeueing enabled. Setting signal handlers.
`Trainer.fit` stopped: `max_epochs=100` reached.
`predict()` was called with `n > output_chunk_length`: using auto-regression to forecast the values after `output_chunk_length` points. The model will access `(n - output_chunk_length)` future values of your `past_covariates` (relative to the first predicted time step). To hide this warning, set `show_warnings=False`.
GPU available: True (cuda), used: True
TPU available: False, using: 0 TPU cores
HPU available: False, using: 0 HPUs
LOCAL_RANK: 0 - CUDA_VISIBLE_DEVICES: [0]
SLURM auto-requeueing enabled. Setting signal handlers.
[I 2024-11-14 14:11:38,720] Trial 23 finished with value: 0.083102324887508 and parameters: {'input_chunk_length': 18, 'output_chunk_length': 10, 'batch_size': 32, 'num_blocks': 2, 'num_stacks': 3}. Best is trial 20 with value: 0.01928192179244312.
GPU available: True (cuda), used: True
TPU available: False, using: 0 TPU cores
HPU available: False, using: 0 HPUs
LOCAL_RANK: 0 - CUDA_VISIBLE_DEVICES: [0]

  | Name            | Type             | Params | Mode 
-------------------------------------------------------------
0 | criterion       | MSELoss          | 0      | train
1 | train_criterion | MSELoss          | 0      | train
2 | val_criterion   | MSELoss          | 0      | train
3 | train_metrics   | MetricCollection | 0      | train
4 | val_metrics     | MetricCollection | 0      | train
5 | stacks          | ModuleList       | 1.3 M  | train
-------------------------------------------------------------
1.3 M     Trainable params
1.6 K     Non-trainable params
1.3 M     Total params
5.187     Total estimated model params size (MB)
78        Modules in train mode
0         Modules in eval mode
SLURM auto-requeueing enabled. Setting signal handlers.
`Trainer.fit` stopped: `max_epochs=100` reached.
`predict()` was called with `n > output_chunk_length`: using auto-regression to forecast the values after `output_chunk_length` points. The model will access `(n - output_chunk_length)` future values of your `past_covariates` (relative to the first predicted time step). To hide this warning, set `show_warnings=False`.
GPU available: True (cuda), used: True
TPU available: False, using: 0 TPU cores
HPU available: False, using: 0 HPUs
LOCAL_RANK: 0 - CUDA_VISIBLE_DEVICES: [0]
SLURM auto-requeueing enabled. Setting signal handlers.
[I 2024-11-14 14:14:40,834] Trial 24 finished with value: 0.07405761097289829 and parameters: {'input_chunk_length': 15, 'output_chunk_length': 8, 'batch_size': 32, 'num_blocks': 2, 'num_stacks': 3}. Best is trial 20 with value: 0.01928192179244312.
GPU available: True (cuda), used: True
TPU available: False, using: 0 TPU cores
HPU available: False, using: 0 HPUs
LOCAL_RANK: 0 - CUDA_VISIBLE_DEVICES: [0]

  | Name            | Type             | Params | Mode 
-------------------------------------------------------------
0 | criterion       | MSELoss          | 0      | train
1 | train_criterion | MSELoss          | 0      | train
2 | val_criterion   | MSELoss          | 0      | train
3 | train_metrics   | MetricCollection | 0      | train
4 | val_metrics     | MetricCollection | 0      | train
5 | stacks          | ModuleList       | 885 K  | train
-------------------------------------------------------------
883 K     Trainable params
1.8 K     Non-trainable params
885 K     Total params
3.541     Total estimated model params size (MB)
54        Modules in train mode
0         Modules in eval mode
SLURM auto-requeueing enabled. Setting signal handlers.
`Trainer.fit` stopped: `max_epochs=100` reached.
`predict()` was called with `n > output_chunk_length`: using auto-regression to forecast the values after `output_chunk_length` points. The model will access `(n - output_chunk_length)` future values of your `past_covariates` (relative to the first predicted time step). To hide this warning, set `show_warnings=False`.
GPU available: True (cuda), used: True
TPU available: False, using: 0 TPU cores
HPU available: False, using: 0 HPUs
LOCAL_RANK: 0 - CUDA_VISIBLE_DEVICES: [0]
SLURM auto-requeueing enabled. Setting signal handlers.
[I 2024-11-14 14:16:57,474] Trial 25 finished with value: 0.05738200972691821 and parameters: {'input_chunk_length': 20, 'output_chunk_length': 6, 'batch_size': 32, 'num_blocks': 2, 'num_stacks': 2}. Best is trial 20 with value: 0.01928192179244312.
GPU available: True (cuda), used: True
TPU available: False, using: 0 TPU cores
HPU available: False, using: 0 HPUs
LOCAL_RANK: 0 - CUDA_VISIBLE_DEVICES: [0]

  | Name            | Type             | Params | Mode 
-------------------------------------------------------------
0 | criterion       | MSELoss          | 0      | train
1 | train_criterion | MSELoss          | 0      | train
2 | val_criterion   | MSELoss          | 0      | train
3 | train_metrics   | MetricCollection | 0      | train
4 | val_metrics     | MetricCollection | 0      | train
5 | stacks          | ModuleList       | 1.3 M  | train
-------------------------------------------------------------
1.3 M     Trainable params
1.6 K     Non-trainable params
1.3 M     Total params
5.138     Total estimated model params size (MB)
78        Modules in train mode
0         Modules in eval mode
SLURM auto-requeueing enabled. Setting signal handlers.
`Trainer.fit` stopped: `max_epochs=100` reached.
`predict()` was called with `n > output_chunk_length`: using auto-regression to forecast the values after `output_chunk_length` points. The model will access `(n - output_chunk_length)` future values of your `past_covariates` (relative to the first predicted time step). To hide this warning, set `show_warnings=False`.
GPU available: True (cuda), used: True
TPU available: False, using: 0 TPU cores
HPU available: False, using: 0 HPUs
LOCAL_RANK: 0 - CUDA_VISIBLE_DEVICES: [0]
SLURM auto-requeueing enabled. Setting signal handlers.
[I 2024-11-14 14:19:58,429] Trial 26 finished with value: 0.10366817886842634 and parameters: {'input_chunk_length': 13, 'output_chunk_length': 10, 'batch_size': 32, 'num_blocks': 2, 'num_stacks': 3}. Best is trial 20 with value: 0.01928192179244312.
GPU available: True (cuda), used: True
TPU available: False, using: 0 TPU cores
HPU available: False, using: 0 HPUs
LOCAL_RANK: 0 - CUDA_VISIBLE_DEVICES: [0]

  | Name            | Type             | Params | Mode 
-------------------------------------------------------------
0 | criterion       | MSELoss          | 0      | train
1 | train_criterion | MSELoss          | 0      | train
2 | val_criterion   | MSELoss          | 0      | train
3 | train_metrics   | MetricCollection | 0      | train
4 | val_metrics     | MetricCollection | 0      | train
5 | stacks          | ModuleList       | 872 K  | train
-------------------------------------------------------------
871 K     Trainable params
1.7 K     Non-trainable params
872 K     Total params
3.492     Total estimated model params size (MB)
54        Modules in train mode
0         Modules in eval mode
SLURM auto-requeueing enabled. Setting signal handlers.
`Trainer.fit` stopped: `max_epochs=100` reached.
`predict()` was called with `n > output_chunk_length`: using auto-regression to forecast the values after `output_chunk_length` points. The model will access `(n - output_chunk_length)` future values of your `past_covariates` (relative to the first predicted time step). To hide this warning, set `show_warnings=False`.
GPU available: True (cuda), used: True
TPU available: False, using: 0 TPU cores
HPU available: False, using: 0 HPUs
LOCAL_RANK: 0 - CUDA_VISIBLE_DEVICES: [0]
SLURM auto-requeueing enabled. Setting signal handlers.
[I 2024-11-14 14:24:26,101] Trial 27 finished with value: 0.05896086289291582 and parameters: {'input_chunk_length': 17, 'output_chunk_length': 9, 'batch_size': 16, 'num_blocks': 2, 'num_stacks': 2}. Best is trial 20 with value: 0.01928192179244312.
GPU available: True (cuda), used: True
TPU available: False, using: 0 TPU cores
HPU available: False, using: 0 HPUs
LOCAL_RANK: 0 - CUDA_VISIBLE_DEVICES: [0]

  | Name            | Type             | Params | Mode 
-------------------------------------------------------------
0 | criterion       | MSELoss          | 0      | train
1 | train_criterion | MSELoss          | 0      | train
2 | val_criterion   | MSELoss          | 0      | train
3 | train_metrics   | MetricCollection | 0      | train
4 | val_metrics     | MetricCollection | 0      | train
5 | stacks          | ModuleList       | 1.3 M  | train
-------------------------------------------------------------
1.3 M     Trainable params
1.6 K     Non-trainable params
1.3 M     Total params
5.136     Total estimated model params size (MB)
78        Modules in train mode
0         Modules in eval mode
SLURM auto-requeueing enabled. Setting signal handlers.
`Trainer.fit` stopped: `max_epochs=100` reached.
`predict()` was called with `n > output_chunk_length`: using auto-regression to forecast the values after `output_chunk_length` points. The model will access `(n - output_chunk_length)` future values of your `past_covariates` (relative to the first predicted time step). To hide this warning, set `show_warnings=False`.
GPU available: True (cuda), used: True
TPU available: False, using: 0 TPU cores
HPU available: False, using: 0 HPUs
LOCAL_RANK: 0 - CUDA_VISIBLE_DEVICES: [0]
SLURM auto-requeueing enabled. Setting signal handlers.
[I 2024-11-14 14:27:26,965] Trial 28 finished with value: 0.039104748203598515 and parameters: {'input_chunk_length': 13, 'output_chunk_length': 8, 'batch_size': 32, 'num_blocks': 2, 'num_stacks': 3}. Best is trial 20 with value: 0.01928192179244312.
GPU available: True (cuda), used: True
TPU available: False, using: 0 TPU cores
HPU available: False, using: 0 HPUs
LOCAL_RANK: 0 - CUDA_VISIBLE_DEVICES: [0]

  | Name            | Type             | Params | Mode 
-------------------------------------------------------------
0 | criterion       | MSELoss          | 0      | train
1 | train_criterion | MSELoss          | 0      | train
2 | val_criterion   | MSELoss          | 0      | train
3 | train_metrics   | MetricCollection | 0      | train
4 | val_metrics     | MetricCollection | 0      | train
5 | stacks          | ModuleList       | 864 K  | train
-------------------------------------------------------------
863 K     Trainable params
1.6 K     Non-trainable params
864 K     Total params
3.459     Total estimated model params size (MB)
54        Modules in train mode
0         Modules in eval mode
SLURM auto-requeueing enabled. Setting signal handlers.
`Trainer.fit` stopped: `max_epochs=100` reached.
`predict()` was called with `n > output_chunk_length`: using auto-regression to forecast the values after `output_chunk_length` points. The model will access `(n - output_chunk_length)` future values of your `past_covariates` (relative to the first predicted time step). To hide this warning, set `show_warnings=False`.
GPU available: True (cuda), used: True
TPU available: False, using: 0 TPU cores
HPU available: False, using: 0 HPUs
LOCAL_RANK: 0 - CUDA_VISIBLE_DEVICES: [0]
SLURM auto-requeueing enabled. Setting signal handlers.
[I 2024-11-14 14:29:45,575] Trial 29 finished with value: 0.07977438835220099 and parameters: {'input_chunk_length': 15, 'output_chunk_length': 11, 'batch_size': 32, 'num_blocks': 2, 'num_stacks': 2}. Best is trial 20 with value: 0.01928192179244312.
GPU available: True (cuda), used: True
TPU available: False, using: 0 TPU cores
HPU available: False, using: 0 HPUs
LOCAL_RANK: 0 - CUDA_VISIBLE_DEVICES: [0]

  | Name            | Type             | Params | Mode 
-------------------------------------------------------------
0 | criterion       | MSELoss          | 0      | train
1 | train_criterion | MSELoss          | 0      | train
2 | val_criterion   | MSELoss          | 0      | train
3 | train_metrics   | MetricCollection | 0      | train
4 | val_metrics     | MetricCollection | 0      | train
5 | stacks          | ModuleList       | 876 K  | train
-------------------------------------------------------------
875 K     Trainable params
1.7 K     Non-trainable params
876 K     Total params
3.507     Total estimated model params size (MB)
54        Modules in train mode
0         Modules in eval mode
SLURM auto-requeueing enabled. Setting signal handlers.
`Trainer.fit` stopped: `max_epochs=100` reached.
`predict()` was called with `n > output_chunk_length`: using auto-regression to forecast the values after `output_chunk_length` points. The model will access `(n - output_chunk_length)` future values of your `past_covariates` (relative to the first predicted time step). To hide this warning, set `show_warnings=False`.
GPU available: True (cuda), used: True
TPU available: False, using: 0 TPU cores
HPU available: False, using: 0 HPUs
LOCAL_RANK: 0 - CUDA_VISIBLE_DEVICES: [0]
SLURM auto-requeueing enabled. Setting signal handlers.
[I 2024-11-14 14:32:03,545] Trial 30 finished with value: 0.026155950382580485 and parameters: {'input_chunk_length': 18, 'output_chunk_length': 5, 'batch_size': 32, 'num_blocks': 2, 'num_stacks': 2}. Best is trial 20 with value: 0.01928192179244312.
GPU available: True (cuda), used: True
TPU available: False, using: 0 TPU cores
HPU available: False, using: 0 HPUs
LOCAL_RANK: 0 - CUDA_VISIBLE_DEVICES: [0]

  | Name            | Type             | Params | Mode 
-------------------------------------------------------------
0 | criterion       | MSELoss          | 0      | train
1 | train_criterion | MSELoss          | 0      | train
2 | val_criterion   | MSELoss          | 0      | train
3 | train_metrics   | MetricCollection | 0      | train
4 | val_metrics     | MetricCollection | 0      | train
5 | stacks          | ModuleList       | 876 K  | train
-------------------------------------------------------------
875 K     Trainable params
1.7 K     Non-trainable params
876 K     Total params
3.507     Total estimated model params size (MB)
54        Modules in train mode
0         Modules in eval mode
SLURM auto-requeueing enabled. Setting signal handlers.
`Trainer.fit` stopped: `max_epochs=100` reached.
`predict()` was called with `n > output_chunk_length`: using auto-regression to forecast the values after `output_chunk_length` points. The model will access `(n - output_chunk_length)` future values of your `past_covariates` (relative to the first predicted time step). To hide this warning, set `show_warnings=False`.
GPU available: True (cuda), used: True
TPU available: False, using: 0 TPU cores
HPU available: False, using: 0 HPUs
LOCAL_RANK: 0 - CUDA_VISIBLE_DEVICES: [0]
SLURM auto-requeueing enabled. Setting signal handlers.
[I 2024-11-14 14:34:20,855] Trial 31 finished with value: 0.026155950382580485 and parameters: {'input_chunk_length': 18, 'output_chunk_length': 5, 'batch_size': 32, 'num_blocks': 2, 'num_stacks': 2}. Best is trial 20 with value: 0.01928192179244312.
GPU available: True (cuda), used: True
TPU available: False, using: 0 TPU cores
HPU available: False, using: 0 HPUs
LOCAL_RANK: 0 - CUDA_VISIBLE_DEVICES: [0]

  | Name            | Type             | Params | Mode 
-------------------------------------------------------------
0 | criterion       | MSELoss          | 0      | train
1 | train_criterion | MSELoss          | 0      | train
2 | val_criterion   | MSELoss          | 0      | train
3 | train_metrics   | MetricCollection | 0      | train
4 | val_metrics     | MetricCollection | 0      | train
5 | stacks          | ModuleList       | 880 K  | train
-------------------------------------------------------------
879 K     Trainable params
1.7 K     Non-trainable params
880 K     Total params
3.523     Total estimated model params size (MB)
54        Modules in train mode
0         Modules in eval mode
SLURM auto-requeueing enabled. Setting signal handlers.
`Trainer.fit` stopped: `max_epochs=100` reached.
`predict()` was called with `n > output_chunk_length`: using auto-regression to forecast the values after `output_chunk_length` points. The model will access `(n - output_chunk_length)` future values of your `past_covariates` (relative to the first predicted time step). To hide this warning, set `show_warnings=False`.
GPU available: True (cuda), used: True
TPU available: False, using: 0 TPU cores
HPU available: False, using: 0 HPUs
LOCAL_RANK: 0 - CUDA_VISIBLE_DEVICES: [0]
SLURM auto-requeueing enabled. Setting signal handlers.
[I 2024-11-14 14:36:39,601] Trial 32 finished with value: 0.07055509504715313 and parameters: {'input_chunk_length': 19, 'output_chunk_length': 3, 'batch_size': 32, 'num_blocks': 2, 'num_stacks': 2}. Best is trial 20 with value: 0.01928192179244312.
GPU available: True (cuda), used: True
TPU available: False, using: 0 TPU cores
HPU available: False, using: 0 HPUs
LOCAL_RANK: 0 - CUDA_VISIBLE_DEVICES: [0]

  | Name            | Type             | Params | Mode 
-------------------------------------------------------------
0 | criterion       | MSELoss          | 0      | train
1 | train_criterion | MSELoss          | 0      | train
2 | val_criterion   | MSELoss          | 0      | train
3 | train_metrics   | MetricCollection | 0      | train
4 | val_metrics     | MetricCollection | 0      | train
5 | stacks          | ModuleList       | 881 K  | train
-------------------------------------------------------------
879 K     Trainable params
1.7 K     Non-trainable params
881 K     Total params
3.524     Total estimated model params size (MB)
54        Modules in train mode
0         Modules in eval mode
SLURM auto-requeueing enabled. Setting signal handlers.
`Trainer.fit` stopped: `max_epochs=100` reached.
`predict()` was called with `n > output_chunk_length`: using auto-regression to forecast the values after `output_chunk_length` points. The model will access `(n - output_chunk_length)` future values of your `past_covariates` (relative to the first predicted time step). To hide this warning, set `show_warnings=False`.
GPU available: True (cuda), used: True
TPU available: False, using: 0 TPU cores
HPU available: False, using: 0 HPUs
LOCAL_RANK: 0 - CUDA_VISIBLE_DEVICES: [0]
SLURM auto-requeueing enabled. Setting signal handlers.
[I 2024-11-14 14:38:57,489] Trial 33 finished with value: 0.04234551971526558 and parameters: {'input_chunk_length': 19, 'output_chunk_length': 6, 'batch_size': 32, 'num_blocks': 2, 'num_stacks': 2}. Best is trial 20 with value: 0.01928192179244312.
GPU available: True (cuda), used: True
TPU available: False, using: 0 TPU cores
HPU available: False, using: 0 HPUs
LOCAL_RANK: 0 - CUDA_VISIBLE_DEVICES: [0]

  | Name            | Type             | Params | Mode 
-------------------------------------------------------------
0 | criterion       | MSELoss          | 0      | train
1 | train_criterion | MSELoss          | 0      | train
2 | val_criterion   | MSELoss          | 0      | train
3 | train_metrics   | MetricCollection | 0      | train
4 | val_metrics     | MetricCollection | 0      | train
5 | stacks          | ModuleList       | 889 K  | train
-------------------------------------------------------------
887 K     Trainable params
1.8 K     Non-trainable params
889 K     Total params
3.557     Total estimated model params size (MB)
54        Modules in train mode
0         Modules in eval mode
SLURM auto-requeueing enabled. Setting signal handlers.
`Trainer.fit` stopped: `max_epochs=100` reached.
`predict()` was called with `n > output_chunk_length`: using auto-regression to forecast the values after `output_chunk_length` points. The model will access `(n - output_chunk_length)` future values of your `past_covariates` (relative to the first predicted time step). To hide this warning, set `show_warnings=False`.
GPU available: True (cuda), used: True
TPU available: False, using: 0 TPU cores
HPU available: False, using: 0 HPUs
LOCAL_RANK: 0 - CUDA_VISIBLE_DEVICES: [0]
SLURM auto-requeueing enabled. Setting signal handlers.
[I 2024-11-14 14:41:14,105] Trial 34 finished with value: 0.06958141135448316 and parameters: {'input_chunk_length': 21, 'output_chunk_length': 5, 'batch_size': 32, 'num_blocks': 2, 'num_stacks': 2}. Best is trial 20 with value: 0.01928192179244312.
GPU available: True (cuda), used: True
TPU available: False, using: 0 TPU cores
HPU available: False, using: 0 HPUs
LOCAL_RANK: 0 - CUDA_VISIBLE_DEVICES: [0]

  | Name            | Type             | Params | Mode 
-------------------------------------------------------------
0 | criterion       | MSELoss          | 0      | train
1 | train_criterion | MSELoss          | 0      | train
2 | val_criterion   | MSELoss          | 0      | train
3 | train_metrics   | MetricCollection | 0      | train
4 | val_metrics     | MetricCollection | 0      | train
5 | stacks          | ModuleList       | 873 K  | train
-------------------------------------------------------------
871 K     Trainable params
1.7 K     Non-trainable params
873 K     Total params
3.492     Total estimated model params size (MB)
54        Modules in train mode
0         Modules in eval mode
SLURM auto-requeueing enabled. Setting signal handlers.
`Trainer.fit` stopped: `max_epochs=100` reached.
`predict()` was called with `n > output_chunk_length`: using auto-regression to forecast the values after `output_chunk_length` points. The model will access `(n - output_chunk_length)` future values of your `past_covariates` (relative to the first predicted time step). To hide this warning, set `show_warnings=False`.
GPU available: True (cuda), used: True
TPU available: False, using: 0 TPU cores
HPU available: False, using: 0 HPUs
LOCAL_RANK: 0 - CUDA_VISIBLE_DEVICES: [0]
SLURM auto-requeueing enabled. Setting signal handlers.
[I 2024-11-14 14:43:33,534] Trial 35 finished with value: 0.02378197653285396 and parameters: {'input_chunk_length': 17, 'output_chunk_length': 10, 'batch_size': 32, 'num_blocks': 2, 'num_stacks': 2}. Best is trial 20 with value: 0.01928192179244312.
GPU available: True (cuda), used: True
TPU available: False, using: 0 TPU cores
HPU available: False, using: 0 HPUs
LOCAL_RANK: 0 - CUDA_VISIBLE_DEVICES: [0]

  | Name            | Type             | Params | Mode 
-------------------------------------------------------------
0 | criterion       | MSELoss          | 0      | train
1 | train_criterion | MSELoss          | 0      | train
2 | val_criterion   | MSELoss          | 0      | train
3 | train_metrics   | MetricCollection | 0      | train
4 | val_metrics     | MetricCollection | 0      | train
5 | stacks          | ModuleList       | 868 K  | train
-------------------------------------------------------------
867 K     Trainable params
1.7 K     Non-trainable params
868 K     Total params
3.475     Total estimated model params size (MB)
54        Modules in train mode
0         Modules in eval mode
SLURM auto-requeueing enabled. Setting signal handlers.
`Trainer.fit` stopped: `max_epochs=100` reached.
`predict()` was called with `n > output_chunk_length`: using auto-regression to forecast the values after `output_chunk_length` points. The model will access `(n - output_chunk_length)` future values of your `past_covariates` (relative to the first predicted time step). To hide this warning, set `show_warnings=False`.
GPU available: True (cuda), used: True
TPU available: False, using: 0 TPU cores
HPU available: False, using: 0 HPUs
LOCAL_RANK: 0 - CUDA_VISIBLE_DEVICES: [0]
SLURM auto-requeueing enabled. Setting signal handlers.
[I 2024-11-14 14:45:49,036] Trial 36 finished with value: 0.05068070286072783 and parameters: {'input_chunk_length': 16, 'output_chunk_length': 10, 'batch_size': 32, 'num_blocks': 2, 'num_stacks': 2}. Best is trial 20 with value: 0.01928192179244312.
GPU available: True (cuda), used: True
TPU available: False, using: 0 TPU cores
HPU available: False, using: 0 HPUs
LOCAL_RANK: 0 - CUDA_VISIBLE_DEVICES: [0]

  | Name            | Type             | Params | Mode 
-------------------------------------------------------------
0 | criterion       | MSELoss          | 0      | train
1 | train_criterion | MSELoss          | 0      | train
2 | val_criterion   | MSELoss          | 0      | train
3 | train_metrics   | MetricCollection | 0      | train
4 | val_metrics     | MetricCollection | 0      | train
5 | stacks          | ModuleList       | 1.3 M  | train
-------------------------------------------------------------
1.3 M     Trainable params
1.7 K     Non-trainable params
1.3 M     Total params
5.239     Total estimated model params size (MB)
78        Modules in train mode
0         Modules in eval mode
SLURM auto-requeueing enabled. Setting signal handlers.
`Trainer.fit` stopped: `max_epochs=100` reached.
`predict()` was called with `n > output_chunk_length`: using auto-regression to forecast the values after `output_chunk_length` points. The model will access `(n - output_chunk_length)` future values of your `past_covariates` (relative to the first predicted time step). To hide this warning, set `show_warnings=False`.
GPU available: True (cuda), used: True
TPU available: False, using: 0 TPU cores
HPU available: False, using: 0 HPUs
LOCAL_RANK: 0 - CUDA_VISIBLE_DEVICES: [0]
SLURM auto-requeueing enabled. Setting signal handlers.
[I 2024-11-14 14:48:47,382] Trial 37 finished with value: 0.06672036300729355 and parameters: {'input_chunk_length': 17, 'output_chunk_length': 11, 'batch_size': 32, 'num_blocks': 2, 'num_stacks': 3}. Best is trial 20 with value: 0.01928192179244312.
GPU available: True (cuda), used: True
TPU available: False, using: 0 TPU cores
HPU available: False, using: 0 HPUs
LOCAL_RANK: 0 - CUDA_VISIBLE_DEVICES: [0]

  | Name            | Type             | Params | Mode 
-------------------------------------------------------------
0 | criterion       | MSELoss          | 0      | train
1 | train_criterion | MSELoss          | 0      | train
2 | val_criterion   | MSELoss          | 0      | train
3 | train_metrics   | MetricCollection | 0      | train
4 | val_metrics     | MetricCollection | 0      | train
5 | stacks          | ModuleList       | 860 K  | train
-------------------------------------------------------------
858 K     Trainable params
1.6 K     Non-trainable params
860 K     Total params
3.441     Total estimated model params size (MB)
54        Modules in train mode
0         Modules in eval mode
SLURM auto-requeueing enabled. Setting signal handlers.
`Trainer.fit` stopped: `max_epochs=100` reached.
`predict()` was called with `n > output_chunk_length`: using auto-regression to forecast the values after `output_chunk_length` points. The model will access `(n - output_chunk_length)` future values of your `past_covariates` (relative to the first predicted time step). To hide this warning, set `show_warnings=False`.
GPU available: True (cuda), used: True
TPU available: False, using: 0 TPU cores
HPU available: False, using: 0 HPUs
LOCAL_RANK: 0 - CUDA_VISIBLE_DEVICES: [0]
SLURM auto-requeueing enabled. Setting signal handlers.
[I 2024-11-14 14:51:04,751] Trial 38 finished with value: 0.035401286711706954 and parameters: {'input_chunk_length': 14, 'output_chunk_length': 9, 'batch_size': 32, 'num_blocks': 2, 'num_stacks': 2}. Best is trial 20 with value: 0.01928192179244312.
GPU available: True (cuda), used: True
TPU available: False, using: 0 TPU cores
HPU available: False, using: 0 HPUs
LOCAL_RANK: 0 - CUDA_VISIBLE_DEVICES: [0]

  | Name            | Type             | Params | Mode 
-------------------------------------------------------------
0 | criterion       | MSELoss          | 0      | train
1 | train_criterion | MSELoss          | 0      | train
2 | val_criterion   | MSELoss          | 0      | train
3 | train_metrics   | MetricCollection | 0      | train
4 | val_metrics     | MetricCollection | 0      | train
5 | stacks          | ModuleList       | 873 K  | train
-------------------------------------------------------------
871 K     Trainable params
1.7 K     Non-trainable params
873 K     Total params
3.493     Total estimated model params size (MB)
54        Modules in train mode
0         Modules in eval mode
SLURM auto-requeueing enabled. Setting signal handlers.
`Trainer.fit` stopped: `max_epochs=100` reached.
`predict()` was called with `n > output_chunk_length`: using auto-regression to forecast the values after `output_chunk_length` points. The model will access `(n - output_chunk_length)` future values of your `past_covariates` (relative to the first predicted time step). To hide this warning, set `show_warnings=False`.
GPU available: True (cuda), used: True
TPU available: False, using: 0 TPU cores
HPU available: False, using: 0 HPUs
LOCAL_RANK: 0 - CUDA_VISIBLE_DEVICES: [0]
SLURM auto-requeueing enabled. Setting signal handlers.
[I 2024-11-14 14:55:24,415] Trial 39 finished with value: 0.056548226431204086 and parameters: {'input_chunk_length': 17, 'output_chunk_length': 12, 'batch_size': 16, 'num_blocks': 2, 'num_stacks': 2}. Best is trial 20 with value: 0.01928192179244312.
GPU available: True (cuda), used: True
TPU available: False, using: 0 TPU cores
HPU available: False, using: 0 HPUs
LOCAL_RANK: 0 - CUDA_VISIBLE_DEVICES: [0]

  | Name            | Type             | Params | Mode 
-------------------------------------------------------------
0 | criterion       | MSELoss          | 0      | train
1 | train_criterion | MSELoss          | 0      | train
2 | val_criterion   | MSELoss          | 0      | train
3 | train_metrics   | MetricCollection | 0      | train
4 | val_metrics     | MetricCollection | 0      | train
5 | stacks          | ModuleList       | 1.3 M  | train
-------------------------------------------------------------
1.3 M     Trainable params
1.6 K     Non-trainable params
1.3 M     Total params
5.111     Total estimated model params size (MB)
78        Modules in train mode
0         Modules in eval mode
SLURM auto-requeueing enabled. Setting signal handlers.
`Trainer.fit` stopped: `max_epochs=100` reached.
`predict()` was called with `n > output_chunk_length`: using auto-regression to forecast the values after `output_chunk_length` points. The model will access `(n - output_chunk_length)` future values of your `past_covariates` (relative to the first predicted time step). To hide this warning, set `show_warnings=False`.
GPU available: True (cuda), used: True
TPU available: False, using: 0 TPU cores
HPU available: False, using: 0 HPUs
LOCAL_RANK: 0 - CUDA_VISIBLE_DEVICES: [0]
SLURM auto-requeueing enabled. Setting signal handlers.
[I 2024-11-14 14:58:23,453] Trial 40 finished with value: 0.04142627850931442 and parameters: {'input_chunk_length': 12, 'output_chunk_length': 8, 'batch_size': 32, 'num_blocks': 2, 'num_stacks': 3}. Best is trial 20 with value: 0.01928192179244312.
GPU available: True (cuda), used: True
TPU available: False, using: 0 TPU cores
HPU available: False, using: 0 HPUs
LOCAL_RANK: 0 - CUDA_VISIBLE_DEVICES: [0]

  | Name            | Type             | Params | Mode 
-------------------------------------------------------------
0 | criterion       | MSELoss          | 0      | train
1 | train_criterion | MSELoss          | 0      | train
2 | val_criterion   | MSELoss          | 0      | train
3 | train_metrics   | MetricCollection | 0      | train
4 | val_metrics     | MetricCollection | 0      | train
5 | stacks          | ModuleList       | 876 K  | train
-------------------------------------------------------------
875 K     Trainable params
1.7 K     Non-trainable params
876 K     Total params
3.508     Total estimated model params size (MB)
54        Modules in train mode
0         Modules in eval mode
SLURM auto-requeueing enabled. Setting signal handlers.
`Trainer.fit` stopped: `max_epochs=100` reached.
`predict()` was called with `n > output_chunk_length`: using auto-regression to forecast the values after `output_chunk_length` points. The model will access `(n - output_chunk_length)` future values of your `past_covariates` (relative to the first predicted time step). To hide this warning, set `show_warnings=False`.
GPU available: True (cuda), used: True
TPU available: False, using: 0 TPU cores
HPU available: False, using: 0 HPUs
LOCAL_RANK: 0 - CUDA_VISIBLE_DEVICES: [0]
SLURM auto-requeueing enabled. Setting signal handlers.
[I 2024-11-14 15:00:38,374] Trial 41 finished with value: 0.048975586274675326 and parameters: {'input_chunk_length': 18, 'output_chunk_length': 7, 'batch_size': 32, 'num_blocks': 2, 'num_stacks': 2}. Best is trial 20 with value: 0.01928192179244312.
GPU available: True (cuda), used: True
TPU available: False, using: 0 TPU cores
HPU available: False, using: 0 HPUs
LOCAL_RANK: 0 - CUDA_VISIBLE_DEVICES: [0]

  | Name            | Type             | Params | Mode 
-------------------------------------------------------------
0 | criterion       | MSELoss          | 0      | train
1 | train_criterion | MSELoss          | 0      | train
2 | val_criterion   | MSELoss          | 0      | train
3 | train_metrics   | MetricCollection | 0      | train
4 | val_metrics     | MetricCollection | 0      | train
5 | stacks          | ModuleList       | 868 K  | train
-------------------------------------------------------------
867 K     Trainable params
1.7 K     Non-trainable params
868 K     Total params
3.475     Total estimated model params size (MB)
54        Modules in train mode
0         Modules in eval mode
SLURM auto-requeueing enabled. Setting signal handlers.
`Trainer.fit` stopped: `max_epochs=100` reached.
`predict()` was called with `n > output_chunk_length`: using auto-regression to forecast the values after `output_chunk_length` points. The model will access `(n - output_chunk_length)` future values of your `past_covariates` (relative to the first predicted time step). To hide this warning, set `show_warnings=False`.
GPU available: True (cuda), used: True
TPU available: False, using: 0 TPU cores
HPU available: False, using: 0 HPUs
LOCAL_RANK: 0 - CUDA_VISIBLE_DEVICES: [0]
SLURM auto-requeueing enabled. Setting signal handlers.
[I 2024-11-14 15:02:55,738] Trial 42 finished with value: 0.02183385700219661 and parameters: {'input_chunk_length': 16, 'output_chunk_length': 9, 'batch_size': 32, 'num_blocks': 2, 'num_stacks': 2}. Best is trial 20 with value: 0.01928192179244312.
GPU available: True (cuda), used: True
TPU available: False, using: 0 TPU cores
HPU available: False, using: 0 HPUs
LOCAL_RANK: 0 - CUDA_VISIBLE_DEVICES: [0]

  | Name            | Type             | Params | Mode 
-------------------------------------------------------------
0 | criterion       | MSELoss          | 0      | train
1 | train_criterion | MSELoss          | 0      | train
2 | val_criterion   | MSELoss          | 0      | train
3 | train_metrics   | MetricCollection | 0      | train
4 | val_metrics     | MetricCollection | 0      | train
5 | stacks          | ModuleList       | 868 K  | train
-------------------------------------------------------------
867 K     Trainable params
1.7 K     Non-trainable params
868 K     Total params
3.475     Total estimated model params size (MB)
54        Modules in train mode
0         Modules in eval mode
SLURM auto-requeueing enabled. Setting signal handlers.
`Trainer.fit` stopped: `max_epochs=100` reached.
`predict()` was called with `n > output_chunk_length`: using auto-regression to forecast the values after `output_chunk_length` points. The model will access `(n - output_chunk_length)` future values of your `past_covariates` (relative to the first predicted time step). To hide this warning, set `show_warnings=False`.
GPU available: True (cuda), used: True
TPU available: False, using: 0 TPU cores
HPU available: False, using: 0 HPUs
LOCAL_RANK: 0 - CUDA_VISIBLE_DEVICES: [0]
SLURM auto-requeueing enabled. Setting signal handlers.
[I 2024-11-14 15:05:13,519] Trial 43 finished with value: 0.05068070286072783 and parameters: {'input_chunk_length': 16, 'output_chunk_length': 10, 'batch_size': 32, 'num_blocks': 2, 'num_stacks': 2}. Best is trial 20 with value: 0.01928192179244312.
GPU available: True (cuda), used: True
TPU available: False, using: 0 TPU cores
HPU available: False, using: 0 HPUs
LOCAL_RANK: 0 - CUDA_VISIBLE_DEVICES: [0]

  | Name            | Type             | Params | Mode 
-------------------------------------------------------------
0 | criterion       | MSELoss          | 0      | train
1 | train_criterion | MSELoss          | 0      | train
2 | val_criterion   | MSELoss          | 0      | train
3 | train_metrics   | MetricCollection | 0      | train
4 | val_metrics     | MetricCollection | 0      | train
5 | stacks          | ModuleList       | 864 K  | train
-------------------------------------------------------------
862 K     Trainable params
1.6 K     Non-trainable params
864 K     Total params
3.458     Total estimated model params size (MB)
54        Modules in train mode
0         Modules in eval mode
SLURM auto-requeueing enabled. Setting signal handlers.
`Trainer.fit` stopped: `max_epochs=100` reached.
`predict()` was called with `n > output_chunk_length`: using auto-regression to forecast the values after `output_chunk_length` points. The model will access `(n - output_chunk_length)` future values of your `past_covariates` (relative to the first predicted time step). To hide this warning, set `show_warnings=False`.
GPU available: True (cuda), used: True
TPU available: False, using: 0 TPU cores
HPU available: False, using: 0 HPUs
LOCAL_RANK: 0 - CUDA_VISIBLE_DEVICES: [0]
SLURM auto-requeueing enabled. Setting signal handlers.
[I 2024-11-14 15:07:29,552] Trial 44 finished with value: 0.1246764429325353 and parameters: {'input_chunk_length': 15, 'output_chunk_length': 9, 'batch_size': 32, 'num_blocks': 2, 'num_stacks': 2}. Best is trial 20 with value: 0.01928192179244312.
GPU available: True (cuda), used: True
TPU available: False, using: 0 TPU cores
HPU available: False, using: 0 HPUs
LOCAL_RANK: 0 - CUDA_VISIBLE_DEVICES: [0]

  | Name            | Type             | Params | Mode 
-------------------------------------------------------------
0 | criterion       | MSELoss          | 0      | train
1 | train_criterion | MSELoss          | 0      | train
2 | val_criterion   | MSELoss          | 0      | train
3 | train_metrics   | MetricCollection | 0      | train
4 | val_metrics     | MetricCollection | 0      | train
5 | stacks          | ModuleList       | 873 K  | train
-------------------------------------------------------------
871 K     Trainable params
1.7 K     Non-trainable params
873 K     Total params
3.493     Total estimated model params size (MB)
54        Modules in train mode
0         Modules in eval mode
SLURM auto-requeueing enabled. Setting signal handlers.
`Trainer.fit` stopped: `max_epochs=100` reached.
`predict()` was called with `n > output_chunk_length`: using auto-regression to forecast the values after `output_chunk_length` points. The model will access `(n - output_chunk_length)` future values of your `past_covariates` (relative to the first predicted time step). To hide this warning, set `show_warnings=False`.
GPU available: True (cuda), used: True
TPU available: False, using: 0 TPU cores
HPU available: False, using: 0 HPUs
LOCAL_RANK: 0 - CUDA_VISIBLE_DEVICES: [0]
SLURM auto-requeueing enabled. Setting signal handlers.
[I 2024-11-14 15:09:46,221] Trial 45 finished with value: 0.10864747417227469 and parameters: {'input_chunk_length': 17, 'output_chunk_length': 11, 'batch_size': 32, 'num_blocks': 2, 'num_stacks': 2}. Best is trial 20 with value: 0.01928192179244312.
GPU available: True (cuda), used: True
TPU available: False, using: 0 TPU cores
HPU available: False, using: 0 HPUs
LOCAL_RANK: 0 - CUDA_VISIBLE_DEVICES: [0]

  | Name            | Type             | Params | Mode 
-------------------------------------------------------------
0 | criterion       | MSELoss          | 0      | train
1 | train_criterion | MSELoss          | 0      | train
2 | val_criterion   | MSELoss          | 0      | train
3 | train_metrics   | MetricCollection | 0      | train
4 | val_metrics     | MetricCollection | 0      | train
5 | stacks          | ModuleList       | 868 K  | train
-------------------------------------------------------------
867 K     Trainable params
1.7 K     Non-trainable params
868 K     Total params
3.475     Total estimated model params size (MB)
54        Modules in train mode
0         Modules in eval mode
SLURM auto-requeueing enabled. Setting signal handlers.
`Trainer.fit` stopped: `max_epochs=100` reached.
`predict()` was called with `n > output_chunk_length`: using auto-regression to forecast the values after `output_chunk_length` points. The model will access `(n - output_chunk_length)` future values of your `past_covariates` (relative to the first predicted time step). To hide this warning, set `show_warnings=False`.
GPU available: True (cuda), used: True
TPU available: False, using: 0 TPU cores
HPU available: False, using: 0 HPUs
LOCAL_RANK: 0 - CUDA_VISIBLE_DEVICES: [0]
SLURM auto-requeueing enabled. Setting signal handlers.
[I 2024-11-14 15:14:08,092] Trial 46 finished with value: 0.04940225120431052 and parameters: {'input_chunk_length': 16, 'output_chunk_length': 9, 'batch_size': 16, 'num_blocks': 2, 'num_stacks': 2}. Best is trial 20 with value: 0.01928192179244312.
GPU available: True (cuda), used: True
TPU available: False, using: 0 TPU cores
HPU available: False, using: 0 HPUs
LOCAL_RANK: 0 - CUDA_VISIBLE_DEVICES: [0]

  | Name            | Type             | Params | Mode 
-------------------------------------------------------------
0 | criterion       | MSELoss          | 0      | train
1 | train_criterion | MSELoss          | 0      | train
2 | val_criterion   | MSELoss          | 0      | train
3 | train_metrics   | MetricCollection | 0      | train
4 | val_metrics     | MetricCollection | 0      | train
5 | stacks          | ModuleList       | 856 K  | train
-------------------------------------------------------------
854 K     Trainable params
1.6 K     Non-trainable params
856 K     Total params
3.424     Total estimated model params size (MB)
54        Modules in train mode
0         Modules in eval mode
SLURM auto-requeueing enabled. Setting signal handlers.
`Trainer.fit` stopped: `max_epochs=100` reached.
`predict()` was called with `n > output_chunk_length`: using auto-regression to forecast the values after `output_chunk_length` points. The model will access `(n - output_chunk_length)` future values of your `past_covariates` (relative to the first predicted time step). To hide this warning, set `show_warnings=False`.
GPU available: True (cuda), used: True
TPU available: False, using: 0 TPU cores
HPU available: False, using: 0 HPUs
LOCAL_RANK: 0 - CUDA_VISIBLE_DEVICES: [0]
SLURM auto-requeueing enabled. Setting signal handlers.
[I 2024-11-14 15:16:25,427] Trial 47 finished with value: 0.09294087501055873 and parameters: {'input_chunk_length': 13, 'output_chunk_length': 8, 'batch_size': 32, 'num_blocks': 2, 'num_stacks': 2}. Best is trial 20 with value: 0.01928192179244312.
GPU available: True (cuda), used: True
TPU available: False, using: 0 TPU cores
HPU available: False, using: 0 HPUs
LOCAL_RANK: 0 - CUDA_VISIBLE_DEVICES: [0]

  | Name            | Type             | Params | Mode 
-------------------------------------------------------------
0 | criterion       | MSELoss          | 0      | train
1 | train_criterion | MSELoss          | 0      | train
2 | val_criterion   | MSELoss          | 0      | train
3 | train_metrics   | MetricCollection | 0      | train
4 | val_metrics     | MetricCollection | 0      | train
5 | stacks          | ModuleList       | 1.4 M  | train
-------------------------------------------------------------
1.4 M     Trainable params
1.9 K     Non-trainable params
1.4 M     Total params
5.413     Total estimated model params size (MB)
76        Modules in train mode
0         Modules in eval mode
SLURM auto-requeueing enabled. Setting signal handlers.
`Trainer.fit` stopped: `max_epochs=100` reached.
`predict()` was called with `n > output_chunk_length`: using auto-regression to forecast the values after `output_chunk_length` points. The model will access `(n - output_chunk_length)` future values of your `past_covariates` (relative to the first predicted time step). To hide this warning, set `show_warnings=False`.
GPU available: True (cuda), used: True
TPU available: False, using: 0 TPU cores
HPU available: False, using: 0 HPUs
LOCAL_RANK: 0 - CUDA_VISIBLE_DEVICES: [0]
SLURM auto-requeueing enabled. Setting signal handlers.
[I 2024-11-14 15:17:59,926] Trial 48 finished with value: 0.01316846205856151 and parameters: {'input_chunk_length': 24, 'output_chunk_length': 7, 'batch_size': 64, 'num_blocks': 3, 'num_stacks': 2}. Best is trial 48 with value: 0.01316846205856151.
GPU available: True (cuda), used: True
TPU available: False, using: 0 TPU cores
HPU available: False, using: 0 HPUs
LOCAL_RANK: 0 - CUDA_VISIBLE_DEVICES: [0]

  | Name            | Type             | Params | Mode 
-------------------------------------------------------------
0 | criterion       | MSELoss          | 0      | train
1 | train_criterion | MSELoss          | 0      | train
2 | val_criterion   | MSELoss          | 0      | train
3 | train_metrics   | MetricCollection | 0      | train
4 | val_metrics     | MetricCollection | 0      | train
5 | stacks          | ModuleList       | 1.4 M  | train
-------------------------------------------------------------
1.4 M     Trainable params
1.9 K     Non-trainable params
1.4 M     Total params
5.413     Total estimated model params size (MB)
76        Modules in train mode
0         Modules in eval mode
SLURM auto-requeueing enabled. Setting signal handlers.
`Trainer.fit` stopped: `max_epochs=100` reached.
`predict()` was called with `n > output_chunk_length`: using auto-regression to forecast the values after `output_chunk_length` points. The model will access `(n - output_chunk_length)` future values of your `past_covariates` (relative to the first predicted time step). To hide this warning, set `show_warnings=False`.
GPU available: True (cuda), used: True
TPU available: False, using: 0 TPU cores
HPU available: False, using: 0 HPUs
LOCAL_RANK: 0 - CUDA_VISIBLE_DEVICES: [0]
SLURM auto-requeueing enabled. Setting signal handlers.
[I 2024-11-14 15:19:34,742] Trial 49 finished with value: 0.01316846205856151 and parameters: {'input_chunk_length': 24, 'output_chunk_length': 7, 'batch_size': 64, 'num_blocks': 3, 'num_stacks': 2}. Best is trial 48 with value: 0.01316846205856151.
GPU available: True (cuda), used: True
TPU available: False, using: 0 TPU cores
HPU available: False, using: 0 HPUs
LOCAL_RANK: 0 - CUDA_VISIBLE_DEVICES: [0]

  | Name            | Type             | Params | Mode 
-------------------------------------------------------------
0 | criterion       | MSELoss          | 0      | train
1 | train_criterion | MSELoss          | 0      | train
2 | val_criterion   | MSELoss          | 0      | train
3 | train_metrics   | MetricCollection | 0      | train
4 | val_metrics     | MetricCollection | 0      | train
5 | stacks          | ModuleList       | 1.4 M  | train
-------------------------------------------------------------
1.4 M     Trainable params
1.9 K     Non-trainable params
1.4 M     Total params
5.413     Total estimated model params size (MB)
76        Modules in train mode
0         Modules in eval mode
SLURM auto-requeueing enabled. Setting signal handlers.
`Trainer.fit` stopped: `max_epochs=200` reached.
Traceback (most recent call last):
  File "model.py", line 115, in <module>
    best_model.save_model("best_nbeats_model.pth")
AttributeError: 'NBEATSModel' object has no attribute 'save_model'
