2025-08-05 22:48:00,255 - INFO - ==== Incremental Training (Pure Fine-tuning) ====
2025-08-05 22:48:00,267 - INFO - Number of tasks: 3
2025-08-05 22:49:40,879 - INFO - Incremental training - Task 0 Train IDs: ['03', '27', '05', '21', '11'], size: 107395
2025-08-05 22:49:40,894 - INFO - Incremental training - Task 0 Val IDs: ['01'], size: 20028
2025-08-05 22:49:40,898 - INFO - Incremental training - Test Task 0 size: 8584
2025-08-05 22:49:40,902 - INFO - Incremental training - Task 1 Train IDs: ['23', '25', '07'], size: 66660
2025-08-05 22:49:40,907 - INFO - Incremental training - Task 1 Val IDs: ['19'], size: 16183
2025-08-05 22:49:40,911 - INFO - Incremental training - Test Task 1 size: 6937
2025-08-05 22:49:40,915 - INFO - Incremental training - Task 2 Train IDs: ['09', '15', '29'], size: 31589
2025-08-05 22:49:40,922 - INFO - Incremental training - Task 2 Val IDs: ['13'], size: 4511
2025-08-05 22:49:40,928 - INFO - Incremental training - Test Task 2 size: 1934
2025-08-05 22:49:40,947 - INFO -   (Scaler) Scaler centers: [ 3.3374245   0.101279   27.50083333]
2025-08-05 22:49:40,955 - INFO -   (Scaler) Scaler scales: [0.18253608 1.77971742 1.05683333]
2025-08-05 22:49:41,704 - INFO - ========== Model Structure ==========
2025-08-05 22:49:41,710 - INFO - 
SOHLSTM(
  (lstm1): LSTM(3, 128, batch_first=True)
  (dropout_between): Dropout(p=0.3, inplace=False)
  (lstm2): LSTM(128, 128, batch_first=True)
  (fc): Sequential(
    (0): Linear(in_features=128, out_features=64, bias=True)
    (1): LeakyReLU(negative_slope=0.01)
    (2): Dropout(p=0.3, inplace=False)
    (3): Linear(in_features=64, out_features=1, bias=True)
  )
)
2025-08-05 22:49:41,740 - INFO - =====================================
2025-08-05 22:49:41,746 - INFO - ====== Model Parameters Details ======
2025-08-05 22:49:41,751 - INFO - lstm1.weight_ih_l0                                 | trainable |     1536 params
2025-08-05 22:49:41,755 - INFO - lstm1.weight_hh_l0                                 | trainable |    65536 params
2025-08-05 22:49:41,759 - INFO - lstm1.bias_ih_l0                                   | trainable |      512 params
2025-08-05 22:49:41,764 - INFO - lstm1.bias_hh_l0                                   | trainable |      512 params
2025-08-05 22:49:41,768 - INFO - lstm2.weight_ih_l0                                 | trainable |    65536 params
2025-08-05 22:49:41,771 - INFO - lstm2.weight_hh_l0                                 | trainable |    65536 params
2025-08-05 22:49:41,776 - INFO - lstm2.bias_ih_l0                                   | trainable |      512 params
2025-08-05 22:49:41,782 - INFO - lstm2.bias_hh_l0                                   | trainable |      512 params
2025-08-05 22:49:41,787 - INFO - fc.0.weight                                        | trainable |     8192 params
2025-08-05 22:49:41,792 - INFO - fc.0.bias                                          | trainable |       64 params
2025-08-05 22:49:41,797 - INFO - fc.3.weight                                        | trainable |       64 params
2025-08-05 22:49:41,803 - INFO - fc.3.bias                                          | trainable |        1 params
2025-08-05 22:49:41,807 - INFO - --------------------------------------------------------------------------------
2025-08-05 22:49:41,811 - INFO - Total params:                                          208513 params (only trainable)
2025-08-05 22:49:41,816 - INFO - =====================================
2025-08-05 22:49:41,823 - INFO - --- task0 ---
2025-08-05 22:55:15,543 - INFO - Epoch 0 train=3.4294e-02 val=4.4176e-04 lr=1.00e-04 time=121.53s
2025-08-05 22:57:16,168 - INFO - Epoch 1 train=7.3599e-03 val=1.4560e-03 lr=1.00e-04 time=120.44s
2025-08-05 22:59:15,114 - INFO - Epoch 2 train=5.3315e-03 val=5.9150e-04 lr=1.00e-04 time=118.94s
2025-08-05 23:01:13,504 - INFO - Epoch 3 train=3.9120e-03 val=2.4171e-04 lr=1.00e-04 time=118.39s
2025-08-05 23:03:11,937 - INFO - Epoch 4 train=3.0051e-03 val=4.8981e-04 lr=1.00e-04 time=118.39s
2025-08-05 23:05:13,469 - INFO - Epoch 5 train=2.2301e-03 val=2.6020e-04 lr=1.00e-04 time=121.52s
2025-08-05 23:07:13,465 - INFO - Epoch 6 train=1.6211e-03 val=2.8039e-04 lr=1.00e-04 time=119.99s
2025-08-05 23:09:09,991 - INFO - Epoch 7 train=1.1635e-03 val=3.0358e-04 lr=1.00e-04 time=116.52s
2025-08-05 23:11:07,983 - INFO - Epoch 8 train=8.3998e-04 val=3.0707e-04 lr=1.00e-04 time=117.99s
2025-08-05 23:13:07,222 - INFO - Epoch 9 train=6.3847e-04 val=3.7021e-04 lr=1.00e-04 time=119.24s
2025-08-05 23:15:02,953 - INFO - Epoch 10 train=5.2438e-04 val=2.8648e-04 lr=5.00e-05 time=115.72s
2025-08-05 23:16:57,735 - INFO - Epoch 11 train=4.7583e-04 val=3.0401e-04 lr=5.00e-05 time=114.77s
2025-08-05 23:18:52,861 - INFO - Epoch 12 train=4.0821e-04 val=2.1070e-04 lr=5.00e-05 time=115.11s
2025-08-05 23:20:47,629 - INFO - Epoch 13 train=2.5946e-04 val=3.1182e-04 lr=5.00e-05 time=114.69s
2025-08-05 23:22:41,440 - INFO - Epoch 14 train=2.2370e-04 val=4.6353e-04 lr=5.00e-05 time=113.79s
2025-08-05 23:24:56,054 - INFO - Epoch 15 train=2.0027e-04 val=5.2516e-04 lr=5.00e-05 time=134.05s
2025-08-05 23:27:03,827 - INFO - Epoch 16 train=1.8601e-04 val=4.3888e-04 lr=5.00e-05 time=127.75s
2025-08-05 23:28:57,521 - INFO - Epoch 17 train=1.7189e-04 val=5.7578e-04 lr=5.00e-05 time=113.69s
2025-08-05 23:30:49,522 - INFO - Epoch 18 train=1.5814e-04 val=5.0412e-04 lr=5.00e-05 time=111.98s
2025-08-05 23:32:41,145 - INFO - Epoch 19 train=1.3071e-04 val=6.4990e-04 lr=2.50e-05 time=111.62s
2025-08-05 23:34:34,751 - INFO - Epoch 20 train=1.2217e-04 val=6.3973e-04 lr=2.50e-05 time=113.60s
2025-08-05 23:36:38,877 - INFO - Epoch 21 train=1.1619e-04 val=7.1084e-04 lr=2.50e-05 time=124.12s
2025-08-05 23:38:31,998 - INFO - Epoch 22 train=1.0965e-04 val=7.7626e-04 lr=2.50e-05 time=113.11s
2025-08-05 23:40:26,117 - INFO - Epoch 23 train=1.0421e-04 val=6.9722e-04 lr=2.50e-05 time=114.11s
2025-08-05 23:42:19,558 - INFO - Epoch 24 train=1.0082e-04 val=7.0589e-04 lr=2.50e-05 time=113.44s
2025-08-05 23:44:11,033 - INFO - Epoch 25 train=9.3308e-05 val=7.4006e-04 lr=1.25e-05 time=111.47s
2025-08-05 23:46:00,976 - INFO - Epoch 26 train=9.0902e-05 val=7.4040e-04 lr=1.25e-05 time=109.94s
2025-08-05 23:47:51,603 - INFO - Epoch 27 train=8.9511e-05 val=7.6773e-04 lr=1.25e-05 time=110.61s
2025-08-05 23:49:42,236 - INFO - Epoch 28 train=8.7144e-05 val=8.0959e-04 lr=1.25e-05 time=110.61s
2025-08-05 23:51:38,517 - INFO - Epoch 29 train=8.6656e-05 val=7.8257e-04 lr=1.25e-05 time=116.27s
2025-08-05 23:53:31,287 - INFO - Epoch 30 train=8.5563e-05 val=7.8395e-04 lr=1.25e-05 time=112.74s
2025-08-05 23:55:30,510 - INFO - Epoch 31 train=7.9834e-05 val=8.0724e-04 lr=6.25e-06 time=119.21s
2025-08-05 23:57:22,690 - INFO - Epoch 32 train=7.8841e-05 val=8.0048e-04 lr=6.25e-06 time=112.18s
2025-08-05 23:57:22,695 - INFO - Early stopping at epoch 32
2025-08-05 23:57:31,186 - INFO - Task 0 completed.
2025-08-05 23:57:31,187 - INFO - --- task1 ---
2025-08-05 23:58:52,604 - INFO - Epoch 0 train=4.9200e-04 val=1.1364e-03 lr=1.00e-04 time=81.05s
2025-08-06 00:00:02,361 - INFO - Epoch 1 train=2.9510e-04 val=1.4041e-03 lr=1.00e-04 time=69.60s
2025-08-06 00:01:13,529 - INFO - Epoch 2 train=2.6505e-04 val=1.3995e-03 lr=1.00e-04 time=71.17s
2025-08-06 00:02:26,531 - INFO - Epoch 3 train=2.4734e-04 val=1.4677e-03 lr=1.00e-04 time=73.00s
2025-08-06 00:03:40,466 - INFO - Epoch 4 train=2.4015e-04 val=1.4858e-03 lr=1.00e-04 time=73.93s
2025-08-06 00:04:53,704 - INFO - Epoch 5 train=2.1056e-04 val=1.6870e-03 lr=1.00e-04 time=73.22s
2025-08-06 00:06:06,626 - INFO - Epoch 6 train=1.9775e-04 val=1.5104e-03 lr=1.00e-04 time=72.92s
2025-08-06 00:07:20,394 - INFO - Epoch 7 train=1.6213e-04 val=1.6927e-03 lr=5.00e-05 time=73.76s
2025-08-06 00:08:32,530 - INFO - Epoch 8 train=1.5554e-04 val=1.6304e-03 lr=5.00e-05 time=72.13s
2025-08-06 00:09:44,162 - INFO - Epoch 9 train=1.5154e-04 val=1.7522e-03 lr=5.00e-05 time=71.63s
2025-08-06 00:10:55,900 - INFO - Epoch 10 train=1.4494e-04 val=1.6811e-03 lr=5.00e-05 time=71.73s
2025-08-06 00:12:07,990 - INFO - Epoch 11 train=1.4161e-04 val=1.4338e-03 lr=5.00e-05 time=72.09s
2025-08-06 00:13:20,002 - INFO - Epoch 12 train=1.3873e-04 val=1.7138e-03 lr=5.00e-05 time=72.01s
2025-08-06 00:14:38,169 - INFO - Epoch 13 train=1.2235e-04 val=1.6077e-03 lr=2.50e-05 time=78.16s
2025-08-06 00:16:00,926 - INFO - Epoch 14 train=1.1779e-04 val=1.6310e-03 lr=2.50e-05 time=82.76s
2025-08-06 00:17:13,715 - INFO - Epoch 15 train=1.1634e-04 val=1.5239e-03 lr=2.50e-05 time=72.78s
2025-08-06 00:18:26,046 - INFO - Epoch 16 train=1.1590e-04 val=1.7472e-03 lr=2.50e-05 time=72.33s
2025-08-06 00:19:39,848 - INFO - Epoch 17 train=1.1140e-04 val=1.7099e-03 lr=2.50e-05 time=73.80s
2025-08-06 00:20:51,851 - INFO - Epoch 18 train=1.1239e-04 val=1.5010e-03 lr=2.50e-05 time=72.00s
2025-08-06 00:22:04,294 - INFO - Epoch 19 train=1.0156e-04 val=1.5595e-03 lr=1.25e-05 time=72.44s
2025-08-06 00:23:17,098 - INFO - Epoch 20 train=1.0591e-04 val=1.6162e-03 lr=1.25e-05 time=72.80s
2025-08-06 00:23:17,106 - INFO - Early stopping at epoch 20
2025-08-06 00:23:19,691 - INFO - Task 1 completed.
2025-08-06 00:23:19,693 - INFO - --- task2 ---
2025-08-06 00:23:52,765 - INFO - Epoch 0 train=1.7131e-03 val=2.8242e-03 lr=1.00e-04 time=32.85s
2025-08-06 00:24:25,806 - INFO - Epoch 1 train=1.0187e-03 val=2.2414e-03 lr=1.00e-04 time=33.00s
2025-08-06 00:24:58,772 - INFO - Epoch 2 train=7.9383e-04 val=3.1698e-03 lr=1.00e-04 time=32.93s
2025-08-06 00:25:31,483 - INFO - Epoch 3 train=6.0234e-04 val=2.8570e-03 lr=1.00e-04 time=32.71s
2025-08-06 00:26:04,231 - INFO - Epoch 4 train=5.5694e-04 val=2.5419e-03 lr=1.00e-04 time=32.73s
2025-08-06 00:26:36,924 - INFO - Epoch 5 train=5.5624e-04 val=2.9949e-03 lr=1.00e-04 time=32.69s
2025-08-06 00:27:09,688 - INFO - Epoch 6 train=4.8766e-04 val=1.6633e-03 lr=1.00e-04 time=32.76s
2025-08-06 00:27:42,608 - INFO - Epoch 7 train=4.9678e-04 val=1.8803e-03 lr=1.00e-04 time=32.87s
2025-08-06 00:28:15,367 - INFO - Epoch 8 train=4.3987e-04 val=2.4063e-03 lr=1.00e-04 time=32.75s
2025-08-06 00:28:47,708 - INFO - Epoch 9 train=4.1258e-04 val=2.8960e-03 lr=1.00e-04 time=32.34s
2025-08-06 00:29:20,596 - INFO - Epoch 10 train=4.1009e-04 val=1.9263e-03 lr=1.00e-04 time=32.89s
2025-08-06 00:29:53,349 - INFO - Epoch 11 train=3.9449e-04 val=1.3263e-03 lr=1.00e-04 time=32.75s
2025-08-06 00:30:26,265 - INFO - Epoch 12 train=3.7390e-04 val=1.7324e-03 lr=1.00e-04 time=32.87s
2025-08-06 00:30:58,987 - INFO - Epoch 13 train=3.5515e-04 val=1.8325e-03 lr=1.00e-04 time=32.72s
2025-08-06 00:31:31,574 - INFO - Epoch 14 train=3.4833e-04 val=1.2703e-03 lr=1.00e-04 time=32.58s
2025-08-06 00:32:04,039 - INFO - Epoch 15 train=3.5190e-04 val=1.5877e-03 lr=1.00e-04 time=32.42s
2025-08-06 00:32:36,855 - INFO - Epoch 16 train=3.6623e-04 val=1.3088e-03 lr=1.00e-04 time=32.81s
2025-08-06 00:33:09,474 - INFO - Epoch 17 train=3.3966e-04 val=6.5926e-04 lr=1.00e-04 time=32.61s
2025-08-06 00:33:42,310 - INFO - Epoch 18 train=3.1332e-04 val=1.2560e-03 lr=1.00e-04 time=32.67s
2025-08-06 00:34:15,552 - INFO - Epoch 19 train=3.1077e-04 val=8.2103e-04 lr=1.00e-04 time=33.24s
2025-08-06 00:34:49,443 - INFO - Epoch 20 train=3.0747e-04 val=8.1472e-04 lr=1.00e-04 time=33.88s
2025-08-06 00:35:22,239 - INFO - Epoch 21 train=3.0087e-04 val=8.1547e-04 lr=1.00e-04 time=32.79s
2025-08-06 00:35:54,886 - INFO - Epoch 22 train=3.0058e-04 val=1.0142e-03 lr=1.00e-04 time=32.65s
2025-08-06 00:36:27,810 - INFO - Epoch 23 train=2.8480e-04 val=9.2361e-04 lr=1.00e-04 time=32.92s
2025-08-06 00:37:00,693 - INFO - Epoch 24 train=2.6756e-04 val=6.4225e-04 lr=5.00e-05 time=32.88s
2025-08-06 00:37:33,554 - INFO - Epoch 25 train=2.5251e-04 val=1.0283e-03 lr=5.00e-05 time=32.81s
2025-08-06 00:38:06,680 - INFO - Epoch 26 train=2.5235e-04 val=8.0249e-04 lr=5.00e-05 time=33.12s
2025-08-06 00:38:39,764 - INFO - Epoch 27 train=2.5907e-04 val=6.2757e-04 lr=5.00e-05 time=33.08s
2025-08-06 00:39:13,199 - INFO - Epoch 28 train=2.5552e-04 val=6.4321e-04 lr=5.00e-05 time=33.39s
2025-08-06 00:39:46,362 - INFO - Epoch 29 train=2.4100e-04 val=8.5855e-04 lr=5.00e-05 time=33.16s
2025-08-06 00:40:19,466 - INFO - Epoch 30 train=2.4734e-04 val=7.6568e-04 lr=5.00e-05 time=33.10s
2025-08-06 00:40:52,420 - INFO - Epoch 31 train=2.4471e-04 val=7.0821e-04 lr=5.00e-05 time=32.93s
2025-08-06 00:41:25,432 - INFO - Epoch 32 train=2.3643e-04 val=6.9375e-04 lr=5.00e-05 time=33.01s
2025-08-06 00:41:58,380 - INFO - Epoch 33 train=2.3434e-04 val=6.8108e-04 lr=5.00e-05 time=32.94s
2025-08-06 00:42:31,804 - INFO - Epoch 34 train=2.1734e-04 val=8.3145e-04 lr=2.50e-05 time=33.42s
2025-08-06 00:43:04,640 - INFO - Epoch 35 train=2.1016e-04 val=6.2670e-04 lr=2.50e-05 time=32.83s
2025-08-06 00:43:37,856 - INFO - Epoch 36 train=2.1125e-04 val=7.6466e-04 lr=2.50e-05 time=33.18s
2025-08-06 00:44:10,770 - INFO - Epoch 37 train=2.0996e-04 val=6.2318e-04 lr=2.50e-05 time=32.91s
2025-08-06 00:44:43,044 - INFO - Epoch 38 train=2.0587e-04 val=6.5695e-04 lr=2.50e-05 time=32.24s
2025-08-06 00:45:15,393 - INFO - Epoch 39 train=2.0545e-04 val=8.5988e-04 lr=2.50e-05 time=32.34s
2025-08-06 00:45:47,683 - INFO - Epoch 40 train=2.0788e-04 val=8.3498e-04 lr=2.50e-05 time=32.29s
2025-08-06 00:46:19,795 - INFO - Epoch 41 train=2.0867e-04 val=7.2546e-04 lr=2.50e-05 time=32.11s
2025-08-06 00:46:52,096 - INFO - Epoch 42 train=2.0088e-04 val=7.5562e-04 lr=2.50e-05 time=32.30s
2025-08-06 00:47:24,316 - INFO - Epoch 43 train=2.0026e-04 val=7.8145e-04 lr=2.50e-05 time=32.22s
2025-08-06 00:47:56,468 - INFO - Epoch 44 train=1.8836e-04 val=6.0159e-04 lr=1.25e-05 time=32.15s
2025-08-06 00:48:27,318 - INFO - Epoch 45 train=1.8771e-04 val=6.6351e-04 lr=1.25e-05 time=30.82s
2025-08-06 00:48:59,471 - INFO - Epoch 46 train=1.8959e-04 val=7.0742e-04 lr=1.25e-05 time=32.15s
2025-08-06 00:49:29,007 - INFO - Epoch 47 train=1.9097e-04 val=7.2808e-04 lr=1.25e-05 time=29.53s
2025-08-06 00:49:58,385 - INFO - Epoch 48 train=1.8649e-04 val=7.9919e-04 lr=1.25e-05 time=29.38s
2025-08-06 00:50:29,137 - INFO - Epoch 49 train=1.8716e-04 val=9.0379e-04 lr=1.25e-05 time=30.75s
2025-08-06 00:51:00,238 - INFO - Epoch 50 train=1.8892e-04 val=7.5268e-04 lr=1.25e-05 time=31.10s
2025-08-06 00:51:31,890 - INFO - Epoch 51 train=1.7980e-04 val=7.7874e-04 lr=6.25e-06 time=31.65s
2025-08-06 00:52:03,577 - INFO - Epoch 52 train=1.8412e-04 val=8.0701e-04 lr=6.25e-06 time=31.68s
2025-08-06 00:52:36,565 - INFO - Epoch 53 train=1.7602e-04 val=7.2328e-04 lr=6.25e-06 time=32.99s
2025-08-06 00:53:09,450 - INFO - Epoch 54 train=1.7567e-04 val=7.7589e-04 lr=6.25e-06 time=32.88s
2025-08-06 00:53:42,557 - INFO - Epoch 55 train=1.7450e-04 val=6.8876e-04 lr=6.25e-06 time=33.11s
2025-08-06 00:54:15,893 - INFO - Epoch 56 train=1.7440e-04 val=8.2163e-04 lr=6.25e-06 time=33.33s
2025-08-06 00:54:48,963 - INFO - Epoch 57 train=1.7012e-04 val=7.9794e-04 lr=3.13e-06 time=33.06s
2025-08-06 00:55:21,936 - INFO - Epoch 58 train=1.7140e-04 val=7.4952e-04 lr=3.13e-06 time=32.97s
2025-08-06 00:55:55,025 - INFO - Epoch 59 train=1.7282e-04 val=8.2081e-04 lr=3.13e-06 time=33.09s
2025-08-06 00:56:28,176 - INFO - Epoch 60 train=1.7317e-04 val=7.8192e-04 lr=3.13e-06 time=33.15s
2025-08-06 00:57:01,379 - INFO - Epoch 61 train=1.7096e-04 val=7.3888e-04 lr=3.13e-06 time=33.20s
2025-08-06 00:57:34,430 - INFO - Epoch 62 train=1.7170e-04 val=7.4451e-04 lr=3.13e-06 time=33.05s
2025-08-06 00:58:07,592 - INFO - Epoch 63 train=1.7113e-04 val=7.3634e-04 lr=1.56e-06 time=33.16s
2025-08-06 00:58:40,842 - INFO - Epoch 64 train=1.7130e-04 val=7.8699e-04 lr=1.56e-06 time=33.25s
2025-08-06 00:58:40,844 - INFO - Early stopping at epoch 64
2025-08-06 00:58:43,003 - INFO - Task 2 completed.
2025-08-06 00:58:43,004 - INFO - ==== Incremental Training Complete ====
2025-08-06 00:58:43,006 - INFO - ==== Starting Comprehensive Evaluation ====
2025-08-06 00:58:43,093 - INFO - Evaluating model trained after task 0...
