2025-07-17 12:05:34,602 - ==== Regular LSTM Training Phase ====
2025-07-17 12:07:03,688 - Base train IDs: ['03', '05', '07', '09', '11', '15', '21', '23', '25', '27', '29']
2025-07-17 12:07:03,689 - Base train size: 205644
2025-07-17 12:07:03,690 - Base val IDs: ['01', '19', '13']
2025-07-17 12:07:03,691 - Base val size: 58177
2025-07-17 12:07:03,692 - Update1 train IDs: []
2025-07-17 12:07:03,693 - Update1 train size: 0
2025-07-17 12:07:03,694 - Update1 val IDs: []
2025-07-17 12:07:03,695 - Update1 val size: 0
2025-07-17 12:07:03,696 - Update2 train IDs: []
2025-07-17 12:07:03,697 - Update2 train size: 0
2025-07-17 12:07:03,699 - Update2 val IDs: []
2025-07-17 12:07:03,700 - Update2 val size: 0
2025-07-17 12:07:10,512 - Test cell ID: 17
2025-07-17 12:07:10,513 - Test size: 22872
2025-07-17 12:07:10,515 - Test base size: 11139
2025-07-17 12:07:10,516 - Test update1 size: 6312
2025-07-17 12:07:10,517 - Test update2 size: 5421
2025-07-17 12:07:10,534 - Fitted RobustScaler on VC: center=[3.342422   0.17992967], scale=[0.18428363 1.77955483]
2025-07-17 12:07:10,542 - Fitted StandardScaler on T: mean=[28.33466562], var=[3.63140867]
2025-07-17 12:07:10,571 - Resampling and scaling complete
2025-07-17 12:11:09,278 - Epoch 001 | task 2.2528e-02 | kd 0.0000e+00 | ewc 0.0000e+00 | val 2.4918e-03 | lr 1.00e-04 | 210.39s
2025-07-17 12:14:03,802 - Epoch 002 | task 6.2130e-03 | kd 0.0000e+00 | ewc 0.0000e+00 | val 1.9837e-03 | lr 1.00e-04 | 174.24s
2025-07-17 12:16:54,486 - Epoch 003 | task 3.8912e-03 | kd 0.0000e+00 | ewc 0.0000e+00 | val 1.0949e-03 | lr 1.00e-04 | 170.57s
2025-07-17 12:19:45,493 - Epoch 004 | task 2.2750e-03 | kd 0.0000e+00 | ewc 0.0000e+00 | val 1.0257e-03 | lr 1.00e-04 | 170.93s
2025-07-17 12:22:36,205 - Epoch 005 | task 1.1355e-03 | kd 0.0000e+00 | ewc 0.0000e+00 | val 7.6235e-04 | lr 1.00e-04 | 170.59s
2025-07-17 12:25:27,620 - Epoch 006 | task 7.9120e-04 | kd 0.0000e+00 | ewc 0.0000e+00 | val 5.8065e-04 | lr 1.00e-04 | 171.35s
2025-07-17 12:28:19,650 - Epoch 007 | task 6.1114e-04 | kd 0.0000e+00 | ewc 0.0000e+00 | val 4.8618e-04 | lr 1.00e-04 | 171.93s
2025-07-17 12:31:12,047 - Epoch 008 | task 3.7175e-04 | kd 0.0000e+00 | ewc 0.0000e+00 | val 4.3447e-04 | lr 1.00e-04 | 170.63s
2025-07-17 12:34:02,019 - Epoch 009 | task 2.7995e-04 | kd 0.0000e+00 | ewc 0.0000e+00 | val 3.3657e-04 | lr 1.00e-04 | 169.83s
2025-07-17 12:36:52,398 - Epoch 010 | task 2.3483e-04 | kd 0.0000e+00 | ewc 0.0000e+00 | val 2.9476e-04 | lr 1.00e-04 | 170.29s
2025-07-17 12:39:56,810 - Epoch 011 | task 1.8338e-04 | kd 0.0000e+00 | ewc 0.0000e+00 | val 4.8085e-04 | lr 1.00e-04 | 184.32s
2025-07-17 12:42:52,062 - Epoch 012 | task 1.9606e-04 | kd 0.0000e+00 | ewc 0.0000e+00 | val 3.1019e-04 | lr 1.00e-04 | 173.86s
2025-07-17 12:45:43,298 - Epoch 013 | task 1.5940e-04 | kd 0.0000e+00 | ewc 0.0000e+00 | val 5.1138e-04 | lr 1.00e-04 | 171.18s
2025-07-17 12:48:40,428 - Epoch 014 | task 1.4852e-04 | kd 0.0000e+00 | ewc 0.0000e+00 | val 5.9088e-04 | lr 1.00e-04 | 177.10s
2025-07-17 12:51:49,005 - Epoch 015 | task 1.6211e-04 | kd 0.0000e+00 | ewc 0.0000e+00 | val 8.1256e-04 | lr 1.00e-04 | 188.52s
2025-07-17 12:54:39,912 - Epoch 016 | task 1.3390e-04 | kd 0.0000e+00 | ewc 0.0000e+00 | val 8.2409e-04 | lr 5.00e-05 | 170.86s
2025-07-17 12:57:29,683 - Epoch 017 | task 1.0973e-04 | kd 0.0000e+00 | ewc 0.0000e+00 | val 7.9154e-04 | lr 5.00e-05 | 169.75s
2025-07-17 13:00:19,774 - Epoch 018 | task 1.0592e-04 | kd 0.0000e+00 | ewc 0.0000e+00 | val 7.3147e-04 | lr 5.00e-05 | 170.06s
2025-07-17 13:03:10,611 - Epoch 019 | task 1.0515e-04 | kd 0.0000e+00 | ewc 0.0000e+00 | val 6.9551e-04 | lr 5.00e-05 | 170.72s
2025-07-17 13:06:00,102 - Epoch 020 | task 1.0200e-04 | kd 0.0000e+00 | ewc 0.0000e+00 | val 6.6967e-04 | lr 5.00e-05 | 169.45s
2025-07-17 13:08:50,152 - Epoch 021 | task 1.0187e-04 | kd 0.0000e+00 | ewc 0.0000e+00 | val 7.5791e-04 | lr 5.00e-05 | 169.99s
2025-07-17 13:11:40,414 - Epoch 022 | task 1.0145e-04 | kd 0.0000e+00 | ewc 0.0000e+00 | val 5.9794e-04 | lr 2.50e-05 | 170.20s
2025-07-17 13:14:30,514 - Epoch 023 | task 9.1545e-05 | kd 0.0000e+00 | ewc 0.0000e+00 | val 6.7836e-04 | lr 2.50e-05 | 170.05s
2025-07-17 13:17:20,510 - Epoch 024 | task 9.0098e-05 | kd 0.0000e+00 | ewc 0.0000e+00 | val 5.9282e-04 | lr 2.50e-05 | 169.91s
2025-07-17 13:20:10,414 - Epoch 025 | task 9.0202e-05 | kd 0.0000e+00 | ewc 0.0000e+00 | val 7.3717e-04 | lr 2.50e-05 | 169.86s
2025-07-17 13:23:00,210 - Epoch 026 | task 8.9286e-05 | kd 0.0000e+00 | ewc 0.0000e+00 | val 6.8961e-04 | lr 2.50e-05 | 169.75s
2025-07-17 13:25:50,177 - Epoch 027 | task 8.8885e-05 | kd 0.0000e+00 | ewc 0.0000e+00 | val 6.9016e-04 | lr 2.50e-05 | 169.88s
2025-07-17 13:28:40,860 - Epoch 028 | task 8.8836e-05 | kd 0.0000e+00 | ewc 0.0000e+00 | val 7.0328e-04 | lr 1.25e-05 | 170.66s
2025-07-17 13:31:31,311 - Epoch 029 | task 8.4088e-05 | kd 0.0000e+00 | ewc 0.0000e+00 | val 6.5780e-04 | lr 1.25e-05 | 170.35s
2025-07-17 13:34:23,603 - Epoch 030 | task 8.3606e-05 | kd 0.0000e+00 | ewc 0.0000e+00 | val 6.5668e-04 | lr 1.25e-05 | 172.23s
2025-07-17 13:34:23,661 - Early stopping at epoch 30
2025-07-17 13:34:34,660 - [Joint training best model predictions] RMSE: 1.2616e-02, MAE: 9.2212e-03, R2: 0.9775
