2025-07-29 20:52:50,045 - ==== Experiment Setup ====
2025-07-29 20:52:50,050 - Mode: joint
2025-07-29 20:52:50,055 - Number of tasks: 3
2025-07-29 20:52:50,060 - EWC lambdas: [0.0, 0.0, 0.0]
2025-07-29 20:52:50,065 - LWF alphas: [0.0, 0.0, 0.0]
2025-07-29 20:52:50,094 - Base directory: /beegfs/home/users/z/zzhuqshun/Thesis/05_Final/ewc/strategies/joint-tryout
2025-07-29 20:52:50,102 - ==== Joint Training (Baseline) ====
2025-07-29 20:54:37,795 - Joint training - Train IDs: ['03', '05', '07', '09', '11', '15', '21', '23', '25', '27', '29'], size: 205644
2025-07-29 20:54:37,800 - Joint training - Val IDs: ['01', '19', '13'], size: 58177
2025-07-29 20:54:37,804 - Joint training - Test ID: 17, size: 22872
2025-07-29 20:54:37,830 -   (Scaler) Scaler centers: [ 3.342422    0.17992967 27.75      ]
2025-07-29 20:54:37,839 -   (Scaler) Scaler scales: [0.18428363 1.77955483 1.81783333]
2025-07-29 21:01:50,346 - Epoch 0 task=1.1528e-02 kd=0.0000e+00 ewc=0.0000e+00 val=2.1656e-03 lr=4.00e-04 time=219.06s
2025-07-29 21:05:56,270 - Epoch 1 task=1.8129e-03 kd=0.0000e+00 ewc=0.0000e+00 val=3.9561e-03 lr=4.00e-04 time=228.56s
2025-07-29 21:09:54,206 - Epoch 2 task=4.4629e-04 kd=0.0000e+00 ewc=0.0000e+00 val=5.7699e-04 lr=4.00e-04 time=220.71s
2025-07-29 21:13:24,252 - Epoch 3 task=2.5517e-04 kd=0.0000e+00 ewc=0.0000e+00 val=6.6207e-04 lr=4.00e-04 time=192.76s
2025-07-29 21:16:44,470 - Epoch 4 task=2.1225e-04 kd=0.0000e+00 ewc=0.0000e+00 val=3.5335e-04 lr=4.00e-04 time=182.97s
2025-07-29 21:20:02,875 - Epoch 5 task=1.7456e-04 kd=0.0000e+00 ewc=0.0000e+00 val=5.8219e-04 lr=4.00e-04 time=181.10s
2025-07-29 21:23:34,903 - Epoch 6 task=1.6858e-04 kd=0.0000e+00 ewc=0.0000e+00 val=7.3017e-04 lr=4.00e-04 time=194.77s
2025-07-29 21:27:07,008 - Epoch 7 task=1.5386e-04 kd=0.0000e+00 ewc=0.0000e+00 val=5.0114e-04 lr=4.00e-04 time=194.90s
2025-07-29 21:30:35,358 - Epoch 8 task=1.4702e-04 kd=0.0000e+00 ewc=0.0000e+00 val=3.8653e-04 lr=4.00e-04 time=191.13s
2025-07-29 21:34:02,703 - Epoch 9 task=1.4002e-04 kd=0.0000e+00 ewc=0.0000e+00 val=3.6582e-04 lr=4.00e-04 time=190.11s
2025-07-29 21:37:32,569 - Epoch 10 task=1.6360e-04 kd=0.0000e+00 ewc=0.0000e+00 val=2.6670e-04 lr=4.00e-04 time=192.61s
2025-07-29 21:41:01,214 - Epoch 11 task=1.5371e-04 kd=0.0000e+00 ewc=0.0000e+00 val=4.7821e-04 lr=4.00e-04 time=191.35s
2025-07-29 21:44:33,274 - Epoch 12 task=1.3008e-04 kd=0.0000e+00 ewc=0.0000e+00 val=3.3089e-04 lr=4.00e-04 time=194.80s
2025-07-29 21:48:06,265 - Epoch 13 task=1.3643e-04 kd=0.0000e+00 ewc=0.0000e+00 val=3.8941e-04 lr=4.00e-04 time=195.63s
2025-07-29 21:51:37,502 - Epoch 14 task=1.3586e-04 kd=0.0000e+00 ewc=0.0000e+00 val=3.0897e-04 lr=4.00e-04 time=193.69s
2025-07-29 21:55:09,207 - Epoch 15 task=1.3262e-04 kd=0.0000e+00 ewc=0.0000e+00 val=2.8874e-04 lr=4.00e-04 time=194.09s
2025-07-29 21:58:41,521 - Epoch 16 task=1.4189e-04 kd=0.0000e+00 ewc=0.0000e+00 val=3.0183e-04 lr=4.00e-04 time=194.67s
2025-07-29 22:02:21,220 - Epoch 17 task=1.1458e-04 kd=0.0000e+00 ewc=0.0000e+00 val=5.2618e-04 lr=2.00e-04 time=202.19s
2025-07-29 22:05:56,397 - Epoch 18 task=1.2107e-04 kd=0.0000e+00 ewc=0.0000e+00 val=4.7235e-04 lr=2.00e-04 time=198.66s
2025-07-29 22:09:25,901 - Epoch 19 task=1.2084e-04 kd=0.0000e+00 ewc=0.0000e+00 val=4.2303e-04 lr=2.00e-04 time=193.06s
2025-07-29 22:12:51,310 - Epoch 20 task=1.1456e-04 kd=0.0000e+00 ewc=0.0000e+00 val=3.7480e-04 lr=2.00e-04 time=188.97s
2025-07-29 22:16:15,862 - Epoch 21 task=1.3772e-04 kd=0.0000e+00 ewc=0.0000e+00 val=4.0604e-04 lr=2.00e-04 time=188.07s
2025-07-29 22:19:37,594 - Epoch 22 task=1.0703e-04 kd=0.0000e+00 ewc=0.0000e+00 val=4.4185e-04 lr=2.00e-04 time=185.30s
2025-07-29 22:23:03,891 - Epoch 23 task=9.4283e-05 kd=0.0000e+00 ewc=0.0000e+00 val=3.5119e-04 lr=1.00e-04 time=189.62s
2025-07-29 22:26:29,918 - Epoch 24 task=9.5237e-05 kd=0.0000e+00 ewc=0.0000e+00 val=3.2507e-04 lr=1.00e-04 time=189.56s
2025-07-29 22:29:59,712 - Epoch 25 task=9.4441e-05 kd=0.0000e+00 ewc=0.0000e+00 val=3.1195e-04 lr=1.00e-04 time=192.54s
2025-07-29 22:33:31,205 - Epoch 26 task=9.3486e-05 kd=0.0000e+00 ewc=0.0000e+00 val=3.2761e-04 lr=1.00e-04 time=194.21s
2025-07-29 22:36:58,460 - Epoch 27 task=1.1178e-04 kd=0.0000e+00 ewc=0.0000e+00 val=3.3624e-04 lr=1.00e-04 time=189.91s
2025-07-29 22:40:21,826 - Epoch 28 task=9.4299e-05 kd=0.0000e+00 ewc=0.0000e+00 val=3.6550e-04 lr=1.00e-04 time=186.06s
2025-07-29 22:43:49,017 - Epoch 29 task=8.7562e-05 kd=0.0000e+00 ewc=0.0000e+00 val=3.4823e-04 lr=5.00e-05 time=189.96s
2025-07-29 22:47:19,590 - Epoch 30 task=8.7805e-05 kd=0.0000e+00 ewc=0.0000e+00 val=3.2360e-04 lr=5.00e-05 time=193.28s
2025-07-29 22:47:19,595 - Early stopping at epoch 30
2025-07-29 22:47:35,194 - Eval RMSE 1.4473e-02 MAE 1.1385e-02 R2 0.9704
2025-07-29 22:47:41,847 - ==== Joint Training Complete ====
2025-07-29 22:47:41,849 - ==== Experiment Complete ====
