2025-07-18 09:52:53,295 - INFO - [EXPERIMENT] Directory: model/ewc-lwf
2025-07-18 09:52:53,299 - INFO - [EXPERIMENT] Device: cuda
2025-07-18 09:52:53,301 - INFO - ============================================================
2025-07-18 09:52:53,303 - INFO - [INCREMENTAL] Starting Incremental Learning
2025-07-18 09:52:53,304 - INFO - ============================================================
2025-07-18 09:52:53,310 - INFO - [DATA] Mode: INCREMENTAL
2025-07-18 09:52:53,312 - INFO - [DATA] Resample rate: 10min
2025-07-18 09:54:14,673 - INFO -   (Split) Details:
    base_train: 92079 samples, ids=['03', '05', '07', '27']
    base_val: 28612 samples, ids=['01']
    update1_train: 65674 samples, ids=['21', '23', '25']
    update1_val: 23120 samples, ids=['19']
    update2_train: 47891 samples, ids=['09', '11', '15', '29']
    update2_val: 6445 samples, ids=['13']
2025-07-18 09:54:21,189 - INFO -   (Split) Test splits: test_full(22872), test_base(11139), test_update1(6312), test_update2(5421)
2025-07-18 09:54:21,192 - INFO - [DATA] Fitting scaler: RobustScaler
2025-07-18 09:54:21,203 - INFO -   (Scaler) Scaler centers: [ 3.31975183  0.         27.55116667]
2025-07-18 09:54:21,210 - INFO -   (Scaler) Scaler scales: [0.20016217 1.86108033 1.05333333]
2025-07-18 09:54:21,212 - INFO -   (Scaler) Features scaled: ['Voltage[V]', 'Current[A]', 'Temperature[°C]']
2025-07-18 09:54:21,239 - INFO - [DATA] Preparation complete. Keys: ['base_train', 'base_val', 'update1_train', 'update1_val', 'update2_train', 'update2_val', 'test_full', 'test_base', 'test_update1', 'test_update2']
2025-07-18 09:54:21,318 - INFO -   (DATA) Dataloaders: ['base_train', 'base_val', 'update1_train', 'update1_val', 'update2_train', 'update2_val', 'test_full', 'test_base', 'test_update1', 'test_update2']
2025-07-18 09:54:21,364 - INFO -   (MODEL) SOHLSTM: in=3, hidden=128, layers=2, drop=0.30
2025-07-18 09:54:22,001 - INFO -   (FWT) Computing random-init baselines …
2025-07-18 09:54:25,367 - INFO -     (BASELINE) test_base  MAE=9.7065e-01
2025-07-18 09:54:26,930 - INFO -     (BASELINE) test_update1  MAE=8.7252e-01
2025-07-18 09:54:28,247 - INFO -     (BASELINE) test_update2  MAE=7.6615e-01
2025-07-18 09:54:28,250 - INFO - 
============================================================
[TASK] task0  phase=base  id=0
------------------------------------------------------------
2025-07-18 09:54:31,155 - INFO -     (PRE) MAE before training = 1.0481e+00
2025-07-18 09:57:03,848 - INFO - [TRAIN] Epoch 0: Train Loss: 3.8119e-02, Val Loss: 3.7718e-04, Task: 3.8119e-02, KD: 0.0000e+00, EWC: 0.0000e+00, LR: 1.000000e-04
2025-07-18 09:58:26,587 - INFO - [TRAIN] Epoch 1: Train Loss: 7.3216e-03, Val Loss: 1.0778e-03, Task: 7.3216e-03, KD: 0.0000e+00, EWC: 0.0000e+00, LR: 1.000000e-04
2025-07-18 09:59:48,623 - INFO - [TRAIN] Epoch 2: Train Loss: 5.3169e-03, Val Loss: 3.9792e-04, Task: 5.3169e-03, KD: 0.0000e+00, EWC: 0.0000e+00, LR: 1.000000e-04
2025-07-18 10:01:09,539 - INFO - [TRAIN] Epoch 3: Train Loss: 4.3350e-03, Val Loss: 4.2493e-04, Task: 4.3350e-03, KD: 0.0000e+00, EWC: 0.0000e+00, LR: 1.000000e-04
2025-07-18 10:02:31,611 - INFO - [TRAIN] Epoch 4: Train Loss: 3.4104e-03, Val Loss: 3.9689e-04, Task: 3.4104e-03, KD: 0.0000e+00, EWC: 0.0000e+00, LR: 1.000000e-04
2025-07-18 10:03:53,584 - INFO - [TRAIN] Epoch 5: Train Loss: 2.6824e-03, Val Loss: 3.9226e-04, Task: 2.6824e-03, KD: 0.0000e+00, EWC: 0.0000e+00, LR: 1.000000e-04
2025-07-18 10:05:15,767 - INFO - [TRAIN] Epoch 6: Train Loss: 2.0629e-03, Val Loss: 4.6299e-04, Task: 2.0629e-03, KD: 0.0000e+00, EWC: 0.0000e+00, LR: 5.000000e-05
2025-07-18 10:06:37,779 - INFO - [TRAIN] Epoch 7: Train Loss: 1.6348e-03, Val Loss: 4.0652e-04, Task: 1.6348e-03, KD: 0.0000e+00, EWC: 0.0000e+00, LR: 5.000000e-05
2025-07-18 10:07:59,587 - INFO - [TRAIN] Epoch 8: Train Loss: 1.3996e-03, Val Loss: 4.2514e-04, Task: 1.3996e-03, KD: 0.0000e+00, EWC: 0.0000e+00, LR: 5.000000e-05
2025-07-18 10:09:21,480 - INFO - [TRAIN] Epoch 9: Train Loss: 1.2010e-03, Val Loss: 5.0842e-04, Task: 1.2010e-03, KD: 0.0000e+00, EWC: 0.0000e+00, LR: 5.000000e-05
2025-07-18 10:10:43,315 - INFO - [TRAIN] Epoch 10: Train Loss: 1.0315e-03, Val Loss: 4.0422e-04, Task: 1.0315e-03, KD: 0.0000e+00, EWC: 0.0000e+00, LR: 5.000000e-05
2025-07-18 10:12:05,393 - INFO - [TRAIN] Epoch 11: Train Loss: 8.8565e-04, Val Loss: 4.5692e-04, Task: 8.8565e-04, KD: 0.0000e+00, EWC: 0.0000e+00, LR: 5.000000e-05
2025-07-18 10:13:26,455 - INFO - [TRAIN] Epoch 12: Train Loss: 7.7172e-04, Val Loss: 4.0641e-04, Task: 7.7172e-04, KD: 0.0000e+00, EWC: 0.0000e+00, LR: 2.500000e-05
2025-07-18 10:14:47,771 - INFO - [TRAIN] Epoch 13: Train Loss: 6.9358e-04, Val Loss: 4.1009e-04, Task: 6.9358e-04, KD: 0.0000e+00, EWC: 0.0000e+00, LR: 2.500000e-05
2025-07-18 10:16:08,762 - INFO - [TRAIN] Epoch 14: Train Loss: 6.5655e-04, Val Loss: 4.2221e-04, Task: 6.5655e-04, KD: 0.0000e+00, EWC: 0.0000e+00, LR: 2.500000e-05
2025-07-18 10:17:30,390 - INFO - [TRAIN] Epoch 15: Train Loss: 6.1958e-04, Val Loss: 4.1290e-04, Task: 6.1958e-04, KD: 0.0000e+00, EWC: 0.0000e+00, LR: 2.500000e-05
2025-07-18 10:18:51,770 - INFO - [TRAIN] Epoch 16: Train Loss: 5.9001e-04, Val Loss: 4.1259e-04, Task: 5.9001e-04, KD: 0.0000e+00, EWC: 0.0000e+00, LR: 2.500000e-05
2025-07-18 10:20:12,031 - INFO - [TRAIN] Epoch 17: Train Loss: 5.6064e-04, Val Loss: 4.1786e-04, Task: 5.6064e-04, KD: 0.0000e+00, EWC: 0.0000e+00, LR: 2.500000e-05
2025-07-18 10:21:32,974 - INFO - [TRAIN] Epoch 18: Train Loss: 5.3699e-04, Val Loss: 4.2819e-04, Task: 5.3699e-04, KD: 0.0000e+00, EWC: 0.0000e+00, LR: 1.250000e-05
2025-07-18 10:22:54,515 - INFO - [TRAIN] Epoch 19: Train Loss: 5.1219e-04, Val Loss: 4.0065e-04, Task: 5.1219e-04, KD: 0.0000e+00, EWC: 0.0000e+00, LR: 1.250000e-05
2025-07-18 10:24:13,157 - INFO - [TRAIN] Epoch 20: Train Loss: 4.9730e-04, Val Loss: 4.1578e-04, Task: 4.9730e-04, KD: 0.0000e+00, EWC: 0.0000e+00, LR: 1.250000e-05
2025-07-18 10:24:13,160 - INFO - [TRAIN] Early stopping at epoch 20
2025-07-18 10:24:17,945 - INFO -     (EWC) Consolidate with λ = 7780.1556
2025-07-18 10:25:25,574 - INFO -     (POST) MAE after training = 3.9038e-02
2025-07-18 10:25:37,748 - INFO -     (SUMMARY) R²_full -0.0775 | ACC 3.9038e-02 | BWT 0.0000e+00 | FWT 0.0000e+00
2025-07-18 10:25:37,778 - INFO - 
============================================================
[TASK] task1  phase=update1  id=1
------------------------------------------------------------
2025-07-18 10:25:39,385 - INFO -     (PRE) MAE before training = 5.0327e-02
2025-07-18 10:26:54,294 - INFO - [TRAIN] Epoch 0: Train Loss: 2.2225e-02, Val Loss: 1.4856e-03, Task: 9.3838e-03, KD: 6.5285e-03, EWC: 3.0604e-04, LR: 1.000000e-04
2025-07-18 10:28:10,543 - INFO - [TRAIN] Epoch 1: Train Loss: 2.0167e-02, Val Loss: 1.4055e-03, Task: 8.5327e-03, KD: 5.7739e-03, EWC: 5.4790e-04, LR: 1.000000e-04
2025-07-18 10:29:31,450 - INFO - [TRAIN] Epoch 2: Train Loss: 1.9912e-02, Val Loss: 1.3354e-03, Task: 8.4458e-03, KD: 5.6842e-03, EWC: 5.5276e-04, LR: 1.000000e-04
2025-07-18 10:30:47,308 - INFO - [TRAIN] Epoch 3: Train Loss: 1.9778e-02, Val Loss: 1.5267e-03, Task: 8.3688e-03, KD: 5.6600e-03, EWC: 5.4168e-04, LR: 1.000000e-04
2025-07-18 10:32:03,693 - INFO - [TRAIN] Epoch 4: Train Loss: 1.9704e-02, Val Loss: 1.1741e-03, Task: 8.3037e-03, KD: 5.6549e-03, EWC: 5.4283e-04, LR: 1.000000e-04
2025-07-18 10:33:19,325 - INFO - [TRAIN] Epoch 5: Train Loss: 1.9584e-02, Val Loss: 1.7320e-03, Task: 8.2694e-03, KD: 5.6135e-03, EWC: 5.3662e-04, LR: 1.000000e-04
2025-07-18 10:34:35,727 - INFO - [TRAIN] Epoch 6: Train Loss: 1.9503e-02, Val Loss: 9.5928e-04, Task: 8.2314e-03, KD: 5.5932e-03, EWC: 5.3259e-04, LR: 1.000000e-04
2025-07-18 10:35:51,909 - INFO - [TRAIN] Epoch 7: Train Loss: 1.9677e-02, Val Loss: 1.2122e-03, Task: 8.2672e-03, KD: 5.6605e-03, EWC: 5.4128e-04, LR: 1.000000e-04
2025-07-18 10:37:07,219 - INFO - [TRAIN] Epoch 8: Train Loss: 1.9581e-02, Val Loss: 9.7251e-04, Task: 8.2119e-03, KD: 5.6349e-03, EWC: 5.5044e-04, LR: 1.000000e-04
2025-07-18 10:38:28,331 - INFO - [TRAIN] Epoch 9: Train Loss: 1.9612e-02, Val Loss: 1.0275e-03, Task: 8.1619e-03, KD: 5.6810e-03, EWC: 5.4302e-04, LR: 1.000000e-04
2025-07-18 10:39:43,960 - INFO - [TRAIN] Epoch 10: Train Loss: 1.9315e-02, Val Loss: 1.2540e-03, Task: 8.0181e-03, KD: 5.6005e-03, EWC: 5.4388e-04, LR: 1.000000e-04
2025-07-18 10:40:59,295 - INFO - [TRAIN] Epoch 11: Train Loss: 1.9463e-02, Val Loss: 1.5037e-03, Task: 8.0268e-03, KD: 5.6735e-03, EWC: 5.4308e-04, LR: 1.000000e-04
2025-07-18 10:42:12,974 - INFO - [TRAIN] Epoch 12: Train Loss: 1.9588e-02, Val Loss: 1.1028e-03, Task: 8.1047e-03, KD: 5.6948e-03, EWC: 5.4904e-04, LR: 5.000000e-05
2025-07-18 10:43:27,037 - INFO - [TRAIN] Epoch 13: Train Loss: 1.9061e-02, Val Loss: 9.0508e-04, Task: 7.7324e-03, KD: 5.6160e-03, EWC: 5.4587e-04, LR: 5.000000e-05
2025-07-18 10:44:41,065 - INFO - [TRAIN] Epoch 14: Train Loss: 1.9096e-02, Val Loss: 1.1933e-03, Task: 7.7105e-03, KD: 5.6473e-03, EWC: 5.4244e-04, LR: 5.000000e-05
2025-07-18 10:45:58,136 - INFO - [TRAIN] Epoch 15: Train Loss: 1.9388e-02, Val Loss: 9.8563e-04, Task: 7.8367e-03, KD: 5.7345e-03, EWC: 5.4077e-04, LR: 5.000000e-05
2025-07-18 10:47:12,156 - INFO - [TRAIN] Epoch 16: Train Loss: 1.8937e-02, Val Loss: 8.3056e-04, Task: 7.5196e-03, KD: 5.6657e-03, EWC: 5.3946e-04, LR: 5.000000e-05
2025-07-18 10:48:27,230 - INFO - [TRAIN] Epoch 17: Train Loss: 1.9017e-02, Val Loss: 1.0607e-03, Task: 7.6071e-03, KD: 5.6679e-03, EWC: 5.2767e-04, LR: 5.000000e-05
2025-07-18 10:49:42,113 - INFO - [TRAIN] Epoch 18: Train Loss: 1.8983e-02, Val Loss: 1.0089e-03, Task: 7.5437e-03, KD: 5.6818e-03, EWC: 5.3029e-04, LR: 5.000000e-05
2025-07-18 10:50:57,209 - INFO - [TRAIN] Epoch 19: Train Loss: 1.9169e-02, Val Loss: 1.0691e-03, Task: 7.6620e-03, KD: 5.7133e-03, EWC: 5.3768e-04, LR: 5.000000e-05
2025-07-18 10:52:12,589 - INFO - [TRAIN] Epoch 20: Train Loss: 1.9139e-02, Val Loss: 9.0599e-04, Task: 7.6153e-03, KD: 5.7222e-03, EWC: 5.3750e-04, LR: 5.000000e-05
2025-07-18 10:53:26,727 - INFO - [TRAIN] Epoch 21: Train Loss: 1.9039e-02, Val Loss: 1.0168e-03, Task: 7.5680e-03, KD: 5.6961e-03, EWC: 5.3479e-04, LR: 5.000000e-05
2025-07-18 10:54:40,561 - INFO - [TRAIN] Epoch 22: Train Loss: 1.8906e-02, Val Loss: 8.9203e-04, Task: 7.5331e-03, KD: 5.6484e-03, EWC: 5.2797e-04, LR: 2.500000e-05
2025-07-18 10:55:54,358 - INFO - [TRAIN] Epoch 23: Train Loss: 1.8920e-02, Val Loss: 8.3544e-04, Task: 7.5124e-03, KD: 5.6645e-03, EWC: 5.3181e-04, LR: 2.500000e-05
2025-07-18 10:57:08,271 - INFO - [TRAIN] Epoch 24: Train Loss: 1.8856e-02, Val Loss: 9.6824e-04, Task: 7.4423e-03, KD: 5.6667e-03, EWC: 5.3374e-04, LR: 2.500000e-05
2025-07-18 10:58:23,204 - INFO - [TRAIN] Epoch 25: Train Loss: 1.8887e-02, Val Loss: 8.3418e-04, Task: 7.4570e-03, KD: 5.6772e-03, EWC: 5.2986e-04, LR: 2.500000e-05
2025-07-18 10:59:37,937 - INFO - [TRAIN] Epoch 26: Train Loss: 1.9044e-02, Val Loss: 8.4260e-04, Task: 7.5162e-03, KD: 5.7291e-03, EWC: 5.2762e-04, LR: 2.500000e-05
2025-07-18 11:00:52,111 - INFO - [TRAIN] Epoch 27: Train Loss: 1.8879e-02, Val Loss: 1.0740e-03, Task: 7.4024e-03, KD: 5.7000e-03, EWC: 5.3255e-04, LR: 2.500000e-05
2025-07-18 11:02:07,555 - INFO - [TRAIN] Epoch 28: Train Loss: 1.8866e-02, Val Loss: 8.2991e-04, Task: 7.4383e-03, KD: 5.6760e-03, EWC: 5.2993e-04, LR: 2.500000e-05
2025-07-18 11:03:21,252 - INFO - [TRAIN] Epoch 29: Train Loss: 1.9036e-02, Val Loss: 8.4055e-04, Task: 7.5401e-03, KD: 5.7120e-03, EWC: 5.2926e-04, LR: 2.500000e-05
2025-07-18 11:04:34,860 - INFO - [TRAIN] Epoch 30: Train Loss: 1.8933e-02, Val Loss: 8.6768e-04, Task: 7.4632e-03, KD: 5.6969e-03, EWC: 5.3151e-04, LR: 2.500000e-05
2025-07-18 11:05:52,944 - INFO - [TRAIN] Epoch 31: Train Loss: 1.8789e-02, Val Loss: 7.7041e-04, Task: 7.3601e-03, KD: 5.6782e-03, EWC: 5.2713e-04, LR: 2.500000e-05
2025-07-18 11:07:07,263 - INFO - [TRAIN] Epoch 32: Train Loss: 1.8816e-02, Val Loss: 1.0074e-03, Task: 7.4042e-03, KD: 5.6700e-03, EWC: 5.2536e-04, LR: 2.500000e-05
2025-07-18 11:08:24,854 - INFO - [TRAIN] Epoch 33: Train Loss: 1.8887e-02, Val Loss: 1.0130e-03, Task: 7.4020e-03, KD: 5.7075e-03, EWC: 5.2620e-04, LR: 2.500000e-05
2025-07-18 11:09:42,584 - INFO - [TRAIN] Epoch 34: Train Loss: 1.8794e-02, Val Loss: 7.4189e-04, Task: 7.3387e-03, KD: 5.6912e-03, EWC: 5.2790e-04, LR: 2.500000e-05
2025-07-18 11:11:00,796 - INFO - [TRAIN] Epoch 35: Train Loss: 1.8920e-02, Val Loss: 7.5295e-04, Task: 7.4434e-03, KD: 5.7020e-03, EWC: 5.2852e-04, LR: 2.500000e-05
2025-07-18 11:12:29,311 - INFO - [TRAIN] Epoch 36: Train Loss: 1.8732e-02, Val Loss: 8.6175e-04, Task: 7.3975e-03, KD: 5.6310e-03, EWC: 5.2296e-04, LR: 2.500000e-05
2025-07-18 11:13:47,309 - INFO - [TRAIN] Epoch 37: Train Loss: 1.8973e-02, Val Loss: 8.1717e-04, Task: 7.4262e-03, KD: 5.7393e-03, EWC: 5.2755e-04, LR: 2.500000e-05
2025-07-18 11:15:08,026 - INFO - [TRAIN] Epoch 38: Train Loss: 1.8645e-02, Val Loss: 9.4227e-04, Task: 7.3056e-03, KD: 5.6334e-03, EWC: 5.2266e-04, LR: 2.500000e-05
2025-07-18 11:16:32,237 - INFO - [TRAIN] Epoch 39: Train Loss: 1.8930e-02, Val Loss: 7.8516e-04, Task: 7.4620e-03, KD: 5.7017e-03, EWC: 5.2102e-04, LR: 2.500000e-05
2025-07-18 11:17:55,964 - INFO - [TRAIN] Epoch 40: Train Loss: 1.8766e-02, Val Loss: 1.1089e-03, Task: 7.3523e-03, KD: 5.6715e-03, EWC: 5.2398e-04, LR: 1.250000e-05
2025-07-18 11:19:12,773 - INFO - [TRAIN] Epoch 41: Train Loss: 1.8771e-02, Val Loss: 8.7225e-04, Task: 7.3448e-03, KD: 5.6804e-03, EWC: 5.1998e-04, LR: 1.250000e-05
2025-07-18 11:20:27,839 - INFO - [TRAIN] Epoch 42: Train Loss: 1.8772e-02, Val Loss: 8.5127e-04, Task: 7.2995e-03, KD: 5.7031e-03, EWC: 5.2293e-04, LR: 1.250000e-05
2025-07-18 11:21:42,441 - INFO - [TRAIN] Epoch 43: Train Loss: 1.8627e-02, Val Loss: 8.7996e-04, Task: 7.3334e-03, KD: 5.6109e-03, EWC: 5.2059e-04, LR: 1.250000e-05
2025-07-18 11:22:57,471 - INFO - [TRAIN] Epoch 44: Train Loss: 1.8833e-02, Val Loss: 7.9284e-04, Task: 7.3366e-03, KD: 5.7167e-03, EWC: 5.2045e-04, LR: 1.250000e-05
2025-07-18 11:24:12,748 - INFO - [TRAIN] Epoch 45: Train Loss: 1.8606e-02, Val Loss: 8.1932e-04, Task: 7.2573e-03, KD: 5.6396e-03, EWC: 5.2107e-04, LR: 1.250000e-05
2025-07-18 11:25:27,914 - INFO - [TRAIN] Epoch 46: Train Loss: 1.8886e-02, Val Loss: 8.2723e-04, Task: 7.3415e-03, KD: 5.7423e-03, EWC: 5.1933e-04, LR: 6.250000e-06
2025-07-18 11:26:43,087 - INFO - [TRAIN] Epoch 47: Train Loss: 1.8700e-02, Val Loss: 7.6937e-04, Task: 7.2962e-03, KD: 5.6667e-03, EWC: 5.2339e-04, LR: 6.250000e-06
2025-07-18 11:27:58,367 - INFO - [TRAIN] Epoch 48: Train Loss: 1.8735e-02, Val Loss: 8.3199e-04, Task: 7.2330e-03, KD: 5.7175e-03, EWC: 5.2479e-04, LR: 6.250000e-06
2025-07-18 11:29:12,902 - INFO - [TRAIN] Epoch 49: Train Loss: 1.8792e-02, Val Loss: 8.0971e-04, Task: 7.2982e-03, KD: 5.7126e-03, EWC: 5.2513e-04, LR: 6.250000e-06
2025-07-18 11:30:27,703 - INFO - [TRAIN] Epoch 50: Train Loss: 1.8615e-02, Val Loss: 8.2305e-04, Task: 7.2488e-03, KD: 5.6477e-03, EWC: 5.2304e-04, LR: 6.250000e-06
2025-07-18 11:31:41,960 - INFO - [TRAIN] Epoch 51: Train Loss: 1.8614e-02, Val Loss: 8.2611e-04, Task: 7.2375e-03, KD: 5.6545e-03, EWC: 5.2033e-04, LR: 6.250000e-06
2025-07-18 11:32:55,989 - INFO - [TRAIN] Epoch 52: Train Loss: 1.8677e-02, Val Loss: 8.7020e-04, Task: 7.2935e-03, KD: 5.6588e-03, EWC: 5.1879e-04, LR: 3.125000e-06
2025-07-18 11:34:09,770 - INFO - [TRAIN] Epoch 53: Train Loss: 1.8701e-02, Val Loss: 7.8926e-04, Task: 7.2735e-03, KD: 5.6811e-03, EWC: 5.1971e-04, LR: 3.125000e-06
2025-07-18 11:35:23,902 - INFO - [TRAIN] Epoch 54: Train Loss: 1.8630e-02, Val Loss: 8.2650e-04, Task: 7.1960e-03, KD: 5.6841e-03, EWC: 5.2006e-04, LR: 3.125000e-06
2025-07-18 11:35:23,905 - INFO - [TRAIN] Early stopping at epoch 54
2025-07-18 11:35:26,246 - INFO -     (EWC) Consolidate with λ = 141.3594
2025-07-18 11:36:13,229 - INFO -     (POST) MAE after training = 4.1087e-02
2025-07-18 11:36:16,224 - INFO -         (BWT) task0  current 2.7445e-02  init 3.9038e-02  Δ=-1.1592e-02
2025-07-18 11:36:29,802 - INFO -     (SUMMARY) R²_full 0.2737 | ACC 3.4266e-02 | BWT -1.1592e-02 | FWT 8.2219e-01
2025-07-18 11:36:29,894 - INFO - 
============================================================
[TASK] task2  phase=update2  id=2
------------------------------------------------------------
2025-07-18 11:36:31,254 - INFO -     (PRE) MAE before training = 1.3290e-01
2025-07-18 11:37:23,517 - INFO - [TRAIN] Epoch 0: Train Loss: 1.6171e-02, Val Loss: 7.2665e-03, Task: 1.1917e-02, KD: 6.9233e-03, EWC: 3.0731e-04, LR: 1.000000e-04
2025-07-18 11:38:16,016 - INFO - [TRAIN] Epoch 1: Train Loss: 1.4020e-02, Val Loss: 4.7277e-03, Task: 9.1401e-03, KD: 8.1421e-03, EWC: 2.3922e-04, LR: 1.000000e-04
2025-07-18 11:39:08,372 - INFO - [TRAIN] Epoch 2: Train Loss: 1.3801e-02, Val Loss: 6.0001e-03, Task: 8.7355e-03, KD: 8.4607e-03, EWC: 2.4335e-04, LR: 1.000000e-04
2025-07-18 11:40:02,379 - INFO - [TRAIN] Epoch 3: Train Loss: 1.3413e-02, Val Loss: 4.7126e-03, Task: 8.2592e-03, KD: 8.6108e-03, EWC: 2.4615e-04, LR: 1.000000e-04
2025-07-18 11:40:55,393 - INFO - [TRAIN] Epoch 4: Train Loss: 1.3152e-02, Val Loss: 4.1282e-03, Task: 7.9575e-03, KD: 8.6813e-03, EWC: 2.4629e-04, LR: 1.000000e-04
2025-07-18 11:41:49,006 - INFO - [TRAIN] Epoch 5: Train Loss: 1.2993e-02, Val Loss: 4.5833e-03, Task: 7.7094e-03, KD: 8.8298e-03, EWC: 2.5072e-04, LR: 1.000000e-04
2025-07-18 11:42:41,947 - INFO - [TRAIN] Epoch 6: Train Loss: 1.2929e-02, Val Loss: 3.7685e-03, Task: 7.5837e-03, KD: 8.9199e-03, EWC: 2.6108e-04, LR: 1.000000e-04
2025-07-18 11:43:35,470 - INFO - [TRAIN] Epoch 7: Train Loss: 1.2734e-02, Val Loss: 3.1182e-03, Task: 7.3847e-03, KD: 8.9198e-03, EWC: 2.6502e-04, LR: 1.000000e-04
2025-07-18 11:44:28,868 - INFO - [TRAIN] Epoch 8: Train Loss: 1.2635e-02, Val Loss: 2.9134e-03, Task: 7.2298e-03, KD: 9.0103e-03, EWC: 2.6894e-04, LR: 1.000000e-04
2025-07-18 11:45:22,353 - INFO - [TRAIN] Epoch 9: Train Loss: 1.2501e-02, Val Loss: 2.8966e-03, Task: 7.0691e-03, KD: 9.0663e-03, EWC: 2.6434e-04, LR: 1.000000e-04
2025-07-18 11:46:15,015 - INFO - [TRAIN] Epoch 10: Train Loss: 1.2556e-02, Val Loss: 3.3485e-03, Task: 7.0520e-03, KD: 9.1829e-03, EWC: 2.6928e-04, LR: 1.000000e-04
2025-07-18 11:47:09,264 - INFO - [TRAIN] Epoch 11: Train Loss: 1.2327e-02, Val Loss: 2.8241e-03, Task: 6.8813e-03, KD: 9.0914e-03, EWC: 2.6396e-04, LR: 1.000000e-04
2025-07-18 11:48:01,940 - INFO - [TRAIN] Epoch 12: Train Loss: 1.2680e-02, Val Loss: 3.0493e-03, Task: 7.1193e-03, KD: 9.2866e-03, EWC: 2.6730e-04, LR: 1.000000e-04
2025-07-18 11:48:54,136 - INFO - [TRAIN] Epoch 13: Train Loss: 1.2356e-02, Val Loss: 3.6133e-03, Task: 6.8784e-03, KD: 9.1426e-03, EWC: 2.6653e-04, LR: 1.000000e-04
2025-07-18 11:49:48,201 - INFO - [TRAIN] Epoch 14: Train Loss: 1.2392e-02, Val Loss: 2.8173e-03, Task: 6.8942e-03, KD: 9.1807e-03, EWC: 2.6517e-04, LR: 1.000000e-04
2025-07-18 11:50:40,121 - INFO - [TRAIN] Epoch 15: Train Loss: 1.2383e-02, Val Loss: 2.3347e-03, Task: 6.8555e-03, KD: 9.2290e-03, EWC: 2.6665e-04, LR: 1.000000e-04
2025-07-18 11:51:31,883 - INFO - [TRAIN] Epoch 16: Train Loss: 1.2220e-02, Val Loss: 3.9144e-03, Task: 6.7301e-03, KD: 9.1704e-03, EWC: 2.6284e-04, LR: 1.000000e-04
2025-07-18 11:52:23,903 - INFO - [TRAIN] Epoch 17: Train Loss: 1.2393e-02, Val Loss: 3.1246e-03, Task: 6.8427e-03, KD: 9.2695e-03, EWC: 2.6681e-04, LR: 1.000000e-04
2025-07-18 11:53:15,731 - INFO - [TRAIN] Epoch 18: Train Loss: 1.2413e-02, Val Loss: 3.0426e-03, Task: 6.8574e-03, KD: 9.2728e-03, EWC: 2.6986e-04, LR: 1.000000e-04
2025-07-18 11:54:07,450 - INFO - [TRAIN] Epoch 19: Train Loss: 1.2148e-02, Val Loss: 2.8337e-03, Task: 6.6579e-03, KD: 9.1686e-03, EWC: 2.6419e-04, LR: 1.000000e-04
2025-07-18 11:54:59,031 - INFO - [TRAIN] Epoch 20: Train Loss: 1.2337e-02, Val Loss: 2.9713e-03, Task: 6.7718e-03, KD: 9.2942e-03, EWC: 2.6712e-04, LR: 1.000000e-04
2025-07-18 11:55:50,852 - INFO - [TRAIN] Epoch 21: Train Loss: 1.2127e-02, Val Loss: 2.6093e-03, Task: 6.6237e-03, KD: 9.1913e-03, EWC: 2.6419e-04, LR: 5.000000e-05
2025-07-18 11:56:42,893 - INFO - [TRAIN] Epoch 22: Train Loss: 1.2160e-02, Val Loss: 2.6894e-03, Task: 6.6019e-03, KD: 9.2907e-03, EWC: 2.6228e-04, LR: 5.000000e-05
2025-07-18 11:57:34,871 - INFO - [TRAIN] Epoch 23: Train Loss: 1.1981e-02, Val Loss: 2.7492e-03, Task: 6.4801e-03, KD: 9.1953e-03, EWC: 2.5964e-04, LR: 5.000000e-05
2025-07-18 11:58:26,591 - INFO - [TRAIN] Epoch 24: Train Loss: 1.2101e-02, Val Loss: 3.5414e-03, Task: 6.5657e-03, KD: 9.2546e-03, EWC: 2.5986e-04, LR: 5.000000e-05
2025-07-18 11:59:18,510 - INFO - [TRAIN] Epoch 25: Train Loss: 1.2088e-02, Val Loss: 2.8201e-03, Task: 6.5606e-03, KD: 9.2433e-03, EWC: 2.5912e-04, LR: 5.000000e-05
2025-07-18 12:00:10,687 - INFO - [TRAIN] Epoch 26: Train Loss: 1.2110e-02, Val Loss: 3.2892e-03, Task: 6.5506e-03, KD: 9.3017e-03, EWC: 2.5749e-04, LR: 5.000000e-05
2025-07-18 12:01:02,639 - INFO - [TRAIN] Epoch 27: Train Loss: 1.2078e-02, Val Loss: 2.6128e-03, Task: 6.5349e-03, KD: 9.2702e-03, EWC: 2.5900e-04, LR: 2.500000e-05
2025-07-18 12:01:54,794 - INFO - [TRAIN] Epoch 28: Train Loss: 1.1995e-02, Val Loss: 2.6494e-03, Task: 6.4579e-03, KD: 9.2640e-03, EWC: 2.5708e-04, LR: 2.500000e-05
2025-07-18 12:02:46,686 - INFO - [TRAIN] Epoch 29: Train Loss: 1.1990e-02, Val Loss: 2.9795e-03, Task: 6.4541e-03, KD: 9.2661e-03, EWC: 2.5467e-04, LR: 2.500000e-05
2025-07-18 12:03:38,772 - INFO - [TRAIN] Epoch 30: Train Loss: 1.2006e-02, Val Loss: 2.5919e-03, Task: 6.4651e-03, KD: 9.2739e-03, EWC: 2.5468e-04, LR: 2.500000e-05
2025-07-18 12:04:30,439 - INFO - [TRAIN] Epoch 31: Train Loss: 1.1955e-02, Val Loss: 3.2523e-03, Task: 6.4117e-03, KD: 9.2783e-03, EWC: 2.5466e-04, LR: 2.500000e-05
2025-07-18 12:05:22,204 - INFO - [TRAIN] Epoch 32: Train Loss: 1.1943e-02, Val Loss: 2.7552e-03, Task: 6.4161e-03, KD: 9.2528e-03, EWC: 2.5265e-04, LR: 2.500000e-05
2025-07-18 12:06:13,894 - INFO - [TRAIN] Epoch 33: Train Loss: 1.1930e-02, Val Loss: 3.2461e-03, Task: 6.4194e-03, KD: 9.2269e-03, EWC: 2.5132e-04, LR: 1.250000e-05
2025-07-18 12:07:05,627 - INFO - [TRAIN] Epoch 34: Train Loss: 1.1971e-02, Val Loss: 2.9232e-03, Task: 6.4318e-03, KD: 9.2779e-03, EWC: 2.5104e-04, LR: 1.250000e-05
2025-07-18 12:07:58,506 - INFO - [TRAIN] Epoch 35: Train Loss: 1.1947e-02, Val Loss: 2.7396e-03, Task: 6.4196e-03, KD: 9.2564e-03, EWC: 2.5160e-04, LR: 1.250000e-05
2025-07-18 12:07:58,510 - INFO - [TRAIN] Early stopping at epoch 35
2025-07-18 12:08:00,746 - INFO -     (EWC) Consolidate with λ = 1000.0000
2025-07-18 12:08:35,115 - INFO -     (POST) MAE after training = 1.8274e-01
2025-07-18 12:08:38,128 - INFO -         (BWT) task0  current 2.1979e-02  init 3.9038e-02  Δ=-1.7059e-02
2025-07-18 12:08:39,746 - INFO -         (BWT) task1  current 8.3451e-02  init 4.1087e-02  Δ=4.2364e-02
2025-07-18 12:08:54,332 - INFO -     (SUMMARY) R²_full -0.4103 | ACC 9.6056e-02 | BWT 1.2653e-02 | FWT 6.3325e-01
