2025-07-23 15:44:25,824 - ==== Incremental Training Phase ====
2025-07-23 15:46:11,490 - Incremental training - Task 0 Train IDs: ['03', '05', '07', '27'], size: 92079
2025-07-23 15:46:11,491 - Incremental training - Task 0 Val IDs: ['01'], size: 28612
2025-07-23 15:46:11,493 - Incremental training - Task 1 Train IDs: ['21', '23', '25'], size: 65674
2025-07-23 15:46:11,494 - Incremental training - Task 1 Val IDs: ['19'], size: 23120
2025-07-23 15:46:11,495 - Incremental training - Task 2 Train IDs: ['09', '11', '15', '29'], size: 47891
2025-07-23 15:46:11,496 - Incremental training - Task 2 Val IDs: ['13'], size: 6445
2025-07-23 15:46:11,498 - Incremental training - Test ID: 17, size: 22872
2025-07-23 15:46:11,499 - Incremental training - Test Task 0 size: 11139
2025-07-23 15:46:11,501 - Incremental training - Test Task 1 size: 6312
2025-07-23 15:46:11,502 - Incremental training - Test Task 2 size: 5421
2025-07-23 15:46:11,518 -   (Scaler) Scaler centers: [ 3.31975183  0.         27.55116667]
2025-07-23 15:46:11,531 -   (Scaler) Scaler scales: [0.20016217 1.86108033 1.05333333]
2025-07-23 15:46:13,505 - ==== Training task task0 ====
2025-07-23 15:46:13,507 - Applying LWF alpha: 0.0000
2025-07-23 15:50:21,923 - Epoch 000 | task 3.8185e-02 | kd 0.0000e+00 | ewc 0.0000e+00 | val 3.9701e-04 | lr 1.00e-04 | 97.06s
2025-07-23 15:51:57,435 - Epoch 001 | task 7.2809e-03 | kd 0.0000e+00 | ewc 0.0000e+00 | val 1.2390e-03 | lr 1.00e-04 | 95.46s
2025-07-23 15:53:33,749 - Epoch 002 | task 5.3336e-03 | kd 0.0000e+00 | ewc 0.0000e+00 | val 4.1007e-04 | lr 1.00e-04 | 96.29s
2025-07-23 15:55:08,988 - Epoch 003 | task 4.3114e-03 | kd 0.0000e+00 | ewc 0.0000e+00 | val 5.2683e-04 | lr 1.00e-04 | 95.21s
2025-07-23 15:56:44,782 - Epoch 004 | task 3.4078e-03 | kd 0.0000e+00 | ewc 0.0000e+00 | val 4.0077e-04 | lr 1.00e-04 | 95.76s
2025-07-23 15:58:21,006 - Epoch 005 | task 2.6546e-03 | kd 0.0000e+00 | ewc 0.0000e+00 | val 4.2909e-04 | lr 1.00e-04 | 96.18s
2025-07-23 15:59:55,047 - Epoch 006 | task 2.0628e-03 | kd 0.0000e+00 | ewc 0.0000e+00 | val 4.1929e-04 | lr 5.00e-05 | 94.00s
2025-07-23 16:01:28,431 - Epoch 007 | task 1.6437e-03 | kd 0.0000e+00 | ewc 0.0000e+00 | val 4.1027e-04 | lr 5.00e-05 | 93.35s
2025-07-23 16:02:59,507 - Epoch 008 | task 1.3989e-03 | kd 0.0000e+00 | ewc 0.0000e+00 | val 4.0465e-04 | lr 5.00e-05 | 91.05s
2025-07-23 16:04:30,467 - Epoch 009 | task 1.1847e-03 | kd 0.0000e+00 | ewc 0.0000e+00 | val 5.2821e-04 | lr 5.00e-05 | 90.94s
2025-07-23 16:06:05,068 - Epoch 010 | task 1.0242e-03 | kd 0.0000e+00 | ewc 0.0000e+00 | val 4.1433e-04 | lr 5.00e-05 | 94.56s
2025-07-23 16:07:39,624 - Epoch 011 | task 8.8463e-04 | kd 0.0000e+00 | ewc 0.0000e+00 | val 4.8046e-04 | lr 5.00e-05 | 94.54s
2025-07-23 16:09:14,419 - Epoch 012 | task 7.6670e-04 | kd 0.0000e+00 | ewc 0.0000e+00 | val 4.4364e-04 | lr 2.50e-05 | 94.75s
2025-07-23 16:10:48,442 - Epoch 013 | task 6.8916e-04 | kd 0.0000e+00 | ewc 0.0000e+00 | val 4.5429e-04 | lr 2.50e-05 | 93.98s
2025-07-23 16:12:21,369 - Epoch 014 | task 6.5441e-04 | kd 0.0000e+00 | ewc 0.0000e+00 | val 4.0813e-04 | lr 2.50e-05 | 92.90s
2025-07-23 16:13:53,777 - Epoch 015 | task 6.1887e-04 | kd 0.0000e+00 | ewc 0.0000e+00 | val 4.5552e-04 | lr 2.50e-05 | 92.39s
2025-07-23 16:15:28,888 - Epoch 016 | task 5.8771e-04 | kd 0.0000e+00 | ewc 0.0000e+00 | val 4.4893e-04 | lr 2.50e-05 | 95.07s
2025-07-23 16:17:13,318 - Epoch 017 | task 5.6182e-04 | kd 0.0000e+00 | ewc 0.0000e+00 | val 4.4863e-04 | lr 2.50e-05 | 104.40s
2025-07-23 16:18:59,339 - Epoch 018 | task 5.3662e-04 | kd 0.0000e+00 | ewc 0.0000e+00 | val 4.3634e-04 | lr 1.25e-05 | 106.00s
2025-07-23 16:20:53,190 - Epoch 019 | task 5.0902e-04 | kd 0.0000e+00 | ewc 0.0000e+00 | val 4.3794e-04 | lr 1.25e-05 | 113.81s
2025-07-23 16:22:44,304 - Epoch 020 | task 4.9672e-04 | kd 0.0000e+00 | ewc 0.0000e+00 | val 3.9440e-04 | lr 1.25e-05 | 111.08s
2025-07-23 16:24:23,445 - Epoch 021 | task 4.8163e-04 | kd 0.0000e+00 | ewc 0.0000e+00 | val 3.8731e-04 | lr 1.25e-05 | 99.01s
2025-07-23 16:25:57,803 - Epoch 022 | task 4.6823e-04 | kd 0.0000e+00 | ewc 0.0000e+00 | val 4.1554e-04 | lr 1.25e-05 | 94.26s
2025-07-23 16:27:29,633 - Epoch 023 | task 4.0172e-04 | kd 0.0000e+00 | ewc 0.0000e+00 | val 1.0952e-03 | lr 1.25e-05 | 91.79s
2025-07-23 16:29:06,564 - Epoch 024 | task 3.2500e-04 | kd 0.0000e+00 | ewc 0.0000e+00 | val 6.6763e-04 | lr 1.25e-05 | 96.93s
2025-07-23 16:30:47,913 - Epoch 025 | task 2.9481e-04 | kd 0.0000e+00 | ewc 0.0000e+00 | val 6.9162e-04 | lr 1.25e-05 | 101.29s
2025-07-23 16:32:33,035 - Epoch 026 | task 2.7917e-04 | kd 0.0000e+00 | ewc 0.0000e+00 | val 6.5801e-04 | lr 1.25e-05 | 105.10s
2025-07-23 16:34:23,315 - Epoch 027 | task 2.6036e-04 | kd 0.0000e+00 | ewc 0.0000e+00 | val 5.1247e-04 | lr 6.25e-06 | 110.23s
2025-07-23 16:36:12,030 - Epoch 028 | task 2.3755e-04 | kd 0.0000e+00 | ewc 0.0000e+00 | val 4.9484e-04 | lr 6.25e-06 | 108.61s
2025-07-23 16:37:55,437 - Epoch 029 | task 2.2858e-04 | kd 0.0000e+00 | ewc 0.0000e+00 | val 4.9019e-04 | lr 6.25e-06 | 103.37s
2025-07-23 16:39:26,700 - Epoch 030 | task 2.1826e-04 | kd 0.0000e+00 | ewc 0.0000e+00 | val 4.7769e-04 | lr 6.25e-06 | 91.22s
2025-07-23 16:41:13,390 - Epoch 031 | task 2.1277e-04 | kd 0.0000e+00 | ewc 0.0000e+00 | val 4.6255e-04 | lr 6.25e-06 | 106.66s
2025-07-23 16:42:52,508 - Epoch 032 | task 2.0780e-04 | kd 0.0000e+00 | ewc 0.0000e+00 | val 5.2453e-04 | lr 6.25e-06 | 99.08s
2025-07-23 16:44:26,088 - Epoch 033 | task 2.0206e-04 | kd 0.0000e+00 | ewc 0.0000e+00 | val 6.0088e-04 | lr 3.13e-06 | 93.54s
2025-07-23 16:45:59,464 - Epoch 034 | task 1.9538e-04 | kd 0.0000e+00 | ewc 0.0000e+00 | val 5.9399e-04 | lr 3.13e-06 | 93.33s
2025-07-23 16:47:32,581 - Epoch 035 | task 1.9295e-04 | kd 0.0000e+00 | ewc 0.0000e+00 | val 5.4762e-04 | lr 3.13e-06 | 93.08s
2025-07-23 16:49:03,510 - Epoch 036 | task 1.9009e-04 | kd 0.0000e+00 | ewc 0.0000e+00 | val 6.5012e-04 | lr 3.13e-06 | 90.92s
2025-07-23 16:50:34,609 - Epoch 037 | task 1.8772e-04 | kd 0.0000e+00 | ewc 0.0000e+00 | val 6.8606e-04 | lr 3.13e-06 | 91.08s
2025-07-23 16:52:05,275 - Epoch 038 | task 1.8481e-04 | kd 0.0000e+00 | ewc 0.0000e+00 | val 6.5710e-04 | lr 3.13e-06 | 90.63s
2025-07-23 16:53:35,534 - Epoch 039 | task 1.8222e-04 | kd 0.0000e+00 | ewc 0.0000e+00 | val 6.4095e-04 | lr 1.56e-06 | 90.22s
2025-07-23 16:55:06,454 - Epoch 040 | task 1.7913e-04 | kd 0.0000e+00 | ewc 0.0000e+00 | val 6.6573e-04 | lr 1.56e-06 | 90.91s
2025-07-23 16:56:37,606 - Epoch 041 | task 1.7879e-04 | kd 0.0000e+00 | ewc 0.0000e+00 | val 6.4861e-04 | lr 1.56e-06 | 90.78s
2025-07-23 16:56:37,637 - Early stopping at epoch 42
2025-07-23 16:56:45,321 - Consolidate lambda: 215.9545
2025-07-23 16:57:49,175 - ==== Training task task0 completed ====
2025-07-23 16:57:49,177 - ==== Training task task1 ====
2025-07-23 16:57:49,178 - Applying LWF alpha: 1.5968
2025-07-23 16:59:13,110 - Epoch 000 | task 3.6210e-03 | kd 4.1822e-04 | ewc 1.2782e-06 | val 1.2218e-03 | lr 1.00e-04 | 83.79s
2025-07-23 17:00:38,137 - Epoch 001 | task 2.9322e-03 | kd 5.9033e-04 | ewc 9.7892e-07 | val 6.5544e-04 | lr 1.00e-04 | 84.95s
2025-07-23 17:02:03,619 - Epoch 002 | task 2.4909e-03 | kd 7.2285e-04 | ewc 1.1102e-06 | val 9.1409e-04 | lr 1.00e-04 | 85.42s
2025-07-23 17:03:29,329 - Epoch 003 | task 2.4004e-03 | kd 7.5005e-04 | ewc 3.3205e-06 | val 7.2723e-04 | lr 1.00e-04 | 85.66s
2025-07-23 17:04:55,210 - Epoch 004 | task 2.3912e-03 | kd 7.3443e-04 | ewc 5.4269e-06 | val 7.5378e-04 | lr 1.00e-04 | 85.77s
2025-07-23 17:06:20,558 - Epoch 005 | task 2.3280e-03 | kd 7.4453e-04 | ewc 6.2479e-06 | val 9.6089e-04 | lr 1.00e-04 | 85.30s
2025-07-23 17:07:46,251 - Epoch 006 | task 2.2667e-03 | kd 7.4502e-04 | ewc 6.9320e-06 | val 1.0447e-03 | lr 1.00e-04 | 85.65s
2025-07-23 17:09:10,550 - Epoch 007 | task 2.2745e-03 | kd 7.4158e-04 | ewc 6.8828e-06 | val 9.8003e-04 | lr 5.00e-05 | 84.27s
2025-07-23 17:10:42,528 - Epoch 008 | task 2.1923e-03 | kd 7.4199e-04 | ewc 5.6630e-06 | val 1.1303e-03 | lr 5.00e-05 | 91.94s
2025-07-23 17:12:10,012 - Epoch 009 | task 2.1638e-03 | kd 7.4783e-04 | ewc 6.5272e-06 | val 1.2924e-03 | lr 5.00e-05 | 87.44s
2025-07-23 17:13:37,484 - Epoch 010 | task 2.1517e-03 | kd 7.4929e-04 | ewc 7.4993e-06 | val 1.2644e-03 | lr 5.00e-05 | 87.43s
2025-07-23 17:15:05,584 - Epoch 011 | task 2.1365e-03 | kd 7.5236e-04 | ewc 7.7183e-06 | val 1.4617e-03 | lr 5.00e-05 | 88.04s
2025-07-23 17:16:33,537 - Epoch 012 | task 2.1333e-03 | kd 7.4972e-04 | ewc 8.0771e-06 | val 1.2883e-03 | lr 5.00e-05 | 87.90s
2025-07-23 17:18:01,319 - Epoch 013 | task 2.1352e-03 | kd 7.5122e-04 | ewc 8.5574e-06 | val 1.2453e-03 | lr 2.50e-05 | 87.74s
2025-07-23 17:19:28,764 - Epoch 014 | task 2.1037e-03 | kd 7.4747e-04 | ewc 8.8429e-06 | val 1.1956e-03 | lr 2.50e-05 | 87.40s
2025-07-23 17:20:54,338 - Epoch 015 | task 2.0974e-03 | kd 7.4979e-04 | ewc 8.7119e-06 | val 1.3620e-03 | lr 2.50e-05 | 85.54s
2025-07-23 17:22:19,141 - Epoch 016 | task 2.0876e-03 | kd 7.5236e-04 | ewc 8.7909e-06 | val 1.3383e-03 | lr 2.50e-05 | 84.77s
2025-07-23 17:23:44,914 - Epoch 017 | task 2.0851e-03 | kd 7.5242e-04 | ewc 8.8552e-06 | val 1.3093e-03 | lr 2.50e-05 | 85.74s
2025-07-23 17:25:11,474 - Epoch 018 | task 2.0817e-03 | kd 7.5273e-04 | ewc 8.9655e-06 | val 1.3009e-03 | lr 2.50e-05 | 86.53s
2025-07-23 17:26:39,198 - Epoch 019 | task 2.0764e-03 | kd 7.5517e-04 | ewc 9.2085e-06 | val 1.3331e-03 | lr 1.25e-05 | 87.69s
2025-07-23 17:28:08,412 - Epoch 020 | task 2.0665e-03 | kd 7.5255e-04 | ewc 9.3555e-06 | val 1.3562e-03 | lr 1.25e-05 | 89.18s
2025-07-23 17:29:33,616 - Epoch 021 | task 2.0630e-03 | kd 7.5280e-04 | ewc 9.3633e-06 | val 1.4141e-03 | lr 1.25e-05 | 85.17s
2025-07-23 17:29:33,628 - Early stopping at epoch 22
2025-07-23 17:29:37,047 - Consolidate lambda: 588.6713
2025-07-23 17:30:23,066 - ==== Training task task1 completed ====
2025-07-23 17:30:23,085 - ==== Training task task2 ====
2025-07-23 17:30:23,086 - Applying LWF alpha: 0.7225
2025-07-23 17:31:22,500 - Epoch 000 | task 4.3078e-03 | kd 2.7459e-03 | ewc 1.7526e-05 | val 5.5186e-03 | lr 1.00e-04 | 59.25s
2025-07-23 17:32:21,818 - Epoch 001 | task 3.2527e-03 | kd 3.2083e-03 | ewc 1.8227e-05 | val 4.7421e-03 | lr 1.00e-04 | 59.25s
2025-07-23 17:33:22,563 - Epoch 002 | task 3.0661e-03 | kd 3.2774e-03 | ewc 1.9145e-05 | val 3.7849e-03 | lr 1.00e-04 | 60.68s
2025-07-23 17:34:26,074 - Epoch 003 | task 2.9530e-03 | kd 3.3126e-03 | ewc 2.0085e-05 | val 3.4293e-03 | lr 1.00e-04 | 63.34s
2025-07-23 17:35:31,519 - Epoch 004 | task 2.9131e-03 | kd 3.3215e-03 | ewc 2.1748e-05 | val 3.6585e-03 | lr 1.00e-04 | 65.36s
2025-07-23 17:36:39,085 - Epoch 005 | task 2.9150e-03 | kd 3.3314e-03 | ewc 2.3358e-05 | val 4.6076e-03 | lr 1.00e-04 | 67.52s
2025-07-23 17:38:08,922 - Epoch 006 | task 2.8957e-03 | kd 3.3330e-03 | ewc 2.5142e-05 | val 4.1317e-03 | lr 1.00e-04 | 89.78s
2025-07-23 17:39:54,683 - Epoch 007 | task 2.7668e-03 | kd 3.3657e-03 | ewc 2.6341e-05 | val 4.2629e-03 | lr 1.00e-04 | 105.68s
2025-07-23 17:41:15,973 - Epoch 008 | task 2.6941e-03 | kd 3.3942e-03 | ewc 2.7697e-05 | val 4.0299e-03 | lr 1.00e-04 | 81.22s
2025-07-23 17:42:35,762 - Epoch 009 | task 2.7001e-03 | kd 3.3991e-03 | ewc 2.9154e-05 | val 3.6993e-03 | lr 5.00e-05 | 79.73s
2025-07-23 17:43:55,347 - Epoch 010 | task 2.5639e-03 | kd 3.4295e-03 | ewc 2.9680e-05 | val 3.1322e-03 | lr 5.00e-05 | 79.51s
2025-07-23 17:45:14,880 - Epoch 011 | task 2.5317e-03 | kd 3.4512e-03 | ewc 2.9981e-05 | val 3.1444e-03 | lr 5.00e-05 | 79.39s
2025-07-23 17:46:47,909 - Epoch 012 | task 2.5138e-03 | kd 3.4544e-03 | ewc 3.0264e-05 | val 3.7587e-03 | lr 5.00e-05 | 92.98s
2025-07-23 17:48:41,839 - Epoch 013 | task 2.4877e-03 | kd 3.4656e-03 | ewc 3.0675e-05 | val 3.2622e-03 | lr 5.00e-05 | 112.17s
2025-07-23 17:50:34,647 - Epoch 014 | task 2.5161e-03 | kd 3.4576e-03 | ewc 3.1001e-05 | val 3.6799e-03 | lr 5.00e-05 | 112.73s
2025-07-23 17:52:20,147 - Epoch 015 | task 2.4742e-03 | kd 3.4751e-03 | ewc 3.1327e-05 | val 3.2617e-03 | lr 5.00e-05 | 105.41s
2025-07-23 17:54:04,223 - Epoch 016 | task 2.4626e-03 | kd 3.4782e-03 | ewc 3.1729e-05 | val 3.2094e-03 | lr 2.50e-05 | 103.99s
2025-07-23 17:55:27,367 - Epoch 017 | task 2.4132e-03 | kd 3.4914e-03 | ewc 3.2010e-05 | val 2.8397e-03 | lr 2.50e-05 | 83.07s
2025-07-23 17:56:46,356 - Epoch 018 | task 2.3881e-03 | kd 3.4996e-03 | ewc 3.1951e-05 | val 2.9871e-03 | lr 2.50e-05 | 78.83s
2025-07-23 17:58:30,096 - Epoch 019 | task 2.3903e-03 | kd 3.5038e-03 | ewc 3.2045e-05 | val 3.0752e-03 | lr 2.50e-05 | 103.69s
2025-07-23 18:00:20,755 - Epoch 020 | task 2.3632e-03 | kd 3.5073e-03 | ewc 3.2093e-05 | val 2.9994e-03 | lr 2.50e-05 | 110.56s
2025-07-23 18:02:12,049 - Epoch 021 | task 2.3622e-03 | kd 3.5078e-03 | ewc 3.2210e-05 | val 2.9998e-03 | lr 2.50e-05 | 111.22s
2025-07-23 18:04:05,104 - Epoch 022 | task 2.3550e-03 | kd 3.5173e-03 | ewc 3.2337e-05 | val 2.6180e-03 | lr 2.50e-05 | 112.97s
2025-07-23 18:05:58,227 - Epoch 023 | task 2.3454e-03 | kd 3.5173e-03 | ewc 3.2278e-05 | val 2.6873e-03 | lr 2.50e-05 | 112.79s
2025-07-23 18:07:48,937 - Epoch 024 | task 2.3468e-03 | kd 3.5123e-03 | ewc 3.2315e-05 | val 2.8009e-03 | lr 2.50e-05 | 110.64s
2025-07-23 18:09:41,155 - Epoch 025 | task 2.3454e-03 | kd 3.5116e-03 | ewc 3.2312e-05 | val 2.5151e-03 | lr 2.50e-05 | 112.13s
2025-07-23 18:11:34,045 - Epoch 026 | task 2.3300e-03 | kd 3.5261e-03 | ewc 3.2416e-05 | val 3.0257e-03 | lr 2.50e-05 | 112.56s
2025-07-23 18:13:26,342 - Epoch 027 | task 2.3390e-03 | kd 3.5179e-03 | ewc 3.2454e-05 | val 2.8903e-03 | lr 2.50e-05 | 112.17s
2025-07-23 18:15:18,594 - Epoch 028 | task 2.3195e-03 | kd 3.5263e-03 | ewc 3.2461e-05 | val 2.7378e-03 | lr 2.50e-05 | 112.16s
2025-07-23 18:17:07,027 - Epoch 029 | task 2.3187e-03 | kd 3.5226e-03 | ewc 3.2346e-05 | val 2.3361e-03 | lr 2.50e-05 | 108.35s
2025-07-23 18:18:49,545 - Epoch 030 | task 2.3148e-03 | kd 3.5336e-03 | ewc 3.2393e-05 | val 2.4665e-03 | lr 2.50e-05 | 102.27s
2025-07-23 18:20:30,699 - Epoch 031 | task 2.3082e-03 | kd 3.5289e-03 | ewc 3.2342e-05 | val 2.8321e-03 | lr 2.50e-05 | 101.09s
2025-07-23 18:22:07,768 - Epoch 032 | task 2.3134e-03 | kd 3.5247e-03 | ewc 3.2384e-05 | val 3.0685e-03 | lr 2.50e-05 | 96.98s
2025-07-23 18:23:50,272 - Epoch 033 | task 2.3113e-03 | kd 3.5315e-03 | ewc 3.2397e-05 | val 2.7481e-03 | lr 2.50e-05 | 102.43s
2025-07-23 18:25:28,925 - Epoch 034 | task 2.2946e-03 | kd 3.5351e-03 | ewc 3.2477e-05 | val 3.2188e-03 | lr 2.50e-05 | 98.59s
2025-07-23 18:26:41,638 - Epoch 035 | task 2.3164e-03 | kd 3.5225e-03 | ewc 3.2527e-05 | val 2.3150e-03 | lr 2.50e-05 | 72.66s
2025-07-23 18:27:57,230 - Epoch 036 | task 2.2820e-03 | kd 3.5400e-03 | ewc 3.2465e-05 | val 2.9348e-03 | lr 2.50e-05 | 72.85s
2025-07-23 18:29:10,634 - Epoch 037 | task 2.2832e-03 | kd 3.5377e-03 | ewc 3.2466e-05 | val 2.6726e-03 | lr 2.50e-05 | 73.34s
2025-07-23 18:30:21,713 - Epoch 038 | task 2.2748e-03 | kd 3.5424e-03 | ewc 3.2482e-05 | val 2.7447e-03 | lr 2.50e-05 | 71.02s
2025-07-23 18:31:41,872 - Epoch 039 | task 2.2734e-03 | kd 3.5463e-03 | ewc 3.2408e-05 | val 2.7820e-03 | lr 2.50e-05 | 80.05s
2025-07-23 18:32:57,107 - Epoch 040 | task 2.2679e-03 | kd 3.5430e-03 | ewc 3.2409e-05 | val 2.9128e-03 | lr 2.50e-05 | 75.15s
2025-07-23 18:34:06,031 - Epoch 041 | task 2.2610e-03 | kd 3.5517e-03 | ewc 3.2469e-05 | val 2.7557e-03 | lr 1.25e-05 | 68.88s
2025-07-23 18:35:17,436 - Epoch 042 | task 2.2446e-03 | kd 3.5519e-03 | ewc 3.2378e-05 | val 2.8345e-03 | lr 1.25e-05 | 71.36s
2025-07-23 18:36:32,203 - Epoch 043 | task 2.2431e-03 | kd 3.5480e-03 | ewc 3.2393e-05 | val 2.7626e-03 | lr 1.25e-05 | 74.71s
2025-07-23 18:37:43,889 - Epoch 044 | task 2.2382e-03 | kd 3.5494e-03 | ewc 3.2343e-05 | val 2.6600e-03 | lr 1.25e-05 | 71.64s
2025-07-23 18:38:48,021 - Epoch 045 | task 2.2304e-03 | kd 3.5558e-03 | ewc 3.2295e-05 | val 2.8789e-03 | lr 1.25e-05 | 64.09s
2025-07-23 18:39:47,092 - Epoch 046 | task 2.2257e-03 | kd 3.5584e-03 | ewc 3.2220e-05 | val 2.9222e-03 | lr 1.25e-05 | 59.02s
2025-07-23 18:40:46,121 - Epoch 047 | task 2.2361e-03 | kd 3.5533e-03 | ewc 3.2115e-05 | val 3.1300e-03 | lr 6.25e-06 | 58.99s
2025-07-23 18:41:45,178 - Epoch 048 | task 2.2116e-03 | kd 3.5610e-03 | ewc 3.2057e-05 | val 2.8574e-03 | lr 6.25e-06 | 59.01s
2025-07-23 18:42:44,531 - Epoch 049 | task 2.2148e-03 | kd 3.5564e-03 | ewc 3.2004e-05 | val 2.7722e-03 | lr 6.25e-06 | 59.32s
2025-07-23 18:43:46,336 - Epoch 050 | task 2.2050e-03 | kd 3.5686e-03 | ewc 3.1966e-05 | val 2.8409e-03 | lr 6.25e-06 | 61.76s
2025-07-23 18:44:48,915 - Epoch 051 | task 2.2068e-03 | kd 3.5627e-03 | ewc 3.1917e-05 | val 2.7019e-03 | lr 6.25e-06 | 62.54s
2025-07-23 18:45:51,568 - Epoch 052 | task 2.2085e-03 | kd 3.5641e-03 | ewc 3.1854e-05 | val 2.6997e-03 | lr 6.25e-06 | 62.61s
2025-07-23 18:46:50,714 - Epoch 053 | task 2.2052e-03 | kd 3.5659e-03 | ewc 3.1818e-05 | val 2.8414e-03 | lr 3.13e-06 | 59.11s
2025-07-23 18:47:49,950 - Epoch 054 | task 2.2004e-03 | kd 3.5649e-03 | ewc 3.1772e-05 | val 2.7410e-03 | lr 3.13e-06 | 59.19s
2025-07-23 18:48:49,807 - Epoch 055 | task 2.1973e-03 | kd 3.5661e-03 | ewc 3.1745e-05 | val 2.7410e-03 | lr 3.13e-06 | 59.83s
2025-07-23 18:48:49,824 - Early stopping at epoch 56
2025-07-23 18:48:52,650 - Consolidate lambda: 0.0000
2025-07-23 18:49:26,195 - ==== Training task task2 completed ====
2025-07-23 18:49:26,203 - ==== Incremental Training Completed ====
2025-07-23 18:49:26,208 - ==== Starting Comprehensive Evaluation ====
2025-07-23 18:50:27,865 - ==== Computing BWT, FWT, ACC Metrics ====
2025-07-23 18:50:27,885 - Computing random initialization baselines for FWT calculation...
2025-07-23 18:50:34,188 - ==== Continual Learning Metrics ====
2025-07-23 18:50:34,191 - BWT: 0.0261
2025-07-23 18:50:34,193 - FWT: 0.6420
2025-07-23 18:50:34,197 - ACC: -0.0213
2025-07-23 18:50:34,203 - ==== R Matrix (Performance Matrix) ====
2025-07-23 18:50:34,208 - Task 0: [-0.0462 -0.0521 -0.1586]
2025-07-23 18:50:34,213 - Task 1: [-0.0231 -0.0601 -0.1485]
2025-07-23 18:50:34,217 - Task 2: [-0.0381 -0.0161 -0.0099]
2025-07-23 18:50:34,323 - ==== Incremental Training and Evaluation Completed ====
2025-07-23 18:50:34,328 - All evaluation results saved to: /beegfs/home/users/z/zzhuqshun/Thesis/05_Final/3inputs/strategies/trial17/incremental/evaluation
