2025-08-17 02:21:14,097 - INFO - ==== Incremental Training (SI + KD via IncTrainer) ====
2025-08-17 02:21:14,139 - INFO - Number of tasks: 3
2025-08-17 02:22:49,861 - INFO - Incremental training - Task 0 Train IDs: ['03', '27', '05', '21', '11'], size: 107395
2025-08-17 02:22:49,881 - INFO - Incremental training - Task 0 Val IDs: ['01'], size: 20028
2025-08-17 02:22:49,896 - INFO - Incremental training - Test Task 0 size: 8584
2025-08-17 02:22:49,911 - INFO - Incremental training - Task 1 Train IDs: ['09', '29', '25'], size: 41175
2025-08-17 02:22:49,922 - INFO - Incremental training - Task 1 Val IDs: ['19'], size: 16183
2025-08-17 02:22:49,938 - INFO - Incremental training - Test Task 1 size: 6937
2025-08-17 02:22:49,954 - INFO - Incremental training - Task 2 Train IDs: ['15', '07', '23'], size: 57074
2025-08-17 02:22:49,967 - INFO - Incremental training - Task 2 Val IDs: ['13'], size: 4511
2025-08-17 02:22:49,981 - INFO - Incremental training - Test Task 2 size: 1934
2025-08-17 02:22:50,020 - INFO -   (Scaler) Scaler centers: [ 3.3374245   0.101279   27.50083333]
2025-08-17 02:22:50,041 - INFO -   (Scaler) Scaler scales: [0.18253608 1.77971742 1.05683333]
2025-08-17 02:22:51,143 - INFO - ========== Model Structure ==========
2025-08-17 02:22:51,156 - INFO - 
SOHLSTM(
  (lstm): LSTM(3, 128, num_layers=2, batch_first=True, dropout=0.3)
  (fc): Sequential(
    (0): Linear(in_features=128, out_features=64, bias=True)
    (1): LeakyReLU(negative_slope=0.01)
    (2): Dropout(p=0.3, inplace=False)
    (3): Linear(in_features=64, out_features=1, bias=True)
  )
)
2025-08-17 02:22:51,169 - INFO - =====================================
2025-08-17 02:22:51,180 - INFO - ====== Model Parameters Details ======
2025-08-17 02:22:51,193 - INFO - lstm.weight_ih_l0                                  | trainable |     1536 params
2025-08-17 02:22:51,209 - INFO - lstm.weight_hh_l0                                  | trainable |    65536 params
2025-08-17 02:22:51,223 - INFO - lstm.bias_ih_l0                                    | trainable |      512 params
2025-08-17 02:22:51,235 - INFO - lstm.bias_hh_l0                                    | trainable |      512 params
2025-08-17 02:22:51,250 - INFO - lstm.weight_ih_l1                                  | trainable |    65536 params
2025-08-17 02:22:51,260 - INFO - lstm.weight_hh_l1                                  | trainable |    65536 params
2025-08-17 02:22:51,276 - INFO - lstm.bias_ih_l1                                    | trainable |      512 params
2025-08-17 02:22:51,290 - INFO - lstm.bias_hh_l1                                    | trainable |      512 params
2025-08-17 02:22:51,301 - INFO - fc.0.weight                                        | trainable |     8192 params
2025-08-17 02:22:51,315 - INFO - fc.0.bias                                          | trainable |       64 params
2025-08-17 02:22:51,328 - INFO - fc.3.weight                                        | trainable |       64 params
2025-08-17 02:22:51,343 - INFO - fc.3.bias                                          | trainable |        1 params
2025-08-17 02:22:51,353 - INFO - --------------------------------------------------------------------------------
2025-08-17 02:22:51,367 - INFO - Total params:                                          208513 params (only trainable)
2025-08-17 02:22:51,377 - INFO - =====================================
2025-08-17 02:33:44,481 - INFO - [Task 0][Epoch 0] train=3.4183e-02 val=1.8106e-03 | KL=0.000 s=0.000 | Lambda: KD=0.0000e+00 SI=0.0000e+00 | Ratio: KD=0.00% SI=0.00% | lr=1.00e-04 time=151.81s
2025-08-17 02:36:10,511 - INFO - [Task 0][Epoch 1] train=7.4524e-03 val=9.6827e-04 | KL=0.000 s=0.000 | Lambda: KD=0.0000e+00 SI=0.0000e+00 | Ratio: KD=0.00% SI=0.00% | lr=1.00e-04 time=145.94s
2025-08-17 02:38:14,717 - INFO - [Task 0][Epoch 2] train=5.6415e-03 val=1.1449e-03 | KL=0.000 s=0.000 | Lambda: KD=0.0000e+00 SI=0.0000e+00 | Ratio: KD=0.00% SI=0.00% | lr=1.00e-04 time=124.13s
2025-08-17 02:40:35,328 - INFO - [Task 0][Epoch 3] train=4.6389e-03 val=5.0094e-04 | KL=0.000 s=0.000 | Lambda: KD=0.0000e+00 SI=0.0000e+00 | Ratio: KD=0.00% SI=0.00% | lr=1.00e-04 time=140.59s
2025-08-17 02:42:26,721 - INFO - [Task 0][Epoch 4] train=3.7085e-03 val=1.0208e-03 | KL=0.000 s=0.000 | Lambda: KD=0.0000e+00 SI=0.0000e+00 | Ratio: KD=0.00% SI=0.00% | lr=1.00e-04 time=111.32s
2025-08-17 02:44:00,193 - INFO - [Task 0][Epoch 5] train=2.8454e-03 val=3.8385e-04 | KL=0.000 s=0.000 | Lambda: KD=0.0000e+00 SI=0.0000e+00 | Ratio: KD=0.00% SI=0.00% | lr=1.00e-04 time=93.47s
2025-08-17 02:45:35,443 - INFO - [Task 0][Epoch 6] train=1.9421e-03 val=3.4660e-04 | KL=0.000 s=0.000 | Lambda: KD=0.0000e+00 SI=0.0000e+00 | Ratio: KD=0.00% SI=0.00% | lr=1.00e-04 time=95.21s
2025-08-17 02:47:11,109 - INFO - [Task 0][Epoch 7] train=1.3745e-03 val=2.3536e-04 | KL=0.000 s=0.000 | Lambda: KD=0.0000e+00 SI=0.0000e+00 | Ratio: KD=0.00% SI=0.00% | lr=1.00e-04 time=95.65s
2025-08-17 02:48:48,549 - INFO - [Task 0][Epoch 8] train=1.1364e-03 val=2.8731e-04 | KL=0.000 s=0.000 | Lambda: KD=0.0000e+00 SI=0.0000e+00 | Ratio: KD=0.00% SI=0.00% | lr=1.00e-04 time=97.41s
2025-08-17 02:50:27,788 - INFO - [Task 0][Epoch 9] train=8.5875e-04 val=9.2570e-04 | KL=0.000 s=0.000 | Lambda: KD=0.0000e+00 SI=0.0000e+00 | Ratio: KD=0.00% SI=0.00% | lr=1.00e-04 time=99.12s
2025-08-17 02:52:03,712 - INFO - [Task 0][Epoch 10] train=6.4584e-04 val=9.1032e-04 | KL=0.000 s=0.000 | Lambda: KD=0.0000e+00 SI=0.0000e+00 | Ratio: KD=0.00% SI=0.00% | lr=1.00e-04 time=95.91s
2025-08-17 02:53:39,428 - INFO - [Task 0][Epoch 11] train=5.3215e-04 val=1.2565e-03 | KL=0.000 s=0.000 | Lambda: KD=0.0000e+00 SI=0.0000e+00 | Ratio: KD=0.00% SI=0.00% | lr=1.00e-04 time=95.71s
2025-08-17 02:55:14,467 - INFO - [Task 0][Epoch 12] train=4.7213e-04 val=8.5282e-03 | KL=0.000 s=0.000 | Lambda: KD=0.0000e+00 SI=0.0000e+00 | Ratio: KD=0.00% SI=0.00% | lr=1.00e-04 time=95.02s
2025-08-17 02:56:49,884 - INFO - [Task 0][Epoch 13] train=4.5206e-04 val=2.6870e-03 | KL=0.000 s=0.000 | Lambda: KD=0.0000e+00 SI=0.0000e+00 | Ratio: KD=0.00% SI=0.00% | lr=5.00e-05 time=95.42s
2025-08-17 02:58:24,808 - INFO - [Task 0][Epoch 14] train=3.1625e-04 val=1.1495e-02 | KL=0.000 s=0.000 | Lambda: KD=0.0000e+00 SI=0.0000e+00 | Ratio: KD=0.00% SI=0.00% | lr=5.00e-05 time=94.90s
2025-08-17 02:59:59,652 - INFO - [Task 0][Epoch 15] train=2.0442e-04 val=1.1450e-02 | KL=0.000 s=0.000 | Lambda: KD=0.0000e+00 SI=0.0000e+00 | Ratio: KD=0.00% SI=0.00% | lr=5.00e-05 time=94.84s
2025-08-17 03:01:34,050 - INFO - [Task 0][Epoch 16] train=2.8454e-04 val=5.0561e-03 | KL=0.000 s=0.000 | Lambda: KD=0.0000e+00 SI=0.0000e+00 | Ratio: KD=0.00% SI=0.00% | lr=5.00e-05 time=94.40s
2025-08-17 03:03:08,515 - INFO - [Task 0][Epoch 17] train=4.2232e-04 val=7.1749e-03 | KL=0.000 s=0.000 | Lambda: KD=0.0000e+00 SI=0.0000e+00 | Ratio: KD=0.00% SI=0.00% | lr=5.00e-05 time=94.46s
2025-08-17 03:04:43,142 - INFO - [Task 0][Epoch 18] train=2.4178e-04 val=7.7412e-03 | KL=0.000 s=0.000 | Lambda: KD=0.0000e+00 SI=0.0000e+00 | Ratio: KD=0.00% SI=0.00% | lr=5.00e-05 time=94.60s
2025-08-17 03:06:17,940 - INFO - [Task 0][Epoch 19] train=1.7374e-04 val=8.2510e-03 | KL=0.000 s=0.000 | Lambda: KD=0.0000e+00 SI=0.0000e+00 | Ratio: KD=0.00% SI=0.00% | lr=2.50e-05 time=94.78s
2025-08-17 03:07:52,769 - INFO - [Task 0][Epoch 20] train=1.1908e-04 val=7.0348e-03 | KL=0.000 s=0.000 | Lambda: KD=0.0000e+00 SI=0.0000e+00 | Ratio: KD=0.00% SI=0.00% | lr=2.50e-05 time=94.83s
2025-08-17 03:09:27,344 - INFO - [Task 0][Epoch 21] train=1.0881e-04 val=4.9684e-03 | KL=0.000 s=0.000 | Lambda: KD=0.0000e+00 SI=0.0000e+00 | Ratio: KD=0.00% SI=0.00% | lr=2.50e-05 time=94.57s
2025-08-17 03:11:01,081 - INFO - [Task 0][Epoch 22] train=9.9826e-05 val=5.4105e-03 | KL=0.000 s=0.000 | Lambda: KD=0.0000e+00 SI=0.0000e+00 | Ratio: KD=0.00% SI=0.00% | lr=2.50e-05 time=93.73s
2025-08-17 03:12:34,649 - INFO - [Task 0][Epoch 23] train=9.6723e-05 val=4.8673e-03 | KL=0.000 s=0.000 | Lambda: KD=0.0000e+00 SI=0.0000e+00 | Ratio: KD=0.00% SI=0.00% | lr=2.50e-05 time=93.56s
2025-08-17 03:14:08,405 - INFO - [Task 0][Epoch 24] train=9.0518e-05 val=4.2275e-03 | KL=0.000 s=0.000 | Lambda: KD=0.0000e+00 SI=0.0000e+00 | Ratio: KD=0.00% SI=0.00% | lr=2.50e-05 time=93.75s
2025-08-17 03:15:42,079 - INFO - [Task 0][Epoch 25] train=8.6469e-05 val=8.7125e-03 | KL=0.000 s=0.000 | Lambda: KD=0.0000e+00 SI=0.0000e+00 | Ratio: KD=0.00% SI=0.00% | lr=1.25e-05 time=93.67s
2025-08-17 03:17:15,390 - INFO - [Task 0][Epoch 26] train=8.0020e-05 val=4.1118e-03 | KL=0.000 s=0.000 | Lambda: KD=0.0000e+00 SI=0.0000e+00 | Ratio: KD=0.00% SI=0.00% | lr=1.25e-05 time=93.30s
2025-08-17 03:18:48,929 - INFO - [Task 0][Epoch 27] train=7.8008e-05 val=4.4624e-03 | KL=0.000 s=0.000 | Lambda: KD=0.0000e+00 SI=0.0000e+00 | Ratio: KD=0.00% SI=0.00% | lr=1.25e-05 time=93.52s
2025-08-17 03:18:48,932 - INFO - [Task 0] Early stopping at epoch 27
2025-08-17 03:20:23,582 - INFO - [Task 1][Epoch 0] train=2.0958e-03 val=8.7926e-04 | KL=1.963 s=0.061 | Lambda: KD=0.0000e+00 SI=0.0000e+00 | Ratio: KD=0.00% SI=0.00% | lr=1.00e-04 time=60.62s
2025-08-17 03:21:24,142 - INFO - [Task 1][Epoch 1] train=1.8547e-03 val=4.6307e-04 | KL=1.961 s=0.061 | Lambda: KD=8.9653e-04 SI=1.8170e-05 | Ratio: KD=1.03% SI=0.00% | lr=1.00e-04 time=60.51s
2025-08-17 03:22:24,770 - INFO - [Task 1][Epoch 2] train=1.6304e-03 val=1.1239e-03 | KL=1.963 s=0.061 | Lambda: KD=1.7930e-03 SI=3.6361e-05 | Ratio: KD=2.37% SI=0.00% | lr=1.00e-04 time=60.61s
2025-08-17 03:23:25,366 - INFO - [Task 1][Epoch 3] train=1.5381e-03 val=6.0582e-04 | KL=1.962 s=0.061 | Lambda: KD=2.6896e-03 SI=5.4501e-05 | Ratio: KD=3.72% SI=0.01% | lr=1.00e-04 time=60.59s
2025-08-17 03:24:25,768 - INFO - [Task 1][Epoch 4] train=1.3328e-03 val=4.9805e-04 | KL=1.963 s=0.061 | Lambda: KD=3.5860e-03 SI=7.2696e-05 | Ratio: KD=5.77% SI=0.01% | lr=1.00e-04 time=60.40s
2025-08-17 03:25:26,198 - INFO - [Task 1][Epoch 5] train=1.1872e-03 val=6.6290e-04 | KL=1.967 s=0.061 | Lambda: KD=4.4822e-03 SI=9.0979e-05 | Ratio: KD=8.12% SI=0.02% | lr=1.00e-04 time=60.43s
2025-08-17 03:26:26,664 - INFO - [Task 1][Epoch 6] train=1.0686e-03 val=3.4069e-04 | KL=1.958 s=0.060 | Lambda: KD=5.3792e-03 SI=1.0899e-04 | Ratio: KD=10.93% SI=0.04% | lr=1.00e-04 time=60.46s
2025-08-17 03:27:27,110 - INFO - [Task 1][Epoch 7] train=9.5054e-04 val=2.7619e-04 | KL=1.961 s=0.061 | Lambda: KD=6.2756e-03 SI=1.2721e-04 | Ratio: KD=14.29% SI=0.05% | lr=1.00e-04 time=60.43s
2025-08-17 03:28:27,569 - INFO - [Task 1][Epoch 8] train=8.9413e-04 val=5.7164e-04 | KL=1.964 s=0.061 | Lambda: KD=7.1719e-03 SI=1.4544e-04 | Ratio: KD=17.48% SI=0.08% | lr=1.00e-04 time=60.44s
2025-08-17 03:29:27,941 - INFO - [Task 1][Epoch 9] train=7.7264e-04 val=8.1579e-04 | KL=1.961 s=0.061 | Lambda: KD=8.0688e-03 SI=1.6351e-04 | Ratio: KD=22.58% SI=0.12% | lr=1.00e-04 time=60.37s
2025-08-17 03:30:28,423 - INFO - [Task 1][Epoch 10] train=7.2244e-04 val=1.7870e-03 | KL=1.963 s=0.061 | Lambda: KD=8.9646e-03 SI=1.8189e-04 | Ratio: KD=26.79% SI=0.16% | lr=1.00e-04 time=60.48s
2025-08-17 03:31:29,037 - INFO - [Task 1][Epoch 11] train=6.9230e-04 val=5.8159e-04 | KL=1.964 s=0.061 | Lambda: KD=8.9646e-03 SI=1.8189e-04 | Ratio: KD=27.91% SI=0.18% | lr=1.00e-04 time=60.61s
2025-08-17 03:32:29,889 - INFO - [Task 1][Epoch 12] train=6.5726e-04 val=1.2606e-04 | KL=1.964 s=0.061 | Lambda: KD=8.9651e-03 SI=1.8173e-04 | Ratio: KD=29.42% SI=0.20% | lr=1.00e-04 time=60.85s
2025-08-17 03:33:30,793 - INFO - [Task 1][Epoch 13] train=6.2590e-04 val=2.8134e-04 | KL=1.961 s=0.061 | Lambda: KD=8.9654e-03 SI=1.8166e-04 | Ratio: KD=30.92% SI=0.23% | lr=1.00e-04 time=60.88s
2025-08-17 03:34:31,649 - INFO - [Task 1][Epoch 14] train=5.9931e-04 val=3.1437e-04 | KL=1.961 s=0.061 | Lambda: KD=8.9652e-03 SI=1.8173e-04 | Ratio: KD=32.19% SI=0.25% | lr=1.00e-04 time=60.85s
2025-08-17 03:35:32,621 - INFO - [Task 1][Epoch 15] train=5.7479e-04 val=8.8948e-04 | KL=1.961 s=0.060 | Lambda: KD=8.9655e-03 SI=1.8163e-04 | Ratio: KD=33.68% SI=0.28% | lr=1.00e-04 time=60.97s
2025-08-17 03:36:35,389 - INFO - [Task 1][Epoch 16] train=5.6281e-04 val=1.2342e-04 | KL=1.963 s=0.061 | Lambda: KD=8.9652e-03 SI=1.8170e-04 | Ratio: KD=34.32% SI=0.30% | lr=1.00e-04 time=62.77s
2025-08-17 03:37:36,401 - INFO - [Task 1][Epoch 17] train=5.4926e-04 val=7.3501e-04 | KL=1.965 s=0.061 | Lambda: KD=8.9647e-03 SI=1.8186e-04 | Ratio: KD=35.18% SI=0.32% | lr=1.00e-04 time=60.99s
2025-08-17 03:38:37,502 - INFO - [Task 1][Epoch 18] train=5.3422e-04 val=2.2053e-04 | KL=1.964 s=0.061 | Lambda: KD=8.9652e-03 SI=1.8173e-04 | Ratio: KD=36.14% SI=0.34% | lr=1.00e-04 time=61.08s
2025-08-17 03:39:38,588 - INFO - [Task 1][Epoch 19] train=8.2103e-04 val=4.9731e-04 | KL=1.963 s=0.061 | Lambda: KD=8.9647e-03 SI=1.8186e-04 | Ratio: KD=23.44% SI=0.24% | lr=1.00e-04 time=61.06s
2025-08-17 03:40:39,670 - INFO - [Task 1][Epoch 20] train=5.3185e-04 val=6.2442e-04 | KL=1.962 s=0.061 | Lambda: KD=8.9652e-03 SI=1.8171e-04 | Ratio: KD=36.26% SI=0.37% | lr=1.00e-04 time=61.05s
2025-08-17 03:41:40,795 - INFO - [Task 1][Epoch 21] train=5.0924e-04 val=3.1376e-04 | KL=1.962 s=0.061 | Lambda: KD=8.9649e-03 SI=1.8179e-04 | Ratio: KD=38.01% SI=0.40% | lr=1.00e-04 time=61.11s
2025-08-17 03:42:41,899 - INFO - [Task 1][Epoch 22] train=5.1254e-04 val=7.6460e-04 | KL=1.963 s=0.061 | Lambda: KD=8.9652e-03 SI=1.8171e-04 | Ratio: KD=37.67% SI=0.42% | lr=5.00e-05 time=61.10s
2025-08-17 03:43:42,828 - INFO - [Task 1][Epoch 23] train=4.7086e-04 val=9.6164e-04 | KL=1.963 s=0.061 | Lambda: KD=8.9652e-03 SI=1.8171e-04 | Ratio: KD=41.00% SI=0.47% | lr=5.00e-05 time=60.93s
2025-08-17 03:44:44,183 - INFO - [Task 1][Epoch 24] train=4.6449e-04 val=1.4129e-03 | KL=1.962 s=0.061 | Lambda: KD=8.9651e-03 SI=1.8174e-04 | Ratio: KD=41.63% SI=0.48% | lr=5.00e-05 time=61.35s
2025-08-17 03:45:45,321 - INFO - [Task 1][Epoch 25] train=4.5943e-04 val=1.3329e-03 | KL=1.965 s=0.061 | Lambda: KD=8.9645e-03 SI=1.8193e-04 | Ratio: KD=42.02% SI=0.50% | lr=5.00e-05 time=61.14s
2025-08-17 03:46:46,429 - INFO - [Task 1][Epoch 26] train=4.5612e-04 val=1.6047e-03 | KL=1.966 s=0.061 | Lambda: KD=8.9645e-03 SI=1.8194e-04 | Ratio: KD=42.37% SI=0.51% | lr=5.00e-05 time=61.11s
2025-08-17 03:47:47,517 - INFO - [Task 1][Epoch 27] train=4.4470e-04 val=7.4640e-04 | KL=1.962 s=0.061 | Lambda: KD=8.9651e-03 SI=1.8175e-04 | Ratio: KD=43.46% SI=0.54% | lr=5.00e-05 time=61.08s
2025-08-17 03:48:48,595 - INFO - [Task 1][Epoch 28] train=4.3797e-04 val=1.4142e-03 | KL=1.960 s=0.060 | Lambda: KD=8.9655e-03 SI=1.8163e-04 | Ratio: KD=44.14% SI=0.55% | lr=2.50e-05 time=61.07s
2025-08-17 03:49:49,699 - INFO - [Task 1][Epoch 29] train=4.2199e-04 val=8.8711e-04 | KL=1.963 s=0.061 | Lambda: KD=8.9649e-03 SI=1.8181e-04 | Ratio: KD=45.76% SI=0.58% | lr=2.50e-05 time=61.08s
2025-08-17 03:50:49,953 - INFO - [Task 1][Epoch 30] train=4.1567e-04 val=7.5360e-04 | KL=1.961 s=0.061 | Lambda: KD=8.9653e-03 SI=1.8168e-04 | Ratio: KD=46.44% SI=0.60% | lr=2.50e-05 time=60.25s
2025-08-17 03:51:50,094 - INFO - [Task 1][Epoch 31] train=4.1214e-04 val=1.5905e-03 | KL=1.961 s=0.060 | Lambda: KD=8.9655e-03 SI=1.8161e-04 | Ratio: KD=46.80% SI=0.61% | lr=2.50e-05 time=60.12s
2025-08-17 03:52:52,397 - INFO - [Task 1][Epoch 32] train=4.1402e-04 val=1.3087e-03 | KL=1.963 s=0.061 | Lambda: KD=8.9649e-03 SI=1.8180e-04 | Ratio: KD=46.59% SI=0.61% | lr=2.50e-05 time=62.29s
2025-08-17 03:53:53,751 - INFO - [Task 1][Epoch 33] train=4.0849e-04 val=4.8228e-03 | KL=1.964 s=0.061 | Lambda: KD=8.9648e-03 SI=1.8183e-04 | Ratio: KD=47.17% SI=0.62% | lr=2.50e-05 time=61.35s
2025-08-17 03:55:20,101 - INFO - [Task 1][Epoch 34] train=4.0585e-04 val=1.0857e-03 | KL=1.964 s=0.061 | Lambda: KD=8.9651e-03 SI=1.8173e-04 | Ratio: KD=47.46% SI=0.63% | lr=1.25e-05 time=86.35s
2025-08-17 03:56:43,480 - INFO - [Task 1][Epoch 35] train=3.9560e-04 val=3.8304e-03 | KL=1.961 s=0.061 | Lambda: KD=8.9653e-03 SI=1.8168e-04 | Ratio: KD=48.71% SI=0.65% | lr=1.25e-05 time=83.35s
2025-08-17 03:57:57,471 - INFO - [Task 1][Epoch 36] train=3.9323e-04 val=3.1328e-03 | KL=1.967 s=0.061 | Lambda: KD=8.9646e-03 SI=1.8190e-04 | Ratio: KD=48.92% SI=0.66% | lr=1.25e-05 time=73.98s
2025-08-17 03:57:57,473 - INFO - [Task 1] Early stopping at epoch 36
2025-08-17 03:59:31,937 - INFO - [Task 2][Epoch 0] train=3.7173e-04 val=1.3535e-03 | KL=0.483 s=0.016 | Lambda: KD=0.0000e+00 SI=0.0000e+00 | Ratio: KD=0.00% SI=0.00% | lr=1.00e-04 time=79.74s
2025-08-17 04:01:08,492 - INFO - [Task 2][Epoch 1] train=2.8954e-04 val=1.7318e-03 | KL=0.482 s=0.016 | Lambda: KD=9.3922e-04 SI=4.7363e-06 | Ratio: KD=0.27% SI=0.00% | lr=1.00e-04 time=96.53s
2025-08-17 04:02:51,510 - INFO - [Task 2][Epoch 2] train=2.5215e-04 val=1.3567e-03 | KL=0.479 s=0.016 | Lambda: KD=1.8786e-03 SI=9.4120e-06 | Ratio: KD=0.61% SI=0.01% | lr=1.00e-04 time=103.01s
2025-08-17 04:04:20,626 - INFO - [Task 2][Epoch 3] train=2.2079e-04 val=8.8669e-04 | KL=0.481 s=0.016 | Lambda: KD=2.8178e-03 SI=1.4175e-05 | Ratio: KD=1.03% SI=0.01% | lr=1.00e-04 time=89.09s
2025-08-17 04:06:10,131 - INFO - [Task 2][Epoch 4] train=2.0963e-04 val=1.0615e-03 | KL=0.484 s=0.016 | Lambda: KD=3.7567e-03 SI=1.9003e-05 | Ratio: KD=1.44% SI=0.03% | lr=1.00e-04 time=109.46s
2025-08-17 04:08:13,567 - INFO - [Task 2][Epoch 5] train=1.9967e-04 val=6.6893e-04 | KL=0.482 s=0.016 | Lambda: KD=4.6961e-03 SI=2.3666e-05 | Ratio: KD=1.85% SI=0.05% | lr=1.00e-04 time=123.42s
2025-08-17 04:10:18,763 - INFO - [Task 2][Epoch 6] train=1.8448e-04 val=4.6786e-04 | KL=0.487 s=0.016 | Lambda: KD=5.6345e-03 SI=2.8683e-05 | Ratio: KD=2.40% SI=0.07% | lr=1.00e-04 time=125.09s
2025-08-17 04:12:20,080 - INFO - [Task 2][Epoch 7] train=1.6014e-04 val=4.0146e-04 | KL=0.479 s=0.016 | Lambda: KD=6.5753e-03 SI=3.2922e-05 | Ratio: KD=3.16% SI=0.11% | lr=1.00e-04 time=121.20s
2025-08-17 04:14:21,972 - INFO - [Task 2][Epoch 8] train=1.6123e-04 val=4.8196e-04 | KL=0.481 s=0.016 | Lambda: KD=7.5139e-03 SI=3.7841e-05 | Ratio: KD=3.60% SI=0.15% | lr=1.00e-04 time=121.79s
2025-08-17 04:16:24,279 - INFO - [Task 2][Epoch 9] train=1.5976e-04 val=1.0107e-03 | KL=0.484 s=0.016 | Lambda: KD=8.4526e-03 SI=4.2753e-05 | Ratio: KD=4.07% SI=0.20% | lr=1.00e-04 time=122.28s
2025-08-17 04:18:35,911 - INFO - [Task 2][Epoch 10] train=1.4988e-04 val=1.7725e-04 | KL=0.483 s=0.016 | Lambda: KD=9.3919e-03 SI=4.7453e-05 | Ratio: KD=4.80% SI=0.27% | lr=1.00e-04 time=131.59s
2025-08-17 04:20:47,443 - INFO - [Task 2][Epoch 11] train=1.4144e-04 val=2.9960e-04 | KL=0.481 s=0.016 | Lambda: KD=9.3926e-03 SI=4.7241e-05 | Ratio: KD=5.05% SI=0.32% | lr=1.00e-04 time=131.33s
2025-08-17 04:22:58,312 - INFO - [Task 2][Epoch 12] train=1.4026e-04 val=1.7863e-04 | KL=0.481 s=0.016 | Lambda: KD=9.3926e-03 SI=4.7231e-05 | Ratio: KD=5.07% SI=0.36% | lr=1.00e-04 time=130.85s
2025-08-17 04:25:03,483 - INFO - [Task 2][Epoch 13] train=1.3405e-04 val=1.5353e-04 | KL=0.482 s=0.016 | Lambda: KD=9.3921e-03 SI=4.7398e-05 | Ratio: KD=5.29% SI=0.41% | lr=1.00e-04 time=125.15s
2025-08-17 04:27:11,363 - INFO - [Task 2][Epoch 14] train=1.2693e-04 val=1.7213e-04 | KL=0.481 s=0.016 | Lambda: KD=9.3925e-03 SI=4.7271e-05 | Ratio: KD=5.58% SI=0.48% | lr=1.00e-04 time=127.74s
2025-08-17 04:29:20,181 - INFO - [Task 2][Epoch 15] train=1.2166e-04 val=4.6698e-04 | KL=0.482 s=0.016 | Lambda: KD=9.3923e-03 SI=4.7337e-05 | Ratio: KD=5.80% SI=0.54% | lr=1.00e-04 time=128.77s
2025-08-17 04:31:30,557 - INFO - [Task 2][Epoch 16] train=1.2277e-04 val=1.0591e-04 | KL=0.480 s=0.016 | Lambda: KD=9.3929e-03 SI=4.7131e-05 | Ratio: KD=5.74% SI=0.58% | lr=1.00e-04 time=130.35s
2025-08-17 04:33:39,442 - INFO - [Task 2][Epoch 17] train=1.2000e-04 val=1.8068e-04 | KL=0.482 s=0.016 | Lambda: KD=9.3921e-03 SI=4.7389e-05 | Ratio: KD=5.86% SI=0.64% | lr=1.00e-04 time=128.77s
2025-08-17 04:35:47,814 - INFO - [Task 2][Epoch 18] train=1.1899e-04 val=3.6231e-04 | KL=0.483 s=0.016 | Lambda: KD=9.3918e-03 SI=4.7486e-05 | Ratio: KD=5.91% SI=0.69% | lr=1.00e-04 time=128.33s
2025-08-17 04:37:54,846 - INFO - [Task 2][Epoch 19] train=1.0723e-04 val=2.6570e-04 | KL=0.481 s=0.016 | Lambda: KD=9.3924e-03 SI=4.7291e-05 | Ratio: KD=6.52% SI=0.82% | lr=1.00e-04 time=127.00s
2025-08-17 04:40:02,520 - INFO - [Task 2][Epoch 20] train=1.1463e-04 val=1.7899e-04 | KL=0.481 s=0.016 | Lambda: KD=9.3925e-03 SI=4.7273e-05 | Ratio: KD=6.10% SI=0.81% | lr=1.00e-04 time=127.66s
2025-08-17 04:42:05,976 - INFO - [Task 2][Epoch 21] train=1.6704e-04 val=9.9505e-05 | KL=0.483 s=0.016 | Lambda: KD=9.3919e-03 SI=4.7452e-05 | Ratio: KD=4.40% SI=0.59% | lr=1.00e-04 time=123.43s
2025-08-17 04:44:00,278 - INFO - [Task 2][Epoch 22] train=1.0905e-04 val=1.6559e-04 | KL=0.482 s=0.016 | Lambda: KD=9.3922e-03 SI=4.7365e-05 | Ratio: KD=6.37% SI=0.94% | lr=1.00e-04 time=114.19s
2025-08-17 04:45:41,768 - INFO - [Task 2][Epoch 23] train=1.0600e-04 val=1.0417e-04 | KL=0.484 s=0.016 | Lambda: KD=9.3917e-03 SI=4.7506e-05 | Ratio: KD=6.57% SI=1.01% | lr=1.00e-04 time=101.48s
2025-08-17 04:47:13,480 - INFO - [Task 2][Epoch 24] train=1.0216e-04 val=1.3722e-04 | KL=0.482 s=0.016 | Lambda: KD=9.3923e-03 SI=4.7314e-05 | Ratio: KD=6.78% SI=1.08% | lr=1.00e-04 time=91.69s
2025-08-17 04:48:44,756 - INFO - [Task 2][Epoch 25] train=1.0651e-04 val=6.6498e-05 | KL=0.482 s=0.016 | Lambda: KD=9.3923e-03 SI=4.7327e-05 | Ratio: KD=6.52% SI=1.08% | lr=1.00e-04 time=91.26s
2025-08-17 04:50:16,586 - INFO - [Task 2][Epoch 26] train=1.0220e-04 val=1.5374e-04 | KL=0.482 s=0.016 | Lambda: KD=9.3923e-03 SI=4.7343e-05 | Ratio: KD=6.78% SI=1.18% | lr=1.00e-04 time=91.77s
2025-08-17 04:51:49,012 - INFO - [Task 2][Epoch 27] train=1.0313e-04 val=8.4512e-05 | KL=0.479 s=0.016 | Lambda: KD=9.3930e-03 SI=4.7098e-05 | Ratio: KD=6.72% SI=1.21% | lr=1.00e-04 time=92.42s
2025-08-17 04:53:22,517 - INFO - [Task 2][Epoch 28] train=1.0255e-04 val=1.2284e-04 | KL=0.482 s=0.016 | Lambda: KD=9.3921e-03 SI=4.7393e-05 | Ratio: KD=6.77% SI=1.28% | lr=1.00e-04 time=93.50s
2025-08-17 04:54:57,646 - INFO - [Task 2][Epoch 29] train=1.0192e-04 val=2.0242e-04 | KL=0.482 s=0.016 | Lambda: KD=9.3923e-03 SI=4.7321e-05 | Ratio: KD=6.77% SI=1.34% | lr=1.00e-04 time=95.12s
2025-08-17 04:56:33,956 - INFO - [Task 2][Epoch 30] train=9.8231e-05 val=8.3988e-05 | KL=0.481 s=0.016 | Lambda: KD=9.3926e-03 SI=4.7223e-05 | Ratio: KD=7.05% SI=1.44% | lr=1.00e-04 time=96.30s
2025-08-17 04:58:10,946 - INFO - [Task 2][Epoch 31] train=1.0016e-04 val=1.8794e-04 | KL=0.484 s=0.016 | Lambda: KD=9.3917e-03 SI=4.7506e-05 | Ratio: KD=6.91% SI=1.47% | lr=5.00e-05 time=96.98s
2025-08-17 04:59:48,038 - INFO - [Task 2][Epoch 32] train=8.6774e-05 val=1.2230e-04 | KL=0.480 s=0.016 | Lambda: KD=9.3929e-03 SI=4.7142e-05 | Ratio: KD=7.93% SI=1.73% | lr=5.00e-05 time=97.08s
2025-08-17 05:01:25,795 - INFO - [Task 2][Epoch 33] train=8.3565e-05 val=1.9898e-04 | KL=0.481 s=0.016 | Lambda: KD=9.3925e-03 SI=4.7275e-05 | Ratio: KD=8.21% SI=1.83% | lr=5.00e-05 time=97.74s
2025-08-17 05:03:03,447 - INFO - [Task 2][Epoch 34] train=8.7628e-05 val=7.3818e-05 | KL=0.484 s=0.016 | Lambda: KD=9.3915e-03 SI=4.7576e-05 | Ratio: KD=7.85% SI=1.78% | lr=5.00e-05 time=97.65s
2025-08-17 05:04:41,828 - INFO - [Task 2][Epoch 35] train=8.3521e-05 val=1.9254e-04 | KL=0.484 s=0.016 | Lambda: KD=9.3915e-03 SI=4.7568e-05 | Ratio: KD=8.22% SI=1.90% | lr=5.00e-05 time=98.36s
2025-08-17 05:06:21,124 - INFO - [Task 2][Epoch 36] train=8.9428e-05 val=4.0782e-04 | KL=0.480 s=0.016 | Lambda: KD=9.3929e-03 SI=4.7149e-05 | Ratio: KD=7.68% SI=1.79% | lr=5.00e-05 time=99.29s
2025-08-17 05:08:11,513 - INFO - [Task 2][Epoch 37] train=8.4910e-05 val=2.4599e-04 | KL=0.481 s=0.016 | Lambda: KD=9.3926e-03 SI=4.7228e-05 | Ratio: KD=8.09% SI=1.91% | lr=2.50e-05 time=110.38s
2025-08-17 05:10:26,893 - INFO - [Task 2][Epoch 38] train=7.4640e-05 val=2.0289e-04 | KL=0.482 s=0.016 | Lambda: KD=9.3922e-03 SI=4.7358e-05 | Ratio: KD=9.11% SI=2.19% | lr=2.50e-05 time=135.37s
2025-08-17 05:12:40,188 - INFO - [Task 2][Epoch 39] train=7.5530e-05 val=3.1740e-04 | KL=0.481 s=0.016 | Lambda: KD=9.3926e-03 SI=4.7232e-05 | Ratio: KD=9.03% SI=2.18% | lr=2.50e-05 time=133.27s
2025-08-17 05:14:54,976 - INFO - [Task 2][Epoch 40] train=7.7079e-05 val=1.9730e-04 | KL=0.483 s=0.016 | Lambda: KD=9.3918e-03 SI=4.7478e-05 | Ratio: KD=8.87% SI=2.16% | lr=2.50e-05 time=134.74s
2025-08-17 05:17:08,428 - INFO - [Task 2][Epoch 41] train=7.3903e-05 val=3.3262e-04 | KL=0.481 s=0.016 | Lambda: KD=9.3924e-03 SI=4.7289e-05 | Ratio: KD=9.25% SI=2.25% | lr=2.50e-05 time=133.43s
2025-08-17 05:19:23,588 - INFO - [Task 2][Epoch 42] train=7.4248e-05 val=2.9690e-04 | KL=0.482 s=0.016 | Lambda: KD=9.3923e-03 SI=4.7316e-05 | Ratio: KD=9.17% SI=2.26% | lr=2.50e-05 time=135.14s
2025-08-17 05:21:39,662 - INFO - [Task 2][Epoch 43] train=7.1779e-05 val=2.6677e-04 | KL=0.484 s=0.016 | Lambda: KD=9.3917e-03 SI=4.7529e-05 | Ratio: KD=9.50% SI=2.36% | lr=1.25e-05 time=136.05s
2025-08-17 05:23:56,835 - INFO - [Task 2][Epoch 44] train=7.0201e-05 val=3.1555e-04 | KL=0.484 s=0.016 | Lambda: KD=9.3916e-03 SI=4.7549e-05 | Ratio: KD=9.73% SI=2.43% | lr=1.25e-05 time=137.15s
2025-08-17 05:26:14,336 - INFO - [Task 2][Epoch 45] train=6.9650e-05 val=1.3072e-04 | KL=0.481 s=0.016 | Lambda: KD=9.3926e-03 SI=4.7245e-05 | Ratio: KD=9.80% SI=2.44% | lr=1.25e-05 time=137.48s
2025-08-17 05:26:14,354 - INFO - [Task 2] Early stopping at epoch 45
2025-08-17 05:26:34,605 - INFO - ==== Incremental Training Complete ====
2025-08-17 05:26:34,620 - INFO - Evaluating final model...
2025-08-17 05:26:34,636 - INFO - ==== Starting Comprehensive Evaluation ====
2025-08-17 05:26:34,809 - INFO - Evaluating model trained after task 0...
2025-08-17 05:26:41,351 - INFO - Full test set evaluation: MAE=5.6224e-02, R2=0.1693
2025-08-17 05:26:46,863 - INFO -   Task 0 -> Test Task 0: MAE=2.7923e-02, R2=-29.2707
2025-08-17 05:26:48,663 - INFO -   Task 0 -> Test Task 1: MAE=3.5453e-02, R2=-2.1284
2025-08-17 05:26:49,033 - INFO -   Task 0 -> Test Task 2: MAE=7.2164e-01, R2=-980.0900
2025-08-17 05:26:49,049 - INFO - Evaluating model trained after task 1...
2025-08-17 05:26:55,636 - INFO - Full test set evaluation: MAE=2.7399e-02, R2=0.8602
2025-08-17 05:27:01,355 - INFO -   Task 1 -> Test Task 0: MAE=4.8395e-02, R2=-88.5836
2025-08-17 05:27:03,158 - INFO -   Task 1 -> Test Task 1: MAE=1.2619e-02, R2=0.5918
2025-08-17 05:27:03,531 - INFO -   Task 1 -> Test Task 2: MAE=4.0997e-02, R2=-1.3960
2025-08-17 05:27:03,554 - INFO - Evaluating model trained after task 2...
2025-08-17 05:27:10,097 - INFO - Full test set evaluation: MAE=3.2817e-02, R2=0.8266
2025-08-17 05:27:15,880 - INFO -   Task 2 -> Test Task 0: MAE=5.2703e-02, R2=-105.1454
2025-08-17 05:27:17,683 - INFO -   Task 2 -> Test Task 1: MAE=2.6073e-02, R2=-0.5459
2025-08-17 05:27:18,051 - INFO -   Task 2 -> Test Task 2: MAE=9.1306e-03, R2=0.8077
2025-08-17 05:27:18,066 - INFO - ==== Computing Continual Learning Metrics ====
2025-08-17 05:27:18,085 - INFO - Computing random initialization baselines...
2025-08-17 05:27:20,694 - INFO -   Baseline Task 0: R=-0.9732
2025-08-17 05:27:22,488 - INFO -   Baseline Task 1: R=-0.9253
2025-08-17 05:27:22,859 - INFO -   Baseline Task 2: R=-0.6923
2025-08-17 05:27:22,875 - INFO - ==== Continual Learning Results ====
2025-08-17 05:27:22,893 - INFO - BWT (Backward Transfer): -0.0191 (negative = forgetting)
2025-08-17 05:27:22,910 - INFO - FWT (Forward Transfer): 0.7705 (positive = beneficial transfer)
2025-08-17 05:27:22,936 - INFO - ACC (Average Accuracy): -0.0293
2025-08-17 05:27:22,957 - INFO - ==== Performance Matrix R[i][j] ====
2025-08-17 05:27:22,980 - INFO - Rows: trained after task i, Columns: evaluated on task j
2025-08-17 05:27:22,996 - INFO -        Task 0 Task 1 Task 2
2025-08-17 05:27:23,013 - INFO - Task 0: -0.0279 -0.0355 -0.7216
2025-08-17 05:27:23,035 - INFO - Task 1: -0.0484 -0.0126 -0.0410
2025-08-17 05:27:23,056 - INFO - Task 2: -0.0527 -0.0261 -0.0091
2025-08-17 05:27:23,507 - INFO - ==== Evaluation Complete ====
2025-08-17 05:27:23,532 - INFO - All results saved to: /beegfs/home/users/z/zzhuqshun/Thesis/final/tryout_optuna_init_tau30/metrics
