2025-07-17 09:17:27,831 - ==== Skipping joint LSTM Training Phase ====
2025-07-17 09:17:27,832 - ==== Incremental EWC Training Phase ====
2025-07-17 09:19:09,233 - Base train IDs: ['03', '05', '07', '27']
2025-07-17 09:19:09,234 - Base train size: 92079
2025-07-17 09:19:09,236 - Base val IDs: ['01']
2025-07-17 09:19:09,237 - Base val size: 28612
2025-07-17 09:19:09,238 - Update1 train IDs: ['21', '23', '25']
2025-07-17 09:19:09,239 - Update1 train size: 65674
2025-07-17 09:19:09,240 - Update1 val IDs: ['19']
2025-07-17 09:19:09,241 - Update1 val size: 23120
2025-07-17 09:19:09,242 - Update2 train IDs: ['09', '11', '15', '29']
2025-07-17 09:19:09,243 - Update2 train size: 47891
2025-07-17 09:19:09,244 - Update2 val IDs: ['13']
2025-07-17 09:19:09,245 - Update2 val size: 6445
2025-07-17 09:19:17,037 - Test cell ID: 17
2025-07-17 09:19:17,038 - Test size: 22872
2025-07-17 09:19:17,039 - Test base size: 11139
2025-07-17 09:19:17,040 - Test update1 size: 6312
2025-07-17 09:19:17,042 - Test update2 size: 5421
2025-07-17 09:19:17,088 - [Scaler after fit] center_=[ 3.31975183  0.         27.55116667]
2025-07-17 09:19:17,104 - [Scaler after fit] scale_ =[0.20016217 1.86108033 1.05333333]
2025-07-17 09:19:17,105 - Resampling and scaling complete with RobustScaler
2025-07-17 09:19:19,769 - [task0] Training...
2025-07-17 09:19:19,770 - [task0] EWC active: None (no previous tasks)
2025-07-17 09:19:19,771 - [task0] This task will be stored with λ = 7780.1555769014285 (not used)
2025-07-17 09:19:19,772 - [task0] Training with alpha LWF = 0.00
2025-07-17 09:21:36,751 - Epoch 001 | task 3.8182e-02 | kd 0.0000e+00 | ewc 0.0000e+00 | val 3.7162e-04 | lr 1.00e-04 | 86.00s
2025-07-17 09:22:56,133 - Epoch 002 | task 7.2867e-03 | kd 0.0000e+00 | ewc 0.0000e+00 | val 1.0398e-03 | lr 1.00e-04 | 79.22s
2025-07-17 09:24:15,276 - Epoch 003 | task 5.3097e-03 | kd 0.0000e+00 | ewc 0.0000e+00 | val 3.9763e-04 | lr 1.00e-04 | 79.12s
2025-07-17 09:25:34,502 - Epoch 004 | task 4.3294e-03 | kd 0.0000e+00 | ewc 0.0000e+00 | val 5.3001e-04 | lr 1.00e-04 | 79.16s
2025-07-17 09:26:53,759 - Epoch 005 | task 3.4420e-03 | kd 0.0000e+00 | ewc 0.0000e+00 | val 4.4389e-04 | lr 1.00e-04 | 79.22s
2025-07-17 09:28:12,864 - Epoch 006 | task 2.6740e-03 | kd 0.0000e+00 | ewc 0.0000e+00 | val 4.3592e-04 | lr 1.00e-04 | 79.07s
2025-07-17 09:29:32,126 - Epoch 007 | task 2.0609e-03 | kd 0.0000e+00 | ewc 0.0000e+00 | val 4.5443e-04 | lr 5.00e-05 | 79.22s
2025-07-17 09:30:51,275 - Epoch 008 | task 1.6517e-03 | kd 0.0000e+00 | ewc 0.0000e+00 | val 4.0441e-04 | lr 5.00e-05 | 79.11s
2025-07-17 09:32:10,435 - Epoch 009 | task 1.4034e-03 | kd 0.0000e+00 | ewc 0.0000e+00 | val 4.0720e-04 | lr 5.00e-05 | 79.13s
2025-07-17 09:33:29,566 - Epoch 010 | task 1.1964e-03 | kd 0.0000e+00 | ewc 0.0000e+00 | val 5.0908e-04 | lr 5.00e-05 | 79.09s
2025-07-17 09:34:48,515 - Epoch 011 | task 1.0292e-03 | kd 0.0000e+00 | ewc 0.0000e+00 | val 4.2328e-04 | lr 5.00e-05 | 78.92s
2025-07-17 09:36:07,386 - Epoch 012 | task 8.7673e-04 | kd 0.0000e+00 | ewc 0.0000e+00 | val 4.3260e-04 | lr 5.00e-05 | 78.84s
2025-07-17 09:37:26,256 - Epoch 013 | task 7.6261e-04 | kd 0.0000e+00 | ewc 0.0000e+00 | val 4.6050e-04 | lr 2.50e-05 | 78.84s
2025-07-17 09:38:45,159 - Epoch 014 | task 6.8891e-04 | kd 0.0000e+00 | ewc 0.0000e+00 | val 4.3581e-04 | lr 2.50e-05 | 78.87s
2025-07-17 09:40:04,096 - Epoch 015 | task 6.5224e-04 | kd 0.0000e+00 | ewc 0.0000e+00 | val 4.0288e-04 | lr 2.50e-05 | 78.91s
2025-07-17 09:41:22,957 - Epoch 016 | task 6.1891e-04 | kd 0.0000e+00 | ewc 0.0000e+00 | val 4.0849e-04 | lr 2.50e-05 | 78.83s
2025-07-17 09:42:41,819 - Epoch 017 | task 5.8846e-04 | kd 0.0000e+00 | ewc 0.0000e+00 | val 4.4307e-04 | lr 2.50e-05 | 78.83s
2025-07-17 09:44:00,604 - Epoch 018 | task 5.6076e-04 | kd 0.0000e+00 | ewc 0.0000e+00 | val 4.2150e-04 | lr 2.50e-05 | 78.76s
2025-07-17 09:45:19,291 - Epoch 019 | task 5.3125e-04 | kd 0.0000e+00 | ewc 0.0000e+00 | val 4.3309e-04 | lr 1.25e-05 | 78.66s
2025-07-17 09:46:52,893 - Epoch 020 | task 5.0491e-04 | kd 0.0000e+00 | ewc 0.0000e+00 | val 3.9249e-04 | lr 1.25e-05 | 93.57s
2025-07-17 09:49:01,983 - Epoch 021 | task 4.9213e-04 | kd 0.0000e+00 | ewc 0.0000e+00 | val 3.9523e-04 | lr 1.25e-05 | 128.92s
2025-07-17 09:49:02,152 - Early stopping at epoch 21
2025-07-17 09:49:12,076 - [task0] Training completed.
2025-07-17 09:49:12,118 - [task0] Consolidating EWC...
2025-07-17 09:50:17,302 - [task0] Consolidation done.
2025-07-17 09:50:17,322 - [task0] Baseline evaluation on own task task0 ...
2025-07-17 09:50:23,655 - [task0 Baseline on task0] RMSE: 5.1834e-02, MAE: 4.5294e-02
2025-07-17 09:50:23,664 - [task0] Baseline testing completed.
2025-07-17 09:50:23,673 - [task0] ACC (-MAE): -4.5294e-02
2025-07-17 09:50:23,698 - [task0] Evaluating BEST checkpoint...
2025-07-17 09:50:33,801 - [task0 Evaluation on full test set] RMSE: 8.5567e-02, MAE: 6.7164e-02, R2: -0.0342
2025-07-17 09:50:33,811 - [task0] Evaluation completed.
2025-07-17 09:50:33,848 - [task1] Loading best checkpoint from previous task task0...
2025-07-17 09:50:35,750 - [task1 Pre-FWT baseline] RMSE: 5.6626e-02, MAE: 4.3428e-02
2025-07-17 09:50:35,825 - [task1] Training...
2025-07-17 09:50:35,834 - [task1] EWC active: {"Task 0": 7780.2}
2025-07-17 09:50:35,841 - [task1] This task will be stored with λ = 141.35935551752303
2025-07-17 09:50:35,848 - [task1] Training with alpha LWF = 1.92
2025-07-17 09:52:28,633 - Epoch 001 | task 9.0102e-03 | kd 5.8889e-03 | ewc 2.3662e-01 | val 1.4019e-03 | lr 1.00e-04 | 112.71s
2025-07-17 09:54:21,462 - Epoch 002 | task 6.4276e-03 | kd 3.3910e-03 | ewc 1.3694e-01 | val 1.3521e-03 | lr 1.00e-04 | 112.55s
2025-07-17 09:56:15,645 - Epoch 003 | task 4.9770e-03 | kd 2.0393e-03 | ewc 6.8606e-02 | val 8.9567e-04 | lr 1.00e-04 | 113.87s
2025-07-17 09:58:10,692 - Epoch 004 | task 4.0006e-03 | kd 1.1672e-03 | ewc 2.6404e-02 | val 7.4362e-04 | lr 1.00e-04 | 114.82s
2025-07-17 10:00:00,630 - Epoch 005 | task 3.3363e-03 | kd 6.8117e-04 | ewc 6.0397e-03 | val 6.8314e-04 | lr 1.00e-04 | 109.62s
2025-07-17 10:01:49,575 - Epoch 006 | task 3.0554e-03 | kd 5.2879e-04 | ewc 4.6211e-04 | val 5.8741e-04 | lr 1.00e-04 | 108.71s
2025-07-17 10:03:41,516 - Epoch 007 | task 2.9093e-03 | kd 5.1419e-04 | ewc 3.3410e-05 | val 5.8968e-04 | lr 1.00e-04 | 111.72s
2025-07-17 10:05:35,342 - Epoch 008 | task 2.8517e-03 | kd 5.2738e-04 | ewc 2.7155e-05 | val 5.9420e-04 | lr 1.00e-04 | 113.63s
2025-07-17 10:07:30,123 - Epoch 009 | task 2.9112e-03 | kd 5.1762e-04 | ewc 2.6734e-05 | val 7.0183e-04 | lr 1.00e-04 | 114.55s
2025-07-17 10:09:26,800 - Epoch 010 | task 2.6114e-03 | kd 5.8090e-04 | ewc 2.6295e-05 | val 6.5448e-04 | lr 1.00e-04 | 116.48s
2025-07-17 10:11:22,891 - Epoch 011 | task 2.5524e-03 | kd 5.8750e-04 | ewc 2.4912e-05 | val 7.5197e-04 | lr 1.00e-04 | 115.90s
2025-07-17 10:13:17,988 - Epoch 012 | task 2.5141e-03 | kd 5.8832e-04 | ewc 2.4102e-05 | val 7.0503e-04 | lr 5.00e-05 | 114.91s
2025-07-17 10:15:13,908 - Epoch 013 | task 2.4602e-03 | kd 5.9153e-04 | ewc 2.3685e-05 | val 7.6848e-04 | lr 5.00e-05 | 115.69s
2025-07-17 10:17:09,998 - Epoch 014 | task 2.4381e-03 | kd 5.9574e-04 | ewc 2.3295e-05 | val 7.9760e-04 | lr 5.00e-05 | 115.85s
2025-07-17 10:19:20,101 - Epoch 015 | task 2.4301e-03 | kd 5.9644e-04 | ewc 2.2776e-05 | val 8.5939e-04 | lr 5.00e-05 | 129.90s
2025-07-17 10:21:24,582 - Epoch 016 | task 2.4276e-03 | kd 5.9633e-04 | ewc 2.2329e-05 | val 6.5359e-04 | lr 5.00e-05 | 124.26s
2025-07-17 10:23:10,501 - Epoch 017 | task 2.4184e-03 | kd 5.9569e-04 | ewc 2.1965e-05 | val 1.0833e-03 | lr 5.00e-05 | 105.72s
2025-07-17 10:24:32,451 - Epoch 018 | task 2.4120e-03 | kd 5.9699e-04 | ewc 2.1824e-05 | val 9.2840e-04 | lr 2.50e-05 | 81.91s
2025-07-17 10:25:49,812 - Epoch 019 | task 2.3839e-03 | kd 5.9921e-04 | ewc 2.1694e-05 | val 1.4288e-03 | lr 2.50e-05 | 77.28s
2025-07-17 10:27:06,012 - Epoch 020 | task 2.3826e-03 | kd 5.9921e-04 | ewc 2.1478e-05 | val 1.3370e-03 | lr 2.50e-05 | 76.15s
2025-07-17 10:28:22,230 - Epoch 021 | task 2.3801e-03 | kd 5.9917e-04 | ewc 2.1287e-05 | val 1.3423e-03 | lr 2.50e-05 | 76.18s
2025-07-17 10:29:38,946 - Epoch 022 | task 2.3759e-03 | kd 6.0001e-04 | ewc 2.1151e-05 | val 1.7929e-03 | lr 2.50e-05 | 76.66s
2025-07-17 10:30:55,694 - Epoch 023 | task 2.3710e-03 | kd 6.0039e-04 | ewc 2.0800e-05 | val 1.6350e-03 | lr 2.50e-05 | 76.69s
2025-07-17 10:32:12,304 - Epoch 024 | task 2.3705e-03 | kd 6.0055e-04 | ewc 2.0776e-05 | val 1.7198e-03 | lr 1.25e-05 | 76.57s
2025-07-17 10:33:28,875 - Epoch 025 | task 2.3592e-03 | kd 6.0137e-04 | ewc 2.0623e-05 | val 1.9356e-03 | lr 1.25e-05 | 76.51s
2025-07-17 10:34:45,652 - Epoch 026 | task 2.3584e-03 | kd 6.0143e-04 | ewc 2.0524e-05 | val 1.9627e-03 | lr 1.25e-05 | 76.70s
2025-07-17 10:34:45,690 - Early stopping at epoch 26
2025-07-17 10:34:46,472 - [task1] Training completed.
2025-07-17 10:34:46,475 - [task1] Consolidating EWC...
2025-07-17 10:35:32,684 - [task1] Consolidation done.
2025-07-17 10:35:32,687 - [task1] Baseline evaluation on own task task1 ...
2025-07-17 10:35:36,666 - [task1 Baseline on task1] RMSE: 6.1407e-02, MAE: 5.5782e-02
2025-07-17 10:35:36,667 - [task1] Baseline testing completed.
2025-07-17 10:35:36,670 - [task1] Backward testing on previous task task0...
2025-07-17 10:35:41,935 - [task1 BACKWARD on task0] RMSE: 3.2856e-02, MAE: 2.7396e-02
2025-07-17 10:35:41,937 - [task1] ΔMAE on task0: -1.7899e-02
2025-07-17 10:35:41,938 - [task1] ACC (-MAE): -4.1589e-02
2025-07-17 10:35:41,940 - [task1] BWT: -1.7899e-02
2025-07-17 10:35:41,941 - [task1] FWT: -1.2355e-02
2025-07-17 10:35:41,944 - [task1] Evaluating BEST checkpoint...
2025-07-17 10:35:50,922 - [task1 Evaluation on full test set] RMSE: 8.4859e-02, MAE: 6.4598e-02, R2: -0.0172
2025-07-17 10:35:50,924 - [task1] Evaluation completed.
2025-07-17 10:35:50,927 - [task2] Loading best checkpoint from previous task task1...
2025-07-17 10:35:52,488 - [task2 Pre-FWT baseline] RMSE: 1.5680e-01, MAE: 1.5453e-01
2025-07-17 10:35:52,494 - [task2] Training...
2025-07-17 10:35:52,496 - [task2] EWC active: {"Task 0": 7780.2, "Task 1": 141.36}
2025-07-17 10:35:52,497 - [task2] This task will be stored with λ = 1000
2025-07-17 10:35:52,499 - [task2] Training with alpha LWF = 0.57
2025-07-17 10:36:46,308 - Epoch 001 | task 5.5908e-03 | kd 2.4583e-03 | ewc 1.2616e-04 | val 6.6629e-03 | lr 1.00e-04 | 53.80s
2025-07-17 10:37:39,766 - Epoch 002 | task 3.4854e-03 | kd 3.1252e-03 | ewc 1.0311e-04 | val 4.4460e-03 | lr 1.00e-04 | 53.33s
2025-07-17 10:38:33,610 - Epoch 003 | task 3.1014e-03 | kd 3.3651e-03 | ewc 8.9863e-05 | val 5.1229e-03 | lr 1.00e-04 | 53.73s
2025-07-17 10:39:27,416 - Epoch 004 | task 2.9196e-03 | kd 3.4105e-03 | ewc 8.4979e-05 | val 4.8023e-03 | lr 1.00e-04 | 53.75s
2025-07-17 10:40:21,205 - Epoch 005 | task 2.7900e-03 | kd 3.4512e-03 | ewc 8.5325e-05 | val 4.2404e-03 | lr 1.00e-04 | 53.73s
2025-07-17 10:41:14,988 - Epoch 006 | task 2.4651e-03 | kd 3.5469e-03 | ewc 8.0359e-05 | val 3.2006e-03 | lr 1.00e-04 | 53.69s
2025-07-17 10:42:08,795 - Epoch 007 | task 2.2750e-03 | kd 3.6159e-03 | ewc 7.5336e-05 | val 4.2515e-03 | lr 1.00e-04 | 53.71s
2025-07-17 10:43:02,630 - Epoch 008 | task 2.1877e-03 | kd 3.6451e-03 | ewc 7.2022e-05 | val 3.8847e-03 | lr 1.00e-04 | 53.78s
2025-07-17 10:43:56,599 - Epoch 009 | task 2.1370e-03 | kd 3.6615e-03 | ewc 6.9473e-05 | val 3.5713e-03 | lr 1.00e-04 | 53.91s
2025-07-17 10:44:50,487 - Epoch 010 | task 2.0847e-03 | kd 3.6763e-03 | ewc 6.7798e-05 | val 3.0280e-03 | lr 1.00e-04 | 53.82s
2025-07-17 10:45:44,944 - Epoch 011 | task 2.0503e-03 | kd 3.6709e-03 | ewc 6.6318e-05 | val 4.2130e-03 | lr 1.00e-04 | 54.34s
2025-07-17 10:46:38,622 - Epoch 012 | task 1.9719e-03 | kd 3.7090e-03 | ewc 6.4736e-05 | val 2.9272e-03 | lr 1.00e-04 | 53.63s
2025-07-17 10:47:32,088 - Epoch 013 | task 1.9723e-03 | kd 3.7086e-03 | ewc 6.3324e-05 | val 2.9171e-03 | lr 1.00e-04 | 53.33s
2025-07-17 10:48:25,554 - Epoch 014 | task 1.9114e-03 | kd 3.7369e-03 | ewc 6.2054e-05 | val 3.2437e-03 | lr 1.00e-04 | 53.38s
2025-07-17 10:49:19,803 - Epoch 015 | task 1.8890e-03 | kd 3.7497e-03 | ewc 6.1149e-05 | val 3.9528e-03 | lr 1.00e-04 | 53.74s
2025-07-17 10:50:13,465 - Epoch 016 | task 1.8768e-03 | kd 3.7484e-03 | ewc 6.0132e-05 | val 2.7133e-03 | lr 1.00e-04 | 53.61s
2025-07-17 10:51:08,523 - Epoch 017 | task 1.8470e-03 | kd 3.7553e-03 | ewc 5.9772e-05 | val 2.5304e-03 | lr 1.00e-04 | 54.96s
2025-07-17 10:52:23,674 - Epoch 018 | task 1.8216e-03 | kd 3.7786e-03 | ewc 5.8977e-05 | val 3.6721e-03 | lr 1.00e-04 | 74.98s
2025-07-17 10:53:17,591 - Epoch 019 | task 1.8423e-03 | kd 3.7724e-03 | ewc 5.8657e-05 | val 3.3292e-03 | lr 1.00e-04 | 53.77s
2025-07-17 10:54:28,839 - Epoch 020 | task 1.7659e-03 | kd 3.7949e-03 | ewc 5.8882e-05 | val 4.3142e-03 | lr 1.00e-04 | 71.21s
2025-07-17 10:55:47,709 - Epoch 021 | task 1.8387e-03 | kd 3.7838e-03 | ewc 5.8918e-05 | val 2.6612e-03 | lr 1.00e-04 | 78.65s
2025-07-17 10:56:56,620 - Epoch 022 | task 1.8298e-03 | kd 3.8027e-03 | ewc 5.9531e-05 | val 2.3445e-03 | lr 1.00e-04 | 68.72s
2025-07-17 10:57:55,164 - Epoch 023 | task 1.7704e-03 | kd 3.8082e-03 | ewc 5.9318e-05 | val 2.7714e-03 | lr 1.00e-04 | 58.43s
2025-07-17 10:58:56,065 - Epoch 024 | task 1.8038e-03 | kd 3.8123e-03 | ewc 5.9519e-05 | val 4.6190e-03 | lr 1.00e-04 | 60.77s
2025-07-17 10:59:49,125 - Epoch 025 | task 1.9657e-03 | kd 3.8272e-03 | ewc 6.0855e-05 | val 3.1428e-03 | lr 1.00e-04 | 53.01s
2025-07-17 11:00:42,265 - Epoch 026 | task 1.8380e-03 | kd 3.8094e-03 | ewc 6.1573e-05 | val 2.3597e-03 | lr 1.00e-04 | 53.09s
2025-07-17 11:01:35,628 - Epoch 027 | task 1.6993e-03 | kd 3.8469e-03 | ewc 5.8403e-05 | val 2.1677e-03 | lr 1.00e-04 | 53.31s
2025-07-17 11:02:28,957 - Epoch 028 | task 1.7426e-03 | kd 3.8411e-03 | ewc 5.7959e-05 | val 2.8171e-03 | lr 1.00e-04 | 53.22s
2025-07-17 11:03:22,194 - Epoch 029 | task 1.6676e-03 | kd 3.8387e-03 | ewc 5.8157e-05 | val 2.2653e-03 | lr 1.00e-04 | 53.19s
2025-07-17 11:04:15,746 - Epoch 030 | task 1.7494e-03 | kd 3.8416e-03 | ewc 5.8038e-05 | val 2.1522e-03 | lr 1.00e-04 | 53.08s
2025-07-17 11:05:08,908 - Epoch 031 | task 1.6685e-03 | kd 3.8532e-03 | ewc 5.7365e-05 | val 2.3630e-03 | lr 1.00e-04 | 53.05s
2025-07-17 11:06:02,519 - Epoch 032 | task 1.6566e-03 | kd 3.8622e-03 | ewc 5.6825e-05 | val 2.5260e-03 | lr 1.00e-04 | 53.43s
2025-07-17 11:06:55,642 - Epoch 033 | task 1.6129e-03 | kd 3.8654e-03 | ewc 5.5793e-05 | val 2.1158e-03 | lr 1.00e-04 | 52.90s
2025-07-17 11:07:49,250 - Epoch 034 | task 1.6162e-03 | kd 3.8670e-03 | ewc 5.5111e-05 | val 2.5297e-03 | lr 1.00e-04 | 53.45s
2025-07-17 11:08:41,496 - Epoch 035 | task 1.6042e-03 | kd 3.8759e-03 | ewc 5.4388e-05 | val 2.1922e-03 | lr 1.00e-04 | 52.16s
2025-07-17 11:09:33,474 - Epoch 036 | task 1.7153e-03 | kd 3.8620e-03 | ewc 5.5199e-05 | val 2.2767e-03 | lr 1.00e-04 | 51.78s
2025-07-17 11:10:25,461 - Epoch 037 | task 1.6819e-03 | kd 3.8802e-03 | ewc 5.5799e-05 | val 2.0741e-03 | lr 1.00e-04 | 51.95s
2025-07-17 11:11:18,438 - Epoch 038 | task 1.6041e-03 | kd 3.8794e-03 | ewc 5.4516e-05 | val 1.9589e-03 | lr 1.00e-04 | 52.65s
2025-07-17 11:12:13,900 - Epoch 039 | task 1.6194e-03 | kd 3.8624e-03 | ewc 5.3782e-05 | val 2.3194e-03 | lr 1.00e-04 | 55.31s
2025-07-17 11:13:10,653 - Epoch 040 | task 1.5642e-03 | kd 3.8793e-03 | ewc 5.3195e-05 | val 1.8013e-03 | lr 1.00e-04 | 56.58s
2025-07-17 11:14:05,247 - Epoch 041 | task 1.5928e-03 | kd 3.8859e-03 | ewc 5.3254e-05 | val 1.7876e-03 | lr 1.00e-04 | 54.40s
2025-07-17 11:14:57,151 - Epoch 042 | task 1.7519e-03 | kd 3.8822e-03 | ewc 5.7176e-05 | val 2.0358e-03 | lr 1.00e-04 | 51.79s
2025-07-17 11:15:49,846 - Epoch 043 | task 1.8363e-03 | kd 3.8334e-03 | ewc 5.4626e-05 | val 2.1079e-03 | lr 1.00e-04 | 52.60s
2025-07-17 11:16:41,494 - Epoch 044 | task 1.5472e-03 | kd 3.8918e-03 | ewc 5.2028e-05 | val 1.8620e-03 | lr 1.00e-04 | 51.60s
2025-07-17 11:17:33,108 - Epoch 045 | task 1.6086e-03 | kd 3.8787e-03 | ewc 5.1795e-05 | val 1.8465e-03 | lr 1.00e-04 | 51.57s
2025-07-17 11:18:24,869 - Epoch 046 | task 1.5964e-03 | kd 3.8812e-03 | ewc 5.1587e-05 | val 1.7290e-03 | lr 1.00e-04 | 51.72s
2025-07-17 11:19:23,042 - Epoch 047 | task 1.5558e-03 | kd 3.8899e-03 | ewc 5.1223e-05 | val 1.4804e-03 | lr 1.00e-04 | 58.07s
2025-07-17 11:20:19,624 - Epoch 048 | task 1.5769e-03 | kd 3.8879e-03 | ewc 5.1042e-05 | val 1.7635e-03 | lr 1.00e-04 | 56.44s
2025-07-17 11:21:16,898 - Epoch 049 | task 2.8394e-03 | kd 3.4871e-03 | ewc 5.8474e-05 | val 2.4468e-03 | lr 1.00e-04 | 57.20s
2025-07-17 11:22:09,910 - Epoch 050 | task 1.7741e-03 | kd 3.7927e-03 | ewc 5.7036e-05 | val 2.5913e-03 | lr 1.00e-04 | 52.96s
2025-07-17 11:23:02,236 - Epoch 051 | task 1.6159e-03 | kd 3.8617e-03 | ewc 5.4680e-05 | val 2.0243e-03 | lr 1.00e-04 | 52.26s
2025-07-17 11:23:56,159 - Epoch 052 | task 1.5783e-03 | kd 3.8740e-03 | ewc 5.3949e-05 | val 1.8367e-03 | lr 1.00e-04 | 53.88s
2025-07-17 11:24:48,315 - Epoch 053 | task 1.5901e-03 | kd 3.8800e-03 | ewc 5.3428e-05 | val 2.8709e-03 | lr 5.00e-05 | 52.10s
2025-07-17 11:25:41,399 - Epoch 054 | task 1.5621e-03 | kd 3.9016e-03 | ewc 5.4458e-05 | val 1.8034e-03 | lr 5.00e-05 | 53.04s
2025-07-17 11:26:34,096 - Epoch 055 | task 1.4893e-03 | kd 3.8973e-03 | ewc 5.2485e-05 | val 2.5276e-03 | lr 5.00e-05 | 52.64s
2025-07-17 11:27:27,259 - Epoch 056 | task 1.5005e-03 | kd 3.8935e-03 | ewc 5.1650e-05 | val 1.9801e-03 | lr 5.00e-05 | 53.12s
2025-07-17 11:28:20,362 - Epoch 057 | task 1.4842e-03 | kd 3.9007e-03 | ewc 5.0715e-05 | val 2.1126e-03 | lr 5.00e-05 | 53.05s
2025-07-17 11:29:14,521 - Epoch 058 | task 1.5018e-03 | kd 3.8967e-03 | ewc 5.0134e-05 | val 1.8318e-03 | lr 5.00e-05 | 54.08s
2025-07-17 11:30:12,988 - Epoch 059 | task 1.5129e-03 | kd 3.8867e-03 | ewc 4.9709e-05 | val 2.1175e-03 | lr 2.50e-05 | 58.42s
2025-07-17 11:31:13,905 - Epoch 060 | task 1.4542e-03 | kd 3.9034e-03 | ewc 4.9188e-05 | val 1.7529e-03 | lr 2.50e-05 | 60.76s
2025-07-17 11:32:13,704 - Epoch 061 | task 1.4503e-03 | kd 3.9109e-03 | ewc 4.8775e-05 | val 1.9778e-03 | lr 2.50e-05 | 59.72s
2025-07-17 11:33:08,931 - Epoch 062 | task 1.4574e-03 | kd 3.9049e-03 | ewc 4.8293e-05 | val 2.0743e-03 | lr 2.50e-05 | 55.10s
2025-07-17 11:34:02,235 - Epoch 063 | task 1.4545e-03 | kd 3.9099e-03 | ewc 4.7974e-05 | val 1.8763e-03 | lr 2.50e-05 | 53.26s
2025-07-17 11:35:07,859 - Epoch 064 | task 1.4474e-03 | kd 3.9117e-03 | ewc 4.7619e-05 | val 1.9190e-03 | lr 2.50e-05 | 65.55s
2025-07-17 11:36:17,436 - Epoch 065 | task 1.4468e-03 | kd 3.9096e-03 | ewc 4.7255e-05 | val 1.8404e-03 | lr 1.25e-05 | 69.42s
2025-07-17 11:37:19,358 - Epoch 066 | task 1.4435e-03 | kd 3.9100e-03 | ewc 4.6948e-05 | val 1.9781e-03 | lr 1.25e-05 | 61.76s
2025-07-17 11:38:31,465 - Epoch 067 | task 1.4321e-03 | kd 3.9174e-03 | ewc 4.6797e-05 | val 2.1385e-03 | lr 1.25e-05 | 71.94s
2025-07-17 11:38:31,554 - Early stopping at epoch 67
2025-07-17 11:38:32,685 - [task2] Training completed.
2025-07-17 11:38:32,695 - [task2] Consolidating EWC...
2025-07-17 11:39:06,214 - [task2] Consolidation done.
2025-07-17 11:39:06,235 - [task2] Baseline evaluation on own task task2 ...
2025-07-17 11:39:10,861 - [task2 Baseline on task2] RMSE: 1.1000e-02, MAE: 7.4977e-03
2025-07-17 11:39:10,870 - [task2] Baseline testing completed.
2025-07-17 11:39:10,899 - [task2] Backward testing on previous task task0...
2025-07-17 11:39:16,813 - [task2 BACKWARD on task0] RMSE: 2.9275e-02, MAE: 2.5918e-02
2025-07-17 11:39:16,840 - [task2] Backward testing on previous task task1...
2025-07-17 11:39:21,471 - [task2 BACKWARD on task1] RMSE: 2.2559e-02, MAE: 1.8300e-02
2025-07-17 11:39:21,480 - [task2] ΔMAE on task0: -1.9376e-02
2025-07-17 11:39:21,489 - [task2] ΔMAE on task1: -3.7483e-02
2025-07-17 11:39:21,496 - [task2] ACC (-MAE): -1.7239e-02
2025-07-17 11:39:21,505 - [task2] BWT: -2.8429e-02
2025-07-17 11:39:21,513 - [task2] FWT: +1.4703e-01
2025-07-17 11:39:21,535 - [task2] Evaluating BEST checkpoint...
2025-07-17 11:39:30,689 - [task2 Evaluation on full test set] RMSE: 2.4093e-02, MAE: 1.9422e-02, R2: 0.9180
2025-07-17 11:39:30,699 - [task2] Evaluation completed.
2025-07-17 11:39:30,779 - Saved ACC/BWT/FWT history to /beegfs/home/users/z/zzhuqshun/Thesis/05_Final/3inputs/model/ewc_lwf/incremental/continual_metrics.csv
2025-07-17 11:39:31,726 - ==== All tasks completed ====
